2025-10-13 00:57:28,715 INFO Starting analysis master script
2025-10-13 00:57:28,716 INFO Running group_advantage pipeline
2025-10-13 00:57:28,716 INFO Timing: group_advantage.raw_data_cleaning
2025-10-13 00:57:28,716 INFO Running R script /Users/xehu/Desktop/task-mapping/analysis/analysis_group_advantage/raw_data_cleaning.R
2025-10-13 00:57:28,716 INFO Running command: /usr/local/bin/Rscript -e set.seed(as.integer(Sys.getenv('ANALYSIS_SEED', '19104'))); source('raw_data_cleaning.R') (cwd=/Users/xehu/Desktop/task-mapping/analysis/analysis_group_advantage)
2025-10-13 00:57:28,817 INFO 
2025-10-13 00:57:28,817 INFO Attaching package: ‘pls’
2025-10-13 00:57:28,817 INFO 
2025-10-13 00:57:28,817 INFO The following object is masked from ‘package:stats’:
2025-10-13 00:57:28,817 INFO 
2025-10-13 00:57:28,817 INFO     loadings
2025-10-13 00:57:28,817 INFO 
2025-10-13 00:57:28,821 INFO randomForest 4.7-1.2
2025-10-13 00:57:28,821 INFO Type rfNews() to see new features/changes/bug fixes.
2025-10-13 00:57:29,173 INFO Loading required package: ggplot2
2025-10-13 00:57:29,371 INFO 
2025-10-13 00:57:29,371 INFO Attaching package: ‘ggplot2’
2025-10-13 00:57:29,371 INFO 
2025-10-13 00:57:29,371 INFO The following object is masked from ‘package:randomForest’:
2025-10-13 00:57:29,371 INFO 
2025-10-13 00:57:29,371 INFO     margin
2025-10-13 00:57:29,371 INFO 
2025-10-13 00:57:29,371 INFO Loading required package: lattice
2025-10-13 00:57:29,626 INFO 
2025-10-13 00:57:29,626 INFO Attaching package: ‘caret’
2025-10-13 00:57:29,626 INFO 
2025-10-13 00:57:29,626 INFO The following object is masked from ‘package:pls’:
2025-10-13 00:57:29,626 INFO 
2025-10-13 00:57:29,626 INFO     R2
2025-10-13 00:57:29,626 INFO 
2025-10-13 00:57:29,627 INFO Loading required package: foreach
2025-10-13 00:57:29,628 INFO Loading required package: iterators
2025-10-13 00:57:29,630 INFO Loading required package: parallel
2025-10-13 00:57:29,722 INFO Registering fonts with R
2025-10-13 00:57:29,769 INFO 
2025-10-13 00:57:29,769 INFO Please cite as:
2025-10-13 00:57:29,769 INFO 
2025-10-13 00:57:29,769 INFO  Hlavac, Marek (2022). stargazer: Well-Formatted Regression and Summary Statistics Tables.
2025-10-13 00:57:29,769 INFO  R package version 5.2.3. https://CRAN.R-project.org/package=stargazer
2025-10-13 00:57:29,769 INFO 
2025-10-13 00:57:29,816 INFO ── Attaching core tidyverse packages ──────────────────────── tidyverse 2.0.0 ──
2025-10-13 00:57:29,817 INFO ✔ dplyr     1.1.4     ✔ readr     2.1.5
2025-10-13 00:57:29,817 INFO ✔ forcats   1.0.1     ✔ stringr   1.5.2
2025-10-13 00:57:29,817 INFO ✔ lubridate 1.9.4     ✔ tibble    3.3.0
2025-10-13 00:57:29,817 INFO ✔ purrr     1.1.0     ✔ tidyr     1.3.1
2025-10-13 00:57:29,850 INFO ── Conflicts ────────────────────────────────────────── tidyverse_conflicts() ──
2025-10-13 00:57:29,850 INFO ✖ purrr::accumulate() masks foreach::accumulate()
2025-10-13 00:57:29,850 INFO ✖ dplyr::combine()    masks randomForest::combine()
2025-10-13 00:57:29,850 INFO ✖ dplyr::filter()     masks stats::filter()
2025-10-13 00:57:29,850 INFO ✖ purrr::flatten()    masks jsonlite::flatten()
2025-10-13 00:57:29,850 INFO ✖ dplyr::lag()        masks stats::lag()
2025-10-13 00:57:29,850 INFO ✖ purrr::lift()       masks caret::lift()
2025-10-13 00:57:29,850 INFO ✖ ggplot2::margin()   masks randomForest::margin()
2025-10-13 00:57:29,850 INFO ✖ dplyr::slice()      masks xgboost::slice()
2025-10-13 00:57:29,850 INFO ✖ purrr::when()       masks foreach::when()
2025-10-13 00:57:29,850 INFO ℹ Use the conflicted package (<http://conflicted.r-lib.org/>) to force all conflicts to become errors
2025-10-13 00:57:29,862 INFO Scanning ttf files in /Library/Fonts/, /System/Library/Fonts, /System/Library/Fonts/Supplemental, ~/Library/Fonts/ ...
2025-10-13 00:57:29,862 INFO Extracting .afm files from .ttf files...
2025-10-13 00:57:32,442 INFO /System/Library/Fonts/Supplemental/Arial Unicode.ttf : ArialUnicodeMS already registered in fonts database. Skipping.
2025-10-13 00:57:32,519 INFO /System/Library/Fonts/Apple Braille Outline 6 Dot.ttf : AppleBraille-Outline6Dot already registered in fonts database. Skipping.
2025-10-13 00:57:32,604 INFO /System/Library/Fonts/Apple Braille Outline 8 Dot.ttf : AppleBraille-Outline8Dot already registered in fonts database. Skipping.
2025-10-13 00:57:32,656 INFO /System/Library/Fonts/Apple Braille Pinpoint 6 Dot.ttf : AppleBraille-Pinpoint6Dot already registered in fonts database. Skipping.
2025-10-13 00:57:32,710 INFO /System/Library/Fonts/Apple Braille Pinpoint 8 Dot.ttf : AppleBraille-Pinpoint8Dot already registered in fonts database. Skipping.
2025-10-13 00:57:32,745 INFO /System/Library/Fonts/Apple Braille.ttf : AppleBraille already registered in fonts database. Skipping.
2025-10-13 00:57:32,773 INFO /System/Library/Fonts/Apple Symbols.ttf : No FontName. Skipping.
2025-10-13 00:57:32,792 INFO /System/Library/Fonts/Geneva.ttf : No FontName. Skipping.
2025-10-13 00:57:32,807 INFO /System/Library/Fonts/Keyboard.ttf : -Keyboard already registered in fonts database. Skipping.
2025-10-13 00:57:32,858 INFO /System/Library/Fonts/Monaco.ttf : No FontName. Skipping.
2025-10-13 00:57:32,946 INFO /System/Library/Fonts/NewYork.ttf : -NewYork-Regular already registered in fonts database. Skipping.
2025-10-13 00:57:33,023 INFO /System/Library/Fonts/NewYorkItalic.ttf : -NewYork-RegularItalic already registered in fonts database. Skipping.
2025-10-13 00:57:33,103 INFO /System/Library/Fonts/SFArabic.ttf : -SFArabic-Regular already registered in fonts database. Skipping.
2025-10-13 00:57:33,205 INFO /System/Library/Fonts/SFArabicRounded.ttf : -SFArabicRounded-Regular already registered in fonts database. Skipping.
2025-10-13 00:57:33,218 INFO /System/Library/Fonts/SFArmenian.ttf : -SFArmenian-Regular already registered in fonts database. Skipping.
2025-10-13 00:57:33,233 INFO /System/Library/Fonts/SFArmenianRounded.ttf : -SFArmenianRounded-Regular already registered in fonts database. Skipping.
2025-10-13 00:57:33,250 INFO /System/Library/Fonts/SFCamera.ttf : --SFCamera-Regular already registered in fonts database. Skipping.
2025-10-13 00:57:33,352 INFO /System/Library/Fonts/SFCompact.ttf : -SFCompact-Black already registered in fonts database. Skipping.
2025-10-13 00:57:33,435 INFO /System/Library/Fonts/SFCompactItalic.ttf : -SFCompact-BlackItalic already registered in fonts database. Skipping.
2025-10-13 00:57:33,541 INFO /System/Library/Fonts/SFCompactRounded.ttf : --SFCompactRounded-Regular already registered in fonts database. Skipping.
2025-10-13 00:57:33,556 INFO /System/Library/Fonts/SFGeorgian.ttf : -SFGeorgian-Regular already registered in fonts database. Skipping.
2025-10-13 00:57:33,572 INFO /System/Library/Fonts/SFGeorgianRounded.ttf : -SFGeorgianRounded-Regular already registered in fonts database. Skipping.
2025-10-13 00:57:33,582 INFO /System/Library/Fonts/SFHebrew.ttf : -SFHebrew-Regular already registered in fonts database. Skipping.
2025-10-13 00:57:33,592 INFO /System/Library/Fonts/SFHebrewRounded.ttf : -SFHebrewRounded-Regular already registered in fonts database. Skipping.
2025-10-13 00:57:33,713 INFO /System/Library/Fonts/SFNS.ttf : -SFNS-Regular already registered in fonts database. Skipping.
2025-10-13 00:57:33,796 INFO /System/Library/Fonts/SFNSItalic.ttf : -SFNS-RegularItalic already registered in fonts database. Skipping.
2025-10-13 00:57:33,849 INFO /System/Library/Fonts/SFNSMono.ttf : -SFNSMono-Light already registered in fonts database. Skipping.
2025-10-13 00:57:33,897 INFO /System/Library/Fonts/SFNSMonoItalic.ttf : -SFNSMono-LightItalic already registered in fonts database. Skipping.
2025-10-13 00:57:33,993 INFO /System/Library/Fonts/SFNSRounded.ttf : -SFNSRounded-Regular already registered in fonts database. Skipping.
2025-10-13 00:57:34,051 INFO /System/Library/Fonts/Supplemental/Academy Engraved LET Fonts.ttf : AcademyEngravedLetPlain already registered in fonts database. Skipping.
2025-10-13 00:57:34,107 INFO /System/Library/Fonts/Supplemental/Academy Engraved LET Fonts.ttf : AcademyEngravedLetPlain already registered in fonts database. Skipping.
2025-10-13 00:57:34,125 INFO /System/Library/Fonts/Supplemental/Andale Mono.ttf : AndaleMono already registered in fonts database. Skipping.
2025-10-13 00:57:34,140 INFO /System/Library/Fonts/Supplemental/Andale Mono.ttf : AndaleMono already registered in fonts database. Skipping.
2025-10-13 00:57:34,184 INFO /System/Library/Fonts/Supplemental/Apple Chancery.ttf : No FontName. Skipping.
2025-10-13 00:57:34,227 INFO /System/Library/Fonts/Supplemental/Apple Chancery.ttf : No FontName. Skipping.
2025-10-13 00:57:37,677 INFO /System/Library/Fonts/Supplemental/AppleGothic.ttf : No FontName. Skipping.
2025-10-13 00:57:41,036 INFO /System/Library/Fonts/Supplemental/AppleGothic.ttf : No FontName. Skipping.
2025-10-13 00:57:45,190 INFO /System/Library/Fonts/Supplemental/AppleMyungjo.ttf : AppleMyungjo already registered in fonts database. Skipping.
2025-10-13 00:57:49,340 INFO /System/Library/Fonts/Supplemental/AppleMyungjo.ttf : AppleMyungjo already registered in fonts database. Skipping.
2025-10-13 00:57:49,361 INFO /System/Library/Fonts/Supplemental/Arial Black.ttf : Arial-Black already registered in fonts database. Skipping.
2025-10-13 00:57:49,383 INFO /System/Library/Fonts/Supplemental/Arial Black.ttf : Arial-Black already registered in fonts database. Skipping.
2025-10-13 00:57:49,452 INFO /System/Library/Fonts/Supplemental/Arial Bold Italic.ttf : Arial-BoldItalicMT already registered in fonts database. Skipping.
2025-10-13 00:57:49,522 INFO /System/Library/Fonts/Supplemental/Arial Bold Italic.ttf : Arial-BoldItalicMT already registered in fonts database. Skipping.
2025-10-13 00:57:49,668 INFO /System/Library/Fonts/Supplemental/Arial Bold.ttf : Arial-BoldMT already registered in fonts database. Skipping.
2025-10-13 00:57:49,776 INFO /System/Library/Fonts/Supplemental/Arial Bold.ttf : Arial-BoldMT already registered in fonts database. Skipping.
2025-10-13 00:57:49,851 INFO /System/Library/Fonts/Supplemental/Arial Italic.ttf : Arial-ItalicMT already registered in fonts database. Skipping.
2025-10-13 00:57:49,927 INFO /System/Library/Fonts/Supplemental/Arial Italic.ttf : Arial-ItalicMT already registered in fonts database. Skipping.
2025-10-13 00:57:49,947 INFO /System/Library/Fonts/Supplemental/Arial Narrow Bold Italic.ttf : ArialNarrow-BoldItalic already registered in fonts database. Skipping.
2025-10-13 00:57:49,967 INFO /System/Library/Fonts/Supplemental/Arial Narrow Bold Italic.ttf : ArialNarrow-BoldItalic already registered in fonts database. Skipping.
2025-10-13 00:57:49,989 INFO /System/Library/Fonts/Supplemental/Arial Narrow Bold.ttf : ArialNarrow-Bold already registered in fonts database. Skipping.
2025-10-13 00:57:50,011 INFO /System/Library/Fonts/Supplemental/Arial Narrow Bold.ttf : ArialNarrow-Bold already registered in fonts database. Skipping.
2025-10-13 00:57:50,031 INFO /System/Library/Fonts/Supplemental/Arial Narrow Italic.ttf : ArialNarrow-Italic already registered in fonts database. Skipping.
2025-10-13 00:57:50,052 INFO /System/Library/Fonts/Supplemental/Arial Narrow Italic.ttf : ArialNarrow-Italic already registered in fonts database. Skipping.
2025-10-13 00:57:50,072 INFO /System/Library/Fonts/Supplemental/Arial Narrow.ttf : ArialNarrow already registered in fonts database. Skipping.
2025-10-13 00:57:50,093 INFO /System/Library/Fonts/Supplemental/Arial Narrow.ttf : ArialNarrow already registered in fonts database. Skipping.
2025-10-13 00:57:50,111 INFO /System/Library/Fonts/Supplemental/Arial Rounded Bold.ttf : ArialRoundedMTBold already registered in fonts database. Skipping.
2025-10-13 00:57:50,129 INFO /System/Library/Fonts/Supplemental/Arial Rounded Bold.ttf : ArialRoundedMTBold already registered in fonts database. Skipping.
2025-10-13 00:57:52,699 INFO /System/Library/Fonts/Supplemental/Arial Unicode.ttf : ArialUnicodeMS already registered in fonts database. Skipping.
2025-10-13 00:57:55,292 INFO /System/Library/Fonts/Supplemental/Arial Unicode.ttf : ArialUnicodeMS already registered in fonts database. Skipping.
2025-10-13 00:57:55,425 INFO /System/Library/Fonts/Supplemental/Arial.ttf : ArialMT already registered in fonts database. Skipping.
2025-10-13 00:57:55,545 INFO /System/Library/Fonts/Supplemental/Arial.ttf : ArialMT already registered in fonts database. Skipping.
2025-10-13 00:57:55,583 INFO /System/Library/Fonts/Supplemental/Ayuthaya.ttf : No FontName. Skipping.
2025-10-13 00:57:55,625 INFO /System/Library/Fonts/Supplemental/Ayuthaya.ttf : No FontName. Skipping.
2025-10-13 00:57:55,767 INFO /System/Library/Fonts/Supplemental/BigCaslon.ttf : No FontName. Skipping.
2025-10-13 00:57:55,908 INFO /System/Library/Fonts/Supplemental/BigCaslon.ttf : No FontName. Skipping.
2025-10-13 00:57:55,930 INFO /System/Library/Fonts/Supplemental/Bodoni 72 Smallcaps Book.ttf : BodoniSvtyTwoSCITCTT-Book already registered in fonts database. Skipping.
2025-10-13 00:57:55,951 INFO /System/Library/Fonts/Supplemental/Bodoni 72 Smallcaps Book.ttf : BodoniSvtyTwoSCITCTT-Book already registered in fonts database. Skipping.
2025-10-13 00:57:55,980 INFO /System/Library/Fonts/Supplemental/Bodoni Ornaments.ttf : BodoniOrnamentsITCTT already registered in fonts database. Skipping.
2025-10-13 00:57:56,010 INFO /System/Library/Fonts/Supplemental/Bodoni Ornaments.ttf : BodoniOrnamentsITCTT already registered in fonts database. Skipping.
2025-10-13 00:57:56,286 INFO /System/Library/Fonts/Supplemental/Bradley Hand Bold.ttf : Bradley-Hand-Bold already registered in fonts database. Skipping.
2025-10-13 00:57:56,563 INFO /System/Library/Fonts/Supplemental/Bradley Hand Bold.ttf : Bradley-Hand-Bold already registered in fonts database. Skipping.
2025-10-13 00:57:56,728 INFO /System/Library/Fonts/Supplemental/Brush Script.ttf : BrushScriptMT already registered in fonts database. Skipping.
2025-10-13 00:57:56,895 INFO /System/Library/Fonts/Supplemental/Brush Script.ttf : BrushScriptMT already registered in fonts database. Skipping.
2025-10-13 00:57:56,913 INFO /System/Library/Fonts/Supplemental/Chalkduster.ttfsh: line 1: 38050 Abort trap: 6           '/Library/Frameworks/R.framework/Versions/4.5-arm64/Resources/library/Rttf2pt1/exec//ttf2pt1' -a -GfAe '/System/Library/Fonts/Supplemental/Chalkduster.ttf' '/var/folders/73/jl9lgbkj511fwjxkl9cvw7q00000gq/T//RtmpdeynCl/fonts/Chalkduster' 2>&1
2025-10-13 00:57:56,913 INFO  : No FontName. Skipping.
2025-10-13 00:57:56,930 INFO /System/Library/Fonts/Supplemental/Chalkduster.ttfsh: line 1: 38052 Abort trap: 6           '/Library/Frameworks/R.framework/Versions/4.5-arm64/Resources/library/Rttf2pt1/exec//ttf2pt1' -a -GfAe '/System/Library/Fonts/Supplemental/Chalkduster.ttf' '/var/folders/73/jl9lgbkj511fwjxkl9cvw7q00000gq/T//RtmpdeynCl/fonts/Chalkduster' 2>&1
2025-10-13 00:57:56,930 INFO  : No FontName. Skipping.
2025-10-13 00:57:56,991 INFO /System/Library/Fonts/Supplemental/Comic Sans MS Bold.ttf : ComicSansMS-Bold already registered in fonts database. Skipping.
2025-10-13 00:57:57,052 INFO /System/Library/Fonts/Supplemental/Comic Sans MS Bold.ttf : ComicSansMS-Bold already registered in fonts database. Skipping.
2025-10-13 00:57:57,100 INFO /System/Library/Fonts/Supplemental/Comic Sans MS.ttf : ComicSansMS already registered in fonts database. Skipping.
2025-10-13 00:57:57,148 INFO /System/Library/Fonts/Supplemental/Comic Sans MS.ttf : ComicSansMS already registered in fonts database. Skipping.
2025-10-13 00:57:57,249 INFO /System/Library/Fonts/Supplemental/Courier New Bold Italic.ttf : CourierNewPS-BoldItalicMT already registered in fonts database. Skipping.
2025-10-13 00:57:57,353 INFO /System/Library/Fonts/Supplemental/Courier New Bold Italic.ttf : CourierNewPS-BoldItalicMT already registered in fonts database. Skipping.
2025-10-13 00:57:57,481 INFO /System/Library/Fonts/Supplemental/Courier New Bold.ttf : CourierNewPS-BoldMT already registered in fonts database. Skipping.
2025-10-13 00:57:57,604 INFO /System/Library/Fonts/Supplemental/Courier New Bold.ttf : CourierNewPS-BoldMT already registered in fonts database. Skipping.
2025-10-13 00:57:57,699 INFO /System/Library/Fonts/Supplemental/Courier New Italic.ttf : CourierNewPS-ItalicMT already registered in fonts database. Skipping.
2025-10-13 00:57:57,792 INFO /System/Library/Fonts/Supplemental/Courier New Italic.ttf : CourierNewPS-ItalicMT already registered in fonts database. Skipping.
2025-10-13 00:57:57,904 INFO /System/Library/Fonts/Supplemental/Courier New.ttf : CourierNewPSMT already registered in fonts database. Skipping.
2025-10-13 00:57:58,014 INFO /System/Library/Fonts/Supplemental/Courier New.ttf : CourierNewPSMT already registered in fonts database. Skipping.
2025-10-13 00:57:58,069 INFO /System/Library/Fonts/Supplemental/DIN Alternate Bold.ttf : DINAlternate-Bold already registered in fonts database. Skipping.
2025-10-13 00:57:58,125 INFO /System/Library/Fonts/Supplemental/DIN Alternate Bold.ttf : DINAlternate-Bold already registered in fonts database. Skipping.
2025-10-13 00:57:58,192 INFO /System/Library/Fonts/Supplemental/DIN Condensed Bold.ttf : DINCondensed-Bold already registered in fonts database. Skipping.
2025-10-13 00:57:58,259 INFO /System/Library/Fonts/Supplemental/DIN Condensed Bold.ttf : DINCondensed-Bold already registered in fonts database. Skipping.
2025-10-13 00:57:58,415 INFO /System/Library/Fonts/Supplemental/Diwan Thuluth.ttf : No FontName. Skipping.
2025-10-13 00:57:58,571 INFO /System/Library/Fonts/Supplemental/Diwan Thuluth.ttf : No FontName. Skipping.
2025-10-13 00:57:58,684 INFO /System/Library/Fonts/Supplemental/Farisi.ttf : No FontName. Skipping.
2025-10-13 00:57:58,797 INFO /System/Library/Fonts/Supplemental/Farisi.ttf : No FontName. Skipping.
2025-10-13 00:57:58,879 INFO /System/Library/Fonts/Supplemental/Georgia Bold Italic.ttf : Georgia-BoldItalic already registered in fonts database. Skipping.
2025-10-13 00:57:58,962 INFO /System/Library/Fonts/Supplemental/Georgia Bold Italic.ttf : Georgia-BoldItalic already registered in fonts database. Skipping.
2025-10-13 00:57:59,049 INFO /System/Library/Fonts/Supplemental/Georgia Bold.ttf : Georgia-Bold already registered in fonts database. Skipping.
2025-10-13 00:57:59,135 INFO /System/Library/Fonts/Supplemental/Georgia Bold.ttf : Georgia-Bold already registered in fonts database. Skipping.
2025-10-13 00:57:59,217 INFO /System/Library/Fonts/Supplemental/Georgia Italic.ttf : Georgia-Italic already registered in fonts database. Skipping.
2025-10-13 00:57:59,297 INFO /System/Library/Fonts/Supplemental/Georgia Italic.ttf : Georgia-Italic already registered in fonts database. Skipping.
2025-10-13 00:57:59,386 INFO /System/Library/Fonts/Supplemental/Georgia.ttf : Georgia already registered in fonts database. Skipping.
2025-10-13 00:57:59,475 INFO /System/Library/Fonts/Supplemental/Georgia.ttf : Georgia already registered in fonts database. Skipping.
2025-10-13 00:57:59,484 INFO /System/Library/Fonts/Supplemental/Gurmukhi.ttf : No FontName. Skipping.
2025-10-13 00:57:59,493 INFO /System/Library/Fonts/Supplemental/Gurmukhi.ttf : No FontName. Skipping.
2025-10-13 00:57:59,559 INFO /System/Library/Fonts/Supplemental/Herculanum.ttf : No FontName. Skipping.
2025-10-13 00:57:59,625 INFO /System/Library/Fonts/Supplemental/Herculanum.ttf : No FontName. Skipping.
2025-10-13 00:57:59,636 INFO /System/Library/Fonts/Supplemental/Hoefler Text Ornaments.ttf : No FontName. Skipping.
2025-10-13 00:57:59,648 INFO /System/Library/Fonts/Supplemental/Hoefler Text Ornaments.ttf : No FontName. Skipping.
2025-10-13 00:57:59,683 INFO /System/Library/Fonts/Supplemental/Impact.ttf : Impact already registered in fonts database. Skipping.
2025-10-13 00:57:59,716 INFO /System/Library/Fonts/Supplemental/Impact.ttf : Impact already registered in fonts database. Skipping.
2025-10-13 00:57:59,789 INFO /System/Library/Fonts/Supplemental/Khmer Sangam MN.ttf : KhmerSangamMN already registered in fonts database. Skipping.
2025-10-13 00:57:59,861 INFO /System/Library/Fonts/Supplemental/Khmer Sangam MN.ttf : KhmerSangamMN already registered in fonts database. Skipping.
2025-10-13 00:57:59,902 INFO /System/Library/Fonts/Supplemental/Kokonor.ttfsh: line 1: 38133 Abort trap: 6           '/Library/Frameworks/R.framework/Versions/4.5-arm64/Resources/library/Rttf2pt1/exec//ttf2pt1' -a -GfAe '/System/Library/Fonts/Supplemental/Kokonor.ttf' '/var/folders/73/jl9lgbkj511fwjxkl9cvw7q00000gq/T//RtmpdeynCl/fonts/Kokonor' 2>&1
2025-10-13 00:57:59,902 INFO  : No FontName. Skipping.
2025-10-13 00:57:59,942 INFO /System/Library/Fonts/Supplemental/Kokonor.ttfsh: line 1: 38135 Abort trap: 6           '/Library/Frameworks/R.framework/Versions/4.5-arm64/Resources/library/Rttf2pt1/exec//ttf2pt1' -a -GfAe '/System/Library/Fonts/Supplemental/Kokonor.ttf' '/var/folders/73/jl9lgbkj511fwjxkl9cvw7q00000gq/T//RtmpdeynCl/fonts/Kokonor' 2>&1
2025-10-13 00:57:59,942 INFO  : No FontName. Skipping.
2025-10-13 00:57:59,963 INFO /System/Library/Fonts/Supplemental/Krungthep.ttf : No FontName. Skipping.
2025-10-13 00:57:59,984 INFO /System/Library/Fonts/Supplemental/Krungthep.ttf : No FontName. Skipping.
2025-10-13 00:58:00,014 INFO /System/Library/Fonts/Supplemental/Lao Sangam MN.ttf : LaoSangamMN already registered in fonts database. Skipping.
2025-10-13 00:58:00,043 INFO /System/Library/Fonts/Supplemental/Lao Sangam MN.ttf : LaoSangamMN already registered in fonts database. Skipping.
2025-10-13 00:58:00,345 INFO /System/Library/Fonts/Supplemental/Luminari.ttf : Luminari-Regular already registered in fonts database. Skipping.
2025-10-13 00:58:00,649 INFO /System/Library/Fonts/Supplemental/Luminari.ttf : Luminari-Regular already registered in fonts database. Skipping.
2025-10-13 00:58:00,715 INFO /System/Library/Fonts/Supplemental/Microsoft Sans Serif.ttf : MicrosoftSansSerif already registered in fonts database. Skipping.
2025-10-13 00:58:00,782 INFO /System/Library/Fonts/Supplemental/Microsoft Sans Serif.ttf : MicrosoftSansSerif already registered in fonts database. Skipping.
2025-10-13 00:58:00,955 INFO /System/Library/Fonts/Supplemental/Mishafi Gold.ttf : No FontName. Skipping.
2025-10-13 00:58:01,124 INFO /System/Library/Fonts/Supplemental/Mishafi Gold.ttf : No FontName. Skipping.
2025-10-13 00:58:01,519 INFO /System/Library/Fonts/Supplemental/Mishafi.ttf : No FontName. Skipping.
2025-10-13 00:58:01,912 INFO /System/Library/Fonts/Supplemental/Mishafi.ttf : No FontName. Skipping.
2025-10-13 00:58:01,917 INFO /System/Library/Fonts/Supplemental/NISC18030.ttf : No FontName. Skipping.
2025-10-13 00:58:01,923 INFO /System/Library/Fonts/Supplemental/NISC18030.ttf : No FontName. Skipping.
2025-10-13 00:58:01,944 INFO /System/Library/Fonts/Supplemental/NotoSansAdlam-Regular.ttf : NotoSansAdlam-Regular already registered in fonts database. Skipping.
2025-10-13 00:58:01,964 INFO /System/Library/Fonts/Supplemental/NotoSansAdlam-Regular.ttf : NotoSansAdlam-Regular already registered in fonts database. Skipping.
2025-10-13 00:58:01,973 INFO /System/Library/Fonts/Supplemental/NotoSansAvestan-Regular.ttf : NotoSansAvestan-Regular already registered in fonts database. Skipping.
2025-10-13 00:58:01,982 INFO /System/Library/Fonts/Supplemental/NotoSansAvestan-Regular.ttf : NotoSansAvestan-Regular already registered in fonts database. Skipping.
2025-10-13 00:58:02,031 INFO /System/Library/Fonts/Supplemental/NotoSansBamum-Regular.ttf : NotoSansBamum-Regular already registered in fonts database. Skipping.
2025-10-13 00:58:02,079 INFO /System/Library/Fonts/Supplemental/NotoSansBamum-Regular.ttf : NotoSansBamum-Regular already registered in fonts database. Skipping.
2025-10-13 00:58:02,161 INFO /System/Library/Fonts/Supplemental/NotoSansBassaVah-Regular.ttf : NotoSansBassaVah-Regular already registered in fonts database. Skipping.
2025-10-13 00:58:02,169 INFO /System/Library/Fonts/Supplemental/NotoSansBassaVah-Regular.ttf : NotoSansBassaVah-Regular already registered in fonts database. Skipping.
2025-10-13 00:58:02,184 INFO /System/Library/Fonts/Supplemental/NotoSansBatak-Regular.ttf : NotoSansBatak-Regular already registered in fonts database. Skipping.
2025-10-13 00:58:02,198 INFO /System/Library/Fonts/Supplemental/NotoSansBatak-Regular.ttf : NotoSansBatak-Regular already registered in fonts database. Skipping.
2025-10-13 00:58:02,308 INFO /System/Library/Fonts/Supplemental/NotoSansBhaiksuki-Regular.ttf : NotoSansBhaiksuki-Regular already registered in fonts database. Skipping.
2025-10-13 00:58:02,416 INFO /System/Library/Fonts/Supplemental/NotoSansBhaiksuki-Regular.ttf : NotoSansBhaiksuki-Regular already registered in fonts database. Skipping.
2025-10-13 00:58:02,429 INFO /System/Library/Fonts/Supplemental/NotoSansBrahmi-Regular.ttf : NotoSansBrahmi-Regular already registered in fonts database. Skipping.
2025-10-13 00:58:02,443 INFO /System/Library/Fonts/Supplemental/NotoSansBrahmi-Regular.ttf : NotoSansBrahmi-Regular already registered in fonts database. Skipping.
2025-10-13 00:58:02,452 INFO /System/Library/Fonts/Supplemental/NotoSansBuginese-Regular.ttf : NotoSansBuginese-Regular already registered in fonts database. Skipping.
2025-10-13 00:58:02,459 INFO /System/Library/Fonts/Supplemental/NotoSansBuginese-Regular.ttf : NotoSansBuginese-Regular already registered in fonts database. Skipping.
2025-10-13 00:58:02,466 INFO /System/Library/Fonts/Supplemental/NotoSansBuhid-Regular.ttf : NotoSansBuhid-Regular already registered in fonts database. Skipping.
2025-10-13 00:58:02,473 INFO /System/Library/Fonts/Supplemental/NotoSansBuhid-Regular.ttf : NotoSansBuhid-Regular already registered in fonts database. Skipping.
2025-10-13 00:58:02,480 INFO /System/Library/Fonts/Supplemental/NotoSansCarian-Regular.ttf : NotoSansCarian-Regular already registered in fonts database. Skipping.
2025-10-13 00:58:02,488 INFO /System/Library/Fonts/Supplemental/NotoSansCarian-Regular.ttf : NotoSansCarian-Regular already registered in fonts database. Skipping.
2025-10-13 00:58:02,500 INFO /System/Library/Fonts/Supplemental/NotoSansCaucasianAlbanian-Regular.ttf : NotoSansCaucasianAlbanian-Regular already registered in fonts database. Skipping.
2025-10-13 00:58:02,511 INFO /System/Library/Fonts/Supplemental/NotoSansCaucasianAlbanian-Regular.ttf : NotoSansCaucasianAlbanian-Regular already registered in fonts database. Skipping.
2025-10-13 00:58:02,528 INFO /System/Library/Fonts/Supplemental/NotoSansChakma-Regular.ttf : NotoSansChakma-Regular already registered in fonts database. Skipping.
2025-10-13 00:58:02,545 INFO /System/Library/Fonts/Supplemental/NotoSansChakma-Regular.ttf : NotoSansChakma-Regular already registered in fonts database. Skipping.
2025-10-13 00:58:02,557 INFO /System/Library/Fonts/Supplemental/NotoSansCham-Regular.ttf : NotoSansCham-Regular already registered in fonts database. Skipping.
2025-10-13 00:58:02,570 INFO /System/Library/Fonts/Supplemental/NotoSansCham-Regular.ttf : NotoSansCham-Regular already registered in fonts database. Skipping.
2025-10-13 00:58:02,582 INFO /System/Library/Fonts/Supplemental/NotoSansCoptic-Regular.ttf : NotoSansCoptic-Regular already registered in fonts database. Skipping.
2025-10-13 00:58:02,593 INFO /System/Library/Fonts/Supplemental/NotoSansCoptic-Regular.ttf : NotoSansCoptic-Regular already registered in fonts database. Skipping.
2025-10-13 00:58:02,864 INFO /System/Library/Fonts/Supplemental/NotoSansCuneiform-Regular.ttf : NotoSansCuneiform-Regular already registered in fonts database. Skipping.
2025-10-13 00:58:03,133 INFO /System/Library/Fonts/Supplemental/NotoSansCuneiform-Regular.ttf : NotoSansCuneiform-Regular already registered in fonts database. Skipping.
2025-10-13 00:58:03,140 INFO /System/Library/Fonts/Supplemental/NotoSansCypriot-Regular.ttf : NotoSansCypriot-Regular already registered in fonts database. Skipping.
2025-10-13 00:58:03,147 INFO /System/Library/Fonts/Supplemental/NotoSansCypriot-Regular.ttf : NotoSansCypriot-Regular already registered in fonts database. Skipping.
2025-10-13 00:58:03,158 INFO /System/Library/Fonts/Supplemental/NotoSansDuployan-Regular.ttf : NotoSansDuployan-Regular already registered in fonts database. Skipping.
2025-10-13 00:58:03,168 INFO /System/Library/Fonts/Supplemental/NotoSansDuployan-Regular.ttf : NotoSansDuployan-Regular already registered in fonts database. Skipping.
2025-10-13 00:58:03,461 INFO /System/Library/Fonts/Supplemental/NotoSansEgyptianHieroglyphs-Regular.ttf : NotoSansEgyptianHieroglyphs-Regular already registered in fonts database. Skipping.
2025-10-13 00:58:03,753 INFO /System/Library/Fonts/Supplemental/NotoSansEgyptianHieroglyphs-Regular.ttf : NotoSansEgyptianHieroglyphs-Regular already registered in fonts database. Skipping.
2025-10-13 00:58:03,760 INFO /System/Library/Fonts/Supplemental/NotoSansElbasan-Regular.ttf : NotoSansElbasan-Regular already registered in fonts database. Skipping.
2025-10-13 00:58:03,767 INFO /System/Library/Fonts/Supplemental/NotoSansElbasan-Regular.ttf : NotoSansElbasan-Regular already registered in fonts database. Skipping.
2025-10-13 00:58:03,778 INFO /System/Library/Fonts/Supplemental/NotoSansGlagolitic-Regular.ttf : NotoSansGlagolitic-Regular already registered in fonts database. Skipping.
2025-10-13 00:58:03,789 INFO /System/Library/Fonts/Supplemental/NotoSansGlagolitic-Regular.ttf : NotoSansGlagolitic-Regular already registered in fonts database. Skipping.
2025-10-13 00:58:03,796 INFO /System/Library/Fonts/Supplemental/NotoSansGothic-Regular.ttf : NotoSansGothic-Regular already registered in fonts database. Skipping.
2025-10-13 00:58:03,803 INFO /System/Library/Fonts/Supplemental/NotoSansGothic-Regular.ttf : NotoSansGothic-Regular already registered in fonts database. Skipping.
2025-10-13 00:58:03,815 INFO /System/Library/Fonts/Supplemental/NotoSansHanifiRohingya-Regular.ttf : NotoSansHanifiRohingya-Regular already registered in fonts database. Skipping.
2025-10-13 00:58:03,827 INFO /System/Library/Fonts/Supplemental/NotoSansHanifiRohingya-Regular.ttf : NotoSansHanifiRohingya-Regular already registered in fonts database. Skipping.
2025-10-13 00:58:03,834 INFO /System/Library/Fonts/Supplemental/NotoSansHanunoo-Regular.ttf : NotoSansHanunoo-Regular already registered in fonts database. Skipping.
2025-10-13 00:58:03,842 INFO /System/Library/Fonts/Supplemental/NotoSansHanunoo-Regular.ttf : NotoSansHanunoo-Regular already registered in fonts database. Skipping.
2025-10-13 00:58:03,849 INFO /System/Library/Fonts/Supplemental/NotoSansHatran-Regular.ttf : NotoSansHatran-Regular already registered in fonts database. Skipping.
2025-10-13 00:58:03,855 INFO /System/Library/Fonts/Supplemental/NotoSansHatran-Regular.ttf : NotoSansHatran-Regular already registered in fonts database. Skipping.
2025-10-13 00:58:03,863 INFO /System/Library/Fonts/Supplemental/NotoSansImperialAramaic-Regular.ttf : NotoSansImperialAramaic-Regular already registered in fonts database. Skipping.
2025-10-13 00:58:03,870 INFO /System/Library/Fonts/Supplemental/NotoSansImperialAramaic-Regular.ttf : NotoSansImperialAramaic-Regular already registered in fonts database. Skipping.
2025-10-13 00:58:03,877 INFO /System/Library/Fonts/Supplemental/NotoSansInscriptionalPahlavi-Regular.ttf : NotoSansInscriptionalPahlavi-Regular already registered in fonts database. Skipping.
2025-10-13 00:58:03,885 INFO /System/Library/Fonts/Supplemental/NotoSansInscriptionalPahlavi-Regular.ttf : NotoSansInscriptionalPahlavi-Regular already registered in fonts database. Skipping.
2025-10-13 00:58:03,892 INFO /System/Library/Fonts/Supplemental/NotoSansInscriptionalParthian-Regular.ttf : NotoSansInscriptionalParthian-Regular already registered in fonts database. Skipping.
2025-10-13 00:58:03,900 INFO /System/Library/Fonts/Supplemental/NotoSansInscriptionalParthian-Regular.ttf : NotoSansInscriptionalParthian-Regular already registered in fonts database. Skipping.
2025-10-13 00:58:03,919 INFO /System/Library/Fonts/Supplemental/NotoSansKaithi-Regular.ttf : NotoSansKaithi-Regular already registered in fonts database. Skipping.
2025-10-13 00:58:03,937 INFO /System/Library/Fonts/Supplemental/NotoSansKaithi-Regular.ttf : NotoSansKaithi-Regular already registered in fonts database. Skipping.
2025-10-13 00:58:03,946 INFO /System/Library/Fonts/Supplemental/NotoSansKayahLi-Regular.ttf : NotoSansKayahLi-Regular already registered in fonts database. Skipping.
2025-10-13 00:58:03,955 INFO /System/Library/Fonts/Supplemental/NotoSansKayahLi-Regular.ttf : NotoSansKayahLi-Regular already registered in fonts database. Skipping.
2025-10-13 00:58:03,967 INFO /System/Library/Fonts/Supplemental/NotoSansKharoshthi-Regular.ttf : NotoSansKharoshthi-Regular already registered in fonts database. Skipping.
2025-10-13 00:58:03,979 INFO /System/Library/Fonts/Supplemental/NotoSansKharoshthi-Regular.ttf : NotoSansKharoshthi-Regular already registered in fonts database. Skipping.
2025-10-13 00:58:03,998 INFO /System/Library/Fonts/Supplemental/NotoSansKhojki-Regular.ttf : NotoSansKhojki-Regular already registered in fonts database. Skipping.
2025-10-13 00:58:04,017 INFO /System/Library/Fonts/Supplemental/NotoSansKhojki-Regular.ttf : NotoSansKhojki-Regular already registered in fonts database. Skipping.
2025-10-13 00:58:04,027 INFO /System/Library/Fonts/Supplemental/NotoSansKhudawadi-Regular.ttf : NotoSansKhudawadi-Regular already registered in fonts database. Skipping.
2025-10-13 00:58:04,038 INFO /System/Library/Fonts/Supplemental/NotoSansKhudawadi-Regular.ttf : NotoSansKhudawadi-Regular already registered in fonts database. Skipping.
2025-10-13 00:58:04,048 INFO /System/Library/Fonts/Supplemental/NotoSansLepcha-Regular.ttf : NotoSansLepcha-Regular already registered in fonts database. Skipping.
2025-10-13 00:58:04,058 INFO /System/Library/Fonts/Supplemental/NotoSansLepcha-Regular.ttf : NotoSansLepcha-Regular already registered in fonts database. Skipping.
2025-10-13 00:58:04,067 INFO /System/Library/Fonts/Supplemental/NotoSansLimbu-Regular.ttf : NotoSansLimbu-Regular already registered in fonts database. Skipping.
2025-10-13 00:58:04,077 INFO /System/Library/Fonts/Supplemental/NotoSansLimbu-Regular.ttf : NotoSansLimbu-Regular already registered in fonts database. Skipping.
2025-10-13 00:58:04,100 INFO /System/Library/Fonts/Supplemental/NotoSansLinearA-Regular.ttf : NotoSansLinearA-Regular already registered in fonts database. Skipping.
2025-10-13 00:58:04,123 INFO /System/Library/Fonts/Supplemental/NotoSansLinearA-Regular.ttf : NotoSansLinearA-Regular already registered in fonts database. Skipping.
2025-10-13 00:58:04,150 INFO /System/Library/Fonts/Supplemental/NotoSansLinearB-Regular.ttf : NotoSansLinearB-Regular already registered in fonts database. Skipping.
2025-10-13 00:58:04,177 INFO /System/Library/Fonts/Supplemental/NotoSansLinearB-Regular.ttf : NotoSansLinearB-Regular already registered in fonts database. Skipping.
2025-10-13 00:58:04,184 INFO /System/Library/Fonts/Supplemental/NotoSansLisu-Regular.ttf : NotoSansLisu-Regular already registered in fonts database. Skipping.
2025-10-13 00:58:04,190 INFO /System/Library/Fonts/Supplemental/NotoSansLisu-Regular.ttf : NotoSansLisu-Regular already registered in fonts database. Skipping.
2025-10-13 00:58:04,197 INFO /System/Library/Fonts/Supplemental/NotoSansLycian-Regular.ttf : NotoSansLycian-Regular already registered in fonts database. Skipping.
2025-10-13 00:58:04,204 INFO /System/Library/Fonts/Supplemental/NotoSansLycian-Regular.ttf : NotoSansLycian-Regular already registered in fonts database. Skipping.
2025-10-13 00:58:04,211 INFO /System/Library/Fonts/Supplemental/NotoSansLydian-Regular.ttf : NotoSansLydian-Regular already registered in fonts database. Skipping.
2025-10-13 00:58:04,217 INFO /System/Library/Fonts/Supplemental/NotoSansLydian-Regular.ttf : NotoSansLydian-Regular already registered in fonts database. Skipping.
2025-10-13 00:58:04,228 INFO /System/Library/Fonts/Supplemental/NotoSansMahajani-Regular.ttf : NotoSansMahajani-Regular already registered in fonts database. Skipping.
2025-10-13 00:58:04,239 INFO /System/Library/Fonts/Supplemental/NotoSansMahajani-Regular.ttf : NotoSansMahajani-Regular already registered in fonts database. Skipping.
2025-10-13 00:58:04,251 INFO /System/Library/Fonts/Supplemental/NotoSansMandaic-Regular.ttf : NotoSansMandaic-Regular already registered in fonts database. Skipping.
2025-10-13 00:58:04,262 INFO /System/Library/Fonts/Supplemental/NotoSansMandaic-Regular.ttf : NotoSansMandaic-Regular already registered in fonts database. Skipping.
2025-10-13 00:58:04,277 INFO /System/Library/Fonts/Supplemental/NotoSansManichaean-Regular.ttf : NotoSansManichaean-Regular already registered in fonts database. Skipping.
2025-10-13 00:58:04,291 INFO /System/Library/Fonts/Supplemental/NotoSansManichaean-Regular.ttf : NotoSansManichaean-Regular already registered in fonts database. Skipping.
2025-10-13 00:58:04,320 INFO /System/Library/Fonts/Supplemental/NotoSansMarchen-Regular.ttf : NotoSansMarchen-Regular already registered in fonts database. Skipping.
2025-10-13 00:58:04,350 INFO /System/Library/Fonts/Supplemental/NotoSansMarchen-Regular.ttf : NotoSansMarchen-Regular already registered in fonts database. Skipping.
2025-10-13 00:58:04,360 INFO /System/Library/Fonts/Supplemental/NotoSansMeeteiMayek-Regular.ttf : NotoSansMeeteiMayek-Regular already registered in fonts database. Skipping.
2025-10-13 00:58:04,369 INFO /System/Library/Fonts/Supplemental/NotoSansMeeteiMayek-Regular.ttf : NotoSansMeeteiMayek-Regular already registered in fonts database. Skipping.
2025-10-13 00:58:04,385 INFO /System/Library/Fonts/Supplemental/NotoSansMendeKikakui-Regular.ttf : NotoSansMendeKikakui-Regular already registered in fonts database. Skipping.
2025-10-13 00:58:04,401 INFO /System/Library/Fonts/Supplemental/NotoSansMendeKikakui-Regular.ttf : NotoSansMendeKikakui-Regular already registered in fonts database. Skipping.
2025-10-13 00:58:04,418 INFO /System/Library/Fonts/Supplemental/NotoSansMeroitic-Regular.ttf : NotoSansMeroitic-Regular already registered in fonts database. Skipping.
2025-10-13 00:58:04,435 INFO /System/Library/Fonts/Supplemental/NotoSansMeroitic-Regular.ttf : NotoSansMeroitic-Regular already registered in fonts database. Skipping.
2025-10-13 00:58:04,449 INFO /System/Library/Fonts/Supplemental/NotoSansMiao-Regular.ttf : NotoSansMiao-Regular already registered in fonts database. Skipping.
2025-10-13 00:58:04,463 INFO /System/Library/Fonts/Supplemental/NotoSansMiao-Regular.ttf : NotoSansMiao-Regular already registered in fonts database. Skipping.
2025-10-13 00:58:04,480 INFO /System/Library/Fonts/Supplemental/NotoSansModi-Regular.ttf : NotoSansModi-Regular already registered in fonts database. Skipping.
2025-10-13 00:58:04,496 INFO /System/Library/Fonts/Supplemental/NotoSansModi-Regular.ttf : NotoSansModi-Regular already registered in fonts database. Skipping.
2025-10-13 00:58:04,558 INFO /System/Library/Fonts/Supplemental/NotoSansMongolian-Regular.ttf : NotoSansMongolian-Regular already registered in fonts database. Skipping.
2025-10-13 00:58:04,618 INFO /System/Library/Fonts/Supplemental/NotoSansMongolian-Regular.ttf : NotoSansMongolian-Regular already registered in fonts database. Skipping.
2025-10-13 00:58:04,625 INFO /System/Library/Fonts/Supplemental/NotoSansMro-Regular.ttf : NotoSansMro-Regular already registered in fonts database. Skipping.
2025-10-13 00:58:04,633 INFO /System/Library/Fonts/Supplemental/NotoSansMro-Regular.ttf : NotoSansMro-Regular already registered in fonts database. Skipping.
2025-10-13 00:58:04,642 INFO /System/Library/Fonts/Supplemental/NotoSansMultani-Regular.ttf : NotoSansMultani-Regular already registered in fonts database. Skipping.
2025-10-13 00:58:04,650 INFO /System/Library/Fonts/Supplemental/NotoSansMultani-Regular.ttf : NotoSansMultani-Regular already registered in fonts database. Skipping.
2025-10-13 00:58:04,660 INFO /System/Library/Fonts/Supplemental/NotoSansNabataean-Regular.ttf : NotoSansNabataean-Regular already registered in fonts database. Skipping.
2025-10-13 00:58:04,669 INFO /System/Library/Fonts/Supplemental/NotoSansNabataean-Regular.ttf : NotoSansNabataean-Regular already registered in fonts database. Skipping.
2025-10-13 00:58:04,704 INFO /System/Library/Fonts/Supplemental/NotoSansNewa-Regular.ttf : NotoSansNewa-Regular already registered in fonts database. Skipping.
2025-10-13 00:58:04,740 INFO /System/Library/Fonts/Supplemental/NotoSansNewa-Regular.ttf : NotoSansNewa-Regular already registered in fonts database. Skipping.
2025-10-13 00:58:04,751 INFO /System/Library/Fonts/Supplemental/NotoSansNewTaiLue-Regular.ttf : NotoSansNewTaiLue-Regular already registered in fonts database. Skipping.
2025-10-13 00:58:04,763 INFO /System/Library/Fonts/Supplemental/NotoSansNewTaiLue-Regular.ttf : NotoSansNewTaiLue-Regular already registered in fonts database. Skipping.
2025-10-13 00:58:04,773 INFO /System/Library/Fonts/Supplemental/NotoSansNKo-Regular.ttf : NotoSansNKo-Regular already registered in fonts database. Skipping.
2025-10-13 00:58:04,783 INFO /System/Library/Fonts/Supplemental/NotoSansNKo-Regular.ttf : NotoSansNKo-Regular already registered in fonts database. Skipping.
2025-10-13 00:58:04,793 INFO /System/Library/Fonts/Supplemental/NotoSansOlChiki-Regular.ttf : NotoSansOlChiki-Regular already registered in fonts database. Skipping.
2025-10-13 00:58:04,803 INFO /System/Library/Fonts/Supplemental/NotoSansOlChiki-Regular.ttf : NotoSansOlChiki-Regular already registered in fonts database. Skipping.
2025-10-13 00:58:04,815 INFO /System/Library/Fonts/Supplemental/NotoSansOldHungarian-Regular.ttf : NotoSansOldHungarian-Regular already registered in fonts database. Skipping.
2025-10-13 00:58:04,827 INFO /System/Library/Fonts/Supplemental/NotoSansOldHungarian-Regular.ttf : NotoSansOldHungarian-Regular already registered in fonts database. Skipping.
2025-10-13 00:58:04,835 INFO /System/Library/Fonts/Supplemental/NotoSansOldItalic-Regular.ttf : NotoSansOldItalic-Regular already registered in fonts database. Skipping.
2025-10-13 00:58:04,842 INFO /System/Library/Fonts/Supplemental/NotoSansOldItalic-Regular.ttf : NotoSansOldItalic-Regular already registered in fonts database. Skipping.
2025-10-13 00:58:04,850 INFO /System/Library/Fonts/Supplemental/NotoSansOldNorthArabian-Regular.ttf : NotoSansOldNorthArabian-Regular already registered in fonts database. Skipping.
2025-10-13 00:58:04,858 INFO /System/Library/Fonts/Supplemental/NotoSansOldNorthArabian-Regular.ttf : NotoSansOldNorthArabian-Regular already registered in fonts database. Skipping.
2025-10-13 00:58:04,866 INFO /System/Library/Fonts/Supplemental/NotoSansOldPermic-Regular.ttf : NotoSansOldPermic-Regular already registered in fonts database. Skipping.
2025-10-13 00:58:04,873 INFO /System/Library/Fonts/Supplemental/NotoSansOldPermic-Regular.ttf : NotoSansOldPermic-Regular already registered in fonts database. Skipping.
2025-10-13 00:58:04,883 INFO /System/Library/Fonts/Supplemental/NotoSansOldPersian-Regular.ttf : NotoSansOldPersian-Regular already registered in fonts database. Skipping.
2025-10-13 00:58:04,892 INFO /System/Library/Fonts/Supplemental/NotoSansOldPersian-Regular.ttf : NotoSansOldPersian-Regular already registered in fonts database. Skipping.
2025-10-13 00:58:04,898 INFO /System/Library/Fonts/Supplemental/NotoSansOldSouthArabian-Regular.ttf : NotoSansOldSouthArabian-Regular already registered in fonts database. Skipping.
2025-10-13 00:58:04,905 INFO /System/Library/Fonts/Supplemental/NotoSansOldSouthArabian-Regular.ttf : NotoSansOldSouthArabian-Regular already registered in fonts database. Skipping.
2025-10-13 00:58:04,912 INFO /System/Library/Fonts/Supplemental/NotoSansOldTurkic-Regular.ttf : NotoSansOldTurkic-Regular already registered in fonts database. Skipping.
2025-10-13 00:58:04,919 INFO /System/Library/Fonts/Supplemental/NotoSansOldTurkic-Regular.ttf : NotoSansOldTurkic-Regular already registered in fonts database. Skipping.
2025-10-13 00:58:04,928 INFO /System/Library/Fonts/Supplemental/NotoSansOsage-Regular.ttf : NotoSansOsage-Regular already registered in fonts database. Skipping.
2025-10-13 00:58:04,937 INFO /System/Library/Fonts/Supplemental/NotoSansOsage-Regular.ttf : NotoSansOsage-Regular already registered in fonts database. Skipping.
2025-10-13 00:58:04,946 INFO /System/Library/Fonts/Supplemental/NotoSansOsmanya-Regular.ttf : NotoSansOsmanya-Regular already registered in fonts database. Skipping.
2025-10-13 00:58:04,955 INFO /System/Library/Fonts/Supplemental/NotoSansOsmanya-Regular.ttf : NotoSansOsmanya-Regular already registered in fonts database. Skipping.
2025-10-13 00:58:04,966 INFO /System/Library/Fonts/Supplemental/NotoSansPahawhHmong-Regular.ttf : NotoSansPahawhHmong-Regular already registered in fonts database. Skipping.
2025-10-13 00:58:04,977 INFO /System/Library/Fonts/Supplemental/NotoSansPahawhHmong-Regular.ttf : NotoSansPahawhHmong-Regular already registered in fonts database. Skipping.
2025-10-13 00:58:04,989 INFO /System/Library/Fonts/Supplemental/NotoSansPalmyrene-Regular.ttf : NotoSansPalmyrene-Regular already registered in fonts database. Skipping.
2025-10-13 00:58:05,002 INFO /System/Library/Fonts/Supplemental/NotoSansPalmyrene-Regular.ttf : NotoSansPalmyrene-Regular already registered in fonts database. Skipping.
2025-10-13 00:58:05,010 INFO /System/Library/Fonts/Supplemental/NotoSansPauCinHau-Regular.ttf : NotoSansPauCinHau-Regular already registered in fonts database. Skipping.
2025-10-13 00:58:05,017 INFO /System/Library/Fonts/Supplemental/NotoSansPauCinHau-Regular.ttf : NotoSansPauCinHau-Regular already registered in fonts database. Skipping.
2025-10-13 00:58:05,031 INFO /System/Library/Fonts/Supplemental/NotoSansPhagsPa-Regular.ttf : NotoSansPhagsPa-Regular already registered in fonts database. Skipping.
2025-10-13 00:58:05,045 INFO /System/Library/Fonts/Supplemental/NotoSansPhagsPa-Regular.ttf : NotoSansPhagsPa-Regular already registered in fonts database. Skipping.
2025-10-13 00:58:05,052 INFO /System/Library/Fonts/Supplemental/NotoSansPhoenician-Regular.ttf : NotoSansPhoenician-Regular already registered in fonts database. Skipping.
2025-10-13 00:58:05,061 INFO /System/Library/Fonts/Supplemental/NotoSansPhoenician-Regular.ttf : NotoSansPhoenician-Regular already registered in fonts database. Skipping.
2025-10-13 00:58:05,073 INFO /System/Library/Fonts/Supplemental/NotoSansPsalterPahlavi-Regular.ttf : NotoSansPsalterPahlavi-Regular already registered in fonts database. Skipping.
2025-10-13 00:58:05,085 INFO /System/Library/Fonts/Supplemental/NotoSansPsalterPahlavi-Regular.ttf : NotoSansPsalterPahlavi-Regular already registered in fonts database. Skipping.
2025-10-13 00:58:05,093 INFO /System/Library/Fonts/Supplemental/NotoSansRejang-Regular.ttf : NotoSansRejang-Regular already registered in fonts database. Skipping.
2025-10-13 00:58:05,099 INFO /System/Library/Fonts/Supplemental/NotoSansRejang-Regular.ttf : NotoSansRejang-Regular already registered in fonts database. Skipping.
2025-10-13 00:58:05,108 INFO /System/Library/Fonts/Supplemental/NotoSansSamaritan-Regular.ttf : NotoSansSamaritan-Regular already registered in fonts database. Skipping.
2025-10-13 00:58:05,117 INFO /System/Library/Fonts/Supplemental/NotoSansSamaritan-Regular.ttf : NotoSansSamaritan-Regular already registered in fonts database. Skipping.
2025-10-13 00:58:05,128 INFO /System/Library/Fonts/Supplemental/NotoSansSaurashtra-Regular.ttf : NotoSansSaurashtra-Regular already registered in fonts database. Skipping.
2025-10-13 00:58:05,138 INFO /System/Library/Fonts/Supplemental/NotoSansSaurashtra-Regular.ttf : NotoSansSaurashtra-Regular already registered in fonts database. Skipping.
2025-10-13 00:58:05,154 INFO /System/Library/Fonts/Supplemental/NotoSansSharada-Regular.ttf : NotoSansSharada-Regular already registered in fonts database. Skipping.
2025-10-13 00:58:05,169 INFO /System/Library/Fonts/Supplemental/NotoSansSharada-Regular.ttf : NotoSansSharada-Regular already registered in fonts database. Skipping.
2025-10-13 00:58:05,177 INFO /System/Library/Fonts/Supplemental/NotoSansSoraSompeng-Regular.ttf : NotoSansSoraSompeng-Regular already registered in fonts database. Skipping.
2025-10-13 00:58:05,184 INFO /System/Library/Fonts/Supplemental/NotoSansSoraSompeng-Regular.ttf : NotoSansSoraSompeng-Regular already registered in fonts database. Skipping.
2025-10-13 00:58:05,192 INFO /System/Library/Fonts/Supplemental/NotoSansSundanese-Regular.ttf : NotoSansSundanese-Regular already registered in fonts database. Skipping.
2025-10-13 00:58:05,200 INFO /System/Library/Fonts/Supplemental/NotoSansSundanese-Regular.ttf : NotoSansSundanese-Regular already registered in fonts database. Skipping.
2025-10-13 00:58:05,209 INFO /System/Library/Fonts/Supplemental/NotoSansSylotiNagri-Regular.ttf : NotoSansSylotiNagri-Regular already registered in fonts database. Skipping.
2025-10-13 00:58:05,218 INFO /System/Library/Fonts/Supplemental/NotoSansSylotiNagri-Regular.ttf : NotoSansSylotiNagri-Regular already registered in fonts database. Skipping.
2025-10-13 00:58:05,237 INFO /System/Library/Fonts/Supplemental/NotoSansSyriac-Regular.ttf : NotoSansSyriac-Regular already registered in fonts database. Skipping.
2025-10-13 00:58:05,256 INFO /System/Library/Fonts/Supplemental/NotoSansSyriac-Regular.ttf : NotoSansSyriac-Regular already registered in fonts database. Skipping.
2025-10-13 00:58:05,263 INFO /System/Library/Fonts/Supplemental/NotoSansTagalog-Regular.ttf : NotoSansTagalog-Regular already registered in fonts database. Skipping.
2025-10-13 00:58:05,271 INFO /System/Library/Fonts/Supplemental/NotoSansTagalog-Regular.ttf : NotoSansTagalog-Regular already registered in fonts database. Skipping.
2025-10-13 00:58:05,279 INFO /System/Library/Fonts/Supplemental/NotoSansTagbanwa-Regular.ttf : NotoSansTagbanwa-Regular already registered in fonts database. Skipping.
2025-10-13 00:58:05,287 INFO /System/Library/Fonts/Supplemental/NotoSansTagbanwa-Regular.ttf : NotoSansTagbanwa-Regular already registered in fonts database. Skipping.
2025-10-13 00:58:05,297 INFO /System/Library/Fonts/Supplemental/NotoSansTaiLe-Regular.ttf : NotoSansTaiLe-Regular already registered in fonts database. Skipping.
2025-10-13 00:58:05,308 INFO /System/Library/Fonts/Supplemental/NotoSansTaiLe-Regular.ttf : NotoSansTaiLe-Regular already registered in fonts database. Skipping.
2025-10-13 00:58:05,326 INFO /System/Library/Fonts/Supplemental/NotoSansTaiTham-Regular.ttf : NotoSansTaiTham already registered in fonts database. Skipping.
2025-10-13 00:58:05,344 INFO /System/Library/Fonts/Supplemental/NotoSansTaiTham-Regular.ttf : NotoSansTaiTham already registered in fonts database. Skipping.
2025-10-13 00:58:05,357 INFO /System/Library/Fonts/Supplemental/NotoSansTaiViet-Regular.ttf : NotoSansTaiViet-Regular already registered in fonts database. Skipping.
2025-10-13 00:58:05,369 INFO /System/Library/Fonts/Supplemental/NotoSansTaiViet-Regular.ttf : NotoSansTaiViet-Regular already registered in fonts database. Skipping.
2025-10-13 00:58:05,378 INFO /System/Library/Fonts/Supplemental/NotoSansTakri-Regular.ttf : NotoSansTakri-Regular already registered in fonts database. Skipping.
2025-10-13 00:58:05,388 INFO /System/Library/Fonts/Supplemental/NotoSansTakri-Regular.ttf : NotoSansTakri-Regular already registered in fonts database. Skipping.
2025-10-13 00:58:05,401 INFO /System/Library/Fonts/Supplemental/NotoSansThaana-Regular.ttf : NotoSansThaana-Regular already registered in fonts database. Skipping.
2025-10-13 00:58:05,414 INFO /System/Library/Fonts/Supplemental/NotoSansThaana-Regular.ttf : NotoSansThaana-Regular already registered in fonts database. Skipping.
2025-10-13 00:58:05,433 INFO /System/Library/Fonts/Supplemental/NotoSansTirhuta-Regular.ttf : NotoSansTirhuta-Regular already registered in fonts database. Skipping.
2025-10-13 00:58:05,451 INFO /System/Library/Fonts/Supplemental/NotoSansTirhuta-Regular.ttf : NotoSansTirhuta-Regular already registered in fonts database. Skipping.
2025-10-13 00:58:05,458 INFO /System/Library/Fonts/Supplemental/NotoSansUgaritic-Regular.ttf : NotoSansUgaritic-Regular already registered in fonts database. Skipping.
2025-10-13 00:58:05,466 INFO /System/Library/Fonts/Supplemental/NotoSansUgaritic-Regular.ttf : NotoSansUgaritic-Regular already registered in fonts database. Skipping.
2025-10-13 00:58:05,487 INFO /System/Library/Fonts/Supplemental/NotoSansVai-Regular.ttf : NotoSansVai-Regular already registered in fonts database. Skipping.
2025-10-13 00:58:05,507 INFO /System/Library/Fonts/Supplemental/NotoSansVai-Regular.ttf : NotoSansVai-Regular already registered in fonts database. Skipping.
2025-10-13 00:58:05,516 INFO /System/Library/Fonts/Supplemental/NotoSansWancho-Regular.ttf : NotoSansWancho-Regular already registered in fonts database. Skipping.
2025-10-13 00:58:05,525 INFO /System/Library/Fonts/Supplemental/NotoSansWancho-Regular.ttf : NotoSansWancho-Regular already registered in fonts database. Skipping.
2025-10-13 00:58:05,535 INFO /System/Library/Fonts/Supplemental/NotoSansWarangCiti-Regular.ttf : NotoSansWarangCiti-Regular already registered in fonts database. Skipping.
2025-10-13 00:58:05,546 INFO /System/Library/Fonts/Supplemental/NotoSansWarangCiti-Regular.ttf : NotoSansWarangCiti-Regular already registered in fonts database. Skipping.
2025-10-13 00:58:05,598 INFO /System/Library/Fonts/Supplemental/NotoSansYi-Regular.ttf : NotoSansYi-Regular already registered in fonts database. Skipping.
2025-10-13 00:58:05,652 INFO /System/Library/Fonts/Supplemental/NotoSansYi-Regular.ttf : NotoSansYi-Regular already registered in fonts database. Skipping.
2025-10-13 00:58:05,664 INFO /System/Library/Fonts/Supplemental/NotoSerifAhom-Regular.ttf : NotoSerifAhom-Regular already registered in fonts database. Skipping.
2025-10-13 00:58:05,677 INFO /System/Library/Fonts/Supplemental/NotoSerifAhom-Regular.ttf : NotoSerifAhom-Regular already registered in fonts database. Skipping.
2025-10-13 00:58:05,706 INFO /System/Library/Fonts/Supplemental/NotoSerifBalinese-Regular.ttf : NotoSerifBalinese-Regular already registered in fonts database. Skipping.
2025-10-13 00:58:05,734 INFO /System/Library/Fonts/Supplemental/NotoSerifBalinese-Regular.ttf : NotoSerifBalinese-Regular already registered in fonts database. Skipping.
2025-10-13 00:58:05,742 INFO /System/Library/Fonts/Supplemental/NotoSerifNyiakengPuachueHmong-Regular.ttf : NotoSerifHmongNyiakeng-Regular already registered in fonts database. Skipping.
2025-10-13 00:58:05,751 INFO /System/Library/Fonts/Supplemental/NotoSerifNyiakengPuachueHmong-Regular.ttf : NotoSerifHmongNyiakeng-Regular already registered in fonts database. Skipping.
2025-10-13 00:58:05,852 INFO /System/Library/Fonts/Supplemental/PartyLET-plain.ttf : PartyLetPlain already registered in fonts database. Skipping.
2025-10-13 00:58:05,951 INFO /System/Library/Fonts/Supplemental/PartyLET-plain.ttf : PartyLetPlain already registered in fonts database. Skipping.
2025-10-13 00:58:05,993 INFO /System/Library/Fonts/Supplemental/PlantagenetCherokee.ttf : No FontName. Skipping.
2025-10-13 00:58:06,034 INFO /System/Library/Fonts/Supplemental/PlantagenetCherokee.ttf : No FontName. Skipping.
2025-10-13 00:58:06,073 INFO /System/Library/Fonts/Supplemental/Sathu.ttf : No FontName. Skipping.
2025-10-13 00:58:06,112 INFO /System/Library/Fonts/Supplemental/Sathu.ttf : No FontName. Skipping.
2025-10-13 00:58:06,135 INFO /System/Library/Fonts/Supplemental/Silom.ttf : No FontName. Skipping.
2025-10-13 00:58:06,158 INFO /System/Library/Fonts/Supplemental/Silom.ttf : No FontName. Skipping.
2025-10-13 00:58:06,186 INFO /System/Library/Fonts/Supplemental/Skia.ttf : No FontName. Skipping.
2025-10-13 00:58:06,212 INFO /System/Library/Fonts/Supplemental/Skia.ttf : No FontName. Skipping.
2025-10-13 00:58:06,342 INFO /System/Library/Fonts/Supplemental/STIXTwoText-Italic.ttf : STIXTwoText-Italic already registered in fonts database. Skipping.
2025-10-13 00:58:06,474 INFO /System/Library/Fonts/Supplemental/STIXTwoText-Italic.ttf : STIXTwoText-Italic already registered in fonts database. Skipping.
2025-10-13 00:58:06,591 INFO /System/Library/Fonts/Supplemental/STIXTwoText.ttf : STIXTwoText already registered in fonts database. Skipping.
2025-10-13 00:58:06,706 INFO /System/Library/Fonts/Supplemental/STIXTwoText.ttf : STIXTwoText already registered in fonts database. Skipping.
2025-10-13 00:58:06,798 INFO /System/Library/Fonts/Supplemental/Tahoma Bold.ttf : Tahoma-Bold already registered in fonts database. Skipping.
2025-10-13 00:58:06,890 INFO /System/Library/Fonts/Supplemental/Tahoma Bold.ttf : Tahoma-Bold already registered in fonts database. Skipping.
2025-10-13 00:58:06,989 INFO /System/Library/Fonts/Supplemental/Tahoma.ttf : Tahoma already registered in fonts database. Skipping.
2025-10-13 00:58:07,089 INFO /System/Library/Fonts/Supplemental/Tahoma.ttf : Tahoma already registered in fonts database. Skipping.
2025-10-13 00:58:07,187 INFO /System/Library/Fonts/Supplemental/Times New Roman Bold Italic.ttf : TimesNewRomanPS-BoldItalicMT already registered in fonts database. Skipping.
2025-10-13 00:58:07,285 INFO /System/Library/Fonts/Supplemental/Times New Roman Bold Italic.ttf : TimesNewRomanPS-BoldItalicMT already registered in fonts database. Skipping.
2025-10-13 00:58:07,429 INFO /System/Library/Fonts/Supplemental/Times New Roman Bold.ttf : TimesNewRomanPS-BoldMT already registered in fonts database. Skipping.
2025-10-13 00:58:07,570 INFO /System/Library/Fonts/Supplemental/Times New Roman Bold.ttf : TimesNewRomanPS-BoldMT already registered in fonts database. Skipping.
2025-10-13 00:58:07,674 INFO /System/Library/Fonts/Supplemental/Times New Roman Italic.ttf : TimesNewRomanPS-ItalicMT already registered in fonts database. Skipping.
2025-10-13 00:58:07,777 INFO /System/Library/Fonts/Supplemental/Times New Roman Italic.ttf : TimesNewRomanPS-ItalicMT already registered in fonts database. Skipping.
2025-10-13 00:58:07,930 INFO /System/Library/Fonts/Supplemental/Times New Roman.ttf : TimesNewRomanPSMT already registered in fonts database. Skipping.
2025-10-13 00:58:08,081 INFO /System/Library/Fonts/Supplemental/Times New Roman.ttf : TimesNewRomanPSMT already registered in fonts database. Skipping.
2025-10-13 00:58:09,955 INFO /System/Library/Fonts/Supplemental/Trattatello.ttf : Trattatello already registered in fonts database. Skipping.
2025-10-13 00:58:11,826 INFO /System/Library/Fonts/Supplemental/Trattatello.ttf : Trattatello already registered in fonts database. Skipping.
2025-10-13 00:58:11,842 INFO /System/Library/Fonts/Supplemental/Trebuchet MS Bold Italic.ttf : Trebuchet-BoldItalic already registered in fonts database. Skipping.
2025-10-13 00:58:11,858 INFO /System/Library/Fonts/Supplemental/Trebuchet MS Bold Italic.ttf : Trebuchet-BoldItalic already registered in fonts database. Skipping.
2025-10-13 00:58:11,874 INFO /System/Library/Fonts/Supplemental/Trebuchet MS Bold.ttf : TrebuchetMS-Bold already registered in fonts database. Skipping.
2025-10-13 00:58:11,888 INFO /System/Library/Fonts/Supplemental/Trebuchet MS Bold.ttf : TrebuchetMS-Bold already registered in fonts database. Skipping.
2025-10-13 00:58:11,904 INFO /System/Library/Fonts/Supplemental/Trebuchet MS Italic.ttf : TrebuchetMS-Italic already registered in fonts database. Skipping.
2025-10-13 00:58:11,919 INFO /System/Library/Fonts/Supplemental/Trebuchet MS Italic.ttf : TrebuchetMS-Italic already registered in fonts database. Skipping.
2025-10-13 00:58:11,933 INFO /System/Library/Fonts/Supplemental/Trebuchet MS.ttf : TrebuchetMS already registered in fonts database. Skipping.
2025-10-13 00:58:11,947 INFO /System/Library/Fonts/Supplemental/Trebuchet MS.ttf : TrebuchetMS already registered in fonts database. Skipping.
2025-10-13 00:58:11,969 INFO /System/Library/Fonts/Supplemental/Verdana Bold Italic.ttf : Verdana-BoldItalic already registered in fonts database. Skipping.
2025-10-13 00:58:11,991 INFO /System/Library/Fonts/Supplemental/Verdana Bold Italic.ttf : Verdana-BoldItalic already registered in fonts database. Skipping.
2025-10-13 00:58:12,015 INFO /System/Library/Fonts/Supplemental/Verdana Bold.ttf : Verdana-Bold already registered in fonts database. Skipping.
2025-10-13 00:58:12,040 INFO /System/Library/Fonts/Supplemental/Verdana Bold.ttf : Verdana-Bold already registered in fonts database. Skipping.
2025-10-13 00:58:12,065 INFO /System/Library/Fonts/Supplemental/Verdana Italic.ttf : Verdana-Italic already registered in fonts database. Skipping.
2025-10-13 00:58:12,090 INFO /System/Library/Fonts/Supplemental/Verdana Italic.ttf : Verdana-Italic already registered in fonts database. Skipping.
2025-10-13 00:58:12,118 INFO /System/Library/Fonts/Supplemental/Verdana.ttf : Verdana already registered in fonts database. Skipping.
2025-10-13 00:58:12,144 INFO /System/Library/Fonts/Supplemental/Verdana.ttf : Verdana already registered in fonts database. Skipping.
2025-10-13 00:58:12,175 INFO /System/Library/Fonts/Supplemental/Webdings.ttf : Webdings already registered in fonts database. Skipping.
2025-10-13 00:58:12,205 INFO /System/Library/Fonts/Supplemental/Webdings.ttf : Webdings already registered in fonts database. Skipping.
2025-10-13 00:58:12,218 INFO /System/Library/Fonts/Supplemental/Wingdings 2.ttf : Wingdings2 already registered in fonts database. Skipping.
2025-10-13 00:58:12,232 INFO /System/Library/Fonts/Supplemental/Wingdings 2.ttf : Wingdings2 already registered in fonts database. Skipping.
2025-10-13 00:58:12,241 INFO /System/Library/Fonts/Supplemental/Wingdings 3.ttf : Wingdings3 already registered in fonts database. Skipping.
2025-10-13 00:58:12,249 INFO /System/Library/Fonts/Supplemental/Wingdings 3.ttf : Wingdings3 already registered in fonts database. Skipping.
2025-10-13 00:58:12,265 INFO /System/Library/Fonts/Supplemental/Wingdings.ttf : Wingdings-Regular already registered in fonts database. Skipping.
2025-10-13 00:58:12,279 INFO /System/Library/Fonts/Supplemental/Wingdings.ttf : Wingdings-Regular already registered in fonts database. Skipping.
2025-10-13 00:58:12,656 INFO /System/Library/Fonts/Supplemental/Zapfino.ttf : No FontName. Skipping.
2025-10-13 00:58:13,036 INFO /System/Library/Fonts/Supplemental/Zapfino.ttf : No FontName. Skipping.
2025-10-13 00:58:13,045 INFO /System/Library/Fonts/Symbol.ttf : No FontName. Skipping.
2025-10-13 00:58:13,057 INFO /System/Library/Fonts/ZapfDingbats.ttf : No FontName. Skipping.
2025-10-13 00:58:13,057 INFO Found FontName for 0 fonts.
2025-10-13 00:58:13,058 INFO Scanning afm files in /Library/Frameworks/R.framework/Versions/4.5-arm64/Resources/library/extrafontdb/metrics
2025-10-13 00:58:13,149 INFO .Keyboard already registered with pdfFont().
2025-10-13 00:58:13,149 INFO .New York already registered with pdfFont().
2025-10-13 00:58:13,149 INFO .SF Arabic already registered with pdfFont().
2025-10-13 00:58:13,149 INFO .SF Arabic Rounded already registered with pdfFont().
2025-10-13 00:58:13,149 INFO .SF Armenian already registered with pdfFont().
2025-10-13 00:58:13,149 INFO .SF Armenian Rounded already registered with pdfFont().
2025-10-13 00:58:13,149 INFO .SF Camera already registered with pdfFont().
2025-10-13 00:58:13,149 INFO .SF Compact already registered with pdfFont().
2025-10-13 00:58:13,149 INFO .SF Compact Rounded already registered with pdfFont().
2025-10-13 00:58:13,149 INFO .SF Georgian already registered with pdfFont().
2025-10-13 00:58:13,149 INFO .SF Georgian Rounded already registered with pdfFont().
2025-10-13 00:58:13,150 INFO .SF Hebrew already registered with pdfFont().
2025-10-13 00:58:13,150 INFO .SF Hebrew Rounded already registered with pdfFont().
2025-10-13 00:58:13,150 INFO .SF NS Mono already registered with pdfFont().
2025-10-13 00:58:13,150 INFO .SF NS Rounded already registered with pdfFont().
2025-10-13 00:58:13,150 INFO Academy Engraved LET already registered with pdfFont().
2025-10-13 00:58:13,150 INFO Andale Mono already registered with pdfFont().
2025-10-13 00:58:13,150 INFO More than one version of regular/bold/italic found for Apple Braille. Skipping setup for this font.
2025-10-13 00:58:13,150 INFO AppleMyungjo already registered with pdfFont().
2025-10-13 00:58:13,150 INFO Arial already registered with pdfFont().
2025-10-13 00:58:13,150 INFO Arial Black already registered with pdfFont().
2025-10-13 00:58:13,150 INFO Arial Narrow already registered with pdfFont().
2025-10-13 00:58:13,150 INFO Arial Rounded MT Bold already registered with pdfFont().
2025-10-13 00:58:13,150 INFO Arial Unicode MS already registered with pdfFont().
2025-10-13 00:58:13,150 INFO Bodoni 72 Smallcaps already registered with pdfFont().
2025-10-13 00:58:13,150 INFO Bodoni Ornaments already registered with pdfFont().
2025-10-13 00:58:13,150 INFO No regular (non-bold, non-italic) version of Brush Script MT. Skipping setup for this font.
2025-10-13 00:58:13,150 INFO Comic Sans MS already registered with pdfFont().
2025-10-13 00:58:13,150 INFO Courier New already registered with pdfFont().
2025-10-13 00:58:13,150 INFO No regular (non-bold, non-italic) version of DIN Alternate. Skipping setup for this font.
2025-10-13 00:58:13,150 INFO No regular (non-bold, non-italic) version of DIN Condensed. Skipping setup for this font.
2025-10-13 00:58:13,150 INFO Georgia already registered with pdfFont().
2025-10-13 00:58:13,150 INFO Impact already registered with pdfFont().
2025-10-13 00:58:13,150 INFO Khmer Sangam MN already registered with pdfFont().
2025-10-13 00:58:13,150 INFO Lao Sangam MN already registered with pdfFont().
2025-10-13 00:58:13,150 INFO Luminari already registered with pdfFont().
2025-10-13 00:58:13,150 INFO Microsoft Sans Serif already registered with pdfFont().
2025-10-13 00:58:13,150 INFO Noto Sans Adlam already registered with pdfFont().
2025-10-13 00:58:13,150 INFO Noto Sans Avestan already registered with pdfFont().
2025-10-13 00:58:13,150 INFO Noto Sans Bamum already registered with pdfFont().
2025-10-13 00:58:13,150 INFO Noto Sans Bassa Vah already registered with pdfFont().
2025-10-13 00:58:13,150 INFO Noto Sans Batak already registered with pdfFont().
2025-10-13 00:58:13,150 INFO Noto Sans Bhaiksuki already registered with pdfFont().
2025-10-13 00:58:13,150 INFO Noto Sans Brahmi already registered with pdfFont().
2025-10-13 00:58:13,150 INFO Noto Sans Buginese already registered with pdfFont().
2025-10-13 00:58:13,150 INFO Noto Sans Buhid already registered with pdfFont().
2025-10-13 00:58:13,150 INFO Noto Sans Carian already registered with pdfFont().
2025-10-13 00:58:13,150 INFO Noto Sans CaucAlban already registered with pdfFont().
2025-10-13 00:58:13,150 INFO Noto Sans Chakma already registered with pdfFont().
2025-10-13 00:58:13,150 INFO Noto Sans Cham already registered with pdfFont().
2025-10-13 00:58:13,150 INFO Noto Sans Coptic already registered with pdfFont().
2025-10-13 00:58:13,150 INFO Noto Sans Cuneiform already registered with pdfFont().
2025-10-13 00:58:13,150 INFO Noto Sans Cypriot already registered with pdfFont().
2025-10-13 00:58:13,150 INFO Noto Sans Duployan already registered with pdfFont().
2025-10-13 00:58:13,151 INFO Noto Sans EgyptHiero already registered with pdfFont().
2025-10-13 00:58:13,151 INFO Noto Sans Elbasan already registered with pdfFont().
2025-10-13 00:58:13,151 INFO Noto Sans Glagolitic already registered with pdfFont().
2025-10-13 00:58:13,151 INFO Noto Sans Gothic already registered with pdfFont().
2025-10-13 00:58:13,151 INFO Noto Sans HanifiRohg already registered with pdfFont().
2025-10-13 00:58:13,151 INFO Noto Sans Hanunoo already registered with pdfFont().
2025-10-13 00:58:13,151 INFO Noto Sans Hatran already registered with pdfFont().
2025-10-13 00:58:13,151 INFO Noto Sans ImpAramaic already registered with pdfFont().
2025-10-13 00:58:13,151 INFO Noto Sans InsPahlavi already registered with pdfFont().
2025-10-13 00:58:13,151 INFO Noto Sans InsParthi already registered with pdfFont().
2025-10-13 00:58:13,151 INFO Noto Sans Kaithi already registered with pdfFont().
2025-10-13 00:58:13,151 INFO Noto Sans Kayah Li already registered with pdfFont().
2025-10-13 00:58:13,151 INFO Noto Sans Kharoshthi already registered with pdfFont().
2025-10-13 00:58:13,151 INFO Noto Sans Khojki already registered with pdfFont().
2025-10-13 00:58:13,151 INFO Noto Sans Khudawadi already registered with pdfFont().
2025-10-13 00:58:13,151 INFO Noto Sans Lepcha already registered with pdfFont().
2025-10-13 00:58:13,151 INFO Noto Sans Limbu already registered with pdfFont().
2025-10-13 00:58:13,151 INFO Noto Sans Linear A already registered with pdfFont().
2025-10-13 00:58:13,151 INFO Noto Sans Linear B already registered with pdfFont().
2025-10-13 00:58:13,151 INFO Noto Sans Lisu already registered with pdfFont().
2025-10-13 00:58:13,151 INFO Noto Sans Lycian already registered with pdfFont().
2025-10-13 00:58:13,151 INFO Noto Sans Lydian already registered with pdfFont().
2025-10-13 00:58:13,151 INFO Noto Sans Mahajani already registered with pdfFont().
2025-10-13 00:58:13,151 INFO Noto Sans Mandaic already registered with pdfFont().
2025-10-13 00:58:13,151 INFO Noto Sans Manichaean already registered with pdfFont().
2025-10-13 00:58:13,151 INFO Noto Sans Marchen already registered with pdfFont().
2025-10-13 00:58:13,151 INFO Noto Sans MeeteiMayek already registered with pdfFont().
2025-10-13 00:58:13,151 INFO Noto Sans Mende Kikakui already registered with pdfFont().
2025-10-13 00:58:13,151 INFO Noto Sans Meroitic already registered with pdfFont().
2025-10-13 00:58:13,151 INFO Noto Sans Miao already registered with pdfFont().
2025-10-13 00:58:13,151 INFO Noto Sans Modi already registered with pdfFont().
2025-10-13 00:58:13,151 INFO Noto Sans Mongolian already registered with pdfFont().
2025-10-13 00:58:13,151 INFO Noto Sans Mro already registered with pdfFont().
2025-10-13 00:58:13,151 INFO Noto Sans Multani already registered with pdfFont().
2025-10-13 00:58:13,151 INFO Noto Sans Nabataean already registered with pdfFont().
2025-10-13 00:58:13,151 INFO Noto Sans Newa already registered with pdfFont().
2025-10-13 00:58:13,151 INFO Noto Sans NewTaiLue already registered with pdfFont().
2025-10-13 00:58:13,151 INFO Noto Sans NKo already registered with pdfFont().
2025-10-13 00:58:13,151 INFO Noto Sans Ol Chiki already registered with pdfFont().
2025-10-13 00:58:13,151 INFO No regular (non-bold, non-italic) version of Noto Sans Old Italic. Skipping setup for this font.
2025-10-13 00:58:13,152 INFO Noto Sans Old Permic already registered with pdfFont().
2025-10-13 00:58:13,152 INFO Noto Sans Old Turkic already registered with pdfFont().
2025-10-13 00:58:13,152 INFO Noto Sans OldHung already registered with pdfFont().
2025-10-13 00:58:13,152 INFO Noto Sans OldNorArab already registered with pdfFont().
2025-10-13 00:58:13,152 INFO Noto Sans OldPersian already registered with pdfFont().
2025-10-13 00:58:13,152 INFO Noto Sans OldSouArab already registered with pdfFont().
2025-10-13 00:58:13,152 INFO Noto Sans Osage already registered with pdfFont().
2025-10-13 00:58:13,152 INFO Noto Sans Osmanya already registered with pdfFont().
2025-10-13 00:58:13,152 INFO Noto Sans Pahawh Hmong already registered with pdfFont().
2025-10-13 00:58:13,152 INFO Noto Sans Palmyrene already registered with pdfFont().
2025-10-13 00:58:13,152 INFO Noto Sans PauCinHau already registered with pdfFont().
2025-10-13 00:58:13,152 INFO Noto Sans PhagsPa already registered with pdfFont().
2025-10-13 00:58:13,152 INFO Noto Sans Phoenician already registered with pdfFont().
2025-10-13 00:58:13,152 INFO Noto Sans PsaPahlavi already registered with pdfFont().
2025-10-13 00:58:13,152 INFO Noto Sans Rejang already registered with pdfFont().
2025-10-13 00:58:13,152 INFO Noto Sans Samaritan already registered with pdfFont().
2025-10-13 00:58:13,152 INFO Noto Sans Saurashtra already registered with pdfFont().
2025-10-13 00:58:13,152 INFO Noto Sans Sharada already registered with pdfFont().
2025-10-13 00:58:13,152 INFO Noto Sans SoraSomp already registered with pdfFont().
2025-10-13 00:58:13,152 INFO Noto Sans Sundanese already registered with pdfFont().
2025-10-13 00:58:13,152 INFO Noto Sans Syloti Nagri already registered with pdfFont().
2025-10-13 00:58:13,152 INFO Noto Sans Syriac already registered with pdfFont().
2025-10-13 00:58:13,152 INFO Noto Sans Tagalog already registered with pdfFont().
2025-10-13 00:58:13,152 INFO Noto Sans Tagbanwa already registered with pdfFont().
2025-10-13 00:58:13,152 INFO Noto Sans Tai Le already registered with pdfFont().
2025-10-13 00:58:13,152 INFO Noto Sans Tai Tham already registered with pdfFont().
2025-10-13 00:58:13,152 INFO Noto Sans Tai Viet already registered with pdfFont().
2025-10-13 00:58:13,152 INFO Noto Sans Takri already registered with pdfFont().
2025-10-13 00:58:13,152 INFO Noto Sans Thaana already registered with pdfFont().
2025-10-13 00:58:13,152 INFO Noto Sans Tirhuta already registered with pdfFont().
2025-10-13 00:58:13,152 INFO Noto Sans Ugaritic already registered with pdfFont().
2025-10-13 00:58:13,152 INFO Noto Sans Vai already registered with pdfFont().
2025-10-13 00:58:13,152 INFO Noto Sans Wancho already registered with pdfFont().
2025-10-13 00:58:13,152 INFO Noto Sans WarangCiti already registered with pdfFont().
2025-10-13 00:58:13,152 INFO Noto Sans Yi already registered with pdfFont().
2025-10-13 00:58:13,152 INFO Noto Serif Ahom already registered with pdfFont().
2025-10-13 00:58:13,152 INFO Noto Serif Balinese already registered with pdfFont().
2025-10-13 00:58:13,152 INFO Noto Serif Hmong Nyiakeng already registered with pdfFont().
2025-10-13 00:58:13,152 INFO Party LET already registered with pdfFont().
2025-10-13 00:58:13,152 INFO STIX Two Text already registered with pdfFont().
2025-10-13 00:58:13,152 INFO System Font already registered with pdfFont().
2025-10-13 00:58:13,152 INFO Tahoma already registered with pdfFont().
2025-10-13 00:58:13,152 INFO Times New Roman already registered with pdfFont().
2025-10-13 00:58:13,152 INFO Trattatello already registered with pdfFont().
2025-10-13 00:58:13,152 INFO Trebuchet MS already registered with pdfFont().
2025-10-13 00:58:13,152 INFO Verdana already registered with pdfFont().
2025-10-13 00:58:13,152 INFO Webdings already registered with pdfFont().
2025-10-13 00:58:13,152 INFO Wingdings already registered with pdfFont().
2025-10-13 00:58:13,152 INFO Wingdings 2 already registered with pdfFont().
2025-10-13 00:58:13,153 INFO Wingdings 3 already registered with pdfFont().
2025-10-13 00:58:13,157 INFO .Keyboard already registered with postscriptFont().
2025-10-13 00:58:13,157 INFO .New York already registered with postscriptFont().
2025-10-13 00:58:13,157 INFO .SF Arabic already registered with postscriptFont().
2025-10-13 00:58:13,157 INFO .SF Arabic Rounded already registered with postscriptFont().
2025-10-13 00:58:13,157 INFO .SF Armenian already registered with postscriptFont().
2025-10-13 00:58:13,157 INFO .SF Armenian Rounded already registered with postscriptFont().
2025-10-13 00:58:13,157 INFO .SF Camera already registered with postscriptFont().
2025-10-13 00:58:13,157 INFO .SF Compact already registered with postscriptFont().
2025-10-13 00:58:13,157 INFO .SF Compact Rounded already registered with postscriptFont().
2025-10-13 00:58:13,157 INFO .SF Georgian already registered with postscriptFont().
2025-10-13 00:58:13,157 INFO .SF Georgian Rounded already registered with postscriptFont().
2025-10-13 00:58:13,157 INFO .SF Hebrew already registered with postscriptFont().
2025-10-13 00:58:13,157 INFO .SF Hebrew Rounded already registered with postscriptFont().
2025-10-13 00:58:13,157 INFO .SF NS Mono already registered with postscriptFont().
2025-10-13 00:58:13,157 INFO .SF NS Rounded already registered with postscriptFont().
2025-10-13 00:58:13,157 INFO Academy Engraved LET already registered with postscriptFont().
2025-10-13 00:58:13,157 INFO Andale Mono already registered with postscriptFont().
2025-10-13 00:58:13,157 INFO More than one version of regular/bold/italic found for Apple Braille. Skipping setup for this font.
2025-10-13 00:58:13,157 INFO AppleMyungjo already registered with postscriptFont().
2025-10-13 00:58:13,157 INFO Arial already registered with postscriptFont().
2025-10-13 00:58:13,157 INFO Arial Black already registered with postscriptFont().
2025-10-13 00:58:13,157 INFO Arial Narrow already registered with postscriptFont().
2025-10-13 00:58:13,157 INFO Arial Rounded MT Bold already registered with postscriptFont().
2025-10-13 00:58:13,157 INFO Arial Unicode MS already registered with postscriptFont().
2025-10-13 00:58:13,157 INFO Bodoni 72 Smallcaps already registered with postscriptFont().
2025-10-13 00:58:13,157 INFO Bodoni Ornaments already registered with postscriptFont().
2025-10-13 00:58:13,157 INFO No regular (non-bold, non-italic) version of Brush Script MT. Skipping setup for this font.
2025-10-13 00:58:13,157 INFO Comic Sans MS already registered with postscriptFont().
2025-10-13 00:58:13,157 INFO Courier New already registered with postscriptFont().
2025-10-13 00:58:13,157 INFO No regular (non-bold, non-italic) version of DIN Alternate. Skipping setup for this font.
2025-10-13 00:58:13,157 INFO No regular (non-bold, non-italic) version of DIN Condensed. Skipping setup for this font.
2025-10-13 00:58:13,157 INFO Georgia already registered with postscriptFont().
2025-10-13 00:58:13,157 INFO Impact already registered with postscriptFont().
2025-10-13 00:58:13,157 INFO Khmer Sangam MN already registered with postscriptFont().
2025-10-13 00:58:13,157 INFO Lao Sangam MN already registered with postscriptFont().
2025-10-13 00:58:13,157 INFO Luminari already registered with postscriptFont().
2025-10-13 00:58:13,157 INFO Microsoft Sans Serif already registered with postscriptFont().
2025-10-13 00:58:13,158 INFO Noto Sans Adlam already registered with postscriptFont().
2025-10-13 00:58:13,158 INFO Noto Sans Avestan already registered with postscriptFont().
2025-10-13 00:58:13,158 INFO Noto Sans Bamum already registered with postscriptFont().
2025-10-13 00:58:13,158 INFO Noto Sans Bassa Vah already registered with postscriptFont().
2025-10-13 00:58:13,158 INFO Noto Sans Batak already registered with postscriptFont().
2025-10-13 00:58:13,158 INFO Noto Sans Bhaiksuki already registered with postscriptFont().
2025-10-13 00:58:13,158 INFO Noto Sans Brahmi already registered with postscriptFont().
2025-10-13 00:58:13,158 INFO Noto Sans Buginese already registered with postscriptFont().
2025-10-13 00:58:13,158 INFO Noto Sans Buhid already registered with postscriptFont().
2025-10-13 00:58:13,158 INFO Noto Sans Carian already registered with postscriptFont().
2025-10-13 00:58:13,158 INFO Noto Sans CaucAlban already registered with postscriptFont().
2025-10-13 00:58:13,158 INFO Noto Sans Chakma already registered with postscriptFont().
2025-10-13 00:58:13,158 INFO Noto Sans Cham already registered with postscriptFont().
2025-10-13 00:58:13,158 INFO Noto Sans Coptic already registered with postscriptFont().
2025-10-13 00:58:13,158 INFO Noto Sans Cuneiform already registered with postscriptFont().
2025-10-13 00:58:13,158 INFO Noto Sans Cypriot already registered with postscriptFont().
2025-10-13 00:58:13,158 INFO Noto Sans Duployan already registered with postscriptFont().
2025-10-13 00:58:13,158 INFO Noto Sans EgyptHiero already registered with postscriptFont().
2025-10-13 00:58:13,158 INFO Noto Sans Elbasan already registered with postscriptFont().
2025-10-13 00:58:13,158 INFO Noto Sans Glagolitic already registered with postscriptFont().
2025-10-13 00:58:13,158 INFO Noto Sans Gothic already registered with postscriptFont().
2025-10-13 00:58:13,158 INFO Noto Sans HanifiRohg already registered with postscriptFont().
2025-10-13 00:58:13,158 INFO Noto Sans Hanunoo already registered with postscriptFont().
2025-10-13 00:58:13,158 INFO Noto Sans Hatran already registered with postscriptFont().
2025-10-13 00:58:13,158 INFO Noto Sans ImpAramaic already registered with postscriptFont().
2025-10-13 00:58:13,158 INFO Noto Sans InsPahlavi already registered with postscriptFont().
2025-10-13 00:58:13,158 INFO Noto Sans InsParthi already registered with postscriptFont().
2025-10-13 00:58:13,158 INFO Noto Sans Kaithi already registered with postscriptFont().
2025-10-13 00:58:13,158 INFO Noto Sans Kayah Li already registered with postscriptFont().
2025-10-13 00:58:13,158 INFO Noto Sans Kharoshthi already registered with postscriptFont().
2025-10-13 00:58:13,158 INFO Noto Sans Khojki already registered with postscriptFont().
2025-10-13 00:58:13,158 INFO Noto Sans Khudawadi already registered with postscriptFont().
2025-10-13 00:58:13,158 INFO Noto Sans Lepcha already registered with postscriptFont().
2025-10-13 00:58:13,158 INFO Noto Sans Limbu already registered with postscriptFont().
2025-10-13 00:58:13,158 INFO Noto Sans Linear A already registered with postscriptFont().
2025-10-13 00:58:13,158 INFO Noto Sans Linear B already registered with postscriptFont().
2025-10-13 00:58:13,158 INFO Noto Sans Lisu already registered with postscriptFont().
2025-10-13 00:58:13,158 INFO Noto Sans Lycian already registered with postscriptFont().
2025-10-13 00:58:13,158 INFO Noto Sans Lydian already registered with postscriptFont().
2025-10-13 00:58:13,158 INFO Noto Sans Mahajani already registered with postscriptFont().
2025-10-13 00:58:13,159 INFO Noto Sans Mandaic already registered with postscriptFont().
2025-10-13 00:58:13,159 INFO Noto Sans Manichaean already registered with postscriptFont().
2025-10-13 00:58:13,159 INFO Noto Sans Marchen already registered with postscriptFont().
2025-10-13 00:58:13,159 INFO Noto Sans MeeteiMayek already registered with postscriptFont().
2025-10-13 00:58:13,159 INFO Noto Sans Mende Kikakui already registered with postscriptFont().
2025-10-13 00:58:13,159 INFO Noto Sans Meroitic already registered with postscriptFont().
2025-10-13 00:58:13,159 INFO Noto Sans Miao already registered with postscriptFont().
2025-10-13 00:58:13,159 INFO Noto Sans Modi already registered with postscriptFont().
2025-10-13 00:58:13,159 INFO Noto Sans Mongolian already registered with postscriptFont().
2025-10-13 00:58:13,159 INFO Noto Sans Mro already registered with postscriptFont().
2025-10-13 00:58:13,159 INFO Noto Sans Multani already registered with postscriptFont().
2025-10-13 00:58:13,159 INFO Noto Sans Nabataean already registered with postscriptFont().
2025-10-13 00:58:13,159 INFO Noto Sans Newa already registered with postscriptFont().
2025-10-13 00:58:13,159 INFO Noto Sans NewTaiLue already registered with postscriptFont().
2025-10-13 00:58:13,159 INFO Noto Sans NKo already registered with postscriptFont().
2025-10-13 00:58:13,159 INFO Noto Sans Ol Chiki already registered with postscriptFont().
2025-10-13 00:58:13,159 INFO No regular (non-bold, non-italic) version of Noto Sans Old Italic. Skipping setup for this font.
2025-10-13 00:58:13,159 INFO Noto Sans Old Permic already registered with postscriptFont().
2025-10-13 00:58:13,159 INFO Noto Sans Old Turkic already registered with postscriptFont().
2025-10-13 00:58:13,159 INFO Noto Sans OldHung already registered with postscriptFont().
2025-10-13 00:58:13,159 INFO Noto Sans OldNorArab already registered with postscriptFont().
2025-10-13 00:58:13,159 INFO Noto Sans OldPersian already registered with postscriptFont().
2025-10-13 00:58:13,159 INFO Noto Sans OldSouArab already registered with postscriptFont().
2025-10-13 00:58:13,159 INFO Noto Sans Osage already registered with postscriptFont().
2025-10-13 00:58:13,159 INFO Noto Sans Osmanya already registered with postscriptFont().
2025-10-13 00:58:13,159 INFO Noto Sans Pahawh Hmong already registered with postscriptFont().
2025-10-13 00:58:13,159 INFO Noto Sans Palmyrene already registered with postscriptFont().
2025-10-13 00:58:13,159 INFO Noto Sans PauCinHau already registered with postscriptFont().
2025-10-13 00:58:13,159 INFO Noto Sans PhagsPa already registered with postscriptFont().
2025-10-13 00:58:13,159 INFO Noto Sans Phoenician already registered with postscriptFont().
2025-10-13 00:58:13,159 INFO Noto Sans PsaPahlavi already registered with postscriptFont().
2025-10-13 00:58:13,159 INFO Noto Sans Rejang already registered with postscriptFont().
2025-10-13 00:58:13,159 INFO Noto Sans Samaritan already registered with postscriptFont().
2025-10-13 00:58:13,160 INFO Noto Sans Saurashtra already registered with postscriptFont().
2025-10-13 00:58:13,160 INFO Noto Sans Sharada already registered with postscriptFont().
2025-10-13 00:58:13,160 INFO Noto Sans SoraSomp already registered with postscriptFont().
2025-10-13 00:58:13,160 INFO Noto Sans Sundanese already registered with postscriptFont().
2025-10-13 00:58:13,160 INFO Noto Sans Syloti Nagri already registered with postscriptFont().
2025-10-13 00:58:13,160 INFO Noto Sans Syriac already registered with postscriptFont().
2025-10-13 00:58:13,160 INFO Noto Sans Tagalog already registered with postscriptFont().
2025-10-13 00:58:13,160 INFO Noto Sans Tagbanwa already registered with postscriptFont().
2025-10-13 00:58:13,160 INFO Noto Sans Tai Le already registered with postscriptFont().
2025-10-13 00:58:13,160 INFO Noto Sans Tai Tham already registered with postscriptFont().
2025-10-13 00:58:13,160 INFO Noto Sans Tai Viet already registered with postscriptFont().
2025-10-13 00:58:13,160 INFO Noto Sans Takri already registered with postscriptFont().
2025-10-13 00:58:13,160 INFO Noto Sans Thaana already registered with postscriptFont().
2025-10-13 00:58:13,160 INFO Noto Sans Tirhuta already registered with postscriptFont().
2025-10-13 00:58:13,160 INFO Noto Sans Ugaritic already registered with postscriptFont().
2025-10-13 00:58:13,160 INFO Noto Sans Vai already registered with postscriptFont().
2025-10-13 00:58:13,160 INFO Noto Sans Wancho already registered with postscriptFont().
2025-10-13 00:58:13,160 INFO Noto Sans WarangCiti already registered with postscriptFont().
2025-10-13 00:58:13,160 INFO Noto Sans Yi already registered with postscriptFont().
2025-10-13 00:58:13,160 INFO Noto Serif Ahom already registered with postscriptFont().
2025-10-13 00:58:13,160 INFO Noto Serif Balinese already registered with postscriptFont().
2025-10-13 00:58:13,160 INFO Noto Serif Hmong Nyiakeng already registered with postscriptFont().
2025-10-13 00:58:13,160 INFO Party LET already registered with postscriptFont().
2025-10-13 00:58:13,160 INFO STIX Two Text already registered with postscriptFont().
2025-10-13 00:58:13,160 INFO System Font already registered with postscriptFont().
2025-10-13 00:58:13,160 INFO Tahoma already registered with postscriptFont().
2025-10-13 00:58:13,160 INFO Times New Roman already registered with postscriptFont().
2025-10-13 00:58:13,160 INFO Trattatello already registered with postscriptFont().
2025-10-13 00:58:13,160 INFO Trebuchet MS already registered with postscriptFont().
2025-10-13 00:58:13,160 INFO Verdana already registered with postscriptFont().
2025-10-13 00:58:13,160 INFO Webdings already registered with postscriptFont().
2025-10-13 00:58:13,160 INFO Wingdings already registered with postscriptFont().
2025-10-13 00:58:13,160 INFO Wingdings 2 already registered with postscriptFont().
2025-10-13 00:58:13,160 INFO Wingdings 3 already registered with postscriptFont().
2025-10-13 00:58:15,006 INFO [1] "DEBUG----------------------------------"
2025-10-13 00:58:15,006 INFO Error in eval(ei, envir) : object 'player_conditions' not found
2025-10-13 00:58:15,006 INFO Calls: source ... eval -> eval -> cat -> %in% -> colnames -> is.data.frame
2025-10-13 00:58:15,006 INFO In addition: Warning messages:
2025-10-13 00:58:15,006 INFO 1: In system2(enc2native(ttf2pt1), c(args, shQuote(ttfiles[i]), shQuote(tmpfiles[i])),  :
2025-10-13 00:58:15,006 INFO   running command ''/Library/Frameworks/R.framework/Versions/4.5-arm64/Resources/library/Rttf2pt1/exec//ttf2pt1' -a -GfAe '/System/Library/Fonts/Apple Symbols.ttf' '/var/folders/73/jl9lgbkj511fwjxkl9cvw7q00000gq/T//RtmpdeynCl/fonts/Apple Symbols' 2>&1' had status 1
2025-10-13 00:58:15,006 INFO 2: In system2(enc2native(ttf2pt1), c(args, shQuote(ttfiles[i]), shQuote(tmpfiles[i])),  :
2025-10-13 00:58:15,007 INFO   running command ''/Library/Frameworks/R.framework/Versions/4.5-arm64/Resources/library/Rttf2pt1/exec//ttf2pt1' -a -GfAe '/System/Library/Fonts/Geneva.ttf' '/var/folders/73/jl9lgbkj511fwjxkl9cvw7q00000gq/T//RtmpdeynCl/fonts/Geneva' 2>&1' had status 1
2025-10-13 00:58:15,007 INFO 3: In system2(enc2native(ttf2pt1), c(args, shQuote(ttfiles[i]), shQuote(tmpfiles[i])),  :
2025-10-13 00:58:15,007 INFO   running command ''/Library/Frameworks/R.framework/Versions/4.5-arm64/Resources/library/Rttf2pt1/exec//ttf2pt1' -a -GfAe '/System/Library/Fonts/Supplemental/Chalkduster.ttf' '/var/folders/73/jl9lgbkj511fwjxkl9cvw7q00000gq/T//RtmpdeynCl/fonts/Chalkduster' 2>&1' had status 134
2025-10-13 00:58:15,007 INFO 4: In system2(enc2native(ttf2pt1), c(args, shQuote(ttfiles[i]), shQuote(tmpfiles[i])),  :
2025-10-13 00:58:15,007 INFO   running command ''/Library/Frameworks/R.framework/Versions/4.5-arm64/Resources/library/Rttf2pt1/exec//ttf2pt1' -a -GfAe '/System/Library/Fonts/Supplemental/Chalkduster.ttf' '/var/folders/73/jl9lgbkj511fwjxkl9cvw7q00000gq/T//RtmpdeynCl/fonts/Chalkduster' 2>&1' had status 134
2025-10-13 00:58:15,007 INFO 5: In system2(enc2native(ttf2pt1), c(args, shQuote(ttfiles[i]), shQuote(tmpfiles[i])),  :
2025-10-13 00:58:15,007 INFO   running command ''/Library/Frameworks/R.framework/Versions/4.5-arm64/Resources/library/Rttf2pt1/exec//ttf2pt1' -a -GfAe '/System/Library/Fonts/Supplemental/Kokonor.ttf' '/var/folders/73/jl9lgbkj511fwjxkl9cvw7q00000gq/T//RtmpdeynCl/fonts/Kokonor' 2>&1' had status 134
2025-10-13 00:58:15,007 INFO 6: In system2(enc2native(ttf2pt1), c(args, shQuote(ttfiles[i]), shQuote(tmpfiles[i])),  :
2025-10-13 00:58:15,007 INFO   running command ''/Library/Frameworks/R.framework/Versions/4.5-arm64/Resources/library/Rttf2pt1/exec//ttf2pt1' -a -GfAe '/System/Library/Fonts/Supplemental/Kokonor.ttf' '/var/folders/73/jl9lgbkj511fwjxkl9cvw7q00000gq/T//RtmpdeynCl/fonts/Kokonor' 2>&1' had status 134
2025-10-13 00:58:15,007 INFO 7: In system2(enc2native(ttf2pt1), c(args, shQuote(ttfiles[i]), shQuote(tmpfiles[i])),  :
2025-10-13 00:58:15,007 INFO   running command ''/Library/Frameworks/R.framework/Versions/4.5-arm64/Resources/library/Rttf2pt1/exec//ttf2pt1' -a -GfAe '/System/Library/Fonts/Supplemental/NISC18030.ttf' '/var/folders/73/jl9lgbkj511fwjxkl9cvw7q00000gq/T//RtmpdeynCl/fonts/NISC18030' 2>&1' had status 1
2025-10-13 00:58:15,007 INFO 8: In system2(enc2native(ttf2pt1), c(args, shQuote(ttfiles[i]), shQuote(tmpfiles[i])),  :
2025-10-13 00:58:15,007 INFO   running command ''/Library/Frameworks/R.framework/Versions/4.5-arm64/Resources/library/Rttf2pt1/exec//ttf2pt1' -a -GfAe '/System/Library/Fonts/Supplemental/NISC18030.ttf' '/var/folders/73/jl9lgbkj511fwjxkl9cvw7q00000gq/T//RtmpdeynCl/fonts/NISC18030' 2>&1' had status 1
2025-10-13 00:58:15,007 INFO 9: There were 3 warnings in `mutate()`.
2025-10-13 00:58:15,007 INFO The first warning was:
2025-10-13 00:58:15,007 INFO ℹ In argument: `data = purrr::map(...)`.
2025-10-13 00:58:15,007 INFO Caused by warning:
2025-10-13 00:58:15,007 INFO ! One or more parsing issues, call `problems()` on your data frame for details,
2025-10-13 00:58:15,007 INFO e.g.:
2025-10-13 00:58:15,007 INFO   dat <- vroom(...)
2025-10-13 00:58:15,007 INFO   problems(dat)
2025-10-13 00:58:15,007 INFO ℹ Run `dplyr::last_dplyr_warnings()` to see the 2 remaining warnings.
2025-10-13 00:58:15,007 INFO Execution halted
2025-10-13 00:58:15,031 ERROR Error during group_advantage.raw_data_cleaning after 46.315 sec
Traceback (most recent call last):
  File "/Users/xehu/Desktop/task-mapping/analysis/run_master.py", line 414, in time_callable
    res = func()
  File "/Users/xehu/Desktop/task-mapping/analysis/run_master.py", line 552, in <lambda>
    results.append(time_callable('group_advantage.raw_data_cleaning', lambda: run_r_script(r_script_clean)))
  File "/Users/xehu/Desktop/task-mapping/analysis/run_master.py", line 355, in run_r_script
    raise RuntimeError(f'R script failed (exit {rc}): {r_path}')
RuntimeError: R script failed (exit 1): /Users/xehu/Desktop/task-mapping/analysis/analysis_group_advantage/raw_data_cleaning.R
