2025-10-13 00:52:09,153 INFO Starting analysis master script
2025-10-13 00:52:09,154 INFO Running group_advantage pipeline
2025-10-13 00:52:09,154 INFO Timing: group_advantage.raw_data_cleaning
2025-10-13 00:52:09,154 INFO Running R script /Users/xehu/Desktop/task-mapping/analysis/analysis_group_advantage/raw_data_cleaning.R
2025-10-13 00:52:09,154 INFO Running command: /usr/local/bin/Rscript -e set.seed(as.integer(Sys.getenv('ANALYSIS_SEED', '19104'))); source('raw_data_cleaning.R') (cwd=/Users/xehu/Desktop/task-mapping/analysis/analysis_group_advantage)
2025-10-13 00:52:09,259 INFO 
2025-10-13 00:52:09,260 INFO Attaching package: ‘pls’
2025-10-13 00:52:09,260 INFO 
2025-10-13 00:52:09,260 INFO The following object is masked from ‘package:stats’:
2025-10-13 00:52:09,260 INFO 
2025-10-13 00:52:09,260 INFO     loadings
2025-10-13 00:52:09,260 INFO 
2025-10-13 00:52:09,263 INFO randomForest 4.7-1.2
2025-10-13 00:52:09,263 INFO Type rfNews() to see new features/changes/bug fixes.
2025-10-13 00:52:09,629 INFO Loading required package: ggplot2
2025-10-13 00:52:09,867 INFO 
2025-10-13 00:52:09,867 INFO Attaching package: ‘ggplot2’
2025-10-13 00:52:09,867 INFO 
2025-10-13 00:52:09,867 INFO The following object is masked from ‘package:randomForest’:
2025-10-13 00:52:09,867 INFO 
2025-10-13 00:52:09,868 INFO     margin
2025-10-13 00:52:09,868 INFO 
2025-10-13 00:52:09,868 INFO Loading required package: lattice
2025-10-13 00:52:10,125 INFO 
2025-10-13 00:52:10,125 INFO Attaching package: ‘caret’
2025-10-13 00:52:10,125 INFO 
2025-10-13 00:52:10,125 INFO The following object is masked from ‘package:pls’:
2025-10-13 00:52:10,125 INFO 
2025-10-13 00:52:10,125 INFO     R2
2025-10-13 00:52:10,125 INFO 
2025-10-13 00:52:10,126 INFO Loading required package: foreach
2025-10-13 00:52:10,128 INFO Loading required package: iterators
2025-10-13 00:52:10,129 INFO Loading required package: parallel
2025-10-13 00:52:10,222 INFO Registering fonts with R
2025-10-13 00:52:10,269 INFO 
2025-10-13 00:52:10,269 INFO Please cite as:
2025-10-13 00:52:10,269 INFO 
2025-10-13 00:52:10,269 INFO  Hlavac, Marek (2022). stargazer: Well-Formatted Regression and Summary Statistics Tables.
2025-10-13 00:52:10,269 INFO  R package version 5.2.3. https://CRAN.R-project.org/package=stargazer
2025-10-13 00:52:10,269 INFO 
2025-10-13 00:52:10,314 INFO ── Attaching core tidyverse packages ──────────────────────── tidyverse 2.0.0 ──
2025-10-13 00:52:10,314 INFO ✔ dplyr     1.1.4     ✔ readr     2.1.5
2025-10-13 00:52:10,314 INFO ✔ forcats   1.0.1     ✔ stringr   1.5.2
2025-10-13 00:52:10,314 INFO ✔ lubridate 1.9.4     ✔ tibble    3.3.0
2025-10-13 00:52:10,314 INFO ✔ purrr     1.1.0     ✔ tidyr     1.3.1
2025-10-13 00:52:10,347 INFO ── Conflicts ────────────────────────────────────────── tidyverse_conflicts() ──
2025-10-13 00:52:10,347 INFO ✖ purrr::accumulate() masks foreach::accumulate()
2025-10-13 00:52:10,347 INFO ✖ dplyr::combine()    masks randomForest::combine()
2025-10-13 00:52:10,347 INFO ✖ dplyr::filter()     masks stats::filter()
2025-10-13 00:52:10,347 INFO ✖ purrr::flatten()    masks jsonlite::flatten()
2025-10-13 00:52:10,347 INFO ✖ dplyr::lag()        masks stats::lag()
2025-10-13 00:52:10,347 INFO ✖ purrr::lift()       masks caret::lift()
2025-10-13 00:52:10,347 INFO ✖ ggplot2::margin()   masks randomForest::margin()
2025-10-13 00:52:10,347 INFO ✖ dplyr::slice()      masks xgboost::slice()
2025-10-13 00:52:10,347 INFO ✖ purrr::when()       masks foreach::when()
2025-10-13 00:52:10,347 INFO ℹ Use the conflicted package (<http://conflicted.r-lib.org/>) to force all conflicts to become errors
2025-10-13 00:52:10,360 INFO Scanning ttf files in /Library/Fonts/, /System/Library/Fonts, /System/Library/Fonts/Supplemental, ~/Library/Fonts/ ...
2025-10-13 00:52:10,360 INFO Extracting .afm files from .ttf files...
2025-10-13 00:52:12,934 INFO /System/Library/Fonts/Supplemental/Arial Unicode.ttf : ArialUnicodeMS already registered in fonts database. Skipping.
2025-10-13 00:52:13,012 INFO /System/Library/Fonts/Apple Braille Outline 6 Dot.ttf : AppleBraille-Outline6Dot already registered in fonts database. Skipping.
2025-10-13 00:52:13,095 INFO /System/Library/Fonts/Apple Braille Outline 8 Dot.ttf : AppleBraille-Outline8Dot already registered in fonts database. Skipping.
2025-10-13 00:52:13,147 INFO /System/Library/Fonts/Apple Braille Pinpoint 6 Dot.ttf : AppleBraille-Pinpoint6Dot already registered in fonts database. Skipping.
2025-10-13 00:52:13,200 INFO /System/Library/Fonts/Apple Braille Pinpoint 8 Dot.ttf : AppleBraille-Pinpoint8Dot already registered in fonts database. Skipping.
2025-10-13 00:52:13,233 INFO /System/Library/Fonts/Apple Braille.ttf : AppleBraille already registered in fonts database. Skipping.
2025-10-13 00:52:13,257 INFO /System/Library/Fonts/Apple Symbols.ttf : No FontName. Skipping.
2025-10-13 00:52:13,276 INFO /System/Library/Fonts/Geneva.ttf : No FontName. Skipping.
2025-10-13 00:52:13,291 INFO /System/Library/Fonts/Keyboard.ttf : -Keyboard already registered in fonts database. Skipping.
2025-10-13 00:52:13,340 INFO /System/Library/Fonts/Monaco.ttf : No FontName. Skipping.
2025-10-13 00:52:13,429 INFO /System/Library/Fonts/NewYork.ttf : -NewYork-Regular already registered in fonts database. Skipping.
2025-10-13 00:52:13,506 INFO /System/Library/Fonts/NewYorkItalic.ttf : -NewYork-RegularItalic already registered in fonts database. Skipping.
2025-10-13 00:52:13,586 INFO /System/Library/Fonts/SFArabic.ttf : -SFArabic-Regular already registered in fonts database. Skipping.
2025-10-13 00:52:13,687 INFO /System/Library/Fonts/SFArabicRounded.ttf : -SFArabicRounded-Regular already registered in fonts database. Skipping.
2025-10-13 00:52:13,701 INFO /System/Library/Fonts/SFArmenian.ttf : -SFArmenian-Regular already registered in fonts database. Skipping.
2025-10-13 00:52:13,716 INFO /System/Library/Fonts/SFArmenianRounded.ttf : -SFArmenianRounded-Regular already registered in fonts database. Skipping.
2025-10-13 00:52:13,731 INFO /System/Library/Fonts/SFCamera.ttf : --SFCamera-Regular already registered in fonts database. Skipping.
2025-10-13 00:52:13,834 INFO /System/Library/Fonts/SFCompact.ttf : -SFCompact-Black already registered in fonts database. Skipping.
2025-10-13 00:52:13,917 INFO /System/Library/Fonts/SFCompactItalic.ttf : -SFCompact-BlackItalic already registered in fonts database. Skipping.
2025-10-13 00:52:14,023 INFO /System/Library/Fonts/SFCompactRounded.ttf : --SFCompactRounded-Regular already registered in fonts database. Skipping.
2025-10-13 00:52:14,038 INFO /System/Library/Fonts/SFGeorgian.ttf : -SFGeorgian-Regular already registered in fonts database. Skipping.
2025-10-13 00:52:14,054 INFO /System/Library/Fonts/SFGeorgianRounded.ttf : -SFGeorgianRounded-Regular already registered in fonts database. Skipping.
2025-10-13 00:52:14,063 INFO /System/Library/Fonts/SFHebrew.ttf : -SFHebrew-Regular already registered in fonts database. Skipping.
2025-10-13 00:52:14,074 INFO /System/Library/Fonts/SFHebrewRounded.ttf : -SFHebrewRounded-Regular already registered in fonts database. Skipping.
2025-10-13 00:52:14,199 INFO /System/Library/Fonts/SFNS.ttf : -SFNS-Regular already registered in fonts database. Skipping.
2025-10-13 00:52:14,281 INFO /System/Library/Fonts/SFNSItalic.ttf : -SFNS-RegularItalic already registered in fonts database. Skipping.
2025-10-13 00:52:14,334 INFO /System/Library/Fonts/SFNSMono.ttf : -SFNSMono-Light already registered in fonts database. Skipping.
2025-10-13 00:52:14,381 INFO /System/Library/Fonts/SFNSMonoItalic.ttf : -SFNSMono-LightItalic already registered in fonts database. Skipping.
2025-10-13 00:52:14,477 INFO /System/Library/Fonts/SFNSRounded.ttf : -SFNSRounded-Regular already registered in fonts database. Skipping.
2025-10-13 00:52:14,534 INFO /System/Library/Fonts/Supplemental/Academy Engraved LET Fonts.ttf : AcademyEngravedLetPlain already registered in fonts database. Skipping.
2025-10-13 00:52:14,592 INFO /System/Library/Fonts/Supplemental/Academy Engraved LET Fonts.ttf : AcademyEngravedLetPlain already registered in fonts database. Skipping.
2025-10-13 00:52:14,608 INFO /System/Library/Fonts/Supplemental/Andale Mono.ttf : AndaleMono already registered in fonts database. Skipping.
2025-10-13 00:52:14,624 INFO /System/Library/Fonts/Supplemental/Andale Mono.ttf : AndaleMono already registered in fonts database. Skipping.
2025-10-13 00:52:14,667 INFO /System/Library/Fonts/Supplemental/Apple Chancery.ttf : No FontName. Skipping.
2025-10-13 00:52:14,710 INFO /System/Library/Fonts/Supplemental/Apple Chancery.ttf : No FontName. Skipping.
2025-10-13 00:52:18,173 INFO /System/Library/Fonts/Supplemental/AppleGothic.ttf : No FontName. Skipping.
2025-10-13 00:52:21,529 INFO /System/Library/Fonts/Supplemental/AppleGothic.ttf : No FontName. Skipping.
2025-10-13 00:52:25,915 INFO /System/Library/Fonts/Supplemental/AppleMyungjo.ttf : AppleMyungjo already registered in fonts database. Skipping.
2025-10-13 00:52:30,091 INFO /System/Library/Fonts/Supplemental/AppleMyungjo.ttf : AppleMyungjo already registered in fonts database. Skipping.
2025-10-13 00:52:30,112 INFO /System/Library/Fonts/Supplemental/Arial Black.ttf : Arial-Black already registered in fonts database. Skipping.
2025-10-13 00:52:30,133 INFO /System/Library/Fonts/Supplemental/Arial Black.ttf : Arial-Black already registered in fonts database. Skipping.
2025-10-13 00:52:30,201 INFO /System/Library/Fonts/Supplemental/Arial Bold Italic.ttf : Arial-BoldItalicMT already registered in fonts database. Skipping.
2025-10-13 00:52:30,271 INFO /System/Library/Fonts/Supplemental/Arial Bold Italic.ttf : Arial-BoldItalicMT already registered in fonts database. Skipping.
2025-10-13 00:52:30,413 INFO /System/Library/Fonts/Supplemental/Arial Bold.ttf : Arial-BoldMT already registered in fonts database. Skipping.
2025-10-13 00:52:30,518 INFO /System/Library/Fonts/Supplemental/Arial Bold.ttf : Arial-BoldMT already registered in fonts database. Skipping.
2025-10-13 00:52:30,593 INFO /System/Library/Fonts/Supplemental/Arial Italic.ttf : Arial-ItalicMT already registered in fonts database. Skipping.
2025-10-13 00:52:30,668 INFO /System/Library/Fonts/Supplemental/Arial Italic.ttf : Arial-ItalicMT already registered in fonts database. Skipping.
2025-10-13 00:52:30,688 INFO /System/Library/Fonts/Supplemental/Arial Narrow Bold Italic.ttf : ArialNarrow-BoldItalic already registered in fonts database. Skipping.
2025-10-13 00:52:30,708 INFO /System/Library/Fonts/Supplemental/Arial Narrow Bold Italic.ttf : ArialNarrow-BoldItalic already registered in fonts database. Skipping.
2025-10-13 00:52:30,730 INFO /System/Library/Fonts/Supplemental/Arial Narrow Bold.ttf : ArialNarrow-Bold already registered in fonts database. Skipping.
2025-10-13 00:52:30,750 INFO /System/Library/Fonts/Supplemental/Arial Narrow Bold.ttf : ArialNarrow-Bold already registered in fonts database. Skipping.
2025-10-13 00:52:30,770 INFO /System/Library/Fonts/Supplemental/Arial Narrow Italic.ttf : ArialNarrow-Italic already registered in fonts database. Skipping.
2025-10-13 00:52:30,792 INFO /System/Library/Fonts/Supplemental/Arial Narrow Italic.ttf : ArialNarrow-Italic already registered in fonts database. Skipping.
2025-10-13 00:52:30,812 INFO /System/Library/Fonts/Supplemental/Arial Narrow.ttf : ArialNarrow already registered in fonts database. Skipping.
2025-10-13 00:52:30,832 INFO /System/Library/Fonts/Supplemental/Arial Narrow.ttf : ArialNarrow already registered in fonts database. Skipping.
2025-10-13 00:52:30,850 INFO /System/Library/Fonts/Supplemental/Arial Rounded Bold.ttf : ArialRoundedMTBold already registered in fonts database. Skipping.
2025-10-13 00:52:30,867 INFO /System/Library/Fonts/Supplemental/Arial Rounded Bold.ttf : ArialRoundedMTBold already registered in fonts database. Skipping.
2025-10-13 00:52:33,453 INFO /System/Library/Fonts/Supplemental/Arial Unicode.ttf : ArialUnicodeMS already registered in fonts database. Skipping.
2025-10-13 00:52:36,022 INFO /System/Library/Fonts/Supplemental/Arial Unicode.ttf : ArialUnicodeMS already registered in fonts database. Skipping.
2025-10-13 00:52:36,135 INFO /System/Library/Fonts/Supplemental/Arial.ttf : ArialMT already registered in fonts database. Skipping.
2025-10-13 00:52:36,249 INFO /System/Library/Fonts/Supplemental/Arial.ttf : ArialMT already registered in fonts database. Skipping.
2025-10-13 00:52:36,286 INFO /System/Library/Fonts/Supplemental/Ayuthaya.ttf : No FontName. Skipping.
2025-10-13 00:52:36,323 INFO /System/Library/Fonts/Supplemental/Ayuthaya.ttf : No FontName. Skipping.
2025-10-13 00:52:36,464 INFO /System/Library/Fonts/Supplemental/BigCaslon.ttf : No FontName. Skipping.
2025-10-13 00:52:36,606 INFO /System/Library/Fonts/Supplemental/BigCaslon.ttf : No FontName. Skipping.
2025-10-13 00:52:36,628 INFO /System/Library/Fonts/Supplemental/Bodoni 72 Smallcaps Book.ttf : BodoniSvtyTwoSCITCTT-Book already registered in fonts database. Skipping.
2025-10-13 00:52:36,650 INFO /System/Library/Fonts/Supplemental/Bodoni 72 Smallcaps Book.ttf : BodoniSvtyTwoSCITCTT-Book already registered in fonts database. Skipping.
2025-10-13 00:52:36,679 INFO /System/Library/Fonts/Supplemental/Bodoni Ornaments.ttf : BodoniOrnamentsITCTT already registered in fonts database. Skipping.
2025-10-13 00:52:36,708 INFO /System/Library/Fonts/Supplemental/Bodoni Ornaments.ttf : BodoniOrnamentsITCTT already registered in fonts database. Skipping.
2025-10-13 00:52:36,983 INFO /System/Library/Fonts/Supplemental/Bradley Hand Bold.ttf : Bradley-Hand-Bold already registered in fonts database. Skipping.
2025-10-13 00:52:37,258 INFO /System/Library/Fonts/Supplemental/Bradley Hand Bold.ttf : Bradley-Hand-Bold already registered in fonts database. Skipping.
2025-10-13 00:52:37,422 INFO /System/Library/Fonts/Supplemental/Brush Script.ttf : BrushScriptMT already registered in fonts database. Skipping.
2025-10-13 00:52:37,584 INFO /System/Library/Fonts/Supplemental/Brush Script.ttf : BrushScriptMT already registered in fonts database. Skipping.
2025-10-13 00:52:37,601 INFO /System/Library/Fonts/Supplemental/Chalkduster.ttfsh: line 1: 36045 Abort trap: 6           '/Library/Frameworks/R.framework/Versions/4.5-arm64/Resources/library/Rttf2pt1/exec//ttf2pt1' -a -GfAe '/System/Library/Fonts/Supplemental/Chalkduster.ttf' '/var/folders/73/jl9lgbkj511fwjxkl9cvw7q00000gq/T//RtmpG2UVvm/fonts/Chalkduster' 2>&1
2025-10-13 00:52:37,601 INFO  : No FontName. Skipping.
2025-10-13 00:52:37,618 INFO /System/Library/Fonts/Supplemental/Chalkduster.ttfsh: line 1: 36047 Abort trap: 6           '/Library/Frameworks/R.framework/Versions/4.5-arm64/Resources/library/Rttf2pt1/exec//ttf2pt1' -a -GfAe '/System/Library/Fonts/Supplemental/Chalkduster.ttf' '/var/folders/73/jl9lgbkj511fwjxkl9cvw7q00000gq/T//RtmpG2UVvm/fonts/Chalkduster' 2>&1
2025-10-13 00:52:37,619 INFO  : No FontName. Skipping.
2025-10-13 00:52:37,678 INFO /System/Library/Fonts/Supplemental/Comic Sans MS Bold.ttf : ComicSansMS-Bold already registered in fonts database. Skipping.
2025-10-13 00:52:37,737 INFO /System/Library/Fonts/Supplemental/Comic Sans MS Bold.ttf : ComicSansMS-Bold already registered in fonts database. Skipping.
2025-10-13 00:52:37,785 INFO /System/Library/Fonts/Supplemental/Comic Sans MS.ttf : ComicSansMS already registered in fonts database. Skipping.
2025-10-13 00:52:37,833 INFO /System/Library/Fonts/Supplemental/Comic Sans MS.ttf : ComicSansMS already registered in fonts database. Skipping.
2025-10-13 00:52:37,934 INFO /System/Library/Fonts/Supplemental/Courier New Bold Italic.ttf : CourierNewPS-BoldItalicMT already registered in fonts database. Skipping.
2025-10-13 00:52:38,035 INFO /System/Library/Fonts/Supplemental/Courier New Bold Italic.ttf : CourierNewPS-BoldItalicMT already registered in fonts database. Skipping.
2025-10-13 00:52:38,155 INFO /System/Library/Fonts/Supplemental/Courier New Bold.ttf : CourierNewPS-BoldMT already registered in fonts database. Skipping.
2025-10-13 00:52:38,274 INFO /System/Library/Fonts/Supplemental/Courier New Bold.ttf : CourierNewPS-BoldMT already registered in fonts database. Skipping.
2025-10-13 00:52:38,368 INFO /System/Library/Fonts/Supplemental/Courier New Italic.ttf : CourierNewPS-ItalicMT already registered in fonts database. Skipping.
2025-10-13 00:52:38,462 INFO /System/Library/Fonts/Supplemental/Courier New Italic.ttf : CourierNewPS-ItalicMT already registered in fonts database. Skipping.
2025-10-13 00:52:38,572 INFO /System/Library/Fonts/Supplemental/Courier New.ttf : CourierNewPSMT already registered in fonts database. Skipping.
2025-10-13 00:52:38,681 INFO /System/Library/Fonts/Supplemental/Courier New.ttf : CourierNewPSMT already registered in fonts database. Skipping.
2025-10-13 00:52:38,736 INFO /System/Library/Fonts/Supplemental/DIN Alternate Bold.ttf : DINAlternate-Bold already registered in fonts database. Skipping.
2025-10-13 00:52:38,792 INFO /System/Library/Fonts/Supplemental/DIN Alternate Bold.ttf : DINAlternate-Bold already registered in fonts database. Skipping.
2025-10-13 00:52:38,858 INFO /System/Library/Fonts/Supplemental/DIN Condensed Bold.ttf : DINCondensed-Bold already registered in fonts database. Skipping.
2025-10-13 00:52:38,924 INFO /System/Library/Fonts/Supplemental/DIN Condensed Bold.ttf : DINCondensed-Bold already registered in fonts database. Skipping.
2025-10-13 00:52:39,081 INFO /System/Library/Fonts/Supplemental/Diwan Thuluth.ttf : No FontName. Skipping.
2025-10-13 00:52:39,235 INFO /System/Library/Fonts/Supplemental/Diwan Thuluth.ttf : No FontName. Skipping.
2025-10-13 00:52:39,347 INFO /System/Library/Fonts/Supplemental/Farisi.ttf : No FontName. Skipping.
2025-10-13 00:52:39,460 INFO /System/Library/Fonts/Supplemental/Farisi.ttf : No FontName. Skipping.
2025-10-13 00:52:39,544 INFO /System/Library/Fonts/Supplemental/Georgia Bold Italic.ttf : Georgia-BoldItalic already registered in fonts database. Skipping.
2025-10-13 00:52:39,626 INFO /System/Library/Fonts/Supplemental/Georgia Bold Italic.ttf : Georgia-BoldItalic already registered in fonts database. Skipping.
2025-10-13 00:52:39,712 INFO /System/Library/Fonts/Supplemental/Georgia Bold.ttf : Georgia-Bold already registered in fonts database. Skipping.
2025-10-13 00:52:39,797 INFO /System/Library/Fonts/Supplemental/Georgia Bold.ttf : Georgia-Bold already registered in fonts database. Skipping.
2025-10-13 00:52:39,880 INFO /System/Library/Fonts/Supplemental/Georgia Italic.ttf : Georgia-Italic already registered in fonts database. Skipping.
2025-10-13 00:52:40,019 INFO /System/Library/Fonts/Supplemental/Georgia Italic.ttf : Georgia-Italic already registered in fonts database. Skipping.
2025-10-13 00:52:40,117 INFO /System/Library/Fonts/Supplemental/Georgia.ttf : Georgia already registered in fonts database. Skipping.
2025-10-13 00:52:40,206 INFO /System/Library/Fonts/Supplemental/Georgia.ttf : Georgia already registered in fonts database. Skipping.
2025-10-13 00:52:40,215 INFO /System/Library/Fonts/Supplemental/Gurmukhi.ttf : No FontName. Skipping.
2025-10-13 00:52:40,224 INFO /System/Library/Fonts/Supplemental/Gurmukhi.ttf : No FontName. Skipping.
2025-10-13 00:52:40,288 INFO /System/Library/Fonts/Supplemental/Herculanum.ttf : No FontName. Skipping.
2025-10-13 00:52:40,351 INFO /System/Library/Fonts/Supplemental/Herculanum.ttf : No FontName. Skipping.
2025-10-13 00:52:40,362 INFO /System/Library/Fonts/Supplemental/Hoefler Text Ornaments.ttf : No FontName. Skipping.
2025-10-13 00:52:40,373 INFO /System/Library/Fonts/Supplemental/Hoefler Text Ornaments.ttf : No FontName. Skipping.
2025-10-13 00:52:40,406 INFO /System/Library/Fonts/Supplemental/Impact.ttf : Impact already registered in fonts database. Skipping.
2025-10-13 00:52:40,436 INFO /System/Library/Fonts/Supplemental/Impact.ttf : Impact already registered in fonts database. Skipping.
2025-10-13 00:52:40,505 INFO /System/Library/Fonts/Supplemental/Khmer Sangam MN.ttf : KhmerSangamMN already registered in fonts database. Skipping.
2025-10-13 00:52:40,575 INFO /System/Library/Fonts/Supplemental/Khmer Sangam MN.ttf : KhmerSangamMN already registered in fonts database. Skipping.
2025-10-13 00:52:40,614 INFO /System/Library/Fonts/Supplemental/Kokonor.ttfsh: line 1: 36129 Abort trap: 6           '/Library/Frameworks/R.framework/Versions/4.5-arm64/Resources/library/Rttf2pt1/exec//ttf2pt1' -a -GfAe '/System/Library/Fonts/Supplemental/Kokonor.ttf' '/var/folders/73/jl9lgbkj511fwjxkl9cvw7q00000gq/T//RtmpG2UVvm/fonts/Kokonor' 2>&1
2025-10-13 00:52:40,614 INFO  : No FontName. Skipping.
2025-10-13 00:52:40,690 INFO /System/Library/Fonts/Supplemental/Kokonor.ttfsh: line 1: 36131 Abort trap: 6           '/Library/Frameworks/R.framework/Versions/4.5-arm64/Resources/library/Rttf2pt1/exec//ttf2pt1' -a -GfAe '/System/Library/Fonts/Supplemental/Kokonor.ttf' '/var/folders/73/jl9lgbkj511fwjxkl9cvw7q00000gq/T//RtmpG2UVvm/fonts/Kokonor' 2>&1
2025-10-13 00:52:40,691 INFO  : No FontName. Skipping.
2025-10-13 00:52:40,727 INFO /System/Library/Fonts/Supplemental/Krungthep.ttf : No FontName. Skipping.
2025-10-13 00:52:40,755 INFO /System/Library/Fonts/Supplemental/Krungthep.ttf : No FontName. Skipping.
2025-10-13 00:52:40,785 INFO /System/Library/Fonts/Supplemental/Lao Sangam MN.ttf : LaoSangamMN already registered in fonts database. Skipping.
2025-10-13 00:52:40,814 INFO /System/Library/Fonts/Supplemental/Lao Sangam MN.ttf : LaoSangamMN already registered in fonts database. Skipping.
2025-10-13 00:52:41,110 INFO /System/Library/Fonts/Supplemental/Luminari.ttf : Luminari-Regular already registered in fonts database. Skipping.
2025-10-13 00:52:41,410 INFO /System/Library/Fonts/Supplemental/Luminari.ttf : Luminari-Regular already registered in fonts database. Skipping.
2025-10-13 00:52:41,476 INFO /System/Library/Fonts/Supplemental/Microsoft Sans Serif.ttf : MicrosoftSansSerif already registered in fonts database. Skipping.
2025-10-13 00:52:41,542 INFO /System/Library/Fonts/Supplemental/Microsoft Sans Serif.ttf : MicrosoftSansSerif already registered in fonts database. Skipping.
2025-10-13 00:52:41,710 INFO /System/Library/Fonts/Supplemental/Mishafi Gold.ttf : No FontName. Skipping.
2025-10-13 00:52:41,876 INFO /System/Library/Fonts/Supplemental/Mishafi Gold.ttf : No FontName. Skipping.
2025-10-13 00:52:42,269 INFO /System/Library/Fonts/Supplemental/Mishafi.ttf : No FontName. Skipping.
2025-10-13 00:52:42,661 INFO /System/Library/Fonts/Supplemental/Mishafi.ttf : No FontName. Skipping.
2025-10-13 00:52:42,666 INFO /System/Library/Fonts/Supplemental/NISC18030.ttf : No FontName. Skipping.
2025-10-13 00:52:42,671 INFO /System/Library/Fonts/Supplemental/NISC18030.ttf : No FontName. Skipping.
2025-10-13 00:52:42,691 INFO /System/Library/Fonts/Supplemental/NotoSansAdlam-Regular.ttf : NotoSansAdlam-Regular already registered in fonts database. Skipping.
2025-10-13 00:52:42,711 INFO /System/Library/Fonts/Supplemental/NotoSansAdlam-Regular.ttf : NotoSansAdlam-Regular already registered in fonts database. Skipping.
2025-10-13 00:52:42,721 INFO /System/Library/Fonts/Supplemental/NotoSansAvestan-Regular.ttf : NotoSansAvestan-Regular already registered in fonts database. Skipping.
2025-10-13 00:52:42,729 INFO /System/Library/Fonts/Supplemental/NotoSansAvestan-Regular.ttf : NotoSansAvestan-Regular already registered in fonts database. Skipping.
2025-10-13 00:52:42,778 INFO /System/Library/Fonts/Supplemental/NotoSansBamum-Regular.ttf : NotoSansBamum-Regular already registered in fonts database. Skipping.
2025-10-13 00:52:42,826 INFO /System/Library/Fonts/Supplemental/NotoSansBamum-Regular.ttf : NotoSansBamum-Regular already registered in fonts database. Skipping.
2025-10-13 00:52:42,906 INFO /System/Library/Fonts/Supplemental/NotoSansBassaVah-Regular.ttf : NotoSansBassaVah-Regular already registered in fonts database. Skipping.
2025-10-13 00:52:42,914 INFO /System/Library/Fonts/Supplemental/NotoSansBassaVah-Regular.ttf : NotoSansBassaVah-Regular already registered in fonts database. Skipping.
2025-10-13 00:52:42,929 INFO /System/Library/Fonts/Supplemental/NotoSansBatak-Regular.ttf : NotoSansBatak-Regular already registered in fonts database. Skipping.
2025-10-13 00:52:42,944 INFO /System/Library/Fonts/Supplemental/NotoSansBatak-Regular.ttf : NotoSansBatak-Regular already registered in fonts database. Skipping.
2025-10-13 00:52:43,053 INFO /System/Library/Fonts/Supplemental/NotoSansBhaiksuki-Regular.ttf : NotoSansBhaiksuki-Regular already registered in fonts database. Skipping.
2025-10-13 00:52:43,162 INFO /System/Library/Fonts/Supplemental/NotoSansBhaiksuki-Regular.ttf : NotoSansBhaiksuki-Regular already registered in fonts database. Skipping.
2025-10-13 00:52:43,175 INFO /System/Library/Fonts/Supplemental/NotoSansBrahmi-Regular.ttf : NotoSansBrahmi-Regular already registered in fonts database. Skipping.
2025-10-13 00:52:43,189 INFO /System/Library/Fonts/Supplemental/NotoSansBrahmi-Regular.ttf : NotoSansBrahmi-Regular already registered in fonts database. Skipping.
2025-10-13 00:52:43,197 INFO /System/Library/Fonts/Supplemental/NotoSansBuginese-Regular.ttf : NotoSansBuginese-Regular already registered in fonts database. Skipping.
2025-10-13 00:52:43,204 INFO /System/Library/Fonts/Supplemental/NotoSansBuginese-Regular.ttf : NotoSansBuginese-Regular already registered in fonts database. Skipping.
2025-10-13 00:52:43,210 INFO /System/Library/Fonts/Supplemental/NotoSansBuhid-Regular.ttf : NotoSansBuhid-Regular already registered in fonts database. Skipping.
2025-10-13 00:52:43,218 INFO /System/Library/Fonts/Supplemental/NotoSansBuhid-Regular.ttf : NotoSansBuhid-Regular already registered in fonts database. Skipping.
2025-10-13 00:52:43,225 INFO /System/Library/Fonts/Supplemental/NotoSansCarian-Regular.ttf : NotoSansCarian-Regular already registered in fonts database. Skipping.
2025-10-13 00:52:43,233 INFO /System/Library/Fonts/Supplemental/NotoSansCarian-Regular.ttf : NotoSansCarian-Regular already registered in fonts database. Skipping.
2025-10-13 00:52:43,244 INFO /System/Library/Fonts/Supplemental/NotoSansCaucasianAlbanian-Regular.ttf : NotoSansCaucasianAlbanian-Regular already registered in fonts database. Skipping.
2025-10-13 00:52:43,255 INFO /System/Library/Fonts/Supplemental/NotoSansCaucasianAlbanian-Regular.ttf : NotoSansCaucasianAlbanian-Regular already registered in fonts database. Skipping.
2025-10-13 00:52:43,273 INFO /System/Library/Fonts/Supplemental/NotoSansChakma-Regular.ttf : NotoSansChakma-Regular already registered in fonts database. Skipping.
2025-10-13 00:52:43,291 INFO /System/Library/Fonts/Supplemental/NotoSansChakma-Regular.ttf : NotoSansChakma-Regular already registered in fonts database. Skipping.
2025-10-13 00:52:43,303 INFO /System/Library/Fonts/Supplemental/NotoSansCham-Regular.ttf : NotoSansCham-Regular already registered in fonts database. Skipping.
2025-10-13 00:52:43,316 INFO /System/Library/Fonts/Supplemental/NotoSansCham-Regular.ttf : NotoSansCham-Regular already registered in fonts database. Skipping.
2025-10-13 00:52:43,328 INFO /System/Library/Fonts/Supplemental/NotoSansCoptic-Regular.ttf : NotoSansCoptic-Regular already registered in fonts database. Skipping.
2025-10-13 00:52:43,340 INFO /System/Library/Fonts/Supplemental/NotoSansCoptic-Regular.ttf : NotoSansCoptic-Regular already registered in fonts database. Skipping.
2025-10-13 00:52:43,608 INFO /System/Library/Fonts/Supplemental/NotoSansCuneiform-Regular.ttf : NotoSansCuneiform-Regular already registered in fonts database. Skipping.
2025-10-13 00:52:43,877 INFO /System/Library/Fonts/Supplemental/NotoSansCuneiform-Regular.ttf : NotoSansCuneiform-Regular already registered in fonts database. Skipping.
2025-10-13 00:52:43,883 INFO /System/Library/Fonts/Supplemental/NotoSansCypriot-Regular.ttf : NotoSansCypriot-Regular already registered in fonts database. Skipping.
2025-10-13 00:52:43,890 INFO /System/Library/Fonts/Supplemental/NotoSansCypriot-Regular.ttf : NotoSansCypriot-Regular already registered in fonts database. Skipping.
2025-10-13 00:52:43,902 INFO /System/Library/Fonts/Supplemental/NotoSansDuployan-Regular.ttf : NotoSansDuployan-Regular already registered in fonts database. Skipping.
2025-10-13 00:52:43,912 INFO /System/Library/Fonts/Supplemental/NotoSansDuployan-Regular.ttf : NotoSansDuployan-Regular already registered in fonts database. Skipping.
2025-10-13 00:52:44,205 INFO /System/Library/Fonts/Supplemental/NotoSansEgyptianHieroglyphs-Regular.ttf : NotoSansEgyptianHieroglyphs-Regular already registered in fonts database. Skipping.
2025-10-13 00:52:44,495 INFO /System/Library/Fonts/Supplemental/NotoSansEgyptianHieroglyphs-Regular.ttf : NotoSansEgyptianHieroglyphs-Regular already registered in fonts database. Skipping.
2025-10-13 00:52:44,502 INFO /System/Library/Fonts/Supplemental/NotoSansElbasan-Regular.ttf : NotoSansElbasan-Regular already registered in fonts database. Skipping.
2025-10-13 00:52:44,510 INFO /System/Library/Fonts/Supplemental/NotoSansElbasan-Regular.ttf : NotoSansElbasan-Regular already registered in fonts database. Skipping.
2025-10-13 00:52:44,520 INFO /System/Library/Fonts/Supplemental/NotoSansGlagolitic-Regular.ttf : NotoSansGlagolitic-Regular already registered in fonts database. Skipping.
2025-10-13 00:52:44,531 INFO /System/Library/Fonts/Supplemental/NotoSansGlagolitic-Regular.ttf : NotoSansGlagolitic-Regular already registered in fonts database. Skipping.
2025-10-13 00:52:44,537 INFO /System/Library/Fonts/Supplemental/NotoSansGothic-Regular.ttf : NotoSansGothic-Regular already registered in fonts database. Skipping.
2025-10-13 00:52:44,544 INFO /System/Library/Fonts/Supplemental/NotoSansGothic-Regular.ttf : NotoSansGothic-Regular already registered in fonts database. Skipping.
2025-10-13 00:52:44,556 INFO /System/Library/Fonts/Supplemental/NotoSansHanifiRohingya-Regular.ttf : NotoSansHanifiRohingya-Regular already registered in fonts database. Skipping.
2025-10-13 00:52:44,567 INFO /System/Library/Fonts/Supplemental/NotoSansHanifiRohingya-Regular.ttf : NotoSansHanifiRohingya-Regular already registered in fonts database. Skipping.
2025-10-13 00:52:44,574 INFO /System/Library/Fonts/Supplemental/NotoSansHanunoo-Regular.ttf : NotoSansHanunoo-Regular already registered in fonts database. Skipping.
2025-10-13 00:52:44,582 INFO /System/Library/Fonts/Supplemental/NotoSansHanunoo-Regular.ttf : NotoSansHanunoo-Regular already registered in fonts database. Skipping.
2025-10-13 00:52:44,589 INFO /System/Library/Fonts/Supplemental/NotoSansHatran-Regular.ttf : NotoSansHatran-Regular already registered in fonts database. Skipping.
2025-10-13 00:52:44,595 INFO /System/Library/Fonts/Supplemental/NotoSansHatran-Regular.ttf : NotoSansHatran-Regular already registered in fonts database. Skipping.
2025-10-13 00:52:44,603 INFO /System/Library/Fonts/Supplemental/NotoSansImperialAramaic-Regular.ttf : NotoSansImperialAramaic-Regular already registered in fonts database. Skipping.
2025-10-13 00:52:44,611 INFO /System/Library/Fonts/Supplemental/NotoSansImperialAramaic-Regular.ttf : NotoSansImperialAramaic-Regular already registered in fonts database. Skipping.
2025-10-13 00:52:44,617 INFO /System/Library/Fonts/Supplemental/NotoSansInscriptionalPahlavi-Regular.ttf : NotoSansInscriptionalPahlavi-Regular already registered in fonts database. Skipping.
2025-10-13 00:52:44,625 INFO /System/Library/Fonts/Supplemental/NotoSansInscriptionalPahlavi-Regular.ttf : NotoSansInscriptionalPahlavi-Regular already registered in fonts database. Skipping.
2025-10-13 00:52:44,633 INFO /System/Library/Fonts/Supplemental/NotoSansInscriptionalParthian-Regular.ttf : NotoSansInscriptionalParthian-Regular already registered in fonts database. Skipping.
2025-10-13 00:52:44,641 INFO /System/Library/Fonts/Supplemental/NotoSansInscriptionalParthian-Regular.ttf : NotoSansInscriptionalParthian-Regular already registered in fonts database. Skipping.
2025-10-13 00:52:44,659 INFO /System/Library/Fonts/Supplemental/NotoSansKaithi-Regular.ttf : NotoSansKaithi-Regular already registered in fonts database. Skipping.
2025-10-13 00:52:44,677 INFO /System/Library/Fonts/Supplemental/NotoSansKaithi-Regular.ttf : NotoSansKaithi-Regular already registered in fonts database. Skipping.
2025-10-13 00:52:44,686 INFO /System/Library/Fonts/Supplemental/NotoSansKayahLi-Regular.ttf : NotoSansKayahLi-Regular already registered in fonts database. Skipping.
2025-10-13 00:52:44,695 INFO /System/Library/Fonts/Supplemental/NotoSansKayahLi-Regular.ttf : NotoSansKayahLi-Regular already registered in fonts database. Skipping.
2025-10-13 00:52:44,706 INFO /System/Library/Fonts/Supplemental/NotoSansKharoshthi-Regular.ttf : NotoSansKharoshthi-Regular already registered in fonts database. Skipping.
2025-10-13 00:52:44,717 INFO /System/Library/Fonts/Supplemental/NotoSansKharoshthi-Regular.ttf : NotoSansKharoshthi-Regular already registered in fonts database. Skipping.
2025-10-13 00:52:44,737 INFO /System/Library/Fonts/Supplemental/NotoSansKhojki-Regular.ttf : NotoSansKhojki-Regular already registered in fonts database. Skipping.
2025-10-13 00:52:44,755 INFO /System/Library/Fonts/Supplemental/NotoSansKhojki-Regular.ttf : NotoSansKhojki-Regular already registered in fonts database. Skipping.
2025-10-13 00:52:44,765 INFO /System/Library/Fonts/Supplemental/NotoSansKhudawadi-Regular.ttf : NotoSansKhudawadi-Regular already registered in fonts database. Skipping.
2025-10-13 00:52:44,775 INFO /System/Library/Fonts/Supplemental/NotoSansKhudawadi-Regular.ttf : NotoSansKhudawadi-Regular already registered in fonts database. Skipping.
2025-10-13 00:52:44,786 INFO /System/Library/Fonts/Supplemental/NotoSansLepcha-Regular.ttf : NotoSansLepcha-Regular already registered in fonts database. Skipping.
2025-10-13 00:52:44,796 INFO /System/Library/Fonts/Supplemental/NotoSansLepcha-Regular.ttf : NotoSansLepcha-Regular already registered in fonts database. Skipping.
2025-10-13 00:52:44,806 INFO /System/Library/Fonts/Supplemental/NotoSansLimbu-Regular.ttf : NotoSansLimbu-Regular already registered in fonts database. Skipping.
2025-10-13 00:52:44,815 INFO /System/Library/Fonts/Supplemental/NotoSansLimbu-Regular.ttf : NotoSansLimbu-Regular already registered in fonts database. Skipping.
2025-10-13 00:52:44,837 INFO /System/Library/Fonts/Supplemental/NotoSansLinearA-Regular.ttf : NotoSansLinearA-Regular already registered in fonts database. Skipping.
2025-10-13 00:52:44,859 INFO /System/Library/Fonts/Supplemental/NotoSansLinearA-Regular.ttf : NotoSansLinearA-Regular already registered in fonts database. Skipping.
2025-10-13 00:52:44,886 INFO /System/Library/Fonts/Supplemental/NotoSansLinearB-Regular.ttf : NotoSansLinearB-Regular already registered in fonts database. Skipping.
2025-10-13 00:52:44,912 INFO /System/Library/Fonts/Supplemental/NotoSansLinearB-Regular.ttf : NotoSansLinearB-Regular already registered in fonts database. Skipping.
2025-10-13 00:52:44,919 INFO /System/Library/Fonts/Supplemental/NotoSansLisu-Regular.ttf : NotoSansLisu-Regular already registered in fonts database. Skipping.
2025-10-13 00:52:44,925 INFO /System/Library/Fonts/Supplemental/NotoSansLisu-Regular.ttf : NotoSansLisu-Regular already registered in fonts database. Skipping.
2025-10-13 00:52:44,931 INFO /System/Library/Fonts/Supplemental/NotoSansLycian-Regular.ttf : NotoSansLycian-Regular already registered in fonts database. Skipping.
2025-10-13 00:52:44,938 INFO /System/Library/Fonts/Supplemental/NotoSansLycian-Regular.ttf : NotoSansLycian-Regular already registered in fonts database. Skipping.
2025-10-13 00:52:44,944 INFO /System/Library/Fonts/Supplemental/NotoSansLydian-Regular.ttf : NotoSansLydian-Regular already registered in fonts database. Skipping.
2025-10-13 00:52:44,951 INFO /System/Library/Fonts/Supplemental/NotoSansLydian-Regular.ttf : NotoSansLydian-Regular already registered in fonts database. Skipping.
2025-10-13 00:52:44,962 INFO /System/Library/Fonts/Supplemental/NotoSansMahajani-Regular.ttf : NotoSansMahajani-Regular already registered in fonts database. Skipping.
2025-10-13 00:52:44,973 INFO /System/Library/Fonts/Supplemental/NotoSansMahajani-Regular.ttf : NotoSansMahajani-Regular already registered in fonts database. Skipping.
2025-10-13 00:52:44,984 INFO /System/Library/Fonts/Supplemental/NotoSansMandaic-Regular.ttf : NotoSansMandaic-Regular already registered in fonts database. Skipping.
2025-10-13 00:52:44,995 INFO /System/Library/Fonts/Supplemental/NotoSansMandaic-Regular.ttf : NotoSansMandaic-Regular already registered in fonts database. Skipping.
2025-10-13 00:52:45,009 INFO /System/Library/Fonts/Supplemental/NotoSansManichaean-Regular.ttf : NotoSansManichaean-Regular already registered in fonts database. Skipping.
2025-10-13 00:52:45,024 INFO /System/Library/Fonts/Supplemental/NotoSansManichaean-Regular.ttf : NotoSansManichaean-Regular already registered in fonts database. Skipping.
2025-10-13 00:52:45,053 INFO /System/Library/Fonts/Supplemental/NotoSansMarchen-Regular.ttf : NotoSansMarchen-Regular already registered in fonts database. Skipping.
2025-10-13 00:52:45,082 INFO /System/Library/Fonts/Supplemental/NotoSansMarchen-Regular.ttf : NotoSansMarchen-Regular already registered in fonts database. Skipping.
2025-10-13 00:52:45,092 INFO /System/Library/Fonts/Supplemental/NotoSansMeeteiMayek-Regular.ttf : NotoSansMeeteiMayek-Regular already registered in fonts database. Skipping.
2025-10-13 00:52:45,102 INFO /System/Library/Fonts/Supplemental/NotoSansMeeteiMayek-Regular.ttf : NotoSansMeeteiMayek-Regular already registered in fonts database. Skipping.
2025-10-13 00:52:45,118 INFO /System/Library/Fonts/Supplemental/NotoSansMendeKikakui-Regular.ttf : NotoSansMendeKikakui-Regular already registered in fonts database. Skipping.
2025-10-13 00:52:45,135 INFO /System/Library/Fonts/Supplemental/NotoSansMendeKikakui-Regular.ttf : NotoSansMendeKikakui-Regular already registered in fonts database. Skipping.
2025-10-13 00:52:45,152 INFO /System/Library/Fonts/Supplemental/NotoSansMeroitic-Regular.ttf : NotoSansMeroitic-Regular already registered in fonts database. Skipping.
2025-10-13 00:52:45,168 INFO /System/Library/Fonts/Supplemental/NotoSansMeroitic-Regular.ttf : NotoSansMeroitic-Regular already registered in fonts database. Skipping.
2025-10-13 00:52:45,183 INFO /System/Library/Fonts/Supplemental/NotoSansMiao-Regular.ttf : NotoSansMiao-Regular already registered in fonts database. Skipping.
2025-10-13 00:52:45,198 INFO /System/Library/Fonts/Supplemental/NotoSansMiao-Regular.ttf : NotoSansMiao-Regular already registered in fonts database. Skipping.
2025-10-13 00:52:45,214 INFO /System/Library/Fonts/Supplemental/NotoSansModi-Regular.ttf : NotoSansModi-Regular already registered in fonts database. Skipping.
2025-10-13 00:52:45,230 INFO /System/Library/Fonts/Supplemental/NotoSansModi-Regular.ttf : NotoSansModi-Regular already registered in fonts database. Skipping.
2025-10-13 00:52:45,291 INFO /System/Library/Fonts/Supplemental/NotoSansMongolian-Regular.ttf : NotoSansMongolian-Regular already registered in fonts database. Skipping.
2025-10-13 00:52:45,351 INFO /System/Library/Fonts/Supplemental/NotoSansMongolian-Regular.ttf : NotoSansMongolian-Regular already registered in fonts database. Skipping.
2025-10-13 00:52:45,360 INFO /System/Library/Fonts/Supplemental/NotoSansMro-Regular.ttf : NotoSansMro-Regular already registered in fonts database. Skipping.
2025-10-13 00:52:45,366 INFO /System/Library/Fonts/Supplemental/NotoSansMro-Regular.ttf : NotoSansMro-Regular already registered in fonts database. Skipping.
2025-10-13 00:52:45,375 INFO /System/Library/Fonts/Supplemental/NotoSansMultani-Regular.ttf : NotoSansMultani-Regular already registered in fonts database. Skipping.
2025-10-13 00:52:45,385 INFO /System/Library/Fonts/Supplemental/NotoSansMultani-Regular.ttf : NotoSansMultani-Regular already registered in fonts database. Skipping.
2025-10-13 00:52:45,393 INFO /System/Library/Fonts/Supplemental/NotoSansNabataean-Regular.ttf : NotoSansNabataean-Regular already registered in fonts database. Skipping.
2025-10-13 00:52:45,402 INFO /System/Library/Fonts/Supplemental/NotoSansNabataean-Regular.ttf : NotoSansNabataean-Regular already registered in fonts database. Skipping.
2025-10-13 00:52:45,439 INFO /System/Library/Fonts/Supplemental/NotoSansNewa-Regular.ttf : NotoSansNewa-Regular already registered in fonts database. Skipping.
2025-10-13 00:52:45,473 INFO /System/Library/Fonts/Supplemental/NotoSansNewa-Regular.ttf : NotoSansNewa-Regular already registered in fonts database. Skipping.
2025-10-13 00:52:45,485 INFO /System/Library/Fonts/Supplemental/NotoSansNewTaiLue-Regular.ttf : NotoSansNewTaiLue-Regular already registered in fonts database. Skipping.
2025-10-13 00:52:45,498 INFO /System/Library/Fonts/Supplemental/NotoSansNewTaiLue-Regular.ttf : NotoSansNewTaiLue-Regular already registered in fonts database. Skipping.
2025-10-13 00:52:45,508 INFO /System/Library/Fonts/Supplemental/NotoSansNKo-Regular.ttf : NotoSansNKo-Regular already registered in fonts database. Skipping.
2025-10-13 00:52:45,518 INFO /System/Library/Fonts/Supplemental/NotoSansNKo-Regular.ttf : NotoSansNKo-Regular already registered in fonts database. Skipping.
2025-10-13 00:52:45,528 INFO /System/Library/Fonts/Supplemental/NotoSansOlChiki-Regular.ttf : NotoSansOlChiki-Regular already registered in fonts database. Skipping.
2025-10-13 00:52:45,537 INFO /System/Library/Fonts/Supplemental/NotoSansOlChiki-Regular.ttf : NotoSansOlChiki-Regular already registered in fonts database. Skipping.
2025-10-13 00:52:45,549 INFO /System/Library/Fonts/Supplemental/NotoSansOldHungarian-Regular.ttf : NotoSansOldHungarian-Regular already registered in fonts database. Skipping.
2025-10-13 00:52:45,560 INFO /System/Library/Fonts/Supplemental/NotoSansOldHungarian-Regular.ttf : NotoSansOldHungarian-Regular already registered in fonts database. Skipping.
2025-10-13 00:52:45,569 INFO /System/Library/Fonts/Supplemental/NotoSansOldItalic-Regular.ttf : NotoSansOldItalic-Regular already registered in fonts database. Skipping.
2025-10-13 00:52:45,576 INFO /System/Library/Fonts/Supplemental/NotoSansOldItalic-Regular.ttf : NotoSansOldItalic-Regular already registered in fonts database. Skipping.
2025-10-13 00:52:45,584 INFO /System/Library/Fonts/Supplemental/NotoSansOldNorthArabian-Regular.ttf : NotoSansOldNorthArabian-Regular already registered in fonts database. Skipping.
2025-10-13 00:52:45,591 INFO /System/Library/Fonts/Supplemental/NotoSansOldNorthArabian-Regular.ttf : NotoSansOldNorthArabian-Regular already registered in fonts database. Skipping.
2025-10-13 00:52:45,598 INFO /System/Library/Fonts/Supplemental/NotoSansOldPermic-Regular.ttf : NotoSansOldPermic-Regular already registered in fonts database. Skipping.
2025-10-13 00:52:45,606 INFO /System/Library/Fonts/Supplemental/NotoSansOldPermic-Regular.ttf : NotoSansOldPermic-Regular already registered in fonts database. Skipping.
2025-10-13 00:52:45,616 INFO /System/Library/Fonts/Supplemental/NotoSansOldPersian-Regular.ttf : NotoSansOldPersian-Regular already registered in fonts database. Skipping.
2025-10-13 00:52:45,625 INFO /System/Library/Fonts/Supplemental/NotoSansOldPersian-Regular.ttf : NotoSansOldPersian-Regular already registered in fonts database. Skipping.
2025-10-13 00:52:45,632 INFO /System/Library/Fonts/Supplemental/NotoSansOldSouthArabian-Regular.ttf : NotoSansOldSouthArabian-Regular already registered in fonts database. Skipping.
2025-10-13 00:52:45,639 INFO /System/Library/Fonts/Supplemental/NotoSansOldSouthArabian-Regular.ttf : NotoSansOldSouthArabian-Regular already registered in fonts database. Skipping.
2025-10-13 00:52:45,647 INFO /System/Library/Fonts/Supplemental/NotoSansOldTurkic-Regular.ttf : NotoSansOldTurkic-Regular already registered in fonts database. Skipping.
2025-10-13 00:52:45,654 INFO /System/Library/Fonts/Supplemental/NotoSansOldTurkic-Regular.ttf : NotoSansOldTurkic-Regular already registered in fonts database. Skipping.
2025-10-13 00:52:45,663 INFO /System/Library/Fonts/Supplemental/NotoSansOsage-Regular.ttf : NotoSansOsage-Regular already registered in fonts database. Skipping.
2025-10-13 00:52:45,673 INFO /System/Library/Fonts/Supplemental/NotoSansOsage-Regular.ttf : NotoSansOsage-Regular already registered in fonts database. Skipping.
2025-10-13 00:52:45,681 INFO /System/Library/Fonts/Supplemental/NotoSansOsmanya-Regular.ttf : NotoSansOsmanya-Regular already registered in fonts database. Skipping.
2025-10-13 00:52:45,690 INFO /System/Library/Fonts/Supplemental/NotoSansOsmanya-Regular.ttf : NotoSansOsmanya-Regular already registered in fonts database. Skipping.
2025-10-13 00:52:45,701 INFO /System/Library/Fonts/Supplemental/NotoSansPahawhHmong-Regular.ttf : NotoSansPahawhHmong-Regular already registered in fonts database. Skipping.
2025-10-13 00:52:45,711 INFO /System/Library/Fonts/Supplemental/NotoSansPahawhHmong-Regular.ttf : NotoSansPahawhHmong-Regular already registered in fonts database. Skipping.
2025-10-13 00:52:45,723 INFO /System/Library/Fonts/Supplemental/NotoSansPalmyrene-Regular.ttf : NotoSansPalmyrene-Regular already registered in fonts database. Skipping.
2025-10-13 00:52:45,736 INFO /System/Library/Fonts/Supplemental/NotoSansPalmyrene-Regular.ttf : NotoSansPalmyrene-Regular already registered in fonts database. Skipping.
2025-10-13 00:52:45,744 INFO /System/Library/Fonts/Supplemental/NotoSansPauCinHau-Regular.ttf : NotoSansPauCinHau-Regular already registered in fonts database. Skipping.
2025-10-13 00:52:45,751 INFO /System/Library/Fonts/Supplemental/NotoSansPauCinHau-Regular.ttf : NotoSansPauCinHau-Regular already registered in fonts database. Skipping.
2025-10-13 00:52:45,766 INFO /System/Library/Fonts/Supplemental/NotoSansPhagsPa-Regular.ttf : NotoSansPhagsPa-Regular already registered in fonts database. Skipping.
2025-10-13 00:52:45,779 INFO /System/Library/Fonts/Supplemental/NotoSansPhagsPa-Regular.ttf : NotoSansPhagsPa-Regular already registered in fonts database. Skipping.
2025-10-13 00:52:45,787 INFO /System/Library/Fonts/Supplemental/NotoSansPhoenician-Regular.ttf : NotoSansPhoenician-Regular already registered in fonts database. Skipping.
2025-10-13 00:52:45,795 INFO /System/Library/Fonts/Supplemental/NotoSansPhoenician-Regular.ttf : NotoSansPhoenician-Regular already registered in fonts database. Skipping.
2025-10-13 00:52:45,807 INFO /System/Library/Fonts/Supplemental/NotoSansPsalterPahlavi-Regular.ttf : NotoSansPsalterPahlavi-Regular already registered in fonts database. Skipping.
2025-10-13 00:52:45,820 INFO /System/Library/Fonts/Supplemental/NotoSansPsalterPahlavi-Regular.ttf : NotoSansPsalterPahlavi-Regular already registered in fonts database. Skipping.
2025-10-13 00:52:45,827 INFO /System/Library/Fonts/Supplemental/NotoSansRejang-Regular.ttf : NotoSansRejang-Regular already registered in fonts database. Skipping.
2025-10-13 00:52:45,833 INFO /System/Library/Fonts/Supplemental/NotoSansRejang-Regular.ttf : NotoSansRejang-Regular already registered in fonts database. Skipping.
2025-10-13 00:52:45,842 INFO /System/Library/Fonts/Supplemental/NotoSansSamaritan-Regular.ttf : NotoSansSamaritan-Regular already registered in fonts database. Skipping.
2025-10-13 00:52:45,851 INFO /System/Library/Fonts/Supplemental/NotoSansSamaritan-Regular.ttf : NotoSansSamaritan-Regular already registered in fonts database. Skipping.
2025-10-13 00:52:45,862 INFO /System/Library/Fonts/Supplemental/NotoSansSaurashtra-Regular.ttf : NotoSansSaurashtra-Regular already registered in fonts database. Skipping.
2025-10-13 00:52:45,872 INFO /System/Library/Fonts/Supplemental/NotoSansSaurashtra-Regular.ttf : NotoSansSaurashtra-Regular already registered in fonts database. Skipping.
2025-10-13 00:52:45,887 INFO /System/Library/Fonts/Supplemental/NotoSansSharada-Regular.ttf : NotoSansSharada-Regular already registered in fonts database. Skipping.
2025-10-13 00:52:45,902 INFO /System/Library/Fonts/Supplemental/NotoSansSharada-Regular.ttf : NotoSansSharada-Regular already registered in fonts database. Skipping.
2025-10-13 00:52:45,910 INFO /System/Library/Fonts/Supplemental/NotoSansSoraSompeng-Regular.ttf : NotoSansSoraSompeng-Regular already registered in fonts database. Skipping.
2025-10-13 00:52:45,917 INFO /System/Library/Fonts/Supplemental/NotoSansSoraSompeng-Regular.ttf : NotoSansSoraSompeng-Regular already registered in fonts database. Skipping.
2025-10-13 00:52:45,926 INFO /System/Library/Fonts/Supplemental/NotoSansSundanese-Regular.ttf : NotoSansSundanese-Regular already registered in fonts database. Skipping.
2025-10-13 00:52:45,934 INFO /System/Library/Fonts/Supplemental/NotoSansSundanese-Regular.ttf : NotoSansSundanese-Regular already registered in fonts database. Skipping.
2025-10-13 00:52:45,944 INFO /System/Library/Fonts/Supplemental/NotoSansSylotiNagri-Regular.ttf : NotoSansSylotiNagri-Regular already registered in fonts database. Skipping.
2025-10-13 00:52:45,953 INFO /System/Library/Fonts/Supplemental/NotoSansSylotiNagri-Regular.ttf : NotoSansSylotiNagri-Regular already registered in fonts database. Skipping.
2025-10-13 00:52:45,971 INFO /System/Library/Fonts/Supplemental/NotoSansSyriac-Regular.ttf : NotoSansSyriac-Regular already registered in fonts database. Skipping.
2025-10-13 00:52:45,989 INFO /System/Library/Fonts/Supplemental/NotoSansSyriac-Regular.ttf : NotoSansSyriac-Regular already registered in fonts database. Skipping.
2025-10-13 00:52:45,997 INFO /System/Library/Fonts/Supplemental/NotoSansTagalog-Regular.ttf : NotoSansTagalog-Regular already registered in fonts database. Skipping.
2025-10-13 00:52:46,005 INFO /System/Library/Fonts/Supplemental/NotoSansTagalog-Regular.ttf : NotoSansTagalog-Regular already registered in fonts database. Skipping.
2025-10-13 00:52:46,013 INFO /System/Library/Fonts/Supplemental/NotoSansTagbanwa-Regular.ttf : NotoSansTagbanwa-Regular already registered in fonts database. Skipping.
2025-10-13 00:52:46,021 INFO /System/Library/Fonts/Supplemental/NotoSansTagbanwa-Regular.ttf : NotoSansTagbanwa-Regular already registered in fonts database. Skipping.
2025-10-13 00:52:46,031 INFO /System/Library/Fonts/Supplemental/NotoSansTaiLe-Regular.ttf : NotoSansTaiLe-Regular already registered in fonts database. Skipping.
2025-10-13 00:52:46,042 INFO /System/Library/Fonts/Supplemental/NotoSansTaiLe-Regular.ttf : NotoSansTaiLe-Regular already registered in fonts database. Skipping.
2025-10-13 00:52:46,060 INFO /System/Library/Fonts/Supplemental/NotoSansTaiTham-Regular.ttf : NotoSansTaiTham already registered in fonts database. Skipping.
2025-10-13 00:52:46,078 INFO /System/Library/Fonts/Supplemental/NotoSansTaiTham-Regular.ttf : NotoSansTaiTham already registered in fonts database. Skipping.
2025-10-13 00:52:46,091 INFO /System/Library/Fonts/Supplemental/NotoSansTaiViet-Regular.ttf : NotoSansTaiViet-Regular already registered in fonts database. Skipping.
2025-10-13 00:52:46,103 INFO /System/Library/Fonts/Supplemental/NotoSansTaiViet-Regular.ttf : NotoSansTaiViet-Regular already registered in fonts database. Skipping.
2025-10-13 00:52:46,112 INFO /System/Library/Fonts/Supplemental/NotoSansTakri-Regular.ttf : NotoSansTakri-Regular already registered in fonts database. Skipping.
2025-10-13 00:52:46,121 INFO /System/Library/Fonts/Supplemental/NotoSansTakri-Regular.ttf : NotoSansTakri-Regular already registered in fonts database. Skipping.
2025-10-13 00:52:46,134 INFO /System/Library/Fonts/Supplemental/NotoSansThaana-Regular.ttf : NotoSansThaana-Regular already registered in fonts database. Skipping.
2025-10-13 00:52:46,147 INFO /System/Library/Fonts/Supplemental/NotoSansThaana-Regular.ttf : NotoSansThaana-Regular already registered in fonts database. Skipping.
2025-10-13 00:52:46,166 INFO /System/Library/Fonts/Supplemental/NotoSansTirhuta-Regular.ttf : NotoSansTirhuta-Regular already registered in fonts database. Skipping.
2025-10-13 00:52:46,185 INFO /System/Library/Fonts/Supplemental/NotoSansTirhuta-Regular.ttf : NotoSansTirhuta-Regular already registered in fonts database. Skipping.
2025-10-13 00:52:46,192 INFO /System/Library/Fonts/Supplemental/NotoSansUgaritic-Regular.ttf : NotoSansUgaritic-Regular already registered in fonts database. Skipping.
2025-10-13 00:52:46,200 INFO /System/Library/Fonts/Supplemental/NotoSansUgaritic-Regular.ttf : NotoSansUgaritic-Regular already registered in fonts database. Skipping.
2025-10-13 00:52:46,221 INFO /System/Library/Fonts/Supplemental/NotoSansVai-Regular.ttf : NotoSansVai-Regular already registered in fonts database. Skipping.
2025-10-13 00:52:46,241 INFO /System/Library/Fonts/Supplemental/NotoSansVai-Regular.ttf : NotoSansVai-Regular already registered in fonts database. Skipping.
2025-10-13 00:52:46,250 INFO /System/Library/Fonts/Supplemental/NotoSansWancho-Regular.ttf : NotoSansWancho-Regular already registered in fonts database. Skipping.
2025-10-13 00:52:46,260 INFO /System/Library/Fonts/Supplemental/NotoSansWancho-Regular.ttf : NotoSansWancho-Regular already registered in fonts database. Skipping.
2025-10-13 00:52:46,270 INFO /System/Library/Fonts/Supplemental/NotoSansWarangCiti-Regular.ttf : NotoSansWarangCiti-Regular already registered in fonts database. Skipping.
2025-10-13 00:52:46,281 INFO /System/Library/Fonts/Supplemental/NotoSansWarangCiti-Regular.ttf : NotoSansWarangCiti-Regular already registered in fonts database. Skipping.
2025-10-13 00:52:46,335 INFO /System/Library/Fonts/Supplemental/NotoSansYi-Regular.ttf : NotoSansYi-Regular already registered in fonts database. Skipping.
2025-10-13 00:52:46,387 INFO /System/Library/Fonts/Supplemental/NotoSansYi-Regular.ttf : NotoSansYi-Regular already registered in fonts database. Skipping.
2025-10-13 00:52:46,399 INFO /System/Library/Fonts/Supplemental/NotoSerifAhom-Regular.ttf : NotoSerifAhom-Regular already registered in fonts database. Skipping.
2025-10-13 00:52:46,412 INFO /System/Library/Fonts/Supplemental/NotoSerifAhom-Regular.ttf : NotoSerifAhom-Regular already registered in fonts database. Skipping.
2025-10-13 00:52:46,440 INFO /System/Library/Fonts/Supplemental/NotoSerifBalinese-Regular.ttf : NotoSerifBalinese-Regular already registered in fonts database. Skipping.
2025-10-13 00:52:46,468 INFO /System/Library/Fonts/Supplemental/NotoSerifBalinese-Regular.ttf : NotoSerifBalinese-Regular already registered in fonts database. Skipping.
2025-10-13 00:52:46,476 INFO /System/Library/Fonts/Supplemental/NotoSerifNyiakengPuachueHmong-Regular.ttf : NotoSerifHmongNyiakeng-Regular already registered in fonts database. Skipping.
2025-10-13 00:52:46,485 INFO /System/Library/Fonts/Supplemental/NotoSerifNyiakengPuachueHmong-Regular.ttf : NotoSerifHmongNyiakeng-Regular already registered in fonts database. Skipping.
2025-10-13 00:52:46,585 INFO /System/Library/Fonts/Supplemental/PartyLET-plain.ttf : PartyLetPlain already registered in fonts database. Skipping.
2025-10-13 00:52:46,685 INFO /System/Library/Fonts/Supplemental/PartyLET-plain.ttf : PartyLetPlain already registered in fonts database. Skipping.
2025-10-13 00:52:46,726 INFO /System/Library/Fonts/Supplemental/PlantagenetCherokee.ttf : No FontName. Skipping.
2025-10-13 00:52:46,768 INFO /System/Library/Fonts/Supplemental/PlantagenetCherokee.ttf : No FontName. Skipping.
2025-10-13 00:52:46,808 INFO /System/Library/Fonts/Supplemental/Sathu.ttf : No FontName. Skipping.
2025-10-13 00:52:46,847 INFO /System/Library/Fonts/Supplemental/Sathu.ttf : No FontName. Skipping.
2025-10-13 00:52:46,871 INFO /System/Library/Fonts/Supplemental/Silom.ttf : No FontName. Skipping.
2025-10-13 00:52:46,893 INFO /System/Library/Fonts/Supplemental/Silom.ttf : No FontName. Skipping.
2025-10-13 00:52:46,920 INFO /System/Library/Fonts/Supplemental/Skia.ttf : No FontName. Skipping.
2025-10-13 00:52:46,947 INFO /System/Library/Fonts/Supplemental/Skia.ttf : No FontName. Skipping.
2025-10-13 00:52:47,077 INFO /System/Library/Fonts/Supplemental/STIXTwoText-Italic.ttf : STIXTwoText-Italic already registered in fonts database. Skipping.
2025-10-13 00:52:47,207 INFO /System/Library/Fonts/Supplemental/STIXTwoText-Italic.ttf : STIXTwoText-Italic already registered in fonts database. Skipping.
2025-10-13 00:52:47,323 INFO /System/Library/Fonts/Supplemental/STIXTwoText.ttf : STIXTwoText already registered in fonts database. Skipping.
2025-10-13 00:52:47,439 INFO /System/Library/Fonts/Supplemental/STIXTwoText.ttf : STIXTwoText already registered in fonts database. Skipping.
2025-10-13 00:52:47,530 INFO /System/Library/Fonts/Supplemental/Tahoma Bold.ttf : Tahoma-Bold already registered in fonts database. Skipping.
2025-10-13 00:52:47,622 INFO /System/Library/Fonts/Supplemental/Tahoma Bold.ttf : Tahoma-Bold already registered in fonts database. Skipping.
2025-10-13 00:52:47,721 INFO /System/Library/Fonts/Supplemental/Tahoma.ttf : Tahoma already registered in fonts database. Skipping.
2025-10-13 00:52:47,820 INFO /System/Library/Fonts/Supplemental/Tahoma.ttf : Tahoma already registered in fonts database. Skipping.
2025-10-13 00:52:47,918 INFO /System/Library/Fonts/Supplemental/Times New Roman Bold Italic.ttf : TimesNewRomanPS-BoldItalicMT already registered in fonts database. Skipping.
2025-10-13 00:52:48,016 INFO /System/Library/Fonts/Supplemental/Times New Roman Bold Italic.ttf : TimesNewRomanPS-BoldItalicMT already registered in fonts database. Skipping.
2025-10-13 00:52:48,159 INFO /System/Library/Fonts/Supplemental/Times New Roman Bold.ttf : TimesNewRomanPS-BoldMT already registered in fonts database. Skipping.
2025-10-13 00:52:48,300 INFO /System/Library/Fonts/Supplemental/Times New Roman Bold.ttf : TimesNewRomanPS-BoldMT already registered in fonts database. Skipping.
2025-10-13 00:52:48,405 INFO /System/Library/Fonts/Supplemental/Times New Roman Italic.ttf : TimesNewRomanPS-ItalicMT already registered in fonts database. Skipping.
2025-10-13 00:52:48,508 INFO /System/Library/Fonts/Supplemental/Times New Roman Italic.ttf : TimesNewRomanPS-ItalicMT already registered in fonts database. Skipping.
2025-10-13 00:52:48,659 INFO /System/Library/Fonts/Supplemental/Times New Roman.ttf : TimesNewRomanPSMT already registered in fonts database. Skipping.
2025-10-13 00:52:48,810 INFO /System/Library/Fonts/Supplemental/Times New Roman.ttf : TimesNewRomanPSMT already registered in fonts database. Skipping.
2025-10-13 00:52:50,673 INFO /System/Library/Fonts/Supplemental/Trattatello.ttf : Trattatello already registered in fonts database. Skipping.
2025-10-13 00:52:52,539 INFO /System/Library/Fonts/Supplemental/Trattatello.ttf : Trattatello already registered in fonts database. Skipping.
2025-10-13 00:52:52,554 INFO /System/Library/Fonts/Supplemental/Trebuchet MS Bold Italic.ttf : Trebuchet-BoldItalic already registered in fonts database. Skipping.
2025-10-13 00:52:52,569 INFO /System/Library/Fonts/Supplemental/Trebuchet MS Bold Italic.ttf : Trebuchet-BoldItalic already registered in fonts database. Skipping.
2025-10-13 00:52:52,583 INFO /System/Library/Fonts/Supplemental/Trebuchet MS Bold.ttf : TrebuchetMS-Bold already registered in fonts database. Skipping.
2025-10-13 00:52:52,597 INFO /System/Library/Fonts/Supplemental/Trebuchet MS Bold.ttf : TrebuchetMS-Bold already registered in fonts database. Skipping.
2025-10-13 00:52:52,612 INFO /System/Library/Fonts/Supplemental/Trebuchet MS Italic.ttf : TrebuchetMS-Italic already registered in fonts database. Skipping.
2025-10-13 00:52:52,626 INFO /System/Library/Fonts/Supplemental/Trebuchet MS Italic.ttf : TrebuchetMS-Italic already registered in fonts database. Skipping.
2025-10-13 00:52:52,640 INFO /System/Library/Fonts/Supplemental/Trebuchet MS.ttf : TrebuchetMS already registered in fonts database. Skipping.
2025-10-13 00:52:52,654 INFO /System/Library/Fonts/Supplemental/Trebuchet MS.ttf : TrebuchetMS already registered in fonts database. Skipping.
2025-10-13 00:52:52,674 INFO /System/Library/Fonts/Supplemental/Verdana Bold Italic.ttf : Verdana-BoldItalic already registered in fonts database. Skipping.
2025-10-13 00:52:52,695 INFO /System/Library/Fonts/Supplemental/Verdana Bold Italic.ttf : Verdana-BoldItalic already registered in fonts database. Skipping.
2025-10-13 00:52:52,718 INFO /System/Library/Fonts/Supplemental/Verdana Bold.ttf : Verdana-Bold already registered in fonts database. Skipping.
2025-10-13 00:52:52,740 INFO /System/Library/Fonts/Supplemental/Verdana Bold.ttf : Verdana-Bold already registered in fonts database. Skipping.
2025-10-13 00:52:52,763 INFO /System/Library/Fonts/Supplemental/Verdana Italic.ttf : Verdana-Italic already registered in fonts database. Skipping.
2025-10-13 00:52:52,785 INFO /System/Library/Fonts/Supplemental/Verdana Italic.ttf : Verdana-Italic already registered in fonts database. Skipping.
2025-10-13 00:52:52,809 INFO /System/Library/Fonts/Supplemental/Verdana.ttf : Verdana already registered in fonts database. Skipping.
2025-10-13 00:52:52,832 INFO /System/Library/Fonts/Supplemental/Verdana.ttf : Verdana already registered in fonts database. Skipping.
2025-10-13 00:52:52,861 INFO /System/Library/Fonts/Supplemental/Webdings.ttf : Webdings already registered in fonts database. Skipping.
2025-10-13 00:52:52,890 INFO /System/Library/Fonts/Supplemental/Webdings.ttf : Webdings already registered in fonts database. Skipping.
2025-10-13 00:52:52,901 INFO /System/Library/Fonts/Supplemental/Wingdings 2.ttf : Wingdings2 already registered in fonts database. Skipping.
2025-10-13 00:52:52,913 INFO /System/Library/Fonts/Supplemental/Wingdings 2.ttf : Wingdings2 already registered in fonts database. Skipping.
2025-10-13 00:52:52,921 INFO /System/Library/Fonts/Supplemental/Wingdings 3.ttf : Wingdings3 already registered in fonts database. Skipping.
2025-10-13 00:52:52,928 INFO /System/Library/Fonts/Supplemental/Wingdings 3.ttf : Wingdings3 already registered in fonts database. Skipping.
2025-10-13 00:52:52,941 INFO /System/Library/Fonts/Supplemental/Wingdings.ttf : Wingdings-Regular already registered in fonts database. Skipping.
2025-10-13 00:52:52,955 INFO /System/Library/Fonts/Supplemental/Wingdings.ttf : Wingdings-Regular already registered in fonts database. Skipping.
2025-10-13 00:52:53,333 INFO /System/Library/Fonts/Supplemental/Zapfino.ttf : No FontName. Skipping.
2025-10-13 00:52:53,711 INFO /System/Library/Fonts/Supplemental/Zapfino.ttf : No FontName. Skipping.
2025-10-13 00:52:53,721 INFO /System/Library/Fonts/Symbol.ttf : No FontName. Skipping.
2025-10-13 00:52:53,733 INFO /System/Library/Fonts/ZapfDingbats.ttf : No FontName. Skipping.
2025-10-13 00:52:53,733 INFO Found FontName for 0 fonts.
2025-10-13 00:52:53,733 INFO Scanning afm files in /Library/Frameworks/R.framework/Versions/4.5-arm64/Resources/library/extrafontdb/metrics
2025-10-13 00:52:53,822 INFO .Keyboard already registered with pdfFont().
2025-10-13 00:52:53,822 INFO .New York already registered with pdfFont().
2025-10-13 00:52:53,822 INFO .SF Arabic already registered with pdfFont().
2025-10-13 00:52:53,822 INFO .SF Arabic Rounded already registered with pdfFont().
2025-10-13 00:52:53,822 INFO .SF Armenian already registered with pdfFont().
2025-10-13 00:52:53,822 INFO .SF Armenian Rounded already registered with pdfFont().
2025-10-13 00:52:53,822 INFO .SF Camera already registered with pdfFont().
2025-10-13 00:52:53,822 INFO .SF Compact already registered with pdfFont().
2025-10-13 00:52:53,822 INFO .SF Compact Rounded already registered with pdfFont().
2025-10-13 00:52:53,822 INFO .SF Georgian already registered with pdfFont().
2025-10-13 00:52:53,822 INFO .SF Georgian Rounded already registered with pdfFont().
2025-10-13 00:52:53,822 INFO .SF Hebrew already registered with pdfFont().
2025-10-13 00:52:53,822 INFO .SF Hebrew Rounded already registered with pdfFont().
2025-10-13 00:52:53,822 INFO .SF NS Mono already registered with pdfFont().
2025-10-13 00:52:53,822 INFO .SF NS Rounded already registered with pdfFont().
2025-10-13 00:52:53,822 INFO Academy Engraved LET already registered with pdfFont().
2025-10-13 00:52:53,823 INFO Andale Mono already registered with pdfFont().
2025-10-13 00:52:53,823 INFO More than one version of regular/bold/italic found for Apple Braille. Skipping setup for this font.
2025-10-13 00:52:53,823 INFO AppleMyungjo already registered with pdfFont().
2025-10-13 00:52:53,823 INFO Arial already registered with pdfFont().
2025-10-13 00:52:53,823 INFO Arial Black already registered with pdfFont().
2025-10-13 00:52:53,823 INFO Arial Narrow already registered with pdfFont().
2025-10-13 00:52:53,823 INFO Arial Rounded MT Bold already registered with pdfFont().
2025-10-13 00:52:53,823 INFO Arial Unicode MS already registered with pdfFont().
2025-10-13 00:52:53,823 INFO Bodoni 72 Smallcaps already registered with pdfFont().
2025-10-13 00:52:53,823 INFO Bodoni Ornaments already registered with pdfFont().
2025-10-13 00:52:53,823 INFO No regular (non-bold, non-italic) version of Brush Script MT. Skipping setup for this font.
2025-10-13 00:52:53,823 INFO Comic Sans MS already registered with pdfFont().
2025-10-13 00:52:53,823 INFO Courier New already registered with pdfFont().
2025-10-13 00:52:53,823 INFO No regular (non-bold, non-italic) version of DIN Alternate. Skipping setup for this font.
2025-10-13 00:52:53,823 INFO No regular (non-bold, non-italic) version of DIN Condensed. Skipping setup for this font.
2025-10-13 00:52:53,823 INFO Georgia already registered with pdfFont().
2025-10-13 00:52:53,823 INFO Impact already registered with pdfFont().
2025-10-13 00:52:53,823 INFO Khmer Sangam MN already registered with pdfFont().
2025-10-13 00:52:53,823 INFO Lao Sangam MN already registered with pdfFont().
2025-10-13 00:52:53,823 INFO Luminari already registered with pdfFont().
2025-10-13 00:52:53,823 INFO Microsoft Sans Serif already registered with pdfFont().
2025-10-13 00:52:53,823 INFO Noto Sans Adlam already registered with pdfFont().
2025-10-13 00:52:53,823 INFO Noto Sans Avestan already registered with pdfFont().
2025-10-13 00:52:53,823 INFO Noto Sans Bamum already registered with pdfFont().
2025-10-13 00:52:53,823 INFO Noto Sans Bassa Vah already registered with pdfFont().
2025-10-13 00:52:53,823 INFO Noto Sans Batak already registered with pdfFont().
2025-10-13 00:52:53,823 INFO Noto Sans Bhaiksuki already registered with pdfFont().
2025-10-13 00:52:53,823 INFO Noto Sans Brahmi already registered with pdfFont().
2025-10-13 00:52:53,823 INFO Noto Sans Buginese already registered with pdfFont().
2025-10-13 00:52:53,823 INFO Noto Sans Buhid already registered with pdfFont().
2025-10-13 00:52:53,823 INFO Noto Sans Carian already registered with pdfFont().
2025-10-13 00:52:53,823 INFO Noto Sans CaucAlban already registered with pdfFont().
2025-10-13 00:52:53,823 INFO Noto Sans Chakma already registered with pdfFont().
2025-10-13 00:52:53,823 INFO Noto Sans Cham already registered with pdfFont().
2025-10-13 00:52:53,823 INFO Noto Sans Coptic already registered with pdfFont().
2025-10-13 00:52:53,823 INFO Noto Sans Cuneiform already registered with pdfFont().
2025-10-13 00:52:53,823 INFO Noto Sans Cypriot already registered with pdfFont().
2025-10-13 00:52:53,823 INFO Noto Sans Duployan already registered with pdfFont().
2025-10-13 00:52:53,823 INFO Noto Sans EgyptHiero already registered with pdfFont().
2025-10-13 00:52:53,823 INFO Noto Sans Elbasan already registered with pdfFont().
2025-10-13 00:52:53,824 INFO Noto Sans Glagolitic already registered with pdfFont().
2025-10-13 00:52:53,824 INFO Noto Sans Gothic already registered with pdfFont().
2025-10-13 00:52:53,824 INFO Noto Sans HanifiRohg already registered with pdfFont().
2025-10-13 00:52:53,824 INFO Noto Sans Hanunoo already registered with pdfFont().
2025-10-13 00:52:53,824 INFO Noto Sans Hatran already registered with pdfFont().
2025-10-13 00:52:53,824 INFO Noto Sans ImpAramaic already registered with pdfFont().
2025-10-13 00:52:53,824 INFO Noto Sans InsPahlavi already registered with pdfFont().
2025-10-13 00:52:53,824 INFO Noto Sans InsParthi already registered with pdfFont().
2025-10-13 00:52:53,824 INFO Noto Sans Kaithi already registered with pdfFont().
2025-10-13 00:52:53,824 INFO Noto Sans Kayah Li already registered with pdfFont().
2025-10-13 00:52:53,824 INFO Noto Sans Kharoshthi already registered with pdfFont().
2025-10-13 00:52:53,824 INFO Noto Sans Khojki already registered with pdfFont().
2025-10-13 00:52:53,824 INFO Noto Sans Khudawadi already registered with pdfFont().
2025-10-13 00:52:53,824 INFO Noto Sans Lepcha already registered with pdfFont().
2025-10-13 00:52:53,824 INFO Noto Sans Limbu already registered with pdfFont().
2025-10-13 00:52:53,824 INFO Noto Sans Linear A already registered with pdfFont().
2025-10-13 00:52:53,824 INFO Noto Sans Linear B already registered with pdfFont().
2025-10-13 00:52:53,824 INFO Noto Sans Lisu already registered with pdfFont().
2025-10-13 00:52:53,824 INFO Noto Sans Lycian already registered with pdfFont().
2025-10-13 00:52:53,824 INFO Noto Sans Lydian already registered with pdfFont().
2025-10-13 00:52:53,824 INFO Noto Sans Mahajani already registered with pdfFont().
2025-10-13 00:52:53,824 INFO Noto Sans Mandaic already registered with pdfFont().
2025-10-13 00:52:53,824 INFO Noto Sans Manichaean already registered with pdfFont().
2025-10-13 00:52:53,824 INFO Noto Sans Marchen already registered with pdfFont().
2025-10-13 00:52:53,824 INFO Noto Sans MeeteiMayek already registered with pdfFont().
2025-10-13 00:52:53,824 INFO Noto Sans Mende Kikakui already registered with pdfFont().
2025-10-13 00:52:53,824 INFO Noto Sans Meroitic already registered with pdfFont().
2025-10-13 00:52:53,824 INFO Noto Sans Miao already registered with pdfFont().
2025-10-13 00:52:53,824 INFO Noto Sans Modi already registered with pdfFont().
2025-10-13 00:52:53,824 INFO Noto Sans Mongolian already registered with pdfFont().
2025-10-13 00:52:53,824 INFO Noto Sans Mro already registered with pdfFont().
2025-10-13 00:52:53,824 INFO Noto Sans Multani already registered with pdfFont().
2025-10-13 00:52:53,824 INFO Noto Sans Nabataean already registered with pdfFont().
2025-10-13 00:52:53,824 INFO Noto Sans Newa already registered with pdfFont().
2025-10-13 00:52:53,824 INFO Noto Sans NewTaiLue already registered with pdfFont().
2025-10-13 00:52:53,824 INFO Noto Sans NKo already registered with pdfFont().
2025-10-13 00:52:53,824 INFO Noto Sans Ol Chiki already registered with pdfFont().
2025-10-13 00:52:53,824 INFO No regular (non-bold, non-italic) version of Noto Sans Old Italic. Skipping setup for this font.
2025-10-13 00:52:53,824 INFO Noto Sans Old Permic already registered with pdfFont().
2025-10-13 00:52:53,824 INFO Noto Sans Old Turkic already registered with pdfFont().
2025-10-13 00:52:53,825 INFO Noto Sans OldHung already registered with pdfFont().
2025-10-13 00:52:53,825 INFO Noto Sans OldNorArab already registered with pdfFont().
2025-10-13 00:52:53,825 INFO Noto Sans OldPersian already registered with pdfFont().
2025-10-13 00:52:53,825 INFO Noto Sans OldSouArab already registered with pdfFont().
2025-10-13 00:52:53,825 INFO Noto Sans Osage already registered with pdfFont().
2025-10-13 00:52:53,825 INFO Noto Sans Osmanya already registered with pdfFont().
2025-10-13 00:52:53,825 INFO Noto Sans Pahawh Hmong already registered with pdfFont().
2025-10-13 00:52:53,825 INFO Noto Sans Palmyrene already registered with pdfFont().
2025-10-13 00:52:53,825 INFO Noto Sans PauCinHau already registered with pdfFont().
2025-10-13 00:52:53,825 INFO Noto Sans PhagsPa already registered with pdfFont().
2025-10-13 00:52:53,825 INFO Noto Sans Phoenician already registered with pdfFont().
2025-10-13 00:52:53,825 INFO Noto Sans PsaPahlavi already registered with pdfFont().
2025-10-13 00:52:53,825 INFO Noto Sans Rejang already registered with pdfFont().
2025-10-13 00:52:53,825 INFO Noto Sans Samaritan already registered with pdfFont().
2025-10-13 00:52:53,825 INFO Noto Sans Saurashtra already registered with pdfFont().
2025-10-13 00:52:53,825 INFO Noto Sans Sharada already registered with pdfFont().
2025-10-13 00:52:53,825 INFO Noto Sans SoraSomp already registered with pdfFont().
2025-10-13 00:52:53,825 INFO Noto Sans Sundanese already registered with pdfFont().
2025-10-13 00:52:53,825 INFO Noto Sans Syloti Nagri already registered with pdfFont().
2025-10-13 00:52:53,825 INFO Noto Sans Syriac already registered with pdfFont().
2025-10-13 00:52:53,825 INFO Noto Sans Tagalog already registered with pdfFont().
2025-10-13 00:52:53,825 INFO Noto Sans Tagbanwa already registered with pdfFont().
2025-10-13 00:52:53,825 INFO Noto Sans Tai Le already registered with pdfFont().
2025-10-13 00:52:53,825 INFO Noto Sans Tai Tham already registered with pdfFont().
2025-10-13 00:52:53,825 INFO Noto Sans Tai Viet already registered with pdfFont().
2025-10-13 00:52:53,825 INFO Noto Sans Takri already registered with pdfFont().
2025-10-13 00:52:53,825 INFO Noto Sans Thaana already registered with pdfFont().
2025-10-13 00:52:53,825 INFO Noto Sans Tirhuta already registered with pdfFont().
2025-10-13 00:52:53,825 INFO Noto Sans Ugaritic already registered with pdfFont().
2025-10-13 00:52:53,825 INFO Noto Sans Vai already registered with pdfFont().
2025-10-13 00:52:53,825 INFO Noto Sans Wancho already registered with pdfFont().
2025-10-13 00:52:53,825 INFO Noto Sans WarangCiti already registered with pdfFont().
2025-10-13 00:52:53,825 INFO Noto Sans Yi already registered with pdfFont().
2025-10-13 00:52:53,825 INFO Noto Serif Ahom already registered with pdfFont().
2025-10-13 00:52:53,825 INFO Noto Serif Balinese already registered with pdfFont().
2025-10-13 00:52:53,825 INFO Noto Serif Hmong Nyiakeng already registered with pdfFont().
2025-10-13 00:52:53,825 INFO Party LET already registered with pdfFont().
2025-10-13 00:52:53,825 INFO STIX Two Text already registered with pdfFont().
2025-10-13 00:52:53,825 INFO System Font already registered with pdfFont().
2025-10-13 00:52:53,825 INFO Tahoma already registered with pdfFont().
2025-10-13 00:52:53,826 INFO Times New Roman already registered with pdfFont().
2025-10-13 00:52:53,826 INFO Trattatello already registered with pdfFont().
2025-10-13 00:52:53,826 INFO Trebuchet MS already registered with pdfFont().
2025-10-13 00:52:53,826 INFO Verdana already registered with pdfFont().
2025-10-13 00:52:53,826 INFO Webdings already registered with pdfFont().
2025-10-13 00:52:53,826 INFO Wingdings already registered with pdfFont().
2025-10-13 00:52:53,826 INFO Wingdings 2 already registered with pdfFont().
2025-10-13 00:52:53,826 INFO Wingdings 3 already registered with pdfFont().
2025-10-13 00:52:53,831 INFO .Keyboard already registered with postscriptFont().
2025-10-13 00:52:53,831 INFO .New York already registered with postscriptFont().
2025-10-13 00:52:53,831 INFO .SF Arabic already registered with postscriptFont().
2025-10-13 00:52:53,831 INFO .SF Arabic Rounded already registered with postscriptFont().
2025-10-13 00:52:53,831 INFO .SF Armenian already registered with postscriptFont().
2025-10-13 00:52:53,831 INFO .SF Armenian Rounded already registered with postscriptFont().
2025-10-13 00:52:53,831 INFO .SF Camera already registered with postscriptFont().
2025-10-13 00:52:53,831 INFO .SF Compact already registered with postscriptFont().
2025-10-13 00:52:53,831 INFO .SF Compact Rounded already registered with postscriptFont().
2025-10-13 00:52:53,831 INFO .SF Georgian already registered with postscriptFont().
2025-10-13 00:52:53,831 INFO .SF Georgian Rounded already registered with postscriptFont().
2025-10-13 00:52:53,831 INFO .SF Hebrew already registered with postscriptFont().
2025-10-13 00:52:53,831 INFO .SF Hebrew Rounded already registered with postscriptFont().
2025-10-13 00:52:53,831 INFO .SF NS Mono already registered with postscriptFont().
2025-10-13 00:52:53,831 INFO .SF NS Rounded already registered with postscriptFont().
2025-10-13 00:52:53,831 INFO Academy Engraved LET already registered with postscriptFont().
2025-10-13 00:52:53,831 INFO Andale Mono already registered with postscriptFont().
2025-10-13 00:52:53,831 INFO More than one version of regular/bold/italic found for Apple Braille. Skipping setup for this font.
2025-10-13 00:52:53,831 INFO AppleMyungjo already registered with postscriptFont().
2025-10-13 00:52:53,831 INFO Arial already registered with postscriptFont().
2025-10-13 00:52:53,831 INFO Arial Black already registered with postscriptFont().
2025-10-13 00:52:53,831 INFO Arial Narrow already registered with postscriptFont().
2025-10-13 00:52:53,831 INFO Arial Rounded MT Bold already registered with postscriptFont().
2025-10-13 00:52:53,831 INFO Arial Unicode MS already registered with postscriptFont().
2025-10-13 00:52:53,831 INFO Bodoni 72 Smallcaps already registered with postscriptFont().
2025-10-13 00:52:53,831 INFO Bodoni Ornaments already registered with postscriptFont().
2025-10-13 00:52:53,831 INFO No regular (non-bold, non-italic) version of Brush Script MT. Skipping setup for this font.
2025-10-13 00:52:53,831 INFO Comic Sans MS already registered with postscriptFont().
2025-10-13 00:52:53,831 INFO Courier New already registered with postscriptFont().
2025-10-13 00:52:53,831 INFO No regular (non-bold, non-italic) version of DIN Alternate. Skipping setup for this font.
2025-10-13 00:52:53,831 INFO No regular (non-bold, non-italic) version of DIN Condensed. Skipping setup for this font.
2025-10-13 00:52:53,831 INFO Georgia already registered with postscriptFont().
2025-10-13 00:52:53,831 INFO Impact already registered with postscriptFont().
2025-10-13 00:52:53,831 INFO Khmer Sangam MN already registered with postscriptFont().
2025-10-13 00:52:53,831 INFO Lao Sangam MN already registered with postscriptFont().
2025-10-13 00:52:53,831 INFO Luminari already registered with postscriptFont().
2025-10-13 00:52:53,831 INFO Microsoft Sans Serif already registered with postscriptFont().
2025-10-13 00:52:53,831 INFO Noto Sans Adlam already registered with postscriptFont().
2025-10-13 00:52:53,831 INFO Noto Sans Avestan already registered with postscriptFont().
2025-10-13 00:52:53,831 INFO Noto Sans Bamum already registered with postscriptFont().
2025-10-13 00:52:53,831 INFO Noto Sans Bassa Vah already registered with postscriptFont().
2025-10-13 00:52:53,831 INFO Noto Sans Batak already registered with postscriptFont().
2025-10-13 00:52:53,831 INFO Noto Sans Bhaiksuki already registered with postscriptFont().
2025-10-13 00:52:53,832 INFO Noto Sans Brahmi already registered with postscriptFont().
2025-10-13 00:52:53,832 INFO Noto Sans Buginese already registered with postscriptFont().
2025-10-13 00:52:53,832 INFO Noto Sans Buhid already registered with postscriptFont().
2025-10-13 00:52:53,832 INFO Noto Sans Carian already registered with postscriptFont().
2025-10-13 00:52:53,832 INFO Noto Sans CaucAlban already registered with postscriptFont().
2025-10-13 00:52:53,832 INFO Noto Sans Chakma already registered with postscriptFont().
2025-10-13 00:52:53,832 INFO Noto Sans Cham already registered with postscriptFont().
2025-10-13 00:52:53,832 INFO Noto Sans Coptic already registered with postscriptFont().
2025-10-13 00:52:53,832 INFO Noto Sans Cuneiform already registered with postscriptFont().
2025-10-13 00:52:53,832 INFO Noto Sans Cypriot already registered with postscriptFont().
2025-10-13 00:52:53,832 INFO Noto Sans Duployan already registered with postscriptFont().
2025-10-13 00:52:53,832 INFO Noto Sans EgyptHiero already registered with postscriptFont().
2025-10-13 00:52:53,832 INFO Noto Sans Elbasan already registered with postscriptFont().
2025-10-13 00:52:53,832 INFO Noto Sans Glagolitic already registered with postscriptFont().
2025-10-13 00:52:53,832 INFO Noto Sans Gothic already registered with postscriptFont().
2025-10-13 00:52:53,832 INFO Noto Sans HanifiRohg already registered with postscriptFont().
2025-10-13 00:52:53,832 INFO Noto Sans Hanunoo already registered with postscriptFont().
2025-10-13 00:52:53,832 INFO Noto Sans Hatran already registered with postscriptFont().
2025-10-13 00:52:53,832 INFO Noto Sans ImpAramaic already registered with postscriptFont().
2025-10-13 00:52:53,832 INFO Noto Sans InsPahlavi already registered with postscriptFont().
2025-10-13 00:52:53,832 INFO Noto Sans InsParthi already registered with postscriptFont().
2025-10-13 00:52:53,832 INFO Noto Sans Kaithi already registered with postscriptFont().
2025-10-13 00:52:53,832 INFO Noto Sans Kayah Li already registered with postscriptFont().
2025-10-13 00:52:53,832 INFO Noto Sans Kharoshthi already registered with postscriptFont().
2025-10-13 00:52:53,832 INFO Noto Sans Khojki already registered with postscriptFont().
2025-10-13 00:52:53,832 INFO Noto Sans Khudawadi already registered with postscriptFont().
2025-10-13 00:52:53,832 INFO Noto Sans Lepcha already registered with postscriptFont().
2025-10-13 00:52:53,832 INFO Noto Sans Limbu already registered with postscriptFont().
2025-10-13 00:52:53,832 INFO Noto Sans Linear A already registered with postscriptFont().
2025-10-13 00:52:53,832 INFO Noto Sans Linear B already registered with postscriptFont().
2025-10-13 00:52:53,832 INFO Noto Sans Lisu already registered with postscriptFont().
2025-10-13 00:52:53,832 INFO Noto Sans Lycian already registered with postscriptFont().
2025-10-13 00:52:53,832 INFO Noto Sans Lydian already registered with postscriptFont().
2025-10-13 00:52:53,832 INFO Noto Sans Mahajani already registered with postscriptFont().
2025-10-13 00:52:53,832 INFO Noto Sans Mandaic already registered with postscriptFont().
2025-10-13 00:52:53,832 INFO Noto Sans Manichaean already registered with postscriptFont().
2025-10-13 00:52:53,832 INFO Noto Sans Marchen already registered with postscriptFont().
2025-10-13 00:52:53,832 INFO Noto Sans MeeteiMayek already registered with postscriptFont().
2025-10-13 00:52:53,832 INFO Noto Sans Mende Kikakui already registered with postscriptFont().
2025-10-13 00:52:53,832 INFO Noto Sans Meroitic already registered with postscriptFont().
2025-10-13 00:52:53,832 INFO Noto Sans Miao already registered with postscriptFont().
2025-10-13 00:52:53,832 INFO Noto Sans Modi already registered with postscriptFont().
2025-10-13 00:52:53,832 INFO Noto Sans Mongolian already registered with postscriptFont().
2025-10-13 00:52:53,832 INFO Noto Sans Mro already registered with postscriptFont().
2025-10-13 00:52:53,832 INFO Noto Sans Multani already registered with postscriptFont().
2025-10-13 00:52:53,832 INFO Noto Sans Nabataean already registered with postscriptFont().
2025-10-13 00:52:53,832 INFO Noto Sans Newa already registered with postscriptFont().
2025-10-13 00:52:53,833 INFO Noto Sans NewTaiLue already registered with postscriptFont().
2025-10-13 00:52:53,833 INFO Noto Sans NKo already registered with postscriptFont().
2025-10-13 00:52:53,833 INFO Noto Sans Ol Chiki already registered with postscriptFont().
2025-10-13 00:52:53,833 INFO No regular (non-bold, non-italic) version of Noto Sans Old Italic. Skipping setup for this font.
2025-10-13 00:52:53,833 INFO Noto Sans Old Permic already registered with postscriptFont().
2025-10-13 00:52:53,833 INFO Noto Sans Old Turkic already registered with postscriptFont().
2025-10-13 00:52:53,833 INFO Noto Sans OldHung already registered with postscriptFont().
2025-10-13 00:52:53,833 INFO Noto Sans OldNorArab already registered with postscriptFont().
2025-10-13 00:52:53,833 INFO Noto Sans OldPersian already registered with postscriptFont().
2025-10-13 00:52:53,833 INFO Noto Sans OldSouArab already registered with postscriptFont().
2025-10-13 00:52:53,833 INFO Noto Sans Osage already registered with postscriptFont().
2025-10-13 00:52:53,833 INFO Noto Sans Osmanya already registered with postscriptFont().
2025-10-13 00:52:53,833 INFO Noto Sans Pahawh Hmong already registered with postscriptFont().
2025-10-13 00:52:53,833 INFO Noto Sans Palmyrene already registered with postscriptFont().
2025-10-13 00:52:53,833 INFO Noto Sans PauCinHau already registered with postscriptFont().
2025-10-13 00:52:53,833 INFO Noto Sans PhagsPa already registered with postscriptFont().
2025-10-13 00:52:53,833 INFO Noto Sans Phoenician already registered with postscriptFont().
2025-10-13 00:52:53,833 INFO Noto Sans PsaPahlavi already registered with postscriptFont().
2025-10-13 00:52:53,833 INFO Noto Sans Rejang already registered with postscriptFont().
2025-10-13 00:52:53,833 INFO Noto Sans Samaritan already registered with postscriptFont().
2025-10-13 00:52:53,833 INFO Noto Sans Saurashtra already registered with postscriptFont().
2025-10-13 00:52:53,833 INFO Noto Sans Sharada already registered with postscriptFont().
2025-10-13 00:52:53,833 INFO Noto Sans SoraSomp already registered with postscriptFont().
2025-10-13 00:52:53,833 INFO Noto Sans Sundanese already registered with postscriptFont().
2025-10-13 00:52:53,833 INFO Noto Sans Syloti Nagri already registered with postscriptFont().
2025-10-13 00:52:53,833 INFO Noto Sans Syriac already registered with postscriptFont().
2025-10-13 00:52:53,833 INFO Noto Sans Tagalog already registered with postscriptFont().
2025-10-13 00:52:53,833 INFO Noto Sans Tagbanwa already registered with postscriptFont().
2025-10-13 00:52:53,833 INFO Noto Sans Tai Le already registered with postscriptFont().
2025-10-13 00:52:53,833 INFO Noto Sans Tai Tham already registered with postscriptFont().
2025-10-13 00:52:53,833 INFO Noto Sans Tai Viet already registered with postscriptFont().
2025-10-13 00:52:53,833 INFO Noto Sans Takri already registered with postscriptFont().
2025-10-13 00:52:53,833 INFO Noto Sans Thaana already registered with postscriptFont().
2025-10-13 00:52:53,833 INFO Noto Sans Tirhuta already registered with postscriptFont().
2025-10-13 00:52:53,833 INFO Noto Sans Ugaritic already registered with postscriptFont().
2025-10-13 00:52:53,833 INFO Noto Sans Vai already registered with postscriptFont().
2025-10-13 00:52:53,833 INFO Noto Sans Wancho already registered with postscriptFont().
2025-10-13 00:52:53,833 INFO Noto Sans WarangCiti already registered with postscriptFont().
2025-10-13 00:52:53,833 INFO Noto Sans Yi already registered with postscriptFont().
2025-10-13 00:52:53,833 INFO Noto Serif Ahom already registered with postscriptFont().
2025-10-13 00:52:53,833 INFO Noto Serif Balinese already registered with postscriptFont().
2025-10-13 00:52:53,833 INFO Noto Serif Hmong Nyiakeng already registered with postscriptFont().
2025-10-13 00:52:53,833 INFO Party LET already registered with postscriptFont().
2025-10-13 00:52:53,833 INFO STIX Two Text already registered with postscriptFont().
2025-10-13 00:52:53,833 INFO System Font already registered with postscriptFont().
2025-10-13 00:52:53,833 INFO Tahoma already registered with postscriptFont().
2025-10-13 00:52:53,833 INFO Times New Roman already registered with postscriptFont().
2025-10-13 00:52:53,834 INFO Trattatello already registered with postscriptFont().
2025-10-13 00:52:53,834 INFO Trebuchet MS already registered with postscriptFont().
2025-10-13 00:52:53,834 INFO Verdana already registered with postscriptFont().
2025-10-13 00:52:53,834 INFO Webdings already registered with postscriptFont().
2025-10-13 00:52:53,834 INFO Wingdings already registered with postscriptFont().
2025-10-13 00:52:53,834 INFO Wingdings 2 already registered with postscriptFont().
2025-10-13 00:52:53,834 INFO Wingdings 3 already registered with postscriptFont().
2025-10-13 00:52:56,175 INFO Error in `left_join()`:
2025-10-13 00:52:56,175 INFO ! Join columns in `y` must be present in the data.
2025-10-13 00:52:56,175 INFO ✖ Problem with `playerId`.
2025-10-13 00:52:56,175 INFO Backtrace:
2025-10-13 00:52:56,175 INFO      ▆
2025-10-13 00:52:56,175 INFO   1. ├─base::source("raw_data_cleaning.R")
2025-10-13 00:52:56,176 INFO   2. │ ├─base::withVisible(eval(ei, envir))
2025-10-13 00:52:56,176 INFO   3. │ └─base::eval(ei, envir)
2025-10-13 00:52:56,176 INFO   4. │   └─base::eval(ei, envir)
2025-10-13 00:52:56,176 INFO   5. ├─dplyr::summarize(...)
2025-10-13 00:52:56,176 INFO   6. ├─dplyr::group_by(...)
2025-10-13 00:52:56,176 INFO   7. ├─dplyr::filter(...)
2025-10-13 00:52:56,176 INFO   8. ├─dplyr::filter(...)
2025-10-13 00:52:56,176 INFO   9. ├─base::unique(...)
2025-10-13 00:52:56,176 INFO  10. ├─dplyr::select(...)
2025-10-13 00:52:56,176 INFO  11. ├─dplyr::ungroup(...)
2025-10-13 00:52:56,176 INFO  12. ├─dplyr::mutate(...)
2025-10-13 00:52:56,176 INFO  13. ├─dplyr::group_by(...)
2025-10-13 00:52:56,176 INFO  14. ├─dplyr::filter(...)
2025-10-13 00:52:56,176 INFO  15. ├─dplyr::mutate(...)
2025-10-13 00:52:56,176 INFO  16. ├─dplyr::filter(...)
2025-10-13 00:52:56,176 INFO  17. ├─dplyr::left_join(...)
2025-10-13 00:52:56,176 INFO  18. └─dplyr:::left_join.data.frame(...)
2025-10-13 00:52:56,176 INFO  19.   └─dplyr:::join_mutate(...)
2025-10-13 00:52:56,176 INFO  20.     └─dplyr:::join_cols(...)
2025-10-13 00:52:56,176 INFO  21.       └─dplyr:::check_join_vars(by$y, y_names, by$condition, "y", error_call = error_call)
2025-10-13 00:52:56,176 INFO  22.         └─rlang::abort(bullets, call = error_call)
2025-10-13 00:52:56,177 INFO There were 11 warnings (use warnings() to see them)
2025-10-13 00:52:56,177 INFO Execution halted
2025-10-13 00:52:56,205 ERROR Error during group_advantage.raw_data_cleaning after 47.051 sec
Traceback (most recent call last):
  File "/Users/xehu/Desktop/task-mapping/analysis/run_master.py", line 414, in time_callable
    res = func()
  File "/Users/xehu/Desktop/task-mapping/analysis/run_master.py", line 552, in <lambda>
    results.append(time_callable('group_advantage.raw_data_cleaning', lambda: run_r_script(r_script_clean)))
  File "/Users/xehu/Desktop/task-mapping/analysis/run_master.py", line 355, in run_r_script
    raise RuntimeError(f'R script failed (exit {rc}): {r_path}')
RuntimeError: R script failed (exit 1): /Users/xehu/Desktop/task-mapping/analysis/analysis_group_advantage/raw_data_cleaning.R
