2025-10-13 00:22:50,689 INFO Starting analysis master script
2025-10-13 00:22:50,689 INFO Running group_advantage pipeline
2025-10-13 00:22:50,690 INFO Timing: group_advantage.raw_data_cleaning
2025-10-13 00:22:50,690 INFO Running R script /Users/xehu/Desktop/task-mapping/analysis/analysis_group_advantage/raw_data_cleaning.R
2025-10-13 00:22:50,690 INFO Running command: /usr/local/bin/Rscript -e set.seed(as.integer(Sys.getenv('ANALYSIS_SEED', '19104'))); source('raw_data_cleaning.R') (cwd=/Users/xehu/Desktop/task-mapping/analysis/analysis_group_advantage)
2025-10-13 00:22:50,801 INFO 
2025-10-13 00:22:50,802 INFO Attaching package: ‘pls’
2025-10-13 00:22:50,802 INFO 
2025-10-13 00:22:50,802 INFO The following object is masked from ‘package:stats’:
2025-10-13 00:22:50,802 INFO 
2025-10-13 00:22:50,802 INFO     loadings
2025-10-13 00:22:50,802 INFO 
2025-10-13 00:22:50,806 INFO randomForest 4.7-1.2
2025-10-13 00:22:50,806 INFO Type rfNews() to see new features/changes/bug fixes.
2025-10-13 00:22:51,165 INFO Loading required package: ggplot2
2025-10-13 00:22:51,365 INFO 
2025-10-13 00:22:51,365 INFO Attaching package: ‘ggplot2’
2025-10-13 00:22:51,365 INFO 
2025-10-13 00:22:51,365 INFO The following object is masked from ‘package:randomForest’:
2025-10-13 00:22:51,365 INFO 
2025-10-13 00:22:51,365 INFO     margin
2025-10-13 00:22:51,365 INFO 
2025-10-13 00:22:51,365 INFO Loading required package: lattice
2025-10-13 00:22:51,629 INFO 
2025-10-13 00:22:51,629 INFO Attaching package: ‘caret’
2025-10-13 00:22:51,629 INFO 
2025-10-13 00:22:51,629 INFO The following object is masked from ‘package:pls’:
2025-10-13 00:22:51,629 INFO 
2025-10-13 00:22:51,629 INFO     R2
2025-10-13 00:22:51,629 INFO 
2025-10-13 00:22:51,630 INFO Loading required package: foreach
2025-10-13 00:22:51,632 INFO Loading required package: iterators
2025-10-13 00:22:51,634 INFO Loading required package: parallel
2025-10-13 00:22:51,732 INFO Registering fonts with R
2025-10-13 00:22:51,779 INFO 
2025-10-13 00:22:51,779 INFO Please cite as:
2025-10-13 00:22:51,779 INFO 
2025-10-13 00:22:51,779 INFO  Hlavac, Marek (2022). stargazer: Well-Formatted Regression and Summary Statistics Tables.
2025-10-13 00:22:51,779 INFO  R package version 5.2.3. https://CRAN.R-project.org/package=stargazer
2025-10-13 00:22:51,779 INFO 
2025-10-13 00:22:51,827 INFO ── Attaching core tidyverse packages ──────────────────────── tidyverse 2.0.0 ──
2025-10-13 00:22:51,827 INFO ✔ dplyr     1.1.4     ✔ readr     2.1.5
2025-10-13 00:22:51,827 INFO ✔ forcats   1.0.1     ✔ stringr   1.5.2
2025-10-13 00:22:51,827 INFO ✔ lubridate 1.9.4     ✔ tibble    3.3.0
2025-10-13 00:22:51,827 INFO ✔ purrr     1.1.0     ✔ tidyr     1.3.1
2025-10-13 00:22:51,860 INFO ── Conflicts ────────────────────────────────────────── tidyverse_conflicts() ──
2025-10-13 00:22:51,860 INFO ✖ purrr::accumulate() masks foreach::accumulate()
2025-10-13 00:22:51,861 INFO ✖ dplyr::combine()    masks randomForest::combine()
2025-10-13 00:22:51,861 INFO ✖ dplyr::filter()     masks stats::filter()
2025-10-13 00:22:51,861 INFO ✖ purrr::flatten()    masks jsonlite::flatten()
2025-10-13 00:22:51,861 INFO ✖ dplyr::lag()        masks stats::lag()
2025-10-13 00:22:51,861 INFO ✖ purrr::lift()       masks caret::lift()
2025-10-13 00:22:51,861 INFO ✖ ggplot2::margin()   masks randomForest::margin()
2025-10-13 00:22:51,861 INFO ✖ dplyr::slice()      masks xgboost::slice()
2025-10-13 00:22:51,861 INFO ✖ purrr::when()       masks foreach::when()
2025-10-13 00:22:51,861 INFO ℹ Use the conflicted package (<http://conflicted.r-lib.org/>) to force all conflicts to become errors
2025-10-13 00:22:51,872 INFO Scanning ttf files in /Library/Fonts/, /System/Library/Fonts, /System/Library/Fonts/Supplemental, ~/Library/Fonts/ ...
2025-10-13 00:22:51,872 INFO Extracting .afm files from .ttf files...
2025-10-13 00:22:54,473 INFO /System/Library/Fonts/Supplemental/Arial Unicode.ttf : ArialUnicodeMS already registered in fonts database. Skipping.
2025-10-13 00:22:54,550 INFO /System/Library/Fonts/Apple Braille Outline 6 Dot.ttf : AppleBraille-Outline6Dot already registered in fonts database. Skipping.
2025-10-13 00:22:54,634 INFO /System/Library/Fonts/Apple Braille Outline 8 Dot.ttf : AppleBraille-Outline8Dot already registered in fonts database. Skipping.
2025-10-13 00:22:54,685 INFO /System/Library/Fonts/Apple Braille Pinpoint 6 Dot.ttf : AppleBraille-Pinpoint6Dot already registered in fonts database. Skipping.
2025-10-13 00:22:54,738 INFO /System/Library/Fonts/Apple Braille Pinpoint 8 Dot.ttf : AppleBraille-Pinpoint8Dot already registered in fonts database. Skipping.
2025-10-13 00:22:54,772 INFO /System/Library/Fonts/Apple Braille.ttf : AppleBraille already registered in fonts database. Skipping.
2025-10-13 00:22:54,796 INFO /System/Library/Fonts/Apple Symbols.ttf : No FontName. Skipping.
2025-10-13 00:22:54,817 INFO /System/Library/Fonts/Geneva.ttf : No FontName. Skipping.
2025-10-13 00:22:54,832 INFO /System/Library/Fonts/Keyboard.ttf : -Keyboard already registered in fonts database. Skipping.
2025-10-13 00:22:54,883 INFO /System/Library/Fonts/Monaco.ttf : No FontName. Skipping.
2025-10-13 00:22:54,971 INFO /System/Library/Fonts/NewYork.ttf : -NewYork-Regular already registered in fonts database. Skipping.
2025-10-13 00:22:55,048 INFO /System/Library/Fonts/NewYorkItalic.ttf : -NewYork-RegularItalic already registered in fonts database. Skipping.
2025-10-13 00:22:55,128 INFO /System/Library/Fonts/SFArabic.ttf : -SFArabic-Regular already registered in fonts database. Skipping.
2025-10-13 00:22:55,229 INFO /System/Library/Fonts/SFArabicRounded.ttf : -SFArabicRounded-Regular already registered in fonts database. Skipping.
2025-10-13 00:22:55,242 INFO /System/Library/Fonts/SFArmenian.ttf : -SFArmenian-Regular already registered in fonts database. Skipping.
2025-10-13 00:22:55,257 INFO /System/Library/Fonts/SFArmenianRounded.ttf : -SFArmenianRounded-Regular already registered in fonts database. Skipping.
2025-10-13 00:22:55,272 INFO /System/Library/Fonts/SFCamera.ttf : --SFCamera-Regular already registered in fonts database. Skipping.
2025-10-13 00:22:55,375 INFO /System/Library/Fonts/SFCompact.ttf : -SFCompact-Black already registered in fonts database. Skipping.
2025-10-13 00:22:55,458 INFO /System/Library/Fonts/SFCompactItalic.ttf : -SFCompact-BlackItalic already registered in fonts database. Skipping.
2025-10-13 00:22:55,564 INFO /System/Library/Fonts/SFCompactRounded.ttf : --SFCompactRounded-Regular already registered in fonts database. Skipping.
2025-10-13 00:22:55,580 INFO /System/Library/Fonts/SFGeorgian.ttf : -SFGeorgian-Regular already registered in fonts database. Skipping.
2025-10-13 00:22:55,596 INFO /System/Library/Fonts/SFGeorgianRounded.ttf : -SFGeorgianRounded-Regular already registered in fonts database. Skipping.
2025-10-13 00:22:55,606 INFO /System/Library/Fonts/SFHebrew.ttf : -SFHebrew-Regular already registered in fonts database. Skipping.
2025-10-13 00:22:55,617 INFO /System/Library/Fonts/SFHebrewRounded.ttf : -SFHebrewRounded-Regular already registered in fonts database. Skipping.
2025-10-13 00:22:55,737 INFO /System/Library/Fonts/SFNS.ttf : -SFNS-Regular already registered in fonts database. Skipping.
2025-10-13 00:22:55,821 INFO /System/Library/Fonts/SFNSItalic.ttf : -SFNS-RegularItalic already registered in fonts database. Skipping.
2025-10-13 00:22:55,875 INFO /System/Library/Fonts/SFNSMono.ttf : -SFNSMono-Light already registered in fonts database. Skipping.
2025-10-13 00:22:55,923 INFO /System/Library/Fonts/SFNSMonoItalic.ttf : -SFNSMono-LightItalic already registered in fonts database. Skipping.
2025-10-13 00:22:56,019 INFO /System/Library/Fonts/SFNSRounded.ttf : -SFNSRounded-Regular already registered in fonts database. Skipping.
2025-10-13 00:22:56,076 INFO /System/Library/Fonts/Supplemental/Academy Engraved LET Fonts.ttf : AcademyEngravedLetPlain already registered in fonts database. Skipping.
2025-10-13 00:22:56,133 INFO /System/Library/Fonts/Supplemental/Academy Engraved LET Fonts.ttf : AcademyEngravedLetPlain already registered in fonts database. Skipping.
2025-10-13 00:22:56,150 INFO /System/Library/Fonts/Supplemental/Andale Mono.ttf : AndaleMono already registered in fonts database. Skipping.
2025-10-13 00:22:56,167 INFO /System/Library/Fonts/Supplemental/Andale Mono.ttf : AndaleMono already registered in fonts database. Skipping.
2025-10-13 00:22:56,211 INFO /System/Library/Fonts/Supplemental/Apple Chancery.ttf : No FontName. Skipping.
2025-10-13 00:22:56,254 INFO /System/Library/Fonts/Supplemental/Apple Chancery.ttf : No FontName. Skipping.
2025-10-13 00:22:59,547 INFO /System/Library/Fonts/Supplemental/AppleGothic.ttf : No FontName. Skipping.
2025-10-13 00:23:02,848 INFO /System/Library/Fonts/Supplemental/AppleGothic.ttf : No FontName. Skipping.
2025-10-13 00:23:07,015 INFO /System/Library/Fonts/Supplemental/AppleMyungjo.ttf : AppleMyungjo already registered in fonts database. Skipping.
2025-10-13 00:23:11,366 INFO /System/Library/Fonts/Supplemental/AppleMyungjo.ttf : AppleMyungjo already registered in fonts database. Skipping.
2025-10-13 00:23:11,391 INFO /System/Library/Fonts/Supplemental/Arial Black.ttf : Arial-Black already registered in fonts database. Skipping.
2025-10-13 00:23:11,411 INFO /System/Library/Fonts/Supplemental/Arial Black.ttf : Arial-Black already registered in fonts database. Skipping.
2025-10-13 00:23:11,480 INFO /System/Library/Fonts/Supplemental/Arial Bold Italic.ttf : Arial-BoldItalicMT already registered in fonts database. Skipping.
2025-10-13 00:23:11,548 INFO /System/Library/Fonts/Supplemental/Arial Bold Italic.ttf : Arial-BoldItalicMT already registered in fonts database. Skipping.
2025-10-13 00:23:11,699 INFO /System/Library/Fonts/Supplemental/Arial Bold.ttf : Arial-BoldMT already registered in fonts database. Skipping.
2025-10-13 00:23:11,807 INFO /System/Library/Fonts/Supplemental/Arial Bold.ttf : Arial-BoldMT already registered in fonts database. Skipping.
2025-10-13 00:23:11,883 INFO /System/Library/Fonts/Supplemental/Arial Italic.ttf : Arial-ItalicMT already registered in fonts database. Skipping.
2025-10-13 00:23:11,958 INFO /System/Library/Fonts/Supplemental/Arial Italic.ttf : Arial-ItalicMT already registered in fonts database. Skipping.
2025-10-13 00:23:11,978 INFO /System/Library/Fonts/Supplemental/Arial Narrow Bold Italic.ttf : ArialNarrow-BoldItalic already registered in fonts database. Skipping.
2025-10-13 00:23:11,998 INFO /System/Library/Fonts/Supplemental/Arial Narrow Bold Italic.ttf : ArialNarrow-BoldItalic already registered in fonts database. Skipping.
2025-10-13 00:23:12,020 INFO /System/Library/Fonts/Supplemental/Arial Narrow Bold.ttf : ArialNarrow-Bold already registered in fonts database. Skipping.
2025-10-13 00:23:12,041 INFO /System/Library/Fonts/Supplemental/Arial Narrow Bold.ttf : ArialNarrow-Bold already registered in fonts database. Skipping.
2025-10-13 00:23:12,062 INFO /System/Library/Fonts/Supplemental/Arial Narrow Italic.ttf : ArialNarrow-Italic already registered in fonts database. Skipping.
2025-10-13 00:23:12,082 INFO /System/Library/Fonts/Supplemental/Arial Narrow Italic.ttf : ArialNarrow-Italic already registered in fonts database. Skipping.
2025-10-13 00:23:12,102 INFO /System/Library/Fonts/Supplemental/Arial Narrow.ttf : ArialNarrow already registered in fonts database. Skipping.
2025-10-13 00:23:12,123 INFO /System/Library/Fonts/Supplemental/Arial Narrow.ttf : ArialNarrow already registered in fonts database. Skipping.
2025-10-13 00:23:12,141 INFO /System/Library/Fonts/Supplemental/Arial Rounded Bold.ttf : ArialRoundedMTBold already registered in fonts database. Skipping.
2025-10-13 00:23:12,159 INFO /System/Library/Fonts/Supplemental/Arial Rounded Bold.ttf : ArialRoundedMTBold already registered in fonts database. Skipping.
2025-10-13 00:23:14,761 INFO /System/Library/Fonts/Supplemental/Arial Unicode.ttf : ArialUnicodeMS already registered in fonts database. Skipping.
2025-10-13 00:23:17,371 INFO /System/Library/Fonts/Supplemental/Arial Unicode.ttf : ArialUnicodeMS already registered in fonts database. Skipping.
2025-10-13 00:23:17,485 INFO /System/Library/Fonts/Supplemental/Arial.ttf : ArialMT already registered in fonts database. Skipping.
2025-10-13 00:23:17,601 INFO /System/Library/Fonts/Supplemental/Arial.ttf : ArialMT already registered in fonts database. Skipping.
2025-10-13 00:23:17,638 INFO /System/Library/Fonts/Supplemental/Ayuthaya.ttf : No FontName. Skipping.
2025-10-13 00:23:17,676 INFO /System/Library/Fonts/Supplemental/Ayuthaya.ttf : No FontName. Skipping.
2025-10-13 00:23:17,818 INFO /System/Library/Fonts/Supplemental/BigCaslon.ttf : No FontName. Skipping.
2025-10-13 00:23:17,961 INFO /System/Library/Fonts/Supplemental/BigCaslon.ttf : No FontName. Skipping.
2025-10-13 00:23:17,983 INFO /System/Library/Fonts/Supplemental/Bodoni 72 Smallcaps Book.ttf : BodoniSvtyTwoSCITCTT-Book already registered in fonts database. Skipping.
2025-10-13 00:23:18,005 INFO /System/Library/Fonts/Supplemental/Bodoni 72 Smallcaps Book.ttf : BodoniSvtyTwoSCITCTT-Book already registered in fonts database. Skipping.
2025-10-13 00:23:18,036 INFO /System/Library/Fonts/Supplemental/Bodoni Ornaments.ttf : BodoniOrnamentsITCTT already registered in fonts database. Skipping.
2025-10-13 00:23:18,066 INFO /System/Library/Fonts/Supplemental/Bodoni Ornaments.ttf : BodoniOrnamentsITCTT already registered in fonts database. Skipping.
2025-10-13 00:23:18,343 INFO /System/Library/Fonts/Supplemental/Bradley Hand Bold.ttf : Bradley-Hand-Bold already registered in fonts database. Skipping.
2025-10-13 00:23:18,620 INFO /System/Library/Fonts/Supplemental/Bradley Hand Bold.ttf : Bradley-Hand-Bold already registered in fonts database. Skipping.
2025-10-13 00:23:18,790 INFO /System/Library/Fonts/Supplemental/Brush Script.ttf : BrushScriptMT already registered in fonts database. Skipping.
2025-10-13 00:23:18,958 INFO /System/Library/Fonts/Supplemental/Brush Script.ttf : BrushScriptMT already registered in fonts database. Skipping.
2025-10-13 00:23:18,976 INFO /System/Library/Fonts/Supplemental/Chalkduster.ttfsh: line 1: 26871 Abort trap: 6           '/Library/Frameworks/R.framework/Versions/4.5-arm64/Resources/library/Rttf2pt1/exec//ttf2pt1' -a -GfAe '/System/Library/Fonts/Supplemental/Chalkduster.ttf' '/var/folders/73/jl9lgbkj511fwjxkl9cvw7q00000gq/T//RtmpqdDx2w/fonts/Chalkduster' 2>&1
2025-10-13 00:23:18,976 INFO  : No FontName. Skipping.
2025-10-13 00:23:18,993 INFO /System/Library/Fonts/Supplemental/Chalkduster.ttfsh: line 1: 26873 Abort trap: 6           '/Library/Frameworks/R.framework/Versions/4.5-arm64/Resources/library/Rttf2pt1/exec//ttf2pt1' -a -GfAe '/System/Library/Fonts/Supplemental/Chalkduster.ttf' '/var/folders/73/jl9lgbkj511fwjxkl9cvw7q00000gq/T//RtmpqdDx2w/fonts/Chalkduster' 2>&1
2025-10-13 00:23:18,993 INFO  : No FontName. Skipping.
2025-10-13 00:23:19,054 INFO /System/Library/Fonts/Supplemental/Comic Sans MS Bold.ttf : ComicSansMS-Bold already registered in fonts database. Skipping.
2025-10-13 00:23:19,115 INFO /System/Library/Fonts/Supplemental/Comic Sans MS Bold.ttf : ComicSansMS-Bold already registered in fonts database. Skipping.
2025-10-13 00:23:19,165 INFO /System/Library/Fonts/Supplemental/Comic Sans MS.ttf : ComicSansMS already registered in fonts database. Skipping.
2025-10-13 00:23:19,214 INFO /System/Library/Fonts/Supplemental/Comic Sans MS.ttf : ComicSansMS already registered in fonts database. Skipping.
2025-10-13 00:23:19,317 INFO /System/Library/Fonts/Supplemental/Courier New Bold Italic.ttf : CourierNewPS-BoldItalicMT already registered in fonts database. Skipping.
2025-10-13 00:23:19,420 INFO /System/Library/Fonts/Supplemental/Courier New Bold Italic.ttf : CourierNewPS-BoldItalicMT already registered in fonts database. Skipping.
2025-10-13 00:23:19,543 INFO /System/Library/Fonts/Supplemental/Courier New Bold.ttf : CourierNewPS-BoldMT already registered in fonts database. Skipping.
2025-10-13 00:23:19,665 INFO /System/Library/Fonts/Supplemental/Courier New Bold.ttf : CourierNewPS-BoldMT already registered in fonts database. Skipping.
2025-10-13 00:23:19,762 INFO /System/Library/Fonts/Supplemental/Courier New Italic.ttf : CourierNewPS-ItalicMT already registered in fonts database. Skipping.
2025-10-13 00:23:19,857 INFO /System/Library/Fonts/Supplemental/Courier New Italic.ttf : CourierNewPS-ItalicMT already registered in fonts database. Skipping.
2025-10-13 00:23:19,968 INFO /System/Library/Fonts/Supplemental/Courier New.ttf : CourierNewPSMT already registered in fonts database. Skipping.
2025-10-13 00:23:20,079 INFO /System/Library/Fonts/Supplemental/Courier New.ttf : CourierNewPSMT already registered in fonts database. Skipping.
2025-10-13 00:23:20,136 INFO /System/Library/Fonts/Supplemental/DIN Alternate Bold.ttf : DINAlternate-Bold already registered in fonts database. Skipping.
2025-10-13 00:23:20,192 INFO /System/Library/Fonts/Supplemental/DIN Alternate Bold.ttf : DINAlternate-Bold already registered in fonts database. Skipping.
2025-10-13 00:23:20,260 INFO /System/Library/Fonts/Supplemental/DIN Condensed Bold.ttf : DINCondensed-Bold already registered in fonts database. Skipping.
2025-10-13 00:23:20,327 INFO /System/Library/Fonts/Supplemental/DIN Condensed Bold.ttf : DINCondensed-Bold already registered in fonts database. Skipping.
2025-10-13 00:23:20,483 INFO /System/Library/Fonts/Supplemental/Diwan Thuluth.ttf : No FontName. Skipping.
2025-10-13 00:23:20,640 INFO /System/Library/Fonts/Supplemental/Diwan Thuluth.ttf : No FontName. Skipping.
2025-10-13 00:23:20,755 INFO /System/Library/Fonts/Supplemental/Farisi.ttf : No FontName. Skipping.
2025-10-13 00:23:20,868 INFO /System/Library/Fonts/Supplemental/Farisi.ttf : No FontName. Skipping.
2025-10-13 00:23:20,952 INFO /System/Library/Fonts/Supplemental/Georgia Bold Italic.ttf : Georgia-BoldItalic already registered in fonts database. Skipping.
2025-10-13 00:23:21,037 INFO /System/Library/Fonts/Supplemental/Georgia Bold Italic.ttf : Georgia-BoldItalic already registered in fonts database. Skipping.
2025-10-13 00:23:21,124 INFO /System/Library/Fonts/Supplemental/Georgia Bold.ttf : Georgia-Bold already registered in fonts database. Skipping.
2025-10-13 00:23:21,209 INFO /System/Library/Fonts/Supplemental/Georgia Bold.ttf : Georgia-Bold already registered in fonts database. Skipping.
2025-10-13 00:23:21,290 INFO /System/Library/Fonts/Supplemental/Georgia Italic.ttf : Georgia-Italic already registered in fonts database. Skipping.
2025-10-13 00:23:21,372 INFO /System/Library/Fonts/Supplemental/Georgia Italic.ttf : Georgia-Italic already registered in fonts database. Skipping.
2025-10-13 00:23:21,461 INFO /System/Library/Fonts/Supplemental/Georgia.ttf : Georgia already registered in fonts database. Skipping.
2025-10-13 00:23:21,550 INFO /System/Library/Fonts/Supplemental/Georgia.ttf : Georgia already registered in fonts database. Skipping.
2025-10-13 00:23:21,560 INFO /System/Library/Fonts/Supplemental/Gurmukhi.ttf : No FontName. Skipping.
2025-10-13 00:23:21,569 INFO /System/Library/Fonts/Supplemental/Gurmukhi.ttf : No FontName. Skipping.
2025-10-13 00:23:21,635 INFO /System/Library/Fonts/Supplemental/Herculanum.ttf : No FontName. Skipping.
2025-10-13 00:23:21,699 INFO /System/Library/Fonts/Supplemental/Herculanum.ttf : No FontName. Skipping.
2025-10-13 00:23:21,710 INFO /System/Library/Fonts/Supplemental/Hoefler Text Ornaments.ttf : No FontName. Skipping.
2025-10-13 00:23:21,720 INFO /System/Library/Fonts/Supplemental/Hoefler Text Ornaments.ttf : No FontName. Skipping.
2025-10-13 00:23:21,752 INFO /System/Library/Fonts/Supplemental/Impact.ttf : Impact already registered in fonts database. Skipping.
2025-10-13 00:23:21,783 INFO /System/Library/Fonts/Supplemental/Impact.ttf : Impact already registered in fonts database. Skipping.
2025-10-13 00:23:21,853 INFO /System/Library/Fonts/Supplemental/Khmer Sangam MN.ttf : KhmerSangamMN already registered in fonts database. Skipping.
2025-10-13 00:23:21,923 INFO /System/Library/Fonts/Supplemental/Khmer Sangam MN.ttf : KhmerSangamMN already registered in fonts database. Skipping.
2025-10-13 00:23:21,964 INFO /System/Library/Fonts/Supplemental/Kokonor.ttfsh: line 1: 26954 Abort trap: 6           '/Library/Frameworks/R.framework/Versions/4.5-arm64/Resources/library/Rttf2pt1/exec//ttf2pt1' -a -GfAe '/System/Library/Fonts/Supplemental/Kokonor.ttf' '/var/folders/73/jl9lgbkj511fwjxkl9cvw7q00000gq/T//RtmpqdDx2w/fonts/Kokonor' 2>&1
2025-10-13 00:23:21,964 INFO  : No FontName. Skipping.
2025-10-13 00:23:22,005 INFO /System/Library/Fonts/Supplemental/Kokonor.ttfsh: line 1: 26956 Abort trap: 6           '/Library/Frameworks/R.framework/Versions/4.5-arm64/Resources/library/Rttf2pt1/exec//ttf2pt1' -a -GfAe '/System/Library/Fonts/Supplemental/Kokonor.ttf' '/var/folders/73/jl9lgbkj511fwjxkl9cvw7q00000gq/T//RtmpqdDx2w/fonts/Kokonor' 2>&1
2025-10-13 00:23:22,005 INFO  : No FontName. Skipping.
2025-10-13 00:23:22,026 INFO /System/Library/Fonts/Supplemental/Krungthep.ttf : No FontName. Skipping.
2025-10-13 00:23:22,048 INFO /System/Library/Fonts/Supplemental/Krungthep.ttf : No FontName. Skipping.
2025-10-13 00:23:22,078 INFO /System/Library/Fonts/Supplemental/Lao Sangam MN.ttf : LaoSangamMN already registered in fonts database. Skipping.
2025-10-13 00:23:22,107 INFO /System/Library/Fonts/Supplemental/Lao Sangam MN.ttf : LaoSangamMN already registered in fonts database. Skipping.
2025-10-13 00:23:22,408 INFO /System/Library/Fonts/Supplemental/Luminari.ttf : Luminari-Regular already registered in fonts database. Skipping.
2025-10-13 00:23:22,711 INFO /System/Library/Fonts/Supplemental/Luminari.ttf : Luminari-Regular already registered in fonts database. Skipping.
2025-10-13 00:23:22,784 INFO /System/Library/Fonts/Supplemental/Microsoft Sans Serif.ttf : MicrosoftSansSerif already registered in fonts database. Skipping.
2025-10-13 00:23:22,851 INFO /System/Library/Fonts/Supplemental/Microsoft Sans Serif.ttf : MicrosoftSansSerif already registered in fonts database. Skipping.
2025-10-13 00:23:23,021 INFO /System/Library/Fonts/Supplemental/Mishafi Gold.ttf : No FontName. Skipping.
2025-10-13 00:23:23,191 INFO /System/Library/Fonts/Supplemental/Mishafi Gold.ttf : No FontName. Skipping.
2025-10-13 00:23:23,593 INFO /System/Library/Fonts/Supplemental/Mishafi.ttf : No FontName. Skipping.
2025-10-13 00:23:24,007 INFO /System/Library/Fonts/Supplemental/Mishafi.ttf : No FontName. Skipping.
2025-10-13 00:23:24,013 INFO /System/Library/Fonts/Supplemental/NISC18030.ttf : No FontName. Skipping.
2025-10-13 00:23:24,018 INFO /System/Library/Fonts/Supplemental/NISC18030.ttf : No FontName. Skipping.
2025-10-13 00:23:24,039 INFO /System/Library/Fonts/Supplemental/NotoSansAdlam-Regular.ttf : NotoSansAdlam-Regular already registered in fonts database. Skipping.
2025-10-13 00:23:24,059 INFO /System/Library/Fonts/Supplemental/NotoSansAdlam-Regular.ttf : NotoSansAdlam-Regular already registered in fonts database. Skipping.
2025-10-13 00:23:24,069 INFO /System/Library/Fonts/Supplemental/NotoSansAvestan-Regular.ttf : NotoSansAvestan-Regular already registered in fonts database. Skipping.
2025-10-13 00:23:24,078 INFO /System/Library/Fonts/Supplemental/NotoSansAvestan-Regular.ttf : NotoSansAvestan-Regular already registered in fonts database. Skipping.
2025-10-13 00:23:24,128 INFO /System/Library/Fonts/Supplemental/NotoSansBamum-Regular.ttf : NotoSansBamum-Regular already registered in fonts database. Skipping.
2025-10-13 00:23:24,178 INFO /System/Library/Fonts/Supplemental/NotoSansBamum-Regular.ttf : NotoSansBamum-Regular already registered in fonts database. Skipping.
2025-10-13 00:23:24,264 INFO /System/Library/Fonts/Supplemental/NotoSansBassaVah-Regular.ttf : NotoSansBassaVah-Regular already registered in fonts database. Skipping.
2025-10-13 00:23:24,272 INFO /System/Library/Fonts/Supplemental/NotoSansBassaVah-Regular.ttf : NotoSansBassaVah-Regular already registered in fonts database. Skipping.
2025-10-13 00:23:24,287 INFO /System/Library/Fonts/Supplemental/NotoSansBatak-Regular.ttf : NotoSansBatak-Regular already registered in fonts database. Skipping.
2025-10-13 00:23:24,301 INFO /System/Library/Fonts/Supplemental/NotoSansBatak-Regular.ttf : NotoSansBatak-Regular already registered in fonts database. Skipping.
2025-10-13 00:23:24,414 INFO /System/Library/Fonts/Supplemental/NotoSansBhaiksuki-Regular.ttf : NotoSansBhaiksuki-Regular already registered in fonts database. Skipping.
2025-10-13 00:23:24,527 INFO /System/Library/Fonts/Supplemental/NotoSansBhaiksuki-Regular.ttf : NotoSansBhaiksuki-Regular already registered in fonts database. Skipping.
2025-10-13 00:23:24,542 INFO /System/Library/Fonts/Supplemental/NotoSansBrahmi-Regular.ttf : NotoSansBrahmi-Regular already registered in fonts database. Skipping.
2025-10-13 00:23:24,556 INFO /System/Library/Fonts/Supplemental/NotoSansBrahmi-Regular.ttf : NotoSansBrahmi-Regular already registered in fonts database. Skipping.
2025-10-13 00:23:24,563 INFO /System/Library/Fonts/Supplemental/NotoSansBuginese-Regular.ttf : NotoSansBuginese-Regular already registered in fonts database. Skipping.
2025-10-13 00:23:24,570 INFO /System/Library/Fonts/Supplemental/NotoSansBuginese-Regular.ttf : NotoSansBuginese-Regular already registered in fonts database. Skipping.
2025-10-13 00:23:24,577 INFO /System/Library/Fonts/Supplemental/NotoSansBuhid-Regular.ttf : NotoSansBuhid-Regular already registered in fonts database. Skipping.
2025-10-13 00:23:24,583 INFO /System/Library/Fonts/Supplemental/NotoSansBuhid-Regular.ttf : NotoSansBuhid-Regular already registered in fonts database. Skipping.
2025-10-13 00:23:24,590 INFO /System/Library/Fonts/Supplemental/NotoSansCarian-Regular.ttf : NotoSansCarian-Regular already registered in fonts database. Skipping.
2025-10-13 00:23:24,598 INFO /System/Library/Fonts/Supplemental/NotoSansCarian-Regular.ttf : NotoSansCarian-Regular already registered in fonts database. Skipping.
2025-10-13 00:23:24,608 INFO /System/Library/Fonts/Supplemental/NotoSansCaucasianAlbanian-Regular.ttf : NotoSansCaucasianAlbanian-Regular already registered in fonts database. Skipping.
2025-10-13 00:23:24,619 INFO /System/Library/Fonts/Supplemental/NotoSansCaucasianAlbanian-Regular.ttf : NotoSansCaucasianAlbanian-Regular already registered in fonts database. Skipping.
2025-10-13 00:23:24,636 INFO /System/Library/Fonts/Supplemental/NotoSansChakma-Regular.ttf : NotoSansChakma-Regular already registered in fonts database. Skipping.
2025-10-13 00:23:24,653 INFO /System/Library/Fonts/Supplemental/NotoSansChakma-Regular.ttf : NotoSansChakma-Regular already registered in fonts database. Skipping.
2025-10-13 00:23:24,665 INFO /System/Library/Fonts/Supplemental/NotoSansCham-Regular.ttf : NotoSansCham-Regular already registered in fonts database. Skipping.
2025-10-13 00:23:24,678 INFO /System/Library/Fonts/Supplemental/NotoSansCham-Regular.ttf : NotoSansCham-Regular already registered in fonts database. Skipping.
2025-10-13 00:23:24,689 INFO /System/Library/Fonts/Supplemental/NotoSansCoptic-Regular.ttf : NotoSansCoptic-Regular already registered in fonts database. Skipping.
2025-10-13 00:23:24,700 INFO /System/Library/Fonts/Supplemental/NotoSansCoptic-Regular.ttf : NotoSansCoptic-Regular already registered in fonts database. Skipping.
2025-10-13 00:23:24,976 INFO /System/Library/Fonts/Supplemental/NotoSansCuneiform-Regular.ttf : NotoSansCuneiform-Regular already registered in fonts database. Skipping.
2025-10-13 00:23:25,251 INFO /System/Library/Fonts/Supplemental/NotoSansCuneiform-Regular.ttf : NotoSansCuneiform-Regular already registered in fonts database. Skipping.
2025-10-13 00:23:25,259 INFO /System/Library/Fonts/Supplemental/NotoSansCypriot-Regular.ttf : NotoSansCypriot-Regular already registered in fonts database. Skipping.
2025-10-13 00:23:25,266 INFO /System/Library/Fonts/Supplemental/NotoSansCypriot-Regular.ttf : NotoSansCypriot-Regular already registered in fonts database. Skipping.
2025-10-13 00:23:25,277 INFO /System/Library/Fonts/Supplemental/NotoSansDuployan-Regular.ttf : NotoSansDuployan-Regular already registered in fonts database. Skipping.
2025-10-13 00:23:25,288 INFO /System/Library/Fonts/Supplemental/NotoSansDuployan-Regular.ttf : NotoSansDuployan-Regular already registered in fonts database. Skipping.
2025-10-13 00:23:25,620 INFO /System/Library/Fonts/Supplemental/NotoSansEgyptianHieroglyphs-Regular.ttf : NotoSansEgyptianHieroglyphs-Regular already registered in fonts database. Skipping.
2025-10-13 00:23:26,405 INFO /System/Library/Fonts/Supplemental/NotoSansEgyptianHieroglyphs-Regular.ttf : NotoSansEgyptianHieroglyphs-Regular already registered in fonts database. Skipping.
2025-10-13 00:23:26,432 INFO /System/Library/Fonts/Supplemental/NotoSansElbasan-Regular.ttf : NotoSansElbasan-Regular already registered in fonts database. Skipping.
2025-10-13 00:23:26,454 INFO /System/Library/Fonts/Supplemental/NotoSansElbasan-Regular.ttf : NotoSansElbasan-Regular already registered in fonts database. Skipping.
2025-10-13 00:23:26,494 INFO /System/Library/Fonts/Supplemental/NotoSansGlagolitic-Regular.ttf : NotoSansGlagolitic-Regular already registered in fonts database. Skipping.
2025-10-13 00:23:26,527 INFO /System/Library/Fonts/Supplemental/NotoSansGlagolitic-Regular.ttf : NotoSansGlagolitic-Regular already registered in fonts database. Skipping.
2025-10-13 00:23:26,536 INFO /System/Library/Fonts/Supplemental/NotoSansGothic-Regular.ttf : NotoSansGothic-Regular already registered in fonts database. Skipping.
2025-10-13 00:23:26,544 INFO /System/Library/Fonts/Supplemental/NotoSansGothic-Regular.ttf : NotoSansGothic-Regular already registered in fonts database. Skipping.
2025-10-13 00:23:26,558 INFO /System/Library/Fonts/Supplemental/NotoSansHanifiRohingya-Regular.ttf : NotoSansHanifiRohingya-Regular already registered in fonts database. Skipping.
2025-10-13 00:23:26,572 INFO /System/Library/Fonts/Supplemental/NotoSansHanifiRohingya-Regular.ttf : NotoSansHanifiRohingya-Regular already registered in fonts database. Skipping.
2025-10-13 00:23:26,581 INFO /System/Library/Fonts/Supplemental/NotoSansHanunoo-Regular.ttf : NotoSansHanunoo-Regular already registered in fonts database. Skipping.
2025-10-13 00:23:26,590 INFO /System/Library/Fonts/Supplemental/NotoSansHanunoo-Regular.ttf : NotoSansHanunoo-Regular already registered in fonts database. Skipping.
2025-10-13 00:23:26,599 INFO /System/Library/Fonts/Supplemental/NotoSansHatran-Regular.ttf : NotoSansHatran-Regular already registered in fonts database. Skipping.
2025-10-13 00:23:26,606 INFO /System/Library/Fonts/Supplemental/NotoSansHatran-Regular.ttf : NotoSansHatran-Regular already registered in fonts database. Skipping.
2025-10-13 00:23:26,614 INFO /System/Library/Fonts/Supplemental/NotoSansImperialAramaic-Regular.ttf : NotoSansImperialAramaic-Regular already registered in fonts database. Skipping.
2025-10-13 00:23:26,624 INFO /System/Library/Fonts/Supplemental/NotoSansImperialAramaic-Regular.ttf : NotoSansImperialAramaic-Regular already registered in fonts database. Skipping.
2025-10-13 00:23:26,636 INFO /System/Library/Fonts/Supplemental/NotoSansInscriptionalPahlavi-Regular.ttf : NotoSansInscriptionalPahlavi-Regular already registered in fonts database. Skipping.
2025-10-13 00:23:26,644 INFO /System/Library/Fonts/Supplemental/NotoSansInscriptionalPahlavi-Regular.ttf : NotoSansInscriptionalPahlavi-Regular already registered in fonts database. Skipping.
2025-10-13 00:23:26,653 INFO /System/Library/Fonts/Supplemental/NotoSansInscriptionalParthian-Regular.ttf : NotoSansInscriptionalParthian-Regular already registered in fonts database. Skipping.
2025-10-13 00:23:26,662 INFO /System/Library/Fonts/Supplemental/NotoSansInscriptionalParthian-Regular.ttf : NotoSansInscriptionalParthian-Regular already registered in fonts database. Skipping.
2025-10-13 00:23:26,682 INFO /System/Library/Fonts/Supplemental/NotoSansKaithi-Regular.ttf : NotoSansKaithi-Regular already registered in fonts database. Skipping.
2025-10-13 00:23:26,701 INFO /System/Library/Fonts/Supplemental/NotoSansKaithi-Regular.ttf : NotoSansKaithi-Regular already registered in fonts database. Skipping.
2025-10-13 00:23:26,711 INFO /System/Library/Fonts/Supplemental/NotoSansKayahLi-Regular.ttf : NotoSansKayahLi-Regular already registered in fonts database. Skipping.
2025-10-13 00:23:26,726 INFO /System/Library/Fonts/Supplemental/NotoSansKayahLi-Regular.ttf : NotoSansKayahLi-Regular already registered in fonts database. Skipping.
2025-10-13 00:23:26,747 INFO /System/Library/Fonts/Supplemental/NotoSansKharoshthi-Regular.ttf : NotoSansKharoshthi-Regular already registered in fonts database. Skipping.
2025-10-13 00:23:26,769 INFO /System/Library/Fonts/Supplemental/NotoSansKharoshthi-Regular.ttf : NotoSansKharoshthi-Regular already registered in fonts database. Skipping.
2025-10-13 00:23:26,810 INFO /System/Library/Fonts/Supplemental/NotoSansKhojki-Regular.ttf : NotoSansKhojki-Regular already registered in fonts database. Skipping.
2025-10-13 00:23:26,836 INFO /System/Library/Fonts/Supplemental/NotoSansKhojki-Regular.ttf : NotoSansKhojki-Regular already registered in fonts database. Skipping.
2025-10-13 00:23:26,847 INFO /System/Library/Fonts/Supplemental/NotoSansKhudawadi-Regular.ttf : NotoSansKhudawadi-Regular already registered in fonts database. Skipping.
2025-10-13 00:23:26,857 INFO /System/Library/Fonts/Supplemental/NotoSansKhudawadi-Regular.ttf : NotoSansKhudawadi-Regular already registered in fonts database. Skipping.
2025-10-13 00:23:26,867 INFO /System/Library/Fonts/Supplemental/NotoSansLepcha-Regular.ttf : NotoSansLepcha-Regular already registered in fonts database. Skipping.
2025-10-13 00:23:26,876 INFO /System/Library/Fonts/Supplemental/NotoSansLepcha-Regular.ttf : NotoSansLepcha-Regular already registered in fonts database. Skipping.
2025-10-13 00:23:26,886 INFO /System/Library/Fonts/Supplemental/NotoSansLimbu-Regular.ttf : NotoSansLimbu-Regular already registered in fonts database. Skipping.
2025-10-13 00:23:26,895 INFO /System/Library/Fonts/Supplemental/NotoSansLimbu-Regular.ttf : NotoSansLimbu-Regular already registered in fonts database. Skipping.
2025-10-13 00:23:26,917 INFO /System/Library/Fonts/Supplemental/NotoSansLinearA-Regular.ttf : NotoSansLinearA-Regular already registered in fonts database. Skipping.
2025-10-13 00:23:26,940 INFO /System/Library/Fonts/Supplemental/NotoSansLinearA-Regular.ttf : NotoSansLinearA-Regular already registered in fonts database. Skipping.
2025-10-13 00:23:26,971 INFO /System/Library/Fonts/Supplemental/NotoSansLinearB-Regular.ttf : NotoSansLinearB-Regular already registered in fonts database. Skipping.
2025-10-13 00:23:27,000 INFO /System/Library/Fonts/Supplemental/NotoSansLinearB-Regular.ttf : NotoSansLinearB-Regular already registered in fonts database. Skipping.
2025-10-13 00:23:27,007 INFO /System/Library/Fonts/Supplemental/NotoSansLisu-Regular.ttf : NotoSansLisu-Regular already registered in fonts database. Skipping.
2025-10-13 00:23:27,015 INFO /System/Library/Fonts/Supplemental/NotoSansLisu-Regular.ttf : NotoSansLisu-Regular already registered in fonts database. Skipping.
2025-10-13 00:23:27,022 INFO /System/Library/Fonts/Supplemental/NotoSansLycian-Regular.ttf : NotoSansLycian-Regular already registered in fonts database. Skipping.
2025-10-13 00:23:27,028 INFO /System/Library/Fonts/Supplemental/NotoSansLycian-Regular.ttf : NotoSansLycian-Regular already registered in fonts database. Skipping.
2025-10-13 00:23:27,036 INFO /System/Library/Fonts/Supplemental/NotoSansLydian-Regular.ttf : NotoSansLydian-Regular already registered in fonts database. Skipping.
2025-10-13 00:23:27,048 INFO /System/Library/Fonts/Supplemental/NotoSansLydian-Regular.ttf : NotoSansLydian-Regular already registered in fonts database. Skipping.
2025-10-13 00:23:27,067 INFO /System/Library/Fonts/Supplemental/NotoSansMahajani-Regular.ttf : NotoSansMahajani-Regular already registered in fonts database. Skipping.
2025-10-13 00:23:27,098 INFO /System/Library/Fonts/Supplemental/NotoSansMahajani-Regular.ttf : NotoSansMahajani-Regular already registered in fonts database. Skipping.
2025-10-13 00:23:27,127 INFO /System/Library/Fonts/Supplemental/NotoSansMandaic-Regular.ttf : NotoSansMandaic-Regular already registered in fonts database. Skipping.
2025-10-13 00:23:27,153 INFO /System/Library/Fonts/Supplemental/NotoSansMandaic-Regular.ttf : NotoSansMandaic-Regular already registered in fonts database. Skipping.
2025-10-13 00:23:27,170 INFO /System/Library/Fonts/Supplemental/NotoSansManichaean-Regular.ttf : NotoSansManichaean-Regular already registered in fonts database. Skipping.
2025-10-13 00:23:27,185 INFO /System/Library/Fonts/Supplemental/NotoSansManichaean-Regular.ttf : NotoSansManichaean-Regular already registered in fonts database. Skipping.
2025-10-13 00:23:27,216 INFO /System/Library/Fonts/Supplemental/NotoSansMarchen-Regular.ttf : NotoSansMarchen-Regular already registered in fonts database. Skipping.
2025-10-13 00:23:27,246 INFO /System/Library/Fonts/Supplemental/NotoSansMarchen-Regular.ttf : NotoSansMarchen-Regular already registered in fonts database. Skipping.
2025-10-13 00:23:27,255 INFO /System/Library/Fonts/Supplemental/NotoSansMeeteiMayek-Regular.ttf : NotoSansMeeteiMayek-Regular already registered in fonts database. Skipping.
2025-10-13 00:23:27,265 INFO /System/Library/Fonts/Supplemental/NotoSansMeeteiMayek-Regular.ttf : NotoSansMeeteiMayek-Regular already registered in fonts database. Skipping.
2025-10-13 00:23:27,281 INFO /System/Library/Fonts/Supplemental/NotoSansMendeKikakui-Regular.ttf : NotoSansMendeKikakui-Regular already registered in fonts database. Skipping.
2025-10-13 00:23:27,297 INFO /System/Library/Fonts/Supplemental/NotoSansMendeKikakui-Regular.ttf : NotoSansMendeKikakui-Regular already registered in fonts database. Skipping.
2025-10-13 00:23:27,315 INFO /System/Library/Fonts/Supplemental/NotoSansMeroitic-Regular.ttf : NotoSansMeroitic-Regular already registered in fonts database. Skipping.
2025-10-13 00:23:27,337 INFO /System/Library/Fonts/Supplemental/NotoSansMeroitic-Regular.ttf : NotoSansMeroitic-Regular already registered in fonts database. Skipping.
2025-10-13 00:23:27,352 INFO /System/Library/Fonts/Supplemental/NotoSansMiao-Regular.ttf : NotoSansMiao-Regular already registered in fonts database. Skipping.
2025-10-13 00:23:27,366 INFO /System/Library/Fonts/Supplemental/NotoSansMiao-Regular.ttf : NotoSansMiao-Regular already registered in fonts database. Skipping.
2025-10-13 00:23:27,382 INFO /System/Library/Fonts/Supplemental/NotoSansModi-Regular.ttf : NotoSansModi-Regular already registered in fonts database. Skipping.
2025-10-13 00:23:27,399 INFO /System/Library/Fonts/Supplemental/NotoSansModi-Regular.ttf : NotoSansModi-Regular already registered in fonts database. Skipping.
2025-10-13 00:23:27,461 INFO /System/Library/Fonts/Supplemental/NotoSansMongolian-Regular.ttf : NotoSansMongolian-Regular already registered in fonts database. Skipping.
2025-10-13 00:23:27,525 INFO /System/Library/Fonts/Supplemental/NotoSansMongolian-Regular.ttf : NotoSansMongolian-Regular already registered in fonts database. Skipping.
2025-10-13 00:23:27,533 INFO /System/Library/Fonts/Supplemental/NotoSansMro-Regular.ttf : NotoSansMro-Regular already registered in fonts database. Skipping.
2025-10-13 00:23:27,540 INFO /System/Library/Fonts/Supplemental/NotoSansMro-Regular.ttf : NotoSansMro-Regular already registered in fonts database. Skipping.
2025-10-13 00:23:27,549 INFO /System/Library/Fonts/Supplemental/NotoSansMultani-Regular.ttf : NotoSansMultani-Regular already registered in fonts database. Skipping.
2025-10-13 00:23:27,561 INFO /System/Library/Fonts/Supplemental/NotoSansMultani-Regular.ttf : NotoSansMultani-Regular already registered in fonts database. Skipping.
2025-10-13 00:23:27,581 INFO /System/Library/Fonts/Supplemental/NotoSansNabataean-Regular.ttf : NotoSansNabataean-Regular already registered in fonts database. Skipping.
2025-10-13 00:23:27,605 INFO /System/Library/Fonts/Supplemental/NotoSansNabataean-Regular.ttf : NotoSansNabataean-Regular already registered in fonts database. Skipping.
2025-10-13 00:23:27,664 INFO /System/Library/Fonts/Supplemental/NotoSansNewa-Regular.ttf : NotoSansNewa-Regular already registered in fonts database. Skipping.
2025-10-13 00:23:27,701 INFO /System/Library/Fonts/Supplemental/NotoSansNewa-Regular.ttf : NotoSansNewa-Regular already registered in fonts database. Skipping.
2025-10-13 00:23:27,714 INFO /System/Library/Fonts/Supplemental/NotoSansNewTaiLue-Regular.ttf : NotoSansNewTaiLue-Regular already registered in fonts database. Skipping.
2025-10-13 00:23:27,726 INFO /System/Library/Fonts/Supplemental/NotoSansNewTaiLue-Regular.ttf : NotoSansNewTaiLue-Regular already registered in fonts database. Skipping.
2025-10-13 00:23:27,737 INFO /System/Library/Fonts/Supplemental/NotoSansNKo-Regular.ttf : NotoSansNKo-Regular already registered in fonts database. Skipping.
2025-10-13 00:23:27,747 INFO /System/Library/Fonts/Supplemental/NotoSansNKo-Regular.ttf : NotoSansNKo-Regular already registered in fonts database. Skipping.
2025-10-13 00:23:27,756 INFO /System/Library/Fonts/Supplemental/NotoSansOlChiki-Regular.ttf : NotoSansOlChiki-Regular already registered in fonts database. Skipping.
2025-10-13 00:23:27,765 INFO /System/Library/Fonts/Supplemental/NotoSansOlChiki-Regular.ttf : NotoSansOlChiki-Regular already registered in fonts database. Skipping.
2025-10-13 00:23:27,776 INFO /System/Library/Fonts/Supplemental/NotoSansOldHungarian-Regular.ttf : NotoSansOldHungarian-Regular already registered in fonts database. Skipping.
2025-10-13 00:23:27,786 INFO /System/Library/Fonts/Supplemental/NotoSansOldHungarian-Regular.ttf : NotoSansOldHungarian-Regular already registered in fonts database. Skipping.
2025-10-13 00:23:27,794 INFO /System/Library/Fonts/Supplemental/NotoSansOldItalic-Regular.ttf : NotoSansOldItalic-Regular already registered in fonts database. Skipping.
2025-10-13 00:23:27,801 INFO /System/Library/Fonts/Supplemental/NotoSansOldItalic-Regular.ttf : NotoSansOldItalic-Regular already registered in fonts database. Skipping.
2025-10-13 00:23:27,808 INFO /System/Library/Fonts/Supplemental/NotoSansOldNorthArabian-Regular.ttf : NotoSansOldNorthArabian-Regular already registered in fonts database. Skipping.
2025-10-13 00:23:27,818 INFO /System/Library/Fonts/Supplemental/NotoSansOldNorthArabian-Regular.ttf : NotoSansOldNorthArabian-Regular already registered in fonts database. Skipping.
2025-10-13 00:23:27,828 INFO /System/Library/Fonts/Supplemental/NotoSansOldPermic-Regular.ttf : NotoSansOldPermic-Regular already registered in fonts database. Skipping.
2025-10-13 00:23:27,836 INFO /System/Library/Fonts/Supplemental/NotoSansOldPermic-Regular.ttf : NotoSansOldPermic-Regular already registered in fonts database. Skipping.
2025-10-13 00:23:27,845 INFO /System/Library/Fonts/Supplemental/NotoSansOldPersian-Regular.ttf : NotoSansOldPersian-Regular already registered in fonts database. Skipping.
2025-10-13 00:23:27,854 INFO /System/Library/Fonts/Supplemental/NotoSansOldPersian-Regular.ttf : NotoSansOldPersian-Regular already registered in fonts database. Skipping.
2025-10-13 00:23:27,860 INFO /System/Library/Fonts/Supplemental/NotoSansOldSouthArabian-Regular.ttf : NotoSansOldSouthArabian-Regular already registered in fonts database. Skipping.
2025-10-13 00:23:27,866 INFO /System/Library/Fonts/Supplemental/NotoSansOldSouthArabian-Regular.ttf : NotoSansOldSouthArabian-Regular already registered in fonts database. Skipping.
2025-10-13 00:23:27,872 INFO /System/Library/Fonts/Supplemental/NotoSansOldTurkic-Regular.ttf : NotoSansOldTurkic-Regular already registered in fonts database. Skipping.
2025-10-13 00:23:27,879 INFO /System/Library/Fonts/Supplemental/NotoSansOldTurkic-Regular.ttf : NotoSansOldTurkic-Regular already registered in fonts database. Skipping.
2025-10-13 00:23:27,887 INFO /System/Library/Fonts/Supplemental/NotoSansOsage-Regular.ttf : NotoSansOsage-Regular already registered in fonts database. Skipping.
2025-10-13 00:23:27,896 INFO /System/Library/Fonts/Supplemental/NotoSansOsage-Regular.ttf : NotoSansOsage-Regular already registered in fonts database. Skipping.
2025-10-13 00:23:27,904 INFO /System/Library/Fonts/Supplemental/NotoSansOsmanya-Regular.ttf : NotoSansOsmanya-Regular already registered in fonts database. Skipping.
2025-10-13 00:23:27,912 INFO /System/Library/Fonts/Supplemental/NotoSansOsmanya-Regular.ttf : NotoSansOsmanya-Regular already registered in fonts database. Skipping.
2025-10-13 00:23:27,922 INFO /System/Library/Fonts/Supplemental/NotoSansPahawhHmong-Regular.ttf : NotoSansPahawhHmong-Regular already registered in fonts database. Skipping.
2025-10-13 00:23:27,931 INFO /System/Library/Fonts/Supplemental/NotoSansPahawhHmong-Regular.ttf : NotoSansPahawhHmong-Regular already registered in fonts database. Skipping.
2025-10-13 00:23:27,943 INFO /System/Library/Fonts/Supplemental/NotoSansPalmyrene-Regular.ttf : NotoSansPalmyrene-Regular already registered in fonts database. Skipping.
2025-10-13 00:23:27,954 INFO /System/Library/Fonts/Supplemental/NotoSansPalmyrene-Regular.ttf : NotoSansPalmyrene-Regular already registered in fonts database. Skipping.
2025-10-13 00:23:27,961 INFO /System/Library/Fonts/Supplemental/NotoSansPauCinHau-Regular.ttf : NotoSansPauCinHau-Regular already registered in fonts database. Skipping.
2025-10-13 00:23:27,968 INFO /System/Library/Fonts/Supplemental/NotoSansPauCinHau-Regular.ttf : NotoSansPauCinHau-Regular already registered in fonts database. Skipping.
2025-10-13 00:23:27,981 INFO /System/Library/Fonts/Supplemental/NotoSansPhagsPa-Regular.ttf : NotoSansPhagsPa-Regular already registered in fonts database. Skipping.
2025-10-13 00:23:27,994 INFO /System/Library/Fonts/Supplemental/NotoSansPhagsPa-Regular.ttf : NotoSansPhagsPa-Regular already registered in fonts database. Skipping.
2025-10-13 00:23:28,001 INFO /System/Library/Fonts/Supplemental/NotoSansPhoenician-Regular.ttf : NotoSansPhoenician-Regular already registered in fonts database. Skipping.
2025-10-13 00:23:28,008 INFO /System/Library/Fonts/Supplemental/NotoSansPhoenician-Regular.ttf : NotoSansPhoenician-Regular already registered in fonts database. Skipping.
2025-10-13 00:23:28,020 INFO /System/Library/Fonts/Supplemental/NotoSansPsalterPahlavi-Regular.ttf : NotoSansPsalterPahlavi-Regular already registered in fonts database. Skipping.
2025-10-13 00:23:28,032 INFO /System/Library/Fonts/Supplemental/NotoSansPsalterPahlavi-Regular.ttf : NotoSansPsalterPahlavi-Regular already registered in fonts database. Skipping.
2025-10-13 00:23:28,039 INFO /System/Library/Fonts/Supplemental/NotoSansRejang-Regular.ttf : NotoSansRejang-Regular already registered in fonts database. Skipping.
2025-10-13 00:23:28,046 INFO /System/Library/Fonts/Supplemental/NotoSansRejang-Regular.ttf : NotoSansRejang-Regular already registered in fonts database. Skipping.
2025-10-13 00:23:28,055 INFO /System/Library/Fonts/Supplemental/NotoSansSamaritan-Regular.ttf : NotoSansSamaritan-Regular already registered in fonts database. Skipping.
2025-10-13 00:23:28,073 INFO /System/Library/Fonts/Supplemental/NotoSansSamaritan-Regular.ttf : NotoSansSamaritan-Regular already registered in fonts database. Skipping.
2025-10-13 00:23:28,115 INFO /System/Library/Fonts/Supplemental/NotoSansSaurashtra-Regular.ttf : NotoSansSaurashtra-Regular already registered in fonts database. Skipping.
2025-10-13 00:23:28,156 INFO /System/Library/Fonts/Supplemental/NotoSansSaurashtra-Regular.ttf : NotoSansSaurashtra-Regular already registered in fonts database. Skipping.
2025-10-13 00:23:28,175 INFO /System/Library/Fonts/Supplemental/NotoSansSharada-Regular.ttf : NotoSansSharada-Regular already registered in fonts database. Skipping.
2025-10-13 00:23:28,191 INFO /System/Library/Fonts/Supplemental/NotoSansSharada-Regular.ttf : NotoSansSharada-Regular already registered in fonts database. Skipping.
2025-10-13 00:23:28,199 INFO /System/Library/Fonts/Supplemental/NotoSansSoraSompeng-Regular.ttf : NotoSansSoraSompeng-Regular already registered in fonts database. Skipping.
2025-10-13 00:23:28,206 INFO /System/Library/Fonts/Supplemental/NotoSansSoraSompeng-Regular.ttf : NotoSansSoraSompeng-Regular already registered in fonts database. Skipping.
2025-10-13 00:23:28,214 INFO /System/Library/Fonts/Supplemental/NotoSansSundanese-Regular.ttf : NotoSansSundanese-Regular already registered in fonts database. Skipping.
2025-10-13 00:23:28,222 INFO /System/Library/Fonts/Supplemental/NotoSansSundanese-Regular.ttf : NotoSansSundanese-Regular already registered in fonts database. Skipping.
2025-10-13 00:23:28,231 INFO /System/Library/Fonts/Supplemental/NotoSansSylotiNagri-Regular.ttf : NotoSansSylotiNagri-Regular already registered in fonts database. Skipping.
2025-10-13 00:23:28,240 INFO /System/Library/Fonts/Supplemental/NotoSansSylotiNagri-Regular.ttf : NotoSansSylotiNagri-Regular already registered in fonts database. Skipping.
2025-10-13 00:23:28,259 INFO /System/Library/Fonts/Supplemental/NotoSansSyriac-Regular.ttf : NotoSansSyriac-Regular already registered in fonts database. Skipping.
2025-10-13 00:23:28,277 INFO /System/Library/Fonts/Supplemental/NotoSansSyriac-Regular.ttf : NotoSansSyriac-Regular already registered in fonts database. Skipping.
2025-10-13 00:23:28,285 INFO /System/Library/Fonts/Supplemental/NotoSansTagalog-Regular.ttf : NotoSansTagalog-Regular already registered in fonts database. Skipping.
2025-10-13 00:23:28,293 INFO /System/Library/Fonts/Supplemental/NotoSansTagalog-Regular.ttf : NotoSansTagalog-Regular already registered in fonts database. Skipping.
2025-10-13 00:23:28,300 INFO /System/Library/Fonts/Supplemental/NotoSansTagbanwa-Regular.ttf : NotoSansTagbanwa-Regular already registered in fonts database. Skipping.
2025-10-13 00:23:28,307 INFO /System/Library/Fonts/Supplemental/NotoSansTagbanwa-Regular.ttf : NotoSansTagbanwa-Regular already registered in fonts database. Skipping.
2025-10-13 00:23:28,317 INFO /System/Library/Fonts/Supplemental/NotoSansTaiLe-Regular.ttf : NotoSansTaiLe-Regular already registered in fonts database. Skipping.
2025-10-13 00:23:28,327 INFO /System/Library/Fonts/Supplemental/NotoSansTaiLe-Regular.ttf : NotoSansTaiLe-Regular already registered in fonts database. Skipping.
2025-10-13 00:23:28,345 INFO /System/Library/Fonts/Supplemental/NotoSansTaiTham-Regular.ttf : NotoSansTaiTham already registered in fonts database. Skipping.
2025-10-13 00:23:28,363 INFO /System/Library/Fonts/Supplemental/NotoSansTaiTham-Regular.ttf : NotoSansTaiTham already registered in fonts database. Skipping.
2025-10-13 00:23:28,376 INFO /System/Library/Fonts/Supplemental/NotoSansTaiViet-Regular.ttf : NotoSansTaiViet-Regular already registered in fonts database. Skipping.
2025-10-13 00:23:28,388 INFO /System/Library/Fonts/Supplemental/NotoSansTaiViet-Regular.ttf : NotoSansTaiViet-Regular already registered in fonts database. Skipping.
2025-10-13 00:23:28,397 INFO /System/Library/Fonts/Supplemental/NotoSansTakri-Regular.ttf : NotoSansTakri-Regular already registered in fonts database. Skipping.
2025-10-13 00:23:28,406 INFO /System/Library/Fonts/Supplemental/NotoSansTakri-Regular.ttf : NotoSansTakri-Regular already registered in fonts database. Skipping.
2025-10-13 00:23:28,418 INFO /System/Library/Fonts/Supplemental/NotoSansThaana-Regular.ttf : NotoSansThaana-Regular already registered in fonts database. Skipping.
2025-10-13 00:23:28,431 INFO /System/Library/Fonts/Supplemental/NotoSansThaana-Regular.ttf : NotoSansThaana-Regular already registered in fonts database. Skipping.
2025-10-13 00:23:28,462 INFO /System/Library/Fonts/Supplemental/NotoSansTirhuta-Regular.ttf : NotoSansTirhuta-Regular already registered in fonts database. Skipping.
2025-10-13 00:23:28,481 INFO /System/Library/Fonts/Supplemental/NotoSansTirhuta-Regular.ttf : NotoSansTirhuta-Regular already registered in fonts database. Skipping.
2025-10-13 00:23:28,488 INFO /System/Library/Fonts/Supplemental/NotoSansUgaritic-Regular.ttf : NotoSansUgaritic-Regular already registered in fonts database. Skipping.
2025-10-13 00:23:28,495 INFO /System/Library/Fonts/Supplemental/NotoSansUgaritic-Regular.ttf : NotoSansUgaritic-Regular already registered in fonts database. Skipping.
2025-10-13 00:23:28,515 INFO /System/Library/Fonts/Supplemental/NotoSansVai-Regular.ttf : NotoSansVai-Regular already registered in fonts database. Skipping.
2025-10-13 00:23:28,535 INFO /System/Library/Fonts/Supplemental/NotoSansVai-Regular.ttf : NotoSansVai-Regular already registered in fonts database. Skipping.
2025-10-13 00:23:28,545 INFO /System/Library/Fonts/Supplemental/NotoSansWancho-Regular.ttf : NotoSansWancho-Regular already registered in fonts database. Skipping.
2025-10-13 00:23:28,553 INFO /System/Library/Fonts/Supplemental/NotoSansWancho-Regular.ttf : NotoSansWancho-Regular already registered in fonts database. Skipping.
2025-10-13 00:23:28,563 INFO /System/Library/Fonts/Supplemental/NotoSansWarangCiti-Regular.ttf : NotoSansWarangCiti-Regular already registered in fonts database. Skipping.
2025-10-13 00:23:28,573 INFO /System/Library/Fonts/Supplemental/NotoSansWarangCiti-Regular.ttf : NotoSansWarangCiti-Regular already registered in fonts database. Skipping.
2025-10-13 00:23:28,651 INFO /System/Library/Fonts/Supplemental/NotoSansYi-Regular.ttf : NotoSansYi-Regular already registered in fonts database. Skipping.
2025-10-13 00:23:28,726 INFO /System/Library/Fonts/Supplemental/NotoSansYi-Regular.ttf : NotoSansYi-Regular already registered in fonts database. Skipping.
2025-10-13 00:23:28,739 INFO /System/Library/Fonts/Supplemental/NotoSerifAhom-Regular.ttf : NotoSerifAhom-Regular already registered in fonts database. Skipping.
2025-10-13 00:23:28,751 INFO /System/Library/Fonts/Supplemental/NotoSerifAhom-Regular.ttf : NotoSerifAhom-Regular already registered in fonts database. Skipping.
2025-10-13 00:23:28,780 INFO /System/Library/Fonts/Supplemental/NotoSerifBalinese-Regular.ttf : NotoSerifBalinese-Regular already registered in fonts database. Skipping.
2025-10-13 00:23:28,809 INFO /System/Library/Fonts/Supplemental/NotoSerifBalinese-Regular.ttf : NotoSerifBalinese-Regular already registered in fonts database. Skipping.
2025-10-13 00:23:28,818 INFO /System/Library/Fonts/Supplemental/NotoSerifNyiakengPuachueHmong-Regular.ttf : NotoSerifHmongNyiakeng-Regular already registered in fonts database. Skipping.
2025-10-13 00:23:28,826 INFO /System/Library/Fonts/Supplemental/NotoSerifNyiakengPuachueHmong-Regular.ttf : NotoSerifHmongNyiakeng-Regular already registered in fonts database. Skipping.
2025-10-13 00:23:28,934 INFO /System/Library/Fonts/Supplemental/PartyLET-plain.ttf : PartyLetPlain already registered in fonts database. Skipping.
2025-10-13 00:23:29,048 INFO /System/Library/Fonts/Supplemental/PartyLET-plain.ttf : PartyLetPlain already registered in fonts database. Skipping.
2025-10-13 00:23:29,092 INFO /System/Library/Fonts/Supplemental/PlantagenetCherokee.ttf : No FontName. Skipping.
2025-10-13 00:23:29,135 INFO /System/Library/Fonts/Supplemental/PlantagenetCherokee.ttf : No FontName. Skipping.
2025-10-13 00:23:29,176 INFO /System/Library/Fonts/Supplemental/Sathu.ttf : No FontName. Skipping.
2025-10-13 00:23:29,218 INFO /System/Library/Fonts/Supplemental/Sathu.ttf : No FontName. Skipping.
2025-10-13 00:23:29,242 INFO /System/Library/Fonts/Supplemental/Silom.ttf : No FontName. Skipping.
2025-10-13 00:23:29,266 INFO /System/Library/Fonts/Supplemental/Silom.ttf : No FontName. Skipping.
2025-10-13 00:23:29,294 INFO /System/Library/Fonts/Supplemental/Skia.ttf : No FontName. Skipping.
2025-10-13 00:23:29,322 INFO /System/Library/Fonts/Supplemental/Skia.ttf : No FontName. Skipping.
2025-10-13 00:23:29,457 INFO /System/Library/Fonts/Supplemental/STIXTwoText-Italic.ttf : STIXTwoText-Italic already registered in fonts database. Skipping.
2025-10-13 00:23:29,593 INFO /System/Library/Fonts/Supplemental/STIXTwoText-Italic.ttf : STIXTwoText-Italic already registered in fonts database. Skipping.
2025-10-13 00:23:29,714 INFO /System/Library/Fonts/Supplemental/STIXTwoText.ttf : STIXTwoText already registered in fonts database. Skipping.
2025-10-13 00:23:29,836 INFO /System/Library/Fonts/Supplemental/STIXTwoText.ttf : STIXTwoText already registered in fonts database. Skipping.
2025-10-13 00:23:29,932 INFO /System/Library/Fonts/Supplemental/Tahoma Bold.ttf : Tahoma-Bold already registered in fonts database. Skipping.
2025-10-13 00:23:30,027 INFO /System/Library/Fonts/Supplemental/Tahoma Bold.ttf : Tahoma-Bold already registered in fonts database. Skipping.
2025-10-13 00:23:30,130 INFO /System/Library/Fonts/Supplemental/Tahoma.ttf : Tahoma already registered in fonts database. Skipping.
2025-10-13 00:23:30,231 INFO /System/Library/Fonts/Supplemental/Tahoma.ttf : Tahoma already registered in fonts database. Skipping.
2025-10-13 00:23:30,332 INFO /System/Library/Fonts/Supplemental/Times New Roman Bold Italic.ttf : TimesNewRomanPS-BoldItalicMT already registered in fonts database. Skipping.
2025-10-13 00:23:30,433 INFO /System/Library/Fonts/Supplemental/Times New Roman Bold Italic.ttf : TimesNewRomanPS-BoldItalicMT already registered in fonts database. Skipping.
2025-10-13 00:23:30,581 INFO /System/Library/Fonts/Supplemental/Times New Roman Bold.ttf : TimesNewRomanPS-BoldMT already registered in fonts database. Skipping.
2025-10-13 00:23:30,730 INFO /System/Library/Fonts/Supplemental/Times New Roman Bold.ttf : TimesNewRomanPS-BoldMT already registered in fonts database. Skipping.
2025-10-13 00:23:30,838 INFO /System/Library/Fonts/Supplemental/Times New Roman Italic.ttf : TimesNewRomanPS-ItalicMT already registered in fonts database. Skipping.
2025-10-13 00:23:30,945 INFO /System/Library/Fonts/Supplemental/Times New Roman Italic.ttf : TimesNewRomanPS-ItalicMT already registered in fonts database. Skipping.
2025-10-13 00:23:31,101 INFO /System/Library/Fonts/Supplemental/Times New Roman.ttf : TimesNewRomanPSMT already registered in fonts database. Skipping.
2025-10-13 00:23:31,257 INFO /System/Library/Fonts/Supplemental/Times New Roman.ttf : TimesNewRomanPSMT already registered in fonts database. Skipping.
2025-10-13 00:23:33,132 INFO /System/Library/Fonts/Supplemental/Trattatello.ttf : Trattatello already registered in fonts database. Skipping.
2025-10-13 00:23:35,011 INFO /System/Library/Fonts/Supplemental/Trattatello.ttf : Trattatello already registered in fonts database. Skipping.
2025-10-13 00:23:35,027 INFO /System/Library/Fonts/Supplemental/Trebuchet MS Bold Italic.ttf : Trebuchet-BoldItalic already registered in fonts database. Skipping.
2025-10-13 00:23:35,043 INFO /System/Library/Fonts/Supplemental/Trebuchet MS Bold Italic.ttf : Trebuchet-BoldItalic already registered in fonts database. Skipping.
2025-10-13 00:23:35,058 INFO /System/Library/Fonts/Supplemental/Trebuchet MS Bold.ttf : TrebuchetMS-Bold already registered in fonts database. Skipping.
2025-10-13 00:23:35,072 INFO /System/Library/Fonts/Supplemental/Trebuchet MS Bold.ttf : TrebuchetMS-Bold already registered in fonts database. Skipping.
2025-10-13 00:23:35,089 INFO /System/Library/Fonts/Supplemental/Trebuchet MS Italic.ttf : TrebuchetMS-Italic already registered in fonts database. Skipping.
2025-10-13 00:23:35,104 INFO /System/Library/Fonts/Supplemental/Trebuchet MS Italic.ttf : TrebuchetMS-Italic already registered in fonts database. Skipping.
2025-10-13 00:23:35,118 INFO /System/Library/Fonts/Supplemental/Trebuchet MS.ttf : TrebuchetMS already registered in fonts database. Skipping.
2025-10-13 00:23:35,133 INFO /System/Library/Fonts/Supplemental/Trebuchet MS.ttf : TrebuchetMS already registered in fonts database. Skipping.
2025-10-13 00:23:35,155 INFO /System/Library/Fonts/Supplemental/Verdana Bold Italic.ttf : Verdana-BoldItalic already registered in fonts database. Skipping.
2025-10-13 00:23:35,177 INFO /System/Library/Fonts/Supplemental/Verdana Bold Italic.ttf : Verdana-BoldItalic already registered in fonts database. Skipping.
2025-10-13 00:23:35,201 INFO /System/Library/Fonts/Supplemental/Verdana Bold.ttf : Verdana-Bold already registered in fonts database. Skipping.
2025-10-13 00:23:35,225 INFO /System/Library/Fonts/Supplemental/Verdana Bold.ttf : Verdana-Bold already registered in fonts database. Skipping.
2025-10-13 00:23:35,248 INFO /System/Library/Fonts/Supplemental/Verdana Italic.ttf : Verdana-Italic already registered in fonts database. Skipping.
2025-10-13 00:23:35,271 INFO /System/Library/Fonts/Supplemental/Verdana Italic.ttf : Verdana-Italic already registered in fonts database. Skipping.
2025-10-13 00:23:35,296 INFO /System/Library/Fonts/Supplemental/Verdana.ttf : Verdana already registered in fonts database. Skipping.
2025-10-13 00:23:35,321 INFO /System/Library/Fonts/Supplemental/Verdana.ttf : Verdana already registered in fonts database. Skipping.
2025-10-13 00:23:35,351 INFO /System/Library/Fonts/Supplemental/Webdings.ttf : Webdings already registered in fonts database. Skipping.
2025-10-13 00:23:35,381 INFO /System/Library/Fonts/Supplemental/Webdings.ttf : Webdings already registered in fonts database. Skipping.
2025-10-13 00:23:35,394 INFO /System/Library/Fonts/Supplemental/Wingdings 2.ttf : Wingdings2 already registered in fonts database. Skipping.
2025-10-13 00:23:35,406 INFO /System/Library/Fonts/Supplemental/Wingdings 2.ttf : Wingdings2 already registered in fonts database. Skipping.
2025-10-13 00:23:35,414 INFO /System/Library/Fonts/Supplemental/Wingdings 3.ttf : Wingdings3 already registered in fonts database. Skipping.
2025-10-13 00:23:35,421 INFO /System/Library/Fonts/Supplemental/Wingdings 3.ttf : Wingdings3 already registered in fonts database. Skipping.
2025-10-13 00:23:35,434 INFO /System/Library/Fonts/Supplemental/Wingdings.ttf : Wingdings-Regular already registered in fonts database. Skipping.
2025-10-13 00:23:35,447 INFO /System/Library/Fonts/Supplemental/Wingdings.ttf : Wingdings-Regular already registered in fonts database. Skipping.
2025-10-13 00:23:35,835 INFO /System/Library/Fonts/Supplemental/Zapfino.ttf : No FontName. Skipping.
2025-10-13 00:23:36,218 INFO /System/Library/Fonts/Supplemental/Zapfino.ttf : No FontName. Skipping.
2025-10-13 00:23:36,228 INFO /System/Library/Fonts/Symbol.ttf : No FontName. Skipping.
2025-10-13 00:23:36,241 INFO /System/Library/Fonts/ZapfDingbats.ttf : No FontName. Skipping.
2025-10-13 00:23:36,241 INFO Found FontName for 0 fonts.
2025-10-13 00:23:36,242 INFO Scanning afm files in /Library/Frameworks/R.framework/Versions/4.5-arm64/Resources/library/extrafontdb/metrics
2025-10-13 00:23:36,345 INFO .Keyboard already registered with pdfFont().
2025-10-13 00:23:36,345 INFO .New York already registered with pdfFont().
2025-10-13 00:23:36,345 INFO .SF Arabic already registered with pdfFont().
2025-10-13 00:23:36,345 INFO .SF Arabic Rounded already registered with pdfFont().
2025-10-13 00:23:36,345 INFO .SF Armenian already registered with pdfFont().
2025-10-13 00:23:36,345 INFO .SF Armenian Rounded already registered with pdfFont().
2025-10-13 00:23:36,345 INFO .SF Camera already registered with pdfFont().
2025-10-13 00:23:36,345 INFO .SF Compact already registered with pdfFont().
2025-10-13 00:23:36,345 INFO .SF Compact Rounded already registered with pdfFont().
2025-10-13 00:23:36,345 INFO .SF Georgian already registered with pdfFont().
2025-10-13 00:23:36,345 INFO .SF Georgian Rounded already registered with pdfFont().
2025-10-13 00:23:36,345 INFO .SF Hebrew already registered with pdfFont().
2025-10-13 00:23:36,345 INFO .SF Hebrew Rounded already registered with pdfFont().
2025-10-13 00:23:36,345 INFO .SF NS Mono already registered with pdfFont().
2025-10-13 00:23:36,345 INFO .SF NS Rounded already registered with pdfFont().
2025-10-13 00:23:36,345 INFO Academy Engraved LET already registered with pdfFont().
2025-10-13 00:23:36,345 INFO Andale Mono already registered with pdfFont().
2025-10-13 00:23:36,345 INFO More than one version of regular/bold/italic found for Apple Braille. Skipping setup for this font.
2025-10-13 00:23:36,345 INFO AppleMyungjo already registered with pdfFont().
2025-10-13 00:23:36,345 INFO Arial already registered with pdfFont().
2025-10-13 00:23:36,345 INFO Arial Black already registered with pdfFont().
2025-10-13 00:23:36,345 INFO Arial Narrow already registered with pdfFont().
2025-10-13 00:23:36,345 INFO Arial Rounded MT Bold already registered with pdfFont().
2025-10-13 00:23:36,345 INFO Arial Unicode MS already registered with pdfFont().
2025-10-13 00:23:36,345 INFO Bodoni 72 Smallcaps already registered with pdfFont().
2025-10-13 00:23:36,345 INFO Bodoni Ornaments already registered with pdfFont().
2025-10-13 00:23:36,345 INFO No regular (non-bold, non-italic) version of Brush Script MT. Skipping setup for this font.
2025-10-13 00:23:36,345 INFO Comic Sans MS already registered with pdfFont().
2025-10-13 00:23:36,345 INFO Courier New already registered with pdfFont().
2025-10-13 00:23:36,345 INFO No regular (non-bold, non-italic) version of DIN Alternate. Skipping setup for this font.
2025-10-13 00:23:36,345 INFO No regular (non-bold, non-italic) version of DIN Condensed. Skipping setup for this font.
2025-10-13 00:23:36,345 INFO Georgia already registered with pdfFont().
2025-10-13 00:23:36,346 INFO Impact already registered with pdfFont().
2025-10-13 00:23:36,346 INFO Khmer Sangam MN already registered with pdfFont().
2025-10-13 00:23:36,346 INFO Lao Sangam MN already registered with pdfFont().
2025-10-13 00:23:36,346 INFO Luminari already registered with pdfFont().
2025-10-13 00:23:36,346 INFO Microsoft Sans Serif already registered with pdfFont().
2025-10-13 00:23:36,346 INFO Noto Sans Adlam already registered with pdfFont().
2025-10-13 00:23:36,346 INFO Noto Sans Avestan already registered with pdfFont().
2025-10-13 00:23:36,346 INFO Noto Sans Bamum already registered with pdfFont().
2025-10-13 00:23:36,346 INFO Noto Sans Bassa Vah already registered with pdfFont().
2025-10-13 00:23:36,346 INFO Noto Sans Batak already registered with pdfFont().
2025-10-13 00:23:36,346 INFO Noto Sans Bhaiksuki already registered with pdfFont().
2025-10-13 00:23:36,346 INFO Noto Sans Brahmi already registered with pdfFont().
2025-10-13 00:23:36,346 INFO Noto Sans Buginese already registered with pdfFont().
2025-10-13 00:23:36,346 INFO Noto Sans Buhid already registered with pdfFont().
2025-10-13 00:23:36,346 INFO Noto Sans Carian already registered with pdfFont().
2025-10-13 00:23:36,346 INFO Noto Sans CaucAlban already registered with pdfFont().
2025-10-13 00:23:36,347 INFO Noto Sans Chakma already registered with pdfFont().
2025-10-13 00:23:36,347 INFO Noto Sans Cham already registered with pdfFont().
2025-10-13 00:23:36,347 INFO Noto Sans Coptic already registered with pdfFont().
2025-10-13 00:23:36,347 INFO Noto Sans Cuneiform already registered with pdfFont().
2025-10-13 00:23:36,347 INFO Noto Sans Cypriot already registered with pdfFont().
2025-10-13 00:23:36,347 INFO Noto Sans Duployan already registered with pdfFont().
2025-10-13 00:23:36,347 INFO Noto Sans EgyptHiero already registered with pdfFont().
2025-10-13 00:23:36,347 INFO Noto Sans Elbasan already registered with pdfFont().
2025-10-13 00:23:36,347 INFO Noto Sans Glagolitic already registered with pdfFont().
2025-10-13 00:23:36,347 INFO Noto Sans Gothic already registered with pdfFont().
2025-10-13 00:23:36,347 INFO Noto Sans HanifiRohg already registered with pdfFont().
2025-10-13 00:23:36,347 INFO Noto Sans Hanunoo already registered with pdfFont().
2025-10-13 00:23:36,347 INFO Noto Sans Hatran already registered with pdfFont().
2025-10-13 00:23:36,347 INFO Noto Sans ImpAramaic already registered with pdfFont().
2025-10-13 00:23:36,347 INFO Noto Sans InsPahlavi already registered with pdfFont().
2025-10-13 00:23:36,347 INFO Noto Sans InsParthi already registered with pdfFont().
2025-10-13 00:23:36,347 INFO Noto Sans Kaithi already registered with pdfFont().
2025-10-13 00:23:36,347 INFO Noto Sans Kayah Li already registered with pdfFont().
2025-10-13 00:23:36,347 INFO Noto Sans Kharoshthi already registered with pdfFont().
2025-10-13 00:23:36,347 INFO Noto Sans Khojki already registered with pdfFont().
2025-10-13 00:23:36,347 INFO Noto Sans Khudawadi already registered with pdfFont().
2025-10-13 00:23:36,347 INFO Noto Sans Lepcha already registered with pdfFont().
2025-10-13 00:23:36,347 INFO Noto Sans Limbu already registered with pdfFont().
2025-10-13 00:23:36,347 INFO Noto Sans Linear A already registered with pdfFont().
2025-10-13 00:23:36,347 INFO Noto Sans Linear B already registered with pdfFont().
2025-10-13 00:23:36,347 INFO Noto Sans Lisu already registered with pdfFont().
2025-10-13 00:23:36,347 INFO Noto Sans Lycian already registered with pdfFont().
2025-10-13 00:23:36,347 INFO Noto Sans Lydian already registered with pdfFont().
2025-10-13 00:23:36,347 INFO Noto Sans Mahajani already registered with pdfFont().
2025-10-13 00:23:36,347 INFO Noto Sans Mandaic already registered with pdfFont().
2025-10-13 00:23:36,347 INFO Noto Sans Manichaean already registered with pdfFont().
2025-10-13 00:23:36,347 INFO Noto Sans Marchen already registered with pdfFont().
2025-10-13 00:23:36,347 INFO Noto Sans MeeteiMayek already registered with pdfFont().
2025-10-13 00:23:36,347 INFO Noto Sans Mende Kikakui already registered with pdfFont().
2025-10-13 00:23:36,347 INFO Noto Sans Meroitic already registered with pdfFont().
2025-10-13 00:23:36,348 INFO Noto Sans Miao already registered with pdfFont().
2025-10-13 00:23:36,348 INFO Noto Sans Modi already registered with pdfFont().
2025-10-13 00:23:36,348 INFO Noto Sans Mongolian already registered with pdfFont().
2025-10-13 00:23:36,348 INFO Noto Sans Mro already registered with pdfFont().
2025-10-13 00:23:36,348 INFO Noto Sans Multani already registered with pdfFont().
2025-10-13 00:23:36,348 INFO Noto Sans Nabataean already registered with pdfFont().
2025-10-13 00:23:36,348 INFO Noto Sans Newa already registered with pdfFont().
2025-10-13 00:23:36,348 INFO Noto Sans NewTaiLue already registered with pdfFont().
2025-10-13 00:23:36,348 INFO Noto Sans NKo already registered with pdfFont().
2025-10-13 00:23:36,348 INFO Noto Sans Ol Chiki already registered with pdfFont().
2025-10-13 00:23:36,348 INFO No regular (non-bold, non-italic) version of Noto Sans Old Italic. Skipping setup for this font.
2025-10-13 00:23:36,348 INFO Noto Sans Old Permic already registered with pdfFont().
2025-10-13 00:23:36,348 INFO Noto Sans Old Turkic already registered with pdfFont().
2025-10-13 00:23:36,348 INFO Noto Sans OldHung already registered with pdfFont().
2025-10-13 00:23:36,348 INFO Noto Sans OldNorArab already registered with pdfFont().
2025-10-13 00:23:36,348 INFO Noto Sans OldPersian already registered with pdfFont().
2025-10-13 00:23:36,348 INFO Noto Sans OldSouArab already registered with pdfFont().
2025-10-13 00:23:36,348 INFO Noto Sans Osage already registered with pdfFont().
2025-10-13 00:23:36,348 INFO Noto Sans Osmanya already registered with pdfFont().
2025-10-13 00:23:36,348 INFO Noto Sans Pahawh Hmong already registered with pdfFont().
2025-10-13 00:23:36,348 INFO Noto Sans Palmyrene already registered with pdfFont().
2025-10-13 00:23:36,348 INFO Noto Sans PauCinHau already registered with pdfFont().
2025-10-13 00:23:36,348 INFO Noto Sans PhagsPa already registered with pdfFont().
2025-10-13 00:23:36,348 INFO Noto Sans Phoenician already registered with pdfFont().
2025-10-13 00:23:36,348 INFO Noto Sans PsaPahlavi already registered with pdfFont().
2025-10-13 00:23:36,348 INFO Noto Sans Rejang already registered with pdfFont().
2025-10-13 00:23:36,348 INFO Noto Sans Samaritan already registered with pdfFont().
2025-10-13 00:23:36,348 INFO Noto Sans Saurashtra already registered with pdfFont().
2025-10-13 00:23:36,348 INFO Noto Sans Sharada already registered with pdfFont().
2025-10-13 00:23:36,348 INFO Noto Sans SoraSomp already registered with pdfFont().
2025-10-13 00:23:36,348 INFO Noto Sans Sundanese already registered with pdfFont().
2025-10-13 00:23:36,348 INFO Noto Sans Syloti Nagri already registered with pdfFont().
2025-10-13 00:23:36,348 INFO Noto Sans Syriac already registered with pdfFont().
2025-10-13 00:23:36,348 INFO Noto Sans Tagalog already registered with pdfFont().
2025-10-13 00:23:36,348 INFO Noto Sans Tagbanwa already registered with pdfFont().
2025-10-13 00:23:36,348 INFO Noto Sans Tai Le already registered with pdfFont().
2025-10-13 00:23:36,348 INFO Noto Sans Tai Tham already registered with pdfFont().
2025-10-13 00:23:36,348 INFO Noto Sans Tai Viet already registered with pdfFont().
2025-10-13 00:23:36,348 INFO Noto Sans Takri already registered with pdfFont().
2025-10-13 00:23:36,348 INFO Noto Sans Thaana already registered with pdfFont().
2025-10-13 00:23:36,348 INFO Noto Sans Tirhuta already registered with pdfFont().
2025-10-13 00:23:36,348 INFO Noto Sans Ugaritic already registered with pdfFont().
2025-10-13 00:23:36,348 INFO Noto Sans Vai already registered with pdfFont().
2025-10-13 00:23:36,348 INFO Noto Sans Wancho already registered with pdfFont().
2025-10-13 00:23:36,348 INFO Noto Sans WarangCiti already registered with pdfFont().
2025-10-13 00:23:36,349 INFO Noto Sans Yi already registered with pdfFont().
2025-10-13 00:23:36,349 INFO Noto Serif Ahom already registered with pdfFont().
2025-10-13 00:23:36,349 INFO Noto Serif Balinese already registered with pdfFont().
2025-10-13 00:23:36,349 INFO Noto Serif Hmong Nyiakeng already registered with pdfFont().
2025-10-13 00:23:36,349 INFO Party LET already registered with pdfFont().
2025-10-13 00:23:36,349 INFO STIX Two Text already registered with pdfFont().
2025-10-13 00:23:36,349 INFO System Font already registered with pdfFont().
2025-10-13 00:23:36,349 INFO Tahoma already registered with pdfFont().
2025-10-13 00:23:36,349 INFO Times New Roman already registered with pdfFont().
2025-10-13 00:23:36,349 INFO Trattatello already registered with pdfFont().
2025-10-13 00:23:36,349 INFO Trebuchet MS already registered with pdfFont().
2025-10-13 00:23:36,349 INFO Verdana already registered with pdfFont().
2025-10-13 00:23:36,349 INFO Webdings already registered with pdfFont().
2025-10-13 00:23:36,349 INFO Wingdings already registered with pdfFont().
2025-10-13 00:23:36,349 INFO Wingdings 2 already registered with pdfFont().
2025-10-13 00:23:36,349 INFO Wingdings 3 already registered with pdfFont().
2025-10-13 00:23:36,353 INFO .Keyboard already registered with postscriptFont().
2025-10-13 00:23:36,354 INFO .New York already registered with postscriptFont().
2025-10-13 00:23:36,354 INFO .SF Arabic already registered with postscriptFont().
2025-10-13 00:23:36,354 INFO .SF Arabic Rounded already registered with postscriptFont().
2025-10-13 00:23:36,354 INFO .SF Armenian already registered with postscriptFont().
2025-10-13 00:23:36,354 INFO .SF Armenian Rounded already registered with postscriptFont().
2025-10-13 00:23:36,354 INFO .SF Camera already registered with postscriptFont().
2025-10-13 00:23:36,354 INFO .SF Compact already registered with postscriptFont().
2025-10-13 00:23:36,354 INFO .SF Compact Rounded already registered with postscriptFont().
2025-10-13 00:23:36,354 INFO .SF Georgian already registered with postscriptFont().
2025-10-13 00:23:36,354 INFO .SF Georgian Rounded already registered with postscriptFont().
2025-10-13 00:23:36,354 INFO .SF Hebrew already registered with postscriptFont().
2025-10-13 00:23:36,354 INFO .SF Hebrew Rounded already registered with postscriptFont().
2025-10-13 00:23:36,354 INFO .SF NS Mono already registered with postscriptFont().
2025-10-13 00:23:36,354 INFO .SF NS Rounded already registered with postscriptFont().
2025-10-13 00:23:36,354 INFO Academy Engraved LET already registered with postscriptFont().
2025-10-13 00:23:36,354 INFO Andale Mono already registered with postscriptFont().
2025-10-13 00:23:36,354 INFO More than one version of regular/bold/italic found for Apple Braille. Skipping setup for this font.
2025-10-13 00:23:36,354 INFO AppleMyungjo already registered with postscriptFont().
2025-10-13 00:23:36,354 INFO Arial already registered with postscriptFont().
2025-10-13 00:23:36,354 INFO Arial Black already registered with postscriptFont().
2025-10-13 00:23:36,354 INFO Arial Narrow already registered with postscriptFont().
2025-10-13 00:23:36,354 INFO Arial Rounded MT Bold already registered with postscriptFont().
2025-10-13 00:23:36,354 INFO Arial Unicode MS already registered with postscriptFont().
2025-10-13 00:23:36,354 INFO Bodoni 72 Smallcaps already registered with postscriptFont().
2025-10-13 00:23:36,354 INFO Bodoni Ornaments already registered with postscriptFont().
2025-10-13 00:23:36,354 INFO No regular (non-bold, non-italic) version of Brush Script MT. Skipping setup for this font.
2025-10-13 00:23:36,354 INFO Comic Sans MS already registered with postscriptFont().
2025-10-13 00:23:36,354 INFO Courier New already registered with postscriptFont().
2025-10-13 00:23:36,354 INFO No regular (non-bold, non-italic) version of DIN Alternate. Skipping setup for this font.
2025-10-13 00:23:36,354 INFO No regular (non-bold, non-italic) version of DIN Condensed. Skipping setup for this font.
2025-10-13 00:23:36,354 INFO Georgia already registered with postscriptFont().
2025-10-13 00:23:36,354 INFO Impact already registered with postscriptFont().
2025-10-13 00:23:36,354 INFO Khmer Sangam MN already registered with postscriptFont().
2025-10-13 00:23:36,354 INFO Lao Sangam MN already registered with postscriptFont().
2025-10-13 00:23:36,354 INFO Luminari already registered with postscriptFont().
2025-10-13 00:23:36,354 INFO Microsoft Sans Serif already registered with postscriptFont().
2025-10-13 00:23:36,354 INFO Noto Sans Adlam already registered with postscriptFont().
2025-10-13 00:23:36,354 INFO Noto Sans Avestan already registered with postscriptFont().
2025-10-13 00:23:36,354 INFO Noto Sans Bamum already registered with postscriptFont().
2025-10-13 00:23:36,354 INFO Noto Sans Bassa Vah already registered with postscriptFont().
2025-10-13 00:23:36,354 INFO Noto Sans Batak already registered with postscriptFont().
2025-10-13 00:23:36,354 INFO Noto Sans Bhaiksuki already registered with postscriptFont().
2025-10-13 00:23:36,354 INFO Noto Sans Brahmi already registered with postscriptFont().
2025-10-13 00:23:36,354 INFO Noto Sans Buginese already registered with postscriptFont().
2025-10-13 00:23:36,355 INFO Noto Sans Buhid already registered with postscriptFont().
2025-10-13 00:23:36,355 INFO Noto Sans Carian already registered with postscriptFont().
2025-10-13 00:23:36,355 INFO Noto Sans CaucAlban already registered with postscriptFont().
2025-10-13 00:23:36,355 INFO Noto Sans Chakma already registered with postscriptFont().
2025-10-13 00:23:36,355 INFO Noto Sans Cham already registered with postscriptFont().
2025-10-13 00:23:36,355 INFO Noto Sans Coptic already registered with postscriptFont().
2025-10-13 00:23:36,355 INFO Noto Sans Cuneiform already registered with postscriptFont().
2025-10-13 00:23:36,355 INFO Noto Sans Cypriot already registered with postscriptFont().
2025-10-13 00:23:36,355 INFO Noto Sans Duployan already registered with postscriptFont().
2025-10-13 00:23:36,355 INFO Noto Sans EgyptHiero already registered with postscriptFont().
2025-10-13 00:23:36,355 INFO Noto Sans Elbasan already registered with postscriptFont().
2025-10-13 00:23:36,355 INFO Noto Sans Glagolitic already registered with postscriptFont().
2025-10-13 00:23:36,355 INFO Noto Sans Gothic already registered with postscriptFont().
2025-10-13 00:23:36,355 INFO Noto Sans HanifiRohg already registered with postscriptFont().
2025-10-13 00:23:36,355 INFO Noto Sans Hanunoo already registered with postscriptFont().
2025-10-13 00:23:36,355 INFO Noto Sans Hatran already registered with postscriptFont().
2025-10-13 00:23:36,355 INFO Noto Sans ImpAramaic already registered with postscriptFont().
2025-10-13 00:23:36,355 INFO Noto Sans InsPahlavi already registered with postscriptFont().
2025-10-13 00:23:36,355 INFO Noto Sans InsParthi already registered with postscriptFont().
2025-10-13 00:23:36,355 INFO Noto Sans Kaithi already registered with postscriptFont().
2025-10-13 00:23:36,355 INFO Noto Sans Kayah Li already registered with postscriptFont().
2025-10-13 00:23:36,355 INFO Noto Sans Kharoshthi already registered with postscriptFont().
2025-10-13 00:23:36,355 INFO Noto Sans Khojki already registered with postscriptFont().
2025-10-13 00:23:36,355 INFO Noto Sans Khudawadi already registered with postscriptFont().
2025-10-13 00:23:36,355 INFO Noto Sans Lepcha already registered with postscriptFont().
2025-10-13 00:23:36,355 INFO Noto Sans Limbu already registered with postscriptFont().
2025-10-13 00:23:36,355 INFO Noto Sans Linear A already registered with postscriptFont().
2025-10-13 00:23:36,355 INFO Noto Sans Linear B already registered with postscriptFont().
2025-10-13 00:23:36,355 INFO Noto Sans Lisu already registered with postscriptFont().
2025-10-13 00:23:36,355 INFO Noto Sans Lycian already registered with postscriptFont().
2025-10-13 00:23:36,355 INFO Noto Sans Lydian already registered with postscriptFont().
2025-10-13 00:23:36,355 INFO Noto Sans Mahajani already registered with postscriptFont().
2025-10-13 00:23:36,355 INFO Noto Sans Mandaic already registered with postscriptFont().
2025-10-13 00:23:36,355 INFO Noto Sans Manichaean already registered with postscriptFont().
2025-10-13 00:23:36,355 INFO Noto Sans Marchen already registered with postscriptFont().
2025-10-13 00:23:36,355 INFO Noto Sans MeeteiMayek already registered with postscriptFont().
2025-10-13 00:23:36,355 INFO Noto Sans Mende Kikakui already registered with postscriptFont().
2025-10-13 00:23:36,355 INFO Noto Sans Meroitic already registered with postscriptFont().
2025-10-13 00:23:36,355 INFO Noto Sans Miao already registered with postscriptFont().
2025-10-13 00:23:36,355 INFO Noto Sans Modi already registered with postscriptFont().
2025-10-13 00:23:36,355 INFO Noto Sans Mongolian already registered with postscriptFont().
2025-10-13 00:23:36,355 INFO Noto Sans Mro already registered with postscriptFont().
2025-10-13 00:23:36,356 INFO Noto Sans Multani already registered with postscriptFont().
2025-10-13 00:23:36,356 INFO Noto Sans Nabataean already registered with postscriptFont().
2025-10-13 00:23:36,356 INFO Noto Sans Newa already registered with postscriptFont().
2025-10-13 00:23:36,356 INFO Noto Sans NewTaiLue already registered with postscriptFont().
2025-10-13 00:23:36,356 INFO Noto Sans NKo already registered with postscriptFont().
2025-10-13 00:23:36,356 INFO Noto Sans Ol Chiki already registered with postscriptFont().
2025-10-13 00:23:36,356 INFO No regular (non-bold, non-italic) version of Noto Sans Old Italic. Skipping setup for this font.
2025-10-13 00:23:36,356 INFO Noto Sans Old Permic already registered with postscriptFont().
2025-10-13 00:23:36,356 INFO Noto Sans Old Turkic already registered with postscriptFont().
2025-10-13 00:23:36,356 INFO Noto Sans OldHung already registered with postscriptFont().
2025-10-13 00:23:36,356 INFO Noto Sans OldNorArab already registered with postscriptFont().
2025-10-13 00:23:36,356 INFO Noto Sans OldPersian already registered with postscriptFont().
2025-10-13 00:23:36,356 INFO Noto Sans OldSouArab already registered with postscriptFont().
2025-10-13 00:23:36,356 INFO Noto Sans Osage already registered with postscriptFont().
2025-10-13 00:23:36,356 INFO Noto Sans Osmanya already registered with postscriptFont().
2025-10-13 00:23:36,356 INFO Noto Sans Pahawh Hmong already registered with postscriptFont().
2025-10-13 00:23:36,356 INFO Noto Sans Palmyrene already registered with postscriptFont().
2025-10-13 00:23:36,356 INFO Noto Sans PauCinHau already registered with postscriptFont().
2025-10-13 00:23:36,356 INFO Noto Sans PhagsPa already registered with postscriptFont().
2025-10-13 00:23:36,356 INFO Noto Sans Phoenician already registered with postscriptFont().
2025-10-13 00:23:36,356 INFO Noto Sans PsaPahlavi already registered with postscriptFont().
2025-10-13 00:23:36,356 INFO Noto Sans Rejang already registered with postscriptFont().
2025-10-13 00:23:36,356 INFO Noto Sans Samaritan already registered with postscriptFont().
2025-10-13 00:23:36,356 INFO Noto Sans Saurashtra already registered with postscriptFont().
2025-10-13 00:23:36,356 INFO Noto Sans Sharada already registered with postscriptFont().
2025-10-13 00:23:36,356 INFO Noto Sans SoraSomp already registered with postscriptFont().
2025-10-13 00:23:36,356 INFO Noto Sans Sundanese already registered with postscriptFont().
2025-10-13 00:23:36,356 INFO Noto Sans Syloti Nagri already registered with postscriptFont().
2025-10-13 00:23:36,356 INFO Noto Sans Syriac already registered with postscriptFont().
2025-10-13 00:23:36,356 INFO Noto Sans Tagalog already registered with postscriptFont().
2025-10-13 00:23:36,356 INFO Noto Sans Tagbanwa already registered with postscriptFont().
2025-10-13 00:23:36,356 INFO Noto Sans Tai Le already registered with postscriptFont().
2025-10-13 00:23:36,356 INFO Noto Sans Tai Tham already registered with postscriptFont().
2025-10-13 00:23:36,356 INFO Noto Sans Tai Viet already registered with postscriptFont().
2025-10-13 00:23:36,356 INFO Noto Sans Takri already registered with postscriptFont().
2025-10-13 00:23:36,356 INFO Noto Sans Thaana already registered with postscriptFont().
2025-10-13 00:23:36,356 INFO Noto Sans Tirhuta already registered with postscriptFont().
2025-10-13 00:23:36,356 INFO Noto Sans Ugaritic already registered with postscriptFont().
2025-10-13 00:23:36,356 INFO Noto Sans Vai already registered with postscriptFont().
2025-10-13 00:23:36,356 INFO Noto Sans Wancho already registered with postscriptFont().
2025-10-13 00:23:36,356 INFO Noto Sans WarangCiti already registered with postscriptFont().
2025-10-13 00:23:36,356 INFO Noto Sans Yi already registered with postscriptFont().
2025-10-13 00:23:36,356 INFO Noto Serif Ahom already registered with postscriptFont().
2025-10-13 00:23:36,356 INFO Noto Serif Balinese already registered with postscriptFont().
2025-10-13 00:23:36,356 INFO Noto Serif Hmong Nyiakeng already registered with postscriptFont().
2025-10-13 00:23:36,357 INFO Party LET already registered with postscriptFont().
2025-10-13 00:23:36,357 INFO STIX Two Text already registered with postscriptFont().
2025-10-13 00:23:36,357 INFO System Font already registered with postscriptFont().
2025-10-13 00:23:36,357 INFO Tahoma already registered with postscriptFont().
2025-10-13 00:23:36,357 INFO Times New Roman already registered with postscriptFont().
2025-10-13 00:23:36,357 INFO Trattatello already registered with postscriptFont().
2025-10-13 00:23:36,357 INFO Trebuchet MS already registered with postscriptFont().
2025-10-13 00:23:36,357 INFO Verdana already registered with postscriptFont().
2025-10-13 00:23:36,357 INFO Webdings already registered with postscriptFont().
2025-10-13 00:23:36,357 INFO Wingdings already registered with postscriptFont().
2025-10-13 00:23:36,357 INFO Wingdings 2 already registered with postscriptFont().
2025-10-13 00:23:36,357 INFO Wingdings 3 already registered with postscriptFont().
2025-10-13 00:23:38,804 INFO Error in `left_join()`:
2025-10-13 00:23:38,805 INFO ! Join columns in `y` must be present in the data.
2025-10-13 00:23:38,805 INFO ✖ Problem with `playerId`.
2025-10-13 00:23:38,805 INFO Backtrace:
2025-10-13 00:23:38,805 INFO      ▆
2025-10-13 00:23:38,805 INFO   1. ├─base::source("raw_data_cleaning.R")
2025-10-13 00:23:38,805 INFO   2. │ ├─base::withVisible(eval(ei, envir))
2025-10-13 00:23:38,805 INFO   3. │ └─base::eval(ei, envir)
2025-10-13 00:23:38,805 INFO   4. │   └─base::eval(ei, envir)
2025-10-13 00:23:38,805 INFO   5. ├─dplyr::summarize(...)
2025-10-13 00:23:38,805 INFO   6. ├─dplyr::group_by(...)
2025-10-13 00:23:38,805 INFO   7. ├─dplyr::filter(...)
2025-10-13 00:23:38,805 INFO   8. ├─dplyr::filter(...)
2025-10-13 00:23:38,805 INFO   9. ├─base::unique(...)
2025-10-13 00:23:38,805 INFO  10. ├─dplyr::select(...)
2025-10-13 00:23:38,805 INFO  11. ├─dplyr::ungroup(...)
2025-10-13 00:23:38,805 INFO  12. ├─dplyr::mutate(...)
2025-10-13 00:23:38,805 INFO  13. ├─dplyr::group_by(...)
2025-10-13 00:23:38,805 INFO  14. ├─dplyr::filter(...)
2025-10-13 00:23:38,805 INFO  15. ├─dplyr::mutate(...)
2025-10-13 00:23:38,805 INFO  16. ├─dplyr::filter(...)
2025-10-13 00:23:38,805 INFO  17. ├─dplyr::left_join(...)
2025-10-13 00:23:38,805 INFO  18. └─dplyr:::left_join.data.frame(...)
2025-10-13 00:23:38,805 INFO  19.   └─dplyr:::join_mutate(...)
2025-10-13 00:23:38,805 INFO  20.     └─dplyr:::join_cols(...)
2025-10-13 00:23:38,805 INFO  21.       └─dplyr:::check_join_vars(by$y, y_names, by$condition, "y", error_call = error_call)
2025-10-13 00:23:38,805 INFO  22.         └─rlang::abort(bullets, call = error_call)
2025-10-13 00:23:38,807 INFO There were 11 warnings (use warnings() to see them)
2025-10-13 00:23:38,807 INFO Execution halted
2025-10-13 00:23:38,835 ERROR Error during group_advantage.raw_data_cleaning after 48.145 sec
Traceback (most recent call last):
  File "/Users/xehu/Desktop/task-mapping/analysis/run_master.py", line 414, in time_callable
    res = func()
  File "/Users/xehu/Desktop/task-mapping/analysis/run_master.py", line 552, in <lambda>
    results.append(time_callable('group_advantage.raw_data_cleaning', lambda: run_r_script(r_script_clean)))
  File "/Users/xehu/Desktop/task-mapping/analysis/run_master.py", line 355, in run_r_script
    raise RuntimeError(f'R script failed (exit {rc}): {r_path}')
RuntimeError: R script failed (exit 1): /Users/xehu/Desktop/task-mapping/analysis/analysis_group_advantage/raw_data_cleaning.R
