2025-10-13 00:41:50,834 INFO Starting analysis master script
2025-10-13 00:41:50,835 INFO Running group_advantage pipeline
2025-10-13 00:41:50,835 INFO Timing: group_advantage.raw_data_cleaning
2025-10-13 00:41:50,835 INFO Running R script /Users/xehu/Desktop/task-mapping/analysis/analysis_group_advantage/raw_data_cleaning.R
2025-10-13 00:41:50,835 INFO Running command: /usr/local/bin/Rscript -e set.seed(as.integer(Sys.getenv('ANALYSIS_SEED', '19104'))); source('raw_data_cleaning.R') (cwd=/Users/xehu/Desktop/task-mapping/analysis/analysis_group_advantage)
2025-10-13 00:41:50,964 INFO 
2025-10-13 00:41:50,964 INFO Attaching package: ‘pls’
2025-10-13 00:41:50,964 INFO 
2025-10-13 00:41:50,964 INFO The following object is masked from ‘package:stats’:
2025-10-13 00:41:50,964 INFO 
2025-10-13 00:41:50,964 INFO     loadings
2025-10-13 00:41:50,964 INFO 
2025-10-13 00:41:50,969 INFO randomForest 4.7-1.2
2025-10-13 00:41:50,969 INFO Type rfNews() to see new features/changes/bug fixes.
2025-10-13 00:41:51,392 INFO Loading required package: ggplot2
2025-10-13 00:41:51,620 INFO 
2025-10-13 00:41:51,620 INFO Attaching package: ‘ggplot2’
2025-10-13 00:41:51,620 INFO 
2025-10-13 00:41:51,620 INFO The following object is masked from ‘package:randomForest’:
2025-10-13 00:41:51,620 INFO 
2025-10-13 00:41:51,621 INFO     margin
2025-10-13 00:41:51,621 INFO 
2025-10-13 00:41:51,621 INFO Loading required package: lattice
2025-10-13 00:41:51,910 INFO 
2025-10-13 00:41:51,910 INFO Attaching package: ‘caret’
2025-10-13 00:41:51,910 INFO 
2025-10-13 00:41:51,910 INFO The following object is masked from ‘package:pls’:
2025-10-13 00:41:51,910 INFO 
2025-10-13 00:41:51,910 INFO     R2
2025-10-13 00:41:51,910 INFO 
2025-10-13 00:41:51,911 INFO Loading required package: foreach
2025-10-13 00:41:51,914 INFO Loading required package: iterators
2025-10-13 00:41:51,916 INFO Loading required package: parallel
2025-10-13 00:41:52,029 INFO Registering fonts with R
2025-10-13 00:41:52,076 INFO 
2025-10-13 00:41:52,076 INFO Please cite as:
2025-10-13 00:41:52,076 INFO 
2025-10-13 00:41:52,076 INFO  Hlavac, Marek (2022). stargazer: Well-Formatted Regression and Summary Statistics Tables.
2025-10-13 00:41:52,076 INFO  R package version 5.2.3. https://CRAN.R-project.org/package=stargazer
2025-10-13 00:41:52,076 INFO 
2025-10-13 00:41:52,126 INFO ── Attaching core tidyverse packages ──────────────────────── tidyverse 2.0.0 ──
2025-10-13 00:41:52,126 INFO ✔ dplyr     1.1.4     ✔ readr     2.1.5
2025-10-13 00:41:52,126 INFO ✔ forcats   1.0.1     ✔ stringr   1.5.2
2025-10-13 00:41:52,126 INFO ✔ lubridate 1.9.4     ✔ tibble    3.3.0
2025-10-13 00:41:52,126 INFO ✔ purrr     1.1.0     ✔ tidyr     1.3.1
2025-10-13 00:41:52,162 INFO ── Conflicts ────────────────────────────────────────── tidyverse_conflicts() ──
2025-10-13 00:41:52,162 INFO ✖ purrr::accumulate() masks foreach::accumulate()
2025-10-13 00:41:52,162 INFO ✖ dplyr::combine()    masks randomForest::combine()
2025-10-13 00:41:52,162 INFO ✖ dplyr::filter()     masks stats::filter()
2025-10-13 00:41:52,162 INFO ✖ purrr::flatten()    masks jsonlite::flatten()
2025-10-13 00:41:52,162 INFO ✖ dplyr::lag()        masks stats::lag()
2025-10-13 00:41:52,162 INFO ✖ purrr::lift()       masks caret::lift()
2025-10-13 00:41:52,162 INFO ✖ ggplot2::margin()   masks randomForest::margin()
2025-10-13 00:41:52,162 INFO ✖ dplyr::slice()      masks xgboost::slice()
2025-10-13 00:41:52,162 INFO ✖ purrr::when()       masks foreach::when()
2025-10-13 00:41:52,162 INFO ℹ Use the conflicted package (<http://conflicted.r-lib.org/>) to force all conflicts to become errors
2025-10-13 00:41:52,175 INFO Scanning ttf files in /Library/Fonts/, /System/Library/Fonts, /System/Library/Fonts/Supplemental, ~/Library/Fonts/ ...
2025-10-13 00:41:52,176 INFO Extracting .afm files from .ttf files...
2025-10-13 00:41:54,920 INFO /System/Library/Fonts/Supplemental/Arial Unicode.ttf : ArialUnicodeMS already registered in fonts database. Skipping.
2025-10-13 00:41:55,005 INFO /System/Library/Fonts/Apple Braille Outline 6 Dot.ttf : AppleBraille-Outline6Dot already registered in fonts database. Skipping.
2025-10-13 00:41:55,095 INFO /System/Library/Fonts/Apple Braille Outline 8 Dot.ttf : AppleBraille-Outline8Dot already registered in fonts database. Skipping.
2025-10-13 00:41:55,149 INFO /System/Library/Fonts/Apple Braille Pinpoint 6 Dot.ttf : AppleBraille-Pinpoint6Dot already registered in fonts database. Skipping.
2025-10-13 00:41:55,205 INFO /System/Library/Fonts/Apple Braille Pinpoint 8 Dot.ttf : AppleBraille-Pinpoint8Dot already registered in fonts database. Skipping.
2025-10-13 00:41:55,240 INFO /System/Library/Fonts/Apple Braille.ttf : AppleBraille already registered in fonts database. Skipping.
2025-10-13 00:41:55,266 INFO /System/Library/Fonts/Apple Symbols.ttf : No FontName. Skipping.
2025-10-13 00:41:55,285 INFO /System/Library/Fonts/Geneva.ttf : No FontName. Skipping.
2025-10-13 00:41:55,301 INFO /System/Library/Fonts/Keyboard.ttf : -Keyboard already registered in fonts database. Skipping.
2025-10-13 00:41:55,355 INFO /System/Library/Fonts/Monaco.ttf : No FontName. Skipping.
2025-10-13 00:41:55,447 INFO /System/Library/Fonts/NewYork.ttf : -NewYork-Regular already registered in fonts database. Skipping.
2025-10-13 00:41:55,528 INFO /System/Library/Fonts/NewYorkItalic.ttf : -NewYork-RegularItalic already registered in fonts database. Skipping.
2025-10-13 00:41:55,614 INFO /System/Library/Fonts/SFArabic.ttf : -SFArabic-Regular already registered in fonts database. Skipping.
2025-10-13 00:41:55,723 INFO /System/Library/Fonts/SFArabicRounded.ttf : -SFArabicRounded-Regular already registered in fonts database. Skipping.
2025-10-13 00:41:55,737 INFO /System/Library/Fonts/SFArmenian.ttf : -SFArmenian-Regular already registered in fonts database. Skipping.
2025-10-13 00:41:55,752 INFO /System/Library/Fonts/SFArmenianRounded.ttf : -SFArmenianRounded-Regular already registered in fonts database. Skipping.
2025-10-13 00:41:55,768 INFO /System/Library/Fonts/SFCamera.ttf : --SFCamera-Regular already registered in fonts database. Skipping.
2025-10-13 00:41:55,875 INFO /System/Library/Fonts/SFCompact.ttf : -SFCompact-Black already registered in fonts database. Skipping.
2025-10-13 00:41:55,962 INFO /System/Library/Fonts/SFCompactItalic.ttf : -SFCompact-BlackItalic already registered in fonts database. Skipping.
2025-10-13 00:41:56,076 INFO /System/Library/Fonts/SFCompactRounded.ttf : --SFCompactRounded-Regular already registered in fonts database. Skipping.
2025-10-13 00:41:56,093 INFO /System/Library/Fonts/SFGeorgian.ttf : -SFGeorgian-Regular already registered in fonts database. Skipping.
2025-10-13 00:41:56,110 INFO /System/Library/Fonts/SFGeorgianRounded.ttf : -SFGeorgianRounded-Regular already registered in fonts database. Skipping.
2025-10-13 00:41:56,121 INFO /System/Library/Fonts/SFHebrew.ttf : -SFHebrew-Regular already registered in fonts database. Skipping.
2025-10-13 00:41:56,132 INFO /System/Library/Fonts/SFHebrewRounded.ttf : -SFHebrewRounded-Regular already registered in fonts database. Skipping.
2025-10-13 00:41:56,261 INFO /System/Library/Fonts/SFNS.ttf : -SFNS-Regular already registered in fonts database. Skipping.
2025-10-13 00:41:56,349 INFO /System/Library/Fonts/SFNSItalic.ttf : -SFNS-RegularItalic already registered in fonts database. Skipping.
2025-10-13 00:41:56,405 INFO /System/Library/Fonts/SFNSMono.ttf : -SFNSMono-Light already registered in fonts database. Skipping.
2025-10-13 00:41:56,456 INFO /System/Library/Fonts/SFNSMonoItalic.ttf : -SFNSMono-LightItalic already registered in fonts database. Skipping.
2025-10-13 00:41:56,559 INFO /System/Library/Fonts/SFNSRounded.ttf : -SFNSRounded-Regular already registered in fonts database. Skipping.
2025-10-13 00:41:56,621 INFO /System/Library/Fonts/Supplemental/Academy Engraved LET Fonts.ttf : AcademyEngravedLetPlain already registered in fonts database. Skipping.
2025-10-13 00:41:56,681 INFO /System/Library/Fonts/Supplemental/Academy Engraved LET Fonts.ttf : AcademyEngravedLetPlain already registered in fonts database. Skipping.
2025-10-13 00:41:56,698 INFO /System/Library/Fonts/Supplemental/Andale Mono.ttf : AndaleMono already registered in fonts database. Skipping.
2025-10-13 00:41:56,715 INFO /System/Library/Fonts/Supplemental/Andale Mono.ttf : AndaleMono already registered in fonts database. Skipping.
2025-10-13 00:41:56,760 INFO /System/Library/Fonts/Supplemental/Apple Chancery.ttf : No FontName. Skipping.
2025-10-13 00:41:56,806 INFO /System/Library/Fonts/Supplemental/Apple Chancery.ttf : No FontName. Skipping.
2025-10-13 00:42:00,280 INFO /System/Library/Fonts/Supplemental/AppleGothic.ttf : No FontName. Skipping.
2025-10-13 00:42:03,747 INFO /System/Library/Fonts/Supplemental/AppleGothic.ttf : No FontName. Skipping.
2025-10-13 00:42:10,883 INFO /System/Library/Fonts/Supplemental/AppleMyungjo.ttf : AppleMyungjo already registered in fonts database. Skipping.
2025-10-13 00:42:15,268 INFO /System/Library/Fonts/Supplemental/AppleMyungjo.ttf : AppleMyungjo already registered in fonts database. Skipping.
2025-10-13 00:42:15,290 INFO /System/Library/Fonts/Supplemental/Arial Black.ttf : Arial-Black already registered in fonts database. Skipping.
2025-10-13 00:42:15,312 INFO /System/Library/Fonts/Supplemental/Arial Black.ttf : Arial-Black already registered in fonts database. Skipping.
2025-10-13 00:42:15,383 INFO /System/Library/Fonts/Supplemental/Arial Bold Italic.ttf : Arial-BoldItalicMT already registered in fonts database. Skipping.
2025-10-13 00:42:15,453 INFO /System/Library/Fonts/Supplemental/Arial Bold Italic.ttf : Arial-BoldItalicMT already registered in fonts database. Skipping.
2025-10-13 00:42:15,600 INFO /System/Library/Fonts/Supplemental/Arial Bold.ttf : Arial-BoldMT already registered in fonts database. Skipping.
2025-10-13 00:42:15,716 INFO /System/Library/Fonts/Supplemental/Arial Bold.ttf : Arial-BoldMT already registered in fonts database. Skipping.
2025-10-13 00:42:15,798 INFO /System/Library/Fonts/Supplemental/Arial Italic.ttf : Arial-ItalicMT already registered in fonts database. Skipping.
2025-10-13 00:42:15,879 INFO /System/Library/Fonts/Supplemental/Arial Italic.ttf : Arial-ItalicMT already registered in fonts database. Skipping.
2025-10-13 00:42:15,900 INFO /System/Library/Fonts/Supplemental/Arial Narrow Bold Italic.ttf : ArialNarrow-BoldItalic already registered in fonts database. Skipping.
2025-10-13 00:42:15,922 INFO /System/Library/Fonts/Supplemental/Arial Narrow Bold Italic.ttf : ArialNarrow-BoldItalic already registered in fonts database. Skipping.
2025-10-13 00:42:15,944 INFO /System/Library/Fonts/Supplemental/Arial Narrow Bold.ttf : ArialNarrow-Bold already registered in fonts database. Skipping.
2025-10-13 00:42:15,966 INFO /System/Library/Fonts/Supplemental/Arial Narrow Bold.ttf : ArialNarrow-Bold already registered in fonts database. Skipping.
2025-10-13 00:42:15,988 INFO /System/Library/Fonts/Supplemental/Arial Narrow Italic.ttf : ArialNarrow-Italic already registered in fonts database. Skipping.
2025-10-13 00:42:16,009 INFO /System/Library/Fonts/Supplemental/Arial Narrow Italic.ttf : ArialNarrow-Italic already registered in fonts database. Skipping.
2025-10-13 00:42:16,030 INFO /System/Library/Fonts/Supplemental/Arial Narrow.ttf : ArialNarrow already registered in fonts database. Skipping.
2025-10-13 00:42:16,052 INFO /System/Library/Fonts/Supplemental/Arial Narrow.ttf : ArialNarrow already registered in fonts database. Skipping.
2025-10-13 00:42:16,070 INFO /System/Library/Fonts/Supplemental/Arial Rounded Bold.ttf : ArialRoundedMTBold already registered in fonts database. Skipping.
2025-10-13 00:42:16,089 INFO /System/Library/Fonts/Supplemental/Arial Rounded Bold.ttf : ArialRoundedMTBold already registered in fonts database. Skipping.
2025-10-13 00:42:18,799 INFO /System/Library/Fonts/Supplemental/Arial Unicode.ttf : ArialUnicodeMS already registered in fonts database. Skipping.
2025-10-13 00:42:21,617 INFO /System/Library/Fonts/Supplemental/Arial Unicode.ttf : ArialUnicodeMS already registered in fonts database. Skipping.
2025-10-13 00:42:21,737 INFO /System/Library/Fonts/Supplemental/Arial.ttf : ArialMT already registered in fonts database. Skipping.
2025-10-13 00:42:21,855 INFO /System/Library/Fonts/Supplemental/Arial.ttf : ArialMT already registered in fonts database. Skipping.
2025-10-13 00:42:21,894 INFO /System/Library/Fonts/Supplemental/Ayuthaya.ttf : No FontName. Skipping.
2025-10-13 00:42:21,931 INFO /System/Library/Fonts/Supplemental/Ayuthaya.ttf : No FontName. Skipping.
2025-10-13 00:42:22,077 INFO /System/Library/Fonts/Supplemental/BigCaslon.ttf : No FontName. Skipping.
2025-10-13 00:42:22,224 INFO /System/Library/Fonts/Supplemental/BigCaslon.ttf : No FontName. Skipping.
2025-10-13 00:42:22,246 INFO /System/Library/Fonts/Supplemental/Bodoni 72 Smallcaps Book.ttf : BodoniSvtyTwoSCITCTT-Book already registered in fonts database. Skipping.
2025-10-13 00:42:22,268 INFO /System/Library/Fonts/Supplemental/Bodoni 72 Smallcaps Book.ttf : BodoniSvtyTwoSCITCTT-Book already registered in fonts database. Skipping.
2025-10-13 00:42:22,299 INFO /System/Library/Fonts/Supplemental/Bodoni Ornaments.ttf : BodoniOrnamentsITCTT already registered in fonts database. Skipping.
2025-10-13 00:42:22,329 INFO /System/Library/Fonts/Supplemental/Bodoni Ornaments.ttf : BodoniOrnamentsITCTT already registered in fonts database. Skipping.
2025-10-13 00:42:22,612 INFO /System/Library/Fonts/Supplemental/Bradley Hand Bold.ttf : Bradley-Hand-Bold already registered in fonts database. Skipping.
2025-10-13 00:42:22,900 INFO /System/Library/Fonts/Supplemental/Bradley Hand Bold.ttf : Bradley-Hand-Bold already registered in fonts database. Skipping.
2025-10-13 00:42:23,068 INFO /System/Library/Fonts/Supplemental/Brush Script.ttf : BrushScriptMT already registered in fonts database. Skipping.
2025-10-13 00:42:23,236 INFO /System/Library/Fonts/Supplemental/Brush Script.ttf : BrushScriptMT already registered in fonts database. Skipping.
2025-10-13 00:42:23,254 INFO /System/Library/Fonts/Supplemental/Chalkduster.ttfsh: line 1: 32691 Abort trap: 6           '/Library/Frameworks/R.framework/Versions/4.5-arm64/Resources/library/Rttf2pt1/exec//ttf2pt1' -a -GfAe '/System/Library/Fonts/Supplemental/Chalkduster.ttf' '/var/folders/73/jl9lgbkj511fwjxkl9cvw7q00000gq/T//RtmpuI80eb/fonts/Chalkduster' 2>&1
2025-10-13 00:42:23,254 INFO  : No FontName. Skipping.
2025-10-13 00:42:23,271 INFO /System/Library/Fonts/Supplemental/Chalkduster.ttfsh: line 1: 32693 Abort trap: 6           '/Library/Frameworks/R.framework/Versions/4.5-arm64/Resources/library/Rttf2pt1/exec//ttf2pt1' -a -GfAe '/System/Library/Fonts/Supplemental/Chalkduster.ttf' '/var/folders/73/jl9lgbkj511fwjxkl9cvw7q00000gq/T//RtmpuI80eb/fonts/Chalkduster' 2>&1
2025-10-13 00:42:23,272 INFO  : No FontName. Skipping.
2025-10-13 00:42:23,333 INFO /System/Library/Fonts/Supplemental/Comic Sans MS Bold.ttf : ComicSansMS-Bold already registered in fonts database. Skipping.
2025-10-13 00:42:23,393 INFO /System/Library/Fonts/Supplemental/Comic Sans MS Bold.ttf : ComicSansMS-Bold already registered in fonts database. Skipping.
2025-10-13 00:42:23,444 INFO /System/Library/Fonts/Supplemental/Comic Sans MS.ttf : ComicSansMS already registered in fonts database. Skipping.
2025-10-13 00:42:23,494 INFO /System/Library/Fonts/Supplemental/Comic Sans MS.ttf : ComicSansMS already registered in fonts database. Skipping.
2025-10-13 00:42:23,601 INFO /System/Library/Fonts/Supplemental/Courier New Bold Italic.ttf : CourierNewPS-BoldItalicMT already registered in fonts database. Skipping.
2025-10-13 00:42:23,707 INFO /System/Library/Fonts/Supplemental/Courier New Bold Italic.ttf : CourierNewPS-BoldItalicMT already registered in fonts database. Skipping.
2025-10-13 00:42:23,851 INFO /System/Library/Fonts/Supplemental/Courier New Bold.ttf : CourierNewPS-BoldMT already registered in fonts database. Skipping.
2025-10-13 00:42:23,978 INFO /System/Library/Fonts/Supplemental/Courier New Bold.ttf : CourierNewPS-BoldMT already registered in fonts database. Skipping.
2025-10-13 00:42:24,077 INFO /System/Library/Fonts/Supplemental/Courier New Italic.ttf : CourierNewPS-ItalicMT already registered in fonts database. Skipping.
2025-10-13 00:42:24,180 INFO /System/Library/Fonts/Supplemental/Courier New Italic.ttf : CourierNewPS-ItalicMT already registered in fonts database. Skipping.
2025-10-13 00:42:24,300 INFO /System/Library/Fonts/Supplemental/Courier New.ttf : CourierNewPSMT already registered in fonts database. Skipping.
2025-10-13 00:42:24,426 INFO /System/Library/Fonts/Supplemental/Courier New.ttf : CourierNewPSMT already registered in fonts database. Skipping.
2025-10-13 00:42:24,487 INFO /System/Library/Fonts/Supplemental/DIN Alternate Bold.ttf : DINAlternate-Bold already registered in fonts database. Skipping.
2025-10-13 00:42:24,547 INFO /System/Library/Fonts/Supplemental/DIN Alternate Bold.ttf : DINAlternate-Bold already registered in fonts database. Skipping.
2025-10-13 00:42:24,617 INFO /System/Library/Fonts/Supplemental/DIN Condensed Bold.ttf : DINCondensed-Bold already registered in fonts database. Skipping.
2025-10-13 00:42:24,687 INFO /System/Library/Fonts/Supplemental/DIN Condensed Bold.ttf : DINCondensed-Bold already registered in fonts database. Skipping.
2025-10-13 00:42:24,848 INFO /System/Library/Fonts/Supplemental/Diwan Thuluth.ttf : No FontName. Skipping.
2025-10-13 00:42:25,009 INFO /System/Library/Fonts/Supplemental/Diwan Thuluth.ttf : No FontName. Skipping.
2025-10-13 00:42:25,127 INFO /System/Library/Fonts/Supplemental/Farisi.ttf : No FontName. Skipping.
2025-10-13 00:42:25,244 INFO /System/Library/Fonts/Supplemental/Farisi.ttf : No FontName. Skipping.
2025-10-13 00:42:25,333 INFO /System/Library/Fonts/Supplemental/Georgia Bold Italic.ttf : Georgia-BoldItalic already registered in fonts database. Skipping.
2025-10-13 00:42:25,428 INFO /System/Library/Fonts/Supplemental/Georgia Bold Italic.ttf : Georgia-BoldItalic already registered in fonts database. Skipping.
2025-10-13 00:42:25,516 INFO /System/Library/Fonts/Supplemental/Georgia Bold.ttf : Georgia-Bold already registered in fonts database. Skipping.
2025-10-13 00:42:25,603 INFO /System/Library/Fonts/Supplemental/Georgia Bold.ttf : Georgia-Bold already registered in fonts database. Skipping.
2025-10-13 00:42:25,689 INFO /System/Library/Fonts/Supplemental/Georgia Italic.ttf : Georgia-Italic already registered in fonts database. Skipping.
2025-10-13 00:42:25,772 INFO /System/Library/Fonts/Supplemental/Georgia Italic.ttf : Georgia-Italic already registered in fonts database. Skipping.
2025-10-13 00:42:25,865 INFO /System/Library/Fonts/Supplemental/Georgia.ttf : Georgia already registered in fonts database. Skipping.
2025-10-13 00:42:25,956 INFO /System/Library/Fonts/Supplemental/Georgia.ttf : Georgia already registered in fonts database. Skipping.
2025-10-13 00:42:25,966 INFO /System/Library/Fonts/Supplemental/Gurmukhi.ttf : No FontName. Skipping.
2025-10-13 00:42:25,976 INFO /System/Library/Fonts/Supplemental/Gurmukhi.ttf : No FontName. Skipping.
2025-10-13 00:42:26,043 INFO /System/Library/Fonts/Supplemental/Herculanum.ttf : No FontName. Skipping.
2025-10-13 00:42:26,109 INFO /System/Library/Fonts/Supplemental/Herculanum.ttf : No FontName. Skipping.
2025-10-13 00:42:26,120 INFO /System/Library/Fonts/Supplemental/Hoefler Text Ornaments.ttf : No FontName. Skipping.
2025-10-13 00:42:26,130 INFO /System/Library/Fonts/Supplemental/Hoefler Text Ornaments.ttf : No FontName. Skipping.
2025-10-13 00:42:26,163 INFO /System/Library/Fonts/Supplemental/Impact.ttf : Impact already registered in fonts database. Skipping.
2025-10-13 00:42:26,195 INFO /System/Library/Fonts/Supplemental/Impact.ttf : Impact already registered in fonts database. Skipping.
2025-10-13 00:42:26,267 INFO /System/Library/Fonts/Supplemental/Khmer Sangam MN.ttf : KhmerSangamMN already registered in fonts database. Skipping.
2025-10-13 00:42:26,338 INFO /System/Library/Fonts/Supplemental/Khmer Sangam MN.ttf : KhmerSangamMN already registered in fonts database. Skipping.
2025-10-13 00:42:26,379 INFO /System/Library/Fonts/Supplemental/Kokonor.ttfsh: line 1: 32771 Abort trap: 6           '/Library/Frameworks/R.framework/Versions/4.5-arm64/Resources/library/Rttf2pt1/exec//ttf2pt1' -a -GfAe '/System/Library/Fonts/Supplemental/Kokonor.ttf' '/var/folders/73/jl9lgbkj511fwjxkl9cvw7q00000gq/T//RtmpuI80eb/fonts/Kokonor' 2>&1
2025-10-13 00:42:26,379 INFO  : No FontName. Skipping.
2025-10-13 00:42:26,420 INFO /System/Library/Fonts/Supplemental/Kokonor.ttfsh: line 1: 32773 Abort trap: 6           '/Library/Frameworks/R.framework/Versions/4.5-arm64/Resources/library/Rttf2pt1/exec//ttf2pt1' -a -GfAe '/System/Library/Fonts/Supplemental/Kokonor.ttf' '/var/folders/73/jl9lgbkj511fwjxkl9cvw7q00000gq/T//RtmpuI80eb/fonts/Kokonor' 2>&1
2025-10-13 00:42:26,421 INFO  : No FontName. Skipping.
2025-10-13 00:42:26,442 INFO /System/Library/Fonts/Supplemental/Krungthep.ttf : No FontName. Skipping.
2025-10-13 00:42:26,463 INFO /System/Library/Fonts/Supplemental/Krungthep.ttf : No FontName. Skipping.
2025-10-13 00:42:26,492 INFO /System/Library/Fonts/Supplemental/Lao Sangam MN.ttf : LaoSangamMN already registered in fonts database. Skipping.
2025-10-13 00:42:26,522 INFO /System/Library/Fonts/Supplemental/Lao Sangam MN.ttf : LaoSangamMN already registered in fonts database. Skipping.
2025-10-13 00:42:26,832 INFO /System/Library/Fonts/Supplemental/Luminari.ttf : Luminari-Regular already registered in fonts database. Skipping.
2025-10-13 00:42:27,140 INFO /System/Library/Fonts/Supplemental/Luminari.ttf : Luminari-Regular already registered in fonts database. Skipping.
2025-10-13 00:42:27,208 INFO /System/Library/Fonts/Supplemental/Microsoft Sans Serif.ttf : MicrosoftSansSerif already registered in fonts database. Skipping.
2025-10-13 00:42:27,276 INFO /System/Library/Fonts/Supplemental/Microsoft Sans Serif.ttf : MicrosoftSansSerif already registered in fonts database. Skipping.
2025-10-13 00:42:27,447 INFO /System/Library/Fonts/Supplemental/Mishafi Gold.ttf : No FontName. Skipping.
2025-10-13 00:42:27,625 INFO /System/Library/Fonts/Supplemental/Mishafi Gold.ttf : No FontName. Skipping.
2025-10-13 00:42:28,035 INFO /System/Library/Fonts/Supplemental/Mishafi.ttf : No FontName. Skipping.
2025-10-13 00:42:28,443 INFO /System/Library/Fonts/Supplemental/Mishafi.ttf : No FontName. Skipping.
2025-10-13 00:42:28,449 INFO /System/Library/Fonts/Supplemental/NISC18030.ttf : No FontName. Skipping.
2025-10-13 00:42:28,454 INFO /System/Library/Fonts/Supplemental/NISC18030.ttf : No FontName. Skipping.
2025-10-13 00:42:28,475 INFO /System/Library/Fonts/Supplemental/NotoSansAdlam-Regular.ttf : NotoSansAdlam-Regular already registered in fonts database. Skipping.
2025-10-13 00:42:28,496 INFO /System/Library/Fonts/Supplemental/NotoSansAdlam-Regular.ttf : NotoSansAdlam-Regular already registered in fonts database. Skipping.
2025-10-13 00:42:28,506 INFO /System/Library/Fonts/Supplemental/NotoSansAvestan-Regular.ttf : NotoSansAvestan-Regular already registered in fonts database. Skipping.
2025-10-13 00:42:28,514 INFO /System/Library/Fonts/Supplemental/NotoSansAvestan-Regular.ttf : NotoSansAvestan-Regular already registered in fonts database. Skipping.
2025-10-13 00:42:28,564 INFO /System/Library/Fonts/Supplemental/NotoSansBamum-Regular.ttf : NotoSansBamum-Regular already registered in fonts database. Skipping.
2025-10-13 00:42:28,615 INFO /System/Library/Fonts/Supplemental/NotoSansBamum-Regular.ttf : NotoSansBamum-Regular already registered in fonts database. Skipping.
2025-10-13 00:42:28,699 INFO /System/Library/Fonts/Supplemental/NotoSansBassaVah-Regular.ttf : NotoSansBassaVah-Regular already registered in fonts database. Skipping.
2025-10-13 00:42:28,707 INFO /System/Library/Fonts/Supplemental/NotoSansBassaVah-Regular.ttf : NotoSansBassaVah-Regular already registered in fonts database. Skipping.
2025-10-13 00:42:28,723 INFO /System/Library/Fonts/Supplemental/NotoSansBatak-Regular.ttf : NotoSansBatak-Regular already registered in fonts database. Skipping.
2025-10-13 00:42:28,737 INFO /System/Library/Fonts/Supplemental/NotoSansBatak-Regular.ttf : NotoSansBatak-Regular already registered in fonts database. Skipping.
2025-10-13 00:42:28,850 INFO /System/Library/Fonts/Supplemental/NotoSansBhaiksuki-Regular.ttf : NotoSansBhaiksuki-Regular already registered in fonts database. Skipping.
2025-10-13 00:42:28,962 INFO /System/Library/Fonts/Supplemental/NotoSansBhaiksuki-Regular.ttf : NotoSansBhaiksuki-Regular already registered in fonts database. Skipping.
2025-10-13 00:42:28,978 INFO /System/Library/Fonts/Supplemental/NotoSansBrahmi-Regular.ttf : NotoSansBrahmi-Regular already registered in fonts database. Skipping.
2025-10-13 00:42:28,992 INFO /System/Library/Fonts/Supplemental/NotoSansBrahmi-Regular.ttf : NotoSansBrahmi-Regular already registered in fonts database. Skipping.
2025-10-13 00:42:29,000 INFO /System/Library/Fonts/Supplemental/NotoSansBuginese-Regular.ttf : NotoSansBuginese-Regular already registered in fonts database. Skipping.
2025-10-13 00:42:29,012 INFO /System/Library/Fonts/Supplemental/NotoSansBuginese-Regular.ttf : NotoSansBuginese-Regular already registered in fonts database. Skipping.
2025-10-13 00:42:29,019 INFO /System/Library/Fonts/Supplemental/NotoSansBuhid-Regular.ttf : NotoSansBuhid-Regular already registered in fonts database. Skipping.
2025-10-13 00:42:29,025 INFO /System/Library/Fonts/Supplemental/NotoSansBuhid-Regular.ttf : NotoSansBuhid-Regular already registered in fonts database. Skipping.
2025-10-13 00:42:29,033 INFO /System/Library/Fonts/Supplemental/NotoSansCarian-Regular.ttf : NotoSansCarian-Regular already registered in fonts database. Skipping.
2025-10-13 00:42:29,041 INFO /System/Library/Fonts/Supplemental/NotoSansCarian-Regular.ttf : NotoSansCarian-Regular already registered in fonts database. Skipping.
2025-10-13 00:42:29,053 INFO /System/Library/Fonts/Supplemental/NotoSansCaucasianAlbanian-Regular.ttf : NotoSansCaucasianAlbanian-Regular already registered in fonts database. Skipping.
2025-10-13 00:42:29,064 INFO /System/Library/Fonts/Supplemental/NotoSansCaucasianAlbanian-Regular.ttf : NotoSansCaucasianAlbanian-Regular already registered in fonts database. Skipping.
2025-10-13 00:42:29,082 INFO /System/Library/Fonts/Supplemental/NotoSansChakma-Regular.ttf : NotoSansChakma-Regular already registered in fonts database. Skipping.
2025-10-13 00:42:29,100 INFO /System/Library/Fonts/Supplemental/NotoSansChakma-Regular.ttf : NotoSansChakma-Regular already registered in fonts database. Skipping.
2025-10-13 00:42:29,113 INFO /System/Library/Fonts/Supplemental/NotoSansCham-Regular.ttf : NotoSansCham-Regular already registered in fonts database. Skipping.
2025-10-13 00:42:29,125 INFO /System/Library/Fonts/Supplemental/NotoSansCham-Regular.ttf : NotoSansCham-Regular already registered in fonts database. Skipping.
2025-10-13 00:42:29,138 INFO /System/Library/Fonts/Supplemental/NotoSansCoptic-Regular.ttf : NotoSansCoptic-Regular already registered in fonts database. Skipping.
2025-10-13 00:42:29,150 INFO /System/Library/Fonts/Supplemental/NotoSansCoptic-Regular.ttf : NotoSansCoptic-Regular already registered in fonts database. Skipping.
2025-10-13 00:42:29,424 INFO /System/Library/Fonts/Supplemental/NotoSansCuneiform-Regular.ttf : NotoSansCuneiform-Regular already registered in fonts database. Skipping.
2025-10-13 00:42:29,700 INFO /System/Library/Fonts/Supplemental/NotoSansCuneiform-Regular.ttf : NotoSansCuneiform-Regular already registered in fonts database. Skipping.
2025-10-13 00:42:29,707 INFO /System/Library/Fonts/Supplemental/NotoSansCypriot-Regular.ttf : NotoSansCypriot-Regular already registered in fonts database. Skipping.
2025-10-13 00:42:29,715 INFO /System/Library/Fonts/Supplemental/NotoSansCypriot-Regular.ttf : NotoSansCypriot-Regular already registered in fonts database. Skipping.
2025-10-13 00:42:29,726 INFO /System/Library/Fonts/Supplemental/NotoSansDuployan-Regular.ttf : NotoSansDuployan-Regular already registered in fonts database. Skipping.
2025-10-13 00:42:29,736 INFO /System/Library/Fonts/Supplemental/NotoSansDuployan-Regular.ttf : NotoSansDuployan-Regular already registered in fonts database. Skipping.
2025-10-13 00:42:30,038 INFO /System/Library/Fonts/Supplemental/NotoSansEgyptianHieroglyphs-Regular.ttf : NotoSansEgyptianHieroglyphs-Regular already registered in fonts database. Skipping.
2025-10-13 00:42:30,333 INFO /System/Library/Fonts/Supplemental/NotoSansEgyptianHieroglyphs-Regular.ttf : NotoSansEgyptianHieroglyphs-Regular already registered in fonts database. Skipping.
2025-10-13 00:42:30,342 INFO /System/Library/Fonts/Supplemental/NotoSansElbasan-Regular.ttf : NotoSansElbasan-Regular already registered in fonts database. Skipping.
2025-10-13 00:42:30,350 INFO /System/Library/Fonts/Supplemental/NotoSansElbasan-Regular.ttf : NotoSansElbasan-Regular already registered in fonts database. Skipping.
2025-10-13 00:42:30,360 INFO /System/Library/Fonts/Supplemental/NotoSansGlagolitic-Regular.ttf : NotoSansGlagolitic-Regular already registered in fonts database. Skipping.
2025-10-13 00:42:30,371 INFO /System/Library/Fonts/Supplemental/NotoSansGlagolitic-Regular.ttf : NotoSansGlagolitic-Regular already registered in fonts database. Skipping.
2025-10-13 00:42:30,378 INFO /System/Library/Fonts/Supplemental/NotoSansGothic-Regular.ttf : NotoSansGothic-Regular already registered in fonts database. Skipping.
2025-10-13 00:42:30,385 INFO /System/Library/Fonts/Supplemental/NotoSansGothic-Regular.ttf : NotoSansGothic-Regular already registered in fonts database. Skipping.
2025-10-13 00:42:30,397 INFO /System/Library/Fonts/Supplemental/NotoSansHanifiRohingya-Regular.ttf : NotoSansHanifiRohingya-Regular already registered in fonts database. Skipping.
2025-10-13 00:42:30,409 INFO /System/Library/Fonts/Supplemental/NotoSansHanifiRohingya-Regular.ttf : NotoSansHanifiRohingya-Regular already registered in fonts database. Skipping.
2025-10-13 00:42:30,416 INFO /System/Library/Fonts/Supplemental/NotoSansHanunoo-Regular.ttf : NotoSansHanunoo-Regular already registered in fonts database. Skipping.
2025-10-13 00:42:30,423 INFO /System/Library/Fonts/Supplemental/NotoSansHanunoo-Regular.ttf : NotoSansHanunoo-Regular already registered in fonts database. Skipping.
2025-10-13 00:42:30,430 INFO /System/Library/Fonts/Supplemental/NotoSansHatran-Regular.ttf : NotoSansHatran-Regular already registered in fonts database. Skipping.
2025-10-13 00:42:30,437 INFO /System/Library/Fonts/Supplemental/NotoSansHatran-Regular.ttf : NotoSansHatran-Regular already registered in fonts database. Skipping.
2025-10-13 00:42:30,445 INFO /System/Library/Fonts/Supplemental/NotoSansImperialAramaic-Regular.ttf : NotoSansImperialAramaic-Regular already registered in fonts database. Skipping.
2025-10-13 00:42:30,453 INFO /System/Library/Fonts/Supplemental/NotoSansImperialAramaic-Regular.ttf : NotoSansImperialAramaic-Regular already registered in fonts database. Skipping.
2025-10-13 00:42:30,459 INFO /System/Library/Fonts/Supplemental/NotoSansInscriptionalPahlavi-Regular.ttf : NotoSansInscriptionalPahlavi-Regular already registered in fonts database. Skipping.
2025-10-13 00:42:30,466 INFO /System/Library/Fonts/Supplemental/NotoSansInscriptionalPahlavi-Regular.ttf : NotoSansInscriptionalPahlavi-Regular already registered in fonts database. Skipping.
2025-10-13 00:42:30,474 INFO /System/Library/Fonts/Supplemental/NotoSansInscriptionalParthian-Regular.ttf : NotoSansInscriptionalParthian-Regular already registered in fonts database. Skipping.
2025-10-13 00:42:30,482 INFO /System/Library/Fonts/Supplemental/NotoSansInscriptionalParthian-Regular.ttf : NotoSansInscriptionalParthian-Regular already registered in fonts database. Skipping.
2025-10-13 00:42:30,501 INFO /System/Library/Fonts/Supplemental/NotoSansKaithi-Regular.ttf : NotoSansKaithi-Regular already registered in fonts database. Skipping.
2025-10-13 00:42:30,520 INFO /System/Library/Fonts/Supplemental/NotoSansKaithi-Regular.ttf : NotoSansKaithi-Regular already registered in fonts database. Skipping.
2025-10-13 00:42:30,529 INFO /System/Library/Fonts/Supplemental/NotoSansKayahLi-Regular.ttf : NotoSansKayahLi-Regular already registered in fonts database. Skipping.
2025-10-13 00:42:30,538 INFO /System/Library/Fonts/Supplemental/NotoSansKayahLi-Regular.ttf : NotoSansKayahLi-Regular already registered in fonts database. Skipping.
2025-10-13 00:42:30,551 INFO /System/Library/Fonts/Supplemental/NotoSansKharoshthi-Regular.ttf : NotoSansKharoshthi-Regular already registered in fonts database. Skipping.
2025-10-13 00:42:30,562 INFO /System/Library/Fonts/Supplemental/NotoSansKharoshthi-Regular.ttf : NotoSansKharoshthi-Regular already registered in fonts database. Skipping.
2025-10-13 00:42:30,582 INFO /System/Library/Fonts/Supplemental/NotoSansKhojki-Regular.ttf : NotoSansKhojki-Regular already registered in fonts database. Skipping.
2025-10-13 00:42:30,601 INFO /System/Library/Fonts/Supplemental/NotoSansKhojki-Regular.ttf : NotoSansKhojki-Regular already registered in fonts database. Skipping.
2025-10-13 00:42:30,612 INFO /System/Library/Fonts/Supplemental/NotoSansKhudawadi-Regular.ttf : NotoSansKhudawadi-Regular already registered in fonts database. Skipping.
2025-10-13 00:42:30,622 INFO /System/Library/Fonts/Supplemental/NotoSansKhudawadi-Regular.ttf : NotoSansKhudawadi-Regular already registered in fonts database. Skipping.
2025-10-13 00:42:30,632 INFO /System/Library/Fonts/Supplemental/NotoSansLepcha-Regular.ttf : NotoSansLepcha-Regular already registered in fonts database. Skipping.
2025-10-13 00:42:30,643 INFO /System/Library/Fonts/Supplemental/NotoSansLepcha-Regular.ttf : NotoSansLepcha-Regular already registered in fonts database. Skipping.
2025-10-13 00:42:30,652 INFO /System/Library/Fonts/Supplemental/NotoSansLimbu-Regular.ttf : NotoSansLimbu-Regular already registered in fonts database. Skipping.
2025-10-13 00:42:30,661 INFO /System/Library/Fonts/Supplemental/NotoSansLimbu-Regular.ttf : NotoSansLimbu-Regular already registered in fonts database. Skipping.
2025-10-13 00:42:30,684 INFO /System/Library/Fonts/Supplemental/NotoSansLinearA-Regular.ttf : NotoSansLinearA-Regular already registered in fonts database. Skipping.
2025-10-13 00:42:30,706 INFO /System/Library/Fonts/Supplemental/NotoSansLinearA-Regular.ttf : NotoSansLinearA-Regular already registered in fonts database. Skipping.
2025-10-13 00:42:30,734 INFO /System/Library/Fonts/Supplemental/NotoSansLinearB-Regular.ttf : NotoSansLinearB-Regular already registered in fonts database. Skipping.
2025-10-13 00:42:30,763 INFO /System/Library/Fonts/Supplemental/NotoSansLinearB-Regular.ttf : NotoSansLinearB-Regular already registered in fonts database. Skipping.
2025-10-13 00:42:30,771 INFO /System/Library/Fonts/Supplemental/NotoSansLisu-Regular.ttf : NotoSansLisu-Regular already registered in fonts database. Skipping.
2025-10-13 00:42:30,779 INFO /System/Library/Fonts/Supplemental/NotoSansLisu-Regular.ttf : NotoSansLisu-Regular already registered in fonts database. Skipping.
2025-10-13 00:42:30,786 INFO /System/Library/Fonts/Supplemental/NotoSansLycian-Regular.ttf : NotoSansLycian-Regular already registered in fonts database. Skipping.
2025-10-13 00:42:30,793 INFO /System/Library/Fonts/Supplemental/NotoSansLycian-Regular.ttf : NotoSansLycian-Regular already registered in fonts database. Skipping.
2025-10-13 00:42:30,800 INFO /System/Library/Fonts/Supplemental/NotoSansLydian-Regular.ttf : NotoSansLydian-Regular already registered in fonts database. Skipping.
2025-10-13 00:42:30,807 INFO /System/Library/Fonts/Supplemental/NotoSansLydian-Regular.ttf : NotoSansLydian-Regular already registered in fonts database. Skipping.
2025-10-13 00:42:30,818 INFO /System/Library/Fonts/Supplemental/NotoSansMahajani-Regular.ttf : NotoSansMahajani-Regular already registered in fonts database. Skipping.
2025-10-13 00:42:30,829 INFO /System/Library/Fonts/Supplemental/NotoSansMahajani-Regular.ttf : NotoSansMahajani-Regular already registered in fonts database. Skipping.
2025-10-13 00:42:30,842 INFO /System/Library/Fonts/Supplemental/NotoSansMandaic-Regular.ttf : NotoSansMandaic-Regular already registered in fonts database. Skipping.
2025-10-13 00:42:30,854 INFO /System/Library/Fonts/Supplemental/NotoSansMandaic-Regular.ttf : NotoSansMandaic-Regular already registered in fonts database. Skipping.
2025-10-13 00:42:30,869 INFO /System/Library/Fonts/Supplemental/NotoSansManichaean-Regular.ttf : NotoSansManichaean-Regular already registered in fonts database. Skipping.
2025-10-13 00:42:30,884 INFO /System/Library/Fonts/Supplemental/NotoSansManichaean-Regular.ttf : NotoSansManichaean-Regular already registered in fonts database. Skipping.
2025-10-13 00:42:30,914 INFO /System/Library/Fonts/Supplemental/NotoSansMarchen-Regular.ttf : NotoSansMarchen-Regular already registered in fonts database. Skipping.
2025-10-13 00:42:30,945 INFO /System/Library/Fonts/Supplemental/NotoSansMarchen-Regular.ttf : NotoSansMarchen-Regular already registered in fonts database. Skipping.
2025-10-13 00:42:30,957 INFO /System/Library/Fonts/Supplemental/NotoSansMeeteiMayek-Regular.ttf : NotoSansMeeteiMayek-Regular already registered in fonts database. Skipping.
2025-10-13 00:42:30,967 INFO /System/Library/Fonts/Supplemental/NotoSansMeeteiMayek-Regular.ttf : NotoSansMeeteiMayek-Regular already registered in fonts database. Skipping.
2025-10-13 00:42:30,985 INFO /System/Library/Fonts/Supplemental/NotoSansMendeKikakui-Regular.ttf : NotoSansMendeKikakui-Regular already registered in fonts database. Skipping.
2025-10-13 00:42:31,001 INFO /System/Library/Fonts/Supplemental/NotoSansMendeKikakui-Regular.ttf : NotoSansMendeKikakui-Regular already registered in fonts database. Skipping.
2025-10-13 00:42:31,019 INFO /System/Library/Fonts/Supplemental/NotoSansMeroitic-Regular.ttf : NotoSansMeroitic-Regular already registered in fonts database. Skipping.
2025-10-13 00:42:31,035 INFO /System/Library/Fonts/Supplemental/NotoSansMeroitic-Regular.ttf : NotoSansMeroitic-Regular already registered in fonts database. Skipping.
2025-10-13 00:42:31,050 INFO /System/Library/Fonts/Supplemental/NotoSansMiao-Regular.ttf : NotoSansMiao-Regular already registered in fonts database. Skipping.
2025-10-13 00:42:31,064 INFO /System/Library/Fonts/Supplemental/NotoSansMiao-Regular.ttf : NotoSansMiao-Regular already registered in fonts database. Skipping.
2025-10-13 00:42:31,081 INFO /System/Library/Fonts/Supplemental/NotoSansModi-Regular.ttf : NotoSansModi-Regular already registered in fonts database. Skipping.
2025-10-13 00:42:31,097 INFO /System/Library/Fonts/Supplemental/NotoSansModi-Regular.ttf : NotoSansModi-Regular already registered in fonts database. Skipping.
2025-10-13 00:42:31,159 INFO /System/Library/Fonts/Supplemental/NotoSansMongolian-Regular.ttf : NotoSansMongolian-Regular already registered in fonts database. Skipping.
2025-10-13 00:42:31,222 INFO /System/Library/Fonts/Supplemental/NotoSansMongolian-Regular.ttf : NotoSansMongolian-Regular already registered in fonts database. Skipping.
2025-10-13 00:42:31,230 INFO /System/Library/Fonts/Supplemental/NotoSansMro-Regular.ttf : NotoSansMro-Regular already registered in fonts database. Skipping.
2025-10-13 00:42:31,237 INFO /System/Library/Fonts/Supplemental/NotoSansMro-Regular.ttf : NotoSansMro-Regular already registered in fonts database. Skipping.
2025-10-13 00:42:31,246 INFO /System/Library/Fonts/Supplemental/NotoSansMultani-Regular.ttf : NotoSansMultani-Regular already registered in fonts database. Skipping.
2025-10-13 00:42:31,255 INFO /System/Library/Fonts/Supplemental/NotoSansMultani-Regular.ttf : NotoSansMultani-Regular already registered in fonts database. Skipping.
2025-10-13 00:42:31,264 INFO /System/Library/Fonts/Supplemental/NotoSansNabataean-Regular.ttf : NotoSansNabataean-Regular already registered in fonts database. Skipping.
2025-10-13 00:42:31,272 INFO /System/Library/Fonts/Supplemental/NotoSansNabataean-Regular.ttf : NotoSansNabataean-Regular already registered in fonts database. Skipping.
2025-10-13 00:42:31,308 INFO /System/Library/Fonts/Supplemental/NotoSansNewa-Regular.ttf : NotoSansNewa-Regular already registered in fonts database. Skipping.
2025-10-13 00:42:31,344 INFO /System/Library/Fonts/Supplemental/NotoSansNewa-Regular.ttf : NotoSansNewa-Regular already registered in fonts database. Skipping.
2025-10-13 00:42:31,357 INFO /System/Library/Fonts/Supplemental/NotoSansNewTaiLue-Regular.ttf : NotoSansNewTaiLue-Regular already registered in fonts database. Skipping.
2025-10-13 00:42:31,369 INFO /System/Library/Fonts/Supplemental/NotoSansNewTaiLue-Regular.ttf : NotoSansNewTaiLue-Regular already registered in fonts database. Skipping.
2025-10-13 00:42:31,379 INFO /System/Library/Fonts/Supplemental/NotoSansNKo-Regular.ttf : NotoSansNKo-Regular already registered in fonts database. Skipping.
2025-10-13 00:42:31,389 INFO /System/Library/Fonts/Supplemental/NotoSansNKo-Regular.ttf : NotoSansNKo-Regular already registered in fonts database. Skipping.
2025-10-13 00:42:31,399 INFO /System/Library/Fonts/Supplemental/NotoSansOlChiki-Regular.ttf : NotoSansOlChiki-Regular already registered in fonts database. Skipping.
2025-10-13 00:42:31,408 INFO /System/Library/Fonts/Supplemental/NotoSansOlChiki-Regular.ttf : NotoSansOlChiki-Regular already registered in fonts database. Skipping.
2025-10-13 00:42:31,420 INFO /System/Library/Fonts/Supplemental/NotoSansOldHungarian-Regular.ttf : NotoSansOldHungarian-Regular already registered in fonts database. Skipping.
2025-10-13 00:42:31,431 INFO /System/Library/Fonts/Supplemental/NotoSansOldHungarian-Regular.ttf : NotoSansOldHungarian-Regular already registered in fonts database. Skipping.
2025-10-13 00:42:31,439 INFO /System/Library/Fonts/Supplemental/NotoSansOldItalic-Regular.ttf : NotoSansOldItalic-Regular already registered in fonts database. Skipping.
2025-10-13 00:42:31,446 INFO /System/Library/Fonts/Supplemental/NotoSansOldItalic-Regular.ttf : NotoSansOldItalic-Regular already registered in fonts database. Skipping.
2025-10-13 00:42:31,454 INFO /System/Library/Fonts/Supplemental/NotoSansOldNorthArabian-Regular.ttf : NotoSansOldNorthArabian-Regular already registered in fonts database. Skipping.
2025-10-13 00:42:31,462 INFO /System/Library/Fonts/Supplemental/NotoSansOldNorthArabian-Regular.ttf : NotoSansOldNorthArabian-Regular already registered in fonts database. Skipping.
2025-10-13 00:42:31,469 INFO /System/Library/Fonts/Supplemental/NotoSansOldPermic-Regular.ttf : NotoSansOldPermic-Regular already registered in fonts database. Skipping.
2025-10-13 00:42:31,476 INFO /System/Library/Fonts/Supplemental/NotoSansOldPermic-Regular.ttf : NotoSansOldPermic-Regular already registered in fonts database. Skipping.
2025-10-13 00:42:31,485 INFO /System/Library/Fonts/Supplemental/NotoSansOldPersian-Regular.ttf : NotoSansOldPersian-Regular already registered in fonts database. Skipping.
2025-10-13 00:42:31,494 INFO /System/Library/Fonts/Supplemental/NotoSansOldPersian-Regular.ttf : NotoSansOldPersian-Regular already registered in fonts database. Skipping.
2025-10-13 00:42:31,501 INFO /System/Library/Fonts/Supplemental/NotoSansOldSouthArabian-Regular.ttf : NotoSansOldSouthArabian-Regular already registered in fonts database. Skipping.
2025-10-13 00:42:31,507 INFO /System/Library/Fonts/Supplemental/NotoSansOldSouthArabian-Regular.ttf : NotoSansOldSouthArabian-Regular already registered in fonts database. Skipping.
2025-10-13 00:42:31,515 INFO /System/Library/Fonts/Supplemental/NotoSansOldTurkic-Regular.ttf : NotoSansOldTurkic-Regular already registered in fonts database. Skipping.
2025-10-13 00:42:31,522 INFO /System/Library/Fonts/Supplemental/NotoSansOldTurkic-Regular.ttf : NotoSansOldTurkic-Regular already registered in fonts database. Skipping.
2025-10-13 00:42:31,531 INFO /System/Library/Fonts/Supplemental/NotoSansOsage-Regular.ttf : NotoSansOsage-Regular already registered in fonts database. Skipping.
2025-10-13 00:42:31,540 INFO /System/Library/Fonts/Supplemental/NotoSansOsage-Regular.ttf : NotoSansOsage-Regular already registered in fonts database. Skipping.
2025-10-13 00:42:31,548 INFO /System/Library/Fonts/Supplemental/NotoSansOsmanya-Regular.ttf : NotoSansOsmanya-Regular already registered in fonts database. Skipping.
2025-10-13 00:42:31,556 INFO /System/Library/Fonts/Supplemental/NotoSansOsmanya-Regular.ttf : NotoSansOsmanya-Regular already registered in fonts database. Skipping.
2025-10-13 00:42:31,567 INFO /System/Library/Fonts/Supplemental/NotoSansPahawhHmong-Regular.ttf : NotoSansPahawhHmong-Regular already registered in fonts database. Skipping.
2025-10-13 00:42:31,577 INFO /System/Library/Fonts/Supplemental/NotoSansPahawhHmong-Regular.ttf : NotoSansPahawhHmong-Regular already registered in fonts database. Skipping.
2025-10-13 00:42:31,589 INFO /System/Library/Fonts/Supplemental/NotoSansPalmyrene-Regular.ttf : NotoSansPalmyrene-Regular already registered in fonts database. Skipping.
2025-10-13 00:42:31,601 INFO /System/Library/Fonts/Supplemental/NotoSansPalmyrene-Regular.ttf : NotoSansPalmyrene-Regular already registered in fonts database. Skipping.
2025-10-13 00:42:31,609 INFO /System/Library/Fonts/Supplemental/NotoSansPauCinHau-Regular.ttf : NotoSansPauCinHau-Regular already registered in fonts database. Skipping.
2025-10-13 00:42:31,616 INFO /System/Library/Fonts/Supplemental/NotoSansPauCinHau-Regular.ttf : NotoSansPauCinHau-Regular already registered in fonts database. Skipping.
2025-10-13 00:42:31,629 INFO /System/Library/Fonts/Supplemental/NotoSansPhagsPa-Regular.ttf : NotoSansPhagsPa-Regular already registered in fonts database. Skipping.
2025-10-13 00:42:31,642 INFO /System/Library/Fonts/Supplemental/NotoSansPhagsPa-Regular.ttf : NotoSansPhagsPa-Regular already registered in fonts database. Skipping.
2025-10-13 00:42:31,650 INFO /System/Library/Fonts/Supplemental/NotoSansPhoenician-Regular.ttf : NotoSansPhoenician-Regular already registered in fonts database. Skipping.
2025-10-13 00:42:31,658 INFO /System/Library/Fonts/Supplemental/NotoSansPhoenician-Regular.ttf : NotoSansPhoenician-Regular already registered in fonts database. Skipping.
2025-10-13 00:42:31,670 INFO /System/Library/Fonts/Supplemental/NotoSansPsalterPahlavi-Regular.ttf : NotoSansPsalterPahlavi-Regular already registered in fonts database. Skipping.
2025-10-13 00:42:31,682 INFO /System/Library/Fonts/Supplemental/NotoSansPsalterPahlavi-Regular.ttf : NotoSansPsalterPahlavi-Regular already registered in fonts database. Skipping.
2025-10-13 00:42:31,689 INFO /System/Library/Fonts/Supplemental/NotoSansRejang-Regular.ttf : NotoSansRejang-Regular already registered in fonts database. Skipping.
2025-10-13 00:42:31,695 INFO /System/Library/Fonts/Supplemental/NotoSansRejang-Regular.ttf : NotoSansRejang-Regular already registered in fonts database. Skipping.
2025-10-13 00:42:31,704 INFO /System/Library/Fonts/Supplemental/NotoSansSamaritan-Regular.ttf : NotoSansSamaritan-Regular already registered in fonts database. Skipping.
2025-10-13 00:42:31,713 INFO /System/Library/Fonts/Supplemental/NotoSansSamaritan-Regular.ttf : NotoSansSamaritan-Regular already registered in fonts database. Skipping.
2025-10-13 00:42:31,723 INFO /System/Library/Fonts/Supplemental/NotoSansSaurashtra-Regular.ttf : NotoSansSaurashtra-Regular already registered in fonts database. Skipping.
2025-10-13 00:42:31,733 INFO /System/Library/Fonts/Supplemental/NotoSansSaurashtra-Regular.ttf : NotoSansSaurashtra-Regular already registered in fonts database. Skipping.
2025-10-13 00:42:31,749 INFO /System/Library/Fonts/Supplemental/NotoSansSharada-Regular.ttf : NotoSansSharada-Regular already registered in fonts database. Skipping.
2025-10-13 00:42:31,764 INFO /System/Library/Fonts/Supplemental/NotoSansSharada-Regular.ttf : NotoSansSharada-Regular already registered in fonts database. Skipping.
2025-10-13 00:42:31,772 INFO /System/Library/Fonts/Supplemental/NotoSansSoraSompeng-Regular.ttf : NotoSansSoraSompeng-Regular already registered in fonts database. Skipping.
2025-10-13 00:42:31,779 INFO /System/Library/Fonts/Supplemental/NotoSansSoraSompeng-Regular.ttf : NotoSansSoraSompeng-Regular already registered in fonts database. Skipping.
2025-10-13 00:42:31,788 INFO /System/Library/Fonts/Supplemental/NotoSansSundanese-Regular.ttf : NotoSansSundanese-Regular already registered in fonts database. Skipping.
2025-10-13 00:42:31,797 INFO /System/Library/Fonts/Supplemental/NotoSansSundanese-Regular.ttf : NotoSansSundanese-Regular already registered in fonts database. Skipping.
2025-10-13 00:42:31,808 INFO /System/Library/Fonts/Supplemental/NotoSansSylotiNagri-Regular.ttf : NotoSansSylotiNagri-Regular already registered in fonts database. Skipping.
2025-10-13 00:42:31,817 INFO /System/Library/Fonts/Supplemental/NotoSansSylotiNagri-Regular.ttf : NotoSansSylotiNagri-Regular already registered in fonts database. Skipping.
2025-10-13 00:42:31,836 INFO /System/Library/Fonts/Supplemental/NotoSansSyriac-Regular.ttf : NotoSansSyriac-Regular already registered in fonts database. Skipping.
2025-10-13 00:42:31,855 INFO /System/Library/Fonts/Supplemental/NotoSansSyriac-Regular.ttf : NotoSansSyriac-Regular already registered in fonts database. Skipping.
2025-10-13 00:42:31,863 INFO /System/Library/Fonts/Supplemental/NotoSansTagalog-Regular.ttf : NotoSansTagalog-Regular already registered in fonts database. Skipping.
2025-10-13 00:42:31,870 INFO /System/Library/Fonts/Supplemental/NotoSansTagalog-Regular.ttf : NotoSansTagalog-Regular already registered in fonts database. Skipping.
2025-10-13 00:42:31,879 INFO /System/Library/Fonts/Supplemental/NotoSansTagbanwa-Regular.ttf : NotoSansTagbanwa-Regular already registered in fonts database. Skipping.
2025-10-13 00:42:31,886 INFO /System/Library/Fonts/Supplemental/NotoSansTagbanwa-Regular.ttf : NotoSansTagbanwa-Regular already registered in fonts database. Skipping.
2025-10-13 00:42:31,897 INFO /System/Library/Fonts/Supplemental/NotoSansTaiLe-Regular.ttf : NotoSansTaiLe-Regular already registered in fonts database. Skipping.
2025-10-13 00:42:31,907 INFO /System/Library/Fonts/Supplemental/NotoSansTaiLe-Regular.ttf : NotoSansTaiLe-Regular already registered in fonts database. Skipping.
2025-10-13 00:42:31,926 INFO /System/Library/Fonts/Supplemental/NotoSansTaiTham-Regular.ttf : NotoSansTaiTham already registered in fonts database. Skipping.
2025-10-13 00:42:31,944 INFO /System/Library/Fonts/Supplemental/NotoSansTaiTham-Regular.ttf : NotoSansTaiTham already registered in fonts database. Skipping.
2025-10-13 00:42:31,957 INFO /System/Library/Fonts/Supplemental/NotoSansTaiViet-Regular.ttf : NotoSansTaiViet-Regular already registered in fonts database. Skipping.
2025-10-13 00:42:31,970 INFO /System/Library/Fonts/Supplemental/NotoSansTaiViet-Regular.ttf : NotoSansTaiViet-Regular already registered in fonts database. Skipping.
2025-10-13 00:42:31,980 INFO /System/Library/Fonts/Supplemental/NotoSansTakri-Regular.ttf : NotoSansTakri-Regular already registered in fonts database. Skipping.
2025-10-13 00:42:31,989 INFO /System/Library/Fonts/Supplemental/NotoSansTakri-Regular.ttf : NotoSansTakri-Regular already registered in fonts database. Skipping.
2025-10-13 00:42:32,002 INFO /System/Library/Fonts/Supplemental/NotoSansThaana-Regular.ttf : NotoSansThaana-Regular already registered in fonts database. Skipping.
2025-10-13 00:42:32,015 INFO /System/Library/Fonts/Supplemental/NotoSansThaana-Regular.ttf : NotoSansThaana-Regular already registered in fonts database. Skipping.
2025-10-13 00:42:32,034 INFO /System/Library/Fonts/Supplemental/NotoSansTirhuta-Regular.ttf : NotoSansTirhuta-Regular already registered in fonts database. Skipping.
2025-10-13 00:42:32,052 INFO /System/Library/Fonts/Supplemental/NotoSansTirhuta-Regular.ttf : NotoSansTirhuta-Regular already registered in fonts database. Skipping.
2025-10-13 00:42:32,060 INFO /System/Library/Fonts/Supplemental/NotoSansUgaritic-Regular.ttf : NotoSansUgaritic-Regular already registered in fonts database. Skipping.
2025-10-13 00:42:32,068 INFO /System/Library/Fonts/Supplemental/NotoSansUgaritic-Regular.ttf : NotoSansUgaritic-Regular already registered in fonts database. Skipping.
2025-10-13 00:42:32,088 INFO /System/Library/Fonts/Supplemental/NotoSansVai-Regular.ttf : NotoSansVai-Regular already registered in fonts database. Skipping.
2025-10-13 00:42:32,108 INFO /System/Library/Fonts/Supplemental/NotoSansVai-Regular.ttf : NotoSansVai-Regular already registered in fonts database. Skipping.
2025-10-13 00:42:32,117 INFO /System/Library/Fonts/Supplemental/NotoSansWancho-Regular.ttf : NotoSansWancho-Regular already registered in fonts database. Skipping.
2025-10-13 00:42:32,127 INFO /System/Library/Fonts/Supplemental/NotoSansWancho-Regular.ttf : NotoSansWancho-Regular already registered in fonts database. Skipping.
2025-10-13 00:42:32,137 INFO /System/Library/Fonts/Supplemental/NotoSansWarangCiti-Regular.ttf : NotoSansWarangCiti-Regular already registered in fonts database. Skipping.
2025-10-13 00:42:32,148 INFO /System/Library/Fonts/Supplemental/NotoSansWarangCiti-Regular.ttf : NotoSansWarangCiti-Regular already registered in fonts database. Skipping.
2025-10-13 00:42:32,203 INFO /System/Library/Fonts/Supplemental/NotoSansYi-Regular.ttf : NotoSansYi-Regular already registered in fonts database. Skipping.
2025-10-13 00:42:32,259 INFO /System/Library/Fonts/Supplemental/NotoSansYi-Regular.ttf : NotoSansYi-Regular already registered in fonts database. Skipping.
2025-10-13 00:42:32,272 INFO /System/Library/Fonts/Supplemental/NotoSerifAhom-Regular.ttf : NotoSerifAhom-Regular already registered in fonts database. Skipping.
2025-10-13 00:42:32,284 INFO /System/Library/Fonts/Supplemental/NotoSerifAhom-Regular.ttf : NotoSerifAhom-Regular already registered in fonts database. Skipping.
2025-10-13 00:42:32,314 INFO /System/Library/Fonts/Supplemental/NotoSerifBalinese-Regular.ttf : NotoSerifBalinese-Regular already registered in fonts database. Skipping.
2025-10-13 00:42:32,343 INFO /System/Library/Fonts/Supplemental/NotoSerifBalinese-Regular.ttf : NotoSerifBalinese-Regular already registered in fonts database. Skipping.
2025-10-13 00:42:32,352 INFO /System/Library/Fonts/Supplemental/NotoSerifNyiakengPuachueHmong-Regular.ttf : NotoSerifHmongNyiakeng-Regular already registered in fonts database. Skipping.
2025-10-13 00:42:32,361 INFO /System/Library/Fonts/Supplemental/NotoSerifNyiakengPuachueHmong-Regular.ttf : NotoSerifHmongNyiakeng-Regular already registered in fonts database. Skipping.
2025-10-13 00:42:32,586 INFO /System/Library/Fonts/Supplemental/PartyLET-plain.ttf : PartyLetPlain already registered in fonts database. Skipping.
2025-10-13 00:42:32,792 INFO /System/Library/Fonts/Supplemental/PartyLET-plain.ttf : PartyLetPlain already registered in fonts database. Skipping.
2025-10-13 00:42:32,872 INFO /System/Library/Fonts/Supplemental/PlantagenetCherokee.ttf : No FontName. Skipping.
2025-10-13 00:42:32,918 INFO /System/Library/Fonts/Supplemental/PlantagenetCherokee.ttf : No FontName. Skipping.
2025-10-13 00:42:32,959 INFO /System/Library/Fonts/Supplemental/Sathu.ttf : No FontName. Skipping.
2025-10-13 00:42:32,999 INFO /System/Library/Fonts/Supplemental/Sathu.ttf : No FontName. Skipping.
2025-10-13 00:42:33,024 INFO /System/Library/Fonts/Supplemental/Silom.ttf : No FontName. Skipping.
2025-10-13 00:42:33,047 INFO /System/Library/Fonts/Supplemental/Silom.ttf : No FontName. Skipping.
2025-10-13 00:42:33,075 INFO /System/Library/Fonts/Supplemental/Skia.ttf : No FontName. Skipping.
2025-10-13 00:42:33,103 INFO /System/Library/Fonts/Supplemental/Skia.ttf : No FontName. Skipping.
2025-10-13 00:42:33,239 INFO /System/Library/Fonts/Supplemental/STIXTwoText-Italic.ttf : STIXTwoText-Italic already registered in fonts database. Skipping.
2025-10-13 00:42:33,383 INFO /System/Library/Fonts/Supplemental/STIXTwoText-Italic.ttf : STIXTwoText-Italic already registered in fonts database. Skipping.
2025-10-13 00:42:33,502 INFO /System/Library/Fonts/Supplemental/STIXTwoText.ttf : STIXTwoText already registered in fonts database. Skipping.
2025-10-13 00:42:33,622 INFO /System/Library/Fonts/Supplemental/STIXTwoText.ttf : STIXTwoText already registered in fonts database. Skipping.
2025-10-13 00:42:33,717 INFO /System/Library/Fonts/Supplemental/Tahoma Bold.ttf : Tahoma-Bold already registered in fonts database. Skipping.
2025-10-13 00:42:34,074 INFO /System/Library/Fonts/Supplemental/Tahoma Bold.ttf : Tahoma-Bold already registered in fonts database. Skipping.
2025-10-13 00:42:34,199 INFO /System/Library/Fonts/Supplemental/Tahoma.ttf : Tahoma already registered in fonts database. Skipping.
2025-10-13 00:42:34,304 INFO /System/Library/Fonts/Supplemental/Tahoma.ttf : Tahoma already registered in fonts database. Skipping.
2025-10-13 00:42:34,408 INFO /System/Library/Fonts/Supplemental/Times New Roman Bold Italic.ttf : TimesNewRomanPS-BoldItalicMT already registered in fonts database. Skipping.
2025-10-13 00:42:34,510 INFO /System/Library/Fonts/Supplemental/Times New Roman Bold Italic.ttf : TimesNewRomanPS-BoldItalicMT already registered in fonts database. Skipping.
2025-10-13 00:42:34,659 INFO /System/Library/Fonts/Supplemental/Times New Roman Bold.ttf : TimesNewRomanPS-BoldMT already registered in fonts database. Skipping.
2025-10-13 00:42:34,809 INFO /System/Library/Fonts/Supplemental/Times New Roman Bold.ttf : TimesNewRomanPS-BoldMT already registered in fonts database. Skipping.
2025-10-13 00:42:34,918 INFO /System/Library/Fonts/Supplemental/Times New Roman Italic.ttf : TimesNewRomanPS-ItalicMT already registered in fonts database. Skipping.
2025-10-13 00:42:35,028 INFO /System/Library/Fonts/Supplemental/Times New Roman Italic.ttf : TimesNewRomanPS-ItalicMT already registered in fonts database. Skipping.
2025-10-13 00:42:35,186 INFO /System/Library/Fonts/Supplemental/Times New Roman.ttf : TimesNewRomanPSMT already registered in fonts database. Skipping.
2025-10-13 00:42:35,392 INFO /System/Library/Fonts/Supplemental/Times New Roman.ttf : TimesNewRomanPSMT already registered in fonts database. Skipping.
2025-10-13 00:42:37,340 INFO /System/Library/Fonts/Supplemental/Trattatello.ttf : Trattatello already registered in fonts database. Skipping.
2025-10-13 00:42:39,240 INFO /System/Library/Fonts/Supplemental/Trattatello.ttf : Trattatello already registered in fonts database. Skipping.
2025-10-13 00:42:39,257 INFO /System/Library/Fonts/Supplemental/Trebuchet MS Bold Italic.ttf : Trebuchet-BoldItalic already registered in fonts database. Skipping.
2025-10-13 00:42:39,273 INFO /System/Library/Fonts/Supplemental/Trebuchet MS Bold Italic.ttf : Trebuchet-BoldItalic already registered in fonts database. Skipping.
2025-10-13 00:42:39,287 INFO /System/Library/Fonts/Supplemental/Trebuchet MS Bold.ttf : TrebuchetMS-Bold already registered in fonts database. Skipping.
2025-10-13 00:42:39,301 INFO /System/Library/Fonts/Supplemental/Trebuchet MS Bold.ttf : TrebuchetMS-Bold already registered in fonts database. Skipping.
2025-10-13 00:42:39,316 INFO /System/Library/Fonts/Supplemental/Trebuchet MS Italic.ttf : TrebuchetMS-Italic already registered in fonts database. Skipping.
2025-10-13 00:42:39,330 INFO /System/Library/Fonts/Supplemental/Trebuchet MS Italic.ttf : TrebuchetMS-Italic already registered in fonts database. Skipping.
2025-10-13 00:42:39,344 INFO /System/Library/Fonts/Supplemental/Trebuchet MS.ttf : TrebuchetMS already registered in fonts database. Skipping.
2025-10-13 00:42:39,357 INFO /System/Library/Fonts/Supplemental/Trebuchet MS.ttf : TrebuchetMS already registered in fonts database. Skipping.
2025-10-13 00:42:39,378 INFO /System/Library/Fonts/Supplemental/Verdana Bold Italic.ttf : Verdana-BoldItalic already registered in fonts database. Skipping.
2025-10-13 00:42:39,400 INFO /System/Library/Fonts/Supplemental/Verdana Bold Italic.ttf : Verdana-BoldItalic already registered in fonts database. Skipping.
2025-10-13 00:42:39,424 INFO /System/Library/Fonts/Supplemental/Verdana Bold.ttf : Verdana-Bold already registered in fonts database. Skipping.
2025-10-13 00:42:39,447 INFO /System/Library/Fonts/Supplemental/Verdana Bold.ttf : Verdana-Bold already registered in fonts database. Skipping.
2025-10-13 00:42:39,469 INFO /System/Library/Fonts/Supplemental/Verdana Italic.ttf : Verdana-Italic already registered in fonts database. Skipping.
2025-10-13 00:42:39,492 INFO /System/Library/Fonts/Supplemental/Verdana Italic.ttf : Verdana-Italic already registered in fonts database. Skipping.
2025-10-13 00:42:39,516 INFO /System/Library/Fonts/Supplemental/Verdana.ttf : Verdana already registered in fonts database. Skipping.
2025-10-13 00:42:39,540 INFO /System/Library/Fonts/Supplemental/Verdana.ttf : Verdana already registered in fonts database. Skipping.
2025-10-13 00:42:39,568 INFO /System/Library/Fonts/Supplemental/Webdings.ttf : Webdings already registered in fonts database. Skipping.
2025-10-13 00:42:39,600 INFO /System/Library/Fonts/Supplemental/Webdings.ttf : Webdings already registered in fonts database. Skipping.
2025-10-13 00:42:39,618 INFO /System/Library/Fonts/Supplemental/Wingdings 2.ttf : Wingdings2 already registered in fonts database. Skipping.
2025-10-13 00:42:39,630 INFO /System/Library/Fonts/Supplemental/Wingdings 2.ttf : Wingdings2 already registered in fonts database. Skipping.
2025-10-13 00:42:39,638 INFO /System/Library/Fonts/Supplemental/Wingdings 3.ttf : Wingdings3 already registered in fonts database. Skipping.
2025-10-13 00:42:39,646 INFO /System/Library/Fonts/Supplemental/Wingdings 3.ttf : Wingdings3 already registered in fonts database. Skipping.
2025-10-13 00:42:39,660 INFO /System/Library/Fonts/Supplemental/Wingdings.ttf : Wingdings-Regular already registered in fonts database. Skipping.
2025-10-13 00:42:39,674 INFO /System/Library/Fonts/Supplemental/Wingdings.ttf : Wingdings-Regular already registered in fonts database. Skipping.
2025-10-13 00:42:40,052 INFO /System/Library/Fonts/Supplemental/Zapfino.ttf : No FontName. Skipping.
2025-10-13 00:42:40,434 INFO /System/Library/Fonts/Supplemental/Zapfino.ttf : No FontName. Skipping.
2025-10-13 00:42:40,444 INFO /System/Library/Fonts/Symbol.ttf : No FontName. Skipping.
2025-10-13 00:42:40,456 INFO /System/Library/Fonts/ZapfDingbats.ttf : No FontName. Skipping.
2025-10-13 00:42:40,456 INFO Found FontName for 0 fonts.
2025-10-13 00:42:40,457 INFO Scanning afm files in /Library/Frameworks/R.framework/Versions/4.5-arm64/Resources/library/extrafontdb/metrics
2025-10-13 00:42:40,551 INFO .Keyboard already registered with pdfFont().
2025-10-13 00:42:40,551 INFO .New York already registered with pdfFont().
2025-10-13 00:42:40,551 INFO .SF Arabic already registered with pdfFont().
2025-10-13 00:42:40,551 INFO .SF Arabic Rounded already registered with pdfFont().
2025-10-13 00:42:40,551 INFO .SF Armenian already registered with pdfFont().
2025-10-13 00:42:40,551 INFO .SF Armenian Rounded already registered with pdfFont().
2025-10-13 00:42:40,551 INFO .SF Camera already registered with pdfFont().
2025-10-13 00:42:40,551 INFO .SF Compact already registered with pdfFont().
2025-10-13 00:42:40,551 INFO .SF Compact Rounded already registered with pdfFont().
2025-10-13 00:42:40,551 INFO .SF Georgian already registered with pdfFont().
2025-10-13 00:42:40,551 INFO .SF Georgian Rounded already registered with pdfFont().
2025-10-13 00:42:40,551 INFO .SF Hebrew already registered with pdfFont().
2025-10-13 00:42:40,551 INFO .SF Hebrew Rounded already registered with pdfFont().
2025-10-13 00:42:40,551 INFO .SF NS Mono already registered with pdfFont().
2025-10-13 00:42:40,551 INFO .SF NS Rounded already registered with pdfFont().
2025-10-13 00:42:40,551 INFO Academy Engraved LET already registered with pdfFont().
2025-10-13 00:42:40,551 INFO Andale Mono already registered with pdfFont().
2025-10-13 00:42:40,551 INFO More than one version of regular/bold/italic found for Apple Braille. Skipping setup for this font.
2025-10-13 00:42:40,551 INFO AppleMyungjo already registered with pdfFont().
2025-10-13 00:42:40,551 INFO Arial already registered with pdfFont().
2025-10-13 00:42:40,551 INFO Arial Black already registered with pdfFont().
2025-10-13 00:42:40,551 INFO Arial Narrow already registered with pdfFont().
2025-10-13 00:42:40,551 INFO Arial Rounded MT Bold already registered with pdfFont().
2025-10-13 00:42:40,551 INFO Arial Unicode MS already registered with pdfFont().
2025-10-13 00:42:40,551 INFO Bodoni 72 Smallcaps already registered with pdfFont().
2025-10-13 00:42:40,551 INFO Bodoni Ornaments already registered with pdfFont().
2025-10-13 00:42:40,551 INFO No regular (non-bold, non-italic) version of Brush Script MT. Skipping setup for this font.
2025-10-13 00:42:40,551 INFO Comic Sans MS already registered with pdfFont().
2025-10-13 00:42:40,551 INFO Courier New already registered with pdfFont().
2025-10-13 00:42:40,551 INFO No regular (non-bold, non-italic) version of DIN Alternate. Skipping setup for this font.
2025-10-13 00:42:40,551 INFO No regular (non-bold, non-italic) version of DIN Condensed. Skipping setup for this font.
2025-10-13 00:42:40,551 INFO Georgia already registered with pdfFont().
2025-10-13 00:42:40,551 INFO Impact already registered with pdfFont().
2025-10-13 00:42:40,551 INFO Khmer Sangam MN already registered with pdfFont().
2025-10-13 00:42:40,551 INFO Lao Sangam MN already registered with pdfFont().
2025-10-13 00:42:40,551 INFO Luminari already registered with pdfFont().
2025-10-13 00:42:40,551 INFO Microsoft Sans Serif already registered with pdfFont().
2025-10-13 00:42:40,551 INFO Noto Sans Adlam already registered with pdfFont().
2025-10-13 00:42:40,551 INFO Noto Sans Avestan already registered with pdfFont().
2025-10-13 00:42:40,551 INFO Noto Sans Bamum already registered with pdfFont().
2025-10-13 00:42:40,551 INFO Noto Sans Bassa Vah already registered with pdfFont().
2025-10-13 00:42:40,551 INFO Noto Sans Batak already registered with pdfFont().
2025-10-13 00:42:40,551 INFO Noto Sans Bhaiksuki already registered with pdfFont().
2025-10-13 00:42:40,552 INFO Noto Sans Brahmi already registered with pdfFont().
2025-10-13 00:42:40,552 INFO Noto Sans Buginese already registered with pdfFont().
2025-10-13 00:42:40,552 INFO Noto Sans Buhid already registered with pdfFont().
2025-10-13 00:42:40,552 INFO Noto Sans Carian already registered with pdfFont().
2025-10-13 00:42:40,552 INFO Noto Sans CaucAlban already registered with pdfFont().
2025-10-13 00:42:40,552 INFO Noto Sans Chakma already registered with pdfFont().
2025-10-13 00:42:40,552 INFO Noto Sans Cham already registered with pdfFont().
2025-10-13 00:42:40,552 INFO Noto Sans Coptic already registered with pdfFont().
2025-10-13 00:42:40,552 INFO Noto Sans Cuneiform already registered with pdfFont().
2025-10-13 00:42:40,552 INFO Noto Sans Cypriot already registered with pdfFont().
2025-10-13 00:42:40,552 INFO Noto Sans Duployan already registered with pdfFont().
2025-10-13 00:42:40,552 INFO Noto Sans EgyptHiero already registered with pdfFont().
2025-10-13 00:42:40,552 INFO Noto Sans Elbasan already registered with pdfFont().
2025-10-13 00:42:40,552 INFO Noto Sans Glagolitic already registered with pdfFont().
2025-10-13 00:42:40,552 INFO Noto Sans Gothic already registered with pdfFont().
2025-10-13 00:42:40,552 INFO Noto Sans HanifiRohg already registered with pdfFont().
2025-10-13 00:42:40,552 INFO Noto Sans Hanunoo already registered with pdfFont().
2025-10-13 00:42:40,552 INFO Noto Sans Hatran already registered with pdfFont().
2025-10-13 00:42:40,552 INFO Noto Sans ImpAramaic already registered with pdfFont().
2025-10-13 00:42:40,552 INFO Noto Sans InsPahlavi already registered with pdfFont().
2025-10-13 00:42:40,552 INFO Noto Sans InsParthi already registered with pdfFont().
2025-10-13 00:42:40,552 INFO Noto Sans Kaithi already registered with pdfFont().
2025-10-13 00:42:40,552 INFO Noto Sans Kayah Li already registered with pdfFont().
2025-10-13 00:42:40,552 INFO Noto Sans Kharoshthi already registered with pdfFont().
2025-10-13 00:42:40,552 INFO Noto Sans Khojki already registered with pdfFont().
2025-10-13 00:42:40,552 INFO Noto Sans Khudawadi already registered with pdfFont().
2025-10-13 00:42:40,552 INFO Noto Sans Lepcha already registered with pdfFont().
2025-10-13 00:42:40,552 INFO Noto Sans Limbu already registered with pdfFont().
2025-10-13 00:42:40,552 INFO Noto Sans Linear A already registered with pdfFont().
2025-10-13 00:42:40,552 INFO Noto Sans Linear B already registered with pdfFont().
2025-10-13 00:42:40,552 INFO Noto Sans Lisu already registered with pdfFont().
2025-10-13 00:42:40,552 INFO Noto Sans Lycian already registered with pdfFont().
2025-10-13 00:42:40,552 INFO Noto Sans Lydian already registered with pdfFont().
2025-10-13 00:42:40,552 INFO Noto Sans Mahajani already registered with pdfFont().
2025-10-13 00:42:40,552 INFO Noto Sans Mandaic already registered with pdfFont().
2025-10-13 00:42:40,553 INFO Noto Sans Manichaean already registered with pdfFont().
2025-10-13 00:42:40,553 INFO Noto Sans Marchen already registered with pdfFont().
2025-10-13 00:42:40,553 INFO Noto Sans MeeteiMayek already registered with pdfFont().
2025-10-13 00:42:40,553 INFO Noto Sans Mende Kikakui already registered with pdfFont().
2025-10-13 00:42:40,553 INFO Noto Sans Meroitic already registered with pdfFont().
2025-10-13 00:42:40,553 INFO Noto Sans Miao already registered with pdfFont().
2025-10-13 00:42:40,553 INFO Noto Sans Modi already registered with pdfFont().
2025-10-13 00:42:40,553 INFO Noto Sans Mongolian already registered with pdfFont().
2025-10-13 00:42:40,553 INFO Noto Sans Mro already registered with pdfFont().
2025-10-13 00:42:40,553 INFO Noto Sans Multani already registered with pdfFont().
2025-10-13 00:42:40,553 INFO Noto Sans Nabataean already registered with pdfFont().
2025-10-13 00:42:40,553 INFO Noto Sans Newa already registered with pdfFont().
2025-10-13 00:42:40,553 INFO Noto Sans NewTaiLue already registered with pdfFont().
2025-10-13 00:42:40,553 INFO Noto Sans NKo already registered with pdfFont().
2025-10-13 00:42:40,553 INFO Noto Sans Ol Chiki already registered with pdfFont().
2025-10-13 00:42:40,553 INFO No regular (non-bold, non-italic) version of Noto Sans Old Italic. Skipping setup for this font.
2025-10-13 00:42:40,553 INFO Noto Sans Old Permic already registered with pdfFont().
2025-10-13 00:42:40,553 INFO Noto Sans Old Turkic already registered with pdfFont().
2025-10-13 00:42:40,553 INFO Noto Sans OldHung already registered with pdfFont().
2025-10-13 00:42:40,553 INFO Noto Sans OldNorArab already registered with pdfFont().
2025-10-13 00:42:40,553 INFO Noto Sans OldPersian already registered with pdfFont().
2025-10-13 00:42:40,553 INFO Noto Sans OldSouArab already registered with pdfFont().
2025-10-13 00:42:40,553 INFO Noto Sans Osage already registered with pdfFont().
2025-10-13 00:42:40,553 INFO Noto Sans Osmanya already registered with pdfFont().
2025-10-13 00:42:40,553 INFO Noto Sans Pahawh Hmong already registered with pdfFont().
2025-10-13 00:42:40,553 INFO Noto Sans Palmyrene already registered with pdfFont().
2025-10-13 00:42:40,553 INFO Noto Sans PauCinHau already registered with pdfFont().
2025-10-13 00:42:40,553 INFO Noto Sans PhagsPa already registered with pdfFont().
2025-10-13 00:42:40,553 INFO Noto Sans Phoenician already registered with pdfFont().
2025-10-13 00:42:40,553 INFO Noto Sans PsaPahlavi already registered with pdfFont().
2025-10-13 00:42:40,553 INFO Noto Sans Rejang already registered with pdfFont().
2025-10-13 00:42:40,553 INFO Noto Sans Samaritan already registered with pdfFont().
2025-10-13 00:42:40,553 INFO Noto Sans Saurashtra already registered with pdfFont().
2025-10-13 00:42:40,553 INFO Noto Sans Sharada already registered with pdfFont().
2025-10-13 00:42:40,553 INFO Noto Sans SoraSomp already registered with pdfFont().
2025-10-13 00:42:40,553 INFO Noto Sans Sundanese already registered with pdfFont().
2025-10-13 00:42:40,553 INFO Noto Sans Syloti Nagri already registered with pdfFont().
2025-10-13 00:42:40,553 INFO Noto Sans Syriac already registered with pdfFont().
2025-10-13 00:42:40,553 INFO Noto Sans Tagalog already registered with pdfFont().
2025-10-13 00:42:40,554 INFO Noto Sans Tagbanwa already registered with pdfFont().
2025-10-13 00:42:40,554 INFO Noto Sans Tai Le already registered with pdfFont().
2025-10-13 00:42:40,554 INFO Noto Sans Tai Tham already registered with pdfFont().
2025-10-13 00:42:40,554 INFO Noto Sans Tai Viet already registered with pdfFont().
2025-10-13 00:42:40,554 INFO Noto Sans Takri already registered with pdfFont().
2025-10-13 00:42:40,554 INFO Noto Sans Thaana already registered with pdfFont().
2025-10-13 00:42:40,554 INFO Noto Sans Tirhuta already registered with pdfFont().
2025-10-13 00:42:40,554 INFO Noto Sans Ugaritic already registered with pdfFont().
2025-10-13 00:42:40,554 INFO Noto Sans Vai already registered with pdfFont().
2025-10-13 00:42:40,554 INFO Noto Sans Wancho already registered with pdfFont().
2025-10-13 00:42:40,554 INFO Noto Sans WarangCiti already registered with pdfFont().
2025-10-13 00:42:40,554 INFO Noto Sans Yi already registered with pdfFont().
2025-10-13 00:42:40,554 INFO Noto Serif Ahom already registered with pdfFont().
2025-10-13 00:42:40,554 INFO Noto Serif Balinese already registered with pdfFont().
2025-10-13 00:42:40,554 INFO Noto Serif Hmong Nyiakeng already registered with pdfFont().
2025-10-13 00:42:40,554 INFO Party LET already registered with pdfFont().
2025-10-13 00:42:40,554 INFO STIX Two Text already registered with pdfFont().
2025-10-13 00:42:40,554 INFO System Font already registered with pdfFont().
2025-10-13 00:42:40,554 INFO Tahoma already registered with pdfFont().
2025-10-13 00:42:40,554 INFO Times New Roman already registered with pdfFont().
2025-10-13 00:42:40,554 INFO Trattatello already registered with pdfFont().
2025-10-13 00:42:40,554 INFO Trebuchet MS already registered with pdfFont().
2025-10-13 00:42:40,554 INFO Verdana already registered with pdfFont().
2025-10-13 00:42:40,554 INFO Webdings already registered with pdfFont().
2025-10-13 00:42:40,554 INFO Wingdings already registered with pdfFont().
2025-10-13 00:42:40,554 INFO Wingdings 2 already registered with pdfFont().
2025-10-13 00:42:40,554 INFO Wingdings 3 already registered with pdfFont().
2025-10-13 00:42:40,558 INFO .Keyboard already registered with postscriptFont().
2025-10-13 00:42:40,559 INFO .New York already registered with postscriptFont().
2025-10-13 00:42:40,559 INFO .SF Arabic already registered with postscriptFont().
2025-10-13 00:42:40,559 INFO .SF Arabic Rounded already registered with postscriptFont().
2025-10-13 00:42:40,559 INFO .SF Armenian already registered with postscriptFont().
2025-10-13 00:42:40,559 INFO .SF Armenian Rounded already registered with postscriptFont().
2025-10-13 00:42:40,559 INFO .SF Camera already registered with postscriptFont().
2025-10-13 00:42:40,559 INFO .SF Compact already registered with postscriptFont().
2025-10-13 00:42:40,559 INFO .SF Compact Rounded already registered with postscriptFont().
2025-10-13 00:42:40,559 INFO .SF Georgian already registered with postscriptFont().
2025-10-13 00:42:40,559 INFO .SF Georgian Rounded already registered with postscriptFont().
2025-10-13 00:42:40,559 INFO .SF Hebrew already registered with postscriptFont().
2025-10-13 00:42:40,559 INFO .SF Hebrew Rounded already registered with postscriptFont().
2025-10-13 00:42:40,559 INFO .SF NS Mono already registered with postscriptFont().
2025-10-13 00:42:40,559 INFO .SF NS Rounded already registered with postscriptFont().
2025-10-13 00:42:40,559 INFO Academy Engraved LET already registered with postscriptFont().
2025-10-13 00:42:40,559 INFO Andale Mono already registered with postscriptFont().
2025-10-13 00:42:40,559 INFO More than one version of regular/bold/italic found for Apple Braille. Skipping setup for this font.
2025-10-13 00:42:40,559 INFO AppleMyungjo already registered with postscriptFont().
2025-10-13 00:42:40,559 INFO Arial already registered with postscriptFont().
2025-10-13 00:42:40,559 INFO Arial Black already registered with postscriptFont().
2025-10-13 00:42:40,559 INFO Arial Narrow already registered with postscriptFont().
2025-10-13 00:42:40,559 INFO Arial Rounded MT Bold already registered with postscriptFont().
2025-10-13 00:42:40,559 INFO Arial Unicode MS already registered with postscriptFont().
2025-10-13 00:42:40,559 INFO Bodoni 72 Smallcaps already registered with postscriptFont().
2025-10-13 00:42:40,559 INFO Bodoni Ornaments already registered with postscriptFont().
2025-10-13 00:42:40,559 INFO No regular (non-bold, non-italic) version of Brush Script MT. Skipping setup for this font.
2025-10-13 00:42:40,559 INFO Comic Sans MS already registered with postscriptFont().
2025-10-13 00:42:40,559 INFO Courier New already registered with postscriptFont().
2025-10-13 00:42:40,559 INFO No regular (non-bold, non-italic) version of DIN Alternate. Skipping setup for this font.
2025-10-13 00:42:40,559 INFO No regular (non-bold, non-italic) version of DIN Condensed. Skipping setup for this font.
2025-10-13 00:42:40,559 INFO Georgia already registered with postscriptFont().
2025-10-13 00:42:40,559 INFO Impact already registered with postscriptFont().
2025-10-13 00:42:40,559 INFO Khmer Sangam MN already registered with postscriptFont().
2025-10-13 00:42:40,559 INFO Lao Sangam MN already registered with postscriptFont().
2025-10-13 00:42:40,559 INFO Luminari already registered with postscriptFont().
2025-10-13 00:42:40,559 INFO Microsoft Sans Serif already registered with postscriptFont().
2025-10-13 00:42:40,559 INFO Noto Sans Adlam already registered with postscriptFont().
2025-10-13 00:42:40,559 INFO Noto Sans Avestan already registered with postscriptFont().
2025-10-13 00:42:40,559 INFO Noto Sans Bamum already registered with postscriptFont().
2025-10-13 00:42:40,559 INFO Noto Sans Bassa Vah already registered with postscriptFont().
2025-10-13 00:42:40,559 INFO Noto Sans Batak already registered with postscriptFont().
2025-10-13 00:42:40,560 INFO Noto Sans Bhaiksuki already registered with postscriptFont().
2025-10-13 00:42:40,560 INFO Noto Sans Brahmi already registered with postscriptFont().
2025-10-13 00:42:40,560 INFO Noto Sans Buginese already registered with postscriptFont().
2025-10-13 00:42:40,560 INFO Noto Sans Buhid already registered with postscriptFont().
2025-10-13 00:42:40,560 INFO Noto Sans Carian already registered with postscriptFont().
2025-10-13 00:42:40,560 INFO Noto Sans CaucAlban already registered with postscriptFont().
2025-10-13 00:42:40,560 INFO Noto Sans Chakma already registered with postscriptFont().
2025-10-13 00:42:40,560 INFO Noto Sans Cham already registered with postscriptFont().
2025-10-13 00:42:40,560 INFO Noto Sans Coptic already registered with postscriptFont().
2025-10-13 00:42:40,560 INFO Noto Sans Cuneiform already registered with postscriptFont().
2025-10-13 00:42:40,560 INFO Noto Sans Cypriot already registered with postscriptFont().
2025-10-13 00:42:40,560 INFO Noto Sans Duployan already registered with postscriptFont().
2025-10-13 00:42:40,560 INFO Noto Sans EgyptHiero already registered with postscriptFont().
2025-10-13 00:42:40,560 INFO Noto Sans Elbasan already registered with postscriptFont().
2025-10-13 00:42:40,560 INFO Noto Sans Glagolitic already registered with postscriptFont().
2025-10-13 00:42:40,560 INFO Noto Sans Gothic already registered with postscriptFont().
2025-10-13 00:42:40,560 INFO Noto Sans HanifiRohg already registered with postscriptFont().
2025-10-13 00:42:40,560 INFO Noto Sans Hanunoo already registered with postscriptFont().
2025-10-13 00:42:40,560 INFO Noto Sans Hatran already registered with postscriptFont().
2025-10-13 00:42:40,560 INFO Noto Sans ImpAramaic already registered with postscriptFont().
2025-10-13 00:42:40,560 INFO Noto Sans InsPahlavi already registered with postscriptFont().
2025-10-13 00:42:40,560 INFO Noto Sans InsParthi already registered with postscriptFont().
2025-10-13 00:42:40,560 INFO Noto Sans Kaithi already registered with postscriptFont().
2025-10-13 00:42:40,560 INFO Noto Sans Kayah Li already registered with postscriptFont().
2025-10-13 00:42:40,560 INFO Noto Sans Kharoshthi already registered with postscriptFont().
2025-10-13 00:42:40,560 INFO Noto Sans Khojki already registered with postscriptFont().
2025-10-13 00:42:40,560 INFO Noto Sans Khudawadi already registered with postscriptFont().
2025-10-13 00:42:40,560 INFO Noto Sans Lepcha already registered with postscriptFont().
2025-10-13 00:42:40,560 INFO Noto Sans Limbu already registered with postscriptFont().
2025-10-13 00:42:40,560 INFO Noto Sans Linear A already registered with postscriptFont().
2025-10-13 00:42:40,560 INFO Noto Sans Linear B already registered with postscriptFont().
2025-10-13 00:42:40,560 INFO Noto Sans Lisu already registered with postscriptFont().
2025-10-13 00:42:40,560 INFO Noto Sans Lycian already registered with postscriptFont().
2025-10-13 00:42:40,560 INFO Noto Sans Lydian already registered with postscriptFont().
2025-10-13 00:42:40,560 INFO Noto Sans Mahajani already registered with postscriptFont().
2025-10-13 00:42:40,560 INFO Noto Sans Mandaic already registered with postscriptFont().
2025-10-13 00:42:40,561 INFO Noto Sans Manichaean already registered with postscriptFont().
2025-10-13 00:42:40,561 INFO Noto Sans Marchen already registered with postscriptFont().
2025-10-13 00:42:40,561 INFO Noto Sans MeeteiMayek already registered with postscriptFont().
2025-10-13 00:42:40,561 INFO Noto Sans Mende Kikakui already registered with postscriptFont().
2025-10-13 00:42:40,561 INFO Noto Sans Meroitic already registered with postscriptFont().
2025-10-13 00:42:40,561 INFO Noto Sans Miao already registered with postscriptFont().
2025-10-13 00:42:40,561 INFO Noto Sans Modi already registered with postscriptFont().
2025-10-13 00:42:40,561 INFO Noto Sans Mongolian already registered with postscriptFont().
2025-10-13 00:42:40,561 INFO Noto Sans Mro already registered with postscriptFont().
2025-10-13 00:42:40,561 INFO Noto Sans Multani already registered with postscriptFont().
2025-10-13 00:42:40,561 INFO Noto Sans Nabataean already registered with postscriptFont().
2025-10-13 00:42:40,561 INFO Noto Sans Newa already registered with postscriptFont().
2025-10-13 00:42:40,561 INFO Noto Sans NewTaiLue already registered with postscriptFont().
2025-10-13 00:42:40,561 INFO Noto Sans NKo already registered with postscriptFont().
2025-10-13 00:42:40,561 INFO Noto Sans Ol Chiki already registered with postscriptFont().
2025-10-13 00:42:40,561 INFO No regular (non-bold, non-italic) version of Noto Sans Old Italic. Skipping setup for this font.
2025-10-13 00:42:40,561 INFO Noto Sans Old Permic already registered with postscriptFont().
2025-10-13 00:42:40,561 INFO Noto Sans Old Turkic already registered with postscriptFont().
2025-10-13 00:42:40,561 INFO Noto Sans OldHung already registered with postscriptFont().
2025-10-13 00:42:40,561 INFO Noto Sans OldNorArab already registered with postscriptFont().
2025-10-13 00:42:40,561 INFO Noto Sans OldPersian already registered with postscriptFont().
2025-10-13 00:42:40,561 INFO Noto Sans OldSouArab already registered with postscriptFont().
2025-10-13 00:42:40,561 INFO Noto Sans Osage already registered with postscriptFont().
2025-10-13 00:42:40,561 INFO Noto Sans Osmanya already registered with postscriptFont().
2025-10-13 00:42:40,561 INFO Noto Sans Pahawh Hmong already registered with postscriptFont().
2025-10-13 00:42:40,561 INFO Noto Sans Palmyrene already registered with postscriptFont().
2025-10-13 00:42:40,561 INFO Noto Sans PauCinHau already registered with postscriptFont().
2025-10-13 00:42:40,561 INFO Noto Sans PhagsPa already registered with postscriptFont().
2025-10-13 00:42:40,561 INFO Noto Sans Phoenician already registered with postscriptFont().
2025-10-13 00:42:40,561 INFO Noto Sans PsaPahlavi already registered with postscriptFont().
2025-10-13 00:42:40,561 INFO Noto Sans Rejang already registered with postscriptFont().
2025-10-13 00:42:40,561 INFO Noto Sans Samaritan already registered with postscriptFont().
2025-10-13 00:42:40,561 INFO Noto Sans Saurashtra already registered with postscriptFont().
2025-10-13 00:42:40,561 INFO Noto Sans Sharada already registered with postscriptFont().
2025-10-13 00:42:40,561 INFO Noto Sans SoraSomp already registered with postscriptFont().
2025-10-13 00:42:40,561 INFO Noto Sans Sundanese already registered with postscriptFont().
2025-10-13 00:42:40,561 INFO Noto Sans Syloti Nagri already registered with postscriptFont().
2025-10-13 00:42:40,562 INFO Noto Sans Syriac already registered with postscriptFont().
2025-10-13 00:42:40,562 INFO Noto Sans Tagalog already registered with postscriptFont().
2025-10-13 00:42:40,562 INFO Noto Sans Tagbanwa already registered with postscriptFont().
2025-10-13 00:42:40,562 INFO Noto Sans Tai Le already registered with postscriptFont().
2025-10-13 00:42:40,562 INFO Noto Sans Tai Tham already registered with postscriptFont().
2025-10-13 00:42:40,562 INFO Noto Sans Tai Viet already registered with postscriptFont().
2025-10-13 00:42:40,562 INFO Noto Sans Takri already registered with postscriptFont().
2025-10-13 00:42:40,562 INFO Noto Sans Thaana already registered with postscriptFont().
2025-10-13 00:42:40,562 INFO Noto Sans Tirhuta already registered with postscriptFont().
2025-10-13 00:42:40,562 INFO Noto Sans Ugaritic already registered with postscriptFont().
2025-10-13 00:42:40,562 INFO Noto Sans Vai already registered with postscriptFont().
2025-10-13 00:42:40,562 INFO Noto Sans Wancho already registered with postscriptFont().
2025-10-13 00:42:40,562 INFO Noto Sans WarangCiti already registered with postscriptFont().
2025-10-13 00:42:40,562 INFO Noto Sans Yi already registered with postscriptFont().
2025-10-13 00:42:40,562 INFO Noto Serif Ahom already registered with postscriptFont().
2025-10-13 00:42:40,562 INFO Noto Serif Balinese already registered with postscriptFont().
2025-10-13 00:42:40,562 INFO Noto Serif Hmong Nyiakeng already registered with postscriptFont().
2025-10-13 00:42:40,562 INFO Party LET already registered with postscriptFont().
2025-10-13 00:42:40,562 INFO STIX Two Text already registered with postscriptFont().
2025-10-13 00:42:40,562 INFO System Font already registered with postscriptFont().
2025-10-13 00:42:40,562 INFO Tahoma already registered with postscriptFont().
2025-10-13 00:42:40,562 INFO Times New Roman already registered with postscriptFont().
2025-10-13 00:42:40,562 INFO Trattatello already registered with postscriptFont().
2025-10-13 00:42:40,562 INFO Trebuchet MS already registered with postscriptFont().
2025-10-13 00:42:40,562 INFO Verdana already registered with postscriptFont().
2025-10-13 00:42:40,562 INFO Webdings already registered with postscriptFont().
2025-10-13 00:42:40,562 INFO Wingdings already registered with postscriptFont().
2025-10-13 00:42:40,562 INFO Wingdings 2 already registered with postscriptFont().
2025-10-13 00:42:40,562 INFO Wingdings 3 already registered with postscriptFont().
2025-10-13 00:42:43,004 INFO Error in `left_join()`:
2025-10-13 00:42:43,004 INFO ! Join columns in `y` must be present in the data.
2025-10-13 00:42:43,004 INFO ✖ Problem with `playerId`.
2025-10-13 00:42:43,004 INFO Backtrace:
2025-10-13 00:42:43,004 INFO      ▆
2025-10-13 00:42:43,004 INFO   1. ├─base::source("raw_data_cleaning.R")
2025-10-13 00:42:43,004 INFO   2. │ ├─base::withVisible(eval(ei, envir))
2025-10-13 00:42:43,004 INFO   3. │ └─base::eval(ei, envir)
2025-10-13 00:42:43,004 INFO   4. │   └─base::eval(ei, envir)
2025-10-13 00:42:43,004 INFO   5. ├─dplyr::summarize(...)
2025-10-13 00:42:43,004 INFO   6. ├─dplyr::group_by(...)
2025-10-13 00:42:43,004 INFO   7. ├─dplyr::filter(...)
2025-10-13 00:42:43,004 INFO   8. ├─dplyr::filter(...)
2025-10-13 00:42:43,004 INFO   9. ├─base::unique(...)
2025-10-13 00:42:43,004 INFO  10. ├─dplyr::select(...)
2025-10-13 00:42:43,004 INFO  11. ├─dplyr::ungroup(...)
2025-10-13 00:42:43,004 INFO  12. ├─dplyr::mutate(...)
2025-10-13 00:42:43,004 INFO  13. ├─dplyr::group_by(...)
2025-10-13 00:42:43,004 INFO  14. ├─dplyr::filter(...)
2025-10-13 00:42:43,004 INFO  15. ├─dplyr::mutate(...)
2025-10-13 00:42:43,004 INFO  16. ├─dplyr::filter(...)
2025-10-13 00:42:43,004 INFO  17. ├─dplyr::left_join(...)
2025-10-13 00:42:43,004 INFO  18. └─dplyr:::left_join.data.frame(...)
2025-10-13 00:42:43,004 INFO  19.   └─dplyr:::join_mutate(...)
2025-10-13 00:42:43,004 INFO  20.     └─dplyr:::join_cols(...)
2025-10-13 00:42:43,004 INFO  21.       └─dplyr:::check_join_vars(by$y, y_names, by$condition, "y", error_call = error_call)
2025-10-13 00:42:43,004 INFO  22.         └─rlang::abort(bullets, call = error_call)
2025-10-13 00:42:43,006 INFO There were 11 warnings (use warnings() to see them)
2025-10-13 00:42:43,006 INFO Execution halted
2025-10-13 00:42:43,035 ERROR Error during group_advantage.raw_data_cleaning after 52.200 sec
Traceback (most recent call last):
  File "/Users/xehu/Desktop/task-mapping/analysis/run_master.py", line 414, in time_callable
    res = func()
  File "/Users/xehu/Desktop/task-mapping/analysis/run_master.py", line 552, in <lambda>
    results.append(time_callable('group_advantage.raw_data_cleaning', lambda: run_r_script(r_script_clean)))
  File "/Users/xehu/Desktop/task-mapping/analysis/run_master.py", line 355, in run_r_script
    raise RuntimeError(f'R script failed (exit {rc}): {r_path}')
RuntimeError: R script failed (exit 1): /Users/xehu/Desktop/task-mapping/analysis/analysis_group_advantage/raw_data_cleaning.R
