2025-10-12 22:49:36,143 INFO Starting analysis master script
2025-10-12 22:49:36,143 INFO Running group_advantage pipeline
2025-10-12 22:49:36,144 INFO Timing: group_advantage.ensure_mcgrath_before_clean
2025-10-12 22:49:36,144 ERROR Error during group_advantage.ensure_mcgrath_before_clean after 0.000 sec
Traceback (most recent call last):
  File "/Users/xehu/Desktop/task-mapping/analysis/run_master.py", line 408, in time_callable
    res = func()
  File "/Users/xehu/Desktop/task-mapping/analysis/run_master.py", line 537, in <lambda>
    results.append(time_callable('group_advantage.ensure_mcgrath_before_clean', lambda: generate_mcgrath(task_map_path, out_path)))
                                                                                        ~~~~~~~~~~~~~~~~^^^^^^^^^^^^^^^^^^^^^^^^^
TypeError: generate_mcgrath() takes 1 positional argument but 2 were given
2025-10-12 22:49:36,144 INFO Timing: group_advantage.raw_data_cleaning
2025-10-12 22:49:36,144 INFO Running R script /Users/xehu/Desktop/task-mapping/analysis/analysis_group_advantage/raw_data_cleaning.R
2025-10-12 22:49:36,145 INFO Running command: /usr/local/bin/Rscript -e set.seed(as.integer(Sys.getenv('ANALYSIS_SEED', '19104'))); source('raw_data_cleaning.R') (cwd=/Users/xehu/Desktop/task-mapping/analysis/analysis_group_advantage)
2025-10-12 22:49:36,235 INFO 
2025-10-12 22:49:36,235 INFO Attaching package: ‘pls’
2025-10-12 22:49:36,235 INFO 
2025-10-12 22:49:36,235 INFO The following object is masked from ‘package:stats’:
2025-10-12 22:49:36,235 INFO 
2025-10-12 22:49:36,235 INFO     loadings
2025-10-12 22:49:36,235 INFO 
2025-10-12 22:49:36,237 INFO randomForest 4.7-1.2
2025-10-12 22:49:36,237 INFO Type rfNews() to see new features/changes/bug fixes.
2025-10-12 22:49:36,571 INFO Loading required package: ggplot2
2025-10-12 22:49:36,743 INFO 
2025-10-12 22:49:36,743 INFO Attaching package: ‘ggplot2’
2025-10-12 22:49:36,743 INFO 
2025-10-12 22:49:36,743 INFO The following object is masked from ‘package:randomForest’:
2025-10-12 22:49:36,743 INFO 
2025-10-12 22:49:36,743 INFO     margin
2025-10-12 22:49:36,743 INFO 
2025-10-12 22:49:36,743 INFO Loading required package: lattice
2025-10-12 22:49:36,954 INFO 
2025-10-12 22:49:36,954 INFO Attaching package: ‘caret’
2025-10-12 22:49:36,954 INFO 
2025-10-12 22:49:36,954 INFO The following object is masked from ‘package:pls’:
2025-10-12 22:49:36,954 INFO 
2025-10-12 22:49:36,954 INFO     R2
2025-10-12 22:49:36,954 INFO 
2025-10-12 22:49:36,955 INFO Loading required package: foreach
2025-10-12 22:49:36,957 INFO Loading required package: iterators
2025-10-12 22:49:36,958 INFO Loading required package: parallel
2025-10-12 22:49:37,037 INFO Registering fonts with R
2025-10-12 22:49:37,082 INFO 
2025-10-12 22:49:37,082 INFO Please cite as:
2025-10-12 22:49:37,082 INFO 
2025-10-12 22:49:37,082 INFO  Hlavac, Marek (2022). stargazer: Well-Formatted Regression and Summary Statistics Tables.
2025-10-12 22:49:37,082 INFO  R package version 5.2.3. https://CRAN.R-project.org/package=stargazer
2025-10-12 22:49:37,082 INFO 
2025-10-12 22:49:37,124 INFO ── Attaching core tidyverse packages ──────────────────────── tidyverse 2.0.0 ──
2025-10-12 22:49:37,124 INFO ✔ dplyr     1.1.4     ✔ readr     2.1.5
2025-10-12 22:49:37,124 INFO ✔ forcats   1.0.1     ✔ stringr   1.5.2
2025-10-12 22:49:37,124 INFO ✔ lubridate 1.9.4     ✔ tibble    3.3.0
2025-10-12 22:49:37,124 INFO ✔ purrr     1.1.0     ✔ tidyr     1.3.1
2025-10-12 22:49:37,158 INFO ── Conflicts ────────────────────────────────────────── tidyverse_conflicts() ──
2025-10-12 22:49:37,158 INFO ✖ purrr::accumulate() masks foreach::accumulate()
2025-10-12 22:49:37,158 INFO ✖ dplyr::combine()    masks randomForest::combine()
2025-10-12 22:49:37,158 INFO ✖ dplyr::filter()     masks stats::filter()
2025-10-12 22:49:37,158 INFO ✖ purrr::flatten()    masks jsonlite::flatten()
2025-10-12 22:49:37,158 INFO ✖ dplyr::lag()        masks stats::lag()
2025-10-12 22:49:37,158 INFO ✖ purrr::lift()       masks caret::lift()
2025-10-12 22:49:37,158 INFO ✖ ggplot2::margin()   masks randomForest::margin()
2025-10-12 22:49:37,158 INFO ✖ dplyr::slice()      masks xgboost::slice()
2025-10-12 22:49:37,158 INFO ✖ purrr::when()       masks foreach::when()
2025-10-12 22:49:37,158 INFO ℹ Use the conflicted package (<http://conflicted.r-lib.org/>) to force all conflicts to become errors
2025-10-12 22:49:37,174 INFO Scanning ttf files in /Library/Fonts/, /System/Library/Fonts, /System/Library/Fonts/Supplemental, ~/Library/Fonts/ ...
2025-10-12 22:49:37,175 INFO Extracting .afm files from .ttf files...
2025-10-12 22:49:39,739 INFO /System/Library/Fonts/Supplemental/Arial Unicode.ttf : ArialUnicodeMS already registered in fonts database. Skipping.
2025-10-12 22:49:39,815 INFO /System/Library/Fonts/Apple Braille Outline 6 Dot.ttf : AppleBraille-Outline6Dot already registered in fonts database. Skipping.
2025-10-12 22:49:39,896 INFO /System/Library/Fonts/Apple Braille Outline 8 Dot.ttf : AppleBraille-Outline8Dot already registered in fonts database. Skipping.
2025-10-12 22:49:39,947 INFO /System/Library/Fonts/Apple Braille Pinpoint 6 Dot.ttf : AppleBraille-Pinpoint6Dot already registered in fonts database. Skipping.
2025-10-12 22:49:39,999 INFO /System/Library/Fonts/Apple Braille Pinpoint 8 Dot.ttf : AppleBraille-Pinpoint8Dot already registered in fonts database. Skipping.
2025-10-12 22:49:40,032 INFO /System/Library/Fonts/Apple Braille.ttf : AppleBraille already registered in fonts database. Skipping.
2025-10-12 22:49:40,057 INFO /System/Library/Fonts/Apple Symbols.ttf : No FontName. Skipping.
2025-10-12 22:49:40,075 INFO /System/Library/Fonts/Geneva.ttf : No FontName. Skipping.
2025-10-12 22:49:40,090 INFO /System/Library/Fonts/Keyboard.ttf : -Keyboard already registered in fonts database. Skipping.
2025-10-12 22:49:40,140 INFO /System/Library/Fonts/Monaco.ttf : No FontName. Skipping.
2025-10-12 22:49:40,228 INFO /System/Library/Fonts/NewYork.ttf : -NewYork-Regular already registered in fonts database. Skipping.
2025-10-12 22:49:40,306 INFO /System/Library/Fonts/NewYorkItalic.ttf : -NewYork-RegularItalic already registered in fonts database. Skipping.
2025-10-12 22:49:40,387 INFO /System/Library/Fonts/SFArabic.ttf : -SFArabic-Regular already registered in fonts database. Skipping.
2025-10-12 22:49:40,487 INFO /System/Library/Fonts/SFArabicRounded.ttf : -SFArabicRounded-Regular already registered in fonts database. Skipping.
2025-10-12 22:49:40,501 INFO /System/Library/Fonts/SFArmenian.ttf : -SFArmenian-Regular already registered in fonts database. Skipping.
2025-10-12 22:49:40,516 INFO /System/Library/Fonts/SFArmenianRounded.ttf : -SFArmenianRounded-Regular already registered in fonts database. Skipping.
2025-10-12 22:49:40,531 INFO /System/Library/Fonts/SFCamera.ttf : --SFCamera-Regular already registered in fonts database. Skipping.
2025-10-12 22:49:40,633 INFO /System/Library/Fonts/SFCompact.ttf : -SFCompact-Black already registered in fonts database. Skipping.
2025-10-12 22:49:40,717 INFO /System/Library/Fonts/SFCompactItalic.ttf : -SFCompact-BlackItalic already registered in fonts database. Skipping.
2025-10-12 22:49:40,821 INFO /System/Library/Fonts/SFCompactRounded.ttf : --SFCompactRounded-Regular already registered in fonts database. Skipping.
2025-10-12 22:49:40,836 INFO /System/Library/Fonts/SFGeorgian.ttf : -SFGeorgian-Regular already registered in fonts database. Skipping.
2025-10-12 22:49:40,853 INFO /System/Library/Fonts/SFGeorgianRounded.ttf : -SFGeorgianRounded-Regular already registered in fonts database. Skipping.
2025-10-12 22:49:40,864 INFO /System/Library/Fonts/SFHebrew.ttf : -SFHebrew-Regular already registered in fonts database. Skipping.
2025-10-12 22:49:40,874 INFO /System/Library/Fonts/SFHebrewRounded.ttf : -SFHebrewRounded-Regular already registered in fonts database. Skipping.
2025-10-12 22:49:40,996 INFO /System/Library/Fonts/SFNS.ttf : -SFNS-Regular already registered in fonts database. Skipping.
2025-10-12 22:49:41,079 INFO /System/Library/Fonts/SFNSItalic.ttf : -SFNS-RegularItalic already registered in fonts database. Skipping.
2025-10-12 22:49:41,134 INFO /System/Library/Fonts/SFNSMono.ttf : -SFNSMono-Light already registered in fonts database. Skipping.
2025-10-12 22:49:41,182 INFO /System/Library/Fonts/SFNSMonoItalic.ttf : -SFNSMono-LightItalic already registered in fonts database. Skipping.
2025-10-12 22:49:41,278 INFO /System/Library/Fonts/SFNSRounded.ttf : -SFNSRounded-Regular already registered in fonts database. Skipping.
2025-10-12 22:49:41,336 INFO /System/Library/Fonts/Supplemental/Academy Engraved LET Fonts.ttf : AcademyEngravedLetPlain already registered in fonts database. Skipping.
2025-10-12 22:49:41,393 INFO /System/Library/Fonts/Supplemental/Academy Engraved LET Fonts.ttf : AcademyEngravedLetPlain already registered in fonts database. Skipping.
2025-10-12 22:49:41,409 INFO /System/Library/Fonts/Supplemental/Andale Mono.ttf : AndaleMono already registered in fonts database. Skipping.
2025-10-12 22:49:41,426 INFO /System/Library/Fonts/Supplemental/Andale Mono.ttf : AndaleMono already registered in fonts database. Skipping.
2025-10-12 22:49:41,469 INFO /System/Library/Fonts/Supplemental/Apple Chancery.ttf : No FontName. Skipping.
2025-10-12 22:49:41,511 INFO /System/Library/Fonts/Supplemental/Apple Chancery.ttf : No FontName. Skipping.
2025-10-12 22:49:44,926 INFO /System/Library/Fonts/Supplemental/AppleGothic.ttf : No FontName. Skipping.
2025-10-12 22:49:48,308 INFO /System/Library/Fonts/Supplemental/AppleGothic.ttf : No FontName. Skipping.
2025-10-12 22:49:52,433 INFO /System/Library/Fonts/Supplemental/AppleMyungjo.ttf : AppleMyungjo already registered in fonts database. Skipping.
2025-10-12 22:49:56,671 INFO /System/Library/Fonts/Supplemental/AppleMyungjo.ttf : AppleMyungjo already registered in fonts database. Skipping.
2025-10-12 22:49:56,692 INFO /System/Library/Fonts/Supplemental/Arial Black.ttf : Arial-Black already registered in fonts database. Skipping.
2025-10-12 22:49:56,714 INFO /System/Library/Fonts/Supplemental/Arial Black.ttf : Arial-Black already registered in fonts database. Skipping.
2025-10-12 22:49:56,784 INFO /System/Library/Fonts/Supplemental/Arial Bold Italic.ttf : Arial-BoldItalicMT already registered in fonts database. Skipping.
2025-10-12 22:49:56,853 INFO /System/Library/Fonts/Supplemental/Arial Bold Italic.ttf : Arial-BoldItalicMT already registered in fonts database. Skipping.
2025-10-12 22:49:57,002 INFO /System/Library/Fonts/Supplemental/Arial Bold.ttf : Arial-BoldMT already registered in fonts database. Skipping.
2025-10-12 22:49:57,116 INFO /System/Library/Fonts/Supplemental/Arial Bold.ttf : Arial-BoldMT already registered in fonts database. Skipping.
2025-10-12 22:49:57,193 INFO /System/Library/Fonts/Supplemental/Arial Italic.ttf : Arial-ItalicMT already registered in fonts database. Skipping.
2025-10-12 22:49:57,267 INFO /System/Library/Fonts/Supplemental/Arial Italic.ttf : Arial-ItalicMT already registered in fonts database. Skipping.
2025-10-12 22:49:57,288 INFO /System/Library/Fonts/Supplemental/Arial Narrow Bold Italic.ttf : ArialNarrow-BoldItalic already registered in fonts database. Skipping.
2025-10-12 22:49:57,309 INFO /System/Library/Fonts/Supplemental/Arial Narrow Bold Italic.ttf : ArialNarrow-BoldItalic already registered in fonts database. Skipping.
2025-10-12 22:49:57,332 INFO /System/Library/Fonts/Supplemental/Arial Narrow Bold.ttf : ArialNarrow-Bold already registered in fonts database. Skipping.
2025-10-12 22:49:57,354 INFO /System/Library/Fonts/Supplemental/Arial Narrow Bold.ttf : ArialNarrow-Bold already registered in fonts database. Skipping.
2025-10-12 22:49:57,377 INFO /System/Library/Fonts/Supplemental/Arial Narrow Italic.ttf : ArialNarrow-Italic already registered in fonts database. Skipping.
2025-10-12 22:49:57,399 INFO /System/Library/Fonts/Supplemental/Arial Narrow Italic.ttf : ArialNarrow-Italic already registered in fonts database. Skipping.
2025-10-12 22:49:57,420 INFO /System/Library/Fonts/Supplemental/Arial Narrow.ttf : ArialNarrow already registered in fonts database. Skipping.
2025-10-12 22:49:57,441 INFO /System/Library/Fonts/Supplemental/Arial Narrow.ttf : ArialNarrow already registered in fonts database. Skipping.
2025-10-12 22:49:57,461 INFO /System/Library/Fonts/Supplemental/Arial Rounded Bold.ttf : ArialRoundedMTBold already registered in fonts database. Skipping.
2025-10-12 22:49:57,480 INFO /System/Library/Fonts/Supplemental/Arial Rounded Bold.ttf : ArialRoundedMTBold already registered in fonts database. Skipping.
2025-10-12 22:50:00,229 INFO /System/Library/Fonts/Supplemental/Arial Unicode.ttf : ArialUnicodeMS already registered in fonts database. Skipping.
2025-10-12 22:50:02,864 INFO /System/Library/Fonts/Supplemental/Arial Unicode.ttf : ArialUnicodeMS already registered in fonts database. Skipping.
2025-10-12 22:50:02,982 INFO /System/Library/Fonts/Supplemental/Arial.ttf : ArialMT already registered in fonts database. Skipping.
2025-10-12 22:50:03,101 INFO /System/Library/Fonts/Supplemental/Arial.ttf : ArialMT already registered in fonts database. Skipping.
2025-10-12 22:50:03,139 INFO /System/Library/Fonts/Supplemental/Ayuthaya.ttf : No FontName. Skipping.
2025-10-12 22:50:03,178 INFO /System/Library/Fonts/Supplemental/Ayuthaya.ttf : No FontName. Skipping.
2025-10-12 22:50:03,325 INFO /System/Library/Fonts/Supplemental/BigCaslon.ttf : No FontName. Skipping.
2025-10-12 22:50:03,469 INFO /System/Library/Fonts/Supplemental/BigCaslon.ttf : No FontName. Skipping.
2025-10-12 22:50:03,491 INFO /System/Library/Fonts/Supplemental/Bodoni 72 Smallcaps Book.ttf : BodoniSvtyTwoSCITCTT-Book already registered in fonts database. Skipping.
2025-10-12 22:50:03,512 INFO /System/Library/Fonts/Supplemental/Bodoni 72 Smallcaps Book.ttf : BodoniSvtyTwoSCITCTT-Book already registered in fonts database. Skipping.
2025-10-12 22:50:03,543 INFO /System/Library/Fonts/Supplemental/Bodoni Ornaments.ttf : BodoniOrnamentsITCTT already registered in fonts database. Skipping.
2025-10-12 22:50:03,573 INFO /System/Library/Fonts/Supplemental/Bodoni Ornaments.ttf : BodoniOrnamentsITCTT already registered in fonts database. Skipping.
2025-10-12 22:50:03,850 INFO /System/Library/Fonts/Supplemental/Bradley Hand Bold.ttf : Bradley-Hand-Bold already registered in fonts database. Skipping.
2025-10-12 22:50:04,128 INFO /System/Library/Fonts/Supplemental/Bradley Hand Bold.ttf : Bradley-Hand-Bold already registered in fonts database. Skipping.
2025-10-12 22:50:04,292 INFO /System/Library/Fonts/Supplemental/Brush Script.ttf : BrushScriptMT already registered in fonts database. Skipping.
2025-10-12 22:50:04,455 INFO /System/Library/Fonts/Supplemental/Brush Script.ttf : BrushScriptMT already registered in fonts database. Skipping.
2025-10-12 22:50:04,471 INFO /System/Library/Fonts/Supplemental/Chalkduster.ttfsh: line 1: 10494 Abort trap: 6           '/Library/Frameworks/R.framework/Versions/4.5-arm64/Resources/library/Rttf2pt1/exec//ttf2pt1' -a -GfAe '/System/Library/Fonts/Supplemental/Chalkduster.ttf' '/var/folders/73/jl9lgbkj511fwjxkl9cvw7q00000gq/T//Rtmptm0Na5/fonts/Chalkduster' 2>&1
2025-10-12 22:50:04,472 INFO  : No FontName. Skipping.
2025-10-12 22:50:04,489 INFO /System/Library/Fonts/Supplemental/Chalkduster.ttfsh: line 1: 10496 Abort trap: 6           '/Library/Frameworks/R.framework/Versions/4.5-arm64/Resources/library/Rttf2pt1/exec//ttf2pt1' -a -GfAe '/System/Library/Fonts/Supplemental/Chalkduster.ttf' '/var/folders/73/jl9lgbkj511fwjxkl9cvw7q00000gq/T//Rtmptm0Na5/fonts/Chalkduster' 2>&1
2025-10-12 22:50:04,489 INFO  : No FontName. Skipping.
2025-10-12 22:50:04,548 INFO /System/Library/Fonts/Supplemental/Comic Sans MS Bold.ttf : ComicSansMS-Bold already registered in fonts database. Skipping.
2025-10-12 22:50:04,608 INFO /System/Library/Fonts/Supplemental/Comic Sans MS Bold.ttf : ComicSansMS-Bold already registered in fonts database. Skipping.
2025-10-12 22:50:04,656 INFO /System/Library/Fonts/Supplemental/Comic Sans MS.ttf : ComicSansMS already registered in fonts database. Skipping.
2025-10-12 22:50:04,703 INFO /System/Library/Fonts/Supplemental/Comic Sans MS.ttf : ComicSansMS already registered in fonts database. Skipping.
2025-10-12 22:50:04,803 INFO /System/Library/Fonts/Supplemental/Courier New Bold Italic.ttf : CourierNewPS-BoldItalicMT already registered in fonts database. Skipping.
2025-10-12 22:50:04,903 INFO /System/Library/Fonts/Supplemental/Courier New Bold Italic.ttf : CourierNewPS-BoldItalicMT already registered in fonts database. Skipping.
2025-10-12 22:50:05,024 INFO /System/Library/Fonts/Supplemental/Courier New Bold.ttf : CourierNewPS-BoldMT already registered in fonts database. Skipping.
2025-10-12 22:50:05,143 INFO /System/Library/Fonts/Supplemental/Courier New Bold.ttf : CourierNewPS-BoldMT already registered in fonts database. Skipping.
2025-10-12 22:50:05,236 INFO /System/Library/Fonts/Supplemental/Courier New Italic.ttf : CourierNewPS-ItalicMT already registered in fonts database. Skipping.
2025-10-12 22:50:05,331 INFO /System/Library/Fonts/Supplemental/Courier New Italic.ttf : CourierNewPS-ItalicMT already registered in fonts database. Skipping.
2025-10-12 22:50:05,440 INFO /System/Library/Fonts/Supplemental/Courier New.ttf : CourierNewPSMT already registered in fonts database. Skipping.
2025-10-12 22:50:05,548 INFO /System/Library/Fonts/Supplemental/Courier New.ttf : CourierNewPSMT already registered in fonts database. Skipping.
2025-10-12 22:50:05,604 INFO /System/Library/Fonts/Supplemental/DIN Alternate Bold.ttf : DINAlternate-Bold already registered in fonts database. Skipping.
2025-10-12 22:50:05,660 INFO /System/Library/Fonts/Supplemental/DIN Alternate Bold.ttf : DINAlternate-Bold already registered in fonts database. Skipping.
2025-10-12 22:50:05,726 INFO /System/Library/Fonts/Supplemental/DIN Condensed Bold.ttf : DINCondensed-Bold already registered in fonts database. Skipping.
2025-10-12 22:50:05,792 INFO /System/Library/Fonts/Supplemental/DIN Condensed Bold.ttf : DINCondensed-Bold already registered in fonts database. Skipping.
2025-10-12 22:50:05,949 INFO /System/Library/Fonts/Supplemental/Diwan Thuluth.ttf : No FontName. Skipping.
2025-10-12 22:50:06,105 INFO /System/Library/Fonts/Supplemental/Diwan Thuluth.ttf : No FontName. Skipping.
2025-10-12 22:50:06,216 INFO /System/Library/Fonts/Supplemental/Farisi.ttf : No FontName. Skipping.
2025-10-12 22:50:06,328 INFO /System/Library/Fonts/Supplemental/Farisi.ttf : No FontName. Skipping.
2025-10-12 22:50:06,411 INFO /System/Library/Fonts/Supplemental/Georgia Bold Italic.ttf : Georgia-BoldItalic already registered in fonts database. Skipping.
2025-10-12 22:50:06,494 INFO /System/Library/Fonts/Supplemental/Georgia Bold Italic.ttf : Georgia-BoldItalic already registered in fonts database. Skipping.
2025-10-12 22:50:06,579 INFO /System/Library/Fonts/Supplemental/Georgia Bold.ttf : Georgia-Bold already registered in fonts database. Skipping.
2025-10-12 22:50:06,664 INFO /System/Library/Fonts/Supplemental/Georgia Bold.ttf : Georgia-Bold already registered in fonts database. Skipping.
2025-10-12 22:50:06,744 INFO /System/Library/Fonts/Supplemental/Georgia Italic.ttf : Georgia-Italic already registered in fonts database. Skipping.
2025-10-12 22:50:06,824 INFO /System/Library/Fonts/Supplemental/Georgia Italic.ttf : Georgia-Italic already registered in fonts database. Skipping.
2025-10-12 22:50:06,912 INFO /System/Library/Fonts/Supplemental/Georgia.ttf : Georgia already registered in fonts database. Skipping.
2025-10-12 22:50:07,001 INFO /System/Library/Fonts/Supplemental/Georgia.ttf : Georgia already registered in fonts database. Skipping.
2025-10-12 22:50:07,010 INFO /System/Library/Fonts/Supplemental/Gurmukhi.ttf : No FontName. Skipping.
2025-10-12 22:50:07,019 INFO /System/Library/Fonts/Supplemental/Gurmukhi.ttf : No FontName. Skipping.
2025-10-12 22:50:07,083 INFO /System/Library/Fonts/Supplemental/Herculanum.ttf : No FontName. Skipping.
2025-10-12 22:50:07,146 INFO /System/Library/Fonts/Supplemental/Herculanum.ttf : No FontName. Skipping.
2025-10-12 22:50:07,157 INFO /System/Library/Fonts/Supplemental/Hoefler Text Ornaments.ttf : No FontName. Skipping.
2025-10-12 22:50:07,167 INFO /System/Library/Fonts/Supplemental/Hoefler Text Ornaments.ttf : No FontName. Skipping.
2025-10-12 22:50:07,198 INFO /System/Library/Fonts/Supplemental/Impact.ttf : Impact already registered in fonts database. Skipping.
2025-10-12 22:50:07,228 INFO /System/Library/Fonts/Supplemental/Impact.ttf : Impact already registered in fonts database. Skipping.
2025-10-12 22:50:07,299 INFO /System/Library/Fonts/Supplemental/Khmer Sangam MN.ttf : KhmerSangamMN already registered in fonts database. Skipping.
2025-10-12 22:50:07,369 INFO /System/Library/Fonts/Supplemental/Khmer Sangam MN.ttf : KhmerSangamMN already registered in fonts database. Skipping.
2025-10-12 22:50:07,408 INFO /System/Library/Fonts/Supplemental/Kokonor.ttfsh: line 1: 10575 Abort trap: 6           '/Library/Frameworks/R.framework/Versions/4.5-arm64/Resources/library/Rttf2pt1/exec//ttf2pt1' -a -GfAe '/System/Library/Fonts/Supplemental/Kokonor.ttf' '/var/folders/73/jl9lgbkj511fwjxkl9cvw7q00000gq/T//Rtmptm0Na5/fonts/Kokonor' 2>&1
2025-10-12 22:50:07,408 INFO  : No FontName. Skipping.
2025-10-12 22:50:07,448 INFO /System/Library/Fonts/Supplemental/Kokonor.ttfsh: line 1: 10577 Abort trap: 6           '/Library/Frameworks/R.framework/Versions/4.5-arm64/Resources/library/Rttf2pt1/exec//ttf2pt1' -a -GfAe '/System/Library/Fonts/Supplemental/Kokonor.ttf' '/var/folders/73/jl9lgbkj511fwjxkl9cvw7q00000gq/T//Rtmptm0Na5/fonts/Kokonor' 2>&1
2025-10-12 22:50:07,448 INFO  : No FontName. Skipping.
2025-10-12 22:50:07,469 INFO /System/Library/Fonts/Supplemental/Krungthep.ttf : No FontName. Skipping.
2025-10-12 22:50:07,489 INFO /System/Library/Fonts/Supplemental/Krungthep.ttf : No FontName. Skipping.
2025-10-12 22:50:07,518 INFO /System/Library/Fonts/Supplemental/Lao Sangam MN.ttf : LaoSangamMN already registered in fonts database. Skipping.
2025-10-12 22:50:07,547 INFO /System/Library/Fonts/Supplemental/Lao Sangam MN.ttf : LaoSangamMN already registered in fonts database. Skipping.
2025-10-12 22:50:07,851 INFO /System/Library/Fonts/Supplemental/Luminari.ttf : Luminari-Regular already registered in fonts database. Skipping.
2025-10-12 22:50:08,186 INFO /System/Library/Fonts/Supplemental/Luminari.ttf : Luminari-Regular already registered in fonts database. Skipping.
2025-10-12 22:50:08,252 INFO /System/Library/Fonts/Supplemental/Microsoft Sans Serif.ttf : MicrosoftSansSerif already registered in fonts database. Skipping.
2025-10-12 22:50:08,316 INFO /System/Library/Fonts/Supplemental/Microsoft Sans Serif.ttf : MicrosoftSansSerif already registered in fonts database. Skipping.
2025-10-12 22:50:08,482 INFO /System/Library/Fonts/Supplemental/Mishafi Gold.ttf : No FontName. Skipping.
2025-10-12 22:50:08,650 INFO /System/Library/Fonts/Supplemental/Mishafi Gold.ttf : No FontName. Skipping.
2025-10-12 22:50:09,088 INFO /System/Library/Fonts/Supplemental/Mishafi.ttf : No FontName. Skipping.
2025-10-12 22:50:09,481 INFO /System/Library/Fonts/Supplemental/Mishafi.ttf : No FontName. Skipping.
2025-10-12 22:50:09,488 INFO /System/Library/Fonts/Supplemental/NISC18030.ttf : No FontName. Skipping.
2025-10-12 22:50:09,494 INFO /System/Library/Fonts/Supplemental/NISC18030.ttf : No FontName. Skipping.
2025-10-12 22:50:09,515 INFO /System/Library/Fonts/Supplemental/NotoSansAdlam-Regular.ttf : NotoSansAdlam-Regular already registered in fonts database. Skipping.
2025-10-12 22:50:09,536 INFO /System/Library/Fonts/Supplemental/NotoSansAdlam-Regular.ttf : NotoSansAdlam-Regular already registered in fonts database. Skipping.
2025-10-12 22:50:09,546 INFO /System/Library/Fonts/Supplemental/NotoSansAvestan-Regular.ttf : NotoSansAvestan-Regular already registered in fonts database. Skipping.
2025-10-12 22:50:09,555 INFO /System/Library/Fonts/Supplemental/NotoSansAvestan-Regular.ttf : NotoSansAvestan-Regular already registered in fonts database. Skipping.
2025-10-12 22:50:09,605 INFO /System/Library/Fonts/Supplemental/NotoSansBamum-Regular.ttf : NotoSansBamum-Regular already registered in fonts database. Skipping.
2025-10-12 22:50:09,655 INFO /System/Library/Fonts/Supplemental/NotoSansBamum-Regular.ttf : NotoSansBamum-Regular already registered in fonts database. Skipping.
2025-10-12 22:50:09,736 INFO /System/Library/Fonts/Supplemental/NotoSansBassaVah-Regular.ttf : NotoSansBassaVah-Regular already registered in fonts database. Skipping.
2025-10-12 22:50:09,744 INFO /System/Library/Fonts/Supplemental/NotoSansBassaVah-Regular.ttf : NotoSansBassaVah-Regular already registered in fonts database. Skipping.
2025-10-12 22:50:09,759 INFO /System/Library/Fonts/Supplemental/NotoSansBatak-Regular.ttf : NotoSansBatak-Regular already registered in fonts database. Skipping.
2025-10-12 22:50:09,774 INFO /System/Library/Fonts/Supplemental/NotoSansBatak-Regular.ttf : NotoSansBatak-Regular already registered in fonts database. Skipping.
2025-10-12 22:50:09,887 INFO /System/Library/Fonts/Supplemental/NotoSansBhaiksuki-Regular.ttf : NotoSansBhaiksuki-Regular already registered in fonts database. Skipping.
2025-10-12 22:50:09,996 INFO /System/Library/Fonts/Supplemental/NotoSansBhaiksuki-Regular.ttf : NotoSansBhaiksuki-Regular already registered in fonts database. Skipping.
2025-10-12 22:50:10,010 INFO /System/Library/Fonts/Supplemental/NotoSansBrahmi-Regular.ttf : NotoSansBrahmi-Regular already registered in fonts database. Skipping.
2025-10-12 22:50:10,024 INFO /System/Library/Fonts/Supplemental/NotoSansBrahmi-Regular.ttf : NotoSansBrahmi-Regular already registered in fonts database. Skipping.
2025-10-12 22:50:10,031 INFO /System/Library/Fonts/Supplemental/NotoSansBuginese-Regular.ttf : NotoSansBuginese-Regular already registered in fonts database. Skipping.
2025-10-12 22:50:10,038 INFO /System/Library/Fonts/Supplemental/NotoSansBuginese-Regular.ttf : NotoSansBuginese-Regular already registered in fonts database. Skipping.
2025-10-12 22:50:10,045 INFO /System/Library/Fonts/Supplemental/NotoSansBuhid-Regular.ttf : NotoSansBuhid-Regular already registered in fonts database. Skipping.
2025-10-12 22:50:10,051 INFO /System/Library/Fonts/Supplemental/NotoSansBuhid-Regular.ttf : NotoSansBuhid-Regular already registered in fonts database. Skipping.
2025-10-12 22:50:10,059 INFO /System/Library/Fonts/Supplemental/NotoSansCarian-Regular.ttf : NotoSansCarian-Regular already registered in fonts database. Skipping.
2025-10-12 22:50:10,066 INFO /System/Library/Fonts/Supplemental/NotoSansCarian-Regular.ttf : NotoSansCarian-Regular already registered in fonts database. Skipping.
2025-10-12 22:50:10,077 INFO /System/Library/Fonts/Supplemental/NotoSansCaucasianAlbanian-Regular.ttf : NotoSansCaucasianAlbanian-Regular already registered in fonts database. Skipping.
2025-10-12 22:50:10,088 INFO /System/Library/Fonts/Supplemental/NotoSansCaucasianAlbanian-Regular.ttf : NotoSansCaucasianAlbanian-Regular already registered in fonts database. Skipping.
2025-10-12 22:50:10,105 INFO /System/Library/Fonts/Supplemental/NotoSansChakma-Regular.ttf : NotoSansChakma-Regular already registered in fonts database. Skipping.
2025-10-12 22:50:10,121 INFO /System/Library/Fonts/Supplemental/NotoSansChakma-Regular.ttf : NotoSansChakma-Regular already registered in fonts database. Skipping.
2025-10-12 22:50:10,133 INFO /System/Library/Fonts/Supplemental/NotoSansCham-Regular.ttf : NotoSansCham-Regular already registered in fonts database. Skipping.
2025-10-12 22:50:10,146 INFO /System/Library/Fonts/Supplemental/NotoSansCham-Regular.ttf : NotoSansCham-Regular already registered in fonts database. Skipping.
2025-10-12 22:50:10,157 INFO /System/Library/Fonts/Supplemental/NotoSansCoptic-Regular.ttf : NotoSansCoptic-Regular already registered in fonts database. Skipping.
2025-10-12 22:50:10,168 INFO /System/Library/Fonts/Supplemental/NotoSansCoptic-Regular.ttf : NotoSansCoptic-Regular already registered in fonts database. Skipping.
2025-10-12 22:50:10,438 INFO /System/Library/Fonts/Supplemental/NotoSansCuneiform-Regular.ttf : NotoSansCuneiform-Regular already registered in fonts database. Skipping.
2025-10-12 22:50:10,708 INFO /System/Library/Fonts/Supplemental/NotoSansCuneiform-Regular.ttf : NotoSansCuneiform-Regular already registered in fonts database. Skipping.
2025-10-12 22:50:10,714 INFO /System/Library/Fonts/Supplemental/NotoSansCypriot-Regular.ttf : NotoSansCypriot-Regular already registered in fonts database. Skipping.
2025-10-12 22:50:10,721 INFO /System/Library/Fonts/Supplemental/NotoSansCypriot-Regular.ttf : NotoSansCypriot-Regular already registered in fonts database. Skipping.
2025-10-12 22:50:10,731 INFO /System/Library/Fonts/Supplemental/NotoSansDuployan-Regular.ttf : NotoSansDuployan-Regular already registered in fonts database. Skipping.
2025-10-12 22:50:10,742 INFO /System/Library/Fonts/Supplemental/NotoSansDuployan-Regular.ttf : NotoSansDuployan-Regular already registered in fonts database. Skipping.
2025-10-12 22:50:11,037 INFO /System/Library/Fonts/Supplemental/NotoSansEgyptianHieroglyphs-Regular.ttf : NotoSansEgyptianHieroglyphs-Regular already registered in fonts database. Skipping.
2025-10-12 22:50:11,329 INFO /System/Library/Fonts/Supplemental/NotoSansEgyptianHieroglyphs-Regular.ttf : NotoSansEgyptianHieroglyphs-Regular already registered in fonts database. Skipping.
2025-10-12 22:50:11,337 INFO /System/Library/Fonts/Supplemental/NotoSansElbasan-Regular.ttf : NotoSansElbasan-Regular already registered in fonts database. Skipping.
2025-10-12 22:50:11,345 INFO /System/Library/Fonts/Supplemental/NotoSansElbasan-Regular.ttf : NotoSansElbasan-Regular already registered in fonts database. Skipping.
2025-10-12 22:50:11,356 INFO /System/Library/Fonts/Supplemental/NotoSansGlagolitic-Regular.ttf : NotoSansGlagolitic-Regular already registered in fonts database. Skipping.
2025-10-12 22:50:11,366 INFO /System/Library/Fonts/Supplemental/NotoSansGlagolitic-Regular.ttf : NotoSansGlagolitic-Regular already registered in fonts database. Skipping.
2025-10-12 22:50:11,373 INFO /System/Library/Fonts/Supplemental/NotoSansGothic-Regular.ttf : NotoSansGothic-Regular already registered in fonts database. Skipping.
2025-10-12 22:50:11,380 INFO /System/Library/Fonts/Supplemental/NotoSansGothic-Regular.ttf : NotoSansGothic-Regular already registered in fonts database. Skipping.
2025-10-12 22:50:11,391 INFO /System/Library/Fonts/Supplemental/NotoSansHanifiRohingya-Regular.ttf : NotoSansHanifiRohingya-Regular already registered in fonts database. Skipping.
2025-10-12 22:50:11,404 INFO /System/Library/Fonts/Supplemental/NotoSansHanifiRohingya-Regular.ttf : NotoSansHanifiRohingya-Regular already registered in fonts database. Skipping.
2025-10-12 22:50:11,412 INFO /System/Library/Fonts/Supplemental/NotoSansHanunoo-Regular.ttf : NotoSansHanunoo-Regular already registered in fonts database. Skipping.
2025-10-12 22:50:11,419 INFO /System/Library/Fonts/Supplemental/NotoSansHanunoo-Regular.ttf : NotoSansHanunoo-Regular already registered in fonts database. Skipping.
2025-10-12 22:50:11,426 INFO /System/Library/Fonts/Supplemental/NotoSansHatran-Regular.ttf : NotoSansHatran-Regular already registered in fonts database. Skipping.
2025-10-12 22:50:11,433 INFO /System/Library/Fonts/Supplemental/NotoSansHatran-Regular.ttf : NotoSansHatran-Regular already registered in fonts database. Skipping.
2025-10-12 22:50:11,441 INFO /System/Library/Fonts/Supplemental/NotoSansImperialAramaic-Regular.ttf : NotoSansImperialAramaic-Regular already registered in fonts database. Skipping.
2025-10-12 22:50:11,450 INFO /System/Library/Fonts/Supplemental/NotoSansImperialAramaic-Regular.ttf : NotoSansImperialAramaic-Regular already registered in fonts database. Skipping.
2025-10-12 22:50:11,457 INFO /System/Library/Fonts/Supplemental/NotoSansInscriptionalPahlavi-Regular.ttf : NotoSansInscriptionalPahlavi-Regular already registered in fonts database. Skipping.
2025-10-12 22:50:11,465 INFO /System/Library/Fonts/Supplemental/NotoSansInscriptionalPahlavi-Regular.ttf : NotoSansInscriptionalPahlavi-Regular already registered in fonts database. Skipping.
2025-10-12 22:50:11,473 INFO /System/Library/Fonts/Supplemental/NotoSansInscriptionalParthian-Regular.ttf : NotoSansInscriptionalParthian-Regular already registered in fonts database. Skipping.
2025-10-12 22:50:11,482 INFO /System/Library/Fonts/Supplemental/NotoSansInscriptionalParthian-Regular.ttf : NotoSansInscriptionalParthian-Regular already registered in fonts database. Skipping.
2025-10-12 22:50:11,501 INFO /System/Library/Fonts/Supplemental/NotoSansKaithi-Regular.ttf : NotoSansKaithi-Regular already registered in fonts database. Skipping.
2025-10-12 22:50:11,520 INFO /System/Library/Fonts/Supplemental/NotoSansKaithi-Regular.ttf : NotoSansKaithi-Regular already registered in fonts database. Skipping.
2025-10-12 22:50:11,530 INFO /System/Library/Fonts/Supplemental/NotoSansKayahLi-Regular.ttf : NotoSansKayahLi-Regular already registered in fonts database. Skipping.
2025-10-12 22:50:11,539 INFO /System/Library/Fonts/Supplemental/NotoSansKayahLi-Regular.ttf : NotoSansKayahLi-Regular already registered in fonts database. Skipping.
2025-10-12 22:50:11,551 INFO /System/Library/Fonts/Supplemental/NotoSansKharoshthi-Regular.ttf : NotoSansKharoshthi-Regular already registered in fonts database. Skipping.
2025-10-12 22:50:11,562 INFO /System/Library/Fonts/Supplemental/NotoSansKharoshthi-Regular.ttf : NotoSansKharoshthi-Regular already registered in fonts database. Skipping.
2025-10-12 22:50:11,582 INFO /System/Library/Fonts/Supplemental/NotoSansKhojki-Regular.ttf : NotoSansKhojki-Regular already registered in fonts database. Skipping.
2025-10-12 22:50:11,601 INFO /System/Library/Fonts/Supplemental/NotoSansKhojki-Regular.ttf : NotoSansKhojki-Regular already registered in fonts database. Skipping.
2025-10-12 22:50:11,612 INFO /System/Library/Fonts/Supplemental/NotoSansKhudawadi-Regular.ttf : NotoSansKhudawadi-Regular already registered in fonts database. Skipping.
2025-10-12 22:50:11,623 INFO /System/Library/Fonts/Supplemental/NotoSansKhudawadi-Regular.ttf : NotoSansKhudawadi-Regular already registered in fonts database. Skipping.
2025-10-12 22:50:11,633 INFO /System/Library/Fonts/Supplemental/NotoSansLepcha-Regular.ttf : NotoSansLepcha-Regular already registered in fonts database. Skipping.
2025-10-12 22:50:11,643 INFO /System/Library/Fonts/Supplemental/NotoSansLepcha-Regular.ttf : NotoSansLepcha-Regular already registered in fonts database. Skipping.
2025-10-12 22:50:11,653 INFO /System/Library/Fonts/Supplemental/NotoSansLimbu-Regular.ttf : NotoSansLimbu-Regular already registered in fonts database. Skipping.
2025-10-12 22:50:11,663 INFO /System/Library/Fonts/Supplemental/NotoSansLimbu-Regular.ttf : NotoSansLimbu-Regular already registered in fonts database. Skipping.
2025-10-12 22:50:11,686 INFO /System/Library/Fonts/Supplemental/NotoSansLinearA-Regular.ttf : NotoSansLinearA-Regular already registered in fonts database. Skipping.
2025-10-12 22:50:11,709 INFO /System/Library/Fonts/Supplemental/NotoSansLinearA-Regular.ttf : NotoSansLinearA-Regular already registered in fonts database. Skipping.
2025-10-12 22:50:11,737 INFO /System/Library/Fonts/Supplemental/NotoSansLinearB-Regular.ttf : NotoSansLinearB-Regular already registered in fonts database. Skipping.
2025-10-12 22:50:11,764 INFO /System/Library/Fonts/Supplemental/NotoSansLinearB-Regular.ttf : NotoSansLinearB-Regular already registered in fonts database. Skipping.
2025-10-12 22:50:11,771 INFO /System/Library/Fonts/Supplemental/NotoSansLisu-Regular.ttf : NotoSansLisu-Regular already registered in fonts database. Skipping.
2025-10-12 22:50:11,776 INFO /System/Library/Fonts/Supplemental/NotoSansLisu-Regular.ttf : NotoSansLisu-Regular already registered in fonts database. Skipping.
2025-10-12 22:50:11,783 INFO /System/Library/Fonts/Supplemental/NotoSansLycian-Regular.ttf : NotoSansLycian-Regular already registered in fonts database. Skipping.
2025-10-12 22:50:11,790 INFO /System/Library/Fonts/Supplemental/NotoSansLycian-Regular.ttf : NotoSansLycian-Regular already registered in fonts database. Skipping.
2025-10-12 22:50:11,796 INFO /System/Library/Fonts/Supplemental/NotoSansLydian-Regular.ttf : NotoSansLydian-Regular already registered in fonts database. Skipping.
2025-10-12 22:50:11,803 INFO /System/Library/Fonts/Supplemental/NotoSansLydian-Regular.ttf : NotoSansLydian-Regular already registered in fonts database. Skipping.
2025-10-12 22:50:11,813 INFO /System/Library/Fonts/Supplemental/NotoSansMahajani-Regular.ttf : NotoSansMahajani-Regular already registered in fonts database. Skipping.
2025-10-12 22:50:11,824 INFO /System/Library/Fonts/Supplemental/NotoSansMahajani-Regular.ttf : NotoSansMahajani-Regular already registered in fonts database. Skipping.
2025-10-12 22:50:11,835 INFO /System/Library/Fonts/Supplemental/NotoSansMandaic-Regular.ttf : NotoSansMandaic-Regular already registered in fonts database. Skipping.
2025-10-12 22:50:11,847 INFO /System/Library/Fonts/Supplemental/NotoSansMandaic-Regular.ttf : NotoSansMandaic-Regular already registered in fonts database. Skipping.
2025-10-12 22:50:11,862 INFO /System/Library/Fonts/Supplemental/NotoSansManichaean-Regular.ttf : NotoSansManichaean-Regular already registered in fonts database. Skipping.
2025-10-12 22:50:11,876 INFO /System/Library/Fonts/Supplemental/NotoSansManichaean-Regular.ttf : NotoSansManichaean-Regular already registered in fonts database. Skipping.
2025-10-12 22:50:11,906 INFO /System/Library/Fonts/Supplemental/NotoSansMarchen-Regular.ttf : NotoSansMarchen-Regular already registered in fonts database. Skipping.
2025-10-12 22:50:11,935 INFO /System/Library/Fonts/Supplemental/NotoSansMarchen-Regular.ttf : NotoSansMarchen-Regular already registered in fonts database. Skipping.
2025-10-12 22:50:11,945 INFO /System/Library/Fonts/Supplemental/NotoSansMeeteiMayek-Regular.ttf : NotoSansMeeteiMayek-Regular already registered in fonts database. Skipping.
2025-10-12 22:50:11,956 INFO /System/Library/Fonts/Supplemental/NotoSansMeeteiMayek-Regular.ttf : NotoSansMeeteiMayek-Regular already registered in fonts database. Skipping.
2025-10-12 22:50:11,973 INFO /System/Library/Fonts/Supplemental/NotoSansMendeKikakui-Regular.ttf : NotoSansMendeKikakui-Regular already registered in fonts database. Skipping.
2025-10-12 22:50:11,989 INFO /System/Library/Fonts/Supplemental/NotoSansMendeKikakui-Regular.ttf : NotoSansMendeKikakui-Regular already registered in fonts database. Skipping.
2025-10-12 22:50:12,005 INFO /System/Library/Fonts/Supplemental/NotoSansMeroitic-Regular.ttf : NotoSansMeroitic-Regular already registered in fonts database. Skipping.
2025-10-12 22:50:12,022 INFO /System/Library/Fonts/Supplemental/NotoSansMeroitic-Regular.ttf : NotoSansMeroitic-Regular already registered in fonts database. Skipping.
2025-10-12 22:50:12,037 INFO /System/Library/Fonts/Supplemental/NotoSansMiao-Regular.ttf : NotoSansMiao-Regular already registered in fonts database. Skipping.
2025-10-12 22:50:12,052 INFO /System/Library/Fonts/Supplemental/NotoSansMiao-Regular.ttf : NotoSansMiao-Regular already registered in fonts database. Skipping.
2025-10-12 22:50:12,070 INFO /System/Library/Fonts/Supplemental/NotoSansModi-Regular.ttf : NotoSansModi-Regular already registered in fonts database. Skipping.
2025-10-12 22:50:12,087 INFO /System/Library/Fonts/Supplemental/NotoSansModi-Regular.ttf : NotoSansModi-Regular already registered in fonts database. Skipping.
2025-10-12 22:50:12,148 INFO /System/Library/Fonts/Supplemental/NotoSansMongolian-Regular.ttf : NotoSansMongolian-Regular already registered in fonts database. Skipping.
2025-10-12 22:50:12,208 INFO /System/Library/Fonts/Supplemental/NotoSansMongolian-Regular.ttf : NotoSansMongolian-Regular already registered in fonts database. Skipping.
2025-10-12 22:50:12,215 INFO /System/Library/Fonts/Supplemental/NotoSansMro-Regular.ttf : NotoSansMro-Regular already registered in fonts database. Skipping.
2025-10-12 22:50:12,223 INFO /System/Library/Fonts/Supplemental/NotoSansMro-Regular.ttf : NotoSansMro-Regular already registered in fonts database. Skipping.
2025-10-12 22:50:12,232 INFO /System/Library/Fonts/Supplemental/NotoSansMultani-Regular.ttf : NotoSansMultani-Regular already registered in fonts database. Skipping.
2025-10-12 22:50:12,240 INFO /System/Library/Fonts/Supplemental/NotoSansMultani-Regular.ttf : NotoSansMultani-Regular already registered in fonts database. Skipping.
2025-10-12 22:50:12,249 INFO /System/Library/Fonts/Supplemental/NotoSansNabataean-Regular.ttf : NotoSansNabataean-Regular already registered in fonts database. Skipping.
2025-10-12 22:50:12,258 INFO /System/Library/Fonts/Supplemental/NotoSansNabataean-Regular.ttf : NotoSansNabataean-Regular already registered in fonts database. Skipping.
2025-10-12 22:50:12,295 INFO /System/Library/Fonts/Supplemental/NotoSansNewa-Regular.ttf : NotoSansNewa-Regular already registered in fonts database. Skipping.
2025-10-12 22:50:12,330 INFO /System/Library/Fonts/Supplemental/NotoSansNewa-Regular.ttf : NotoSansNewa-Regular already registered in fonts database. Skipping.
2025-10-12 22:50:12,343 INFO /System/Library/Fonts/Supplemental/NotoSansNewTaiLue-Regular.ttf : NotoSansNewTaiLue-Regular already registered in fonts database. Skipping.
2025-10-12 22:50:12,354 INFO /System/Library/Fonts/Supplemental/NotoSansNewTaiLue-Regular.ttf : NotoSansNewTaiLue-Regular already registered in fonts database. Skipping.
2025-10-12 22:50:12,365 INFO /System/Library/Fonts/Supplemental/NotoSansNKo-Regular.ttf : NotoSansNKo-Regular already registered in fonts database. Skipping.
2025-10-12 22:50:12,374 INFO /System/Library/Fonts/Supplemental/NotoSansNKo-Regular.ttf : NotoSansNKo-Regular already registered in fonts database. Skipping.
2025-10-12 22:50:12,384 INFO /System/Library/Fonts/Supplemental/NotoSansOlChiki-Regular.ttf : NotoSansOlChiki-Regular already registered in fonts database. Skipping.
2025-10-12 22:50:12,394 INFO /System/Library/Fonts/Supplemental/NotoSansOlChiki-Regular.ttf : NotoSansOlChiki-Regular already registered in fonts database. Skipping.
2025-10-12 22:50:12,406 INFO /System/Library/Fonts/Supplemental/NotoSansOldHungarian-Regular.ttf : NotoSansOldHungarian-Regular already registered in fonts database. Skipping.
2025-10-12 22:50:12,417 INFO /System/Library/Fonts/Supplemental/NotoSansOldHungarian-Regular.ttf : NotoSansOldHungarian-Regular already registered in fonts database. Skipping.
2025-10-12 22:50:12,425 INFO /System/Library/Fonts/Supplemental/NotoSansOldItalic-Regular.ttf : NotoSansOldItalic-Regular already registered in fonts database. Skipping.
2025-10-12 22:50:12,433 INFO /System/Library/Fonts/Supplemental/NotoSansOldItalic-Regular.ttf : NotoSansOldItalic-Regular already registered in fonts database. Skipping.
2025-10-12 22:50:12,441 INFO /System/Library/Fonts/Supplemental/NotoSansOldNorthArabian-Regular.ttf : NotoSansOldNorthArabian-Regular already registered in fonts database. Skipping.
2025-10-12 22:50:12,449 INFO /System/Library/Fonts/Supplemental/NotoSansOldNorthArabian-Regular.ttf : NotoSansOldNorthArabian-Regular already registered in fonts database. Skipping.
2025-10-12 22:50:12,456 INFO /System/Library/Fonts/Supplemental/NotoSansOldPermic-Regular.ttf : NotoSansOldPermic-Regular already registered in fonts database. Skipping.
2025-10-12 22:50:12,464 INFO /System/Library/Fonts/Supplemental/NotoSansOldPermic-Regular.ttf : NotoSansOldPermic-Regular already registered in fonts database. Skipping.
2025-10-12 22:50:12,473 INFO /System/Library/Fonts/Supplemental/NotoSansOldPersian-Regular.ttf : NotoSansOldPersian-Regular already registered in fonts database. Skipping.
2025-10-12 22:50:12,483 INFO /System/Library/Fonts/Supplemental/NotoSansOldPersian-Regular.ttf : NotoSansOldPersian-Regular already registered in fonts database. Skipping.
2025-10-12 22:50:12,491 INFO /System/Library/Fonts/Supplemental/NotoSansOldSouthArabian-Regular.ttf : NotoSansOldSouthArabian-Regular already registered in fonts database. Skipping.
2025-10-12 22:50:12,498 INFO /System/Library/Fonts/Supplemental/NotoSansOldSouthArabian-Regular.ttf : NotoSansOldSouthArabian-Regular already registered in fonts database. Skipping.
2025-10-12 22:50:12,505 INFO /System/Library/Fonts/Supplemental/NotoSansOldTurkic-Regular.ttf : NotoSansOldTurkic-Regular already registered in fonts database. Skipping.
2025-10-12 22:50:12,513 INFO /System/Library/Fonts/Supplemental/NotoSansOldTurkic-Regular.ttf : NotoSansOldTurkic-Regular already registered in fonts database. Skipping.
2025-10-12 22:50:12,522 INFO /System/Library/Fonts/Supplemental/NotoSansOsage-Regular.ttf : NotoSansOsage-Regular already registered in fonts database. Skipping.
2025-10-12 22:50:12,532 INFO /System/Library/Fonts/Supplemental/NotoSansOsage-Regular.ttf : NotoSansOsage-Regular already registered in fonts database. Skipping.
2025-10-12 22:50:12,540 INFO /System/Library/Fonts/Supplemental/NotoSansOsmanya-Regular.ttf : NotoSansOsmanya-Regular already registered in fonts database. Skipping.
2025-10-12 22:50:12,549 INFO /System/Library/Fonts/Supplemental/NotoSansOsmanya-Regular.ttf : NotoSansOsmanya-Regular already registered in fonts database. Skipping.
2025-10-12 22:50:12,560 INFO /System/Library/Fonts/Supplemental/NotoSansPahawhHmong-Regular.ttf : NotoSansPahawhHmong-Regular already registered in fonts database. Skipping.
2025-10-12 22:50:12,571 INFO /System/Library/Fonts/Supplemental/NotoSansPahawhHmong-Regular.ttf : NotoSansPahawhHmong-Regular already registered in fonts database. Skipping.
2025-10-12 22:50:12,583 INFO /System/Library/Fonts/Supplemental/NotoSansPalmyrene-Regular.ttf : NotoSansPalmyrene-Regular already registered in fonts database. Skipping.
2025-10-12 22:50:12,596 INFO /System/Library/Fonts/Supplemental/NotoSansPalmyrene-Regular.ttf : NotoSansPalmyrene-Regular already registered in fonts database. Skipping.
2025-10-12 22:50:12,604 INFO /System/Library/Fonts/Supplemental/NotoSansPauCinHau-Regular.ttf : NotoSansPauCinHau-Regular already registered in fonts database. Skipping.
2025-10-12 22:50:12,612 INFO /System/Library/Fonts/Supplemental/NotoSansPauCinHau-Regular.ttf : NotoSansPauCinHau-Regular already registered in fonts database. Skipping.
2025-10-12 22:50:12,626 INFO /System/Library/Fonts/Supplemental/NotoSansPhagsPa-Regular.ttf : NotoSansPhagsPa-Regular already registered in fonts database. Skipping.
2025-10-12 22:50:12,640 INFO /System/Library/Fonts/Supplemental/NotoSansPhagsPa-Regular.ttf : NotoSansPhagsPa-Regular already registered in fonts database. Skipping.
2025-10-12 22:50:12,647 INFO /System/Library/Fonts/Supplemental/NotoSansPhoenician-Regular.ttf : NotoSansPhoenician-Regular already registered in fonts database. Skipping.
2025-10-12 22:50:12,655 INFO /System/Library/Fonts/Supplemental/NotoSansPhoenician-Regular.ttf : NotoSansPhoenician-Regular already registered in fonts database. Skipping.
2025-10-12 22:50:12,667 INFO /System/Library/Fonts/Supplemental/NotoSansPsalterPahlavi-Regular.ttf : NotoSansPsalterPahlavi-Regular already registered in fonts database. Skipping.
2025-10-12 22:50:12,680 INFO /System/Library/Fonts/Supplemental/NotoSansPsalterPahlavi-Regular.ttf : NotoSansPsalterPahlavi-Regular already registered in fonts database. Skipping.
2025-10-12 22:50:12,688 INFO /System/Library/Fonts/Supplemental/NotoSansRejang-Regular.ttf : NotoSansRejang-Regular already registered in fonts database. Skipping.
2025-10-12 22:50:12,695 INFO /System/Library/Fonts/Supplemental/NotoSansRejang-Regular.ttf : NotoSansRejang-Regular already registered in fonts database. Skipping.
2025-10-12 22:50:12,706 INFO /System/Library/Fonts/Supplemental/NotoSansSamaritan-Regular.ttf : NotoSansSamaritan-Regular already registered in fonts database. Skipping.
2025-10-12 22:50:12,715 INFO /System/Library/Fonts/Supplemental/NotoSansSamaritan-Regular.ttf : NotoSansSamaritan-Regular already registered in fonts database. Skipping.
2025-10-12 22:50:12,725 INFO /System/Library/Fonts/Supplemental/NotoSansSaurashtra-Regular.ttf : NotoSansSaurashtra-Regular already registered in fonts database. Skipping.
2025-10-12 22:50:12,735 INFO /System/Library/Fonts/Supplemental/NotoSansSaurashtra-Regular.ttf : NotoSansSaurashtra-Regular already registered in fonts database. Skipping.
2025-10-12 22:50:12,752 INFO /System/Library/Fonts/Supplemental/NotoSansSharada-Regular.ttf : NotoSansSharada-Regular already registered in fonts database. Skipping.
2025-10-12 22:50:12,768 INFO /System/Library/Fonts/Supplemental/NotoSansSharada-Regular.ttf : NotoSansSharada-Regular already registered in fonts database. Skipping.
2025-10-12 22:50:12,777 INFO /System/Library/Fonts/Supplemental/NotoSansSoraSompeng-Regular.ttf : NotoSansSoraSompeng-Regular already registered in fonts database. Skipping.
2025-10-12 22:50:12,784 INFO /System/Library/Fonts/Supplemental/NotoSansSoraSompeng-Regular.ttf : NotoSansSoraSompeng-Regular already registered in fonts database. Skipping.
2025-10-12 22:50:12,792 INFO /System/Library/Fonts/Supplemental/NotoSansSundanese-Regular.ttf : NotoSansSundanese-Regular already registered in fonts database. Skipping.
2025-10-12 22:50:12,800 INFO /System/Library/Fonts/Supplemental/NotoSansSundanese-Regular.ttf : NotoSansSundanese-Regular already registered in fonts database. Skipping.
2025-10-12 22:50:12,810 INFO /System/Library/Fonts/Supplemental/NotoSansSylotiNagri-Regular.ttf : NotoSansSylotiNagri-Regular already registered in fonts database. Skipping.
2025-10-12 22:50:12,820 INFO /System/Library/Fonts/Supplemental/NotoSansSylotiNagri-Regular.ttf : NotoSansSylotiNagri-Regular already registered in fonts database. Skipping.
2025-10-12 22:50:12,839 INFO /System/Library/Fonts/Supplemental/NotoSansSyriac-Regular.ttf : NotoSansSyriac-Regular already registered in fonts database. Skipping.
2025-10-12 22:50:12,858 INFO /System/Library/Fonts/Supplemental/NotoSansSyriac-Regular.ttf : NotoSansSyriac-Regular already registered in fonts database. Skipping.
2025-10-12 22:50:12,865 INFO /System/Library/Fonts/Supplemental/NotoSansTagalog-Regular.ttf : NotoSansTagalog-Regular already registered in fonts database. Skipping.
2025-10-12 22:50:12,873 INFO /System/Library/Fonts/Supplemental/NotoSansTagalog-Regular.ttf : NotoSansTagalog-Regular already registered in fonts database. Skipping.
2025-10-12 22:50:12,880 INFO /System/Library/Fonts/Supplemental/NotoSansTagbanwa-Regular.ttf : NotoSansTagbanwa-Regular already registered in fonts database. Skipping.
2025-10-12 22:50:12,887 INFO /System/Library/Fonts/Supplemental/NotoSansTagbanwa-Regular.ttf : NotoSansTagbanwa-Regular already registered in fonts database. Skipping.
2025-10-12 22:50:12,897 INFO /System/Library/Fonts/Supplemental/NotoSansTaiLe-Regular.ttf : NotoSansTaiLe-Regular already registered in fonts database. Skipping.
2025-10-12 22:50:12,907 INFO /System/Library/Fonts/Supplemental/NotoSansTaiLe-Regular.ttf : NotoSansTaiLe-Regular already registered in fonts database. Skipping.
2025-10-12 22:50:12,925 INFO /System/Library/Fonts/Supplemental/NotoSansTaiTham-Regular.ttf : NotoSansTaiTham already registered in fonts database. Skipping.
2025-10-12 22:50:12,943 INFO /System/Library/Fonts/Supplemental/NotoSansTaiTham-Regular.ttf : NotoSansTaiTham already registered in fonts database. Skipping.
2025-10-12 22:50:12,956 INFO /System/Library/Fonts/Supplemental/NotoSansTaiViet-Regular.ttf : NotoSansTaiViet-Regular already registered in fonts database. Skipping.
2025-10-12 22:50:12,968 INFO /System/Library/Fonts/Supplemental/NotoSansTaiViet-Regular.ttf : NotoSansTaiViet-Regular already registered in fonts database. Skipping.
2025-10-12 22:50:12,978 INFO /System/Library/Fonts/Supplemental/NotoSansTakri-Regular.ttf : NotoSansTakri-Regular already registered in fonts database. Skipping.
2025-10-12 22:50:12,987 INFO /System/Library/Fonts/Supplemental/NotoSansTakri-Regular.ttf : NotoSansTakri-Regular already registered in fonts database. Skipping.
2025-10-12 22:50:13,001 INFO /System/Library/Fonts/Supplemental/NotoSansThaana-Regular.ttf : NotoSansThaana-Regular already registered in fonts database. Skipping.
2025-10-12 22:50:13,014 INFO /System/Library/Fonts/Supplemental/NotoSansThaana-Regular.ttf : NotoSansThaana-Regular already registered in fonts database. Skipping.
2025-10-12 22:50:13,033 INFO /System/Library/Fonts/Supplemental/NotoSansTirhuta-Regular.ttf : NotoSansTirhuta-Regular already registered in fonts database. Skipping.
2025-10-12 22:50:13,051 INFO /System/Library/Fonts/Supplemental/NotoSansTirhuta-Regular.ttf : NotoSansTirhuta-Regular already registered in fonts database. Skipping.
2025-10-12 22:50:13,059 INFO /System/Library/Fonts/Supplemental/NotoSansUgaritic-Regular.ttf : NotoSansUgaritic-Regular already registered in fonts database. Skipping.
2025-10-12 22:50:13,067 INFO /System/Library/Fonts/Supplemental/NotoSansUgaritic-Regular.ttf : NotoSansUgaritic-Regular already registered in fonts database. Skipping.
2025-10-12 22:50:13,088 INFO /System/Library/Fonts/Supplemental/NotoSansVai-Regular.ttf : NotoSansVai-Regular already registered in fonts database. Skipping.
2025-10-12 22:50:13,109 INFO /System/Library/Fonts/Supplemental/NotoSansVai-Regular.ttf : NotoSansVai-Regular already registered in fonts database. Skipping.
2025-10-12 22:50:13,118 INFO /System/Library/Fonts/Supplemental/NotoSansWancho-Regular.ttf : NotoSansWancho-Regular already registered in fonts database. Skipping.
2025-10-12 22:50:13,127 INFO /System/Library/Fonts/Supplemental/NotoSansWancho-Regular.ttf : NotoSansWancho-Regular already registered in fonts database. Skipping.
2025-10-12 22:50:13,137 INFO /System/Library/Fonts/Supplemental/NotoSansWarangCiti-Regular.ttf : NotoSansWarangCiti-Regular already registered in fonts database. Skipping.
2025-10-12 22:50:13,147 INFO /System/Library/Fonts/Supplemental/NotoSansWarangCiti-Regular.ttf : NotoSansWarangCiti-Regular already registered in fonts database. Skipping.
2025-10-12 22:50:13,201 INFO /System/Library/Fonts/Supplemental/NotoSansYi-Regular.ttf : NotoSansYi-Regular already registered in fonts database. Skipping.
2025-10-12 22:50:13,254 INFO /System/Library/Fonts/Supplemental/NotoSansYi-Regular.ttf : NotoSansYi-Regular already registered in fonts database. Skipping.
2025-10-12 22:50:13,266 INFO /System/Library/Fonts/Supplemental/NotoSerifAhom-Regular.ttf : NotoSerifAhom-Regular already registered in fonts database. Skipping.
2025-10-12 22:50:13,278 INFO /System/Library/Fonts/Supplemental/NotoSerifAhom-Regular.ttf : NotoSerifAhom-Regular already registered in fonts database. Skipping.
2025-10-12 22:50:13,306 INFO /System/Library/Fonts/Supplemental/NotoSerifBalinese-Regular.ttf : NotoSerifBalinese-Regular already registered in fonts database. Skipping.
2025-10-12 22:50:13,335 INFO /System/Library/Fonts/Supplemental/NotoSerifBalinese-Regular.ttf : NotoSerifBalinese-Regular already registered in fonts database. Skipping.
2025-10-12 22:50:13,343 INFO /System/Library/Fonts/Supplemental/NotoSerifNyiakengPuachueHmong-Regular.ttf : NotoSerifHmongNyiakeng-Regular already registered in fonts database. Skipping.
2025-10-12 22:50:13,352 INFO /System/Library/Fonts/Supplemental/NotoSerifNyiakengPuachueHmong-Regular.ttf : NotoSerifHmongNyiakeng-Regular already registered in fonts database. Skipping.
2025-10-12 22:50:13,453 INFO /System/Library/Fonts/Supplemental/PartyLET-plain.ttf : PartyLetPlain already registered in fonts database. Skipping.
2025-10-12 22:50:13,556 INFO /System/Library/Fonts/Supplemental/PartyLET-plain.ttf : PartyLetPlain already registered in fonts database. Skipping.
2025-10-12 22:50:13,597 INFO /System/Library/Fonts/Supplemental/PlantagenetCherokee.ttf : No FontName. Skipping.
2025-10-12 22:50:13,638 INFO /System/Library/Fonts/Supplemental/PlantagenetCherokee.ttf : No FontName. Skipping.
2025-10-12 22:50:13,678 INFO /System/Library/Fonts/Supplemental/Sathu.ttf : No FontName. Skipping.
2025-10-12 22:50:13,717 INFO /System/Library/Fonts/Supplemental/Sathu.ttf : No FontName. Skipping.
2025-10-12 22:50:13,739 INFO /System/Library/Fonts/Supplemental/Silom.ttf : No FontName. Skipping.
2025-10-12 22:50:13,763 INFO /System/Library/Fonts/Supplemental/Silom.ttf : No FontName. Skipping.
2025-10-12 22:50:13,791 INFO /System/Library/Fonts/Supplemental/Skia.ttf : No FontName. Skipping.
2025-10-12 22:50:13,818 INFO /System/Library/Fonts/Supplemental/Skia.ttf : No FontName. Skipping.
2025-10-12 22:50:13,951 INFO /System/Library/Fonts/Supplemental/STIXTwoText-Italic.ttf : STIXTwoText-Italic already registered in fonts database. Skipping.
2025-10-12 22:50:14,082 INFO /System/Library/Fonts/Supplemental/STIXTwoText-Italic.ttf : STIXTwoText-Italic already registered in fonts database. Skipping.
2025-10-12 22:50:14,197 INFO /System/Library/Fonts/Supplemental/STIXTwoText.ttf : STIXTwoText already registered in fonts database. Skipping.
2025-10-12 22:50:14,312 INFO /System/Library/Fonts/Supplemental/STIXTwoText.ttf : STIXTwoText already registered in fonts database. Skipping.
2025-10-12 22:50:14,405 INFO /System/Library/Fonts/Supplemental/Tahoma Bold.ttf : Tahoma-Bold already registered in fonts database. Skipping.
2025-10-12 22:50:14,496 INFO /System/Library/Fonts/Supplemental/Tahoma Bold.ttf : Tahoma-Bold already registered in fonts database. Skipping.
2025-10-12 22:50:14,596 INFO /System/Library/Fonts/Supplemental/Tahoma.ttf : Tahoma already registered in fonts database. Skipping.
2025-10-12 22:50:14,694 INFO /System/Library/Fonts/Supplemental/Tahoma.ttf : Tahoma already registered in fonts database. Skipping.
2025-10-12 22:50:14,793 INFO /System/Library/Fonts/Supplemental/Times New Roman Bold Italic.ttf : TimesNewRomanPS-BoldItalicMT already registered in fonts database. Skipping.
2025-10-12 22:50:14,891 INFO /System/Library/Fonts/Supplemental/Times New Roman Bold Italic.ttf : TimesNewRomanPS-BoldItalicMT already registered in fonts database. Skipping.
2025-10-12 22:50:15,035 INFO /System/Library/Fonts/Supplemental/Times New Roman Bold.ttf : TimesNewRomanPS-BoldMT already registered in fonts database. Skipping.
2025-10-12 22:50:15,178 INFO /System/Library/Fonts/Supplemental/Times New Roman Bold.ttf : TimesNewRomanPS-BoldMT already registered in fonts database. Skipping.
2025-10-12 22:50:15,284 INFO /System/Library/Fonts/Supplemental/Times New Roman Italic.ttf : TimesNewRomanPS-ItalicMT already registered in fonts database. Skipping.
2025-10-12 22:50:15,388 INFO /System/Library/Fonts/Supplemental/Times New Roman Italic.ttf : TimesNewRomanPS-ItalicMT already registered in fonts database. Skipping.
2025-10-12 22:50:15,540 INFO /System/Library/Fonts/Supplemental/Times New Roman.ttf : TimesNewRomanPSMT already registered in fonts database. Skipping.
2025-10-12 22:50:15,692 INFO /System/Library/Fonts/Supplemental/Times New Roman.ttf : TimesNewRomanPSMT already registered in fonts database. Skipping.
2025-10-12 22:50:17,566 INFO /System/Library/Fonts/Supplemental/Trattatello.ttf : Trattatello already registered in fonts database. Skipping.
2025-10-12 22:50:19,447 INFO /System/Library/Fonts/Supplemental/Trattatello.ttf : Trattatello already registered in fonts database. Skipping.
2025-10-12 22:50:19,480 INFO /System/Library/Fonts/Supplemental/Trebuchet MS Bold Italic.ttf : Trebuchet-BoldItalic already registered in fonts database. Skipping.
2025-10-12 22:50:19,519 INFO /System/Library/Fonts/Supplemental/Trebuchet MS Bold Italic.ttf : Trebuchet-BoldItalic already registered in fonts database. Skipping.
2025-10-12 22:50:19,535 INFO /System/Library/Fonts/Supplemental/Trebuchet MS Bold.ttf : TrebuchetMS-Bold already registered in fonts database. Skipping.
2025-10-12 22:50:19,554 INFO /System/Library/Fonts/Supplemental/Trebuchet MS Bold.ttf : TrebuchetMS-Bold already registered in fonts database. Skipping.
2025-10-12 22:50:19,569 INFO /System/Library/Fonts/Supplemental/Trebuchet MS Italic.ttf : TrebuchetMS-Italic already registered in fonts database. Skipping.
2025-10-12 22:50:19,585 INFO /System/Library/Fonts/Supplemental/Trebuchet MS Italic.ttf : TrebuchetMS-Italic already registered in fonts database. Skipping.
2025-10-12 22:50:19,600 INFO /System/Library/Fonts/Supplemental/Trebuchet MS.ttf : TrebuchetMS already registered in fonts database. Skipping.
2025-10-12 22:50:19,615 INFO /System/Library/Fonts/Supplemental/Trebuchet MS.ttf : TrebuchetMS already registered in fonts database. Skipping.
2025-10-12 22:50:19,637 INFO /System/Library/Fonts/Supplemental/Verdana Bold Italic.ttf : Verdana-BoldItalic already registered in fonts database. Skipping.
2025-10-12 22:50:19,663 INFO /System/Library/Fonts/Supplemental/Verdana Bold Italic.ttf : Verdana-BoldItalic already registered in fonts database. Skipping.
2025-10-12 22:50:19,692 INFO /System/Library/Fonts/Supplemental/Verdana Bold.ttf : Verdana-Bold already registered in fonts database. Skipping.
2025-10-12 22:50:19,746 INFO /System/Library/Fonts/Supplemental/Verdana Bold.ttf : Verdana-Bold already registered in fonts database. Skipping.
2025-10-12 22:50:19,771 INFO /System/Library/Fonts/Supplemental/Verdana Italic.ttf : Verdana-Italic already registered in fonts database. Skipping.
2025-10-12 22:50:19,795 INFO /System/Library/Fonts/Supplemental/Verdana Italic.ttf : Verdana-Italic already registered in fonts database. Skipping.
2025-10-12 22:50:19,819 INFO /System/Library/Fonts/Supplemental/Verdana.ttf : Verdana already registered in fonts database. Skipping.
2025-10-12 22:50:19,844 INFO /System/Library/Fonts/Supplemental/Verdana.ttf : Verdana already registered in fonts database. Skipping.
2025-10-12 22:50:19,873 INFO /System/Library/Fonts/Supplemental/Webdings.ttf : Webdings already registered in fonts database. Skipping.
2025-10-12 22:50:19,903 INFO /System/Library/Fonts/Supplemental/Webdings.ttf : Webdings already registered in fonts database. Skipping.
2025-10-12 22:50:19,915 INFO /System/Library/Fonts/Supplemental/Wingdings 2.ttf : Wingdings2 already registered in fonts database. Skipping.
2025-10-12 22:50:19,927 INFO /System/Library/Fonts/Supplemental/Wingdings 2.ttf : Wingdings2 already registered in fonts database. Skipping.
2025-10-12 22:50:19,934 INFO /System/Library/Fonts/Supplemental/Wingdings 3.ttf : Wingdings3 already registered in fonts database. Skipping.
2025-10-12 22:50:19,941 INFO /System/Library/Fonts/Supplemental/Wingdings 3.ttf : Wingdings3 already registered in fonts database. Skipping.
2025-10-12 22:50:19,955 INFO /System/Library/Fonts/Supplemental/Wingdings.ttf : Wingdings-Regular already registered in fonts database. Skipping.
2025-10-12 22:50:19,968 INFO /System/Library/Fonts/Supplemental/Wingdings.ttf : Wingdings-Regular already registered in fonts database. Skipping.
2025-10-12 22:50:20,388 INFO /System/Library/Fonts/Supplemental/Zapfino.ttf : No FontName. Skipping.
2025-10-12 22:50:20,774 INFO /System/Library/Fonts/Supplemental/Zapfino.ttf : No FontName. Skipping.
2025-10-12 22:50:20,785 INFO /System/Library/Fonts/Symbol.ttf : No FontName. Skipping.
2025-10-12 22:50:20,799 INFO /System/Library/Fonts/ZapfDingbats.ttf : No FontName. Skipping.
2025-10-12 22:50:20,799 INFO Found FontName for 0 fonts.
2025-10-12 22:50:20,799 INFO Scanning afm files in /Library/Frameworks/R.framework/Versions/4.5-arm64/Resources/library/extrafontdb/metrics
2025-10-12 22:50:20,902 INFO .Keyboard already registered with pdfFont().
2025-10-12 22:50:20,902 INFO .New York already registered with pdfFont().
2025-10-12 22:50:20,902 INFO .SF Arabic already registered with pdfFont().
2025-10-12 22:50:20,902 INFO .SF Arabic Rounded already registered with pdfFont().
2025-10-12 22:50:20,902 INFO .SF Armenian already registered with pdfFont().
2025-10-12 22:50:20,902 INFO .SF Armenian Rounded already registered with pdfFont().
2025-10-12 22:50:20,902 INFO .SF Camera already registered with pdfFont().
2025-10-12 22:50:20,902 INFO .SF Compact already registered with pdfFont().
2025-10-12 22:50:20,902 INFO .SF Compact Rounded already registered with pdfFont().
2025-10-12 22:50:20,902 INFO .SF Georgian already registered with pdfFont().
2025-10-12 22:50:20,902 INFO .SF Georgian Rounded already registered with pdfFont().
2025-10-12 22:50:20,902 INFO .SF Hebrew already registered with pdfFont().
2025-10-12 22:50:20,902 INFO .SF Hebrew Rounded already registered with pdfFont().
2025-10-12 22:50:20,902 INFO .SF NS Mono already registered with pdfFont().
2025-10-12 22:50:20,902 INFO .SF NS Rounded already registered with pdfFont().
2025-10-12 22:50:20,902 INFO Academy Engraved LET already registered with pdfFont().
2025-10-12 22:50:20,902 INFO Andale Mono already registered with pdfFont().
2025-10-12 22:50:20,902 INFO More than one version of regular/bold/italic found for Apple Braille. Skipping setup for this font.
2025-10-12 22:50:20,902 INFO AppleMyungjo already registered with pdfFont().
2025-10-12 22:50:20,902 INFO Arial already registered with pdfFont().
2025-10-12 22:50:20,902 INFO Arial Black already registered with pdfFont().
2025-10-12 22:50:20,902 INFO Arial Narrow already registered with pdfFont().
2025-10-12 22:50:20,902 INFO Arial Rounded MT Bold already registered with pdfFont().
2025-10-12 22:50:20,902 INFO Arial Unicode MS already registered with pdfFont().
2025-10-12 22:50:20,902 INFO Bodoni 72 Smallcaps already registered with pdfFont().
2025-10-12 22:50:20,902 INFO Bodoni Ornaments already registered with pdfFont().
2025-10-12 22:50:20,902 INFO No regular (non-bold, non-italic) version of Brush Script MT. Skipping setup for this font.
2025-10-12 22:50:20,902 INFO Comic Sans MS already registered with pdfFont().
2025-10-12 22:50:20,902 INFO Courier New already registered with pdfFont().
2025-10-12 22:50:20,902 INFO No regular (non-bold, non-italic) version of DIN Alternate. Skipping setup for this font.
2025-10-12 22:50:20,902 INFO No regular (non-bold, non-italic) version of DIN Condensed. Skipping setup for this font.
2025-10-12 22:50:20,902 INFO Georgia already registered with pdfFont().
2025-10-12 22:50:20,902 INFO Impact already registered with pdfFont().
2025-10-12 22:50:20,902 INFO Khmer Sangam MN already registered with pdfFont().
2025-10-12 22:50:20,902 INFO Lao Sangam MN already registered with pdfFont().
2025-10-12 22:50:20,902 INFO Luminari already registered with pdfFont().
2025-10-12 22:50:20,902 INFO Microsoft Sans Serif already registered with pdfFont().
2025-10-12 22:50:20,903 INFO Noto Sans Adlam already registered with pdfFont().
2025-10-12 22:50:20,903 INFO Noto Sans Avestan already registered with pdfFont().
2025-10-12 22:50:20,903 INFO Noto Sans Bamum already registered with pdfFont().
2025-10-12 22:50:20,903 INFO Noto Sans Bassa Vah already registered with pdfFont().
2025-10-12 22:50:20,903 INFO Noto Sans Batak already registered with pdfFont().
2025-10-12 22:50:20,903 INFO Noto Sans Bhaiksuki already registered with pdfFont().
2025-10-12 22:50:20,903 INFO Noto Sans Brahmi already registered with pdfFont().
2025-10-12 22:50:20,903 INFO Noto Sans Buginese already registered with pdfFont().
2025-10-12 22:50:20,903 INFO Noto Sans Buhid already registered with pdfFont().
2025-10-12 22:50:20,903 INFO Noto Sans Carian already registered with pdfFont().
2025-10-12 22:50:20,903 INFO Noto Sans CaucAlban already registered with pdfFont().
2025-10-12 22:50:20,903 INFO Noto Sans Chakma already registered with pdfFont().
2025-10-12 22:50:20,903 INFO Noto Sans Cham already registered with pdfFont().
2025-10-12 22:50:20,903 INFO Noto Sans Coptic already registered with pdfFont().
2025-10-12 22:50:20,903 INFO Noto Sans Cuneiform already registered with pdfFont().
2025-10-12 22:50:20,903 INFO Noto Sans Cypriot already registered with pdfFont().
2025-10-12 22:50:20,903 INFO Noto Sans Duployan already registered with pdfFont().
2025-10-12 22:50:20,903 INFO Noto Sans EgyptHiero already registered with pdfFont().
2025-10-12 22:50:20,903 INFO Noto Sans Elbasan already registered with pdfFont().
2025-10-12 22:50:20,903 INFO Noto Sans Glagolitic already registered with pdfFont().
2025-10-12 22:50:20,903 INFO Noto Sans Gothic already registered with pdfFont().
2025-10-12 22:50:20,903 INFO Noto Sans HanifiRohg already registered with pdfFont().
2025-10-12 22:50:20,903 INFO Noto Sans Hanunoo already registered with pdfFont().
2025-10-12 22:50:20,903 INFO Noto Sans Hatran already registered with pdfFont().
2025-10-12 22:50:20,903 INFO Noto Sans ImpAramaic already registered with pdfFont().
2025-10-12 22:50:20,903 INFO Noto Sans InsPahlavi already registered with pdfFont().
2025-10-12 22:50:20,903 INFO Noto Sans InsParthi already registered with pdfFont().
2025-10-12 22:50:20,903 INFO Noto Sans Kaithi already registered with pdfFont().
2025-10-12 22:50:20,903 INFO Noto Sans Kayah Li already registered with pdfFont().
2025-10-12 22:50:20,903 INFO Noto Sans Kharoshthi already registered with pdfFont().
2025-10-12 22:50:20,903 INFO Noto Sans Khojki already registered with pdfFont().
2025-10-12 22:50:20,903 INFO Noto Sans Khudawadi already registered with pdfFont().
2025-10-12 22:50:20,903 INFO Noto Sans Lepcha already registered with pdfFont().
2025-10-12 22:50:20,903 INFO Noto Sans Limbu already registered with pdfFont().
2025-10-12 22:50:20,903 INFO Noto Sans Linear A already registered with pdfFont().
2025-10-12 22:50:20,904 INFO Noto Sans Linear B already registered with pdfFont().
2025-10-12 22:50:20,904 INFO Noto Sans Lisu already registered with pdfFont().
2025-10-12 22:50:20,904 INFO Noto Sans Lycian already registered with pdfFont().
2025-10-12 22:50:20,904 INFO Noto Sans Lydian already registered with pdfFont().
2025-10-12 22:50:20,904 INFO Noto Sans Mahajani already registered with pdfFont().
2025-10-12 22:50:20,904 INFO Noto Sans Mandaic already registered with pdfFont().
2025-10-12 22:50:20,904 INFO Noto Sans Manichaean already registered with pdfFont().
2025-10-12 22:50:20,904 INFO Noto Sans Marchen already registered with pdfFont().
2025-10-12 22:50:20,904 INFO Noto Sans MeeteiMayek already registered with pdfFont().
2025-10-12 22:50:20,904 INFO Noto Sans Mende Kikakui already registered with pdfFont().
2025-10-12 22:50:20,904 INFO Noto Sans Meroitic already registered with pdfFont().
2025-10-12 22:50:20,904 INFO Noto Sans Miao already registered with pdfFont().
2025-10-12 22:50:20,904 INFO Noto Sans Modi already registered with pdfFont().
2025-10-12 22:50:20,904 INFO Noto Sans Mongolian already registered with pdfFont().
2025-10-12 22:50:20,904 INFO Noto Sans Mro already registered with pdfFont().
2025-10-12 22:50:20,904 INFO Noto Sans Multani already registered with pdfFont().
2025-10-12 22:50:20,904 INFO Noto Sans Nabataean already registered with pdfFont().
2025-10-12 22:50:20,904 INFO Noto Sans Newa already registered with pdfFont().
2025-10-12 22:50:20,904 INFO Noto Sans NewTaiLue already registered with pdfFont().
2025-10-12 22:50:20,904 INFO Noto Sans NKo already registered with pdfFont().
2025-10-12 22:50:20,904 INFO Noto Sans Ol Chiki already registered with pdfFont().
2025-10-12 22:50:20,904 INFO No regular (non-bold, non-italic) version of Noto Sans Old Italic. Skipping setup for this font.
2025-10-12 22:50:20,904 INFO Noto Sans Old Permic already registered with pdfFont().
2025-10-12 22:50:20,904 INFO Noto Sans Old Turkic already registered with pdfFont().
2025-10-12 22:50:20,904 INFO Noto Sans OldHung already registered with pdfFont().
2025-10-12 22:50:20,904 INFO Noto Sans OldNorArab already registered with pdfFont().
2025-10-12 22:50:20,904 INFO Noto Sans OldPersian already registered with pdfFont().
2025-10-12 22:50:20,904 INFO Noto Sans OldSouArab already registered with pdfFont().
2025-10-12 22:50:20,904 INFO Noto Sans Osage already registered with pdfFont().
2025-10-12 22:50:20,904 INFO Noto Sans Osmanya already registered with pdfFont().
2025-10-12 22:50:20,904 INFO Noto Sans Pahawh Hmong already registered with pdfFont().
2025-10-12 22:50:20,904 INFO Noto Sans Palmyrene already registered with pdfFont().
2025-10-12 22:50:20,904 INFO Noto Sans PauCinHau already registered with pdfFont().
2025-10-12 22:50:20,904 INFO Noto Sans PhagsPa already registered with pdfFont().
2025-10-12 22:50:20,904 INFO Noto Sans Phoenician already registered with pdfFont().
2025-10-12 22:50:20,904 INFO Noto Sans PsaPahlavi already registered with pdfFont().
2025-10-12 22:50:20,905 INFO Noto Sans Rejang already registered with pdfFont().
2025-10-12 22:50:20,905 INFO Noto Sans Samaritan already registered with pdfFont().
2025-10-12 22:50:20,905 INFO Noto Sans Saurashtra already registered with pdfFont().
2025-10-12 22:50:20,905 INFO Noto Sans Sharada already registered with pdfFont().
2025-10-12 22:50:20,905 INFO Noto Sans SoraSomp already registered with pdfFont().
2025-10-12 22:50:20,905 INFO Noto Sans Sundanese already registered with pdfFont().
2025-10-12 22:50:20,905 INFO Noto Sans Syloti Nagri already registered with pdfFont().
2025-10-12 22:50:20,905 INFO Noto Sans Syriac already registered with pdfFont().
2025-10-12 22:50:20,905 INFO Noto Sans Tagalog already registered with pdfFont().
2025-10-12 22:50:20,905 INFO Noto Sans Tagbanwa already registered with pdfFont().
2025-10-12 22:50:20,905 INFO Noto Sans Tai Le already registered with pdfFont().
2025-10-12 22:50:20,905 INFO Noto Sans Tai Tham already registered with pdfFont().
2025-10-12 22:50:20,905 INFO Noto Sans Tai Viet already registered with pdfFont().
2025-10-12 22:50:20,905 INFO Noto Sans Takri already registered with pdfFont().
2025-10-12 22:50:20,905 INFO Noto Sans Thaana already registered with pdfFont().
2025-10-12 22:50:20,905 INFO Noto Sans Tirhuta already registered with pdfFont().
2025-10-12 22:50:20,905 INFO Noto Sans Ugaritic already registered with pdfFont().
2025-10-12 22:50:20,905 INFO Noto Sans Vai already registered with pdfFont().
2025-10-12 22:50:20,905 INFO Noto Sans Wancho already registered with pdfFont().
2025-10-12 22:50:20,905 INFO Noto Sans WarangCiti already registered with pdfFont().
2025-10-12 22:50:20,905 INFO Noto Sans Yi already registered with pdfFont().
2025-10-12 22:50:20,905 INFO Noto Serif Ahom already registered with pdfFont().
2025-10-12 22:50:20,905 INFO Noto Serif Balinese already registered with pdfFont().
2025-10-12 22:50:20,905 INFO Noto Serif Hmong Nyiakeng already registered with pdfFont().
2025-10-12 22:50:20,905 INFO Party LET already registered with pdfFont().
2025-10-12 22:50:20,905 INFO STIX Two Text already registered with pdfFont().
2025-10-12 22:50:20,905 INFO System Font already registered with pdfFont().
2025-10-12 22:50:20,905 INFO Tahoma already registered with pdfFont().
2025-10-12 22:50:20,905 INFO Times New Roman already registered with pdfFont().
2025-10-12 22:50:20,905 INFO Trattatello already registered with pdfFont().
2025-10-12 22:50:20,905 INFO Trebuchet MS already registered with pdfFont().
2025-10-12 22:50:20,905 INFO Verdana already registered with pdfFont().
2025-10-12 22:50:20,905 INFO Webdings already registered with pdfFont().
2025-10-12 22:50:20,905 INFO Wingdings already registered with pdfFont().
2025-10-12 22:50:20,905 INFO Wingdings 2 already registered with pdfFont().
2025-10-12 22:50:20,906 INFO Wingdings 3 already registered with pdfFont().
2025-10-12 22:50:20,910 INFO .Keyboard already registered with postscriptFont().
2025-10-12 22:50:20,910 INFO .New York already registered with postscriptFont().
2025-10-12 22:50:20,910 INFO .SF Arabic already registered with postscriptFont().
2025-10-12 22:50:20,910 INFO .SF Arabic Rounded already registered with postscriptFont().
2025-10-12 22:50:20,910 INFO .SF Armenian already registered with postscriptFont().
2025-10-12 22:50:20,910 INFO .SF Armenian Rounded already registered with postscriptFont().
2025-10-12 22:50:20,910 INFO .SF Camera already registered with postscriptFont().
2025-10-12 22:50:20,910 INFO .SF Compact already registered with postscriptFont().
2025-10-12 22:50:20,910 INFO .SF Compact Rounded already registered with postscriptFont().
2025-10-12 22:50:20,910 INFO .SF Georgian already registered with postscriptFont().
2025-10-12 22:50:20,910 INFO .SF Georgian Rounded already registered with postscriptFont().
2025-10-12 22:50:20,910 INFO .SF Hebrew already registered with postscriptFont().
2025-10-12 22:50:20,910 INFO .SF Hebrew Rounded already registered with postscriptFont().
2025-10-12 22:50:20,910 INFO .SF NS Mono already registered with postscriptFont().
2025-10-12 22:50:20,910 INFO .SF NS Rounded already registered with postscriptFont().
2025-10-12 22:50:20,910 INFO Academy Engraved LET already registered with postscriptFont().
2025-10-12 22:50:20,910 INFO Andale Mono already registered with postscriptFont().
2025-10-12 22:50:20,910 INFO More than one version of regular/bold/italic found for Apple Braille. Skipping setup for this font.
2025-10-12 22:50:20,910 INFO AppleMyungjo already registered with postscriptFont().
2025-10-12 22:50:20,910 INFO Arial already registered with postscriptFont().
2025-10-12 22:50:20,910 INFO Arial Black already registered with postscriptFont().
2025-10-12 22:50:20,910 INFO Arial Narrow already registered with postscriptFont().
2025-10-12 22:50:20,911 INFO Arial Rounded MT Bold already registered with postscriptFont().
2025-10-12 22:50:20,911 INFO Arial Unicode MS already registered with postscriptFont().
2025-10-12 22:50:20,911 INFO Bodoni 72 Smallcaps already registered with postscriptFont().
2025-10-12 22:50:20,911 INFO Bodoni Ornaments already registered with postscriptFont().
2025-10-12 22:50:20,911 INFO No regular (non-bold, non-italic) version of Brush Script MT. Skipping setup for this font.
2025-10-12 22:50:20,911 INFO Comic Sans MS already registered with postscriptFont().
2025-10-12 22:50:20,911 INFO Courier New already registered with postscriptFont().
2025-10-12 22:50:20,911 INFO No regular (non-bold, non-italic) version of DIN Alternate. Skipping setup for this font.
2025-10-12 22:50:20,911 INFO No regular (non-bold, non-italic) version of DIN Condensed. Skipping setup for this font.
2025-10-12 22:50:20,911 INFO Georgia already registered with postscriptFont().
2025-10-12 22:50:20,911 INFO Impact already registered with postscriptFont().
2025-10-12 22:50:20,911 INFO Khmer Sangam MN already registered with postscriptFont().
2025-10-12 22:50:20,911 INFO Lao Sangam MN already registered with postscriptFont().
2025-10-12 22:50:20,911 INFO Luminari already registered with postscriptFont().
2025-10-12 22:50:20,911 INFO Microsoft Sans Serif already registered with postscriptFont().
2025-10-12 22:50:20,911 INFO Noto Sans Adlam already registered with postscriptFont().
2025-10-12 22:50:20,911 INFO Noto Sans Avestan already registered with postscriptFont().
2025-10-12 22:50:20,911 INFO Noto Sans Bamum already registered with postscriptFont().
2025-10-12 22:50:20,911 INFO Noto Sans Bassa Vah already registered with postscriptFont().
2025-10-12 22:50:20,911 INFO Noto Sans Batak already registered with postscriptFont().
2025-10-12 22:50:20,911 INFO Noto Sans Bhaiksuki already registered with postscriptFont().
2025-10-12 22:50:20,911 INFO Noto Sans Brahmi already registered with postscriptFont().
2025-10-12 22:50:20,911 INFO Noto Sans Buginese already registered with postscriptFont().
2025-10-12 22:50:20,911 INFO Noto Sans Buhid already registered with postscriptFont().
2025-10-12 22:50:20,911 INFO Noto Sans Carian already registered with postscriptFont().
2025-10-12 22:50:20,911 INFO Noto Sans CaucAlban already registered with postscriptFont().
2025-10-12 22:50:20,911 INFO Noto Sans Chakma already registered with postscriptFont().
2025-10-12 22:50:20,911 INFO Noto Sans Cham already registered with postscriptFont().
2025-10-12 22:50:20,911 INFO Noto Sans Coptic already registered with postscriptFont().
2025-10-12 22:50:20,911 INFO Noto Sans Cuneiform already registered with postscriptFont().
2025-10-12 22:50:20,911 INFO Noto Sans Cypriot already registered with postscriptFont().
2025-10-12 22:50:20,911 INFO Noto Sans Duployan already registered with postscriptFont().
2025-10-12 22:50:20,911 INFO Noto Sans EgyptHiero already registered with postscriptFont().
2025-10-12 22:50:20,911 INFO Noto Sans Elbasan already registered with postscriptFont().
2025-10-12 22:50:20,911 INFO Noto Sans Glagolitic already registered with postscriptFont().
2025-10-12 22:50:20,911 INFO Noto Sans Gothic already registered with postscriptFont().
2025-10-12 22:50:20,911 INFO Noto Sans HanifiRohg already registered with postscriptFont().
2025-10-12 22:50:20,911 INFO Noto Sans Hanunoo already registered with postscriptFont().
2025-10-12 22:50:20,911 INFO Noto Sans Hatran already registered with postscriptFont().
2025-10-12 22:50:20,911 INFO Noto Sans ImpAramaic already registered with postscriptFont().
2025-10-12 22:50:20,911 INFO Noto Sans InsPahlavi already registered with postscriptFont().
2025-10-12 22:50:20,911 INFO Noto Sans InsParthi already registered with postscriptFont().
2025-10-12 22:50:20,911 INFO Noto Sans Kaithi already registered with postscriptFont().
2025-10-12 22:50:20,911 INFO Noto Sans Kayah Li already registered with postscriptFont().
2025-10-12 22:50:20,912 INFO Noto Sans Kharoshthi already registered with postscriptFont().
2025-10-12 22:50:20,912 INFO Noto Sans Khojki already registered with postscriptFont().
2025-10-12 22:50:20,912 INFO Noto Sans Khudawadi already registered with postscriptFont().
2025-10-12 22:50:20,912 INFO Noto Sans Lepcha already registered with postscriptFont().
2025-10-12 22:50:20,912 INFO Noto Sans Limbu already registered with postscriptFont().
2025-10-12 22:50:20,912 INFO Noto Sans Linear A already registered with postscriptFont().
2025-10-12 22:50:20,912 INFO Noto Sans Linear B already registered with postscriptFont().
2025-10-12 22:50:20,912 INFO Noto Sans Lisu already registered with postscriptFont().
2025-10-12 22:50:20,912 INFO Noto Sans Lycian already registered with postscriptFont().
2025-10-12 22:50:20,912 INFO Noto Sans Lydian already registered with postscriptFont().
2025-10-12 22:50:20,912 INFO Noto Sans Mahajani already registered with postscriptFont().
2025-10-12 22:50:20,912 INFO Noto Sans Mandaic already registered with postscriptFont().
2025-10-12 22:50:20,912 INFO Noto Sans Manichaean already registered with postscriptFont().
2025-10-12 22:50:20,912 INFO Noto Sans Marchen already registered with postscriptFont().
2025-10-12 22:50:20,912 INFO Noto Sans MeeteiMayek already registered with postscriptFont().
2025-10-12 22:50:20,912 INFO Noto Sans Mende Kikakui already registered with postscriptFont().
2025-10-12 22:50:20,912 INFO Noto Sans Meroitic already registered with postscriptFont().
2025-10-12 22:50:20,912 INFO Noto Sans Miao already registered with postscriptFont().
2025-10-12 22:50:20,912 INFO Noto Sans Modi already registered with postscriptFont().
2025-10-12 22:50:20,912 INFO Noto Sans Mongolian already registered with postscriptFont().
2025-10-12 22:50:20,912 INFO Noto Sans Mro already registered with postscriptFont().
2025-10-12 22:50:20,912 INFO Noto Sans Multani already registered with postscriptFont().
2025-10-12 22:50:20,912 INFO Noto Sans Nabataean already registered with postscriptFont().
2025-10-12 22:50:20,912 INFO Noto Sans Newa already registered with postscriptFont().
2025-10-12 22:50:20,912 INFO Noto Sans NewTaiLue already registered with postscriptFont().
2025-10-12 22:50:20,912 INFO Noto Sans NKo already registered with postscriptFont().
2025-10-12 22:50:20,912 INFO Noto Sans Ol Chiki already registered with postscriptFont().
2025-10-12 22:50:20,912 INFO No regular (non-bold, non-italic) version of Noto Sans Old Italic. Skipping setup for this font.
2025-10-12 22:50:20,912 INFO Noto Sans Old Permic already registered with postscriptFont().
2025-10-12 22:50:20,912 INFO Noto Sans Old Turkic already registered with postscriptFont().
2025-10-12 22:50:20,912 INFO Noto Sans OldHung already registered with postscriptFont().
2025-10-12 22:50:20,912 INFO Noto Sans OldNorArab already registered with postscriptFont().
2025-10-12 22:50:20,912 INFO Noto Sans OldPersian already registered with postscriptFont().
2025-10-12 22:50:20,912 INFO Noto Sans OldSouArab already registered with postscriptFont().
2025-10-12 22:50:20,912 INFO Noto Sans Osage already registered with postscriptFont().
2025-10-12 22:50:20,912 INFO Noto Sans Osmanya already registered with postscriptFont().
2025-10-12 22:50:20,912 INFO Noto Sans Pahawh Hmong already registered with postscriptFont().
2025-10-12 22:50:20,912 INFO Noto Sans Palmyrene already registered with postscriptFont().
2025-10-12 22:50:20,912 INFO Noto Sans PauCinHau already registered with postscriptFont().
2025-10-12 22:50:20,912 INFO Noto Sans PhagsPa already registered with postscriptFont().
2025-10-12 22:50:20,912 INFO Noto Sans Phoenician already registered with postscriptFont().
2025-10-12 22:50:20,912 INFO Noto Sans PsaPahlavi already registered with postscriptFont().
2025-10-12 22:50:20,912 INFO Noto Sans Rejang already registered with postscriptFont().
2025-10-12 22:50:20,912 INFO Noto Sans Samaritan already registered with postscriptFont().
2025-10-12 22:50:20,912 INFO Noto Sans Saurashtra already registered with postscriptFont().
2025-10-12 22:50:20,913 INFO Noto Sans Sharada already registered with postscriptFont().
2025-10-12 22:50:20,913 INFO Noto Sans SoraSomp already registered with postscriptFont().
2025-10-12 22:50:20,913 INFO Noto Sans Sundanese already registered with postscriptFont().
2025-10-12 22:50:20,913 INFO Noto Sans Syloti Nagri already registered with postscriptFont().
2025-10-12 22:50:20,913 INFO Noto Sans Syriac already registered with postscriptFont().
2025-10-12 22:50:20,913 INFO Noto Sans Tagalog already registered with postscriptFont().
2025-10-12 22:50:20,913 INFO Noto Sans Tagbanwa already registered with postscriptFont().
2025-10-12 22:50:20,913 INFO Noto Sans Tai Le already registered with postscriptFont().
2025-10-12 22:50:20,913 INFO Noto Sans Tai Tham already registered with postscriptFont().
2025-10-12 22:50:20,913 INFO Noto Sans Tai Viet already registered with postscriptFont().
2025-10-12 22:50:20,913 INFO Noto Sans Takri already registered with postscriptFont().
2025-10-12 22:50:20,913 INFO Noto Sans Thaana already registered with postscriptFont().
2025-10-12 22:50:20,913 INFO Noto Sans Tirhuta already registered with postscriptFont().
2025-10-12 22:50:20,913 INFO Noto Sans Ugaritic already registered with postscriptFont().
2025-10-12 22:50:20,913 INFO Noto Sans Vai already registered with postscriptFont().
2025-10-12 22:50:20,913 INFO Noto Sans Wancho already registered with postscriptFont().
2025-10-12 22:50:20,913 INFO Noto Sans WarangCiti already registered with postscriptFont().
2025-10-12 22:50:20,913 INFO Noto Sans Yi already registered with postscriptFont().
2025-10-12 22:50:20,913 INFO Noto Serif Ahom already registered with postscriptFont().
2025-10-12 22:50:20,913 INFO Noto Serif Balinese already registered with postscriptFont().
2025-10-12 22:50:20,913 INFO Noto Serif Hmong Nyiakeng already registered with postscriptFont().
2025-10-12 22:50:20,913 INFO Party LET already registered with postscriptFont().
2025-10-12 22:50:20,913 INFO STIX Two Text already registered with postscriptFont().
2025-10-12 22:50:20,913 INFO System Font already registered with postscriptFont().
2025-10-12 22:50:20,913 INFO Tahoma already registered with postscriptFont().
2025-10-12 22:50:20,913 INFO Times New Roman already registered with postscriptFont().
2025-10-12 22:50:20,913 INFO Trattatello already registered with postscriptFont().
2025-10-12 22:50:20,913 INFO Trebuchet MS already registered with postscriptFont().
2025-10-12 22:50:20,913 INFO Verdana already registered with postscriptFont().
2025-10-12 22:50:20,913 INFO Webdings already registered with postscriptFont().
2025-10-12 22:50:20,913 INFO Wingdings already registered with postscriptFont().
2025-10-12 22:50:20,913 INFO Wingdings 2 already registered with postscriptFont().
2025-10-12 22:50:20,913 INFO Wingdings 3 already registered with postscriptFont().
2025-10-12 22:50:23,286 INFO Error in `left_join()`:
2025-10-12 22:50:23,287 INFO ! Join columns in `y` must be present in the data.
2025-10-12 22:50:23,287 INFO ✖ Problem with `playerId`.
2025-10-12 22:50:23,287 INFO Backtrace:
2025-10-12 22:50:23,287 INFO      ▆
2025-10-12 22:50:23,287 INFO   1. ├─base::source("raw_data_cleaning.R")
2025-10-12 22:50:23,287 INFO   2. │ ├─base::withVisible(eval(ei, envir))
2025-10-12 22:50:23,287 INFO   3. │ └─base::eval(ei, envir)
2025-10-12 22:50:23,287 INFO   4. │   └─base::eval(ei, envir)
2025-10-12 22:50:23,287 INFO   5. ├─dplyr::summarize(...)
2025-10-12 22:50:23,287 INFO   6. ├─dplyr::group_by(...)
2025-10-12 22:50:23,287 INFO   7. ├─dplyr::filter(...)
2025-10-12 22:50:23,287 INFO   8. ├─dplyr::filter(...)
2025-10-12 22:50:23,287 INFO   9. ├─base::unique(...)
2025-10-12 22:50:23,287 INFO  10. ├─dplyr::select(...)
2025-10-12 22:50:23,287 INFO  11. ├─dplyr::ungroup(...)
2025-10-12 22:50:23,287 INFO  12. ├─dplyr::mutate(...)
2025-10-12 22:50:23,287 INFO  13. ├─dplyr::group_by(...)
2025-10-12 22:50:23,287 INFO  14. ├─dplyr::filter(...)
2025-10-12 22:50:23,287 INFO  15. ├─dplyr::mutate(...)
2025-10-12 22:50:23,287 INFO  16. ├─dplyr::filter(...)
2025-10-12 22:50:23,287 INFO  17. ├─dplyr::left_join(...)
2025-10-12 22:50:23,287 INFO  18. └─dplyr:::left_join.data.frame(...)
2025-10-12 22:50:23,287 INFO  19.   └─dplyr:::join_mutate(...)
2025-10-12 22:50:23,287 INFO  20.     └─dplyr:::join_cols(...)
2025-10-12 22:50:23,287 INFO  21.       └─dplyr:::check_join_vars(by$y, y_names, by$condition, "y", error_call = error_call)
2025-10-12 22:50:23,287 INFO  22.         └─rlang::abort(bullets, call = error_call)
2025-10-12 22:50:23,289 INFO There were 11 warnings (use warnings() to see them)
2025-10-12 22:50:23,289 INFO Execution halted
2025-10-12 22:50:23,311 INFO Completed group_advantage.raw_data_cleaning in 47.167 sec
