2025-10-13 00:38:34,485 INFO Starting analysis master script
2025-10-13 00:38:34,485 INFO Running group_advantage pipeline
2025-10-13 00:38:34,485 INFO Timing: group_advantage.raw_data_cleaning
2025-10-13 00:38:34,485 INFO Running R script /Users/xehu/Desktop/task-mapping/analysis/analysis_group_advantage/raw_data_cleaning.R
2025-10-13 00:38:34,486 INFO Running command: /usr/local/bin/Rscript -e set.seed(as.integer(Sys.getenv('ANALYSIS_SEED', '19104'))); source('raw_data_cleaning.R') (cwd=/Users/xehu/Desktop/task-mapping/analysis/analysis_group_advantage)
2025-10-13 00:38:34,605 INFO 
2025-10-13 00:38:34,606 INFO Attaching package: ‘pls’
2025-10-13 00:38:34,606 INFO 
2025-10-13 00:38:34,606 INFO The following object is masked from ‘package:stats’:
2025-10-13 00:38:34,606 INFO 
2025-10-13 00:38:34,606 INFO     loadings
2025-10-13 00:38:34,606 INFO 
2025-10-13 00:38:34,610 INFO randomForest 4.7-1.2
2025-10-13 00:38:34,610 INFO Type rfNews() to see new features/changes/bug fixes.
2025-10-13 00:38:34,983 INFO Loading required package: ggplot2
2025-10-13 00:38:35,189 INFO 
2025-10-13 00:38:35,189 INFO Attaching package: ‘ggplot2’
2025-10-13 00:38:35,189 INFO 
2025-10-13 00:38:35,189 INFO The following object is masked from ‘package:randomForest’:
2025-10-13 00:38:35,189 INFO 
2025-10-13 00:38:35,189 INFO     margin
2025-10-13 00:38:35,189 INFO 
2025-10-13 00:38:35,189 INFO Loading required package: lattice
2025-10-13 00:38:35,457 INFO 
2025-10-13 00:38:35,457 INFO Attaching package: ‘caret’
2025-10-13 00:38:35,458 INFO 
2025-10-13 00:38:35,458 INFO The following object is masked from ‘package:pls’:
2025-10-13 00:38:35,458 INFO 
2025-10-13 00:38:35,458 INFO     R2
2025-10-13 00:38:35,458 INFO 
2025-10-13 00:38:35,458 INFO Loading required package: foreach
2025-10-13 00:38:35,461 INFO Loading required package: iterators
2025-10-13 00:38:35,463 INFO Loading required package: parallel
2025-10-13 00:38:35,569 INFO Registering fonts with R
2025-10-13 00:38:35,619 INFO 
2025-10-13 00:38:35,619 INFO Please cite as:
2025-10-13 00:38:35,619 INFO 
2025-10-13 00:38:35,619 INFO  Hlavac, Marek (2022). stargazer: Well-Formatted Regression and Summary Statistics Tables.
2025-10-13 00:38:35,619 INFO  R package version 5.2.3. https://CRAN.R-project.org/package=stargazer
2025-10-13 00:38:35,619 INFO 
2025-10-13 00:38:35,667 INFO ── Attaching core tidyverse packages ──────────────────────── tidyverse 2.0.0 ──
2025-10-13 00:38:35,667 INFO ✔ dplyr     1.1.4     ✔ readr     2.1.5
2025-10-13 00:38:35,667 INFO ✔ forcats   1.0.1     ✔ stringr   1.5.2
2025-10-13 00:38:35,667 INFO ✔ lubridate 1.9.4     ✔ tibble    3.3.0
2025-10-13 00:38:35,667 INFO ✔ purrr     1.1.0     ✔ tidyr     1.3.1
2025-10-13 00:38:35,701 INFO ── Conflicts ────────────────────────────────────────── tidyverse_conflicts() ──
2025-10-13 00:38:35,702 INFO ✖ purrr::accumulate() masks foreach::accumulate()
2025-10-13 00:38:35,702 INFO ✖ dplyr::combine()    masks randomForest::combine()
2025-10-13 00:38:35,702 INFO ✖ dplyr::filter()     masks stats::filter()
2025-10-13 00:38:35,702 INFO ✖ purrr::flatten()    masks jsonlite::flatten()
2025-10-13 00:38:35,702 INFO ✖ dplyr::lag()        masks stats::lag()
2025-10-13 00:38:35,702 INFO ✖ purrr::lift()       masks caret::lift()
2025-10-13 00:38:35,702 INFO ✖ ggplot2::margin()   masks randomForest::margin()
2025-10-13 00:38:35,702 INFO ✖ dplyr::slice()      masks xgboost::slice()
2025-10-13 00:38:35,702 INFO ✖ purrr::when()       masks foreach::when()
2025-10-13 00:38:35,702 INFO ℹ Use the conflicted package (<http://conflicted.r-lib.org/>) to force all conflicts to become errors
2025-10-13 00:38:35,721 INFO Scanning ttf files in /Library/Fonts/, /System/Library/Fonts, /System/Library/Fonts/Supplemental, ~/Library/Fonts/ ...
2025-10-13 00:38:35,721 INFO Extracting .afm files from .ttf files...
2025-10-13 00:38:38,300 INFO /System/Library/Fonts/Supplemental/Arial Unicode.ttf : ArialUnicodeMS already registered in fonts database. Skipping.
2025-10-13 00:38:38,378 INFO /System/Library/Fonts/Apple Braille Outline 6 Dot.ttf : AppleBraille-Outline6Dot already registered in fonts database. Skipping.
2025-10-13 00:38:38,461 INFO /System/Library/Fonts/Apple Braille Outline 8 Dot.ttf : AppleBraille-Outline8Dot already registered in fonts database. Skipping.
2025-10-13 00:38:38,512 INFO /System/Library/Fonts/Apple Braille Pinpoint 6 Dot.ttf : AppleBraille-Pinpoint6Dot already registered in fonts database. Skipping.
2025-10-13 00:38:38,565 INFO /System/Library/Fonts/Apple Braille Pinpoint 8 Dot.ttf : AppleBraille-Pinpoint8Dot already registered in fonts database. Skipping.
2025-10-13 00:38:38,600 INFO /System/Library/Fonts/Apple Braille.ttf : AppleBraille already registered in fonts database. Skipping.
2025-10-13 00:38:38,624 INFO /System/Library/Fonts/Apple Symbols.ttf : No FontName. Skipping.
2025-10-13 00:38:38,643 INFO /System/Library/Fonts/Geneva.ttf : No FontName. Skipping.
2025-10-13 00:38:38,658 INFO /System/Library/Fonts/Keyboard.ttf : -Keyboard already registered in fonts database. Skipping.
2025-10-13 00:38:38,708 INFO /System/Library/Fonts/Monaco.ttf : No FontName. Skipping.
2025-10-13 00:38:38,797 INFO /System/Library/Fonts/NewYork.ttf : -NewYork-Regular already registered in fonts database. Skipping.
2025-10-13 00:38:38,874 INFO /System/Library/Fonts/NewYorkItalic.ttf : -NewYork-RegularItalic already registered in fonts database. Skipping.
2025-10-13 00:38:38,956 INFO /System/Library/Fonts/SFArabic.ttf : -SFArabic-Regular already registered in fonts database. Skipping.
2025-10-13 00:38:39,056 INFO /System/Library/Fonts/SFArabicRounded.ttf : -SFArabicRounded-Regular already registered in fonts database. Skipping.
2025-10-13 00:38:39,070 INFO /System/Library/Fonts/SFArmenian.ttf : -SFArmenian-Regular already registered in fonts database. Skipping.
2025-10-13 00:38:39,085 INFO /System/Library/Fonts/SFArmenianRounded.ttf : -SFArmenianRounded-Regular already registered in fonts database. Skipping.
2025-10-13 00:38:39,101 INFO /System/Library/Fonts/SFCamera.ttf : --SFCamera-Regular already registered in fonts database. Skipping.
2025-10-13 00:38:39,204 INFO /System/Library/Fonts/SFCompact.ttf : -SFCompact-Black already registered in fonts database. Skipping.
2025-10-13 00:38:39,288 INFO /System/Library/Fonts/SFCompactItalic.ttf : -SFCompact-BlackItalic already registered in fonts database. Skipping.
2025-10-13 00:38:39,394 INFO /System/Library/Fonts/SFCompactRounded.ttf : --SFCompactRounded-Regular already registered in fonts database. Skipping.
2025-10-13 00:38:39,409 INFO /System/Library/Fonts/SFGeorgian.ttf : -SFGeorgian-Regular already registered in fonts database. Skipping.
2025-10-13 00:38:39,425 INFO /System/Library/Fonts/SFGeorgianRounded.ttf : -SFGeorgianRounded-Regular already registered in fonts database. Skipping.
2025-10-13 00:38:39,435 INFO /System/Library/Fonts/SFHebrew.ttf : -SFHebrew-Regular already registered in fonts database. Skipping.
2025-10-13 00:38:39,446 INFO /System/Library/Fonts/SFHebrewRounded.ttf : -SFHebrewRounded-Regular already registered in fonts database. Skipping.
2025-10-13 00:38:39,567 INFO /System/Library/Fonts/SFNS.ttf : -SFNS-Regular already registered in fonts database. Skipping.
2025-10-13 00:38:39,651 INFO /System/Library/Fonts/SFNSItalic.ttf : -SFNS-RegularItalic already registered in fonts database. Skipping.
2025-10-13 00:38:39,705 INFO /System/Library/Fonts/SFNSMono.ttf : -SFNSMono-Light already registered in fonts database. Skipping.
2025-10-13 00:38:39,753 INFO /System/Library/Fonts/SFNSMonoItalic.ttf : -SFNSMono-LightItalic already registered in fonts database. Skipping.
2025-10-13 00:38:39,853 INFO /System/Library/Fonts/SFNSRounded.ttf : -SFNSRounded-Regular already registered in fonts database. Skipping.
2025-10-13 00:38:39,914 INFO /System/Library/Fonts/Supplemental/Academy Engraved LET Fonts.ttf : AcademyEngravedLetPlain already registered in fonts database. Skipping.
2025-10-13 00:38:39,974 INFO /System/Library/Fonts/Supplemental/Academy Engraved LET Fonts.ttf : AcademyEngravedLetPlain already registered in fonts database. Skipping.
2025-10-13 00:38:39,993 INFO /System/Library/Fonts/Supplemental/Andale Mono.ttf : AndaleMono already registered in fonts database. Skipping.
2025-10-13 00:38:40,011 INFO /System/Library/Fonts/Supplemental/Andale Mono.ttf : AndaleMono already registered in fonts database. Skipping.
2025-10-13 00:38:40,058 INFO /System/Library/Fonts/Supplemental/Apple Chancery.ttf : No FontName. Skipping.
2025-10-13 00:38:40,104 INFO /System/Library/Fonts/Supplemental/Apple Chancery.ttf : No FontName. Skipping.
2025-10-13 00:38:43,433 INFO /System/Library/Fonts/Supplemental/AppleGothic.ttf : No FontName. Skipping.
2025-10-13 00:38:46,745 INFO /System/Library/Fonts/Supplemental/AppleGothic.ttf : No FontName. Skipping.
2025-10-13 00:38:50,936 INFO /System/Library/Fonts/Supplemental/AppleMyungjo.ttf : AppleMyungjo already registered in fonts database. Skipping.
2025-10-13 00:38:55,138 INFO /System/Library/Fonts/Supplemental/AppleMyungjo.ttf : AppleMyungjo already registered in fonts database. Skipping.
2025-10-13 00:38:55,160 INFO /System/Library/Fonts/Supplemental/Arial Black.ttf : Arial-Black already registered in fonts database. Skipping.
2025-10-13 00:38:55,182 INFO /System/Library/Fonts/Supplemental/Arial Black.ttf : Arial-Black already registered in fonts database. Skipping.
2025-10-13 00:38:55,253 INFO /System/Library/Fonts/Supplemental/Arial Bold Italic.ttf : Arial-BoldItalicMT already registered in fonts database. Skipping.
2025-10-13 00:38:55,321 INFO /System/Library/Fonts/Supplemental/Arial Bold Italic.ttf : Arial-BoldItalicMT already registered in fonts database. Skipping.
2025-10-13 00:38:55,468 INFO /System/Library/Fonts/Supplemental/Arial Bold.ttf : Arial-BoldMT already registered in fonts database. Skipping.
2025-10-13 00:38:55,582 INFO /System/Library/Fonts/Supplemental/Arial Bold.ttf : Arial-BoldMT already registered in fonts database. Skipping.
2025-10-13 00:38:55,663 INFO /System/Library/Fonts/Supplemental/Arial Italic.ttf : Arial-ItalicMT already registered in fonts database. Skipping.
2025-10-13 00:38:55,743 INFO /System/Library/Fonts/Supplemental/Arial Italic.ttf : Arial-ItalicMT already registered in fonts database. Skipping.
2025-10-13 00:38:55,763 INFO /System/Library/Fonts/Supplemental/Arial Narrow Bold Italic.ttf : ArialNarrow-BoldItalic already registered in fonts database. Skipping.
2025-10-13 00:38:55,782 INFO /System/Library/Fonts/Supplemental/Arial Narrow Bold Italic.ttf : ArialNarrow-BoldItalic already registered in fonts database. Skipping.
2025-10-13 00:38:55,804 INFO /System/Library/Fonts/Supplemental/Arial Narrow Bold.ttf : ArialNarrow-Bold already registered in fonts database. Skipping.
2025-10-13 00:38:55,825 INFO /System/Library/Fonts/Supplemental/Arial Narrow Bold.ttf : ArialNarrow-Bold already registered in fonts database. Skipping.
2025-10-13 00:38:55,847 INFO /System/Library/Fonts/Supplemental/Arial Narrow Italic.ttf : ArialNarrow-Italic already registered in fonts database. Skipping.
2025-10-13 00:38:55,868 INFO /System/Library/Fonts/Supplemental/Arial Narrow Italic.ttf : ArialNarrow-Italic already registered in fonts database. Skipping.
2025-10-13 00:38:55,889 INFO /System/Library/Fonts/Supplemental/Arial Narrow.ttf : ArialNarrow already registered in fonts database. Skipping.
2025-10-13 00:38:55,909 INFO /System/Library/Fonts/Supplemental/Arial Narrow.ttf : ArialNarrow already registered in fonts database. Skipping.
2025-10-13 00:38:55,928 INFO /System/Library/Fonts/Supplemental/Arial Rounded Bold.ttf : ArialRoundedMTBold already registered in fonts database. Skipping.
2025-10-13 00:38:55,945 INFO /System/Library/Fonts/Supplemental/Arial Rounded Bold.ttf : ArialRoundedMTBold already registered in fonts database. Skipping.
2025-10-13 00:38:58,596 INFO /System/Library/Fonts/Supplemental/Arial Unicode.ttf : ArialUnicodeMS already registered in fonts database. Skipping.
2025-10-13 00:39:01,220 INFO /System/Library/Fonts/Supplemental/Arial Unicode.ttf : ArialUnicodeMS already registered in fonts database. Skipping.
2025-10-13 00:39:01,337 INFO /System/Library/Fonts/Supplemental/Arial.ttf : ArialMT already registered in fonts database. Skipping.
2025-10-13 00:39:01,453 INFO /System/Library/Fonts/Supplemental/Arial.ttf : ArialMT already registered in fonts database. Skipping.
2025-10-13 00:39:01,490 INFO /System/Library/Fonts/Supplemental/Ayuthaya.ttf : No FontName. Skipping.
2025-10-13 00:39:01,527 INFO /System/Library/Fonts/Supplemental/Ayuthaya.ttf : No FontName. Skipping.
2025-10-13 00:39:01,670 INFO /System/Library/Fonts/Supplemental/BigCaslon.ttf : No FontName. Skipping.
2025-10-13 00:39:01,813 INFO /System/Library/Fonts/Supplemental/BigCaslon.ttf : No FontName. Skipping.
2025-10-13 00:39:01,835 INFO /System/Library/Fonts/Supplemental/Bodoni 72 Smallcaps Book.ttf : BodoniSvtyTwoSCITCTT-Book already registered in fonts database. Skipping.
2025-10-13 00:39:01,857 INFO /System/Library/Fonts/Supplemental/Bodoni 72 Smallcaps Book.ttf : BodoniSvtyTwoSCITCTT-Book already registered in fonts database. Skipping.
2025-10-13 00:39:01,888 INFO /System/Library/Fonts/Supplemental/Bodoni Ornaments.ttf : BodoniOrnamentsITCTT already registered in fonts database. Skipping.
2025-10-13 00:39:01,918 INFO /System/Library/Fonts/Supplemental/Bodoni Ornaments.ttf : BodoniOrnamentsITCTT already registered in fonts database. Skipping.
2025-10-13 00:39:02,196 INFO /System/Library/Fonts/Supplemental/Bradley Hand Bold.ttf : Bradley-Hand-Bold already registered in fonts database. Skipping.
2025-10-13 00:39:02,475 INFO /System/Library/Fonts/Supplemental/Bradley Hand Bold.ttf : Bradley-Hand-Bold already registered in fonts database. Skipping.
2025-10-13 00:39:02,638 INFO /System/Library/Fonts/Supplemental/Brush Script.ttf : BrushScriptMT already registered in fonts database. Skipping.
2025-10-13 00:39:02,804 INFO /System/Library/Fonts/Supplemental/Brush Script.ttf : BrushScriptMT already registered in fonts database. Skipping.
2025-10-13 00:39:02,821 INFO /System/Library/Fonts/Supplemental/Chalkduster.ttfsh: line 1: 31167 Abort trap: 6           '/Library/Frameworks/R.framework/Versions/4.5-arm64/Resources/library/Rttf2pt1/exec//ttf2pt1' -a -GfAe '/System/Library/Fonts/Supplemental/Chalkduster.ttf' '/var/folders/73/jl9lgbkj511fwjxkl9cvw7q00000gq/T//Rtmp2CDBUv/fonts/Chalkduster' 2>&1
2025-10-13 00:39:02,821 INFO  : No FontName. Skipping.
2025-10-13 00:39:02,838 INFO /System/Library/Fonts/Supplemental/Chalkduster.ttfsh: line 1: 31169 Abort trap: 6           '/Library/Frameworks/R.framework/Versions/4.5-arm64/Resources/library/Rttf2pt1/exec//ttf2pt1' -a -GfAe '/System/Library/Fonts/Supplemental/Chalkduster.ttf' '/var/folders/73/jl9lgbkj511fwjxkl9cvw7q00000gq/T//Rtmp2CDBUv/fonts/Chalkduster' 2>&1
2025-10-13 00:39:02,839 INFO  : No FontName. Skipping.
2025-10-13 00:39:02,900 INFO /System/Library/Fonts/Supplemental/Comic Sans MS Bold.ttf : ComicSansMS-Bold already registered in fonts database. Skipping.
2025-10-13 00:39:02,960 INFO /System/Library/Fonts/Supplemental/Comic Sans MS Bold.ttf : ComicSansMS-Bold already registered in fonts database. Skipping.
2025-10-13 00:39:03,009 INFO /System/Library/Fonts/Supplemental/Comic Sans MS.ttf : ComicSansMS already registered in fonts database. Skipping.
2025-10-13 00:39:03,057 INFO /System/Library/Fonts/Supplemental/Comic Sans MS.ttf : ComicSansMS already registered in fonts database. Skipping.
2025-10-13 00:39:03,159 INFO /System/Library/Fonts/Supplemental/Courier New Bold Italic.ttf : CourierNewPS-BoldItalicMT already registered in fonts database. Skipping.
2025-10-13 00:39:03,264 INFO /System/Library/Fonts/Supplemental/Courier New Bold Italic.ttf : CourierNewPS-BoldItalicMT already registered in fonts database. Skipping.
2025-10-13 00:39:03,386 INFO /System/Library/Fonts/Supplemental/Courier New Bold.ttf : CourierNewPS-BoldMT already registered in fonts database. Skipping.
2025-10-13 00:39:03,508 INFO /System/Library/Fonts/Supplemental/Courier New Bold.ttf : CourierNewPS-BoldMT already registered in fonts database. Skipping.
2025-10-13 00:39:03,604 INFO /System/Library/Fonts/Supplemental/Courier New Italic.ttf : CourierNewPS-ItalicMT already registered in fonts database. Skipping.
2025-10-13 00:39:03,701 INFO /System/Library/Fonts/Supplemental/Courier New Italic.ttf : CourierNewPS-ItalicMT already registered in fonts database. Skipping.
2025-10-13 00:39:03,812 INFO /System/Library/Fonts/Supplemental/Courier New.ttf : CourierNewPSMT already registered in fonts database. Skipping.
2025-10-13 00:39:03,924 INFO /System/Library/Fonts/Supplemental/Courier New.ttf : CourierNewPSMT already registered in fonts database. Skipping.
2025-10-13 00:39:03,982 INFO /System/Library/Fonts/Supplemental/DIN Alternate Bold.ttf : DINAlternate-Bold already registered in fonts database. Skipping.
2025-10-13 00:39:04,041 INFO /System/Library/Fonts/Supplemental/DIN Alternate Bold.ttf : DINAlternate-Bold already registered in fonts database. Skipping.
2025-10-13 00:39:04,109 INFO /System/Library/Fonts/Supplemental/DIN Condensed Bold.ttf : DINCondensed-Bold already registered in fonts database. Skipping.
2025-10-13 00:39:04,176 INFO /System/Library/Fonts/Supplemental/DIN Condensed Bold.ttf : DINCondensed-Bold already registered in fonts database. Skipping.
2025-10-13 00:39:04,333 INFO /System/Library/Fonts/Supplemental/Diwan Thuluth.ttf : No FontName. Skipping.
2025-10-13 00:39:04,491 INFO /System/Library/Fonts/Supplemental/Diwan Thuluth.ttf : No FontName. Skipping.
2025-10-13 00:39:04,604 INFO /System/Library/Fonts/Supplemental/Farisi.ttf : No FontName. Skipping.
2025-10-13 00:39:04,719 INFO /System/Library/Fonts/Supplemental/Farisi.ttf : No FontName. Skipping.
2025-10-13 00:39:04,802 INFO /System/Library/Fonts/Supplemental/Georgia Bold Italic.ttf : Georgia-BoldItalic already registered in fonts database. Skipping.
2025-10-13 00:39:04,886 INFO /System/Library/Fonts/Supplemental/Georgia Bold Italic.ttf : Georgia-BoldItalic already registered in fonts database. Skipping.
2025-10-13 00:39:04,971 INFO /System/Library/Fonts/Supplemental/Georgia Bold.ttf : Georgia-Bold already registered in fonts database. Skipping.
2025-10-13 00:39:05,057 INFO /System/Library/Fonts/Supplemental/Georgia Bold.ttf : Georgia-Bold already registered in fonts database. Skipping.
2025-10-13 00:39:05,139 INFO /System/Library/Fonts/Supplemental/Georgia Italic.ttf : Georgia-Italic already registered in fonts database. Skipping.
2025-10-13 00:39:05,221 INFO /System/Library/Fonts/Supplemental/Georgia Italic.ttf : Georgia-Italic already registered in fonts database. Skipping.
2025-10-13 00:39:05,310 INFO /System/Library/Fonts/Supplemental/Georgia.ttf : Georgia already registered in fonts database. Skipping.
2025-10-13 00:39:05,400 INFO /System/Library/Fonts/Supplemental/Georgia.ttf : Georgia already registered in fonts database. Skipping.
2025-10-13 00:39:05,409 INFO /System/Library/Fonts/Supplemental/Gurmukhi.ttf : No FontName. Skipping.
2025-10-13 00:39:05,417 INFO /System/Library/Fonts/Supplemental/Gurmukhi.ttf : No FontName. Skipping.
2025-10-13 00:39:05,482 INFO /System/Library/Fonts/Supplemental/Herculanum.ttf : No FontName. Skipping.
2025-10-13 00:39:05,546 INFO /System/Library/Fonts/Supplemental/Herculanum.ttf : No FontName. Skipping.
2025-10-13 00:39:05,557 INFO /System/Library/Fonts/Supplemental/Hoefler Text Ornaments.ttf : No FontName. Skipping.
2025-10-13 00:39:05,567 INFO /System/Library/Fonts/Supplemental/Hoefler Text Ornaments.ttf : No FontName. Skipping.
2025-10-13 00:39:05,600 INFO /System/Library/Fonts/Supplemental/Impact.ttf : Impact already registered in fonts database. Skipping.
2025-10-13 00:39:05,631 INFO /System/Library/Fonts/Supplemental/Impact.ttf : Impact already registered in fonts database. Skipping.
2025-10-13 00:39:05,702 INFO /System/Library/Fonts/Supplemental/Khmer Sangam MN.ttf : KhmerSangamMN already registered in fonts database. Skipping.
2025-10-13 00:39:05,773 INFO /System/Library/Fonts/Supplemental/Khmer Sangam MN.ttf : KhmerSangamMN already registered in fonts database. Skipping.
2025-10-13 00:39:05,813 INFO /System/Library/Fonts/Supplemental/Kokonor.ttfsh: line 1: 31249 Abort trap: 6           '/Library/Frameworks/R.framework/Versions/4.5-arm64/Resources/library/Rttf2pt1/exec//ttf2pt1' -a -GfAe '/System/Library/Fonts/Supplemental/Kokonor.ttf' '/var/folders/73/jl9lgbkj511fwjxkl9cvw7q00000gq/T//Rtmp2CDBUv/fonts/Kokonor' 2>&1
2025-10-13 00:39:05,813 INFO  : No FontName. Skipping.
2025-10-13 00:39:05,854 INFO /System/Library/Fonts/Supplemental/Kokonor.ttfsh: line 1: 31251 Abort trap: 6           '/Library/Frameworks/R.framework/Versions/4.5-arm64/Resources/library/Rttf2pt1/exec//ttf2pt1' -a -GfAe '/System/Library/Fonts/Supplemental/Kokonor.ttf' '/var/folders/73/jl9lgbkj511fwjxkl9cvw7q00000gq/T//Rtmp2CDBUv/fonts/Kokonor' 2>&1
2025-10-13 00:39:05,855 INFO  : No FontName. Skipping.
2025-10-13 00:39:05,875 INFO /System/Library/Fonts/Supplemental/Krungthep.ttf : No FontName. Skipping.
2025-10-13 00:39:05,897 INFO /System/Library/Fonts/Supplemental/Krungthep.ttf : No FontName. Skipping.
2025-10-13 00:39:05,927 INFO /System/Library/Fonts/Supplemental/Lao Sangam MN.ttf : LaoSangamMN already registered in fonts database. Skipping.
2025-10-13 00:39:05,957 INFO /System/Library/Fonts/Supplemental/Lao Sangam MN.ttf : LaoSangamMN already registered in fonts database. Skipping.
2025-10-13 00:39:06,259 INFO /System/Library/Fonts/Supplemental/Luminari.ttf : Luminari-Regular already registered in fonts database. Skipping.
2025-10-13 00:39:06,558 INFO /System/Library/Fonts/Supplemental/Luminari.ttf : Luminari-Regular already registered in fonts database. Skipping.
2025-10-13 00:39:06,625 INFO /System/Library/Fonts/Supplemental/Microsoft Sans Serif.ttf : MicrosoftSansSerif already registered in fonts database. Skipping.
2025-10-13 00:39:06,692 INFO /System/Library/Fonts/Supplemental/Microsoft Sans Serif.ttf : MicrosoftSansSerif already registered in fonts database. Skipping.
2025-10-13 00:39:06,861 INFO /System/Library/Fonts/Supplemental/Mishafi Gold.ttf : No FontName. Skipping.
2025-10-13 00:39:07,030 INFO /System/Library/Fonts/Supplemental/Mishafi Gold.ttf : No FontName. Skipping.
2025-10-13 00:39:07,425 INFO /System/Library/Fonts/Supplemental/Mishafi.ttf : No FontName. Skipping.
2025-10-13 00:39:07,821 INFO /System/Library/Fonts/Supplemental/Mishafi.ttf : No FontName. Skipping.
2025-10-13 00:39:07,827 INFO /System/Library/Fonts/Supplemental/NISC18030.ttf : No FontName. Skipping.
2025-10-13 00:39:07,833 INFO /System/Library/Fonts/Supplemental/NISC18030.ttf : No FontName. Skipping.
2025-10-13 00:39:07,854 INFO /System/Library/Fonts/Supplemental/NotoSansAdlam-Regular.ttf : NotoSansAdlam-Regular already registered in fonts database. Skipping.
2025-10-13 00:39:07,874 INFO /System/Library/Fonts/Supplemental/NotoSansAdlam-Regular.ttf : NotoSansAdlam-Regular already registered in fonts database. Skipping.
2025-10-13 00:39:07,884 INFO /System/Library/Fonts/Supplemental/NotoSansAvestan-Regular.ttf : NotoSansAvestan-Regular already registered in fonts database. Skipping.
2025-10-13 00:39:07,893 INFO /System/Library/Fonts/Supplemental/NotoSansAvestan-Regular.ttf : NotoSansAvestan-Regular already registered in fonts database. Skipping.
2025-10-13 00:39:07,944 INFO /System/Library/Fonts/Supplemental/NotoSansBamum-Regular.ttf : NotoSansBamum-Regular already registered in fonts database. Skipping.
2025-10-13 00:39:07,992 INFO /System/Library/Fonts/Supplemental/NotoSansBamum-Regular.ttf : NotoSansBamum-Regular already registered in fonts database. Skipping.
2025-10-13 00:39:08,075 INFO /System/Library/Fonts/Supplemental/NotoSansBassaVah-Regular.ttf : NotoSansBassaVah-Regular already registered in fonts database. Skipping.
2025-10-13 00:39:08,084 INFO /System/Library/Fonts/Supplemental/NotoSansBassaVah-Regular.ttf : NotoSansBassaVah-Regular already registered in fonts database. Skipping.
2025-10-13 00:39:08,098 INFO /System/Library/Fonts/Supplemental/NotoSansBatak-Regular.ttf : NotoSansBatak-Regular already registered in fonts database. Skipping.
2025-10-13 00:39:08,112 INFO /System/Library/Fonts/Supplemental/NotoSansBatak-Regular.ttf : NotoSansBatak-Regular already registered in fonts database. Skipping.
2025-10-13 00:39:08,223 INFO /System/Library/Fonts/Supplemental/NotoSansBhaiksuki-Regular.ttf : NotoSansBhaiksuki-Regular already registered in fonts database. Skipping.
2025-10-13 00:39:08,332 INFO /System/Library/Fonts/Supplemental/NotoSansBhaiksuki-Regular.ttf : NotoSansBhaiksuki-Regular already registered in fonts database. Skipping.
2025-10-13 00:39:08,346 INFO /System/Library/Fonts/Supplemental/NotoSansBrahmi-Regular.ttf : NotoSansBrahmi-Regular already registered in fonts database. Skipping.
2025-10-13 00:39:08,360 INFO /System/Library/Fonts/Supplemental/NotoSansBrahmi-Regular.ttf : NotoSansBrahmi-Regular already registered in fonts database. Skipping.
2025-10-13 00:39:08,367 INFO /System/Library/Fonts/Supplemental/NotoSansBuginese-Regular.ttf : NotoSansBuginese-Regular already registered in fonts database. Skipping.
2025-10-13 00:39:08,375 INFO /System/Library/Fonts/Supplemental/NotoSansBuginese-Regular.ttf : NotoSansBuginese-Regular already registered in fonts database. Skipping.
2025-10-13 00:39:08,381 INFO /System/Library/Fonts/Supplemental/NotoSansBuhid-Regular.ttf : NotoSansBuhid-Regular already registered in fonts database. Skipping.
2025-10-13 00:39:08,388 INFO /System/Library/Fonts/Supplemental/NotoSansBuhid-Regular.ttf : NotoSansBuhid-Regular already registered in fonts database. Skipping.
2025-10-13 00:39:08,395 INFO /System/Library/Fonts/Supplemental/NotoSansCarian-Regular.ttf : NotoSansCarian-Regular already registered in fonts database. Skipping.
2025-10-13 00:39:08,403 INFO /System/Library/Fonts/Supplemental/NotoSansCarian-Regular.ttf : NotoSansCarian-Regular already registered in fonts database. Skipping.
2025-10-13 00:39:08,414 INFO /System/Library/Fonts/Supplemental/NotoSansCaucasianAlbanian-Regular.ttf : NotoSansCaucasianAlbanian-Regular already registered in fonts database. Skipping.
2025-10-13 00:39:08,427 INFO /System/Library/Fonts/Supplemental/NotoSansCaucasianAlbanian-Regular.ttf : NotoSansCaucasianAlbanian-Regular already registered in fonts database. Skipping.
2025-10-13 00:39:08,444 INFO /System/Library/Fonts/Supplemental/NotoSansChakma-Regular.ttf : NotoSansChakma-Regular already registered in fonts database. Skipping.
2025-10-13 00:39:08,461 INFO /System/Library/Fonts/Supplemental/NotoSansChakma-Regular.ttf : NotoSansChakma-Regular already registered in fonts database. Skipping.
2025-10-13 00:39:08,473 INFO /System/Library/Fonts/Supplemental/NotoSansCham-Regular.ttf : NotoSansCham-Regular already registered in fonts database. Skipping.
2025-10-13 00:39:08,486 INFO /System/Library/Fonts/Supplemental/NotoSansCham-Regular.ttf : NotoSansCham-Regular already registered in fonts database. Skipping.
2025-10-13 00:39:08,498 INFO /System/Library/Fonts/Supplemental/NotoSansCoptic-Regular.ttf : NotoSansCoptic-Regular already registered in fonts database. Skipping.
2025-10-13 00:39:08,509 INFO /System/Library/Fonts/Supplemental/NotoSansCoptic-Regular.ttf : NotoSansCoptic-Regular already registered in fonts database. Skipping.
2025-10-13 00:39:08,779 INFO /System/Library/Fonts/Supplemental/NotoSansCuneiform-Regular.ttf : NotoSansCuneiform-Regular already registered in fonts database. Skipping.
2025-10-13 00:39:09,049 INFO /System/Library/Fonts/Supplemental/NotoSansCuneiform-Regular.ttf : NotoSansCuneiform-Regular already registered in fonts database. Skipping.
2025-10-13 00:39:09,056 INFO /System/Library/Fonts/Supplemental/NotoSansCypriot-Regular.ttf : NotoSansCypriot-Regular already registered in fonts database. Skipping.
2025-10-13 00:39:09,064 INFO /System/Library/Fonts/Supplemental/NotoSansCypriot-Regular.ttf : NotoSansCypriot-Regular already registered in fonts database. Skipping.
2025-10-13 00:39:09,075 INFO /System/Library/Fonts/Supplemental/NotoSansDuployan-Regular.ttf : NotoSansDuployan-Regular already registered in fonts database. Skipping.
2025-10-13 00:39:09,086 INFO /System/Library/Fonts/Supplemental/NotoSansDuployan-Regular.ttf : NotoSansDuployan-Regular already registered in fonts database. Skipping.
2025-10-13 00:39:09,380 INFO /System/Library/Fonts/Supplemental/NotoSansEgyptianHieroglyphs-Regular.ttf : NotoSansEgyptianHieroglyphs-Regular already registered in fonts database. Skipping.
2025-10-13 00:39:09,675 INFO /System/Library/Fonts/Supplemental/NotoSansEgyptianHieroglyphs-Regular.ttf : NotoSansEgyptianHieroglyphs-Regular already registered in fonts database. Skipping.
2025-10-13 00:39:09,682 INFO /System/Library/Fonts/Supplemental/NotoSansElbasan-Regular.ttf : NotoSansElbasan-Regular already registered in fonts database. Skipping.
2025-10-13 00:39:09,690 INFO /System/Library/Fonts/Supplemental/NotoSansElbasan-Regular.ttf : NotoSansElbasan-Regular already registered in fonts database. Skipping.
2025-10-13 00:39:09,701 INFO /System/Library/Fonts/Supplemental/NotoSansGlagolitic-Regular.ttf : NotoSansGlagolitic-Regular already registered in fonts database. Skipping.
2025-10-13 00:39:09,712 INFO /System/Library/Fonts/Supplemental/NotoSansGlagolitic-Regular.ttf : NotoSansGlagolitic-Regular already registered in fonts database. Skipping.
2025-10-13 00:39:09,719 INFO /System/Library/Fonts/Supplemental/NotoSansGothic-Regular.ttf : NotoSansGothic-Regular already registered in fonts database. Skipping.
2025-10-13 00:39:09,727 INFO /System/Library/Fonts/Supplemental/NotoSansGothic-Regular.ttf : NotoSansGothic-Regular already registered in fonts database. Skipping.
2025-10-13 00:39:09,739 INFO /System/Library/Fonts/Supplemental/NotoSansHanifiRohingya-Regular.ttf : NotoSansHanifiRohingya-Regular already registered in fonts database. Skipping.
2025-10-13 00:39:09,751 INFO /System/Library/Fonts/Supplemental/NotoSansHanifiRohingya-Regular.ttf : NotoSansHanifiRohingya-Regular already registered in fonts database. Skipping.
2025-10-13 00:39:09,758 INFO /System/Library/Fonts/Supplemental/NotoSansHanunoo-Regular.ttf : NotoSansHanunoo-Regular already registered in fonts database. Skipping.
2025-10-13 00:39:09,766 INFO /System/Library/Fonts/Supplemental/NotoSansHanunoo-Regular.ttf : NotoSansHanunoo-Regular already registered in fonts database. Skipping.
2025-10-13 00:39:09,773 INFO /System/Library/Fonts/Supplemental/NotoSansHatran-Regular.ttf : NotoSansHatran-Regular already registered in fonts database. Skipping.
2025-10-13 00:39:09,780 INFO /System/Library/Fonts/Supplemental/NotoSansHatran-Regular.ttf : NotoSansHatran-Regular already registered in fonts database. Skipping.
2025-10-13 00:39:09,787 INFO /System/Library/Fonts/Supplemental/NotoSansImperialAramaic-Regular.ttf : NotoSansImperialAramaic-Regular already registered in fonts database. Skipping.
2025-10-13 00:39:09,795 INFO /System/Library/Fonts/Supplemental/NotoSansImperialAramaic-Regular.ttf : NotoSansImperialAramaic-Regular already registered in fonts database. Skipping.
2025-10-13 00:39:09,803 INFO /System/Library/Fonts/Supplemental/NotoSansInscriptionalPahlavi-Regular.ttf : NotoSansInscriptionalPahlavi-Regular already registered in fonts database. Skipping.
2025-10-13 00:39:09,810 INFO /System/Library/Fonts/Supplemental/NotoSansInscriptionalPahlavi-Regular.ttf : NotoSansInscriptionalPahlavi-Regular already registered in fonts database. Skipping.
2025-10-13 00:39:09,818 INFO /System/Library/Fonts/Supplemental/NotoSansInscriptionalParthian-Regular.ttf : NotoSansInscriptionalParthian-Regular already registered in fonts database. Skipping.
2025-10-13 00:39:09,826 INFO /System/Library/Fonts/Supplemental/NotoSansInscriptionalParthian-Regular.ttf : NotoSansInscriptionalParthian-Regular already registered in fonts database. Skipping.
2025-10-13 00:39:09,845 INFO /System/Library/Fonts/Supplemental/NotoSansKaithi-Regular.ttf : NotoSansKaithi-Regular already registered in fonts database. Skipping.
2025-10-13 00:39:09,864 INFO /System/Library/Fonts/Supplemental/NotoSansKaithi-Regular.ttf : NotoSansKaithi-Regular already registered in fonts database. Skipping.
2025-10-13 00:39:09,873 INFO /System/Library/Fonts/Supplemental/NotoSansKayahLi-Regular.ttf : NotoSansKayahLi-Regular already registered in fonts database. Skipping.
2025-10-13 00:39:09,882 INFO /System/Library/Fonts/Supplemental/NotoSansKayahLi-Regular.ttf : NotoSansKayahLi-Regular already registered in fonts database. Skipping.
2025-10-13 00:39:09,893 INFO /System/Library/Fonts/Supplemental/NotoSansKharoshthi-Regular.ttf : NotoSansKharoshthi-Regular already registered in fonts database. Skipping.
2025-10-13 00:39:09,905 INFO /System/Library/Fonts/Supplemental/NotoSansKharoshthi-Regular.ttf : NotoSansKharoshthi-Regular already registered in fonts database. Skipping.
2025-10-13 00:39:09,924 INFO /System/Library/Fonts/Supplemental/NotoSansKhojki-Regular.ttf : NotoSansKhojki-Regular already registered in fonts database. Skipping.
2025-10-13 00:39:09,943 INFO /System/Library/Fonts/Supplemental/NotoSansKhojki-Regular.ttf : NotoSansKhojki-Regular already registered in fonts database. Skipping.
2025-10-13 00:39:09,954 INFO /System/Library/Fonts/Supplemental/NotoSansKhudawadi-Regular.ttf : NotoSansKhudawadi-Regular already registered in fonts database. Skipping.
2025-10-13 00:39:09,965 INFO /System/Library/Fonts/Supplemental/NotoSansKhudawadi-Regular.ttf : NotoSansKhudawadi-Regular already registered in fonts database. Skipping.
2025-10-13 00:39:09,975 INFO /System/Library/Fonts/Supplemental/NotoSansLepcha-Regular.ttf : NotoSansLepcha-Regular already registered in fonts database. Skipping.
2025-10-13 00:39:09,986 INFO /System/Library/Fonts/Supplemental/NotoSansLepcha-Regular.ttf : NotoSansLepcha-Regular already registered in fonts database. Skipping.
2025-10-13 00:39:09,995 INFO /System/Library/Fonts/Supplemental/NotoSansLimbu-Regular.ttf : NotoSansLimbu-Regular already registered in fonts database. Skipping.
2025-10-13 00:39:10,005 INFO /System/Library/Fonts/Supplemental/NotoSansLimbu-Regular.ttf : NotoSansLimbu-Regular already registered in fonts database. Skipping.
2025-10-13 00:39:10,027 INFO /System/Library/Fonts/Supplemental/NotoSansLinearA-Regular.ttf : NotoSansLinearA-Regular already registered in fonts database. Skipping.
2025-10-13 00:39:10,050 INFO /System/Library/Fonts/Supplemental/NotoSansLinearA-Regular.ttf : NotoSansLinearA-Regular already registered in fonts database. Skipping.
2025-10-13 00:39:10,078 INFO /System/Library/Fonts/Supplemental/NotoSansLinearB-Regular.ttf : NotoSansLinearB-Regular already registered in fonts database. Skipping.
2025-10-13 00:39:10,106 INFO /System/Library/Fonts/Supplemental/NotoSansLinearB-Regular.ttf : NotoSansLinearB-Regular already registered in fonts database. Skipping.
2025-10-13 00:39:10,112 INFO /System/Library/Fonts/Supplemental/NotoSansLisu-Regular.ttf : NotoSansLisu-Regular already registered in fonts database. Skipping.
2025-10-13 00:39:10,119 INFO /System/Library/Fonts/Supplemental/NotoSansLisu-Regular.ttf : NotoSansLisu-Regular already registered in fonts database. Skipping.
2025-10-13 00:39:10,126 INFO /System/Library/Fonts/Supplemental/NotoSansLycian-Regular.ttf : NotoSansLycian-Regular already registered in fonts database. Skipping.
2025-10-13 00:39:10,132 INFO /System/Library/Fonts/Supplemental/NotoSansLycian-Regular.ttf : NotoSansLycian-Regular already registered in fonts database. Skipping.
2025-10-13 00:39:10,138 INFO /System/Library/Fonts/Supplemental/NotoSansLydian-Regular.ttf : NotoSansLydian-Regular already registered in fonts database. Skipping.
2025-10-13 00:39:10,145 INFO /System/Library/Fonts/Supplemental/NotoSansLydian-Regular.ttf : NotoSansLydian-Regular already registered in fonts database. Skipping.
2025-10-13 00:39:10,156 INFO /System/Library/Fonts/Supplemental/NotoSansMahajani-Regular.ttf : NotoSansMahajani-Regular already registered in fonts database. Skipping.
2025-10-13 00:39:10,167 INFO /System/Library/Fonts/Supplemental/NotoSansMahajani-Regular.ttf : NotoSansMahajani-Regular already registered in fonts database. Skipping.
2025-10-13 00:39:10,178 INFO /System/Library/Fonts/Supplemental/NotoSansMandaic-Regular.ttf : NotoSansMandaic-Regular already registered in fonts database. Skipping.
2025-10-13 00:39:10,190 INFO /System/Library/Fonts/Supplemental/NotoSansMandaic-Regular.ttf : NotoSansMandaic-Regular already registered in fonts database. Skipping.
2025-10-13 00:39:10,205 INFO /System/Library/Fonts/Supplemental/NotoSansManichaean-Regular.ttf : NotoSansManichaean-Regular already registered in fonts database. Skipping.
2025-10-13 00:39:10,219 INFO /System/Library/Fonts/Supplemental/NotoSansManichaean-Regular.ttf : NotoSansManichaean-Regular already registered in fonts database. Skipping.
2025-10-13 00:39:10,249 INFO /System/Library/Fonts/Supplemental/NotoSansMarchen-Regular.ttf : NotoSansMarchen-Regular already registered in fonts database. Skipping.
2025-10-13 00:39:10,278 INFO /System/Library/Fonts/Supplemental/NotoSansMarchen-Regular.ttf : NotoSansMarchen-Regular already registered in fonts database. Skipping.
2025-10-13 00:39:10,288 INFO /System/Library/Fonts/Supplemental/NotoSansMeeteiMayek-Regular.ttf : NotoSansMeeteiMayek-Regular already registered in fonts database. Skipping.
2025-10-13 00:39:10,298 INFO /System/Library/Fonts/Supplemental/NotoSansMeeteiMayek-Regular.ttf : NotoSansMeeteiMayek-Regular already registered in fonts database. Skipping.
2025-10-13 00:39:10,315 INFO /System/Library/Fonts/Supplemental/NotoSansMendeKikakui-Regular.ttf : NotoSansMendeKikakui-Regular already registered in fonts database. Skipping.
2025-10-13 00:39:10,331 INFO /System/Library/Fonts/Supplemental/NotoSansMendeKikakui-Regular.ttf : NotoSansMendeKikakui-Regular already registered in fonts database. Skipping.
2025-10-13 00:39:10,348 INFO /System/Library/Fonts/Supplemental/NotoSansMeroitic-Regular.ttf : NotoSansMeroitic-Regular already registered in fonts database. Skipping.
2025-10-13 00:39:10,365 INFO /System/Library/Fonts/Supplemental/NotoSansMeroitic-Regular.ttf : NotoSansMeroitic-Regular already registered in fonts database. Skipping.
2025-10-13 00:39:10,380 INFO /System/Library/Fonts/Supplemental/NotoSansMiao-Regular.ttf : NotoSansMiao-Regular already registered in fonts database. Skipping.
2025-10-13 00:39:10,394 INFO /System/Library/Fonts/Supplemental/NotoSansMiao-Regular.ttf : NotoSansMiao-Regular already registered in fonts database. Skipping.
2025-10-13 00:39:10,411 INFO /System/Library/Fonts/Supplemental/NotoSansModi-Regular.ttf : NotoSansModi-Regular already registered in fonts database. Skipping.
2025-10-13 00:39:10,428 INFO /System/Library/Fonts/Supplemental/NotoSansModi-Regular.ttf : NotoSansModi-Regular already registered in fonts database. Skipping.
2025-10-13 00:39:10,489 INFO /System/Library/Fonts/Supplemental/NotoSansMongolian-Regular.ttf : NotoSansMongolian-Regular already registered in fonts database. Skipping.
2025-10-13 00:39:10,551 INFO /System/Library/Fonts/Supplemental/NotoSansMongolian-Regular.ttf : NotoSansMongolian-Regular already registered in fonts database. Skipping.
2025-10-13 00:39:10,558 INFO /System/Library/Fonts/Supplemental/NotoSansMro-Regular.ttf : NotoSansMro-Regular already registered in fonts database. Skipping.
2025-10-13 00:39:10,566 INFO /System/Library/Fonts/Supplemental/NotoSansMro-Regular.ttf : NotoSansMro-Regular already registered in fonts database. Skipping.
2025-10-13 00:39:10,574 INFO /System/Library/Fonts/Supplemental/NotoSansMultani-Regular.ttf : NotoSansMultani-Regular already registered in fonts database. Skipping.
2025-10-13 00:39:10,584 INFO /System/Library/Fonts/Supplemental/NotoSansMultani-Regular.ttf : NotoSansMultani-Regular already registered in fonts database. Skipping.
2025-10-13 00:39:10,593 INFO /System/Library/Fonts/Supplemental/NotoSansNabataean-Regular.ttf : NotoSansNabataean-Regular already registered in fonts database. Skipping.
2025-10-13 00:39:10,602 INFO /System/Library/Fonts/Supplemental/NotoSansNabataean-Regular.ttf : NotoSansNabataean-Regular already registered in fonts database. Skipping.
2025-10-13 00:39:10,638 INFO /System/Library/Fonts/Supplemental/NotoSansNewa-Regular.ttf : NotoSansNewa-Regular already registered in fonts database. Skipping.
2025-10-13 00:39:10,673 INFO /System/Library/Fonts/Supplemental/NotoSansNewa-Regular.ttf : NotoSansNewa-Regular already registered in fonts database. Skipping.
2025-10-13 00:39:10,685 INFO /System/Library/Fonts/Supplemental/NotoSansNewTaiLue-Regular.ttf : NotoSansNewTaiLue-Regular already registered in fonts database. Skipping.
2025-10-13 00:39:10,697 INFO /System/Library/Fonts/Supplemental/NotoSansNewTaiLue-Regular.ttf : NotoSansNewTaiLue-Regular already registered in fonts database. Skipping.
2025-10-13 00:39:10,707 INFO /System/Library/Fonts/Supplemental/NotoSansNKo-Regular.ttf : NotoSansNKo-Regular already registered in fonts database. Skipping.
2025-10-13 00:39:10,717 INFO /System/Library/Fonts/Supplemental/NotoSansNKo-Regular.ttf : NotoSansNKo-Regular already registered in fonts database. Skipping.
2025-10-13 00:39:10,726 INFO /System/Library/Fonts/Supplemental/NotoSansOlChiki-Regular.ttf : NotoSansOlChiki-Regular already registered in fonts database. Skipping.
2025-10-13 00:39:10,736 INFO /System/Library/Fonts/Supplemental/NotoSansOlChiki-Regular.ttf : NotoSansOlChiki-Regular already registered in fonts database. Skipping.
2025-10-13 00:39:10,747 INFO /System/Library/Fonts/Supplemental/NotoSansOldHungarian-Regular.ttf : NotoSansOldHungarian-Regular already registered in fonts database. Skipping.
2025-10-13 00:39:10,758 INFO /System/Library/Fonts/Supplemental/NotoSansOldHungarian-Regular.ttf : NotoSansOldHungarian-Regular already registered in fonts database. Skipping.
2025-10-13 00:39:10,765 INFO /System/Library/Fonts/Supplemental/NotoSansOldItalic-Regular.ttf : NotoSansOldItalic-Regular already registered in fonts database. Skipping.
2025-10-13 00:39:10,772 INFO /System/Library/Fonts/Supplemental/NotoSansOldItalic-Regular.ttf : NotoSansOldItalic-Regular already registered in fonts database. Skipping.
2025-10-13 00:39:10,780 INFO /System/Library/Fonts/Supplemental/NotoSansOldNorthArabian-Regular.ttf : NotoSansOldNorthArabian-Regular already registered in fonts database. Skipping.
2025-10-13 00:39:10,787 INFO /System/Library/Fonts/Supplemental/NotoSansOldNorthArabian-Regular.ttf : NotoSansOldNorthArabian-Regular already registered in fonts database. Skipping.
2025-10-13 00:39:10,794 INFO /System/Library/Fonts/Supplemental/NotoSansOldPermic-Regular.ttf : NotoSansOldPermic-Regular already registered in fonts database. Skipping.
2025-10-13 00:39:10,800 INFO /System/Library/Fonts/Supplemental/NotoSansOldPermic-Regular.ttf : NotoSansOldPermic-Regular already registered in fonts database. Skipping.
2025-10-13 00:39:10,809 INFO /System/Library/Fonts/Supplemental/NotoSansOldPersian-Regular.ttf : NotoSansOldPersian-Regular already registered in fonts database. Skipping.
2025-10-13 00:39:10,817 INFO /System/Library/Fonts/Supplemental/NotoSansOldPersian-Regular.ttf : NotoSansOldPersian-Regular already registered in fonts database. Skipping.
2025-10-13 00:39:10,824 INFO /System/Library/Fonts/Supplemental/NotoSansOldSouthArabian-Regular.ttf : NotoSansOldSouthArabian-Regular already registered in fonts database. Skipping.
2025-10-13 00:39:10,831 INFO /System/Library/Fonts/Supplemental/NotoSansOldSouthArabian-Regular.ttf : NotoSansOldSouthArabian-Regular already registered in fonts database. Skipping.
2025-10-13 00:39:10,838 INFO /System/Library/Fonts/Supplemental/NotoSansOldTurkic-Regular.ttf : NotoSansOldTurkic-Regular already registered in fonts database. Skipping.
2025-10-13 00:39:10,845 INFO /System/Library/Fonts/Supplemental/NotoSansOldTurkic-Regular.ttf : NotoSansOldTurkic-Regular already registered in fonts database. Skipping.
2025-10-13 00:39:10,854 INFO /System/Library/Fonts/Supplemental/NotoSansOsage-Regular.ttf : NotoSansOsage-Regular already registered in fonts database. Skipping.
2025-10-13 00:39:10,863 INFO /System/Library/Fonts/Supplemental/NotoSansOsage-Regular.ttf : NotoSansOsage-Regular already registered in fonts database. Skipping.
2025-10-13 00:39:10,872 INFO /System/Library/Fonts/Supplemental/NotoSansOsmanya-Regular.ttf : NotoSansOsmanya-Regular already registered in fonts database. Skipping.
2025-10-13 00:39:10,880 INFO /System/Library/Fonts/Supplemental/NotoSansOsmanya-Regular.ttf : NotoSansOsmanya-Regular already registered in fonts database. Skipping.
2025-10-13 00:39:10,891 INFO /System/Library/Fonts/Supplemental/NotoSansPahawhHmong-Regular.ttf : NotoSansPahawhHmong-Regular already registered in fonts database. Skipping.
2025-10-13 00:39:10,901 INFO /System/Library/Fonts/Supplemental/NotoSansPahawhHmong-Regular.ttf : NotoSansPahawhHmong-Regular already registered in fonts database. Skipping.
2025-10-13 00:39:10,914 INFO /System/Library/Fonts/Supplemental/NotoSansPalmyrene-Regular.ttf : NotoSansPalmyrene-Regular already registered in fonts database. Skipping.
2025-10-13 00:39:10,926 INFO /System/Library/Fonts/Supplemental/NotoSansPalmyrene-Regular.ttf : NotoSansPalmyrene-Regular already registered in fonts database. Skipping.
2025-10-13 00:39:10,933 INFO /System/Library/Fonts/Supplemental/NotoSansPauCinHau-Regular.ttf : NotoSansPauCinHau-Regular already registered in fonts database. Skipping.
2025-10-13 00:39:10,941 INFO /System/Library/Fonts/Supplemental/NotoSansPauCinHau-Regular.ttf : NotoSansPauCinHau-Regular already registered in fonts database. Skipping.
2025-10-13 00:39:10,954 INFO /System/Library/Fonts/Supplemental/NotoSansPhagsPa-Regular.ttf : NotoSansPhagsPa-Regular already registered in fonts database. Skipping.
2025-10-13 00:39:10,968 INFO /System/Library/Fonts/Supplemental/NotoSansPhagsPa-Regular.ttf : NotoSansPhagsPa-Regular already registered in fonts database. Skipping.
2025-10-13 00:39:10,976 INFO /System/Library/Fonts/Supplemental/NotoSansPhoenician-Regular.ttf : NotoSansPhoenician-Regular already registered in fonts database. Skipping.
2025-10-13 00:39:10,984 INFO /System/Library/Fonts/Supplemental/NotoSansPhoenician-Regular.ttf : NotoSansPhoenician-Regular already registered in fonts database. Skipping.
2025-10-13 00:39:10,997 INFO /System/Library/Fonts/Supplemental/NotoSansPsalterPahlavi-Regular.ttf : NotoSansPsalterPahlavi-Regular already registered in fonts database. Skipping.
2025-10-13 00:39:11,009 INFO /System/Library/Fonts/Supplemental/NotoSansPsalterPahlavi-Regular.ttf : NotoSansPsalterPahlavi-Regular already registered in fonts database. Skipping.
2025-10-13 00:39:11,016 INFO /System/Library/Fonts/Supplemental/NotoSansRejang-Regular.ttf : NotoSansRejang-Regular already registered in fonts database. Skipping.
2025-10-13 00:39:11,023 INFO /System/Library/Fonts/Supplemental/NotoSansRejang-Regular.ttf : NotoSansRejang-Regular already registered in fonts database. Skipping.
2025-10-13 00:39:11,032 INFO /System/Library/Fonts/Supplemental/NotoSansSamaritan-Regular.ttf : NotoSansSamaritan-Regular already registered in fonts database. Skipping.
2025-10-13 00:39:11,042 INFO /System/Library/Fonts/Supplemental/NotoSansSamaritan-Regular.ttf : NotoSansSamaritan-Regular already registered in fonts database. Skipping.
2025-10-13 00:39:11,052 INFO /System/Library/Fonts/Supplemental/NotoSansSaurashtra-Regular.ttf : NotoSansSaurashtra-Regular already registered in fonts database. Skipping.
2025-10-13 00:39:11,063 INFO /System/Library/Fonts/Supplemental/NotoSansSaurashtra-Regular.ttf : NotoSansSaurashtra-Regular already registered in fonts database. Skipping.
2025-10-13 00:39:11,080 INFO /System/Library/Fonts/Supplemental/NotoSansSharada-Regular.ttf : NotoSansSharada-Regular already registered in fonts database. Skipping.
2025-10-13 00:39:11,095 INFO /System/Library/Fonts/Supplemental/NotoSansSharada-Regular.ttf : NotoSansSharada-Regular already registered in fonts database. Skipping.
2025-10-13 00:39:11,103 INFO /System/Library/Fonts/Supplemental/NotoSansSoraSompeng-Regular.ttf : NotoSansSoraSompeng-Regular already registered in fonts database. Skipping.
2025-10-13 00:39:11,110 INFO /System/Library/Fonts/Supplemental/NotoSansSoraSompeng-Regular.ttf : NotoSansSoraSompeng-Regular already registered in fonts database. Skipping.
2025-10-13 00:39:11,119 INFO /System/Library/Fonts/Supplemental/NotoSansSundanese-Regular.ttf : NotoSansSundanese-Regular already registered in fonts database. Skipping.
2025-10-13 00:39:11,127 INFO /System/Library/Fonts/Supplemental/NotoSansSundanese-Regular.ttf : NotoSansSundanese-Regular already registered in fonts database. Skipping.
2025-10-13 00:39:11,137 INFO /System/Library/Fonts/Supplemental/NotoSansSylotiNagri-Regular.ttf : NotoSansSylotiNagri-Regular already registered in fonts database. Skipping.
2025-10-13 00:39:11,147 INFO /System/Library/Fonts/Supplemental/NotoSansSylotiNagri-Regular.ttf : NotoSansSylotiNagri-Regular already registered in fonts database. Skipping.
2025-10-13 00:39:11,165 INFO /System/Library/Fonts/Supplemental/NotoSansSyriac-Regular.ttf : NotoSansSyriac-Regular already registered in fonts database. Skipping.
2025-10-13 00:39:11,184 INFO /System/Library/Fonts/Supplemental/NotoSansSyriac-Regular.ttf : NotoSansSyriac-Regular already registered in fonts database. Skipping.
2025-10-13 00:39:11,192 INFO /System/Library/Fonts/Supplemental/NotoSansTagalog-Regular.ttf : NotoSansTagalog-Regular already registered in fonts database. Skipping.
2025-10-13 00:39:11,200 INFO /System/Library/Fonts/Supplemental/NotoSansTagalog-Regular.ttf : NotoSansTagalog-Regular already registered in fonts database. Skipping.
2025-10-13 00:39:11,207 INFO /System/Library/Fonts/Supplemental/NotoSansTagbanwa-Regular.ttf : NotoSansTagbanwa-Regular already registered in fonts database. Skipping.
2025-10-13 00:39:11,215 INFO /System/Library/Fonts/Supplemental/NotoSansTagbanwa-Regular.ttf : NotoSansTagbanwa-Regular already registered in fonts database. Skipping.
2025-10-13 00:39:11,224 INFO /System/Library/Fonts/Supplemental/NotoSansTaiLe-Regular.ttf : NotoSansTaiLe-Regular already registered in fonts database. Skipping.
2025-10-13 00:39:11,235 INFO /System/Library/Fonts/Supplemental/NotoSansTaiLe-Regular.ttf : NotoSansTaiLe-Regular already registered in fonts database. Skipping.
2025-10-13 00:39:11,254 INFO /System/Library/Fonts/Supplemental/NotoSansTaiTham-Regular.ttf : NotoSansTaiTham already registered in fonts database. Skipping.
2025-10-13 00:39:11,272 INFO /System/Library/Fonts/Supplemental/NotoSansTaiTham-Regular.ttf : NotoSansTaiTham already registered in fonts database. Skipping.
2025-10-13 00:39:11,284 INFO /System/Library/Fonts/Supplemental/NotoSansTaiViet-Regular.ttf : NotoSansTaiViet-Regular already registered in fonts database. Skipping.
2025-10-13 00:39:11,297 INFO /System/Library/Fonts/Supplemental/NotoSansTaiViet-Regular.ttf : NotoSansTaiViet-Regular already registered in fonts database. Skipping.
2025-10-13 00:39:11,306 INFO /System/Library/Fonts/Supplemental/NotoSansTakri-Regular.ttf : NotoSansTakri-Regular already registered in fonts database. Skipping.
2025-10-13 00:39:11,315 INFO /System/Library/Fonts/Supplemental/NotoSansTakri-Regular.ttf : NotoSansTakri-Regular already registered in fonts database. Skipping.
2025-10-13 00:39:11,328 INFO /System/Library/Fonts/Supplemental/NotoSansThaana-Regular.ttf : NotoSansThaana-Regular already registered in fonts database. Skipping.
2025-10-13 00:39:11,341 INFO /System/Library/Fonts/Supplemental/NotoSansThaana-Regular.ttf : NotoSansThaana-Regular already registered in fonts database. Skipping.
2025-10-13 00:39:11,360 INFO /System/Library/Fonts/Supplemental/NotoSansTirhuta-Regular.ttf : NotoSansTirhuta-Regular already registered in fonts database. Skipping.
2025-10-13 00:39:11,379 INFO /System/Library/Fonts/Supplemental/NotoSansTirhuta-Regular.ttf : NotoSansTirhuta-Regular already registered in fonts database. Skipping.
2025-10-13 00:39:11,386 INFO /System/Library/Fonts/Supplemental/NotoSansUgaritic-Regular.ttf : NotoSansUgaritic-Regular already registered in fonts database. Skipping.
2025-10-13 00:39:11,393 INFO /System/Library/Fonts/Supplemental/NotoSansUgaritic-Regular.ttf : NotoSansUgaritic-Regular already registered in fonts database. Skipping.
2025-10-13 00:39:11,414 INFO /System/Library/Fonts/Supplemental/NotoSansVai-Regular.ttf : NotoSansVai-Regular already registered in fonts database. Skipping.
2025-10-13 00:39:11,434 INFO /System/Library/Fonts/Supplemental/NotoSansVai-Regular.ttf : NotoSansVai-Regular already registered in fonts database. Skipping.
2025-10-13 00:39:11,443 INFO /System/Library/Fonts/Supplemental/NotoSansWancho-Regular.ttf : NotoSansWancho-Regular already registered in fonts database. Skipping.
2025-10-13 00:39:11,452 INFO /System/Library/Fonts/Supplemental/NotoSansWancho-Regular.ttf : NotoSansWancho-Regular already registered in fonts database. Skipping.
2025-10-13 00:39:11,463 INFO /System/Library/Fonts/Supplemental/NotoSansWarangCiti-Regular.ttf : NotoSansWarangCiti-Regular already registered in fonts database. Skipping.
2025-10-13 00:39:11,473 INFO /System/Library/Fonts/Supplemental/NotoSansWarangCiti-Regular.ttf : NotoSansWarangCiti-Regular already registered in fonts database. Skipping.
2025-10-13 00:39:11,527 INFO /System/Library/Fonts/Supplemental/NotoSansYi-Regular.ttf : NotoSansYi-Regular already registered in fonts database. Skipping.
2025-10-13 00:39:11,582 INFO /System/Library/Fonts/Supplemental/NotoSansYi-Regular.ttf : NotoSansYi-Regular already registered in fonts database. Skipping.
2025-10-13 00:39:11,594 INFO /System/Library/Fonts/Supplemental/NotoSerifAhom-Regular.ttf : NotoSerifAhom-Regular already registered in fonts database. Skipping.
2025-10-13 00:39:11,607 INFO /System/Library/Fonts/Supplemental/NotoSerifAhom-Regular.ttf : NotoSerifAhom-Regular already registered in fonts database. Skipping.
2025-10-13 00:39:11,635 INFO /System/Library/Fonts/Supplemental/NotoSerifBalinese-Regular.ttf : NotoSerifBalinese-Regular already registered in fonts database. Skipping.
2025-10-13 00:39:11,664 INFO /System/Library/Fonts/Supplemental/NotoSerifBalinese-Regular.ttf : NotoSerifBalinese-Regular already registered in fonts database. Skipping.
2025-10-13 00:39:11,673 INFO /System/Library/Fonts/Supplemental/NotoSerifNyiakengPuachueHmong-Regular.ttf : NotoSerifHmongNyiakeng-Regular already registered in fonts database. Skipping.
2025-10-13 00:39:11,681 INFO /System/Library/Fonts/Supplemental/NotoSerifNyiakengPuachueHmong-Regular.ttf : NotoSerifHmongNyiakeng-Regular already registered in fonts database. Skipping.
2025-10-13 00:39:11,783 INFO /System/Library/Fonts/Supplemental/PartyLET-plain.ttf : PartyLetPlain already registered in fonts database. Skipping.
2025-10-13 00:39:11,885 INFO /System/Library/Fonts/Supplemental/PartyLET-plain.ttf : PartyLetPlain already registered in fonts database. Skipping.
2025-10-13 00:39:11,928 INFO /System/Library/Fonts/Supplemental/PlantagenetCherokee.ttf : No FontName. Skipping.
2025-10-13 00:39:11,970 INFO /System/Library/Fonts/Supplemental/PlantagenetCherokee.ttf : No FontName. Skipping.
2025-10-13 00:39:12,009 INFO /System/Library/Fonts/Supplemental/Sathu.ttf : No FontName. Skipping.
2025-10-13 00:39:12,049 INFO /System/Library/Fonts/Supplemental/Sathu.ttf : No FontName. Skipping.
2025-10-13 00:39:12,072 INFO /System/Library/Fonts/Supplemental/Silom.ttf : No FontName. Skipping.
2025-10-13 00:39:12,096 INFO /System/Library/Fonts/Supplemental/Silom.ttf : No FontName. Skipping.
2025-10-13 00:39:12,123 INFO /System/Library/Fonts/Supplemental/Skia.ttf : No FontName. Skipping.
2025-10-13 00:39:12,151 INFO /System/Library/Fonts/Supplemental/Skia.ttf : No FontName. Skipping.
2025-10-13 00:39:12,283 INFO /System/Library/Fonts/Supplemental/STIXTwoText-Italic.ttf : STIXTwoText-Italic already registered in fonts database. Skipping.
2025-10-13 00:39:12,414 INFO /System/Library/Fonts/Supplemental/STIXTwoText-Italic.ttf : STIXTwoText-Italic already registered in fonts database. Skipping.
2025-10-13 00:39:12,532 INFO /System/Library/Fonts/Supplemental/STIXTwoText.ttf : STIXTwoText already registered in fonts database. Skipping.
2025-10-13 00:39:12,649 INFO /System/Library/Fonts/Supplemental/STIXTwoText.ttf : STIXTwoText already registered in fonts database. Skipping.
2025-10-13 00:39:12,743 INFO /System/Library/Fonts/Supplemental/Tahoma Bold.ttf : Tahoma-Bold already registered in fonts database. Skipping.
2025-10-13 00:39:12,836 INFO /System/Library/Fonts/Supplemental/Tahoma Bold.ttf : Tahoma-Bold already registered in fonts database. Skipping.
2025-10-13 00:39:12,937 INFO /System/Library/Fonts/Supplemental/Tahoma.ttf : Tahoma already registered in fonts database. Skipping.
2025-10-13 00:39:13,036 INFO /System/Library/Fonts/Supplemental/Tahoma.ttf : Tahoma already registered in fonts database. Skipping.
2025-10-13 00:39:13,136 INFO /System/Library/Fonts/Supplemental/Times New Roman Bold Italic.ttf : TimesNewRomanPS-BoldItalicMT already registered in fonts database. Skipping.
2025-10-13 00:39:13,238 INFO /System/Library/Fonts/Supplemental/Times New Roman Bold Italic.ttf : TimesNewRomanPS-BoldItalicMT already registered in fonts database. Skipping.
2025-10-13 00:39:13,385 INFO /System/Library/Fonts/Supplemental/Times New Roman Bold.ttf : TimesNewRomanPS-BoldMT already registered in fonts database. Skipping.
2025-10-13 00:39:13,533 INFO /System/Library/Fonts/Supplemental/Times New Roman Bold.ttf : TimesNewRomanPS-BoldMT already registered in fonts database. Skipping.
2025-10-13 00:39:13,642 INFO /System/Library/Fonts/Supplemental/Times New Roman Italic.ttf : TimesNewRomanPS-ItalicMT already registered in fonts database. Skipping.
2025-10-13 00:39:13,750 INFO /System/Library/Fonts/Supplemental/Times New Roman Italic.ttf : TimesNewRomanPS-ItalicMT already registered in fonts database. Skipping.
2025-10-13 00:39:13,905 INFO /System/Library/Fonts/Supplemental/Times New Roman.ttf : TimesNewRomanPSMT already registered in fonts database. Skipping.
2025-10-13 00:39:14,059 INFO /System/Library/Fonts/Supplemental/Times New Roman.ttf : TimesNewRomanPSMT already registered in fonts database. Skipping.
2025-10-13 00:39:15,913 INFO /System/Library/Fonts/Supplemental/Trattatello.ttf : Trattatello already registered in fonts database. Skipping.
2025-10-13 00:39:17,813 INFO /System/Library/Fonts/Supplemental/Trattatello.ttf : Trattatello already registered in fonts database. Skipping.
2025-10-13 00:39:17,830 INFO /System/Library/Fonts/Supplemental/Trebuchet MS Bold Italic.ttf : Trebuchet-BoldItalic already registered in fonts database. Skipping.
2025-10-13 00:39:17,857 INFO /System/Library/Fonts/Supplemental/Trebuchet MS Bold Italic.ttf : Trebuchet-BoldItalic already registered in fonts database. Skipping.
2025-10-13 00:39:17,886 INFO /System/Library/Fonts/Supplemental/Trebuchet MS Bold.ttf : TrebuchetMS-Bold already registered in fonts database. Skipping.
2025-10-13 00:39:17,914 INFO /System/Library/Fonts/Supplemental/Trebuchet MS Bold.ttf : TrebuchetMS-Bold already registered in fonts database. Skipping.
2025-10-13 00:39:17,938 INFO /System/Library/Fonts/Supplemental/Trebuchet MS Italic.ttf : TrebuchetMS-Italic already registered in fonts database. Skipping.
2025-10-13 00:39:17,958 INFO /System/Library/Fonts/Supplemental/Trebuchet MS Italic.ttf : TrebuchetMS-Italic already registered in fonts database. Skipping.
2025-10-13 00:39:17,973 INFO /System/Library/Fonts/Supplemental/Trebuchet MS.ttf : TrebuchetMS already registered in fonts database. Skipping.
2025-10-13 00:39:17,988 INFO /System/Library/Fonts/Supplemental/Trebuchet MS.ttf : TrebuchetMS already registered in fonts database. Skipping.
2025-10-13 00:39:18,009 INFO /System/Library/Fonts/Supplemental/Verdana Bold Italic.ttf : Verdana-BoldItalic already registered in fonts database. Skipping.
2025-10-13 00:39:18,030 INFO /System/Library/Fonts/Supplemental/Verdana Bold Italic.ttf : Verdana-BoldItalic already registered in fonts database. Skipping.
2025-10-13 00:39:18,055 INFO /System/Library/Fonts/Supplemental/Verdana Bold.ttf : Verdana-Bold already registered in fonts database. Skipping.
2025-10-13 00:39:18,078 INFO /System/Library/Fonts/Supplemental/Verdana Bold.ttf : Verdana-Bold already registered in fonts database. Skipping.
2025-10-13 00:39:18,101 INFO /System/Library/Fonts/Supplemental/Verdana Italic.ttf : Verdana-Italic already registered in fonts database. Skipping.
2025-10-13 00:39:18,125 INFO /System/Library/Fonts/Supplemental/Verdana Italic.ttf : Verdana-Italic already registered in fonts database. Skipping.
2025-10-13 00:39:18,171 INFO /System/Library/Fonts/Supplemental/Verdana.ttf : Verdana already registered in fonts database. Skipping.
2025-10-13 00:39:18,195 INFO /System/Library/Fonts/Supplemental/Verdana.ttf : Verdana already registered in fonts database. Skipping.
2025-10-13 00:39:18,224 INFO /System/Library/Fonts/Supplemental/Webdings.ttf : Webdings already registered in fonts database. Skipping.
2025-10-13 00:39:18,254 INFO /System/Library/Fonts/Supplemental/Webdings.ttf : Webdings already registered in fonts database. Skipping.
2025-10-13 00:39:18,267 INFO /System/Library/Fonts/Supplemental/Wingdings 2.ttf : Wingdings2 already registered in fonts database. Skipping.
2025-10-13 00:39:18,296 INFO /System/Library/Fonts/Supplemental/Wingdings 2.ttf : Wingdings2 already registered in fonts database. Skipping.
2025-10-13 00:39:18,310 INFO /System/Library/Fonts/Supplemental/Wingdings 3.ttf : Wingdings3 already registered in fonts database. Skipping.
2025-10-13 00:39:18,329 INFO /System/Library/Fonts/Supplemental/Wingdings 3.ttf : Wingdings3 already registered in fonts database. Skipping.
2025-10-13 00:39:18,360 INFO /System/Library/Fonts/Supplemental/Wingdings.ttf : Wingdings-Regular already registered in fonts database. Skipping.
2025-10-13 00:39:18,375 INFO /System/Library/Fonts/Supplemental/Wingdings.ttf : Wingdings-Regular already registered in fonts database. Skipping.
2025-10-13 00:39:18,770 INFO /System/Library/Fonts/Supplemental/Zapfino.ttf : No FontName. Skipping.
2025-10-13 00:39:19,166 INFO /System/Library/Fonts/Supplemental/Zapfino.ttf : No FontName. Skipping.
2025-10-13 00:39:19,176 INFO /System/Library/Fonts/Symbol.ttf : No FontName. Skipping.
2025-10-13 00:39:19,189 INFO /System/Library/Fonts/ZapfDingbats.ttf : No FontName. Skipping.
2025-10-13 00:39:19,189 INFO Found FontName for 0 fonts.
2025-10-13 00:39:19,189 INFO Scanning afm files in /Library/Frameworks/R.framework/Versions/4.5-arm64/Resources/library/extrafontdb/metrics
2025-10-13 00:39:19,301 INFO .Keyboard already registered with pdfFont().
2025-10-13 00:39:19,301 INFO .New York already registered with pdfFont().
2025-10-13 00:39:19,301 INFO .SF Arabic already registered with pdfFont().
2025-10-13 00:39:19,301 INFO .SF Arabic Rounded already registered with pdfFont().
2025-10-13 00:39:19,301 INFO .SF Armenian already registered with pdfFont().
2025-10-13 00:39:19,301 INFO .SF Armenian Rounded already registered with pdfFont().
2025-10-13 00:39:19,302 INFO .SF Camera already registered with pdfFont().
2025-10-13 00:39:19,302 INFO .SF Compact already registered with pdfFont().
2025-10-13 00:39:19,302 INFO .SF Compact Rounded already registered with pdfFont().
2025-10-13 00:39:19,302 INFO .SF Georgian already registered with pdfFont().
2025-10-13 00:39:19,302 INFO .SF Georgian Rounded already registered with pdfFont().
2025-10-13 00:39:19,302 INFO .SF Hebrew already registered with pdfFont().
2025-10-13 00:39:19,302 INFO .SF Hebrew Rounded already registered with pdfFont().
2025-10-13 00:39:19,302 INFO .SF NS Mono already registered with pdfFont().
2025-10-13 00:39:19,302 INFO .SF NS Rounded already registered with pdfFont().
2025-10-13 00:39:19,302 INFO Academy Engraved LET already registered with pdfFont().
2025-10-13 00:39:19,302 INFO Andale Mono already registered with pdfFont().
2025-10-13 00:39:19,302 INFO More than one version of regular/bold/italic found for Apple Braille. Skipping setup for this font.
2025-10-13 00:39:19,302 INFO AppleMyungjo already registered with pdfFont().
2025-10-13 00:39:19,302 INFO Arial already registered with pdfFont().
2025-10-13 00:39:19,302 INFO Arial Black already registered with pdfFont().
2025-10-13 00:39:19,302 INFO Arial Narrow already registered with pdfFont().
2025-10-13 00:39:19,302 INFO Arial Rounded MT Bold already registered with pdfFont().
2025-10-13 00:39:19,302 INFO Arial Unicode MS already registered with pdfFont().
2025-10-13 00:39:19,302 INFO Bodoni 72 Smallcaps already registered with pdfFont().
2025-10-13 00:39:19,302 INFO Bodoni Ornaments already registered with pdfFont().
2025-10-13 00:39:19,302 INFO No regular (non-bold, non-italic) version of Brush Script MT. Skipping setup for this font.
2025-10-13 00:39:19,302 INFO Comic Sans MS already registered with pdfFont().
2025-10-13 00:39:19,302 INFO Courier New already registered with pdfFont().
2025-10-13 00:39:19,302 INFO No regular (non-bold, non-italic) version of DIN Alternate. Skipping setup for this font.
2025-10-13 00:39:19,302 INFO No regular (non-bold, non-italic) version of DIN Condensed. Skipping setup for this font.
2025-10-13 00:39:19,302 INFO Georgia already registered with pdfFont().
2025-10-13 00:39:19,302 INFO Impact already registered with pdfFont().
2025-10-13 00:39:19,302 INFO Khmer Sangam MN already registered with pdfFont().
2025-10-13 00:39:19,302 INFO Lao Sangam MN already registered with pdfFont().
2025-10-13 00:39:19,302 INFO Luminari already registered with pdfFont().
2025-10-13 00:39:19,302 INFO Microsoft Sans Serif already registered with pdfFont().
2025-10-13 00:39:19,302 INFO Noto Sans Adlam already registered with pdfFont().
2025-10-13 00:39:19,302 INFO Noto Sans Avestan already registered with pdfFont().
2025-10-13 00:39:19,302 INFO Noto Sans Bamum already registered with pdfFont().
2025-10-13 00:39:19,302 INFO Noto Sans Bassa Vah already registered with pdfFont().
2025-10-13 00:39:19,302 INFO Noto Sans Batak already registered with pdfFont().
2025-10-13 00:39:19,302 INFO Noto Sans Bhaiksuki already registered with pdfFont().
2025-10-13 00:39:19,302 INFO Noto Sans Brahmi already registered with pdfFont().
2025-10-13 00:39:19,302 INFO Noto Sans Buginese already registered with pdfFont().
2025-10-13 00:39:19,302 INFO Noto Sans Buhid already registered with pdfFont().
2025-10-13 00:39:19,302 INFO Noto Sans Carian already registered with pdfFont().
2025-10-13 00:39:19,302 INFO Noto Sans CaucAlban already registered with pdfFont().
2025-10-13 00:39:19,302 INFO Noto Sans Chakma already registered with pdfFont().
2025-10-13 00:39:19,302 INFO Noto Sans Cham already registered with pdfFont().
2025-10-13 00:39:19,302 INFO Noto Sans Coptic already registered with pdfFont().
2025-10-13 00:39:19,302 INFO Noto Sans Cuneiform already registered with pdfFont().
2025-10-13 00:39:19,302 INFO Noto Sans Cypriot already registered with pdfFont().
2025-10-13 00:39:19,302 INFO Noto Sans Duployan already registered with pdfFont().
2025-10-13 00:39:19,302 INFO Noto Sans EgyptHiero already registered with pdfFont().
2025-10-13 00:39:19,302 INFO Noto Sans Elbasan already registered with pdfFont().
2025-10-13 00:39:19,302 INFO Noto Sans Glagolitic already registered with pdfFont().
2025-10-13 00:39:19,302 INFO Noto Sans Gothic already registered with pdfFont().
2025-10-13 00:39:19,302 INFO Noto Sans HanifiRohg already registered with pdfFont().
2025-10-13 00:39:19,302 INFO Noto Sans Hanunoo already registered with pdfFont().
2025-10-13 00:39:19,302 INFO Noto Sans Hatran already registered with pdfFont().
2025-10-13 00:39:19,302 INFO Noto Sans ImpAramaic already registered with pdfFont().
2025-10-13 00:39:19,302 INFO Noto Sans InsPahlavi already registered with pdfFont().
2025-10-13 00:39:19,302 INFO Noto Sans InsParthi already registered with pdfFont().
2025-10-13 00:39:19,302 INFO Noto Sans Kaithi already registered with pdfFont().
2025-10-13 00:39:19,302 INFO Noto Sans Kayah Li already registered with pdfFont().
2025-10-13 00:39:19,302 INFO Noto Sans Kharoshthi already registered with pdfFont().
2025-10-13 00:39:19,303 INFO Noto Sans Khojki already registered with pdfFont().
2025-10-13 00:39:19,303 INFO Noto Sans Khudawadi already registered with pdfFont().
2025-10-13 00:39:19,303 INFO Noto Sans Lepcha already registered with pdfFont().
2025-10-13 00:39:19,303 INFO Noto Sans Limbu already registered with pdfFont().
2025-10-13 00:39:19,303 INFO Noto Sans Linear A already registered with pdfFont().
2025-10-13 00:39:19,303 INFO Noto Sans Linear B already registered with pdfFont().
2025-10-13 00:39:19,303 INFO Noto Sans Lisu already registered with pdfFont().
2025-10-13 00:39:19,303 INFO Noto Sans Lycian already registered with pdfFont().
2025-10-13 00:39:19,303 INFO Noto Sans Lydian already registered with pdfFont().
2025-10-13 00:39:19,303 INFO Noto Sans Mahajani already registered with pdfFont().
2025-10-13 00:39:19,303 INFO Noto Sans Mandaic already registered with pdfFont().
2025-10-13 00:39:19,303 INFO Noto Sans Manichaean already registered with pdfFont().
2025-10-13 00:39:19,303 INFO Noto Sans Marchen already registered with pdfFont().
2025-10-13 00:39:19,303 INFO Noto Sans MeeteiMayek already registered with pdfFont().
2025-10-13 00:39:19,303 INFO Noto Sans Mende Kikakui already registered with pdfFont().
2025-10-13 00:39:19,303 INFO Noto Sans Meroitic already registered with pdfFont().
2025-10-13 00:39:19,303 INFO Noto Sans Miao already registered with pdfFont().
2025-10-13 00:39:19,303 INFO Noto Sans Modi already registered with pdfFont().
2025-10-13 00:39:19,303 INFO Noto Sans Mongolian already registered with pdfFont().
2025-10-13 00:39:19,303 INFO Noto Sans Mro already registered with pdfFont().
2025-10-13 00:39:19,303 INFO Noto Sans Multani already registered with pdfFont().
2025-10-13 00:39:19,303 INFO Noto Sans Nabataean already registered with pdfFont().
2025-10-13 00:39:19,303 INFO Noto Sans Newa already registered with pdfFont().
2025-10-13 00:39:19,303 INFO Noto Sans NewTaiLue already registered with pdfFont().
2025-10-13 00:39:19,303 INFO Noto Sans NKo already registered with pdfFont().
2025-10-13 00:39:19,303 INFO Noto Sans Ol Chiki already registered with pdfFont().
2025-10-13 00:39:19,303 INFO No regular (non-bold, non-italic) version of Noto Sans Old Italic. Skipping setup for this font.
2025-10-13 00:39:19,303 INFO Noto Sans Old Permic already registered with pdfFont().
2025-10-13 00:39:19,303 INFO Noto Sans Old Turkic already registered with pdfFont().
2025-10-13 00:39:19,303 INFO Noto Sans OldHung already registered with pdfFont().
2025-10-13 00:39:19,303 INFO Noto Sans OldNorArab already registered with pdfFont().
2025-10-13 00:39:19,303 INFO Noto Sans OldPersian already registered with pdfFont().
2025-10-13 00:39:19,303 INFO Noto Sans OldSouArab already registered with pdfFont().
2025-10-13 00:39:19,303 INFO Noto Sans Osage already registered with pdfFont().
2025-10-13 00:39:19,303 INFO Noto Sans Osmanya already registered with pdfFont().
2025-10-13 00:39:19,303 INFO Noto Sans Pahawh Hmong already registered with pdfFont().
2025-10-13 00:39:19,303 INFO Noto Sans Palmyrene already registered with pdfFont().
2025-10-13 00:39:19,303 INFO Noto Sans PauCinHau already registered with pdfFont().
2025-10-13 00:39:19,304 INFO Noto Sans PhagsPa already registered with pdfFont().
2025-10-13 00:39:19,304 INFO Noto Sans Phoenician already registered with pdfFont().
2025-10-13 00:39:19,304 INFO Noto Sans PsaPahlavi already registered with pdfFont().
2025-10-13 00:39:19,304 INFO Noto Sans Rejang already registered with pdfFont().
2025-10-13 00:39:19,304 INFO Noto Sans Samaritan already registered with pdfFont().
2025-10-13 00:39:19,304 INFO Noto Sans Saurashtra already registered with pdfFont().
2025-10-13 00:39:19,304 INFO Noto Sans Sharada already registered with pdfFont().
2025-10-13 00:39:19,304 INFO Noto Sans SoraSomp already registered with pdfFont().
2025-10-13 00:39:19,304 INFO Noto Sans Sundanese already registered with pdfFont().
2025-10-13 00:39:19,304 INFO Noto Sans Syloti Nagri already registered with pdfFont().
2025-10-13 00:39:19,304 INFO Noto Sans Syriac already registered with pdfFont().
2025-10-13 00:39:19,304 INFO Noto Sans Tagalog already registered with pdfFont().
2025-10-13 00:39:19,304 INFO Noto Sans Tagbanwa already registered with pdfFont().
2025-10-13 00:39:19,304 INFO Noto Sans Tai Le already registered with pdfFont().
2025-10-13 00:39:19,304 INFO Noto Sans Tai Tham already registered with pdfFont().
2025-10-13 00:39:19,304 INFO Noto Sans Tai Viet already registered with pdfFont().
2025-10-13 00:39:19,304 INFO Noto Sans Takri already registered with pdfFont().
2025-10-13 00:39:19,304 INFO Noto Sans Thaana already registered with pdfFont().
2025-10-13 00:39:19,304 INFO Noto Sans Tirhuta already registered with pdfFont().
2025-10-13 00:39:19,304 INFO Noto Sans Ugaritic already registered with pdfFont().
2025-10-13 00:39:19,304 INFO Noto Sans Vai already registered with pdfFont().
2025-10-13 00:39:19,304 INFO Noto Sans Wancho already registered with pdfFont().
2025-10-13 00:39:19,304 INFO Noto Sans WarangCiti already registered with pdfFont().
2025-10-13 00:39:19,304 INFO Noto Sans Yi already registered with pdfFont().
2025-10-13 00:39:19,304 INFO Noto Serif Ahom already registered with pdfFont().
2025-10-13 00:39:19,304 INFO Noto Serif Balinese already registered with pdfFont().
2025-10-13 00:39:19,304 INFO Noto Serif Hmong Nyiakeng already registered with pdfFont().
2025-10-13 00:39:19,304 INFO Party LET already registered with pdfFont().
2025-10-13 00:39:19,304 INFO STIX Two Text already registered with pdfFont().
2025-10-13 00:39:19,304 INFO System Font already registered with pdfFont().
2025-10-13 00:39:19,305 INFO Tahoma already registered with pdfFont().
2025-10-13 00:39:19,305 INFO Times New Roman already registered with pdfFont().
2025-10-13 00:39:19,305 INFO Trattatello already registered with pdfFont().
2025-10-13 00:39:19,305 INFO Trebuchet MS already registered with pdfFont().
2025-10-13 00:39:19,305 INFO Verdana already registered with pdfFont().
2025-10-13 00:39:19,305 INFO Webdings already registered with pdfFont().
2025-10-13 00:39:19,305 INFO Wingdings already registered with pdfFont().
2025-10-13 00:39:19,305 INFO Wingdings 2 already registered with pdfFont().
2025-10-13 00:39:19,305 INFO Wingdings 3 already registered with pdfFont().
2025-10-13 00:39:19,310 INFO .Keyboard already registered with postscriptFont().
2025-10-13 00:39:19,310 INFO .New York already registered with postscriptFont().
2025-10-13 00:39:19,310 INFO .SF Arabic already registered with postscriptFont().
2025-10-13 00:39:19,310 INFO .SF Arabic Rounded already registered with postscriptFont().
2025-10-13 00:39:19,310 INFO .SF Armenian already registered with postscriptFont().
2025-10-13 00:39:19,310 INFO .SF Armenian Rounded already registered with postscriptFont().
2025-10-13 00:39:19,310 INFO .SF Camera already registered with postscriptFont().
2025-10-13 00:39:19,310 INFO .SF Compact already registered with postscriptFont().
2025-10-13 00:39:19,310 INFO .SF Compact Rounded already registered with postscriptFont().
2025-10-13 00:39:19,310 INFO .SF Georgian already registered with postscriptFont().
2025-10-13 00:39:19,310 INFO .SF Georgian Rounded already registered with postscriptFont().
2025-10-13 00:39:19,310 INFO .SF Hebrew already registered with postscriptFont().
2025-10-13 00:39:19,310 INFO .SF Hebrew Rounded already registered with postscriptFont().
2025-10-13 00:39:19,310 INFO .SF NS Mono already registered with postscriptFont().
2025-10-13 00:39:19,310 INFO .SF NS Rounded already registered with postscriptFont().
2025-10-13 00:39:19,310 INFO Academy Engraved LET already registered with postscriptFont().
2025-10-13 00:39:19,310 INFO Andale Mono already registered with postscriptFont().
2025-10-13 00:39:19,310 INFO More than one version of regular/bold/italic found for Apple Braille. Skipping setup for this font.
2025-10-13 00:39:19,310 INFO AppleMyungjo already registered with postscriptFont().
2025-10-13 00:39:19,310 INFO Arial already registered with postscriptFont().
2025-10-13 00:39:19,310 INFO Arial Black already registered with postscriptFont().
2025-10-13 00:39:19,310 INFO Arial Narrow already registered with postscriptFont().
2025-10-13 00:39:19,310 INFO Arial Rounded MT Bold already registered with postscriptFont().
2025-10-13 00:39:19,310 INFO Arial Unicode MS already registered with postscriptFont().
2025-10-13 00:39:19,310 INFO Bodoni 72 Smallcaps already registered with postscriptFont().
2025-10-13 00:39:19,310 INFO Bodoni Ornaments already registered with postscriptFont().
2025-10-13 00:39:19,310 INFO No regular (non-bold, non-italic) version of Brush Script MT. Skipping setup for this font.
2025-10-13 00:39:19,310 INFO Comic Sans MS already registered with postscriptFont().
2025-10-13 00:39:19,310 INFO Courier New already registered with postscriptFont().
2025-10-13 00:39:19,310 INFO No regular (non-bold, non-italic) version of DIN Alternate. Skipping setup for this font.
2025-10-13 00:39:19,310 INFO No regular (non-bold, non-italic) version of DIN Condensed. Skipping setup for this font.
2025-10-13 00:39:19,310 INFO Georgia already registered with postscriptFont().
2025-10-13 00:39:19,310 INFO Impact already registered with postscriptFont().
2025-10-13 00:39:19,310 INFO Khmer Sangam MN already registered with postscriptFont().
2025-10-13 00:39:19,310 INFO Lao Sangam MN already registered with postscriptFont().
2025-10-13 00:39:19,310 INFO Luminari already registered with postscriptFont().
2025-10-13 00:39:19,310 INFO Microsoft Sans Serif already registered with postscriptFont().
2025-10-13 00:39:19,310 INFO Noto Sans Adlam already registered with postscriptFont().
2025-10-13 00:39:19,310 INFO Noto Sans Avestan already registered with postscriptFont().
2025-10-13 00:39:19,310 INFO Noto Sans Bamum already registered with postscriptFont().
2025-10-13 00:39:19,311 INFO Noto Sans Bassa Vah already registered with postscriptFont().
2025-10-13 00:39:19,311 INFO Noto Sans Batak already registered with postscriptFont().
2025-10-13 00:39:19,311 INFO Noto Sans Bhaiksuki already registered with postscriptFont().
2025-10-13 00:39:19,311 INFO Noto Sans Brahmi already registered with postscriptFont().
2025-10-13 00:39:19,311 INFO Noto Sans Buginese already registered with postscriptFont().
2025-10-13 00:39:19,311 INFO Noto Sans Buhid already registered with postscriptFont().
2025-10-13 00:39:19,311 INFO Noto Sans Carian already registered with postscriptFont().
2025-10-13 00:39:19,311 INFO Noto Sans CaucAlban already registered with postscriptFont().
2025-10-13 00:39:19,311 INFO Noto Sans Chakma already registered with postscriptFont().
2025-10-13 00:39:19,311 INFO Noto Sans Cham already registered with postscriptFont().
2025-10-13 00:39:19,311 INFO Noto Sans Coptic already registered with postscriptFont().
2025-10-13 00:39:19,311 INFO Noto Sans Cuneiform already registered with postscriptFont().
2025-10-13 00:39:19,311 INFO Noto Sans Cypriot already registered with postscriptFont().
2025-10-13 00:39:19,311 INFO Noto Sans Duployan already registered with postscriptFont().
2025-10-13 00:39:19,311 INFO Noto Sans EgyptHiero already registered with postscriptFont().
2025-10-13 00:39:19,311 INFO Noto Sans Elbasan already registered with postscriptFont().
2025-10-13 00:39:19,311 INFO Noto Sans Glagolitic already registered with postscriptFont().
2025-10-13 00:39:19,311 INFO Noto Sans Gothic already registered with postscriptFont().
2025-10-13 00:39:19,311 INFO Noto Sans HanifiRohg already registered with postscriptFont().
2025-10-13 00:39:19,311 INFO Noto Sans Hanunoo already registered with postscriptFont().
2025-10-13 00:39:19,311 INFO Noto Sans Hatran already registered with postscriptFont().
2025-10-13 00:39:19,311 INFO Noto Sans ImpAramaic already registered with postscriptFont().
2025-10-13 00:39:19,311 INFO Noto Sans InsPahlavi already registered with postscriptFont().
2025-10-13 00:39:19,311 INFO Noto Sans InsParthi already registered with postscriptFont().
2025-10-13 00:39:19,311 INFO Noto Sans Kaithi already registered with postscriptFont().
2025-10-13 00:39:19,311 INFO Noto Sans Kayah Li already registered with postscriptFont().
2025-10-13 00:39:19,311 INFO Noto Sans Kharoshthi already registered with postscriptFont().
2025-10-13 00:39:19,311 INFO Noto Sans Khojki already registered with postscriptFont().
2025-10-13 00:39:19,311 INFO Noto Sans Khudawadi already registered with postscriptFont().
2025-10-13 00:39:19,311 INFO Noto Sans Lepcha already registered with postscriptFont().
2025-10-13 00:39:19,311 INFO Noto Sans Limbu already registered with postscriptFont().
2025-10-13 00:39:19,311 INFO Noto Sans Linear A already registered with postscriptFont().
2025-10-13 00:39:19,311 INFO Noto Sans Linear B already registered with postscriptFont().
2025-10-13 00:39:19,311 INFO Noto Sans Lisu already registered with postscriptFont().
2025-10-13 00:39:19,311 INFO Noto Sans Lycian already registered with postscriptFont().
2025-10-13 00:39:19,311 INFO Noto Sans Lydian already registered with postscriptFont().
2025-10-13 00:39:19,311 INFO Noto Sans Mahajani already registered with postscriptFont().
2025-10-13 00:39:19,311 INFO Noto Sans Mandaic already registered with postscriptFont().
2025-10-13 00:39:19,311 INFO Noto Sans Manichaean already registered with postscriptFont().
2025-10-13 00:39:19,311 INFO Noto Sans Marchen already registered with postscriptFont().
2025-10-13 00:39:19,311 INFO Noto Sans MeeteiMayek already registered with postscriptFont().
2025-10-13 00:39:19,312 INFO Noto Sans Mende Kikakui already registered with postscriptFont().
2025-10-13 00:39:19,312 INFO Noto Sans Meroitic already registered with postscriptFont().
2025-10-13 00:39:19,312 INFO Noto Sans Miao already registered with postscriptFont().
2025-10-13 00:39:19,312 INFO Noto Sans Modi already registered with postscriptFont().
2025-10-13 00:39:19,312 INFO Noto Sans Mongolian already registered with postscriptFont().
2025-10-13 00:39:19,312 INFO Noto Sans Mro already registered with postscriptFont().
2025-10-13 00:39:19,312 INFO Noto Sans Multani already registered with postscriptFont().
2025-10-13 00:39:19,312 INFO Noto Sans Nabataean already registered with postscriptFont().
2025-10-13 00:39:19,312 INFO Noto Sans Newa already registered with postscriptFont().
2025-10-13 00:39:19,312 INFO Noto Sans NewTaiLue already registered with postscriptFont().
2025-10-13 00:39:19,312 INFO Noto Sans NKo already registered with postscriptFont().
2025-10-13 00:39:19,312 INFO Noto Sans Ol Chiki already registered with postscriptFont().
2025-10-13 00:39:19,312 INFO No regular (non-bold, non-italic) version of Noto Sans Old Italic. Skipping setup for this font.
2025-10-13 00:39:19,312 INFO Noto Sans Old Permic already registered with postscriptFont().
2025-10-13 00:39:19,312 INFO Noto Sans Old Turkic already registered with postscriptFont().
2025-10-13 00:39:19,312 INFO Noto Sans OldHung already registered with postscriptFont().
2025-10-13 00:39:19,312 INFO Noto Sans OldNorArab already registered with postscriptFont().
2025-10-13 00:39:19,312 INFO Noto Sans OldPersian already registered with postscriptFont().
2025-10-13 00:39:19,312 INFO Noto Sans OldSouArab already registered with postscriptFont().
2025-10-13 00:39:19,312 INFO Noto Sans Osage already registered with postscriptFont().
2025-10-13 00:39:19,312 INFO Noto Sans Osmanya already registered with postscriptFont().
2025-10-13 00:39:19,312 INFO Noto Sans Pahawh Hmong already registered with postscriptFont().
2025-10-13 00:39:19,312 INFO Noto Sans Palmyrene already registered with postscriptFont().
2025-10-13 00:39:19,312 INFO Noto Sans PauCinHau already registered with postscriptFont().
2025-10-13 00:39:19,312 INFO Noto Sans PhagsPa already registered with postscriptFont().
2025-10-13 00:39:19,312 INFO Noto Sans Phoenician already registered with postscriptFont().
2025-10-13 00:39:19,312 INFO Noto Sans PsaPahlavi already registered with postscriptFont().
2025-10-13 00:39:19,313 INFO Noto Sans Rejang already registered with postscriptFont().
2025-10-13 00:39:19,313 INFO Noto Sans Samaritan already registered with postscriptFont().
2025-10-13 00:39:19,313 INFO Noto Sans Saurashtra already registered with postscriptFont().
2025-10-13 00:39:19,313 INFO Noto Sans Sharada already registered with postscriptFont().
2025-10-13 00:39:19,313 INFO Noto Sans SoraSomp already registered with postscriptFont().
2025-10-13 00:39:19,313 INFO Noto Sans Sundanese already registered with postscriptFont().
2025-10-13 00:39:19,313 INFO Noto Sans Syloti Nagri already registered with postscriptFont().
2025-10-13 00:39:19,313 INFO Noto Sans Syriac already registered with postscriptFont().
2025-10-13 00:39:19,313 INFO Noto Sans Tagalog already registered with postscriptFont().
2025-10-13 00:39:19,313 INFO Noto Sans Tagbanwa already registered with postscriptFont().
2025-10-13 00:39:19,313 INFO Noto Sans Tai Le already registered with postscriptFont().
2025-10-13 00:39:19,313 INFO Noto Sans Tai Tham already registered with postscriptFont().
2025-10-13 00:39:19,313 INFO Noto Sans Tai Viet already registered with postscriptFont().
2025-10-13 00:39:19,313 INFO Noto Sans Takri already registered with postscriptFont().
2025-10-13 00:39:19,313 INFO Noto Sans Thaana already registered with postscriptFont().
2025-10-13 00:39:19,313 INFO Noto Sans Tirhuta already registered with postscriptFont().
2025-10-13 00:39:19,313 INFO Noto Sans Ugaritic already registered with postscriptFont().
2025-10-13 00:39:19,313 INFO Noto Sans Vai already registered with postscriptFont().
2025-10-13 00:39:19,313 INFO Noto Sans Wancho already registered with postscriptFont().
2025-10-13 00:39:19,313 INFO Noto Sans WarangCiti already registered with postscriptFont().
2025-10-13 00:39:19,313 INFO Noto Sans Yi already registered with postscriptFont().
2025-10-13 00:39:19,313 INFO Noto Serif Ahom already registered with postscriptFont().
2025-10-13 00:39:19,313 INFO Noto Serif Balinese already registered with postscriptFont().
2025-10-13 00:39:19,313 INFO Noto Serif Hmong Nyiakeng already registered with postscriptFont().
2025-10-13 00:39:19,313 INFO Party LET already registered with postscriptFont().
2025-10-13 00:39:19,313 INFO STIX Two Text already registered with postscriptFont().
2025-10-13 00:39:19,313 INFO System Font already registered with postscriptFont().
2025-10-13 00:39:19,313 INFO Tahoma already registered with postscriptFont().
2025-10-13 00:39:19,313 INFO Times New Roman already registered with postscriptFont().
2025-10-13 00:39:19,313 INFO Trattatello already registered with postscriptFont().
2025-10-13 00:39:19,313 INFO Trebuchet MS already registered with postscriptFont().
2025-10-13 00:39:19,313 INFO Verdana already registered with postscriptFont().
2025-10-13 00:39:19,313 INFO Webdings already registered with postscriptFont().
2025-10-13 00:39:19,313 INFO Wingdings already registered with postscriptFont().
2025-10-13 00:39:19,313 INFO Wingdings 2 already registered with postscriptFont().
2025-10-13 00:39:19,313 INFO Wingdings 3 already registered with postscriptFont().
2025-10-13 00:39:21,734 INFO Error in `left_join()`:
2025-10-13 00:39:21,734 INFO ! Join columns in `y` must be present in the data.
2025-10-13 00:39:21,734 INFO ✖ Problem with `playerId`.
2025-10-13 00:39:21,734 INFO Backtrace:
2025-10-13 00:39:21,734 INFO      ▆
2025-10-13 00:39:21,734 INFO   1. ├─base::source("raw_data_cleaning.R")
2025-10-13 00:39:21,734 INFO   2. │ ├─base::withVisible(eval(ei, envir))
2025-10-13 00:39:21,734 INFO   3. │ └─base::eval(ei, envir)
2025-10-13 00:39:21,734 INFO   4. │   └─base::eval(ei, envir)
2025-10-13 00:39:21,734 INFO   5. ├─dplyr::summarize(...)
2025-10-13 00:39:21,734 INFO   6. ├─dplyr::group_by(...)
2025-10-13 00:39:21,734 INFO   7. ├─dplyr::filter(...)
2025-10-13 00:39:21,734 INFO   8. ├─dplyr::filter(...)
2025-10-13 00:39:21,734 INFO   9. ├─base::unique(...)
2025-10-13 00:39:21,734 INFO  10. ├─dplyr::select(...)
2025-10-13 00:39:21,734 INFO  11. ├─dplyr::ungroup(...)
2025-10-13 00:39:21,734 INFO  12. ├─dplyr::mutate(...)
2025-10-13 00:39:21,735 INFO  13. ├─dplyr::group_by(...)
2025-10-13 00:39:21,735 INFO  14. ├─dplyr::filter(...)
2025-10-13 00:39:21,735 INFO  15. ├─dplyr::mutate(...)
2025-10-13 00:39:21,735 INFO  16. ├─dplyr::filter(...)
2025-10-13 00:39:21,735 INFO  17. ├─dplyr::left_join(...)
2025-10-13 00:39:21,735 INFO  18. └─dplyr:::left_join.data.frame(...)
2025-10-13 00:39:21,735 INFO  19.   └─dplyr:::join_mutate(...)
2025-10-13 00:39:21,735 INFO  20.     └─dplyr:::join_cols(...)
2025-10-13 00:39:21,735 INFO  21.       └─dplyr:::check_join_vars(by$y, y_names, by$condition, "y", error_call = error_call)
2025-10-13 00:39:21,735 INFO  22.         └─rlang::abort(bullets, call = error_call)
2025-10-13 00:39:21,736 INFO There were 11 warnings (use warnings() to see them)
2025-10-13 00:39:21,736 INFO Execution halted
2025-10-13 00:39:21,768 ERROR Error during group_advantage.raw_data_cleaning after 47.282 sec
Traceback (most recent call last):
  File "/Users/xehu/Desktop/task-mapping/analysis/run_master.py", line 414, in time_callable
    res = func()
  File "/Users/xehu/Desktop/task-mapping/analysis/run_master.py", line 552, in <lambda>
    results.append(time_callable('group_advantage.raw_data_cleaning', lambda: run_r_script(r_script_clean)))
  File "/Users/xehu/Desktop/task-mapping/analysis/run_master.py", line 355, in run_r_script
    raise RuntimeError(f'R script failed (exit {rc}): {r_path}')
RuntimeError: R script failed (exit 1): /Users/xehu/Desktop/task-mapping/analysis/analysis_group_advantage/raw_data_cleaning.R
