2025-10-12 23:53:59,016 INFO Starting analysis master script
2025-10-12 23:53:59,016 INFO Running group_advantage pipeline
2025-10-12 23:53:59,017 INFO Timing: group_advantage.raw_data_cleaning
2025-10-12 23:53:59,017 INFO Running R script /Users/xehu/Desktop/task-mapping/analysis/analysis_group_advantage/raw_data_cleaning.R
2025-10-12 23:53:59,017 INFO Running command: /usr/local/bin/Rscript -e set.seed(as.integer(Sys.getenv('ANALYSIS_SEED', '19104'))); source('raw_data_cleaning.R') (cwd=/Users/xehu/Desktop/task-mapping/analysis/analysis_group_advantage)
2025-10-12 23:53:59,139 INFO 
2025-10-12 23:53:59,140 INFO Attaching package: ‘pls’
2025-10-12 23:53:59,140 INFO 
2025-10-12 23:53:59,140 INFO The following object is masked from ‘package:stats’:
2025-10-12 23:53:59,140 INFO 
2025-10-12 23:53:59,140 INFO     loadings
2025-10-12 23:53:59,140 INFO 
2025-10-12 23:53:59,144 INFO randomForest 4.7-1.2
2025-10-12 23:53:59,144 INFO Type rfNews() to see new features/changes/bug fixes.
2025-10-12 23:53:59,529 INFO Loading required package: ggplot2
2025-10-12 23:53:59,744 INFO 
2025-10-12 23:53:59,744 INFO Attaching package: ‘ggplot2’
2025-10-12 23:53:59,744 INFO 
2025-10-12 23:53:59,744 INFO The following object is masked from ‘package:randomForest’:
2025-10-12 23:53:59,744 INFO 
2025-10-12 23:53:59,744 INFO     margin
2025-10-12 23:53:59,744 INFO 
2025-10-12 23:53:59,744 INFO Loading required package: lattice
2025-10-12 23:54:00,025 INFO 
2025-10-12 23:54:00,025 INFO Attaching package: ‘caret’
2025-10-12 23:54:00,025 INFO 
2025-10-12 23:54:00,025 INFO The following object is masked from ‘package:pls’:
2025-10-12 23:54:00,025 INFO 
2025-10-12 23:54:00,025 INFO     R2
2025-10-12 23:54:00,025 INFO 
2025-10-12 23:54:00,026 INFO Loading required package: foreach
2025-10-12 23:54:00,028 INFO Loading required package: iterators
2025-10-12 23:54:00,031 INFO Loading required package: parallel
2025-10-12 23:54:00,136 INFO Registering fonts with R
2025-10-12 23:54:00,186 INFO 
2025-10-12 23:54:00,186 INFO Please cite as:
2025-10-12 23:54:00,186 INFO 
2025-10-12 23:54:00,186 INFO  Hlavac, Marek (2022). stargazer: Well-Formatted Regression and Summary Statistics Tables.
2025-10-12 23:54:00,186 INFO  R package version 5.2.3. https://CRAN.R-project.org/package=stargazer
2025-10-12 23:54:00,186 INFO 
2025-10-12 23:54:00,238 INFO ── Attaching core tidyverse packages ──────────────────────── tidyverse 2.0.0 ──
2025-10-12 23:54:00,238 INFO ✔ dplyr     1.1.4     ✔ readr     2.1.5
2025-10-12 23:54:00,238 INFO ✔ forcats   1.0.1     ✔ stringr   1.5.2
2025-10-12 23:54:00,238 INFO ✔ lubridate 1.9.4     ✔ tibble    3.3.0
2025-10-12 23:54:00,238 INFO ✔ purrr     1.1.0     ✔ tidyr     1.3.1
2025-10-12 23:54:00,270 INFO ── Conflicts ────────────────────────────────────────── tidyverse_conflicts() ──
2025-10-12 23:54:00,271 INFO ✖ purrr::accumulate() masks foreach::accumulate()
2025-10-12 23:54:00,271 INFO ✖ dplyr::combine()    masks randomForest::combine()
2025-10-12 23:54:00,271 INFO ✖ dplyr::filter()     masks stats::filter()
2025-10-12 23:54:00,271 INFO ✖ purrr::flatten()    masks jsonlite::flatten()
2025-10-12 23:54:00,271 INFO ✖ dplyr::lag()        masks stats::lag()
2025-10-12 23:54:00,271 INFO ✖ purrr::lift()       masks caret::lift()
2025-10-12 23:54:00,271 INFO ✖ ggplot2::margin()   masks randomForest::margin()
2025-10-12 23:54:00,271 INFO ✖ dplyr::slice()      masks xgboost::slice()
2025-10-12 23:54:00,271 INFO ✖ purrr::when()       masks foreach::when()
2025-10-12 23:54:00,271 INFO ℹ Use the conflicted package (<http://conflicted.r-lib.org/>) to force all conflicts to become errors
2025-10-12 23:54:00,290 INFO Scanning ttf files in /Library/Fonts/, /System/Library/Fonts, /System/Library/Fonts/Supplemental, ~/Library/Fonts/ ...
2025-10-12 23:54:00,290 INFO Extracting .afm files from .ttf files...
2025-10-12 23:54:02,970 INFO /System/Library/Fonts/Supplemental/Arial Unicode.ttf : ArialUnicodeMS already registered in fonts database. Skipping.
2025-10-12 23:54:03,051 INFO /System/Library/Fonts/Apple Braille Outline 6 Dot.ttf : AppleBraille-Outline6Dot already registered in fonts database. Skipping.
2025-10-12 23:54:03,137 INFO /System/Library/Fonts/Apple Braille Outline 8 Dot.ttf : AppleBraille-Outline8Dot already registered in fonts database. Skipping.
2025-10-12 23:54:03,190 INFO /System/Library/Fonts/Apple Braille Pinpoint 6 Dot.ttf : AppleBraille-Pinpoint6Dot already registered in fonts database. Skipping.
2025-10-12 23:54:03,247 INFO /System/Library/Fonts/Apple Braille Pinpoint 8 Dot.ttf : AppleBraille-Pinpoint8Dot already registered in fonts database. Skipping.
2025-10-12 23:54:03,283 INFO /System/Library/Fonts/Apple Braille.ttf : AppleBraille already registered in fonts database. Skipping.
2025-10-12 23:54:03,308 INFO /System/Library/Fonts/Apple Symbols.ttf : No FontName. Skipping.
2025-10-12 23:54:03,328 INFO /System/Library/Fonts/Geneva.ttf : No FontName. Skipping.
2025-10-12 23:54:03,344 INFO /System/Library/Fonts/Keyboard.ttf : -Keyboard already registered in fonts database. Skipping.
2025-10-12 23:54:03,397 INFO /System/Library/Fonts/Monaco.ttf : No FontName. Skipping.
2025-10-12 23:54:03,492 INFO /System/Library/Fonts/NewYork.ttf : -NewYork-Regular already registered in fonts database. Skipping.
2025-10-12 23:54:03,571 INFO /System/Library/Fonts/NewYorkItalic.ttf : -NewYork-RegularItalic already registered in fonts database. Skipping.
2025-10-12 23:54:03,652 INFO /System/Library/Fonts/SFArabic.ttf : -SFArabic-Regular already registered in fonts database. Skipping.
2025-10-12 23:54:03,757 INFO /System/Library/Fonts/SFArabicRounded.ttf : -SFArabicRounded-Regular already registered in fonts database. Skipping.
2025-10-12 23:54:03,771 INFO /System/Library/Fonts/SFArmenian.ttf : -SFArmenian-Regular already registered in fonts database. Skipping.
2025-10-12 23:54:03,786 INFO /System/Library/Fonts/SFArmenianRounded.ttf : -SFArmenianRounded-Regular already registered in fonts database. Skipping.
2025-10-12 23:54:03,803 INFO /System/Library/Fonts/SFCamera.ttf : --SFCamera-Regular already registered in fonts database. Skipping.
2025-10-12 23:54:03,920 INFO /System/Library/Fonts/SFCompact.ttf : -SFCompact-Black already registered in fonts database. Skipping.
2025-10-12 23:54:04,010 INFO /System/Library/Fonts/SFCompactItalic.ttf : -SFCompact-BlackItalic already registered in fonts database. Skipping.
2025-10-12 23:54:04,119 INFO /System/Library/Fonts/SFCompactRounded.ttf : --SFCompactRounded-Regular already registered in fonts database. Skipping.
2025-10-12 23:54:04,135 INFO /System/Library/Fonts/SFGeorgian.ttf : -SFGeorgian-Regular already registered in fonts database. Skipping.
2025-10-12 23:54:04,153 INFO /System/Library/Fonts/SFGeorgianRounded.ttf : -SFGeorgianRounded-Regular already registered in fonts database. Skipping.
2025-10-12 23:54:04,164 INFO /System/Library/Fonts/SFHebrew.ttf : -SFHebrew-Regular already registered in fonts database. Skipping.
2025-10-12 23:54:04,175 INFO /System/Library/Fonts/SFHebrewRounded.ttf : -SFHebrewRounded-Regular already registered in fonts database. Skipping.
2025-10-12 23:54:04,301 INFO /System/Library/Fonts/SFNS.ttf : -SFNS-Regular already registered in fonts database. Skipping.
2025-10-12 23:54:04,389 INFO /System/Library/Fonts/SFNSItalic.ttf : -SFNS-RegularItalic already registered in fonts database. Skipping.
2025-10-12 23:54:04,444 INFO /System/Library/Fonts/SFNSMono.ttf : -SFNSMono-Light already registered in fonts database. Skipping.
2025-10-12 23:54:04,495 INFO /System/Library/Fonts/SFNSMonoItalic.ttf : -SFNSMono-LightItalic already registered in fonts database. Skipping.
2025-10-12 23:54:04,596 INFO /System/Library/Fonts/SFNSRounded.ttf : -SFNSRounded-Regular already registered in fonts database. Skipping.
2025-10-12 23:54:04,656 INFO /System/Library/Fonts/Supplemental/Academy Engraved LET Fonts.ttf : AcademyEngravedLetPlain already registered in fonts database. Skipping.
2025-10-12 23:54:04,717 INFO /System/Library/Fonts/Supplemental/Academy Engraved LET Fonts.ttf : AcademyEngravedLetPlain already registered in fonts database. Skipping.
2025-10-12 23:54:04,735 INFO /System/Library/Fonts/Supplemental/Andale Mono.ttf : AndaleMono already registered in fonts database. Skipping.
2025-10-12 23:54:04,752 INFO /System/Library/Fonts/Supplemental/Andale Mono.ttf : AndaleMono already registered in fonts database. Skipping.
2025-10-12 23:54:04,799 INFO /System/Library/Fonts/Supplemental/Apple Chancery.ttf : No FontName. Skipping.
2025-10-12 23:54:04,844 INFO /System/Library/Fonts/Supplemental/Apple Chancery.ttf : No FontName. Skipping.
2025-10-12 23:54:08,225 INFO /System/Library/Fonts/Supplemental/AppleGothic.ttf : No FontName. Skipping.
2025-10-12 23:54:11,703 INFO /System/Library/Fonts/Supplemental/AppleGothic.ttf : No FontName. Skipping.
2025-10-12 23:54:15,861 INFO /System/Library/Fonts/Supplemental/AppleMyungjo.ttf : AppleMyungjo already registered in fonts database. Skipping.
2025-10-12 23:54:20,039 INFO /System/Library/Fonts/Supplemental/AppleMyungjo.ttf : AppleMyungjo already registered in fonts database. Skipping.
2025-10-12 23:54:20,061 INFO /System/Library/Fonts/Supplemental/Arial Black.ttf : Arial-Black already registered in fonts database. Skipping.
2025-10-12 23:54:20,082 INFO /System/Library/Fonts/Supplemental/Arial Black.ttf : Arial-Black already registered in fonts database. Skipping.
2025-10-12 23:54:20,152 INFO /System/Library/Fonts/Supplemental/Arial Bold Italic.ttf : Arial-BoldItalicMT already registered in fonts database. Skipping.
2025-10-12 23:54:20,220 INFO /System/Library/Fonts/Supplemental/Arial Bold Italic.ttf : Arial-BoldItalicMT already registered in fonts database. Skipping.
2025-10-12 23:54:20,364 INFO /System/Library/Fonts/Supplemental/Arial Bold.ttf : Arial-BoldMT already registered in fonts database. Skipping.
2025-10-12 23:54:20,472 INFO /System/Library/Fonts/Supplemental/Arial Bold.ttf : Arial-BoldMT already registered in fonts database. Skipping.
2025-10-12 23:54:20,548 INFO /System/Library/Fonts/Supplemental/Arial Italic.ttf : Arial-ItalicMT already registered in fonts database. Skipping.
2025-10-12 23:54:20,623 INFO /System/Library/Fonts/Supplemental/Arial Italic.ttf : Arial-ItalicMT already registered in fonts database. Skipping.
2025-10-12 23:54:20,643 INFO /System/Library/Fonts/Supplemental/Arial Narrow Bold Italic.ttf : ArialNarrow-BoldItalic already registered in fonts database. Skipping.
2025-10-12 23:54:20,663 INFO /System/Library/Fonts/Supplemental/Arial Narrow Bold Italic.ttf : ArialNarrow-BoldItalic already registered in fonts database. Skipping.
2025-10-12 23:54:20,685 INFO /System/Library/Fonts/Supplemental/Arial Narrow Bold.ttf : ArialNarrow-Bold already registered in fonts database. Skipping.
2025-10-12 23:54:20,706 INFO /System/Library/Fonts/Supplemental/Arial Narrow Bold.ttf : ArialNarrow-Bold already registered in fonts database. Skipping.
2025-10-12 23:54:20,728 INFO /System/Library/Fonts/Supplemental/Arial Narrow Italic.ttf : ArialNarrow-Italic already registered in fonts database. Skipping.
2025-10-12 23:54:20,748 INFO /System/Library/Fonts/Supplemental/Arial Narrow Italic.ttf : ArialNarrow-Italic already registered in fonts database. Skipping.
2025-10-12 23:54:20,769 INFO /System/Library/Fonts/Supplemental/Arial Narrow.ttf : ArialNarrow already registered in fonts database. Skipping.
2025-10-12 23:54:20,790 INFO /System/Library/Fonts/Supplemental/Arial Narrow.ttf : ArialNarrow already registered in fonts database. Skipping.
2025-10-12 23:54:20,808 INFO /System/Library/Fonts/Supplemental/Arial Rounded Bold.ttf : ArialRoundedMTBold already registered in fonts database. Skipping.
2025-10-12 23:54:20,827 INFO /System/Library/Fonts/Supplemental/Arial Rounded Bold.ttf : ArialRoundedMTBold already registered in fonts database. Skipping.
2025-10-12 23:54:23,486 INFO /System/Library/Fonts/Supplemental/Arial Unicode.ttf : ArialUnicodeMS already registered in fonts database. Skipping.
2025-10-12 23:54:26,131 INFO /System/Library/Fonts/Supplemental/Arial Unicode.ttf : ArialUnicodeMS already registered in fonts database. Skipping.
2025-10-12 23:54:26,249 INFO /System/Library/Fonts/Supplemental/Arial.ttf : ArialMT already registered in fonts database. Skipping.
2025-10-12 23:54:26,364 INFO /System/Library/Fonts/Supplemental/Arial.ttf : ArialMT already registered in fonts database. Skipping.
2025-10-12 23:54:26,406 INFO /System/Library/Fonts/Supplemental/Ayuthaya.ttf : No FontName. Skipping.
2025-10-12 23:54:26,451 INFO /System/Library/Fonts/Supplemental/Ayuthaya.ttf : No FontName. Skipping.
2025-10-12 23:54:26,653 INFO /System/Library/Fonts/Supplemental/BigCaslon.ttf : No FontName. Skipping.
2025-10-12 23:54:26,853 INFO /System/Library/Fonts/Supplemental/BigCaslon.ttf : No FontName. Skipping.
2025-10-12 23:54:26,876 INFO /System/Library/Fonts/Supplemental/Bodoni 72 Smallcaps Book.ttf : BodoniSvtyTwoSCITCTT-Book already registered in fonts database. Skipping.
2025-10-12 23:54:26,900 INFO /System/Library/Fonts/Supplemental/Bodoni 72 Smallcaps Book.ttf : BodoniSvtyTwoSCITCTT-Book already registered in fonts database. Skipping.
2025-10-12 23:54:26,934 INFO /System/Library/Fonts/Supplemental/Bodoni Ornaments.ttf : BodoniOrnamentsITCTT already registered in fonts database. Skipping.
2025-10-12 23:54:26,965 INFO /System/Library/Fonts/Supplemental/Bodoni Ornaments.ttf : BodoniOrnamentsITCTT already registered in fonts database. Skipping.
2025-10-12 23:54:27,347 INFO /System/Library/Fonts/Supplemental/Bradley Hand Bold.ttf : Bradley-Hand-Bold already registered in fonts database. Skipping.
2025-10-12 23:54:27,660 INFO /System/Library/Fonts/Supplemental/Bradley Hand Bold.ttf : Bradley-Hand-Bold already registered in fonts database. Skipping.
2025-10-12 23:54:27,834 INFO /System/Library/Fonts/Supplemental/Brush Script.ttf : BrushScriptMT already registered in fonts database. Skipping.
2025-10-12 23:54:28,000 INFO /System/Library/Fonts/Supplemental/Brush Script.ttf : BrushScriptMT already registered in fonts database. Skipping.
2025-10-12 23:54:28,017 INFO /System/Library/Fonts/Supplemental/Chalkduster.ttfsh: line 1: 17148 Abort trap: 6           '/Library/Frameworks/R.framework/Versions/4.5-arm64/Resources/library/Rttf2pt1/exec//ttf2pt1' -a -GfAe '/System/Library/Fonts/Supplemental/Chalkduster.ttf' '/var/folders/73/jl9lgbkj511fwjxkl9cvw7q00000gq/T//RtmppUEliB/fonts/Chalkduster' 2>&1
2025-10-12 23:54:28,018 INFO  : No FontName. Skipping.
2025-10-12 23:54:28,037 INFO /System/Library/Fonts/Supplemental/Chalkduster.ttfsh: line 1: 17150 Abort trap: 6           '/Library/Frameworks/R.framework/Versions/4.5-arm64/Resources/library/Rttf2pt1/exec//ttf2pt1' -a -GfAe '/System/Library/Fonts/Supplemental/Chalkduster.ttf' '/var/folders/73/jl9lgbkj511fwjxkl9cvw7q00000gq/T//RtmppUEliB/fonts/Chalkduster' 2>&1
2025-10-12 23:54:28,038 INFO  : No FontName. Skipping.
2025-10-12 23:54:28,099 INFO /System/Library/Fonts/Supplemental/Comic Sans MS Bold.ttf : ComicSansMS-Bold already registered in fonts database. Skipping.
2025-10-12 23:54:28,159 INFO /System/Library/Fonts/Supplemental/Comic Sans MS Bold.ttf : ComicSansMS-Bold already registered in fonts database. Skipping.
2025-10-12 23:54:28,209 INFO /System/Library/Fonts/Supplemental/Comic Sans MS.ttf : ComicSansMS already registered in fonts database. Skipping.
2025-10-12 23:54:28,259 INFO /System/Library/Fonts/Supplemental/Comic Sans MS.ttf : ComicSansMS already registered in fonts database. Skipping.
2025-10-12 23:54:28,363 INFO /System/Library/Fonts/Supplemental/Courier New Bold Italic.ttf : CourierNewPS-BoldItalicMT already registered in fonts database. Skipping.
2025-10-12 23:54:28,467 INFO /System/Library/Fonts/Supplemental/Courier New Bold Italic.ttf : CourierNewPS-BoldItalicMT already registered in fonts database. Skipping.
2025-10-12 23:54:28,590 INFO /System/Library/Fonts/Supplemental/Courier New Bold.ttf : CourierNewPS-BoldMT already registered in fonts database. Skipping.
2025-10-12 23:54:28,713 INFO /System/Library/Fonts/Supplemental/Courier New Bold.ttf : CourierNewPS-BoldMT already registered in fonts database. Skipping.
2025-10-12 23:54:28,809 INFO /System/Library/Fonts/Supplemental/Courier New Italic.ttf : CourierNewPS-ItalicMT already registered in fonts database. Skipping.
2025-10-12 23:54:28,905 INFO /System/Library/Fonts/Supplemental/Courier New Italic.ttf : CourierNewPS-ItalicMT already registered in fonts database. Skipping.
2025-10-12 23:54:29,019 INFO /System/Library/Fonts/Supplemental/Courier New.ttf : CourierNewPSMT already registered in fonts database. Skipping.
2025-10-12 23:54:29,133 INFO /System/Library/Fonts/Supplemental/Courier New.ttf : CourierNewPSMT already registered in fonts database. Skipping.
2025-10-12 23:54:29,192 INFO /System/Library/Fonts/Supplemental/DIN Alternate Bold.ttf : DINAlternate-Bold already registered in fonts database. Skipping.
2025-10-12 23:54:29,249 INFO /System/Library/Fonts/Supplemental/DIN Alternate Bold.ttf : DINAlternate-Bold already registered in fonts database. Skipping.
2025-10-12 23:54:29,318 INFO /System/Library/Fonts/Supplemental/DIN Condensed Bold.ttf : DINCondensed-Bold already registered in fonts database. Skipping.
2025-10-12 23:54:29,385 INFO /System/Library/Fonts/Supplemental/DIN Condensed Bold.ttf : DINCondensed-Bold already registered in fonts database. Skipping.
2025-10-12 23:54:29,546 INFO /System/Library/Fonts/Supplemental/Diwan Thuluth.ttf : No FontName. Skipping.
2025-10-12 23:54:29,706 INFO /System/Library/Fonts/Supplemental/Diwan Thuluth.ttf : No FontName. Skipping.
2025-10-12 23:54:29,823 INFO /System/Library/Fonts/Supplemental/Farisi.ttf : No FontName. Skipping.
2025-10-12 23:54:29,936 INFO /System/Library/Fonts/Supplemental/Farisi.ttf : No FontName. Skipping.
2025-10-12 23:54:30,020 INFO /System/Library/Fonts/Supplemental/Georgia Bold Italic.ttf : Georgia-BoldItalic already registered in fonts database. Skipping.
2025-10-12 23:54:30,104 INFO /System/Library/Fonts/Supplemental/Georgia Bold Italic.ttf : Georgia-BoldItalic already registered in fonts database. Skipping.
2025-10-12 23:54:30,190 INFO /System/Library/Fonts/Supplemental/Georgia Bold.ttf : Georgia-Bold already registered in fonts database. Skipping.
2025-10-12 23:54:30,278 INFO /System/Library/Fonts/Supplemental/Georgia Bold.ttf : Georgia-Bold already registered in fonts database. Skipping.
2025-10-12 23:54:30,363 INFO /System/Library/Fonts/Supplemental/Georgia Italic.ttf : Georgia-Italic already registered in fonts database. Skipping.
2025-10-12 23:54:30,446 INFO /System/Library/Fonts/Supplemental/Georgia Italic.ttf : Georgia-Italic already registered in fonts database. Skipping.
2025-10-12 23:54:30,537 INFO /System/Library/Fonts/Supplemental/Georgia.ttf : Georgia already registered in fonts database. Skipping.
2025-10-12 23:54:30,627 INFO /System/Library/Fonts/Supplemental/Georgia.ttf : Georgia already registered in fonts database. Skipping.
2025-10-12 23:54:30,636 INFO /System/Library/Fonts/Supplemental/Gurmukhi.ttf : No FontName. Skipping.
2025-10-12 23:54:30,645 INFO /System/Library/Fonts/Supplemental/Gurmukhi.ttf : No FontName. Skipping.
2025-10-12 23:54:30,711 INFO /System/Library/Fonts/Supplemental/Herculanum.ttf : No FontName. Skipping.
2025-10-12 23:54:30,776 INFO /System/Library/Fonts/Supplemental/Herculanum.ttf : No FontName. Skipping.
2025-10-12 23:54:30,786 INFO /System/Library/Fonts/Supplemental/Hoefler Text Ornaments.ttf : No FontName. Skipping.
2025-10-12 23:54:30,796 INFO /System/Library/Fonts/Supplemental/Hoefler Text Ornaments.ttf : No FontName. Skipping.
2025-10-12 23:54:30,829 INFO /System/Library/Fonts/Supplemental/Impact.ttf : Impact already registered in fonts database. Skipping.
2025-10-12 23:54:30,859 INFO /System/Library/Fonts/Supplemental/Impact.ttf : Impact already registered in fonts database. Skipping.
2025-10-12 23:54:30,931 INFO /System/Library/Fonts/Supplemental/Khmer Sangam MN.ttf : KhmerSangamMN already registered in fonts database. Skipping.
2025-10-12 23:54:31,001 INFO /System/Library/Fonts/Supplemental/Khmer Sangam MN.ttf : KhmerSangamMN already registered in fonts database. Skipping.
2025-10-12 23:54:31,041 INFO /System/Library/Fonts/Supplemental/Kokonor.ttfsh: line 1: 17232 Abort trap: 6           '/Library/Frameworks/R.framework/Versions/4.5-arm64/Resources/library/Rttf2pt1/exec//ttf2pt1' -a -GfAe '/System/Library/Fonts/Supplemental/Kokonor.ttf' '/var/folders/73/jl9lgbkj511fwjxkl9cvw7q00000gq/T//RtmppUEliB/fonts/Kokonor' 2>&1
2025-10-12 23:54:31,041 INFO  : No FontName. Skipping.
2025-10-12 23:54:31,081 INFO /System/Library/Fonts/Supplemental/Kokonor.ttfsh: line 1: 17234 Abort trap: 6           '/Library/Frameworks/R.framework/Versions/4.5-arm64/Resources/library/Rttf2pt1/exec//ttf2pt1' -a -GfAe '/System/Library/Fonts/Supplemental/Kokonor.ttf' '/var/folders/73/jl9lgbkj511fwjxkl9cvw7q00000gq/T//RtmppUEliB/fonts/Kokonor' 2>&1
2025-10-12 23:54:31,081 INFO  : No FontName. Skipping.
2025-10-12 23:54:31,102 INFO /System/Library/Fonts/Supplemental/Krungthep.ttf : No FontName. Skipping.
2025-10-12 23:54:31,122 INFO /System/Library/Fonts/Supplemental/Krungthep.ttf : No FontName. Skipping.
2025-10-12 23:54:31,154 INFO /System/Library/Fonts/Supplemental/Lao Sangam MN.ttf : LaoSangamMN already registered in fonts database. Skipping.
2025-10-12 23:54:31,184 INFO /System/Library/Fonts/Supplemental/Lao Sangam MN.ttf : LaoSangamMN already registered in fonts database. Skipping.
2025-10-12 23:54:31,490 INFO /System/Library/Fonts/Supplemental/Luminari.ttf : Luminari-Regular already registered in fonts database. Skipping.
2025-10-12 23:54:31,800 INFO /System/Library/Fonts/Supplemental/Luminari.ttf : Luminari-Regular already registered in fonts database. Skipping.
2025-10-12 23:54:31,873 INFO /System/Library/Fonts/Supplemental/Microsoft Sans Serif.ttf : MicrosoftSansSerif already registered in fonts database. Skipping.
2025-10-12 23:54:31,949 INFO /System/Library/Fonts/Supplemental/Microsoft Sans Serif.ttf : MicrosoftSansSerif already registered in fonts database. Skipping.
2025-10-12 23:54:32,123 INFO /System/Library/Fonts/Supplemental/Mishafi Gold.ttf : No FontName. Skipping.
2025-10-12 23:54:32,294 INFO /System/Library/Fonts/Supplemental/Mishafi Gold.ttf : No FontName. Skipping.
2025-10-12 23:54:32,714 INFO /System/Library/Fonts/Supplemental/Mishafi.ttf : No FontName. Skipping.
2025-10-12 23:54:33,153 INFO /System/Library/Fonts/Supplemental/Mishafi.ttf : No FontName. Skipping.
2025-10-12 23:54:33,159 INFO /System/Library/Fonts/Supplemental/NISC18030.ttf : No FontName. Skipping.
2025-10-12 23:54:33,164 INFO /System/Library/Fonts/Supplemental/NISC18030.ttf : No FontName. Skipping.
2025-10-12 23:54:33,186 INFO /System/Library/Fonts/Supplemental/NotoSansAdlam-Regular.ttf : NotoSansAdlam-Regular already registered in fonts database. Skipping.
2025-10-12 23:54:33,207 INFO /System/Library/Fonts/Supplemental/NotoSansAdlam-Regular.ttf : NotoSansAdlam-Regular already registered in fonts database. Skipping.
2025-10-12 23:54:33,216 INFO /System/Library/Fonts/Supplemental/NotoSansAvestan-Regular.ttf : NotoSansAvestan-Regular already registered in fonts database. Skipping.
2025-10-12 23:54:33,226 INFO /System/Library/Fonts/Supplemental/NotoSansAvestan-Regular.ttf : NotoSansAvestan-Regular already registered in fonts database. Skipping.
2025-10-12 23:54:33,276 INFO /System/Library/Fonts/Supplemental/NotoSansBamum-Regular.ttf : NotoSansBamum-Regular already registered in fonts database. Skipping.
2025-10-12 23:54:33,326 INFO /System/Library/Fonts/Supplemental/NotoSansBamum-Regular.ttf : NotoSansBamum-Regular already registered in fonts database. Skipping.
2025-10-12 23:54:33,410 INFO /System/Library/Fonts/Supplemental/NotoSansBassaVah-Regular.ttf : NotoSansBassaVah-Regular already registered in fonts database. Skipping.
2025-10-12 23:54:33,418 INFO /System/Library/Fonts/Supplemental/NotoSansBassaVah-Regular.ttf : NotoSansBassaVah-Regular already registered in fonts database. Skipping.
2025-10-12 23:54:33,433 INFO /System/Library/Fonts/Supplemental/NotoSansBatak-Regular.ttf : NotoSansBatak-Regular already registered in fonts database. Skipping.
2025-10-12 23:54:33,447 INFO /System/Library/Fonts/Supplemental/NotoSansBatak-Regular.ttf : NotoSansBatak-Regular already registered in fonts database. Skipping.
2025-10-12 23:54:33,560 INFO /System/Library/Fonts/Supplemental/NotoSansBhaiksuki-Regular.ttf : NotoSansBhaiksuki-Regular already registered in fonts database. Skipping.
2025-10-12 23:54:33,670 INFO /System/Library/Fonts/Supplemental/NotoSansBhaiksuki-Regular.ttf : NotoSansBhaiksuki-Regular already registered in fonts database. Skipping.
2025-10-12 23:54:33,684 INFO /System/Library/Fonts/Supplemental/NotoSansBrahmi-Regular.ttf : NotoSansBrahmi-Regular already registered in fonts database. Skipping.
2025-10-12 23:54:33,698 INFO /System/Library/Fonts/Supplemental/NotoSansBrahmi-Regular.ttf : NotoSansBrahmi-Regular already registered in fonts database. Skipping.
2025-10-12 23:54:33,705 INFO /System/Library/Fonts/Supplemental/NotoSansBuginese-Regular.ttf : NotoSansBuginese-Regular already registered in fonts database. Skipping.
2025-10-12 23:54:33,712 INFO /System/Library/Fonts/Supplemental/NotoSansBuginese-Regular.ttf : NotoSansBuginese-Regular already registered in fonts database. Skipping.
2025-10-12 23:54:33,719 INFO /System/Library/Fonts/Supplemental/NotoSansBuhid-Regular.ttf : NotoSansBuhid-Regular already registered in fonts database. Skipping.
2025-10-12 23:54:33,725 INFO /System/Library/Fonts/Supplemental/NotoSansBuhid-Regular.ttf : NotoSansBuhid-Regular already registered in fonts database. Skipping.
2025-10-12 23:54:33,733 INFO /System/Library/Fonts/Supplemental/NotoSansCarian-Regular.ttf : NotoSansCarian-Regular already registered in fonts database. Skipping.
2025-10-12 23:54:33,740 INFO /System/Library/Fonts/Supplemental/NotoSansCarian-Regular.ttf : NotoSansCarian-Regular already registered in fonts database. Skipping.
2025-10-12 23:54:33,751 INFO /System/Library/Fonts/Supplemental/NotoSansCaucasianAlbanian-Regular.ttf : NotoSansCaucasianAlbanian-Regular already registered in fonts database. Skipping.
2025-10-12 23:54:33,763 INFO /System/Library/Fonts/Supplemental/NotoSansCaucasianAlbanian-Regular.ttf : NotoSansCaucasianAlbanian-Regular already registered in fonts database. Skipping.
2025-10-12 23:54:33,780 INFO /System/Library/Fonts/Supplemental/NotoSansChakma-Regular.ttf : NotoSansChakma-Regular already registered in fonts database. Skipping.
2025-10-12 23:54:33,798 INFO /System/Library/Fonts/Supplemental/NotoSansChakma-Regular.ttf : NotoSansChakma-Regular already registered in fonts database. Skipping.
2025-10-12 23:54:33,810 INFO /System/Library/Fonts/Supplemental/NotoSansCham-Regular.ttf : NotoSansCham-Regular already registered in fonts database. Skipping.
2025-10-12 23:54:33,822 INFO /System/Library/Fonts/Supplemental/NotoSansCham-Regular.ttf : NotoSansCham-Regular already registered in fonts database. Skipping.
2025-10-12 23:54:33,834 INFO /System/Library/Fonts/Supplemental/NotoSansCoptic-Regular.ttf : NotoSansCoptic-Regular already registered in fonts database. Skipping.
2025-10-12 23:54:33,845 INFO /System/Library/Fonts/Supplemental/NotoSansCoptic-Regular.ttf : NotoSansCoptic-Regular already registered in fonts database. Skipping.
2025-10-12 23:54:34,131 INFO /System/Library/Fonts/Supplemental/NotoSansCuneiform-Regular.ttf : NotoSansCuneiform-Regular already registered in fonts database. Skipping.
2025-10-12 23:54:34,403 INFO /System/Library/Fonts/Supplemental/NotoSansCuneiform-Regular.ttf : NotoSansCuneiform-Regular already registered in fonts database. Skipping.
2025-10-12 23:54:34,411 INFO /System/Library/Fonts/Supplemental/NotoSansCypriot-Regular.ttf : NotoSansCypriot-Regular already registered in fonts database. Skipping.
2025-10-12 23:54:34,419 INFO /System/Library/Fonts/Supplemental/NotoSansCypriot-Regular.ttf : NotoSansCypriot-Regular already registered in fonts database. Skipping.
2025-10-12 23:54:34,430 INFO /System/Library/Fonts/Supplemental/NotoSansDuployan-Regular.ttf : NotoSansDuployan-Regular already registered in fonts database. Skipping.
2025-10-12 23:54:34,441 INFO /System/Library/Fonts/Supplemental/NotoSansDuployan-Regular.ttf : NotoSansDuployan-Regular already registered in fonts database. Skipping.
2025-10-12 23:54:34,737 INFO /System/Library/Fonts/Supplemental/NotoSansEgyptianHieroglyphs-Regular.ttf : NotoSansEgyptianHieroglyphs-Regular already registered in fonts database. Skipping.
2025-10-12 23:54:35,038 INFO /System/Library/Fonts/Supplemental/NotoSansEgyptianHieroglyphs-Regular.ttf : NotoSansEgyptianHieroglyphs-Regular already registered in fonts database. Skipping.
2025-10-12 23:54:35,046 INFO /System/Library/Fonts/Supplemental/NotoSansElbasan-Regular.ttf : NotoSansElbasan-Regular already registered in fonts database. Skipping.
2025-10-12 23:54:35,054 INFO /System/Library/Fonts/Supplemental/NotoSansElbasan-Regular.ttf : NotoSansElbasan-Regular already registered in fonts database. Skipping.
2025-10-12 23:54:35,065 INFO /System/Library/Fonts/Supplemental/NotoSansGlagolitic-Regular.ttf : NotoSansGlagolitic-Regular already registered in fonts database. Skipping.
2025-10-12 23:54:35,076 INFO /System/Library/Fonts/Supplemental/NotoSansGlagolitic-Regular.ttf : NotoSansGlagolitic-Regular already registered in fonts database. Skipping.
2025-10-12 23:54:35,083 INFO /System/Library/Fonts/Supplemental/NotoSansGothic-Regular.ttf : NotoSansGothic-Regular already registered in fonts database. Skipping.
2025-10-12 23:54:35,090 INFO /System/Library/Fonts/Supplemental/NotoSansGothic-Regular.ttf : NotoSansGothic-Regular already registered in fonts database. Skipping.
2025-10-12 23:54:35,102 INFO /System/Library/Fonts/Supplemental/NotoSansHanifiRohingya-Regular.ttf : NotoSansHanifiRohingya-Regular already registered in fonts database. Skipping.
2025-10-12 23:54:35,114 INFO /System/Library/Fonts/Supplemental/NotoSansHanifiRohingya-Regular.ttf : NotoSansHanifiRohingya-Regular already registered in fonts database. Skipping.
2025-10-12 23:54:35,122 INFO /System/Library/Fonts/Supplemental/NotoSansHanunoo-Regular.ttf : NotoSansHanunoo-Regular already registered in fonts database. Skipping.
2025-10-12 23:54:35,129 INFO /System/Library/Fonts/Supplemental/NotoSansHanunoo-Regular.ttf : NotoSansHanunoo-Regular already registered in fonts database. Skipping.
2025-10-12 23:54:35,136 INFO /System/Library/Fonts/Supplemental/NotoSansHatran-Regular.ttf : NotoSansHatran-Regular already registered in fonts database. Skipping.
2025-10-12 23:54:35,142 INFO /System/Library/Fonts/Supplemental/NotoSansHatran-Regular.ttf : NotoSansHatran-Regular already registered in fonts database. Skipping.
2025-10-12 23:54:35,150 INFO /System/Library/Fonts/Supplemental/NotoSansImperialAramaic-Regular.ttf : NotoSansImperialAramaic-Regular already registered in fonts database. Skipping.
2025-10-12 23:54:35,157 INFO /System/Library/Fonts/Supplemental/NotoSansImperialAramaic-Regular.ttf : NotoSansImperialAramaic-Regular already registered in fonts database. Skipping.
2025-10-12 23:54:35,164 INFO /System/Library/Fonts/Supplemental/NotoSansInscriptionalPahlavi-Regular.ttf : NotoSansInscriptionalPahlavi-Regular already registered in fonts database. Skipping.
2025-10-12 23:54:35,171 INFO /System/Library/Fonts/Supplemental/NotoSansInscriptionalPahlavi-Regular.ttf : NotoSansInscriptionalPahlavi-Regular already registered in fonts database. Skipping.
2025-10-12 23:54:35,180 INFO /System/Library/Fonts/Supplemental/NotoSansInscriptionalParthian-Regular.ttf : NotoSansInscriptionalParthian-Regular already registered in fonts database. Skipping.
2025-10-12 23:54:35,187 INFO /System/Library/Fonts/Supplemental/NotoSansInscriptionalParthian-Regular.ttf : NotoSansInscriptionalParthian-Regular already registered in fonts database. Skipping.
2025-10-12 23:54:35,206 INFO /System/Library/Fonts/Supplemental/NotoSansKaithi-Regular.ttf : NotoSansKaithi-Regular already registered in fonts database. Skipping.
2025-10-12 23:54:35,224 INFO /System/Library/Fonts/Supplemental/NotoSansKaithi-Regular.ttf : NotoSansKaithi-Regular already registered in fonts database. Skipping.
2025-10-12 23:54:35,233 INFO /System/Library/Fonts/Supplemental/NotoSansKayahLi-Regular.ttf : NotoSansKayahLi-Regular already registered in fonts database. Skipping.
2025-10-12 23:54:35,242 INFO /System/Library/Fonts/Supplemental/NotoSansKayahLi-Regular.ttf : NotoSansKayahLi-Regular already registered in fonts database. Skipping.
2025-10-12 23:54:35,253 INFO /System/Library/Fonts/Supplemental/NotoSansKharoshthi-Regular.ttf : NotoSansKharoshthi-Regular already registered in fonts database. Skipping.
2025-10-12 23:54:35,264 INFO /System/Library/Fonts/Supplemental/NotoSansKharoshthi-Regular.ttf : NotoSansKharoshthi-Regular already registered in fonts database. Skipping.
2025-10-12 23:54:35,284 INFO /System/Library/Fonts/Supplemental/NotoSansKhojki-Regular.ttf : NotoSansKhojki-Regular already registered in fonts database. Skipping.
2025-10-12 23:54:35,302 INFO /System/Library/Fonts/Supplemental/NotoSansKhojki-Regular.ttf : NotoSansKhojki-Regular already registered in fonts database. Skipping.
2025-10-12 23:54:35,313 INFO /System/Library/Fonts/Supplemental/NotoSansKhudawadi-Regular.ttf : NotoSansKhudawadi-Regular already registered in fonts database. Skipping.
2025-10-12 23:54:35,323 INFO /System/Library/Fonts/Supplemental/NotoSansKhudawadi-Regular.ttf : NotoSansKhudawadi-Regular already registered in fonts database. Skipping.
2025-10-12 23:54:35,333 INFO /System/Library/Fonts/Supplemental/NotoSansLepcha-Regular.ttf : NotoSansLepcha-Regular already registered in fonts database. Skipping.
2025-10-12 23:54:35,343 INFO /System/Library/Fonts/Supplemental/NotoSansLepcha-Regular.ttf : NotoSansLepcha-Regular already registered in fonts database. Skipping.
2025-10-12 23:54:35,352 INFO /System/Library/Fonts/Supplemental/NotoSansLimbu-Regular.ttf : NotoSansLimbu-Regular already registered in fonts database. Skipping.
2025-10-12 23:54:35,362 INFO /System/Library/Fonts/Supplemental/NotoSansLimbu-Regular.ttf : NotoSansLimbu-Regular already registered in fonts database. Skipping.
2025-10-12 23:54:35,384 INFO /System/Library/Fonts/Supplemental/NotoSansLinearA-Regular.ttf : NotoSansLinearA-Regular already registered in fonts database. Skipping.
2025-10-12 23:54:35,407 INFO /System/Library/Fonts/Supplemental/NotoSansLinearA-Regular.ttf : NotoSansLinearA-Regular already registered in fonts database. Skipping.
2025-10-12 23:54:35,435 INFO /System/Library/Fonts/Supplemental/NotoSansLinearB-Regular.ttf : NotoSansLinearB-Regular already registered in fonts database. Skipping.
2025-10-12 23:54:35,463 INFO /System/Library/Fonts/Supplemental/NotoSansLinearB-Regular.ttf : NotoSansLinearB-Regular already registered in fonts database. Skipping.
2025-10-12 23:54:35,470 INFO /System/Library/Fonts/Supplemental/NotoSansLisu-Regular.ttf : NotoSansLisu-Regular already registered in fonts database. Skipping.
2025-10-12 23:54:35,477 INFO /System/Library/Fonts/Supplemental/NotoSansLisu-Regular.ttf : NotoSansLisu-Regular already registered in fonts database. Skipping.
2025-10-12 23:54:35,484 INFO /System/Library/Fonts/Supplemental/NotoSansLycian-Regular.ttf : NotoSansLycian-Regular already registered in fonts database. Skipping.
2025-10-12 23:54:35,490 INFO /System/Library/Fonts/Supplemental/NotoSansLycian-Regular.ttf : NotoSansLycian-Regular already registered in fonts database. Skipping.
2025-10-12 23:54:35,497 INFO /System/Library/Fonts/Supplemental/NotoSansLydian-Regular.ttf : NotoSansLydian-Regular already registered in fonts database. Skipping.
2025-10-12 23:54:35,504 INFO /System/Library/Fonts/Supplemental/NotoSansLydian-Regular.ttf : NotoSansLydian-Regular already registered in fonts database. Skipping.
2025-10-12 23:54:35,514 INFO /System/Library/Fonts/Supplemental/NotoSansMahajani-Regular.ttf : NotoSansMahajani-Regular already registered in fonts database. Skipping.
2025-10-12 23:54:35,525 INFO /System/Library/Fonts/Supplemental/NotoSansMahajani-Regular.ttf : NotoSansMahajani-Regular already registered in fonts database. Skipping.
2025-10-12 23:54:35,535 INFO /System/Library/Fonts/Supplemental/NotoSansMandaic-Regular.ttf : NotoSansMandaic-Regular already registered in fonts database. Skipping.
2025-10-12 23:54:35,547 INFO /System/Library/Fonts/Supplemental/NotoSansMandaic-Regular.ttf : NotoSansMandaic-Regular already registered in fonts database. Skipping.
2025-10-12 23:54:35,563 INFO /System/Library/Fonts/Supplemental/NotoSansManichaean-Regular.ttf : NotoSansManichaean-Regular already registered in fonts database. Skipping.
2025-10-12 23:54:35,578 INFO /System/Library/Fonts/Supplemental/NotoSansManichaean-Regular.ttf : NotoSansManichaean-Regular already registered in fonts database. Skipping.
2025-10-12 23:54:35,608 INFO /System/Library/Fonts/Supplemental/NotoSansMarchen-Regular.ttf : NotoSansMarchen-Regular already registered in fonts database. Skipping.
2025-10-12 23:54:35,638 INFO /System/Library/Fonts/Supplemental/NotoSansMarchen-Regular.ttf : NotoSansMarchen-Regular already registered in fonts database. Skipping.
2025-10-12 23:54:35,649 INFO /System/Library/Fonts/Supplemental/NotoSansMeeteiMayek-Regular.ttf : NotoSansMeeteiMayek-Regular already registered in fonts database. Skipping.
2025-10-12 23:54:35,659 INFO /System/Library/Fonts/Supplemental/NotoSansMeeteiMayek-Regular.ttf : NotoSansMeeteiMayek-Regular already registered in fonts database. Skipping.
2025-10-12 23:54:35,675 INFO /System/Library/Fonts/Supplemental/NotoSansMendeKikakui-Regular.ttf : NotoSansMendeKikakui-Regular already registered in fonts database. Skipping.
2025-10-12 23:54:35,692 INFO /System/Library/Fonts/Supplemental/NotoSansMendeKikakui-Regular.ttf : NotoSansMendeKikakui-Regular already registered in fonts database. Skipping.
2025-10-12 23:54:35,709 INFO /System/Library/Fonts/Supplemental/NotoSansMeroitic-Regular.ttf : NotoSansMeroitic-Regular already registered in fonts database. Skipping.
2025-10-12 23:54:35,726 INFO /System/Library/Fonts/Supplemental/NotoSansMeroitic-Regular.ttf : NotoSansMeroitic-Regular already registered in fonts database. Skipping.
2025-10-12 23:54:35,742 INFO /System/Library/Fonts/Supplemental/NotoSansMiao-Regular.ttf : NotoSansMiao-Regular already registered in fonts database. Skipping.
2025-10-12 23:54:35,757 INFO /System/Library/Fonts/Supplemental/NotoSansMiao-Regular.ttf : NotoSansMiao-Regular already registered in fonts database. Skipping.
2025-10-12 23:54:35,774 INFO /System/Library/Fonts/Supplemental/NotoSansModi-Regular.ttf : NotoSansModi-Regular already registered in fonts database. Skipping.
2025-10-12 23:54:35,792 INFO /System/Library/Fonts/Supplemental/NotoSansModi-Regular.ttf : NotoSansModi-Regular already registered in fonts database. Skipping.
2025-10-12 23:54:35,854 INFO /System/Library/Fonts/Supplemental/NotoSansMongolian-Regular.ttf : NotoSansMongolian-Regular already registered in fonts database. Skipping.
2025-10-12 23:54:35,917 INFO /System/Library/Fonts/Supplemental/NotoSansMongolian-Regular.ttf : NotoSansMongolian-Regular already registered in fonts database. Skipping.
2025-10-12 23:54:35,926 INFO /System/Library/Fonts/Supplemental/NotoSansMro-Regular.ttf : NotoSansMro-Regular already registered in fonts database. Skipping.
2025-10-12 23:54:35,933 INFO /System/Library/Fonts/Supplemental/NotoSansMro-Regular.ttf : NotoSansMro-Regular already registered in fonts database. Skipping.
2025-10-12 23:54:35,942 INFO /System/Library/Fonts/Supplemental/NotoSansMultani-Regular.ttf : NotoSansMultani-Regular already registered in fonts database. Skipping.
2025-10-12 23:54:35,951 INFO /System/Library/Fonts/Supplemental/NotoSansMultani-Regular.ttf : NotoSansMultani-Regular already registered in fonts database. Skipping.
2025-10-12 23:54:35,960 INFO /System/Library/Fonts/Supplemental/NotoSansNabataean-Regular.ttf : NotoSansNabataean-Regular already registered in fonts database. Skipping.
2025-10-12 23:54:35,969 INFO /System/Library/Fonts/Supplemental/NotoSansNabataean-Regular.ttf : NotoSansNabataean-Regular already registered in fonts database. Skipping.
2025-10-12 23:54:36,005 INFO /System/Library/Fonts/Supplemental/NotoSansNewa-Regular.ttf : NotoSansNewa-Regular already registered in fonts database. Skipping.
2025-10-12 23:54:36,041 INFO /System/Library/Fonts/Supplemental/NotoSansNewa-Regular.ttf : NotoSansNewa-Regular already registered in fonts database. Skipping.
2025-10-12 23:54:36,054 INFO /System/Library/Fonts/Supplemental/NotoSansNewTaiLue-Regular.ttf : NotoSansNewTaiLue-Regular already registered in fonts database. Skipping.
2025-10-12 23:54:36,066 INFO /System/Library/Fonts/Supplemental/NotoSansNewTaiLue-Regular.ttf : NotoSansNewTaiLue-Regular already registered in fonts database. Skipping.
2025-10-12 23:54:36,076 INFO /System/Library/Fonts/Supplemental/NotoSansNKo-Regular.ttf : NotoSansNKo-Regular already registered in fonts database. Skipping.
2025-10-12 23:54:36,086 INFO /System/Library/Fonts/Supplemental/NotoSansNKo-Regular.ttf : NotoSansNKo-Regular already registered in fonts database. Skipping.
2025-10-12 23:54:36,096 INFO /System/Library/Fonts/Supplemental/NotoSansOlChiki-Regular.ttf : NotoSansOlChiki-Regular already registered in fonts database. Skipping.
2025-10-12 23:54:36,105 INFO /System/Library/Fonts/Supplemental/NotoSansOlChiki-Regular.ttf : NotoSansOlChiki-Regular already registered in fonts database. Skipping.
2025-10-12 23:54:36,116 INFO /System/Library/Fonts/Supplemental/NotoSansOldHungarian-Regular.ttf : NotoSansOldHungarian-Regular already registered in fonts database. Skipping.
2025-10-12 23:54:36,127 INFO /System/Library/Fonts/Supplemental/NotoSansOldHungarian-Regular.ttf : NotoSansOldHungarian-Regular already registered in fonts database. Skipping.
2025-10-12 23:54:36,135 INFO /System/Library/Fonts/Supplemental/NotoSansOldItalic-Regular.ttf : NotoSansOldItalic-Regular already registered in fonts database. Skipping.
2025-10-12 23:54:36,143 INFO /System/Library/Fonts/Supplemental/NotoSansOldItalic-Regular.ttf : NotoSansOldItalic-Regular already registered in fonts database. Skipping.
2025-10-12 23:54:36,151 INFO /System/Library/Fonts/Supplemental/NotoSansOldNorthArabian-Regular.ttf : NotoSansOldNorthArabian-Regular already registered in fonts database. Skipping.
2025-10-12 23:54:36,159 INFO /System/Library/Fonts/Supplemental/NotoSansOldNorthArabian-Regular.ttf : NotoSansOldNorthArabian-Regular already registered in fonts database. Skipping.
2025-10-12 23:54:36,167 INFO /System/Library/Fonts/Supplemental/NotoSansOldPermic-Regular.ttf : NotoSansOldPermic-Regular already registered in fonts database. Skipping.
2025-10-12 23:54:36,175 INFO /System/Library/Fonts/Supplemental/NotoSansOldPermic-Regular.ttf : NotoSansOldPermic-Regular already registered in fonts database. Skipping.
2025-10-12 23:54:36,185 INFO /System/Library/Fonts/Supplemental/NotoSansOldPersian-Regular.ttf : NotoSansOldPersian-Regular already registered in fonts database. Skipping.
2025-10-12 23:54:36,195 INFO /System/Library/Fonts/Supplemental/NotoSansOldPersian-Regular.ttf : NotoSansOldPersian-Regular already registered in fonts database. Skipping.
2025-10-12 23:54:36,203 INFO /System/Library/Fonts/Supplemental/NotoSansOldSouthArabian-Regular.ttf : NotoSansOldSouthArabian-Regular already registered in fonts database. Skipping.
2025-10-12 23:54:36,210 INFO /System/Library/Fonts/Supplemental/NotoSansOldSouthArabian-Regular.ttf : NotoSansOldSouthArabian-Regular already registered in fonts database. Skipping.
2025-10-12 23:54:36,219 INFO /System/Library/Fonts/Supplemental/NotoSansOldTurkic-Regular.ttf : NotoSansOldTurkic-Regular already registered in fonts database. Skipping.
2025-10-12 23:54:36,227 INFO /System/Library/Fonts/Supplemental/NotoSansOldTurkic-Regular.ttf : NotoSansOldTurkic-Regular already registered in fonts database. Skipping.
2025-10-12 23:54:36,236 INFO /System/Library/Fonts/Supplemental/NotoSansOsage-Regular.ttf : NotoSansOsage-Regular already registered in fonts database. Skipping.
2025-10-12 23:54:36,246 INFO /System/Library/Fonts/Supplemental/NotoSansOsage-Regular.ttf : NotoSansOsage-Regular already registered in fonts database. Skipping.
2025-10-12 23:54:36,254 INFO /System/Library/Fonts/Supplemental/NotoSansOsmanya-Regular.ttf : NotoSansOsmanya-Regular already registered in fonts database. Skipping.
2025-10-12 23:54:36,262 INFO /System/Library/Fonts/Supplemental/NotoSansOsmanya-Regular.ttf : NotoSansOsmanya-Regular already registered in fonts database. Skipping.
2025-10-12 23:54:36,273 INFO /System/Library/Fonts/Supplemental/NotoSansPahawhHmong-Regular.ttf : NotoSansPahawhHmong-Regular already registered in fonts database. Skipping.
2025-10-12 23:54:36,284 INFO /System/Library/Fonts/Supplemental/NotoSansPahawhHmong-Regular.ttf : NotoSansPahawhHmong-Regular already registered in fonts database. Skipping.
2025-10-12 23:54:36,296 INFO /System/Library/Fonts/Supplemental/NotoSansPalmyrene-Regular.ttf : NotoSansPalmyrene-Regular already registered in fonts database. Skipping.
2025-10-12 23:54:36,308 INFO /System/Library/Fonts/Supplemental/NotoSansPalmyrene-Regular.ttf : NotoSansPalmyrene-Regular already registered in fonts database. Skipping.
2025-10-12 23:54:36,315 INFO /System/Library/Fonts/Supplemental/NotoSansPauCinHau-Regular.ttf : NotoSansPauCinHau-Regular already registered in fonts database. Skipping.
2025-10-12 23:54:36,323 INFO /System/Library/Fonts/Supplemental/NotoSansPauCinHau-Regular.ttf : NotoSansPauCinHau-Regular already registered in fonts database. Skipping.
2025-10-12 23:54:36,337 INFO /System/Library/Fonts/Supplemental/NotoSansPhagsPa-Regular.ttf : NotoSansPhagsPa-Regular already registered in fonts database. Skipping.
2025-10-12 23:54:36,351 INFO /System/Library/Fonts/Supplemental/NotoSansPhagsPa-Regular.ttf : NotoSansPhagsPa-Regular already registered in fonts database. Skipping.
2025-10-12 23:54:36,359 INFO /System/Library/Fonts/Supplemental/NotoSansPhoenician-Regular.ttf : NotoSansPhoenician-Regular already registered in fonts database. Skipping.
2025-10-12 23:54:36,367 INFO /System/Library/Fonts/Supplemental/NotoSansPhoenician-Regular.ttf : NotoSansPhoenician-Regular already registered in fonts database. Skipping.
2025-10-12 23:54:36,381 INFO /System/Library/Fonts/Supplemental/NotoSansPsalterPahlavi-Regular.ttf : NotoSansPsalterPahlavi-Regular already registered in fonts database. Skipping.
2025-10-12 23:54:36,394 INFO /System/Library/Fonts/Supplemental/NotoSansPsalterPahlavi-Regular.ttf : NotoSansPsalterPahlavi-Regular already registered in fonts database. Skipping.
2025-10-12 23:54:36,401 INFO /System/Library/Fonts/Supplemental/NotoSansRejang-Regular.ttf : NotoSansRejang-Regular already registered in fonts database. Skipping.
2025-10-12 23:54:36,408 INFO /System/Library/Fonts/Supplemental/NotoSansRejang-Regular.ttf : NotoSansRejang-Regular already registered in fonts database. Skipping.
2025-10-12 23:54:36,418 INFO /System/Library/Fonts/Supplemental/NotoSansSamaritan-Regular.ttf : NotoSansSamaritan-Regular already registered in fonts database. Skipping.
2025-10-12 23:54:36,428 INFO /System/Library/Fonts/Supplemental/NotoSansSamaritan-Regular.ttf : NotoSansSamaritan-Regular already registered in fonts database. Skipping.
2025-10-12 23:54:36,438 INFO /System/Library/Fonts/Supplemental/NotoSansSaurashtra-Regular.ttf : NotoSansSaurashtra-Regular already registered in fonts database. Skipping.
2025-10-12 23:54:36,449 INFO /System/Library/Fonts/Supplemental/NotoSansSaurashtra-Regular.ttf : NotoSansSaurashtra-Regular already registered in fonts database. Skipping.
2025-10-12 23:54:36,464 INFO /System/Library/Fonts/Supplemental/NotoSansSharada-Regular.ttf : NotoSansSharada-Regular already registered in fonts database. Skipping.
2025-10-12 23:54:36,480 INFO /System/Library/Fonts/Supplemental/NotoSansSharada-Regular.ttf : NotoSansSharada-Regular already registered in fonts database. Skipping.
2025-10-12 23:54:36,488 INFO /System/Library/Fonts/Supplemental/NotoSansSoraSompeng-Regular.ttf : NotoSansSoraSompeng-Regular already registered in fonts database. Skipping.
2025-10-12 23:54:36,495 INFO /System/Library/Fonts/Supplemental/NotoSansSoraSompeng-Regular.ttf : NotoSansSoraSompeng-Regular already registered in fonts database. Skipping.
2025-10-12 23:54:36,504 INFO /System/Library/Fonts/Supplemental/NotoSansSundanese-Regular.ttf : NotoSansSundanese-Regular already registered in fonts database. Skipping.
2025-10-12 23:54:36,512 INFO /System/Library/Fonts/Supplemental/NotoSansSundanese-Regular.ttf : NotoSansSundanese-Regular already registered in fonts database. Skipping.
2025-10-12 23:54:36,522 INFO /System/Library/Fonts/Supplemental/NotoSansSylotiNagri-Regular.ttf : NotoSansSylotiNagri-Regular already registered in fonts database. Skipping.
2025-10-12 23:54:36,533 INFO /System/Library/Fonts/Supplemental/NotoSansSylotiNagri-Regular.ttf : NotoSansSylotiNagri-Regular already registered in fonts database. Skipping.
2025-10-12 23:54:36,552 INFO /System/Library/Fonts/Supplemental/NotoSansSyriac-Regular.ttf : NotoSansSyriac-Regular already registered in fonts database. Skipping.
2025-10-12 23:54:36,571 INFO /System/Library/Fonts/Supplemental/NotoSansSyriac-Regular.ttf : NotoSansSyriac-Regular already registered in fonts database. Skipping.
2025-10-12 23:54:36,579 INFO /System/Library/Fonts/Supplemental/NotoSansTagalog-Regular.ttf : NotoSansTagalog-Regular already registered in fonts database. Skipping.
2025-10-12 23:54:36,586 INFO /System/Library/Fonts/Supplemental/NotoSansTagalog-Regular.ttf : NotoSansTagalog-Regular already registered in fonts database. Skipping.
2025-10-12 23:54:36,594 INFO /System/Library/Fonts/Supplemental/NotoSansTagbanwa-Regular.ttf : NotoSansTagbanwa-Regular already registered in fonts database. Skipping.
2025-10-12 23:54:36,601 INFO /System/Library/Fonts/Supplemental/NotoSansTagbanwa-Regular.ttf : NotoSansTagbanwa-Regular already registered in fonts database. Skipping.
2025-10-12 23:54:36,614 INFO /System/Library/Fonts/Supplemental/NotoSansTaiLe-Regular.ttf : NotoSansTaiLe-Regular already registered in fonts database. Skipping.
2025-10-12 23:54:36,627 INFO /System/Library/Fonts/Supplemental/NotoSansTaiLe-Regular.ttf : NotoSansTaiLe-Regular already registered in fonts database. Skipping.
2025-10-12 23:54:36,654 INFO /System/Library/Fonts/Supplemental/NotoSansTaiTham-Regular.ttf : NotoSansTaiTham already registered in fonts database. Skipping.
2025-10-12 23:54:36,674 INFO /System/Library/Fonts/Supplemental/NotoSansTaiTham-Regular.ttf : NotoSansTaiTham already registered in fonts database. Skipping.
2025-10-12 23:54:36,688 INFO /System/Library/Fonts/Supplemental/NotoSansTaiViet-Regular.ttf : NotoSansTaiViet-Regular already registered in fonts database. Skipping.
2025-10-12 23:54:36,701 INFO /System/Library/Fonts/Supplemental/NotoSansTaiViet-Regular.ttf : NotoSansTaiViet-Regular already registered in fonts database. Skipping.
2025-10-12 23:54:36,711 INFO /System/Library/Fonts/Supplemental/NotoSansTakri-Regular.ttf : NotoSansTakri-Regular already registered in fonts database. Skipping.
2025-10-12 23:54:36,721 INFO /System/Library/Fonts/Supplemental/NotoSansTakri-Regular.ttf : NotoSansTakri-Regular already registered in fonts database. Skipping.
2025-10-12 23:54:36,734 INFO /System/Library/Fonts/Supplemental/NotoSansThaana-Regular.ttf : NotoSansThaana-Regular already registered in fonts database. Skipping.
2025-10-12 23:54:36,747 INFO /System/Library/Fonts/Supplemental/NotoSansThaana-Regular.ttf : NotoSansThaana-Regular already registered in fonts database. Skipping.
2025-10-12 23:54:36,767 INFO /System/Library/Fonts/Supplemental/NotoSansTirhuta-Regular.ttf : NotoSansTirhuta-Regular already registered in fonts database. Skipping.
2025-10-12 23:54:36,785 INFO /System/Library/Fonts/Supplemental/NotoSansTirhuta-Regular.ttf : NotoSansTirhuta-Regular already registered in fonts database. Skipping.
2025-10-12 23:54:36,793 INFO /System/Library/Fonts/Supplemental/NotoSansUgaritic-Regular.ttf : NotoSansUgaritic-Regular already registered in fonts database. Skipping.
2025-10-12 23:54:36,801 INFO /System/Library/Fonts/Supplemental/NotoSansUgaritic-Regular.ttf : NotoSansUgaritic-Regular already registered in fonts database. Skipping.
2025-10-12 23:54:36,822 INFO /System/Library/Fonts/Supplemental/NotoSansVai-Regular.ttf : NotoSansVai-Regular already registered in fonts database. Skipping.
2025-10-12 23:54:36,843 INFO /System/Library/Fonts/Supplemental/NotoSansVai-Regular.ttf : NotoSansVai-Regular already registered in fonts database. Skipping.
2025-10-12 23:54:36,853 INFO /System/Library/Fonts/Supplemental/NotoSansWancho-Regular.ttf : NotoSansWancho-Regular already registered in fonts database. Skipping.
2025-10-12 23:54:36,862 INFO /System/Library/Fonts/Supplemental/NotoSansWancho-Regular.ttf : NotoSansWancho-Regular already registered in fonts database. Skipping.
2025-10-12 23:54:36,873 INFO /System/Library/Fonts/Supplemental/NotoSansWarangCiti-Regular.ttf : NotoSansWarangCiti-Regular already registered in fonts database. Skipping.
2025-10-12 23:54:36,882 INFO /System/Library/Fonts/Supplemental/NotoSansWarangCiti-Regular.ttf : NotoSansWarangCiti-Regular already registered in fonts database. Skipping.
2025-10-12 23:54:36,937 INFO /System/Library/Fonts/Supplemental/NotoSansYi-Regular.ttf : NotoSansYi-Regular already registered in fonts database. Skipping.
2025-10-12 23:54:36,991 INFO /System/Library/Fonts/Supplemental/NotoSansYi-Regular.ttf : NotoSansYi-Regular already registered in fonts database. Skipping.
2025-10-12 23:54:37,004 INFO /System/Library/Fonts/Supplemental/NotoSerifAhom-Regular.ttf : NotoSerifAhom-Regular already registered in fonts database. Skipping.
2025-10-12 23:54:37,016 INFO /System/Library/Fonts/Supplemental/NotoSerifAhom-Regular.ttf : NotoSerifAhom-Regular already registered in fonts database. Skipping.
2025-10-12 23:54:37,046 INFO /System/Library/Fonts/Supplemental/NotoSerifBalinese-Regular.ttf : NotoSerifBalinese-Regular already registered in fonts database. Skipping.
2025-10-12 23:54:37,074 INFO /System/Library/Fonts/Supplemental/NotoSerifBalinese-Regular.ttf : NotoSerifBalinese-Regular already registered in fonts database. Skipping.
2025-10-12 23:54:37,084 INFO /System/Library/Fonts/Supplemental/NotoSerifNyiakengPuachueHmong-Regular.ttf : NotoSerifHmongNyiakeng-Regular already registered in fonts database. Skipping.
2025-10-12 23:54:37,092 INFO /System/Library/Fonts/Supplemental/NotoSerifNyiakengPuachueHmong-Regular.ttf : NotoSerifHmongNyiakeng-Regular already registered in fonts database. Skipping.
2025-10-12 23:54:37,196 INFO /System/Library/Fonts/Supplemental/PartyLET-plain.ttf : PartyLetPlain already registered in fonts database. Skipping.
2025-10-12 23:54:37,301 INFO /System/Library/Fonts/Supplemental/PartyLET-plain.ttf : PartyLetPlain already registered in fonts database. Skipping.
2025-10-12 23:54:37,347 INFO /System/Library/Fonts/Supplemental/PlantagenetCherokee.ttf : No FontName. Skipping.
2025-10-12 23:54:37,390 INFO /System/Library/Fonts/Supplemental/PlantagenetCherokee.ttf : No FontName. Skipping.
2025-10-12 23:54:37,432 INFO /System/Library/Fonts/Supplemental/Sathu.ttf : No FontName. Skipping.
2025-10-12 23:54:37,472 INFO /System/Library/Fonts/Supplemental/Sathu.ttf : No FontName. Skipping.
2025-10-12 23:54:37,496 INFO /System/Library/Fonts/Supplemental/Silom.ttf : No FontName. Skipping.
2025-10-12 23:54:37,520 INFO /System/Library/Fonts/Supplemental/Silom.ttf : No FontName. Skipping.
2025-10-12 23:54:37,549 INFO /System/Library/Fonts/Supplemental/Skia.ttf : No FontName. Skipping.
2025-10-12 23:54:37,577 INFO /System/Library/Fonts/Supplemental/Skia.ttf : No FontName. Skipping.
2025-10-12 23:54:37,715 INFO /System/Library/Fonts/Supplemental/STIXTwoText-Italic.ttf : STIXTwoText-Italic already registered in fonts database. Skipping.
2025-10-12 23:54:37,861 INFO /System/Library/Fonts/Supplemental/STIXTwoText-Italic.ttf : STIXTwoText-Italic already registered in fonts database. Skipping.
2025-10-12 23:54:37,981 INFO /System/Library/Fonts/Supplemental/STIXTwoText.ttf : STIXTwoText already registered in fonts database. Skipping.
2025-10-12 23:54:38,099 INFO /System/Library/Fonts/Supplemental/STIXTwoText.ttf : STIXTwoText already registered in fonts database. Skipping.
2025-10-12 23:54:38,194 INFO /System/Library/Fonts/Supplemental/Tahoma Bold.ttf : Tahoma-Bold already registered in fonts database. Skipping.
2025-10-12 23:54:38,299 INFO /System/Library/Fonts/Supplemental/Tahoma Bold.ttf : Tahoma-Bold already registered in fonts database. Skipping.
2025-10-12 23:54:38,435 INFO /System/Library/Fonts/Supplemental/Tahoma.ttf : Tahoma already registered in fonts database. Skipping.
2025-10-12 23:54:38,543 INFO /System/Library/Fonts/Supplemental/Tahoma.ttf : Tahoma already registered in fonts database. Skipping.
2025-10-12 23:54:38,644 INFO /System/Library/Fonts/Supplemental/Times New Roman Bold Italic.ttf : TimesNewRomanPS-BoldItalicMT already registered in fonts database. Skipping.
2025-10-12 23:54:38,751 INFO /System/Library/Fonts/Supplemental/Times New Roman Bold Italic.ttf : TimesNewRomanPS-BoldItalicMT already registered in fonts database. Skipping.
2025-10-12 23:54:38,897 INFO /System/Library/Fonts/Supplemental/Times New Roman Bold.ttf : TimesNewRomanPS-BoldMT already registered in fonts database. Skipping.
2025-10-12 23:54:39,044 INFO /System/Library/Fonts/Supplemental/Times New Roman Bold.ttf : TimesNewRomanPS-BoldMT already registered in fonts database. Skipping.
2025-10-12 23:54:39,153 INFO /System/Library/Fonts/Supplemental/Times New Roman Italic.ttf : TimesNewRomanPS-ItalicMT already registered in fonts database. Skipping.
2025-10-12 23:54:39,262 INFO /System/Library/Fonts/Supplemental/Times New Roman Italic.ttf : TimesNewRomanPS-ItalicMT already registered in fonts database. Skipping.
2025-10-12 23:54:39,420 INFO /System/Library/Fonts/Supplemental/Times New Roman.ttf : TimesNewRomanPSMT already registered in fonts database. Skipping.
2025-10-12 23:54:39,581 INFO /System/Library/Fonts/Supplemental/Times New Roman.ttf : TimesNewRomanPSMT already registered in fonts database. Skipping.
2025-10-12 23:54:41,483 INFO /System/Library/Fonts/Supplemental/Trattatello.ttf : Trattatello already registered in fonts database. Skipping.
2025-10-12 23:54:43,438 INFO /System/Library/Fonts/Supplemental/Trattatello.ttf : Trattatello already registered in fonts database. Skipping.
2025-10-12 23:54:43,455 INFO /System/Library/Fonts/Supplemental/Trebuchet MS Bold Italic.ttf : Trebuchet-BoldItalic already registered in fonts database. Skipping.
2025-10-12 23:54:43,471 INFO /System/Library/Fonts/Supplemental/Trebuchet MS Bold Italic.ttf : Trebuchet-BoldItalic already registered in fonts database. Skipping.
2025-10-12 23:54:43,485 INFO /System/Library/Fonts/Supplemental/Trebuchet MS Bold.ttf : TrebuchetMS-Bold already registered in fonts database. Skipping.
2025-10-12 23:54:43,500 INFO /System/Library/Fonts/Supplemental/Trebuchet MS Bold.ttf : TrebuchetMS-Bold already registered in fonts database. Skipping.
2025-10-12 23:54:43,515 INFO /System/Library/Fonts/Supplemental/Trebuchet MS Italic.ttf : TrebuchetMS-Italic already registered in fonts database. Skipping.
2025-10-12 23:54:43,532 INFO /System/Library/Fonts/Supplemental/Trebuchet MS Italic.ttf : TrebuchetMS-Italic already registered in fonts database. Skipping.
2025-10-12 23:54:43,546 INFO /System/Library/Fonts/Supplemental/Trebuchet MS.ttf : TrebuchetMS already registered in fonts database. Skipping.
2025-10-12 23:54:43,560 INFO /System/Library/Fonts/Supplemental/Trebuchet MS.ttf : TrebuchetMS already registered in fonts database. Skipping.
2025-10-12 23:54:43,581 INFO /System/Library/Fonts/Supplemental/Verdana Bold Italic.ttf : Verdana-BoldItalic already registered in fonts database. Skipping.
2025-10-12 23:54:43,602 INFO /System/Library/Fonts/Supplemental/Verdana Bold Italic.ttf : Verdana-BoldItalic already registered in fonts database. Skipping.
2025-10-12 23:54:43,625 INFO /System/Library/Fonts/Supplemental/Verdana Bold.ttf : Verdana-Bold already registered in fonts database. Skipping.
2025-10-12 23:54:43,648 INFO /System/Library/Fonts/Supplemental/Verdana Bold.ttf : Verdana-Bold already registered in fonts database. Skipping.
2025-10-12 23:54:43,671 INFO /System/Library/Fonts/Supplemental/Verdana Italic.ttf : Verdana-Italic already registered in fonts database. Skipping.
2025-10-12 23:54:43,694 INFO /System/Library/Fonts/Supplemental/Verdana Italic.ttf : Verdana-Italic already registered in fonts database. Skipping.
2025-10-12 23:54:43,719 INFO /System/Library/Fonts/Supplemental/Verdana.ttf : Verdana already registered in fonts database. Skipping.
2025-10-12 23:54:43,760 INFO /System/Library/Fonts/Supplemental/Verdana.ttf : Verdana already registered in fonts database. Skipping.
2025-10-12 23:54:43,808 INFO /System/Library/Fonts/Supplemental/Webdings.ttf : Webdings already registered in fonts database. Skipping.
2025-10-12 23:54:43,839 INFO /System/Library/Fonts/Supplemental/Webdings.ttf : Webdings already registered in fonts database. Skipping.
2025-10-12 23:54:43,851 INFO /System/Library/Fonts/Supplemental/Wingdings 2.ttf : Wingdings2 already registered in fonts database. Skipping.
2025-10-12 23:54:43,863 INFO /System/Library/Fonts/Supplemental/Wingdings 2.ttf : Wingdings2 already registered in fonts database. Skipping.
2025-10-12 23:54:43,871 INFO /System/Library/Fonts/Supplemental/Wingdings 3.ttf : Wingdings3 already registered in fonts database. Skipping.
2025-10-12 23:54:43,879 INFO /System/Library/Fonts/Supplemental/Wingdings 3.ttf : Wingdings3 already registered in fonts database. Skipping.
2025-10-12 23:54:43,892 INFO /System/Library/Fonts/Supplemental/Wingdings.ttf : Wingdings-Regular already registered in fonts database. Skipping.
2025-10-12 23:54:43,905 INFO /System/Library/Fonts/Supplemental/Wingdings.ttf : Wingdings-Regular already registered in fonts database. Skipping.
2025-10-12 23:54:44,280 INFO /System/Library/Fonts/Supplemental/Zapfino.ttf : No FontName. Skipping.
2025-10-12 23:54:44,661 INFO /System/Library/Fonts/Supplemental/Zapfino.ttf : No FontName. Skipping.
2025-10-12 23:54:44,672 INFO /System/Library/Fonts/Symbol.ttf : No FontName. Skipping.
2025-10-12 23:54:44,684 INFO /System/Library/Fonts/ZapfDingbats.ttf : No FontName. Skipping.
2025-10-12 23:54:44,684 INFO Found FontName for 0 fonts.
2025-10-12 23:54:44,684 INFO Scanning afm files in /Library/Frameworks/R.framework/Versions/4.5-arm64/Resources/library/extrafontdb/metrics
2025-10-12 23:54:44,785 INFO .Keyboard already registered with pdfFont().
2025-10-12 23:54:44,786 INFO .New York already registered with pdfFont().
2025-10-12 23:54:44,786 INFO .SF Arabic already registered with pdfFont().
2025-10-12 23:54:44,786 INFO .SF Arabic Rounded already registered with pdfFont().
2025-10-12 23:54:44,786 INFO .SF Armenian already registered with pdfFont().
2025-10-12 23:54:44,786 INFO .SF Armenian Rounded already registered with pdfFont().
2025-10-12 23:54:44,786 INFO .SF Camera already registered with pdfFont().
2025-10-12 23:54:44,786 INFO .SF Compact already registered with pdfFont().
2025-10-12 23:54:44,786 INFO .SF Compact Rounded already registered with pdfFont().
2025-10-12 23:54:44,786 INFO .SF Georgian already registered with pdfFont().
2025-10-12 23:54:44,786 INFO .SF Georgian Rounded already registered with pdfFont().
2025-10-12 23:54:44,786 INFO .SF Hebrew already registered with pdfFont().
2025-10-12 23:54:44,786 INFO .SF Hebrew Rounded already registered with pdfFont().
2025-10-12 23:54:44,786 INFO .SF NS Mono already registered with pdfFont().
2025-10-12 23:54:44,786 INFO .SF NS Rounded already registered with pdfFont().
2025-10-12 23:54:44,786 INFO Academy Engraved LET already registered with pdfFont().
2025-10-12 23:54:44,786 INFO Andale Mono already registered with pdfFont().
2025-10-12 23:54:44,786 INFO More than one version of regular/bold/italic found for Apple Braille. Skipping setup for this font.
2025-10-12 23:54:44,786 INFO AppleMyungjo already registered with pdfFont().
2025-10-12 23:54:44,786 INFO Arial already registered with pdfFont().
2025-10-12 23:54:44,786 INFO Arial Black already registered with pdfFont().
2025-10-12 23:54:44,786 INFO Arial Narrow already registered with pdfFont().
2025-10-12 23:54:44,786 INFO Arial Rounded MT Bold already registered with pdfFont().
2025-10-12 23:54:44,786 INFO Arial Unicode MS already registered with pdfFont().
2025-10-12 23:54:44,786 INFO Bodoni 72 Smallcaps already registered with pdfFont().
2025-10-12 23:54:44,786 INFO Bodoni Ornaments already registered with pdfFont().
2025-10-12 23:54:44,786 INFO No regular (non-bold, non-italic) version of Brush Script MT. Skipping setup for this font.
2025-10-12 23:54:44,786 INFO Comic Sans MS already registered with pdfFont().
2025-10-12 23:54:44,786 INFO Courier New already registered with pdfFont().
2025-10-12 23:54:44,786 INFO No regular (non-bold, non-italic) version of DIN Alternate. Skipping setup for this font.
2025-10-12 23:54:44,786 INFO No regular (non-bold, non-italic) version of DIN Condensed. Skipping setup for this font.
2025-10-12 23:54:44,786 INFO Georgia already registered with pdfFont().
2025-10-12 23:54:44,786 INFO Impact already registered with pdfFont().
2025-10-12 23:54:44,786 INFO Khmer Sangam MN already registered with pdfFont().
2025-10-12 23:54:44,786 INFO Lao Sangam MN already registered with pdfFont().
2025-10-12 23:54:44,786 INFO Luminari already registered with pdfFont().
2025-10-12 23:54:44,786 INFO Microsoft Sans Serif already registered with pdfFont().
2025-10-12 23:54:44,786 INFO Noto Sans Adlam already registered with pdfFont().
2025-10-12 23:54:44,786 INFO Noto Sans Avestan already registered with pdfFont().
2025-10-12 23:54:44,786 INFO Noto Sans Bamum already registered with pdfFont().
2025-10-12 23:54:44,786 INFO Noto Sans Bassa Vah already registered with pdfFont().
2025-10-12 23:54:44,786 INFO Noto Sans Batak already registered with pdfFont().
2025-10-12 23:54:44,787 INFO Noto Sans Bhaiksuki already registered with pdfFont().
2025-10-12 23:54:44,787 INFO Noto Sans Brahmi already registered with pdfFont().
2025-10-12 23:54:44,787 INFO Noto Sans Buginese already registered with pdfFont().
2025-10-12 23:54:44,787 INFO Noto Sans Buhid already registered with pdfFont().
2025-10-12 23:54:44,787 INFO Noto Sans Carian already registered with pdfFont().
2025-10-12 23:54:44,787 INFO Noto Sans CaucAlban already registered with pdfFont().
2025-10-12 23:54:44,787 INFO Noto Sans Chakma already registered with pdfFont().
2025-10-12 23:54:44,787 INFO Noto Sans Cham already registered with pdfFont().
2025-10-12 23:54:44,787 INFO Noto Sans Coptic already registered with pdfFont().
2025-10-12 23:54:44,787 INFO Noto Sans Cuneiform already registered with pdfFont().
2025-10-12 23:54:44,787 INFO Noto Sans Cypriot already registered with pdfFont().
2025-10-12 23:54:44,787 INFO Noto Sans Duployan already registered with pdfFont().
2025-10-12 23:54:44,787 INFO Noto Sans EgyptHiero already registered with pdfFont().
2025-10-12 23:54:44,787 INFO Noto Sans Elbasan already registered with pdfFont().
2025-10-12 23:54:44,787 INFO Noto Sans Glagolitic already registered with pdfFont().
2025-10-12 23:54:44,787 INFO Noto Sans Gothic already registered with pdfFont().
2025-10-12 23:54:44,787 INFO Noto Sans HanifiRohg already registered with pdfFont().
2025-10-12 23:54:44,787 INFO Noto Sans Hanunoo already registered with pdfFont().
2025-10-12 23:54:44,787 INFO Noto Sans Hatran already registered with pdfFont().
2025-10-12 23:54:44,787 INFO Noto Sans ImpAramaic already registered with pdfFont().
2025-10-12 23:54:44,787 INFO Noto Sans InsPahlavi already registered with pdfFont().
2025-10-12 23:54:44,787 INFO Noto Sans InsParthi already registered with pdfFont().
2025-10-12 23:54:44,787 INFO Noto Sans Kaithi already registered with pdfFont().
2025-10-12 23:54:44,787 INFO Noto Sans Kayah Li already registered with pdfFont().
2025-10-12 23:54:44,787 INFO Noto Sans Kharoshthi already registered with pdfFont().
2025-10-12 23:54:44,787 INFO Noto Sans Khojki already registered with pdfFont().
2025-10-12 23:54:44,787 INFO Noto Sans Khudawadi already registered with pdfFont().
2025-10-12 23:54:44,787 INFO Noto Sans Lepcha already registered with pdfFont().
2025-10-12 23:54:44,787 INFO Noto Sans Limbu already registered with pdfFont().
2025-10-12 23:54:44,787 INFO Noto Sans Linear A already registered with pdfFont().
2025-10-12 23:54:44,787 INFO Noto Sans Linear B already registered with pdfFont().
2025-10-12 23:54:44,787 INFO Noto Sans Lisu already registered with pdfFont().
2025-10-12 23:54:44,787 INFO Noto Sans Lycian already registered with pdfFont().
2025-10-12 23:54:44,787 INFO Noto Sans Lydian already registered with pdfFont().
2025-10-12 23:54:44,787 INFO Noto Sans Mahajani already registered with pdfFont().
2025-10-12 23:54:44,787 INFO Noto Sans Mandaic already registered with pdfFont().
2025-10-12 23:54:44,787 INFO Noto Sans Manichaean already registered with pdfFont().
2025-10-12 23:54:44,787 INFO Noto Sans Marchen already registered with pdfFont().
2025-10-12 23:54:44,787 INFO Noto Sans MeeteiMayek already registered with pdfFont().
2025-10-12 23:54:44,787 INFO Noto Sans Mende Kikakui already registered with pdfFont().
2025-10-12 23:54:44,787 INFO Noto Sans Meroitic already registered with pdfFont().
2025-10-12 23:54:44,787 INFO Noto Sans Miao already registered with pdfFont().
2025-10-12 23:54:44,788 INFO Noto Sans Modi already registered with pdfFont().
2025-10-12 23:54:44,788 INFO Noto Sans Mongolian already registered with pdfFont().
2025-10-12 23:54:44,788 INFO Noto Sans Mro already registered with pdfFont().
2025-10-12 23:54:44,788 INFO Noto Sans Multani already registered with pdfFont().
2025-10-12 23:54:44,788 INFO Noto Sans Nabataean already registered with pdfFont().
2025-10-12 23:54:44,788 INFO Noto Sans Newa already registered with pdfFont().
2025-10-12 23:54:44,788 INFO Noto Sans NewTaiLue already registered with pdfFont().
2025-10-12 23:54:44,788 INFO Noto Sans NKo already registered with pdfFont().
2025-10-12 23:54:44,788 INFO Noto Sans Ol Chiki already registered with pdfFont().
2025-10-12 23:54:44,788 INFO No regular (non-bold, non-italic) version of Noto Sans Old Italic. Skipping setup for this font.
2025-10-12 23:54:44,788 INFO Noto Sans Old Permic already registered with pdfFont().
2025-10-12 23:54:44,788 INFO Noto Sans Old Turkic already registered with pdfFont().
2025-10-12 23:54:44,788 INFO Noto Sans OldHung already registered with pdfFont().
2025-10-12 23:54:44,788 INFO Noto Sans OldNorArab already registered with pdfFont().
2025-10-12 23:54:44,788 INFO Noto Sans OldPersian already registered with pdfFont().
2025-10-12 23:54:44,788 INFO Noto Sans OldSouArab already registered with pdfFont().
2025-10-12 23:54:44,788 INFO Noto Sans Osage already registered with pdfFont().
2025-10-12 23:54:44,788 INFO Noto Sans Osmanya already registered with pdfFont().
2025-10-12 23:54:44,788 INFO Noto Sans Pahawh Hmong already registered with pdfFont().
2025-10-12 23:54:44,788 INFO Noto Sans Palmyrene already registered with pdfFont().
2025-10-12 23:54:44,788 INFO Noto Sans PauCinHau already registered with pdfFont().
2025-10-12 23:54:44,788 INFO Noto Sans PhagsPa already registered with pdfFont().
2025-10-12 23:54:44,788 INFO Noto Sans Phoenician already registered with pdfFont().
2025-10-12 23:54:44,788 INFO Noto Sans PsaPahlavi already registered with pdfFont().
2025-10-12 23:54:44,788 INFO Noto Sans Rejang already registered with pdfFont().
2025-10-12 23:54:44,788 INFO Noto Sans Samaritan already registered with pdfFont().
2025-10-12 23:54:44,788 INFO Noto Sans Saurashtra already registered with pdfFont().
2025-10-12 23:54:44,788 INFO Noto Sans Sharada already registered with pdfFont().
2025-10-12 23:54:44,788 INFO Noto Sans SoraSomp already registered with pdfFont().
2025-10-12 23:54:44,788 INFO Noto Sans Sundanese already registered with pdfFont().
2025-10-12 23:54:44,788 INFO Noto Sans Syloti Nagri already registered with pdfFont().
2025-10-12 23:54:44,788 INFO Noto Sans Syriac already registered with pdfFont().
2025-10-12 23:54:44,788 INFO Noto Sans Tagalog already registered with pdfFont().
2025-10-12 23:54:44,788 INFO Noto Sans Tagbanwa already registered with pdfFont().
2025-10-12 23:54:44,788 INFO Noto Sans Tai Le already registered with pdfFont().
2025-10-12 23:54:44,788 INFO Noto Sans Tai Tham already registered with pdfFont().
2025-10-12 23:54:44,788 INFO Noto Sans Tai Viet already registered with pdfFont().
2025-10-12 23:54:44,788 INFO Noto Sans Takri already registered with pdfFont().
2025-10-12 23:54:44,788 INFO Noto Sans Thaana already registered with pdfFont().
2025-10-12 23:54:44,788 INFO Noto Sans Tirhuta already registered with pdfFont().
2025-10-12 23:54:44,788 INFO Noto Sans Ugaritic already registered with pdfFont().
2025-10-12 23:54:44,788 INFO Noto Sans Vai already registered with pdfFont().
2025-10-12 23:54:44,788 INFO Noto Sans Wancho already registered with pdfFont().
2025-10-12 23:54:44,788 INFO Noto Sans WarangCiti already registered with pdfFont().
2025-10-12 23:54:44,788 INFO Noto Sans Yi already registered with pdfFont().
2025-10-12 23:54:44,788 INFO Noto Serif Ahom already registered with pdfFont().
2025-10-12 23:54:44,788 INFO Noto Serif Balinese already registered with pdfFont().
2025-10-12 23:54:44,788 INFO Noto Serif Hmong Nyiakeng already registered with pdfFont().
2025-10-12 23:54:44,788 INFO Party LET already registered with pdfFont().
2025-10-12 23:54:44,788 INFO STIX Two Text already registered with pdfFont().
2025-10-12 23:54:44,789 INFO System Font already registered with pdfFont().
2025-10-12 23:54:44,789 INFO Tahoma already registered with pdfFont().
2025-10-12 23:54:44,789 INFO Times New Roman already registered with pdfFont().
2025-10-12 23:54:44,789 INFO Trattatello already registered with pdfFont().
2025-10-12 23:54:44,789 INFO Trebuchet MS already registered with pdfFont().
2025-10-12 23:54:44,789 INFO Verdana already registered with pdfFont().
2025-10-12 23:54:44,789 INFO Webdings already registered with pdfFont().
2025-10-12 23:54:44,789 INFO Wingdings already registered with pdfFont().
2025-10-12 23:54:44,789 INFO Wingdings 2 already registered with pdfFont().
2025-10-12 23:54:44,789 INFO Wingdings 3 already registered with pdfFont().
2025-10-12 23:54:44,793 INFO .Keyboard already registered with postscriptFont().
2025-10-12 23:54:44,793 INFO .New York already registered with postscriptFont().
2025-10-12 23:54:44,793 INFO .SF Arabic already registered with postscriptFont().
2025-10-12 23:54:44,793 INFO .SF Arabic Rounded already registered with postscriptFont().
2025-10-12 23:54:44,793 INFO .SF Armenian already registered with postscriptFont().
2025-10-12 23:54:44,793 INFO .SF Armenian Rounded already registered with postscriptFont().
2025-10-12 23:54:44,793 INFO .SF Camera already registered with postscriptFont().
2025-10-12 23:54:44,793 INFO .SF Compact already registered with postscriptFont().
2025-10-12 23:54:44,794 INFO .SF Compact Rounded already registered with postscriptFont().
2025-10-12 23:54:44,794 INFO .SF Georgian already registered with postscriptFont().
2025-10-12 23:54:44,794 INFO .SF Georgian Rounded already registered with postscriptFont().
2025-10-12 23:54:44,794 INFO .SF Hebrew already registered with postscriptFont().
2025-10-12 23:54:44,794 INFO .SF Hebrew Rounded already registered with postscriptFont().
2025-10-12 23:54:44,794 INFO .SF NS Mono already registered with postscriptFont().
2025-10-12 23:54:44,794 INFO .SF NS Rounded already registered with postscriptFont().
2025-10-12 23:54:44,794 INFO Academy Engraved LET already registered with postscriptFont().
2025-10-12 23:54:44,794 INFO Andale Mono already registered with postscriptFont().
2025-10-12 23:54:44,794 INFO More than one version of regular/bold/italic found for Apple Braille. Skipping setup for this font.
2025-10-12 23:54:44,794 INFO AppleMyungjo already registered with postscriptFont().
2025-10-12 23:54:44,794 INFO Arial already registered with postscriptFont().
2025-10-12 23:54:44,794 INFO Arial Black already registered with postscriptFont().
2025-10-12 23:54:44,794 INFO Arial Narrow already registered with postscriptFont().
2025-10-12 23:54:44,794 INFO Arial Rounded MT Bold already registered with postscriptFont().
2025-10-12 23:54:44,794 INFO Arial Unicode MS already registered with postscriptFont().
2025-10-12 23:54:44,794 INFO Bodoni 72 Smallcaps already registered with postscriptFont().
2025-10-12 23:54:44,794 INFO Bodoni Ornaments already registered with postscriptFont().
2025-10-12 23:54:44,794 INFO No regular (non-bold, non-italic) version of Brush Script MT. Skipping setup for this font.
2025-10-12 23:54:44,794 INFO Comic Sans MS already registered with postscriptFont().
2025-10-12 23:54:44,794 INFO Courier New already registered with postscriptFont().
2025-10-12 23:54:44,794 INFO No regular (non-bold, non-italic) version of DIN Alternate. Skipping setup for this font.
2025-10-12 23:54:44,794 INFO No regular (non-bold, non-italic) version of DIN Condensed. Skipping setup for this font.
2025-10-12 23:54:44,794 INFO Georgia already registered with postscriptFont().
2025-10-12 23:54:44,794 INFO Impact already registered with postscriptFont().
2025-10-12 23:54:44,794 INFO Khmer Sangam MN already registered with postscriptFont().
2025-10-12 23:54:44,794 INFO Lao Sangam MN already registered with postscriptFont().
2025-10-12 23:54:44,794 INFO Luminari already registered with postscriptFont().
2025-10-12 23:54:44,794 INFO Microsoft Sans Serif already registered with postscriptFont().
2025-10-12 23:54:44,794 INFO Noto Sans Adlam already registered with postscriptFont().
2025-10-12 23:54:44,794 INFO Noto Sans Avestan already registered with postscriptFont().
2025-10-12 23:54:44,794 INFO Noto Sans Bamum already registered with postscriptFont().
2025-10-12 23:54:44,794 INFO Noto Sans Bassa Vah already registered with postscriptFont().
2025-10-12 23:54:44,794 INFO Noto Sans Batak already registered with postscriptFont().
2025-10-12 23:54:44,795 INFO Noto Sans Bhaiksuki already registered with postscriptFont().
2025-10-12 23:54:44,795 INFO Noto Sans Brahmi already registered with postscriptFont().
2025-10-12 23:54:44,795 INFO Noto Sans Buginese already registered with postscriptFont().
2025-10-12 23:54:44,795 INFO Noto Sans Buhid already registered with postscriptFont().
2025-10-12 23:54:44,795 INFO Noto Sans Carian already registered with postscriptFont().
2025-10-12 23:54:44,795 INFO Noto Sans CaucAlban already registered with postscriptFont().
2025-10-12 23:54:44,795 INFO Noto Sans Chakma already registered with postscriptFont().
2025-10-12 23:54:44,795 INFO Noto Sans Cham already registered with postscriptFont().
2025-10-12 23:54:44,795 INFO Noto Sans Coptic already registered with postscriptFont().
2025-10-12 23:54:44,795 INFO Noto Sans Cuneiform already registered with postscriptFont().
2025-10-12 23:54:44,795 INFO Noto Sans Cypriot already registered with postscriptFont().
2025-10-12 23:54:44,795 INFO Noto Sans Duployan already registered with postscriptFont().
2025-10-12 23:54:44,795 INFO Noto Sans EgyptHiero already registered with postscriptFont().
2025-10-12 23:54:44,795 INFO Noto Sans Elbasan already registered with postscriptFont().
2025-10-12 23:54:44,795 INFO Noto Sans Glagolitic already registered with postscriptFont().
2025-10-12 23:54:44,795 INFO Noto Sans Gothic already registered with postscriptFont().
2025-10-12 23:54:44,795 INFO Noto Sans HanifiRohg already registered with postscriptFont().
2025-10-12 23:54:44,795 INFO Noto Sans Hanunoo already registered with postscriptFont().
2025-10-12 23:54:44,795 INFO Noto Sans Hatran already registered with postscriptFont().
2025-10-12 23:54:44,795 INFO Noto Sans ImpAramaic already registered with postscriptFont().
2025-10-12 23:54:44,795 INFO Noto Sans InsPahlavi already registered with postscriptFont().
2025-10-12 23:54:44,795 INFO Noto Sans InsParthi already registered with postscriptFont().
2025-10-12 23:54:44,795 INFO Noto Sans Kaithi already registered with postscriptFont().
2025-10-12 23:54:44,795 INFO Noto Sans Kayah Li already registered with postscriptFont().
2025-10-12 23:54:44,795 INFO Noto Sans Kharoshthi already registered with postscriptFont().
2025-10-12 23:54:44,795 INFO Noto Sans Khojki already registered with postscriptFont().
2025-10-12 23:54:44,795 INFO Noto Sans Khudawadi already registered with postscriptFont().
2025-10-12 23:54:44,795 INFO Noto Sans Lepcha already registered with postscriptFont().
2025-10-12 23:54:44,795 INFO Noto Sans Limbu already registered with postscriptFont().
2025-10-12 23:54:44,795 INFO Noto Sans Linear A already registered with postscriptFont().
2025-10-12 23:54:44,795 INFO Noto Sans Linear B already registered with postscriptFont().
2025-10-12 23:54:44,795 INFO Noto Sans Lisu already registered with postscriptFont().
2025-10-12 23:54:44,795 INFO Noto Sans Lycian already registered with postscriptFont().
2025-10-12 23:54:44,795 INFO Noto Sans Lydian already registered with postscriptFont().
2025-10-12 23:54:44,795 INFO Noto Sans Mahajani already registered with postscriptFont().
2025-10-12 23:54:44,795 INFO Noto Sans Mandaic already registered with postscriptFont().
2025-10-12 23:54:44,795 INFO Noto Sans Manichaean already registered with postscriptFont().
2025-10-12 23:54:44,795 INFO Noto Sans Marchen already registered with postscriptFont().
2025-10-12 23:54:44,795 INFO Noto Sans MeeteiMayek already registered with postscriptFont().
2025-10-12 23:54:44,795 INFO Noto Sans Mende Kikakui already registered with postscriptFont().
2025-10-12 23:54:44,795 INFO Noto Sans Meroitic already registered with postscriptFont().
2025-10-12 23:54:44,795 INFO Noto Sans Miao already registered with postscriptFont().
2025-10-12 23:54:44,796 INFO Noto Sans Modi already registered with postscriptFont().
2025-10-12 23:54:44,796 INFO Noto Sans Mongolian already registered with postscriptFont().
2025-10-12 23:54:44,796 INFO Noto Sans Mro already registered with postscriptFont().
2025-10-12 23:54:44,796 INFO Noto Sans Multani already registered with postscriptFont().
2025-10-12 23:54:44,796 INFO Noto Sans Nabataean already registered with postscriptFont().
2025-10-12 23:54:44,796 INFO Noto Sans Newa already registered with postscriptFont().
2025-10-12 23:54:44,796 INFO Noto Sans NewTaiLue already registered with postscriptFont().
2025-10-12 23:54:44,796 INFO Noto Sans NKo already registered with postscriptFont().
2025-10-12 23:54:44,796 INFO Noto Sans Ol Chiki already registered with postscriptFont().
2025-10-12 23:54:44,796 INFO No regular (non-bold, non-italic) version of Noto Sans Old Italic. Skipping setup for this font.
2025-10-12 23:54:44,796 INFO Noto Sans Old Permic already registered with postscriptFont().
2025-10-12 23:54:44,796 INFO Noto Sans Old Turkic already registered with postscriptFont().
2025-10-12 23:54:44,796 INFO Noto Sans OldHung already registered with postscriptFont().
2025-10-12 23:54:44,796 INFO Noto Sans OldNorArab already registered with postscriptFont().
2025-10-12 23:54:44,796 INFO Noto Sans OldPersian already registered with postscriptFont().
2025-10-12 23:54:44,796 INFO Noto Sans OldSouArab already registered with postscriptFont().
2025-10-12 23:54:44,796 INFO Noto Sans Osage already registered with postscriptFont().
2025-10-12 23:54:44,796 INFO Noto Sans Osmanya already registered with postscriptFont().
2025-10-12 23:54:44,796 INFO Noto Sans Pahawh Hmong already registered with postscriptFont().
2025-10-12 23:54:44,796 INFO Noto Sans Palmyrene already registered with postscriptFont().
2025-10-12 23:54:44,796 INFO Noto Sans PauCinHau already registered with postscriptFont().
2025-10-12 23:54:44,796 INFO Noto Sans PhagsPa already registered with postscriptFont().
2025-10-12 23:54:44,796 INFO Noto Sans Phoenician already registered with postscriptFont().
2025-10-12 23:54:44,796 INFO Noto Sans PsaPahlavi already registered with postscriptFont().
2025-10-12 23:54:44,796 INFO Noto Sans Rejang already registered with postscriptFont().
2025-10-12 23:54:44,796 INFO Noto Sans Samaritan already registered with postscriptFont().
2025-10-12 23:54:44,796 INFO Noto Sans Saurashtra already registered with postscriptFont().
2025-10-12 23:54:44,796 INFO Noto Sans Sharada already registered with postscriptFont().
2025-10-12 23:54:44,796 INFO Noto Sans SoraSomp already registered with postscriptFont().
2025-10-12 23:54:44,796 INFO Noto Sans Sundanese already registered with postscriptFont().
2025-10-12 23:54:44,796 INFO Noto Sans Syloti Nagri already registered with postscriptFont().
2025-10-12 23:54:44,796 INFO Noto Sans Syriac already registered with postscriptFont().
2025-10-12 23:54:44,796 INFO Noto Sans Tagalog already registered with postscriptFont().
2025-10-12 23:54:44,796 INFO Noto Sans Tagbanwa already registered with postscriptFont().
2025-10-12 23:54:44,796 INFO Noto Sans Tai Le already registered with postscriptFont().
2025-10-12 23:54:44,796 INFO Noto Sans Tai Tham already registered with postscriptFont().
2025-10-12 23:54:44,796 INFO Noto Sans Tai Viet already registered with postscriptFont().
2025-10-12 23:54:44,796 INFO Noto Sans Takri already registered with postscriptFont().
2025-10-12 23:54:44,796 INFO Noto Sans Thaana already registered with postscriptFont().
2025-10-12 23:54:44,796 INFO Noto Sans Tirhuta already registered with postscriptFont().
2025-10-12 23:54:44,796 INFO Noto Sans Ugaritic already registered with postscriptFont().
2025-10-12 23:54:44,796 INFO Noto Sans Vai already registered with postscriptFont().
2025-10-12 23:54:44,797 INFO Noto Sans Wancho already registered with postscriptFont().
2025-10-12 23:54:44,797 INFO Noto Sans WarangCiti already registered with postscriptFont().
2025-10-12 23:54:44,797 INFO Noto Sans Yi already registered with postscriptFont().
2025-10-12 23:54:44,797 INFO Noto Serif Ahom already registered with postscriptFont().
2025-10-12 23:54:44,797 INFO Noto Serif Balinese already registered with postscriptFont().
2025-10-12 23:54:44,797 INFO Noto Serif Hmong Nyiakeng already registered with postscriptFont().
2025-10-12 23:54:44,797 INFO Party LET already registered with postscriptFont().
2025-10-12 23:54:44,797 INFO STIX Two Text already registered with postscriptFont().
2025-10-12 23:54:44,797 INFO System Font already registered with postscriptFont().
2025-10-12 23:54:44,797 INFO Tahoma already registered with postscriptFont().
2025-10-12 23:54:44,797 INFO Times New Roman already registered with postscriptFont().
2025-10-12 23:54:44,797 INFO Trattatello already registered with postscriptFont().
2025-10-12 23:54:44,797 INFO Trebuchet MS already registered with postscriptFont().
2025-10-12 23:54:44,797 INFO Verdana already registered with postscriptFont().
2025-10-12 23:54:44,797 INFO Webdings already registered with postscriptFont().
2025-10-12 23:54:44,797 INFO Wingdings already registered with postscriptFont().
2025-10-12 23:54:44,797 INFO Wingdings 2 already registered with postscriptFont().
2025-10-12 23:54:44,797 INFO Wingdings 3 already registered with postscriptFont().
2025-10-12 23:54:47,230 INFO Error in `left_join()`:
2025-10-12 23:54:47,231 INFO ! Join columns in `y` must be present in the data.
2025-10-12 23:54:47,231 INFO ✖ Problem with `playerId`.
2025-10-12 23:54:47,231 INFO Backtrace:
2025-10-12 23:54:47,231 INFO      ▆
2025-10-12 23:54:47,231 INFO   1. ├─base::source("raw_data_cleaning.R")
2025-10-12 23:54:47,231 INFO   2. │ ├─base::withVisible(eval(ei, envir))
2025-10-12 23:54:47,231 INFO   3. │ └─base::eval(ei, envir)
2025-10-12 23:54:47,231 INFO   4. │   └─base::eval(ei, envir)
2025-10-12 23:54:47,231 INFO   5. ├─dplyr::summarize(...)
2025-10-12 23:54:47,231 INFO   6. ├─dplyr::group_by(...)
2025-10-12 23:54:47,231 INFO   7. ├─dplyr::filter(...)
2025-10-12 23:54:47,231 INFO   8. ├─dplyr::filter(...)
2025-10-12 23:54:47,231 INFO   9. ├─base::unique(...)
2025-10-12 23:54:47,231 INFO  10. ├─dplyr::select(...)
2025-10-12 23:54:47,231 INFO  11. ├─dplyr::ungroup(...)
2025-10-12 23:54:47,231 INFO  12. ├─dplyr::mutate(...)
2025-10-12 23:54:47,231 INFO  13. ├─dplyr::group_by(...)
2025-10-12 23:54:47,231 INFO  14. ├─dplyr::filter(...)
2025-10-12 23:54:47,231 INFO  15. ├─dplyr::mutate(...)
2025-10-12 23:54:47,231 INFO  16. ├─dplyr::filter(...)
2025-10-12 23:54:47,231 INFO  17. ├─dplyr::left_join(...)
2025-10-12 23:54:47,231 INFO  18. └─dplyr:::left_join.data.frame(...)
2025-10-12 23:54:47,231 INFO  19.   └─dplyr:::join_mutate(...)
2025-10-12 23:54:47,231 INFO  20.     └─dplyr:::join_cols(...)
2025-10-12 23:54:47,231 INFO  21.       └─dplyr:::check_join_vars(by$y, y_names, by$condition, "y", error_call = error_call)
2025-10-12 23:54:47,231 INFO  22.         └─rlang::abort(bullets, call = error_call)
2025-10-12 23:54:47,233 INFO There were 11 warnings (use warnings() to see them)
2025-10-12 23:54:47,233 INFO Execution halted
2025-10-12 23:54:47,260 ERROR Error during group_advantage.raw_data_cleaning after 48.243 sec
Traceback (most recent call last):
  File "/Users/xehu/Desktop/task-mapping/analysis/run_master.py", line 414, in time_callable
    res = func()
  File "/Users/xehu/Desktop/task-mapping/analysis/run_master.py", line 552, in <lambda>
    results.append(time_callable('group_advantage.raw_data_cleaning', lambda: run_r_script(r_script_clean)))
                                                                              ~~~~~~~~~~~~^^^^^^^^^^^^^^^^
  File "/Users/xehu/Desktop/task-mapping/analysis/run_master.py", line 355, in run_r_script
    raise RuntimeError(f'R script failed (exit {rc}): {r_path}')
RuntimeError: R script failed (exit 1): /Users/xehu/Desktop/task-mapping/analysis/analysis_group_advantage/raw_data_cleaning.R
