2025-10-13 00:03:20,347 INFO Starting analysis master script
2025-10-13 00:03:20,348 INFO Running group_advantage pipeline
2025-10-13 00:03:20,348 INFO Timing: group_advantage.raw_data_cleaning
2025-10-13 00:03:20,348 INFO Running R script /Users/xehu/Desktop/task-mapping/analysis/analysis_group_advantage/raw_data_cleaning.R
2025-10-13 00:03:20,348 INFO Running command: /usr/local/bin/Rscript -e set.seed(as.integer(Sys.getenv('ANALYSIS_SEED', '19104'))); source('raw_data_cleaning.R') (cwd=/Users/xehu/Desktop/task-mapping/analysis/analysis_group_advantage)
2025-10-13 00:03:20,446 INFO 
2025-10-13 00:03:20,446 INFO Attaching package: ‘pls’
2025-10-13 00:03:20,446 INFO 
2025-10-13 00:03:20,446 INFO The following object is masked from ‘package:stats’:
2025-10-13 00:03:20,446 INFO 
2025-10-13 00:03:20,446 INFO     loadings
2025-10-13 00:03:20,446 INFO 
2025-10-13 00:03:20,450 INFO randomForest 4.7-1.2
2025-10-13 00:03:20,450 INFO Type rfNews() to see new features/changes/bug fixes.
2025-10-13 00:03:20,873 INFO Loading required package: ggplot2
2025-10-13 00:03:21,102 INFO 
2025-10-13 00:03:21,102 INFO Attaching package: ‘ggplot2’
2025-10-13 00:03:21,102 INFO 
2025-10-13 00:03:21,103 INFO The following object is masked from ‘package:randomForest’:
2025-10-13 00:03:21,103 INFO 
2025-10-13 00:03:21,103 INFO     margin
2025-10-13 00:03:21,103 INFO 
2025-10-13 00:03:21,103 INFO Loading required package: lattice
2025-10-13 00:03:21,429 INFO 
2025-10-13 00:03:21,429 INFO Attaching package: ‘caret’
2025-10-13 00:03:21,429 INFO 
2025-10-13 00:03:21,429 INFO The following object is masked from ‘package:pls’:
2025-10-13 00:03:21,429 INFO 
2025-10-13 00:03:21,429 INFO     R2
2025-10-13 00:03:21,429 INFO 
2025-10-13 00:03:21,430 INFO Loading required package: foreach
2025-10-13 00:03:21,433 INFO Loading required package: iterators
2025-10-13 00:03:21,435 INFO Loading required package: parallel
2025-10-13 00:03:21,529 INFO Registering fonts with R
2025-10-13 00:03:21,604 INFO 
2025-10-13 00:03:21,604 INFO Please cite as:
2025-10-13 00:03:21,605 INFO 
2025-10-13 00:03:21,605 INFO  Hlavac, Marek (2022). stargazer: Well-Formatted Regression and Summary Statistics Tables.
2025-10-13 00:03:21,605 INFO  R package version 5.2.3. https://CRAN.R-project.org/package=stargazer
2025-10-13 00:03:21,605 INFO 
2025-10-13 00:03:21,671 INFO ── Attaching core tidyverse packages ──────────────────────── tidyverse 2.0.0 ──
2025-10-13 00:03:21,672 INFO ✔ dplyr     1.1.4     ✔ readr     2.1.5
2025-10-13 00:03:21,672 INFO ✔ forcats   1.0.1     ✔ stringr   1.5.2
2025-10-13 00:03:21,672 INFO ✔ lubridate 1.9.4     ✔ tibble    3.3.0
2025-10-13 00:03:21,672 INFO ✔ purrr     1.1.0     ✔ tidyr     1.3.1
2025-10-13 00:03:21,727 INFO ── Conflicts ────────────────────────────────────────── tidyverse_conflicts() ──
2025-10-13 00:03:21,727 INFO ✖ purrr::accumulate() masks foreach::accumulate()
2025-10-13 00:03:21,727 INFO ✖ dplyr::combine()    masks randomForest::combine()
2025-10-13 00:03:21,727 INFO ✖ dplyr::filter()     masks stats::filter()
2025-10-13 00:03:21,727 INFO ✖ purrr::flatten()    masks jsonlite::flatten()
2025-10-13 00:03:21,727 INFO ✖ dplyr::lag()        masks stats::lag()
2025-10-13 00:03:21,727 INFO ✖ purrr::lift()       masks caret::lift()
2025-10-13 00:03:21,727 INFO ✖ ggplot2::margin()   masks randomForest::margin()
2025-10-13 00:03:21,727 INFO ✖ dplyr::slice()      masks xgboost::slice()
2025-10-13 00:03:21,727 INFO ✖ purrr::when()       masks foreach::when()
2025-10-13 00:03:21,727 INFO ℹ Use the conflicted package (<http://conflicted.r-lib.org/>) to force all conflicts to become errors
2025-10-13 00:03:21,747 INFO Scanning ttf files in /Library/Fonts/, /System/Library/Fonts, /System/Library/Fonts/Supplemental, ~/Library/Fonts/ ...
2025-10-13 00:03:21,765 INFO Extracting .afm files from .ttf files...
2025-10-13 00:03:24,443 INFO /System/Library/Fonts/Supplemental/Arial Unicode.ttf : ArialUnicodeMS already registered in fonts database. Skipping.
2025-10-13 00:03:24,550 INFO /System/Library/Fonts/Apple Braille Outline 6 Dot.ttf : AppleBraille-Outline6Dot already registered in fonts database. Skipping.
2025-10-13 00:03:24,636 INFO /System/Library/Fonts/Apple Braille Outline 8 Dot.ttf : AppleBraille-Outline8Dot already registered in fonts database. Skipping.
2025-10-13 00:03:24,692 INFO /System/Library/Fonts/Apple Braille Pinpoint 6 Dot.ttf : AppleBraille-Pinpoint6Dot already registered in fonts database. Skipping.
2025-10-13 00:03:24,750 INFO /System/Library/Fonts/Apple Braille Pinpoint 8 Dot.ttf : AppleBraille-Pinpoint8Dot already registered in fonts database. Skipping.
2025-10-13 00:03:24,785 INFO /System/Library/Fonts/Apple Braille.ttf : AppleBraille already registered in fonts database. Skipping.
2025-10-13 00:03:24,809 INFO /System/Library/Fonts/Apple Symbols.ttf : No FontName. Skipping.
2025-10-13 00:03:24,828 INFO /System/Library/Fonts/Geneva.ttf : No FontName. Skipping.
2025-10-13 00:03:24,842 INFO /System/Library/Fonts/Keyboard.ttf : -Keyboard already registered in fonts database. Skipping.
2025-10-13 00:03:24,893 INFO /System/Library/Fonts/Monaco.ttf : No FontName. Skipping.
2025-10-13 00:03:24,984 INFO /System/Library/Fonts/NewYork.ttf : -NewYork-Regular already registered in fonts database. Skipping.
2025-10-13 00:03:25,062 INFO /System/Library/Fonts/NewYorkItalic.ttf : -NewYork-RegularItalic already registered in fonts database. Skipping.
2025-10-13 00:03:25,147 INFO /System/Library/Fonts/SFArabic.ttf : -SFArabic-Regular already registered in fonts database. Skipping.
2025-10-13 00:03:25,257 INFO /System/Library/Fonts/SFArabicRounded.ttf : -SFArabicRounded-Regular already registered in fonts database. Skipping.
2025-10-13 00:03:25,273 INFO /System/Library/Fonts/SFArmenian.ttf : -SFArmenian-Regular already registered in fonts database. Skipping.
2025-10-13 00:03:25,289 INFO /System/Library/Fonts/SFArmenianRounded.ttf : -SFArmenianRounded-Regular already registered in fonts database. Skipping.
2025-10-13 00:03:25,305 INFO /System/Library/Fonts/SFCamera.ttf : --SFCamera-Regular already registered in fonts database. Skipping.
2025-10-13 00:03:25,410 INFO /System/Library/Fonts/SFCompact.ttf : -SFCompact-Black already registered in fonts database. Skipping.
2025-10-13 00:03:25,495 INFO /System/Library/Fonts/SFCompactItalic.ttf : -SFCompact-BlackItalic already registered in fonts database. Skipping.
2025-10-13 00:03:25,603 INFO /System/Library/Fonts/SFCompactRounded.ttf : --SFCompactRounded-Regular already registered in fonts database. Skipping.
2025-10-13 00:03:25,619 INFO /System/Library/Fonts/SFGeorgian.ttf : -SFGeorgian-Regular already registered in fonts database. Skipping.
2025-10-13 00:03:25,635 INFO /System/Library/Fonts/SFGeorgianRounded.ttf : -SFGeorgianRounded-Regular already registered in fonts database. Skipping.
2025-10-13 00:03:25,645 INFO /System/Library/Fonts/SFHebrew.ttf : -SFHebrew-Regular already registered in fonts database. Skipping.
2025-10-13 00:03:25,656 INFO /System/Library/Fonts/SFHebrewRounded.ttf : -SFHebrewRounded-Regular already registered in fonts database. Skipping.
2025-10-13 00:03:25,780 INFO /System/Library/Fonts/SFNS.ttf : -SFNS-Regular already registered in fonts database. Skipping.
2025-10-13 00:03:25,865 INFO /System/Library/Fonts/SFNSItalic.ttf : -SFNS-RegularItalic already registered in fonts database. Skipping.
2025-10-13 00:03:25,919 INFO /System/Library/Fonts/SFNSMono.ttf : -SFNSMono-Light already registered in fonts database. Skipping.
2025-10-13 00:03:25,967 INFO /System/Library/Fonts/SFNSMonoItalic.ttf : -SFNSMono-LightItalic already registered in fonts database. Skipping.
2025-10-13 00:03:26,066 INFO /System/Library/Fonts/SFNSRounded.ttf : -SFNSRounded-Regular already registered in fonts database. Skipping.
2025-10-13 00:03:26,125 INFO /System/Library/Fonts/Supplemental/Academy Engraved LET Fonts.ttf : AcademyEngravedLetPlain already registered in fonts database. Skipping.
2025-10-13 00:03:26,184 INFO /System/Library/Fonts/Supplemental/Academy Engraved LET Fonts.ttf : AcademyEngravedLetPlain already registered in fonts database. Skipping.
2025-10-13 00:03:26,200 INFO /System/Library/Fonts/Supplemental/Andale Mono.ttf : AndaleMono already registered in fonts database. Skipping.
2025-10-13 00:03:26,217 INFO /System/Library/Fonts/Supplemental/Andale Mono.ttf : AndaleMono already registered in fonts database. Skipping.
2025-10-13 00:03:26,260 INFO /System/Library/Fonts/Supplemental/Apple Chancery.ttf : No FontName. Skipping.
2025-10-13 00:03:26,305 INFO /System/Library/Fonts/Supplemental/Apple Chancery.ttf : No FontName. Skipping.
2025-10-13 00:03:29,796 INFO /System/Library/Fonts/Supplemental/AppleGothic.ttf : No FontName. Skipping.
2025-10-13 00:03:34,247 INFO /System/Library/Fonts/Supplemental/AppleGothic.ttf : No FontName. Skipping.
2025-10-13 00:03:38,580 INFO /System/Library/Fonts/Supplemental/AppleMyungjo.ttf : AppleMyungjo already registered in fonts database. Skipping.
2025-10-13 00:03:42,926 INFO /System/Library/Fonts/Supplemental/AppleMyungjo.ttf : AppleMyungjo already registered in fonts database. Skipping.
2025-10-13 00:03:42,950 INFO /System/Library/Fonts/Supplemental/Arial Black.ttf : Arial-Black already registered in fonts database. Skipping.
2025-10-13 00:03:42,971 INFO /System/Library/Fonts/Supplemental/Arial Black.ttf : Arial-Black already registered in fonts database. Skipping.
2025-10-13 00:03:43,042 INFO /System/Library/Fonts/Supplemental/Arial Bold Italic.ttf : Arial-BoldItalicMT already registered in fonts database. Skipping.
2025-10-13 00:03:43,113 INFO /System/Library/Fonts/Supplemental/Arial Bold Italic.ttf : Arial-BoldItalicMT already registered in fonts database. Skipping.
2025-10-13 00:03:43,264 INFO /System/Library/Fonts/Supplemental/Arial Bold.ttf : Arial-BoldMT already registered in fonts database. Skipping.
2025-10-13 00:03:43,379 INFO /System/Library/Fonts/Supplemental/Arial Bold.ttf : Arial-BoldMT already registered in fonts database. Skipping.
2025-10-13 00:03:43,460 INFO /System/Library/Fonts/Supplemental/Arial Italic.ttf : Arial-ItalicMT already registered in fonts database. Skipping.
2025-10-13 00:03:43,540 INFO /System/Library/Fonts/Supplemental/Arial Italic.ttf : Arial-ItalicMT already registered in fonts database. Skipping.
2025-10-13 00:03:43,560 INFO /System/Library/Fonts/Supplemental/Arial Narrow Bold Italic.ttf : ArialNarrow-BoldItalic already registered in fonts database. Skipping.
2025-10-13 00:03:43,581 INFO /System/Library/Fonts/Supplemental/Arial Narrow Bold Italic.ttf : ArialNarrow-BoldItalic already registered in fonts database. Skipping.
2025-10-13 00:03:43,604 INFO /System/Library/Fonts/Supplemental/Arial Narrow Bold.ttf : ArialNarrow-Bold already registered in fonts database. Skipping.
2025-10-13 00:03:43,625 INFO /System/Library/Fonts/Supplemental/Arial Narrow Bold.ttf : ArialNarrow-Bold already registered in fonts database. Skipping.
2025-10-13 00:03:43,647 INFO /System/Library/Fonts/Supplemental/Arial Narrow Italic.ttf : ArialNarrow-Italic already registered in fonts database. Skipping.
2025-10-13 00:03:43,668 INFO /System/Library/Fonts/Supplemental/Arial Narrow Italic.ttf : ArialNarrow-Italic already registered in fonts database. Skipping.
2025-10-13 00:03:43,688 INFO /System/Library/Fonts/Supplemental/Arial Narrow.ttf : ArialNarrow already registered in fonts database. Skipping.
2025-10-13 00:03:43,709 INFO /System/Library/Fonts/Supplemental/Arial Narrow.ttf : ArialNarrow already registered in fonts database. Skipping.
2025-10-13 00:03:43,727 INFO /System/Library/Fonts/Supplemental/Arial Rounded Bold.ttf : ArialRoundedMTBold already registered in fonts database. Skipping.
2025-10-13 00:03:43,745 INFO /System/Library/Fonts/Supplemental/Arial Rounded Bold.ttf : ArialRoundedMTBold already registered in fonts database. Skipping.
2025-10-13 00:03:46,468 INFO /System/Library/Fonts/Supplemental/Arial Unicode.ttf : ArialUnicodeMS already registered in fonts database. Skipping.
2025-10-13 00:03:49,208 INFO /System/Library/Fonts/Supplemental/Arial Unicode.ttf : ArialUnicodeMS already registered in fonts database. Skipping.
2025-10-13 00:03:49,329 INFO /System/Library/Fonts/Supplemental/Arial.ttf : ArialMT already registered in fonts database. Skipping.
2025-10-13 00:03:49,450 INFO /System/Library/Fonts/Supplemental/Arial.ttf : ArialMT already registered in fonts database. Skipping.
2025-10-13 00:03:49,490 INFO /System/Library/Fonts/Supplemental/Ayuthaya.ttf : No FontName. Skipping.
2025-10-13 00:03:49,528 INFO /System/Library/Fonts/Supplemental/Ayuthaya.ttf : No FontName. Skipping.
2025-10-13 00:03:49,679 INFO /System/Library/Fonts/Supplemental/BigCaslon.ttf : No FontName. Skipping.
2025-10-13 00:03:49,827 INFO /System/Library/Fonts/Supplemental/BigCaslon.ttf : No FontName. Skipping.
2025-10-13 00:03:49,850 INFO /System/Library/Fonts/Supplemental/Bodoni 72 Smallcaps Book.ttf : BodoniSvtyTwoSCITCTT-Book already registered in fonts database. Skipping.
2025-10-13 00:03:49,892 INFO /System/Library/Fonts/Supplemental/Bodoni 72 Smallcaps Book.ttf : BodoniSvtyTwoSCITCTT-Book already registered in fonts database. Skipping.
2025-10-13 00:03:49,926 INFO /System/Library/Fonts/Supplemental/Bodoni Ornaments.ttf : BodoniOrnamentsITCTT already registered in fonts database. Skipping.
2025-10-13 00:03:49,957 INFO /System/Library/Fonts/Supplemental/Bodoni Ornaments.ttf : BodoniOrnamentsITCTT already registered in fonts database. Skipping.
2025-10-13 00:03:50,241 INFO /System/Library/Fonts/Supplemental/Bradley Hand Bold.ttf : Bradley-Hand-Bold already registered in fonts database. Skipping.
2025-10-13 00:03:50,527 INFO /System/Library/Fonts/Supplemental/Bradley Hand Bold.ttf : Bradley-Hand-Bold already registered in fonts database. Skipping.
2025-10-13 00:03:50,701 INFO /System/Library/Fonts/Supplemental/Brush Script.ttf : BrushScriptMT already registered in fonts database. Skipping.
2025-10-13 00:03:50,871 INFO /System/Library/Fonts/Supplemental/Brush Script.ttf : BrushScriptMT already registered in fonts database. Skipping.
2025-10-13 00:03:50,890 INFO /System/Library/Fonts/Supplemental/Chalkduster.ttfsh: line 1: 19198 Abort trap: 6           '/Library/Frameworks/R.framework/Versions/4.5-arm64/Resources/library/Rttf2pt1/exec//ttf2pt1' -a -GfAe '/System/Library/Fonts/Supplemental/Chalkduster.ttf' '/var/folders/73/jl9lgbkj511fwjxkl9cvw7q00000gq/T//RtmprpRTxt/fonts/Chalkduster' 2>&1
2025-10-13 00:03:50,891 INFO  : No FontName. Skipping.
2025-10-13 00:03:50,910 INFO /System/Library/Fonts/Supplemental/Chalkduster.ttfsh: line 1: 19200 Abort trap: 6           '/Library/Frameworks/R.framework/Versions/4.5-arm64/Resources/library/Rttf2pt1/exec//ttf2pt1' -a -GfAe '/System/Library/Fonts/Supplemental/Chalkduster.ttf' '/var/folders/73/jl9lgbkj511fwjxkl9cvw7q00000gq/T//RtmprpRTxt/fonts/Chalkduster' 2>&1
2025-10-13 00:03:50,910 INFO  : No FontName. Skipping.
2025-10-13 00:03:50,971 INFO /System/Library/Fonts/Supplemental/Comic Sans MS Bold.ttf : ComicSansMS-Bold already registered in fonts database. Skipping.
2025-10-13 00:03:51,032 INFO /System/Library/Fonts/Supplemental/Comic Sans MS Bold.ttf : ComicSansMS-Bold already registered in fonts database. Skipping.
2025-10-13 00:03:51,083 INFO /System/Library/Fonts/Supplemental/Comic Sans MS.ttf : ComicSansMS already registered in fonts database. Skipping.
2025-10-13 00:03:51,133 INFO /System/Library/Fonts/Supplemental/Comic Sans MS.ttf : ComicSansMS already registered in fonts database. Skipping.
2025-10-13 00:03:51,241 INFO /System/Library/Fonts/Supplemental/Courier New Bold Italic.ttf : CourierNewPS-BoldItalicMT already registered in fonts database. Skipping.
2025-10-13 00:03:51,349 INFO /System/Library/Fonts/Supplemental/Courier New Bold Italic.ttf : CourierNewPS-BoldItalicMT already registered in fonts database. Skipping.
2025-10-13 00:03:51,574 INFO /System/Library/Fonts/Supplemental/Courier New Bold.ttf : CourierNewPS-BoldMT already registered in fonts database. Skipping.
2025-10-13 00:03:51,877 INFO /System/Library/Fonts/Supplemental/Courier New Bold.ttf : CourierNewPS-BoldMT already registered in fonts database. Skipping.
2025-10-13 00:03:52,100 INFO /System/Library/Fonts/Supplemental/Courier New Italic.ttf : CourierNewPS-ItalicMT already registered in fonts database. Skipping.
2025-10-13 00:03:52,326 INFO /System/Library/Fonts/Supplemental/Courier New Italic.ttf : CourierNewPS-ItalicMT already registered in fonts database. Skipping.
2025-10-13 00:03:52,592 INFO /System/Library/Fonts/Supplemental/Courier New.ttf : CourierNewPSMT already registered in fonts database. Skipping.
2025-10-13 00:03:52,859 INFO /System/Library/Fonts/Supplemental/Courier New.ttf : CourierNewPSMT already registered in fonts database. Skipping.
2025-10-13 00:03:52,991 INFO /System/Library/Fonts/Supplemental/DIN Alternate Bold.ttf : DINAlternate-Bold already registered in fonts database. Skipping.
2025-10-13 00:03:53,133 INFO /System/Library/Fonts/Supplemental/DIN Alternate Bold.ttf : DINAlternate-Bold already registered in fonts database. Skipping.
2025-10-13 00:03:53,293 INFO /System/Library/Fonts/Supplemental/DIN Condensed Bold.ttf : DINCondensed-Bold already registered in fonts database. Skipping.
2025-10-13 00:03:53,425 INFO /System/Library/Fonts/Supplemental/DIN Condensed Bold.ttf : DINCondensed-Bold already registered in fonts database. Skipping.
2025-10-13 00:03:53,595 INFO /System/Library/Fonts/Supplemental/Diwan Thuluth.ttf : No FontName. Skipping.
2025-10-13 00:03:53,763 INFO /System/Library/Fonts/Supplemental/Diwan Thuluth.ttf : No FontName. Skipping.
2025-10-13 00:03:53,888 INFO /System/Library/Fonts/Supplemental/Farisi.ttf : No FontName. Skipping.
2025-10-13 00:03:54,009 INFO /System/Library/Fonts/Supplemental/Farisi.ttf : No FontName. Skipping.
2025-10-13 00:03:54,108 INFO /System/Library/Fonts/Supplemental/Georgia Bold Italic.ttf : Georgia-BoldItalic already registered in fonts database. Skipping.
2025-10-13 00:03:54,197 INFO /System/Library/Fonts/Supplemental/Georgia Bold Italic.ttf : Georgia-BoldItalic already registered in fonts database. Skipping.
2025-10-13 00:03:54,288 INFO /System/Library/Fonts/Supplemental/Georgia Bold.ttf : Georgia-Bold already registered in fonts database. Skipping.
2025-10-13 00:03:54,410 INFO /System/Library/Fonts/Supplemental/Georgia Bold.ttf : Georgia-Bold already registered in fonts database. Skipping.
2025-10-13 00:03:54,500 INFO /System/Library/Fonts/Supplemental/Georgia Italic.ttf : Georgia-Italic already registered in fonts database. Skipping.
2025-10-13 00:03:54,585 INFO /System/Library/Fonts/Supplemental/Georgia Italic.ttf : Georgia-Italic already registered in fonts database. Skipping.
2025-10-13 00:03:54,679 INFO /System/Library/Fonts/Supplemental/Georgia.ttf : Georgia already registered in fonts database. Skipping.
2025-10-13 00:03:54,771 INFO /System/Library/Fonts/Supplemental/Georgia.ttf : Georgia already registered in fonts database. Skipping.
2025-10-13 00:03:54,781 INFO /System/Library/Fonts/Supplemental/Gurmukhi.ttf : No FontName. Skipping.
2025-10-13 00:03:54,790 INFO /System/Library/Fonts/Supplemental/Gurmukhi.ttf : No FontName. Skipping.
2025-10-13 00:03:54,857 INFO /System/Library/Fonts/Supplemental/Herculanum.ttf : No FontName. Skipping.
2025-10-13 00:03:54,923 INFO /System/Library/Fonts/Supplemental/Herculanum.ttf : No FontName. Skipping.
2025-10-13 00:03:54,934 INFO /System/Library/Fonts/Supplemental/Hoefler Text Ornaments.ttf : No FontName. Skipping.
2025-10-13 00:03:54,946 INFO /System/Library/Fonts/Supplemental/Hoefler Text Ornaments.ttf : No FontName. Skipping.
2025-10-13 00:03:54,981 INFO /System/Library/Fonts/Supplemental/Impact.ttf : Impact already registered in fonts database. Skipping.
2025-10-13 00:03:55,013 INFO /System/Library/Fonts/Supplemental/Impact.ttf : Impact already registered in fonts database. Skipping.
2025-10-13 00:03:55,085 INFO /System/Library/Fonts/Supplemental/Khmer Sangam MN.ttf : KhmerSangamMN already registered in fonts database. Skipping.
2025-10-13 00:03:55,157 INFO /System/Library/Fonts/Supplemental/Khmer Sangam MN.ttf : KhmerSangamMN already registered in fonts database. Skipping.
2025-10-13 00:03:55,199 INFO /System/Library/Fonts/Supplemental/Kokonor.ttfsh: line 1: 19280 Abort trap: 6           '/Library/Frameworks/R.framework/Versions/4.5-arm64/Resources/library/Rttf2pt1/exec//ttf2pt1' -a -GfAe '/System/Library/Fonts/Supplemental/Kokonor.ttf' '/var/folders/73/jl9lgbkj511fwjxkl9cvw7q00000gq/T//RtmprpRTxt/fonts/Kokonor' 2>&1
2025-10-13 00:03:55,200 INFO  : No FontName. Skipping.
2025-10-13 00:03:55,242 INFO /System/Library/Fonts/Supplemental/Kokonor.ttfsh: line 1: 19282 Abort trap: 6           '/Library/Frameworks/R.framework/Versions/4.5-arm64/Resources/library/Rttf2pt1/exec//ttf2pt1' -a -GfAe '/System/Library/Fonts/Supplemental/Kokonor.ttf' '/var/folders/73/jl9lgbkj511fwjxkl9cvw7q00000gq/T//RtmprpRTxt/fonts/Kokonor' 2>&1
2025-10-13 00:03:55,243 INFO  : No FontName. Skipping.
2025-10-13 00:03:55,264 INFO /System/Library/Fonts/Supplemental/Krungthep.ttf : No FontName. Skipping.
2025-10-13 00:03:55,285 INFO /System/Library/Fonts/Supplemental/Krungthep.ttf : No FontName. Skipping.
2025-10-13 00:03:55,315 INFO /System/Library/Fonts/Supplemental/Lao Sangam MN.ttf : LaoSangamMN already registered in fonts database. Skipping.
2025-10-13 00:03:55,346 INFO /System/Library/Fonts/Supplemental/Lao Sangam MN.ttf : LaoSangamMN already registered in fonts database. Skipping.
2025-10-13 00:03:55,655 INFO /System/Library/Fonts/Supplemental/Luminari.ttf : Luminari-Regular already registered in fonts database. Skipping.
2025-10-13 00:03:55,972 INFO /System/Library/Fonts/Supplemental/Luminari.ttf : Luminari-Regular already registered in fonts database. Skipping.
2025-10-13 00:03:56,043 INFO /System/Library/Fonts/Supplemental/Microsoft Sans Serif.ttf : MicrosoftSansSerif already registered in fonts database. Skipping.
2025-10-13 00:03:56,114 INFO /System/Library/Fonts/Supplemental/Microsoft Sans Serif.ttf : MicrosoftSansSerif already registered in fonts database. Skipping.
2025-10-13 00:03:56,293 INFO /System/Library/Fonts/Supplemental/Mishafi Gold.ttf : No FontName. Skipping.
2025-10-13 00:03:56,471 INFO /System/Library/Fonts/Supplemental/Mishafi Gold.ttf : No FontName. Skipping.
2025-10-13 00:03:56,883 INFO /System/Library/Fonts/Supplemental/Mishafi.ttf : No FontName. Skipping.
2025-10-13 00:03:57,292 INFO /System/Library/Fonts/Supplemental/Mishafi.ttf : No FontName. Skipping.
2025-10-13 00:03:57,298 INFO /System/Library/Fonts/Supplemental/NISC18030.ttf : No FontName. Skipping.
2025-10-13 00:03:57,304 INFO /System/Library/Fonts/Supplemental/NISC18030.ttf : No FontName. Skipping.
2025-10-13 00:03:57,326 INFO /System/Library/Fonts/Supplemental/NotoSansAdlam-Regular.ttf : NotoSansAdlam-Regular already registered in fonts database. Skipping.
2025-10-13 00:03:57,347 INFO /System/Library/Fonts/Supplemental/NotoSansAdlam-Regular.ttf : NotoSansAdlam-Regular already registered in fonts database. Skipping.
2025-10-13 00:03:57,356 INFO /System/Library/Fonts/Supplemental/NotoSansAvestan-Regular.ttf : NotoSansAvestan-Regular already registered in fonts database. Skipping.
2025-10-13 00:03:57,365 INFO /System/Library/Fonts/Supplemental/NotoSansAvestan-Regular.ttf : NotoSansAvestan-Regular already registered in fonts database. Skipping.
2025-10-13 00:03:57,416 INFO /System/Library/Fonts/Supplemental/NotoSansBamum-Regular.ttf : NotoSansBamum-Regular already registered in fonts database. Skipping.
2025-10-13 00:03:57,468 INFO /System/Library/Fonts/Supplemental/NotoSansBamum-Regular.ttf : NotoSansBamum-Regular already registered in fonts database. Skipping.
2025-10-13 00:03:57,562 INFO /System/Library/Fonts/Supplemental/NotoSansBassaVah-Regular.ttf : NotoSansBassaVah-Regular already registered in fonts database. Skipping.
2025-10-13 00:03:57,570 INFO /System/Library/Fonts/Supplemental/NotoSansBassaVah-Regular.ttf : NotoSansBassaVah-Regular already registered in fonts database. Skipping.
2025-10-13 00:03:57,586 INFO /System/Library/Fonts/Supplemental/NotoSansBatak-Regular.ttf : NotoSansBatak-Regular already registered in fonts database. Skipping.
2025-10-13 00:03:57,601 INFO /System/Library/Fonts/Supplemental/NotoSansBatak-Regular.ttf : NotoSansBatak-Regular already registered in fonts database. Skipping.
2025-10-13 00:03:57,716 INFO /System/Library/Fonts/Supplemental/NotoSansBhaiksuki-Regular.ttf : NotoSansBhaiksuki-Regular already registered in fonts database. Skipping.
2025-10-13 00:03:57,835 INFO /System/Library/Fonts/Supplemental/NotoSansBhaiksuki-Regular.ttf : NotoSansBhaiksuki-Regular already registered in fonts database. Skipping.
2025-10-13 00:03:57,849 INFO /System/Library/Fonts/Supplemental/NotoSansBrahmi-Regular.ttf : NotoSansBrahmi-Regular already registered in fonts database. Skipping.
2025-10-13 00:03:57,863 INFO /System/Library/Fonts/Supplemental/NotoSansBrahmi-Regular.ttf : NotoSansBrahmi-Regular already registered in fonts database. Skipping.
2025-10-13 00:03:57,870 INFO /System/Library/Fonts/Supplemental/NotoSansBuginese-Regular.ttf : NotoSansBuginese-Regular already registered in fonts database. Skipping.
2025-10-13 00:03:57,877 INFO /System/Library/Fonts/Supplemental/NotoSansBuginese-Regular.ttf : NotoSansBuginese-Regular already registered in fonts database. Skipping.
2025-10-13 00:03:57,884 INFO /System/Library/Fonts/Supplemental/NotoSansBuhid-Regular.ttf : NotoSansBuhid-Regular already registered in fonts database. Skipping.
2025-10-13 00:03:57,890 INFO /System/Library/Fonts/Supplemental/NotoSansBuhid-Regular.ttf : NotoSansBuhid-Regular already registered in fonts database. Skipping.
2025-10-13 00:03:57,898 INFO /System/Library/Fonts/Supplemental/NotoSansCarian-Regular.ttf : NotoSansCarian-Regular already registered in fonts database. Skipping.
2025-10-13 00:03:57,905 INFO /System/Library/Fonts/Supplemental/NotoSansCarian-Regular.ttf : NotoSansCarian-Regular already registered in fonts database. Skipping.
2025-10-13 00:03:57,916 INFO /System/Library/Fonts/Supplemental/NotoSansCaucasianAlbanian-Regular.ttf : NotoSansCaucasianAlbanian-Regular already registered in fonts database. Skipping.
2025-10-13 00:03:57,926 INFO /System/Library/Fonts/Supplemental/NotoSansCaucasianAlbanian-Regular.ttf : NotoSansCaucasianAlbanian-Regular already registered in fonts database. Skipping.
2025-10-13 00:03:57,943 INFO /System/Library/Fonts/Supplemental/NotoSansChakma-Regular.ttf : NotoSansChakma-Regular already registered in fonts database. Skipping.
2025-10-13 00:03:57,960 INFO /System/Library/Fonts/Supplemental/NotoSansChakma-Regular.ttf : NotoSansChakma-Regular already registered in fonts database. Skipping.
2025-10-13 00:03:57,973 INFO /System/Library/Fonts/Supplemental/NotoSansCham-Regular.ttf : NotoSansCham-Regular already registered in fonts database. Skipping.
2025-10-13 00:03:57,985 INFO /System/Library/Fonts/Supplemental/NotoSansCham-Regular.ttf : NotoSansCham-Regular already registered in fonts database. Skipping.
2025-10-13 00:03:57,997 INFO /System/Library/Fonts/Supplemental/NotoSansCoptic-Regular.ttf : NotoSansCoptic-Regular already registered in fonts database. Skipping.
2025-10-13 00:03:58,009 INFO /System/Library/Fonts/Supplemental/NotoSansCoptic-Regular.ttf : NotoSansCoptic-Regular already registered in fonts database. Skipping.
2025-10-13 00:03:58,288 INFO /System/Library/Fonts/Supplemental/NotoSansCuneiform-Regular.ttf : NotoSansCuneiform-Regular already registered in fonts database. Skipping.
2025-10-13 00:03:58,568 INFO /System/Library/Fonts/Supplemental/NotoSansCuneiform-Regular.ttf : NotoSansCuneiform-Regular already registered in fonts database. Skipping.
2025-10-13 00:03:58,576 INFO /System/Library/Fonts/Supplemental/NotoSansCypriot-Regular.ttf : NotoSansCypriot-Regular already registered in fonts database. Skipping.
2025-10-13 00:03:58,584 INFO /System/Library/Fonts/Supplemental/NotoSansCypriot-Regular.ttf : NotoSansCypriot-Regular already registered in fonts database. Skipping.
2025-10-13 00:03:58,595 INFO /System/Library/Fonts/Supplemental/NotoSansDuployan-Regular.ttf : NotoSansDuployan-Regular already registered in fonts database. Skipping.
2025-10-13 00:03:58,606 INFO /System/Library/Fonts/Supplemental/NotoSansDuployan-Regular.ttf : NotoSansDuployan-Regular already registered in fonts database. Skipping.
2025-10-13 00:03:58,926 INFO /System/Library/Fonts/Supplemental/NotoSansEgyptianHieroglyphs-Regular.ttf : NotoSansEgyptianHieroglyphs-Regular already registered in fonts database. Skipping.
2025-10-13 00:03:59,229 INFO /System/Library/Fonts/Supplemental/NotoSansEgyptianHieroglyphs-Regular.ttf : NotoSansEgyptianHieroglyphs-Regular already registered in fonts database. Skipping.
2025-10-13 00:03:59,238 INFO /System/Library/Fonts/Supplemental/NotoSansElbasan-Regular.ttf : NotoSansElbasan-Regular already registered in fonts database. Skipping.
2025-10-13 00:03:59,247 INFO /System/Library/Fonts/Supplemental/NotoSansElbasan-Regular.ttf : NotoSansElbasan-Regular already registered in fonts database. Skipping.
2025-10-13 00:03:59,259 INFO /System/Library/Fonts/Supplemental/NotoSansGlagolitic-Regular.ttf : NotoSansGlagolitic-Regular already registered in fonts database. Skipping.
2025-10-13 00:03:59,270 INFO /System/Library/Fonts/Supplemental/NotoSansGlagolitic-Regular.ttf : NotoSansGlagolitic-Regular already registered in fonts database. Skipping.
2025-10-13 00:03:59,278 INFO /System/Library/Fonts/Supplemental/NotoSansGothic-Regular.ttf : NotoSansGothic-Regular already registered in fonts database. Skipping.
2025-10-13 00:03:59,285 INFO /System/Library/Fonts/Supplemental/NotoSansGothic-Regular.ttf : NotoSansGothic-Regular already registered in fonts database. Skipping.
2025-10-13 00:03:59,298 INFO /System/Library/Fonts/Supplemental/NotoSansHanifiRohingya-Regular.ttf : NotoSansHanifiRohingya-Regular already registered in fonts database. Skipping.
2025-10-13 00:03:59,310 INFO /System/Library/Fonts/Supplemental/NotoSansHanifiRohingya-Regular.ttf : NotoSansHanifiRohingya-Regular already registered in fonts database. Skipping.
2025-10-13 00:03:59,317 INFO /System/Library/Fonts/Supplemental/NotoSansHanunoo-Regular.ttf : NotoSansHanunoo-Regular already registered in fonts database. Skipping.
2025-10-13 00:03:59,325 INFO /System/Library/Fonts/Supplemental/NotoSansHanunoo-Regular.ttf : NotoSansHanunoo-Regular already registered in fonts database. Skipping.
2025-10-13 00:03:59,333 INFO /System/Library/Fonts/Supplemental/NotoSansHatran-Regular.ttf : NotoSansHatran-Regular already registered in fonts database. Skipping.
2025-10-13 00:03:59,340 INFO /System/Library/Fonts/Supplemental/NotoSansHatran-Regular.ttf : NotoSansHatran-Regular already registered in fonts database. Skipping.
2025-10-13 00:03:59,349 INFO /System/Library/Fonts/Supplemental/NotoSansImperialAramaic-Regular.ttf : NotoSansImperialAramaic-Regular already registered in fonts database. Skipping.
2025-10-13 00:03:59,357 INFO /System/Library/Fonts/Supplemental/NotoSansImperialAramaic-Regular.ttf : NotoSansImperialAramaic-Regular already registered in fonts database. Skipping.
2025-10-13 00:03:59,365 INFO /System/Library/Fonts/Supplemental/NotoSansInscriptionalPahlavi-Regular.ttf : NotoSansInscriptionalPahlavi-Regular already registered in fonts database. Skipping.
2025-10-13 00:03:59,372 INFO /System/Library/Fonts/Supplemental/NotoSansInscriptionalPahlavi-Regular.ttf : NotoSansInscriptionalPahlavi-Regular already registered in fonts database. Skipping.
2025-10-13 00:03:59,388 INFO /System/Library/Fonts/Supplemental/NotoSansInscriptionalParthian-Regular.ttf : NotoSansInscriptionalParthian-Regular already registered in fonts database. Skipping.
2025-10-13 00:03:59,406 INFO /System/Library/Fonts/Supplemental/NotoSansInscriptionalParthian-Regular.ttf : NotoSansInscriptionalParthian-Regular already registered in fonts database. Skipping.
2025-10-13 00:03:59,447 INFO /System/Library/Fonts/Supplemental/NotoSansKaithi-Regular.ttf : NotoSansKaithi-Regular already registered in fonts database. Skipping.
2025-10-13 00:03:59,480 INFO /System/Library/Fonts/Supplemental/NotoSansKaithi-Regular.ttf : NotoSansKaithi-Regular already registered in fonts database. Skipping.
2025-10-13 00:03:59,493 INFO /System/Library/Fonts/Supplemental/NotoSansKayahLi-Regular.ttf : NotoSansKayahLi-Regular already registered in fonts database. Skipping.
2025-10-13 00:03:59,509 INFO /System/Library/Fonts/Supplemental/NotoSansKayahLi-Regular.ttf : NotoSansKayahLi-Regular already registered in fonts database. Skipping.
2025-10-13 00:03:59,522 INFO /System/Library/Fonts/Supplemental/NotoSansKharoshthi-Regular.ttf : NotoSansKharoshthi-Regular already registered in fonts database. Skipping.
2025-10-13 00:03:59,534 INFO /System/Library/Fonts/Supplemental/NotoSansKharoshthi-Regular.ttf : NotoSansKharoshthi-Regular already registered in fonts database. Skipping.
2025-10-13 00:03:59,555 INFO /System/Library/Fonts/Supplemental/NotoSansKhojki-Regular.ttf : NotoSansKhojki-Regular already registered in fonts database. Skipping.
2025-10-13 00:03:59,576 INFO /System/Library/Fonts/Supplemental/NotoSansKhojki-Regular.ttf : NotoSansKhojki-Regular already registered in fonts database. Skipping.
2025-10-13 00:03:59,588 INFO /System/Library/Fonts/Supplemental/NotoSansKhudawadi-Regular.ttf : NotoSansKhudawadi-Regular already registered in fonts database. Skipping.
2025-10-13 00:03:59,599 INFO /System/Library/Fonts/Supplemental/NotoSansKhudawadi-Regular.ttf : NotoSansKhudawadi-Regular already registered in fonts database. Skipping.
2025-10-13 00:03:59,610 INFO /System/Library/Fonts/Supplemental/NotoSansLepcha-Regular.ttf : NotoSansLepcha-Regular already registered in fonts database. Skipping.
2025-10-13 00:03:59,620 INFO /System/Library/Fonts/Supplemental/NotoSansLepcha-Regular.ttf : NotoSansLepcha-Regular already registered in fonts database. Skipping.
2025-10-13 00:03:59,631 INFO /System/Library/Fonts/Supplemental/NotoSansLimbu-Regular.ttf : NotoSansLimbu-Regular already registered in fonts database. Skipping.
2025-10-13 00:03:59,641 INFO /System/Library/Fonts/Supplemental/NotoSansLimbu-Regular.ttf : NotoSansLimbu-Regular already registered in fonts database. Skipping.
2025-10-13 00:03:59,664 INFO /System/Library/Fonts/Supplemental/NotoSansLinearA-Regular.ttf : NotoSansLinearA-Regular already registered in fonts database. Skipping.
2025-10-13 00:03:59,702 INFO /System/Library/Fonts/Supplemental/NotoSansLinearA-Regular.ttf : NotoSansLinearA-Regular already registered in fonts database. Skipping.
2025-10-13 00:03:59,755 INFO /System/Library/Fonts/Supplemental/NotoSansLinearB-Regular.ttf : NotoSansLinearB-Regular already registered in fonts database. Skipping.
2025-10-13 00:03:59,799 INFO /System/Library/Fonts/Supplemental/NotoSansLinearB-Regular.ttf : NotoSansLinearB-Regular already registered in fonts database. Skipping.
2025-10-13 00:03:59,807 INFO /System/Library/Fonts/Supplemental/NotoSansLisu-Regular.ttf : NotoSansLisu-Regular already registered in fonts database. Skipping.
2025-10-13 00:03:59,814 INFO /System/Library/Fonts/Supplemental/NotoSansLisu-Regular.ttf : NotoSansLisu-Regular already registered in fonts database. Skipping.
2025-10-13 00:03:59,822 INFO /System/Library/Fonts/Supplemental/NotoSansLycian-Regular.ttf : NotoSansLycian-Regular already registered in fonts database. Skipping.
2025-10-13 00:03:59,829 INFO /System/Library/Fonts/Supplemental/NotoSansLycian-Regular.ttf : NotoSansLycian-Regular already registered in fonts database. Skipping.
2025-10-13 00:03:59,837 INFO /System/Library/Fonts/Supplemental/NotoSansLydian-Regular.ttf : NotoSansLydian-Regular already registered in fonts database. Skipping.
2025-10-13 00:03:59,844 INFO /System/Library/Fonts/Supplemental/NotoSansLydian-Regular.ttf : NotoSansLydian-Regular already registered in fonts database. Skipping.
2025-10-13 00:03:59,856 INFO /System/Library/Fonts/Supplemental/NotoSansMahajani-Regular.ttf : NotoSansMahajani-Regular already registered in fonts database. Skipping.
2025-10-13 00:03:59,879 INFO /System/Library/Fonts/Supplemental/NotoSansMahajani-Regular.ttf : NotoSansMahajani-Regular already registered in fonts database. Skipping.
2025-10-13 00:03:59,894 INFO /System/Library/Fonts/Supplemental/NotoSansMandaic-Regular.ttf : NotoSansMandaic-Regular already registered in fonts database. Skipping.
2025-10-13 00:03:59,908 INFO /System/Library/Fonts/Supplemental/NotoSansMandaic-Regular.ttf : NotoSansMandaic-Regular already registered in fonts database. Skipping.
2025-10-13 00:03:59,924 INFO /System/Library/Fonts/Supplemental/NotoSansManichaean-Regular.ttf : NotoSansManichaean-Regular already registered in fonts database. Skipping.
2025-10-13 00:03:59,939 INFO /System/Library/Fonts/Supplemental/NotoSansManichaean-Regular.ttf : NotoSansManichaean-Regular already registered in fonts database. Skipping.
2025-10-13 00:03:59,972 INFO /System/Library/Fonts/Supplemental/NotoSansMarchen-Regular.ttf : NotoSansMarchen-Regular already registered in fonts database. Skipping.
2025-10-13 00:04:00,005 INFO /System/Library/Fonts/Supplemental/NotoSansMarchen-Regular.ttf : NotoSansMarchen-Regular already registered in fonts database. Skipping.
2025-10-13 00:04:00,030 INFO /System/Library/Fonts/Supplemental/NotoSansMeeteiMayek-Regular.ttf : NotoSansMeeteiMayek-Regular already registered in fonts database. Skipping.
2025-10-13 00:04:00,059 INFO /System/Library/Fonts/Supplemental/NotoSansMeeteiMayek-Regular.ttf : NotoSansMeeteiMayek-Regular already registered in fonts database. Skipping.
2025-10-13 00:04:00,076 INFO /System/Library/Fonts/Supplemental/NotoSansMendeKikakui-Regular.ttf : NotoSansMendeKikakui-Regular already registered in fonts database. Skipping.
2025-10-13 00:04:00,094 INFO /System/Library/Fonts/Supplemental/NotoSansMendeKikakui-Regular.ttf : NotoSansMendeKikakui-Regular already registered in fonts database. Skipping.
2025-10-13 00:04:00,112 INFO /System/Library/Fonts/Supplemental/NotoSansMeroitic-Regular.ttf : NotoSansMeroitic-Regular already registered in fonts database. Skipping.
2025-10-13 00:04:00,132 INFO /System/Library/Fonts/Supplemental/NotoSansMeroitic-Regular.ttf : NotoSansMeroitic-Regular already registered in fonts database. Skipping.
2025-10-13 00:04:00,152 INFO /System/Library/Fonts/Supplemental/NotoSansMiao-Regular.ttf : NotoSansMiao-Regular already registered in fonts database. Skipping.
2025-10-13 00:04:00,175 INFO /System/Library/Fonts/Supplemental/NotoSansMiao-Regular.ttf : NotoSansMiao-Regular already registered in fonts database. Skipping.
2025-10-13 00:04:00,203 INFO /System/Library/Fonts/Supplemental/NotoSansModi-Regular.ttf : NotoSansModi-Regular already registered in fonts database. Skipping.
2025-10-13 00:04:00,242 INFO /System/Library/Fonts/Supplemental/NotoSansModi-Regular.ttf : NotoSansModi-Regular already registered in fonts database. Skipping.
2025-10-13 00:04:00,320 INFO /System/Library/Fonts/Supplemental/NotoSansMongolian-Regular.ttf : NotoSansMongolian-Regular already registered in fonts database. Skipping.
2025-10-13 00:04:00,393 INFO /System/Library/Fonts/Supplemental/NotoSansMongolian-Regular.ttf : NotoSansMongolian-Regular already registered in fonts database. Skipping.
2025-10-13 00:04:00,401 INFO /System/Library/Fonts/Supplemental/NotoSansMro-Regular.ttf : NotoSansMro-Regular already registered in fonts database. Skipping.
2025-10-13 00:04:00,410 INFO /System/Library/Fonts/Supplemental/NotoSansMro-Regular.ttf : NotoSansMro-Regular already registered in fonts database. Skipping.
2025-10-13 00:04:00,419 INFO /System/Library/Fonts/Supplemental/NotoSansMultani-Regular.ttf : NotoSansMultani-Regular already registered in fonts database. Skipping.
2025-10-13 00:04:00,428 INFO /System/Library/Fonts/Supplemental/NotoSansMultani-Regular.ttf : NotoSansMultani-Regular already registered in fonts database. Skipping.
2025-10-13 00:04:00,437 INFO /System/Library/Fonts/Supplemental/NotoSansNabataean-Regular.ttf : NotoSansNabataean-Regular already registered in fonts database. Skipping.
2025-10-13 00:04:00,446 INFO /System/Library/Fonts/Supplemental/NotoSansNabataean-Regular.ttf : NotoSansNabataean-Regular already registered in fonts database. Skipping.
2025-10-13 00:04:00,483 INFO /System/Library/Fonts/Supplemental/NotoSansNewa-Regular.ttf : NotoSansNewa-Regular already registered in fonts database. Skipping.
2025-10-13 00:04:00,520 INFO /System/Library/Fonts/Supplemental/NotoSansNewa-Regular.ttf : NotoSansNewa-Regular already registered in fonts database. Skipping.
2025-10-13 00:04:00,533 INFO /System/Library/Fonts/Supplemental/NotoSansNewTaiLue-Regular.ttf : NotoSansNewTaiLue-Regular already registered in fonts database. Skipping.
2025-10-13 00:04:00,546 INFO /System/Library/Fonts/Supplemental/NotoSansNewTaiLue-Regular.ttf : NotoSansNewTaiLue-Regular already registered in fonts database. Skipping.
2025-10-13 00:04:00,556 INFO /System/Library/Fonts/Supplemental/NotoSansNKo-Regular.ttf : NotoSansNKo-Regular already registered in fonts database. Skipping.
2025-10-13 00:04:00,567 INFO /System/Library/Fonts/Supplemental/NotoSansNKo-Regular.ttf : NotoSansNKo-Regular already registered in fonts database. Skipping.
2025-10-13 00:04:00,577 INFO /System/Library/Fonts/Supplemental/NotoSansOlChiki-Regular.ttf : NotoSansOlChiki-Regular already registered in fonts database. Skipping.
2025-10-13 00:04:00,587 INFO /System/Library/Fonts/Supplemental/NotoSansOlChiki-Regular.ttf : NotoSansOlChiki-Regular already registered in fonts database. Skipping.
2025-10-13 00:04:00,598 INFO /System/Library/Fonts/Supplemental/NotoSansOldHungarian-Regular.ttf : NotoSansOldHungarian-Regular already registered in fonts database. Skipping.
2025-10-13 00:04:00,610 INFO /System/Library/Fonts/Supplemental/NotoSansOldHungarian-Regular.ttf : NotoSansOldHungarian-Regular already registered in fonts database. Skipping.
2025-10-13 00:04:00,618 INFO /System/Library/Fonts/Supplemental/NotoSansOldItalic-Regular.ttf : NotoSansOldItalic-Regular already registered in fonts database. Skipping.
2025-10-13 00:04:00,626 INFO /System/Library/Fonts/Supplemental/NotoSansOldItalic-Regular.ttf : NotoSansOldItalic-Regular already registered in fonts database. Skipping.
2025-10-13 00:04:00,634 INFO /System/Library/Fonts/Supplemental/NotoSansOldNorthArabian-Regular.ttf : NotoSansOldNorthArabian-Regular already registered in fonts database. Skipping.
2025-10-13 00:04:00,642 INFO /System/Library/Fonts/Supplemental/NotoSansOldNorthArabian-Regular.ttf : NotoSansOldNorthArabian-Regular already registered in fonts database. Skipping.
2025-10-13 00:04:00,651 INFO /System/Library/Fonts/Supplemental/NotoSansOldPermic-Regular.ttf : NotoSansOldPermic-Regular already registered in fonts database. Skipping.
2025-10-13 00:04:00,658 INFO /System/Library/Fonts/Supplemental/NotoSansOldPermic-Regular.ttf : NotoSansOldPermic-Regular already registered in fonts database. Skipping.
2025-10-13 00:04:00,668 INFO /System/Library/Fonts/Supplemental/NotoSansOldPersian-Regular.ttf : NotoSansOldPersian-Regular already registered in fonts database. Skipping.
2025-10-13 00:04:00,678 INFO /System/Library/Fonts/Supplemental/NotoSansOldPersian-Regular.ttf : NotoSansOldPersian-Regular already registered in fonts database. Skipping.
2025-10-13 00:04:00,685 INFO /System/Library/Fonts/Supplemental/NotoSansOldSouthArabian-Regular.ttf : NotoSansOldSouthArabian-Regular already registered in fonts database. Skipping.
2025-10-13 00:04:00,691 INFO /System/Library/Fonts/Supplemental/NotoSansOldSouthArabian-Regular.ttf : NotoSansOldSouthArabian-Regular already registered in fonts database. Skipping.
2025-10-13 00:04:00,699 INFO /System/Library/Fonts/Supplemental/NotoSansOldTurkic-Regular.ttf : NotoSansOldTurkic-Regular already registered in fonts database. Skipping.
2025-10-13 00:04:00,706 INFO /System/Library/Fonts/Supplemental/NotoSansOldTurkic-Regular.ttf : NotoSansOldTurkic-Regular already registered in fonts database. Skipping.
2025-10-13 00:04:00,716 INFO /System/Library/Fonts/Supplemental/NotoSansOsage-Regular.ttf : NotoSansOsage-Regular already registered in fonts database. Skipping.
2025-10-13 00:04:00,725 INFO /System/Library/Fonts/Supplemental/NotoSansOsage-Regular.ttf : NotoSansOsage-Regular already registered in fonts database. Skipping.
2025-10-13 00:04:00,734 INFO /System/Library/Fonts/Supplemental/NotoSansOsmanya-Regular.ttf : NotoSansOsmanya-Regular already registered in fonts database. Skipping.
2025-10-13 00:04:00,742 INFO /System/Library/Fonts/Supplemental/NotoSansOsmanya-Regular.ttf : NotoSansOsmanya-Regular already registered in fonts database. Skipping.
2025-10-13 00:04:00,752 INFO /System/Library/Fonts/Supplemental/NotoSansPahawhHmong-Regular.ttf : NotoSansPahawhHmong-Regular already registered in fonts database. Skipping.
2025-10-13 00:04:00,763 INFO /System/Library/Fonts/Supplemental/NotoSansPahawhHmong-Regular.ttf : NotoSansPahawhHmong-Regular already registered in fonts database. Skipping.
2025-10-13 00:04:00,775 INFO /System/Library/Fonts/Supplemental/NotoSansPalmyrene-Regular.ttf : NotoSansPalmyrene-Regular already registered in fonts database. Skipping.
2025-10-13 00:04:00,787 INFO /System/Library/Fonts/Supplemental/NotoSansPalmyrene-Regular.ttf : NotoSansPalmyrene-Regular already registered in fonts database. Skipping.
2025-10-13 00:04:00,794 INFO /System/Library/Fonts/Supplemental/NotoSansPauCinHau-Regular.ttf : NotoSansPauCinHau-Regular already registered in fonts database. Skipping.
2025-10-13 00:04:00,801 INFO /System/Library/Fonts/Supplemental/NotoSansPauCinHau-Regular.ttf : NotoSansPauCinHau-Regular already registered in fonts database. Skipping.
2025-10-13 00:04:00,815 INFO /System/Library/Fonts/Supplemental/NotoSansPhagsPa-Regular.ttf : NotoSansPhagsPa-Regular already registered in fonts database. Skipping.
2025-10-13 00:04:00,828 INFO /System/Library/Fonts/Supplemental/NotoSansPhagsPa-Regular.ttf : NotoSansPhagsPa-Regular already registered in fonts database. Skipping.
2025-10-13 00:04:00,836 INFO /System/Library/Fonts/Supplemental/NotoSansPhoenician-Regular.ttf : NotoSansPhoenician-Regular already registered in fonts database. Skipping.
2025-10-13 00:04:00,843 INFO /System/Library/Fonts/Supplemental/NotoSansPhoenician-Regular.ttf : NotoSansPhoenician-Regular already registered in fonts database. Skipping.
2025-10-13 00:04:00,855 INFO /System/Library/Fonts/Supplemental/NotoSansPsalterPahlavi-Regular.ttf : NotoSansPsalterPahlavi-Regular already registered in fonts database. Skipping.
2025-10-13 00:04:00,868 INFO /System/Library/Fonts/Supplemental/NotoSansPsalterPahlavi-Regular.ttf : NotoSansPsalterPahlavi-Regular already registered in fonts database. Skipping.
2025-10-13 00:04:00,876 INFO /System/Library/Fonts/Supplemental/NotoSansRejang-Regular.ttf : NotoSansRejang-Regular already registered in fonts database. Skipping.
2025-10-13 00:04:00,883 INFO /System/Library/Fonts/Supplemental/NotoSansRejang-Regular.ttf : NotoSansRejang-Regular already registered in fonts database. Skipping.
2025-10-13 00:04:00,892 INFO /System/Library/Fonts/Supplemental/NotoSansSamaritan-Regular.ttf : NotoSansSamaritan-Regular already registered in fonts database. Skipping.
2025-10-13 00:04:00,902 INFO /System/Library/Fonts/Supplemental/NotoSansSamaritan-Regular.ttf : NotoSansSamaritan-Regular already registered in fonts database. Skipping.
2025-10-13 00:04:00,913 INFO /System/Library/Fonts/Supplemental/NotoSansSaurashtra-Regular.ttf : NotoSansSaurashtra-Regular already registered in fonts database. Skipping.
2025-10-13 00:04:00,924 INFO /System/Library/Fonts/Supplemental/NotoSansSaurashtra-Regular.ttf : NotoSansSaurashtra-Regular already registered in fonts database. Skipping.
2025-10-13 00:04:00,940 INFO /System/Library/Fonts/Supplemental/NotoSansSharada-Regular.ttf : NotoSansSharada-Regular already registered in fonts database. Skipping.
2025-10-13 00:04:00,956 INFO /System/Library/Fonts/Supplemental/NotoSansSharada-Regular.ttf : NotoSansSharada-Regular already registered in fonts database. Skipping.
2025-10-13 00:04:00,965 INFO /System/Library/Fonts/Supplemental/NotoSansSoraSompeng-Regular.ttf : NotoSansSoraSompeng-Regular already registered in fonts database. Skipping.
2025-10-13 00:04:00,973 INFO /System/Library/Fonts/Supplemental/NotoSansSoraSompeng-Regular.ttf : NotoSansSoraSompeng-Regular already registered in fonts database. Skipping.
2025-10-13 00:04:00,982 INFO /System/Library/Fonts/Supplemental/NotoSansSundanese-Regular.ttf : NotoSansSundanese-Regular already registered in fonts database. Skipping.
2025-10-13 00:04:00,991 INFO /System/Library/Fonts/Supplemental/NotoSansSundanese-Regular.ttf : NotoSansSundanese-Regular already registered in fonts database. Skipping.
2025-10-13 00:04:01,002 INFO /System/Library/Fonts/Supplemental/NotoSansSylotiNagri-Regular.ttf : NotoSansSylotiNagri-Regular already registered in fonts database. Skipping.
2025-10-13 00:04:01,012 INFO /System/Library/Fonts/Supplemental/NotoSansSylotiNagri-Regular.ttf : NotoSansSylotiNagri-Regular already registered in fonts database. Skipping.
2025-10-13 00:04:01,031 INFO /System/Library/Fonts/Supplemental/NotoSansSyriac-Regular.ttf : NotoSansSyriac-Regular already registered in fonts database. Skipping.
2025-10-13 00:04:01,050 INFO /System/Library/Fonts/Supplemental/NotoSansSyriac-Regular.ttf : NotoSansSyriac-Regular already registered in fonts database. Skipping.
2025-10-13 00:04:01,058 INFO /System/Library/Fonts/Supplemental/NotoSansTagalog-Regular.ttf : NotoSansTagalog-Regular already registered in fonts database. Skipping.
2025-10-13 00:04:01,066 INFO /System/Library/Fonts/Supplemental/NotoSansTagalog-Regular.ttf : NotoSansTagalog-Regular already registered in fonts database. Skipping.
2025-10-13 00:04:01,074 INFO /System/Library/Fonts/Supplemental/NotoSansTagbanwa-Regular.ttf : NotoSansTagbanwa-Regular already registered in fonts database. Skipping.
2025-10-13 00:04:01,082 INFO /System/Library/Fonts/Supplemental/NotoSansTagbanwa-Regular.ttf : NotoSansTagbanwa-Regular already registered in fonts database. Skipping.
2025-10-13 00:04:01,093 INFO /System/Library/Fonts/Supplemental/NotoSansTaiLe-Regular.ttf : NotoSansTaiLe-Regular already registered in fonts database. Skipping.
2025-10-13 00:04:01,104 INFO /System/Library/Fonts/Supplemental/NotoSansTaiLe-Regular.ttf : NotoSansTaiLe-Regular already registered in fonts database. Skipping.
2025-10-13 00:04:01,122 INFO /System/Library/Fonts/Supplemental/NotoSansTaiTham-Regular.ttf : NotoSansTaiTham already registered in fonts database. Skipping.
2025-10-13 00:04:01,141 INFO /System/Library/Fonts/Supplemental/NotoSansTaiTham-Regular.ttf : NotoSansTaiTham already registered in fonts database. Skipping.
2025-10-13 00:04:01,154 INFO /System/Library/Fonts/Supplemental/NotoSansTaiViet-Regular.ttf : NotoSansTaiViet-Regular already registered in fonts database. Skipping.
2025-10-13 00:04:01,167 INFO /System/Library/Fonts/Supplemental/NotoSansTaiViet-Regular.ttf : NotoSansTaiViet-Regular already registered in fonts database. Skipping.
2025-10-13 00:04:01,176 INFO /System/Library/Fonts/Supplemental/NotoSansTakri-Regular.ttf : NotoSansTakri-Regular already registered in fonts database. Skipping.
2025-10-13 00:04:01,186 INFO /System/Library/Fonts/Supplemental/NotoSansTakri-Regular.ttf : NotoSansTakri-Regular already registered in fonts database. Skipping.
2025-10-13 00:04:01,200 INFO /System/Library/Fonts/Supplemental/NotoSansThaana-Regular.ttf : NotoSansThaana-Regular already registered in fonts database. Skipping.
2025-10-13 00:04:01,214 INFO /System/Library/Fonts/Supplemental/NotoSansThaana-Regular.ttf : NotoSansThaana-Regular already registered in fonts database. Skipping.
2025-10-13 00:04:01,233 INFO /System/Library/Fonts/Supplemental/NotoSansTirhuta-Regular.ttf : NotoSansTirhuta-Regular already registered in fonts database. Skipping.
2025-10-13 00:04:01,253 INFO /System/Library/Fonts/Supplemental/NotoSansTirhuta-Regular.ttf : NotoSansTirhuta-Regular already registered in fonts database. Skipping.
2025-10-13 00:04:01,262 INFO /System/Library/Fonts/Supplemental/NotoSansUgaritic-Regular.ttf : NotoSansUgaritic-Regular already registered in fonts database. Skipping.
2025-10-13 00:04:01,270 INFO /System/Library/Fonts/Supplemental/NotoSansUgaritic-Regular.ttf : NotoSansUgaritic-Regular already registered in fonts database. Skipping.
2025-10-13 00:04:01,292 INFO /System/Library/Fonts/Supplemental/NotoSansVai-Regular.ttf : NotoSansVai-Regular already registered in fonts database. Skipping.
2025-10-13 00:04:01,313 INFO /System/Library/Fonts/Supplemental/NotoSansVai-Regular.ttf : NotoSansVai-Regular already registered in fonts database. Skipping.
2025-10-13 00:04:01,323 INFO /System/Library/Fonts/Supplemental/NotoSansWancho-Regular.ttf : NotoSansWancho-Regular already registered in fonts database. Skipping.
2025-10-13 00:04:01,332 INFO /System/Library/Fonts/Supplemental/NotoSansWancho-Regular.ttf : NotoSansWancho-Regular already registered in fonts database. Skipping.
2025-10-13 00:04:01,343 INFO /System/Library/Fonts/Supplemental/NotoSansWarangCiti-Regular.ttf : NotoSansWarangCiti-Regular already registered in fonts database. Skipping.
2025-10-13 00:04:01,353 INFO /System/Library/Fonts/Supplemental/NotoSansWarangCiti-Regular.ttf : NotoSansWarangCiti-Regular already registered in fonts database. Skipping.
2025-10-13 00:04:01,408 INFO /System/Library/Fonts/Supplemental/NotoSansYi-Regular.ttf : NotoSansYi-Regular already registered in fonts database. Skipping.
2025-10-13 00:04:01,463 INFO /System/Library/Fonts/Supplemental/NotoSansYi-Regular.ttf : NotoSansYi-Regular already registered in fonts database. Skipping.
2025-10-13 00:04:01,477 INFO /System/Library/Fonts/Supplemental/NotoSerifAhom-Regular.ttf : NotoSerifAhom-Regular already registered in fonts database. Skipping.
2025-10-13 00:04:01,490 INFO /System/Library/Fonts/Supplemental/NotoSerifAhom-Regular.ttf : NotoSerifAhom-Regular already registered in fonts database. Skipping.
2025-10-13 00:04:01,519 INFO /System/Library/Fonts/Supplemental/NotoSerifBalinese-Regular.ttf : NotoSerifBalinese-Regular already registered in fonts database. Skipping.
2025-10-13 00:04:01,548 INFO /System/Library/Fonts/Supplemental/NotoSerifBalinese-Regular.ttf : NotoSerifBalinese-Regular already registered in fonts database. Skipping.
2025-10-13 00:04:01,557 INFO /System/Library/Fonts/Supplemental/NotoSerifNyiakengPuachueHmong-Regular.ttf : NotoSerifHmongNyiakeng-Regular already registered in fonts database. Skipping.
2025-10-13 00:04:01,569 INFO /System/Library/Fonts/Supplemental/NotoSerifNyiakengPuachueHmong-Regular.ttf : NotoSerifHmongNyiakeng-Regular already registered in fonts database. Skipping.
2025-10-13 00:04:01,683 INFO /System/Library/Fonts/Supplemental/PartyLET-plain.ttf : PartyLetPlain already registered in fonts database. Skipping.
2025-10-13 00:04:01,794 INFO /System/Library/Fonts/Supplemental/PartyLET-plain.ttf : PartyLetPlain already registered in fonts database. Skipping.
2025-10-13 00:04:01,837 INFO /System/Library/Fonts/Supplemental/PlantagenetCherokee.ttf : No FontName. Skipping.
2025-10-13 00:04:01,879 INFO /System/Library/Fonts/Supplemental/PlantagenetCherokee.ttf : No FontName. Skipping.
2025-10-13 00:04:01,921 INFO /System/Library/Fonts/Supplemental/Sathu.ttf : No FontName. Skipping.
2025-10-13 00:04:01,962 INFO /System/Library/Fonts/Supplemental/Sathu.ttf : No FontName. Skipping.
2025-10-13 00:04:01,987 INFO /System/Library/Fonts/Supplemental/Silom.ttf : No FontName. Skipping.
2025-10-13 00:04:02,010 INFO /System/Library/Fonts/Supplemental/Silom.ttf : No FontName. Skipping.
2025-10-13 00:04:02,040 INFO /System/Library/Fonts/Supplemental/Skia.ttf : No FontName. Skipping.
2025-10-13 00:04:02,068 INFO /System/Library/Fonts/Supplemental/Skia.ttf : No FontName. Skipping.
2025-10-13 00:04:02,203 INFO /System/Library/Fonts/Supplemental/STIXTwoText-Italic.ttf : STIXTwoText-Italic already registered in fonts database. Skipping.
2025-10-13 00:04:02,338 INFO /System/Library/Fonts/Supplemental/STIXTwoText-Italic.ttf : STIXTwoText-Italic already registered in fonts database. Skipping.
2025-10-13 00:04:02,462 INFO /System/Library/Fonts/Supplemental/STIXTwoText.ttf : STIXTwoText already registered in fonts database. Skipping.
2025-10-13 00:04:02,585 INFO /System/Library/Fonts/Supplemental/STIXTwoText.ttf : STIXTwoText already registered in fonts database. Skipping.
2025-10-13 00:04:02,701 INFO /System/Library/Fonts/Supplemental/Tahoma Bold.ttf : Tahoma-Bold already registered in fonts database. Skipping.
2025-10-13 00:04:02,797 INFO /System/Library/Fonts/Supplemental/Tahoma Bold.ttf : Tahoma-Bold already registered in fonts database. Skipping.
2025-10-13 00:04:02,900 INFO /System/Library/Fonts/Supplemental/Tahoma.ttf : Tahoma already registered in fonts database. Skipping.
2025-10-13 00:04:03,002 INFO /System/Library/Fonts/Supplemental/Tahoma.ttf : Tahoma already registered in fonts database. Skipping.
2025-10-13 00:04:03,108 INFO /System/Library/Fonts/Supplemental/Times New Roman Bold Italic.ttf : TimesNewRomanPS-BoldItalicMT already registered in fonts database. Skipping.
2025-10-13 00:04:03,214 INFO /System/Library/Fonts/Supplemental/Times New Roman Bold Italic.ttf : TimesNewRomanPS-BoldItalicMT already registered in fonts database. Skipping.
2025-10-13 00:04:03,371 INFO /System/Library/Fonts/Supplemental/Times New Roman Bold.ttf : TimesNewRomanPS-BoldMT already registered in fonts database. Skipping.
2025-10-13 00:04:03,525 INFO /System/Library/Fonts/Supplemental/Times New Roman Bold.ttf : TimesNewRomanPS-BoldMT already registered in fonts database. Skipping.
2025-10-13 00:04:03,641 INFO /System/Library/Fonts/Supplemental/Times New Roman Italic.ttf : TimesNewRomanPS-ItalicMT already registered in fonts database. Skipping.
2025-10-13 00:04:03,750 INFO /System/Library/Fonts/Supplemental/Times New Roman Italic.ttf : TimesNewRomanPS-ItalicMT already registered in fonts database. Skipping.
2025-10-13 00:04:03,910 INFO /System/Library/Fonts/Supplemental/Times New Roman.ttf : TimesNewRomanPSMT already registered in fonts database. Skipping.
2025-10-13 00:04:04,068 INFO /System/Library/Fonts/Supplemental/Times New Roman.ttf : TimesNewRomanPSMT already registered in fonts database. Skipping.
2025-10-13 00:04:06,000 INFO /System/Library/Fonts/Supplemental/Trattatello.ttf : Trattatello already registered in fonts database. Skipping.
2025-10-13 00:04:07,931 INFO /System/Library/Fonts/Supplemental/Trattatello.ttf : Trattatello already registered in fonts database. Skipping.
2025-10-13 00:04:07,958 INFO /System/Library/Fonts/Supplemental/Trebuchet MS Bold Italic.ttf : Trebuchet-BoldItalic already registered in fonts database. Skipping.
2025-10-13 00:04:07,977 INFO /System/Library/Fonts/Supplemental/Trebuchet MS Bold Italic.ttf : Trebuchet-BoldItalic already registered in fonts database. Skipping.
2025-10-13 00:04:07,991 INFO /System/Library/Fonts/Supplemental/Trebuchet MS Bold.ttf : TrebuchetMS-Bold already registered in fonts database. Skipping.
2025-10-13 00:04:08,006 INFO /System/Library/Fonts/Supplemental/Trebuchet MS Bold.ttf : TrebuchetMS-Bold already registered in fonts database. Skipping.
2025-10-13 00:04:08,023 INFO /System/Library/Fonts/Supplemental/Trebuchet MS Italic.ttf : TrebuchetMS-Italic already registered in fonts database. Skipping.
2025-10-13 00:04:08,039 INFO /System/Library/Fonts/Supplemental/Trebuchet MS Italic.ttf : TrebuchetMS-Italic already registered in fonts database. Skipping.
2025-10-13 00:04:08,054 INFO /System/Library/Fonts/Supplemental/Trebuchet MS.ttf : TrebuchetMS already registered in fonts database. Skipping.
2025-10-13 00:04:08,068 INFO /System/Library/Fonts/Supplemental/Trebuchet MS.ttf : TrebuchetMS already registered in fonts database. Skipping.
2025-10-13 00:04:08,089 INFO /System/Library/Fonts/Supplemental/Verdana Bold Italic.ttf : Verdana-BoldItalic already registered in fonts database. Skipping.
2025-10-13 00:04:08,111 INFO /System/Library/Fonts/Supplemental/Verdana Bold Italic.ttf : Verdana-BoldItalic already registered in fonts database. Skipping.
2025-10-13 00:04:08,136 INFO /System/Library/Fonts/Supplemental/Verdana Bold.ttf : Verdana-Bold already registered in fonts database. Skipping.
2025-10-13 00:04:08,160 INFO /System/Library/Fonts/Supplemental/Verdana Bold.ttf : Verdana-Bold already registered in fonts database. Skipping.
2025-10-13 00:04:08,184 INFO /System/Library/Fonts/Supplemental/Verdana Italic.ttf : Verdana-Italic already registered in fonts database. Skipping.
2025-10-13 00:04:08,208 INFO /System/Library/Fonts/Supplemental/Verdana Italic.ttf : Verdana-Italic already registered in fonts database. Skipping.
2025-10-13 00:04:08,232 INFO /System/Library/Fonts/Supplemental/Verdana.ttf : Verdana already registered in fonts database. Skipping.
2025-10-13 00:04:08,256 INFO /System/Library/Fonts/Supplemental/Verdana.ttf : Verdana already registered in fonts database. Skipping.
2025-10-13 00:04:08,286 INFO /System/Library/Fonts/Supplemental/Webdings.ttf : Webdings already registered in fonts database. Skipping.
2025-10-13 00:04:08,316 INFO /System/Library/Fonts/Supplemental/Webdings.ttf : Webdings already registered in fonts database. Skipping.
2025-10-13 00:04:08,329 INFO /System/Library/Fonts/Supplemental/Wingdings 2.ttf : Wingdings2 already registered in fonts database. Skipping.
2025-10-13 00:04:08,341 INFO /System/Library/Fonts/Supplemental/Wingdings 2.ttf : Wingdings2 already registered in fonts database. Skipping.
2025-10-13 00:04:08,349 INFO /System/Library/Fonts/Supplemental/Wingdings 3.ttf : Wingdings3 already registered in fonts database. Skipping.
2025-10-13 00:04:08,357 INFO /System/Library/Fonts/Supplemental/Wingdings 3.ttf : Wingdings3 already registered in fonts database. Skipping.
2025-10-13 00:04:08,370 INFO /System/Library/Fonts/Supplemental/Wingdings.ttf : Wingdings-Regular already registered in fonts database. Skipping.
2025-10-13 00:04:08,387 INFO /System/Library/Fonts/Supplemental/Wingdings.ttf : Wingdings-Regular already registered in fonts database. Skipping.
2025-10-13 00:04:08,817 INFO /System/Library/Fonts/Supplemental/Zapfino.ttf : No FontName. Skipping.
2025-10-13 00:04:09,254 INFO /System/Library/Fonts/Supplemental/Zapfino.ttf : No FontName. Skipping.
2025-10-13 00:04:09,264 INFO /System/Library/Fonts/Symbol.ttf : No FontName. Skipping.
2025-10-13 00:04:09,276 INFO /System/Library/Fonts/ZapfDingbats.ttf : No FontName. Skipping.
2025-10-13 00:04:09,276 INFO Found FontName for 0 fonts.
2025-10-13 00:04:09,277 INFO Scanning afm files in /Library/Frameworks/R.framework/Versions/4.5-arm64/Resources/library/extrafontdb/metrics
2025-10-13 00:04:09,378 INFO .Keyboard already registered with pdfFont().
2025-10-13 00:04:09,378 INFO .New York already registered with pdfFont().
2025-10-13 00:04:09,378 INFO .SF Arabic already registered with pdfFont().
2025-10-13 00:04:09,378 INFO .SF Arabic Rounded already registered with pdfFont().
2025-10-13 00:04:09,378 INFO .SF Armenian already registered with pdfFont().
2025-10-13 00:04:09,378 INFO .SF Armenian Rounded already registered with pdfFont().
2025-10-13 00:04:09,378 INFO .SF Camera already registered with pdfFont().
2025-10-13 00:04:09,378 INFO .SF Compact already registered with pdfFont().
2025-10-13 00:04:09,378 INFO .SF Compact Rounded already registered with pdfFont().
2025-10-13 00:04:09,378 INFO .SF Georgian already registered with pdfFont().
2025-10-13 00:04:09,378 INFO .SF Georgian Rounded already registered with pdfFont().
2025-10-13 00:04:09,378 INFO .SF Hebrew already registered with pdfFont().
2025-10-13 00:04:09,378 INFO .SF Hebrew Rounded already registered with pdfFont().
2025-10-13 00:04:09,378 INFO .SF NS Mono already registered with pdfFont().
2025-10-13 00:04:09,378 INFO .SF NS Rounded already registered with pdfFont().
2025-10-13 00:04:09,378 INFO Academy Engraved LET already registered with pdfFont().
2025-10-13 00:04:09,378 INFO Andale Mono already registered with pdfFont().
2025-10-13 00:04:09,378 INFO More than one version of regular/bold/italic found for Apple Braille. Skipping setup for this font.
2025-10-13 00:04:09,378 INFO AppleMyungjo already registered with pdfFont().
2025-10-13 00:04:09,378 INFO Arial already registered with pdfFont().
2025-10-13 00:04:09,378 INFO Arial Black already registered with pdfFont().
2025-10-13 00:04:09,378 INFO Arial Narrow already registered with pdfFont().
2025-10-13 00:04:09,378 INFO Arial Rounded MT Bold already registered with pdfFont().
2025-10-13 00:04:09,378 INFO Arial Unicode MS already registered with pdfFont().
2025-10-13 00:04:09,378 INFO Bodoni 72 Smallcaps already registered with pdfFont().
2025-10-13 00:04:09,378 INFO Bodoni Ornaments already registered with pdfFont().
2025-10-13 00:04:09,378 INFO No regular (non-bold, non-italic) version of Brush Script MT. Skipping setup for this font.
2025-10-13 00:04:09,379 INFO Comic Sans MS already registered with pdfFont().
2025-10-13 00:04:09,379 INFO Courier New already registered with pdfFont().
2025-10-13 00:04:09,379 INFO No regular (non-bold, non-italic) version of DIN Alternate. Skipping setup for this font.
2025-10-13 00:04:09,379 INFO No regular (non-bold, non-italic) version of DIN Condensed. Skipping setup for this font.
2025-10-13 00:04:09,379 INFO Georgia already registered with pdfFont().
2025-10-13 00:04:09,379 INFO Impact already registered with pdfFont().
2025-10-13 00:04:09,379 INFO Khmer Sangam MN already registered with pdfFont().
2025-10-13 00:04:09,379 INFO Lao Sangam MN already registered with pdfFont().
2025-10-13 00:04:09,379 INFO Luminari already registered with pdfFont().
2025-10-13 00:04:09,379 INFO Microsoft Sans Serif already registered with pdfFont().
2025-10-13 00:04:09,379 INFO Noto Sans Adlam already registered with pdfFont().
2025-10-13 00:04:09,379 INFO Noto Sans Avestan already registered with pdfFont().
2025-10-13 00:04:09,379 INFO Noto Sans Bamum already registered with pdfFont().
2025-10-13 00:04:09,379 INFO Noto Sans Bassa Vah already registered with pdfFont().
2025-10-13 00:04:09,379 INFO Noto Sans Batak already registered with pdfFont().
2025-10-13 00:04:09,379 INFO Noto Sans Bhaiksuki already registered with pdfFont().
2025-10-13 00:04:09,379 INFO Noto Sans Brahmi already registered with pdfFont().
2025-10-13 00:04:09,379 INFO Noto Sans Buginese already registered with pdfFont().
2025-10-13 00:04:09,379 INFO Noto Sans Buhid already registered with pdfFont().
2025-10-13 00:04:09,379 INFO Noto Sans Carian already registered with pdfFont().
2025-10-13 00:04:09,379 INFO Noto Sans CaucAlban already registered with pdfFont().
2025-10-13 00:04:09,379 INFO Noto Sans Chakma already registered with pdfFont().
2025-10-13 00:04:09,379 INFO Noto Sans Cham already registered with pdfFont().
2025-10-13 00:04:09,379 INFO Noto Sans Coptic already registered with pdfFont().
2025-10-13 00:04:09,379 INFO Noto Sans Cuneiform already registered with pdfFont().
2025-10-13 00:04:09,379 INFO Noto Sans Cypriot already registered with pdfFont().
2025-10-13 00:04:09,379 INFO Noto Sans Duployan already registered with pdfFont().
2025-10-13 00:04:09,379 INFO Noto Sans EgyptHiero already registered with pdfFont().
2025-10-13 00:04:09,379 INFO Noto Sans Elbasan already registered with pdfFont().
2025-10-13 00:04:09,379 INFO Noto Sans Glagolitic already registered with pdfFont().
2025-10-13 00:04:09,379 INFO Noto Sans Gothic already registered with pdfFont().
2025-10-13 00:04:09,379 INFO Noto Sans HanifiRohg already registered with pdfFont().
2025-10-13 00:04:09,379 INFO Noto Sans Hanunoo already registered with pdfFont().
2025-10-13 00:04:09,379 INFO Noto Sans Hatran already registered with pdfFont().
2025-10-13 00:04:09,379 INFO Noto Sans ImpAramaic already registered with pdfFont().
2025-10-13 00:04:09,379 INFO Noto Sans InsPahlavi already registered with pdfFont().
2025-10-13 00:04:09,379 INFO Noto Sans InsParthi already registered with pdfFont().
2025-10-13 00:04:09,379 INFO Noto Sans Kaithi already registered with pdfFont().
2025-10-13 00:04:09,379 INFO Noto Sans Kayah Li already registered with pdfFont().
2025-10-13 00:04:09,379 INFO Noto Sans Kharoshthi already registered with pdfFont().
2025-10-13 00:04:09,379 INFO Noto Sans Khojki already registered with pdfFont().
2025-10-13 00:04:09,379 INFO Noto Sans Khudawadi already registered with pdfFont().
2025-10-13 00:04:09,380 INFO Noto Sans Lepcha already registered with pdfFont().
2025-10-13 00:04:09,380 INFO Noto Sans Limbu already registered with pdfFont().
2025-10-13 00:04:09,380 INFO Noto Sans Linear A already registered with pdfFont().
2025-10-13 00:04:09,380 INFO Noto Sans Linear B already registered with pdfFont().
2025-10-13 00:04:09,380 INFO Noto Sans Lisu already registered with pdfFont().
2025-10-13 00:04:09,380 INFO Noto Sans Lycian already registered with pdfFont().
2025-10-13 00:04:09,380 INFO Noto Sans Lydian already registered with pdfFont().
2025-10-13 00:04:09,380 INFO Noto Sans Mahajani already registered with pdfFont().
2025-10-13 00:04:09,380 INFO Noto Sans Mandaic already registered with pdfFont().
2025-10-13 00:04:09,380 INFO Noto Sans Manichaean already registered with pdfFont().
2025-10-13 00:04:09,380 INFO Noto Sans Marchen already registered with pdfFont().
2025-10-13 00:04:09,380 INFO Noto Sans MeeteiMayek already registered with pdfFont().
2025-10-13 00:04:09,380 INFO Noto Sans Mende Kikakui already registered with pdfFont().
2025-10-13 00:04:09,380 INFO Noto Sans Meroitic already registered with pdfFont().
2025-10-13 00:04:09,380 INFO Noto Sans Miao already registered with pdfFont().
2025-10-13 00:04:09,380 INFO Noto Sans Modi already registered with pdfFont().
2025-10-13 00:04:09,380 INFO Noto Sans Mongolian already registered with pdfFont().
2025-10-13 00:04:09,380 INFO Noto Sans Mro already registered with pdfFont().
2025-10-13 00:04:09,380 INFO Noto Sans Multani already registered with pdfFont().
2025-10-13 00:04:09,380 INFO Noto Sans Nabataean already registered with pdfFont().
2025-10-13 00:04:09,380 INFO Noto Sans Newa already registered with pdfFont().
2025-10-13 00:04:09,380 INFO Noto Sans NewTaiLue already registered with pdfFont().
2025-10-13 00:04:09,380 INFO Noto Sans NKo already registered with pdfFont().
2025-10-13 00:04:09,380 INFO Noto Sans Ol Chiki already registered with pdfFont().
2025-10-13 00:04:09,380 INFO No regular (non-bold, non-italic) version of Noto Sans Old Italic. Skipping setup for this font.
2025-10-13 00:04:09,380 INFO Noto Sans Old Permic already registered with pdfFont().
2025-10-13 00:04:09,380 INFO Noto Sans Old Turkic already registered with pdfFont().
2025-10-13 00:04:09,380 INFO Noto Sans OldHung already registered with pdfFont().
2025-10-13 00:04:09,380 INFO Noto Sans OldNorArab already registered with pdfFont().
2025-10-13 00:04:09,380 INFO Noto Sans OldPersian already registered with pdfFont().
2025-10-13 00:04:09,380 INFO Noto Sans OldSouArab already registered with pdfFont().
2025-10-13 00:04:09,380 INFO Noto Sans Osage already registered with pdfFont().
2025-10-13 00:04:09,380 INFO Noto Sans Osmanya already registered with pdfFont().
2025-10-13 00:04:09,380 INFO Noto Sans Pahawh Hmong already registered with pdfFont().
2025-10-13 00:04:09,380 INFO Noto Sans Palmyrene already registered with pdfFont().
2025-10-13 00:04:09,380 INFO Noto Sans PauCinHau already registered with pdfFont().
2025-10-13 00:04:09,380 INFO Noto Sans PhagsPa already registered with pdfFont().
2025-10-13 00:04:09,380 INFO Noto Sans Phoenician already registered with pdfFont().
2025-10-13 00:04:09,380 INFO Noto Sans PsaPahlavi already registered with pdfFont().
2025-10-13 00:04:09,380 INFO Noto Sans Rejang already registered with pdfFont().
2025-10-13 00:04:09,380 INFO Noto Sans Samaritan already registered with pdfFont().
2025-10-13 00:04:09,380 INFO Noto Sans Saurashtra already registered with pdfFont().
2025-10-13 00:04:09,380 INFO Noto Sans Sharada already registered with pdfFont().
2025-10-13 00:04:09,380 INFO Noto Sans SoraSomp already registered with pdfFont().
2025-10-13 00:04:09,380 INFO Noto Sans Sundanese already registered with pdfFont().
2025-10-13 00:04:09,380 INFO Noto Sans Syloti Nagri already registered with pdfFont().
2025-10-13 00:04:09,380 INFO Noto Sans Syriac already registered with pdfFont().
2025-10-13 00:04:09,380 INFO Noto Sans Tagalog already registered with pdfFont().
2025-10-13 00:04:09,381 INFO Noto Sans Tagbanwa already registered with pdfFont().
2025-10-13 00:04:09,381 INFO Noto Sans Tai Le already registered with pdfFont().
2025-10-13 00:04:09,381 INFO Noto Sans Tai Tham already registered with pdfFont().
2025-10-13 00:04:09,381 INFO Noto Sans Tai Viet already registered with pdfFont().
2025-10-13 00:04:09,381 INFO Noto Sans Takri already registered with pdfFont().
2025-10-13 00:04:09,381 INFO Noto Sans Thaana already registered with pdfFont().
2025-10-13 00:04:09,381 INFO Noto Sans Tirhuta already registered with pdfFont().
2025-10-13 00:04:09,381 INFO Noto Sans Ugaritic already registered with pdfFont().
2025-10-13 00:04:09,381 INFO Noto Sans Vai already registered with pdfFont().
2025-10-13 00:04:09,381 INFO Noto Sans Wancho already registered with pdfFont().
2025-10-13 00:04:09,381 INFO Noto Sans WarangCiti already registered with pdfFont().
2025-10-13 00:04:09,381 INFO Noto Sans Yi already registered with pdfFont().
2025-10-13 00:04:09,381 INFO Noto Serif Ahom already registered with pdfFont().
2025-10-13 00:04:09,381 INFO Noto Serif Balinese already registered with pdfFont().
2025-10-13 00:04:09,381 INFO Noto Serif Hmong Nyiakeng already registered with pdfFont().
2025-10-13 00:04:09,381 INFO Party LET already registered with pdfFont().
2025-10-13 00:04:09,381 INFO STIX Two Text already registered with pdfFont().
2025-10-13 00:04:09,381 INFO System Font already registered with pdfFont().
2025-10-13 00:04:09,381 INFO Tahoma already registered with pdfFont().
2025-10-13 00:04:09,381 INFO Times New Roman already registered with pdfFont().
2025-10-13 00:04:09,381 INFO Trattatello already registered with pdfFont().
2025-10-13 00:04:09,381 INFO Trebuchet MS already registered with pdfFont().
2025-10-13 00:04:09,381 INFO Verdana already registered with pdfFont().
2025-10-13 00:04:09,381 INFO Webdings already registered with pdfFont().
2025-10-13 00:04:09,381 INFO Wingdings already registered with pdfFont().
2025-10-13 00:04:09,381 INFO Wingdings 2 already registered with pdfFont().
2025-10-13 00:04:09,381 INFO Wingdings 3 already registered with pdfFont().
2025-10-13 00:04:09,386 INFO .Keyboard already registered with postscriptFont().
2025-10-13 00:04:09,386 INFO .New York already registered with postscriptFont().
2025-10-13 00:04:09,386 INFO .SF Arabic already registered with postscriptFont().
2025-10-13 00:04:09,386 INFO .SF Arabic Rounded already registered with postscriptFont().
2025-10-13 00:04:09,386 INFO .SF Armenian already registered with postscriptFont().
2025-10-13 00:04:09,386 INFO .SF Armenian Rounded already registered with postscriptFont().
2025-10-13 00:04:09,386 INFO .SF Camera already registered with postscriptFont().
2025-10-13 00:04:09,386 INFO .SF Compact already registered with postscriptFont().
2025-10-13 00:04:09,386 INFO .SF Compact Rounded already registered with postscriptFont().
2025-10-13 00:04:09,386 INFO .SF Georgian already registered with postscriptFont().
2025-10-13 00:04:09,386 INFO .SF Georgian Rounded already registered with postscriptFont().
2025-10-13 00:04:09,386 INFO .SF Hebrew already registered with postscriptFont().
2025-10-13 00:04:09,386 INFO .SF Hebrew Rounded already registered with postscriptFont().
2025-10-13 00:04:09,386 INFO .SF NS Mono already registered with postscriptFont().
2025-10-13 00:04:09,386 INFO .SF NS Rounded already registered with postscriptFont().
2025-10-13 00:04:09,387 INFO Academy Engraved LET already registered with postscriptFont().
2025-10-13 00:04:09,387 INFO Andale Mono already registered with postscriptFont().
2025-10-13 00:04:09,387 INFO More than one version of regular/bold/italic found for Apple Braille. Skipping setup for this font.
2025-10-13 00:04:09,387 INFO AppleMyungjo already registered with postscriptFont().
2025-10-13 00:04:09,387 INFO Arial already registered with postscriptFont().
2025-10-13 00:04:09,387 INFO Arial Black already registered with postscriptFont().
2025-10-13 00:04:09,387 INFO Arial Narrow already registered with postscriptFont().
2025-10-13 00:04:09,387 INFO Arial Rounded MT Bold already registered with postscriptFont().
2025-10-13 00:04:09,387 INFO Arial Unicode MS already registered with postscriptFont().
2025-10-13 00:04:09,387 INFO Bodoni 72 Smallcaps already registered with postscriptFont().
2025-10-13 00:04:09,387 INFO Bodoni Ornaments already registered with postscriptFont().
2025-10-13 00:04:09,387 INFO No regular (non-bold, non-italic) version of Brush Script MT. Skipping setup for this font.
2025-10-13 00:04:09,387 INFO Comic Sans MS already registered with postscriptFont().
2025-10-13 00:04:09,387 INFO Courier New already registered with postscriptFont().
2025-10-13 00:04:09,387 INFO No regular (non-bold, non-italic) version of DIN Alternate. Skipping setup for this font.
2025-10-13 00:04:09,387 INFO No regular (non-bold, non-italic) version of DIN Condensed. Skipping setup for this font.
2025-10-13 00:04:09,388 INFO Georgia already registered with postscriptFont().
2025-10-13 00:04:09,388 INFO Impact already registered with postscriptFont().
2025-10-13 00:04:09,388 INFO Khmer Sangam MN already registered with postscriptFont().
2025-10-13 00:04:09,388 INFO Lao Sangam MN already registered with postscriptFont().
2025-10-13 00:04:09,388 INFO Luminari already registered with postscriptFont().
2025-10-13 00:04:09,388 INFO Microsoft Sans Serif already registered with postscriptFont().
2025-10-13 00:04:09,388 INFO Noto Sans Adlam already registered with postscriptFont().
2025-10-13 00:04:09,388 INFO Noto Sans Avestan already registered with postscriptFont().
2025-10-13 00:04:09,388 INFO Noto Sans Bamum already registered with postscriptFont().
2025-10-13 00:04:09,388 INFO Noto Sans Bassa Vah already registered with postscriptFont().
2025-10-13 00:04:09,388 INFO Noto Sans Batak already registered with postscriptFont().
2025-10-13 00:04:09,388 INFO Noto Sans Bhaiksuki already registered with postscriptFont().
2025-10-13 00:04:09,388 INFO Noto Sans Brahmi already registered with postscriptFont().
2025-10-13 00:04:09,388 INFO Noto Sans Buginese already registered with postscriptFont().
2025-10-13 00:04:09,388 INFO Noto Sans Buhid already registered with postscriptFont().
2025-10-13 00:04:09,388 INFO Noto Sans Carian already registered with postscriptFont().
2025-10-13 00:04:09,388 INFO Noto Sans CaucAlban already registered with postscriptFont().
2025-10-13 00:04:09,388 INFO Noto Sans Chakma already registered with postscriptFont().
2025-10-13 00:04:09,388 INFO Noto Sans Cham already registered with postscriptFont().
2025-10-13 00:04:09,388 INFO Noto Sans Coptic already registered with postscriptFont().
2025-10-13 00:04:09,388 INFO Noto Sans Cuneiform already registered with postscriptFont().
2025-10-13 00:04:09,388 INFO Noto Sans Cypriot already registered with postscriptFont().
2025-10-13 00:04:09,388 INFO Noto Sans Duployan already registered with postscriptFont().
2025-10-13 00:04:09,388 INFO Noto Sans EgyptHiero already registered with postscriptFont().
2025-10-13 00:04:09,388 INFO Noto Sans Elbasan already registered with postscriptFont().
2025-10-13 00:04:09,388 INFO Noto Sans Glagolitic already registered with postscriptFont().
2025-10-13 00:04:09,388 INFO Noto Sans Gothic already registered with postscriptFont().
2025-10-13 00:04:09,388 INFO Noto Sans HanifiRohg already registered with postscriptFont().
2025-10-13 00:04:09,388 INFO Noto Sans Hanunoo already registered with postscriptFont().
2025-10-13 00:04:09,388 INFO Noto Sans Hatran already registered with postscriptFont().
2025-10-13 00:04:09,388 INFO Noto Sans ImpAramaic already registered with postscriptFont().
2025-10-13 00:04:09,388 INFO Noto Sans InsPahlavi already registered with postscriptFont().
2025-10-13 00:04:09,388 INFO Noto Sans InsParthi already registered with postscriptFont().
2025-10-13 00:04:09,388 INFO Noto Sans Kaithi already registered with postscriptFont().
2025-10-13 00:04:09,388 INFO Noto Sans Kayah Li already registered with postscriptFont().
2025-10-13 00:04:09,388 INFO Noto Sans Kharoshthi already registered with postscriptFont().
2025-10-13 00:04:09,388 INFO Noto Sans Khojki already registered with postscriptFont().
2025-10-13 00:04:09,388 INFO Noto Sans Khudawadi already registered with postscriptFont().
2025-10-13 00:04:09,388 INFO Noto Sans Lepcha already registered with postscriptFont().
2025-10-13 00:04:09,388 INFO Noto Sans Limbu already registered with postscriptFont().
2025-10-13 00:04:09,388 INFO Noto Sans Linear A already registered with postscriptFont().
2025-10-13 00:04:09,388 INFO Noto Sans Linear B already registered with postscriptFont().
2025-10-13 00:04:09,388 INFO Noto Sans Lisu already registered with postscriptFont().
2025-10-13 00:04:09,388 INFO Noto Sans Lycian already registered with postscriptFont().
2025-10-13 00:04:09,388 INFO Noto Sans Lydian already registered with postscriptFont().
2025-10-13 00:04:09,388 INFO Noto Sans Mahajani already registered with postscriptFont().
2025-10-13 00:04:09,388 INFO Noto Sans Mandaic already registered with postscriptFont().
2025-10-13 00:04:09,388 INFO Noto Sans Manichaean already registered with postscriptFont().
2025-10-13 00:04:09,388 INFO Noto Sans Marchen already registered with postscriptFont().
2025-10-13 00:04:09,388 INFO Noto Sans MeeteiMayek already registered with postscriptFont().
2025-10-13 00:04:09,388 INFO Noto Sans Mende Kikakui already registered with postscriptFont().
2025-10-13 00:04:09,388 INFO Noto Sans Meroitic already registered with postscriptFont().
2025-10-13 00:04:09,388 INFO Noto Sans Miao already registered with postscriptFont().
2025-10-13 00:04:09,388 INFO Noto Sans Modi already registered with postscriptFont().
2025-10-13 00:04:09,388 INFO Noto Sans Mongolian already registered with postscriptFont().
2025-10-13 00:04:09,388 INFO Noto Sans Mro already registered with postscriptFont().
2025-10-13 00:04:09,388 INFO Noto Sans Multani already registered with postscriptFont().
2025-10-13 00:04:09,388 INFO Noto Sans Nabataean already registered with postscriptFont().
2025-10-13 00:04:09,388 INFO Noto Sans Newa already registered with postscriptFont().
2025-10-13 00:04:09,388 INFO Noto Sans NewTaiLue already registered with postscriptFont().
2025-10-13 00:04:09,388 INFO Noto Sans NKo already registered with postscriptFont().
2025-10-13 00:04:09,388 INFO Noto Sans Ol Chiki already registered with postscriptFont().
2025-10-13 00:04:09,388 INFO No regular (non-bold, non-italic) version of Noto Sans Old Italic. Skipping setup for this font.
2025-10-13 00:04:09,388 INFO Noto Sans Old Permic already registered with postscriptFont().
2025-10-13 00:04:09,388 INFO Noto Sans Old Turkic already registered with postscriptFont().
2025-10-13 00:04:09,388 INFO Noto Sans OldHung already registered with postscriptFont().
2025-10-13 00:04:09,388 INFO Noto Sans OldNorArab already registered with postscriptFont().
2025-10-13 00:04:09,388 INFO Noto Sans OldPersian already registered with postscriptFont().
2025-10-13 00:04:09,388 INFO Noto Sans OldSouArab already registered with postscriptFont().
2025-10-13 00:04:09,388 INFO Noto Sans Osage already registered with postscriptFont().
2025-10-13 00:04:09,388 INFO Noto Sans Osmanya already registered with postscriptFont().
2025-10-13 00:04:09,388 INFO Noto Sans Pahawh Hmong already registered with postscriptFont().
2025-10-13 00:04:09,388 INFO Noto Sans Palmyrene already registered with postscriptFont().
2025-10-13 00:04:09,388 INFO Noto Sans PauCinHau already registered with postscriptFont().
2025-10-13 00:04:09,388 INFO Noto Sans PhagsPa already registered with postscriptFont().
2025-10-13 00:04:09,389 INFO Noto Sans Phoenician already registered with postscriptFont().
2025-10-13 00:04:09,389 INFO Noto Sans PsaPahlavi already registered with postscriptFont().
2025-10-13 00:04:09,389 INFO Noto Sans Rejang already registered with postscriptFont().
2025-10-13 00:04:09,389 INFO Noto Sans Samaritan already registered with postscriptFont().
2025-10-13 00:04:09,389 INFO Noto Sans Saurashtra already registered with postscriptFont().
2025-10-13 00:04:09,389 INFO Noto Sans Sharada already registered with postscriptFont().
2025-10-13 00:04:09,389 INFO Noto Sans SoraSomp already registered with postscriptFont().
2025-10-13 00:04:09,389 INFO Noto Sans Sundanese already registered with postscriptFont().
2025-10-13 00:04:09,389 INFO Noto Sans Syloti Nagri already registered with postscriptFont().
2025-10-13 00:04:09,389 INFO Noto Sans Syriac already registered with postscriptFont().
2025-10-13 00:04:09,389 INFO Noto Sans Tagalog already registered with postscriptFont().
2025-10-13 00:04:09,389 INFO Noto Sans Tagbanwa already registered with postscriptFont().
2025-10-13 00:04:09,389 INFO Noto Sans Tai Le already registered with postscriptFont().
2025-10-13 00:04:09,389 INFO Noto Sans Tai Tham already registered with postscriptFont().
2025-10-13 00:04:09,389 INFO Noto Sans Tai Viet already registered with postscriptFont().
2025-10-13 00:04:09,389 INFO Noto Sans Takri already registered with postscriptFont().
2025-10-13 00:04:09,389 INFO Noto Sans Thaana already registered with postscriptFont().
2025-10-13 00:04:09,389 INFO Noto Sans Tirhuta already registered with postscriptFont().
2025-10-13 00:04:09,389 INFO Noto Sans Ugaritic already registered with postscriptFont().
2025-10-13 00:04:09,389 INFO Noto Sans Vai already registered with postscriptFont().
2025-10-13 00:04:09,389 INFO Noto Sans Wancho already registered with postscriptFont().
2025-10-13 00:04:09,389 INFO Noto Sans WarangCiti already registered with postscriptFont().
2025-10-13 00:04:09,389 INFO Noto Sans Yi already registered with postscriptFont().
2025-10-13 00:04:09,389 INFO Noto Serif Ahom already registered with postscriptFont().
2025-10-13 00:04:09,389 INFO Noto Serif Balinese already registered with postscriptFont().
2025-10-13 00:04:09,389 INFO Noto Serif Hmong Nyiakeng already registered with postscriptFont().
2025-10-13 00:04:09,389 INFO Party LET already registered with postscriptFont().
2025-10-13 00:04:09,389 INFO STIX Two Text already registered with postscriptFont().
2025-10-13 00:04:09,389 INFO System Font already registered with postscriptFont().
2025-10-13 00:04:09,389 INFO Tahoma already registered with postscriptFont().
2025-10-13 00:04:09,389 INFO Times New Roman already registered with postscriptFont().
2025-10-13 00:04:09,389 INFO Trattatello already registered with postscriptFont().
2025-10-13 00:04:09,389 INFO Trebuchet MS already registered with postscriptFont().
2025-10-13 00:04:09,389 INFO Verdana already registered with postscriptFont().
2025-10-13 00:04:09,389 INFO Webdings already registered with postscriptFont().
2025-10-13 00:04:09,389 INFO Wingdings already registered with postscriptFont().
2025-10-13 00:04:09,389 INFO Wingdings 2 already registered with postscriptFont().
2025-10-13 00:04:09,389 INFO Wingdings 3 already registered with postscriptFont().
2025-10-13 00:04:11,446 INFO tibble [106 × 5] (S3: tbl_df/tbl/data.frame)
2025-10-13 00:04:11,447 INFO  $ factorId    : chr [1:106] "23wCS9JSrBKELJBsD" "ccpEpPPCTN8xJhRgi" "e7aSmMi2BRxXS9naF" "GCk83zJJ9SsLakTQG" ...
2025-10-13 00:04:11,447 INFO  $ name        : chr [1:106] "true" "false" "true" "false" ...
2025-10-13 00:04:11,447 INFO  $ value       : chr [1:106] "true" "false" "true" "false" ...
2025-10-13 00:04:11,447 INFO  $ factorTypeId: chr [1:106] "yaKsaf9dZ4PFdoMmq" "yaKsaf9dZ4PFdoMmq" "grQBWBiMrGHmC7gt3" "grQBWBiMrGHmC7gt3" ...
2025-10-13 00:04:11,447 INFO  $ createdAt   : POSIXct[1:106], format: "2023-03-03 20:10:34" "2023-03-03 20:10:34" ...
2025-10-13 00:04:11,448 INFO tibble [53 × 9] (S3: tbl_df/tbl/data.frame)
2025-10-13 00:04:11,448 INFO  $ factorTypeId: chr [1:53] "SQ8YwZgE7o9HXfLwz" "nckkeNMafK6L7Nzzn" "MCgCiD7rDeJGXNa6c" "HMKzxgogMMFEY4pAk" ...
2025-10-13 00:04:11,448 INFO  $ name        : chr [1:53] "playerCount" "stageDuration" "introDuration" "outroDuration" ...
2025-10-13 00:04:11,448 INFO  $ required    : logi [1:53] TRUE TRUE TRUE TRUE TRUE TRUE ...
2025-10-13 00:04:11,448 INFO  $ description : chr [1:53] "The Number of players participating in the given game." "Determines how long (in seconds) a stage will last (the default length is 120 seconds)." "Determines how long (in seconds) intro steps per task will last (the default length is 120 seconds)." "Determines how long (in seconds) outro steps per task will last (the default length is 120 seconds)." ...
2025-10-13 00:04:11,448 INFO  $ type        : chr [1:53] "Integer" "Number" "Integer" "Integer" ...
2025-10-13 00:04:11,449 INFO  $ min         : num [1:53] 1 1 0 0 NA NA NA NA NA 0 ...
2025-10-13 00:04:11,449 INFO  $ max         : num [1:53] NA 1e+08 1e+08 1e+08 NA NA NA NA NA 1e+01 ...
2025-10-13 00:04:11,449 INFO  $ createdAt   : POSIXct[1:53], format: "2023-03-03 18:28:32" "2023-03-03 20:10:34" ...
2025-10-13 00:04:11,449 INFO  $ archivedAt  : POSIXct[1:53], format: NA NA ...
2025-10-13 00:04:11,449 INFO tibble [73 × 5] (S3: tbl_df/tbl/data.frame)
2025-10-13 00:04:11,449 INFO  $ treatmentId: chr [1:73] "JGAuoqRXYsNtmJQTY" "WDDmFJs6XmemL6TEf" "nme9yDDnXPfJvQmxA" "x5FvKgRqKpCgKm7aZ" ...
2025-10-13 00:04:11,450 INFO  $ name       : chr [1:73] "single" "double" "triple" "six" ...
2025-10-13 00:04:11,450 INFO  $ factorIds  : chr [1:73] "jXr5ZLctJgsTbsi9B,pJmctQkDCvnSBK3Wj,78NBWmXNk3oM2wDiz,RSDZmCux7CeKbQozZ,TBLxkCXgAteXXjLJY,e7aSmMi2BRxXS9naF,23w"| __truncated__ "XBAtfweTe8eHAdhPA,pJmctQkDCvnSBK3Wj,78NBWmXNk3oM2wDiz,RSDZmCux7CeKbQozZ,TBLxkCXgAteXXjLJY,23wCS9JSrBKELJBsD,e7a"| __truncated__ "22zXf9tr6X2bFR954,pJmctQkDCvnSBK3Wj,78NBWmXNk3oM2wDiz,RSDZmCux7CeKbQozZ,TBLxkCXgAteXXjLJY,23wCS9JSrBKELJBsD,e7a"| __truncated__ "vhi8DcLi6JC3Z4AmT,pJmctQkDCvnSBK3Wj,78NBWmXNk3oM2wDiz,RSDZmCux7CeKbQozZ,TBLxkCXgAteXXjLJY,23wCS9JSrBKELJBsD,e7a"| __truncated__ ...
2025-10-13 00:04:11,450 INFO  $ createdAt  : POSIXct[1:73], format: "2023-03-03 20:10:35" "2023-03-03 20:10:35" ...
2025-10-13 00:04:11,451 INFO  $ archivedAt : POSIXct[1:73], format: "2023-04-03 18:32:53" "2023-04-03 18:32:53" ...
2025-10-13 00:04:11,451 INFO No traceback available
2025-10-13 00:04:11,451 INFO Error: Can't show last error because no error was recorded yet
2025-10-13 00:04:11,451 INFO In addition: Warning messages:
2025-10-13 00:04:11,451 INFO 1: In system2(enc2native(ttf2pt1), c(args, shQuote(ttfiles[i]), shQuote(tmpfiles[i])),  :
2025-10-13 00:04:11,451 INFO   running command ''/Library/Frameworks/R.framework/Versions/4.5-arm64/Resources/library/Rttf2pt1/exec//ttf2pt1' -a -GfAe '/System/Library/Fonts/Apple Symbols.ttf' '/var/folders/73/jl9lgbkj511fwjxkl9cvw7q00000gq/T//RtmprpRTxt/fonts/Apple Symbols' 2>&1' had status 1
2025-10-13 00:04:11,451 INFO 2: In system2(enc2native(ttf2pt1), c(args, shQuote(ttfiles[i]), shQuote(tmpfiles[i])),  :
2025-10-13 00:04:11,451 INFO   running command ''/Library/Frameworks/R.framework/Versions/4.5-arm64/Resources/library/Rttf2pt1/exec//ttf2pt1' -a -GfAe '/System/Library/Fonts/Geneva.ttf' '/var/folders/73/jl9lgbkj511fwjxkl9cvw7q00000gq/T//RtmprpRTxt/fonts/Geneva' 2>&1' had status 1
2025-10-13 00:04:11,451 INFO 3: In system2(enc2native(ttf2pt1), c(args, shQuote(ttfiles[i]), shQuote(tmpfiles[i])),  :
2025-10-13 00:04:11,451 INFO   running command ''/Library/Frameworks/R.framework/Versions/4.5-arm64/Resources/library/Rttf2pt1/exec//ttf2pt1' -a -GfAe '/System/Library/Fonts/Supplemental/Chalkduster.ttf' '/var/folders/73/jl9lgbkj511fwjxkl9cvw7q00000gq/T//RtmprpRTxt/fonts/Chalkduster' 2>&1' had status 134
2025-10-13 00:04:11,451 INFO 4: In system2(enc2native(ttf2pt1), c(args, shQuote(ttfiles[i]), shQuote(tmpfiles[i])),  :
2025-10-13 00:04:11,451 INFO   running command ''/Library/Frameworks/R.framework/Versions/4.5-arm64/Resources/library/Rttf2pt1/exec//ttf2pt1' -a -GfAe '/System/Library/Fonts/Supplemental/Chalkduster.ttf' '/var/folders/73/jl9lgbkj511fwjxkl9cvw7q00000gq/T//RtmprpRTxt/fonts/Chalkduster' 2>&1' had status 134
2025-10-13 00:04:11,451 INFO 5: In system2(enc2native(ttf2pt1), c(args, shQuote(ttfiles[i]), shQuote(tmpfiles[i])),  :
2025-10-13 00:04:11,451 INFO   running command ''/Library/Frameworks/R.framework/Versions/4.5-arm64/Resources/library/Rttf2pt1/exec//ttf2pt1' -a -GfAe '/System/Library/Fonts/Supplemental/Kokonor.ttf' '/var/folders/73/jl9lgbkj511fwjxkl9cvw7q00000gq/T//RtmprpRTxt/fonts/Kokonor' 2>&1' had status 134
2025-10-13 00:04:11,451 INFO 6: In system2(enc2native(ttf2pt1), c(args, shQuote(ttfiles[i]), shQuote(tmpfiles[i])),  :
2025-10-13 00:04:11,451 INFO   running command ''/Library/Frameworks/R.framework/Versions/4.5-arm64/Resources/library/Rttf2pt1/exec//ttf2pt1' -a -GfAe '/System/Library/Fonts/Supplemental/Kokonor.ttf' '/var/folders/73/jl9lgbkj511fwjxkl9cvw7q00000gq/T//RtmprpRTxt/fonts/Kokonor' 2>&1' had status 134
2025-10-13 00:04:11,451 INFO 7: In system2(enc2native(ttf2pt1), c(args, shQuote(ttfiles[i]), shQuote(tmpfiles[i])),  :
2025-10-13 00:04:11,451 INFO   running command ''/Library/Frameworks/R.framework/Versions/4.5-arm64/Resources/library/Rttf2pt1/exec//ttf2pt1' -a -GfAe '/System/Library/Fonts/Supplemental/NISC18030.ttf' '/var/folders/73/jl9lgbkj511fwjxkl9cvw7q00000gq/T//RtmprpRTxt/fonts/NISC18030' 2>&1' had status 1
2025-10-13 00:04:11,451 INFO 8: In system2(enc2native(ttf2pt1), c(args, shQuote(ttfiles[i]), shQuote(tmpfiles[i])),  :
2025-10-13 00:04:11,451 INFO   running command ''/Library/Frameworks/R.framework/Versions/4.5-arm64/Resources/library/Rttf2pt1/exec//ttf2pt1' -a -GfAe '/System/Library/Fonts/Supplemental/NISC18030.ttf' '/var/folders/73/jl9lgbkj511fwjxkl9cvw7q00000gq/T//RtmprpRTxt/fonts/NISC18030' 2>&1' had status 1
2025-10-13 00:04:11,451 INFO 9: There were 3 warnings in `mutate()`.
2025-10-13 00:04:11,451 INFO The first warning was:
2025-10-13 00:04:11,451 INFO ℹ In argument: `data = purrr::map(...)`.
2025-10-13 00:04:11,451 INFO Caused by warning:
2025-10-13 00:04:11,451 INFO ! One or more parsing issues, call `problems()` on your data frame for details,
2025-10-13 00:04:11,451 INFO e.g.:
2025-10-13 00:04:11,451 INFO   dat <- vroom(...)
2025-10-13 00:04:11,451 INFO   problems(dat)
2025-10-13 00:04:11,451 INFO ℹ Run `dplyr::last_dplyr_warnings()` to see the 2 remaining warnings.
2025-10-13 00:04:11,451 INFO Execution halted
2025-10-13 00:04:11,479 ERROR Error during group_advantage.raw_data_cleaning after 51.131 sec
Traceback (most recent call last):
  File "/Users/xehu/Desktop/task-mapping/analysis/run_master.py", line 414, in time_callable
    res = func()
  File "/Users/xehu/Desktop/task-mapping/analysis/run_master.py", line 552, in <lambda>
    results.append(time_callable('group_advantage.raw_data_cleaning', lambda: run_r_script(r_script_clean)))
                                                                              ~~~~~~~~~~~~^^^^^^^^^^^^^^^^
  File "/Users/xehu/Desktop/task-mapping/analysis/run_master.py", line 355, in run_r_script
    raise RuntimeError(f'R script failed (exit {rc}): {r_path}')
RuntimeError: R script failed (exit 1): /Users/xehu/Desktop/task-mapping/analysis/analysis_group_advantage/raw_data_cleaning.R
