2025-10-12 23:46:16,620 INFO Starting analysis master script
2025-10-12 23:46:16,620 INFO Running group_advantage pipeline
2025-10-12 23:46:16,620 INFO Timing: group_advantage.raw_data_cleaning
2025-10-12 23:46:16,620 INFO Running R script /Users/xehu/Desktop/task-mapping/analysis/analysis_group_advantage/raw_data_cleaning.R
2025-10-12 23:46:16,620 INFO Running command: /usr/local/bin/Rscript -e set.seed(as.integer(Sys.getenv('ANALYSIS_SEED', '19104'))); source('raw_data_cleaning.R') (cwd=/Users/xehu/Desktop/task-mapping/analysis/analysis_group_advantage)
2025-10-12 23:46:16,739 INFO 
2025-10-12 23:46:16,739 INFO Attaching package: ‘pls’
2025-10-12 23:46:16,739 INFO 
2025-10-12 23:46:16,739 INFO The following object is masked from ‘package:stats’:
2025-10-12 23:46:16,739 INFO 
2025-10-12 23:46:16,739 INFO     loadings
2025-10-12 23:46:16,739 INFO 
2025-10-12 23:46:16,743 INFO randomForest 4.7-1.2
2025-10-12 23:46:16,743 INFO Type rfNews() to see new features/changes/bug fixes.
2025-10-12 23:46:17,285 INFO Loading required package: ggplot2
2025-10-12 23:46:17,538 INFO 
2025-10-12 23:46:17,538 INFO Attaching package: ‘ggplot2’
2025-10-12 23:46:17,538 INFO 
2025-10-12 23:46:17,539 INFO The following object is masked from ‘package:randomForest’:
2025-10-12 23:46:17,539 INFO 
2025-10-12 23:46:17,539 INFO     margin
2025-10-12 23:46:17,539 INFO 
2025-10-12 23:46:17,539 INFO Loading required package: lattice
2025-10-12 23:46:17,907 INFO 
2025-10-12 23:46:17,907 INFO Attaching package: ‘caret’
2025-10-12 23:46:17,907 INFO 
2025-10-12 23:46:17,907 INFO The following object is masked from ‘package:pls’:
2025-10-12 23:46:17,907 INFO 
2025-10-12 23:46:17,907 INFO     R2
2025-10-12 23:46:17,907 INFO 
2025-10-12 23:46:17,908 INFO Loading required package: foreach
2025-10-12 23:46:17,910 INFO Loading required package: iterators
2025-10-12 23:46:17,912 INFO Loading required package: parallel
2025-10-12 23:46:18,011 INFO Registering fonts with R
2025-10-12 23:46:18,058 INFO 
2025-10-12 23:46:18,058 INFO Please cite as:
2025-10-12 23:46:18,058 INFO 
2025-10-12 23:46:18,058 INFO  Hlavac, Marek (2022). stargazer: Well-Formatted Regression and Summary Statistics Tables.
2025-10-12 23:46:18,059 INFO  R package version 5.2.3. https://CRAN.R-project.org/package=stargazer
2025-10-12 23:46:18,059 INFO 
2025-10-12 23:46:18,109 INFO ── Attaching core tidyverse packages ──────────────────────── tidyverse 2.0.0 ──
2025-10-12 23:46:18,109 INFO ✔ dplyr     1.1.4     ✔ readr     2.1.5
2025-10-12 23:46:18,109 INFO ✔ forcats   1.0.1     ✔ stringr   1.5.2
2025-10-12 23:46:18,109 INFO ✔ lubridate 1.9.4     ✔ tibble    3.3.0
2025-10-12 23:46:18,109 INFO ✔ purrr     1.1.0     ✔ tidyr     1.3.1
2025-10-12 23:46:18,143 INFO ── Conflicts ────────────────────────────────────────── tidyverse_conflicts() ──
2025-10-12 23:46:18,143 INFO ✖ purrr::accumulate() masks foreach::accumulate()
2025-10-12 23:46:18,143 INFO ✖ dplyr::combine()    masks randomForest::combine()
2025-10-12 23:46:18,143 INFO ✖ dplyr::filter()     masks stats::filter()
2025-10-12 23:46:18,143 INFO ✖ purrr::flatten()    masks jsonlite::flatten()
2025-10-12 23:46:18,143 INFO ✖ dplyr::lag()        masks stats::lag()
2025-10-12 23:46:18,144 INFO ✖ purrr::lift()       masks caret::lift()
2025-10-12 23:46:18,144 INFO ✖ ggplot2::margin()   masks randomForest::margin()
2025-10-12 23:46:18,144 INFO ✖ dplyr::slice()      masks xgboost::slice()
2025-10-12 23:46:18,144 INFO ✖ purrr::when()       masks foreach::when()
2025-10-12 23:46:18,144 INFO ℹ Use the conflicted package (<http://conflicted.r-lib.org/>) to force all conflicts to become errors
2025-10-12 23:46:18,163 INFO Scanning ttf files in /Library/Fonts/, /System/Library/Fonts, /System/Library/Fonts/Supplemental, ~/Library/Fonts/ ...
2025-10-12 23:46:18,163 INFO Extracting .afm files from .ttf files...
2025-10-12 23:46:20,817 INFO /System/Library/Fonts/Supplemental/Arial Unicode.ttf : ArialUnicodeMS already registered in fonts database. Skipping.
2025-10-12 23:46:20,897 INFO /System/Library/Fonts/Apple Braille Outline 6 Dot.ttf : AppleBraille-Outline6Dot already registered in fonts database. Skipping.
2025-10-12 23:46:20,982 INFO /System/Library/Fonts/Apple Braille Outline 8 Dot.ttf : AppleBraille-Outline8Dot already registered in fonts database. Skipping.
2025-10-12 23:46:21,036 INFO /System/Library/Fonts/Apple Braille Pinpoint 6 Dot.ttf : AppleBraille-Pinpoint6Dot already registered in fonts database. Skipping.
2025-10-12 23:46:21,092 INFO /System/Library/Fonts/Apple Braille Pinpoint 8 Dot.ttf : AppleBraille-Pinpoint8Dot already registered in fonts database. Skipping.
2025-10-12 23:46:21,131 INFO /System/Library/Fonts/Apple Braille.ttf : AppleBraille already registered in fonts database. Skipping.
2025-10-12 23:46:21,155 INFO /System/Library/Fonts/Apple Symbols.ttf : No FontName. Skipping.
2025-10-12 23:46:21,176 INFO /System/Library/Fonts/Geneva.ttf : No FontName. Skipping.
2025-10-12 23:46:21,192 INFO /System/Library/Fonts/Keyboard.ttf : -Keyboard already registered in fonts database. Skipping.
2025-10-12 23:46:21,245 INFO /System/Library/Fonts/Monaco.ttf : No FontName. Skipping.
2025-10-12 23:46:21,335 INFO /System/Library/Fonts/NewYork.ttf : -NewYork-Regular already registered in fonts database. Skipping.
2025-10-12 23:46:21,414 INFO /System/Library/Fonts/NewYorkItalic.ttf : -NewYork-RegularItalic already registered in fonts database. Skipping.
2025-10-12 23:46:21,496 INFO /System/Library/Fonts/SFArabic.ttf : -SFArabic-Regular already registered in fonts database. Skipping.
2025-10-12 23:46:21,603 INFO /System/Library/Fonts/SFArabicRounded.ttf : -SFArabicRounded-Regular already registered in fonts database. Skipping.
2025-10-12 23:46:21,618 INFO /System/Library/Fonts/SFArmenian.ttf : -SFArmenian-Regular already registered in fonts database. Skipping.
2025-10-12 23:46:21,634 INFO /System/Library/Fonts/SFArmenianRounded.ttf : -SFArmenianRounded-Regular already registered in fonts database. Skipping.
2025-10-12 23:46:21,651 INFO /System/Library/Fonts/SFCamera.ttf : --SFCamera-Regular already registered in fonts database. Skipping.
2025-10-12 23:46:21,761 INFO /System/Library/Fonts/SFCompact.ttf : -SFCompact-Black already registered in fonts database. Skipping.
2025-10-12 23:46:21,852 INFO /System/Library/Fonts/SFCompactItalic.ttf : -SFCompact-BlackItalic already registered in fonts database. Skipping.
2025-10-12 23:46:21,966 INFO /System/Library/Fonts/SFCompactRounded.ttf : --SFCompactRounded-Regular already registered in fonts database. Skipping.
2025-10-12 23:46:21,982 INFO /System/Library/Fonts/SFGeorgian.ttf : -SFGeorgian-Regular already registered in fonts database. Skipping.
2025-10-12 23:46:22,000 INFO /System/Library/Fonts/SFGeorgianRounded.ttf : -SFGeorgianRounded-Regular already registered in fonts database. Skipping.
2025-10-12 23:46:22,011 INFO /System/Library/Fonts/SFHebrew.ttf : -SFHebrew-Regular already registered in fonts database. Skipping.
2025-10-12 23:46:22,023 INFO /System/Library/Fonts/SFHebrewRounded.ttf : -SFHebrewRounded-Regular already registered in fonts database. Skipping.
2025-10-12 23:46:22,146 INFO /System/Library/Fonts/SFNS.ttf : -SFNS-Regular already registered in fonts database. Skipping.
2025-10-12 23:46:22,230 INFO /System/Library/Fonts/SFNSItalic.ttf : -SFNS-RegularItalic already registered in fonts database. Skipping.
2025-10-12 23:46:22,284 INFO /System/Library/Fonts/SFNSMono.ttf : -SFNSMono-Light already registered in fonts database. Skipping.
2025-10-12 23:46:22,332 INFO /System/Library/Fonts/SFNSMonoItalic.ttf : -SFNSMono-LightItalic already registered in fonts database. Skipping.
2025-10-12 23:46:22,430 INFO /System/Library/Fonts/SFNSRounded.ttf : -SFNSRounded-Regular already registered in fonts database. Skipping.
2025-10-12 23:46:22,489 INFO /System/Library/Fonts/Supplemental/Academy Engraved LET Fonts.ttf : AcademyEngravedLetPlain already registered in fonts database. Skipping.
2025-10-12 23:46:22,547 INFO /System/Library/Fonts/Supplemental/Academy Engraved LET Fonts.ttf : AcademyEngravedLetPlain already registered in fonts database. Skipping.
2025-10-12 23:46:22,563 INFO /System/Library/Fonts/Supplemental/Andale Mono.ttf : AndaleMono already registered in fonts database. Skipping.
2025-10-12 23:46:22,580 INFO /System/Library/Fonts/Supplemental/Andale Mono.ttf : AndaleMono already registered in fonts database. Skipping.
2025-10-12 23:46:22,623 INFO /System/Library/Fonts/Supplemental/Apple Chancery.ttf : No FontName. Skipping.
2025-10-12 23:46:22,667 INFO /System/Library/Fonts/Supplemental/Apple Chancery.ttf : No FontName. Skipping.
2025-10-12 23:46:26,262 INFO /System/Library/Fonts/Supplemental/AppleGothic.ttf : No FontName. Skipping.
2025-10-12 23:46:29,888 INFO /System/Library/Fonts/Supplemental/AppleGothic.ttf : No FontName. Skipping.
2025-10-12 23:46:34,376 INFO /System/Library/Fonts/Supplemental/AppleMyungjo.ttf : AppleMyungjo already registered in fonts database. Skipping.
2025-10-12 23:46:38,577 INFO /System/Library/Fonts/Supplemental/AppleMyungjo.ttf : AppleMyungjo already registered in fonts database. Skipping.
2025-10-12 23:46:38,600 INFO /System/Library/Fonts/Supplemental/Arial Black.ttf : Arial-Black already registered in fonts database. Skipping.
2025-10-12 23:46:38,623 INFO /System/Library/Fonts/Supplemental/Arial Black.ttf : Arial-Black already registered in fonts database. Skipping.
2025-10-12 23:46:38,695 INFO /System/Library/Fonts/Supplemental/Arial Bold Italic.ttf : Arial-BoldItalicMT already registered in fonts database. Skipping.
2025-10-12 23:46:38,766 INFO /System/Library/Fonts/Supplemental/Arial Bold Italic.ttf : Arial-BoldItalicMT already registered in fonts database. Skipping.
2025-10-12 23:46:38,918 INFO /System/Library/Fonts/Supplemental/Arial Bold.ttf : Arial-BoldMT already registered in fonts database. Skipping.
2025-10-12 23:46:39,034 INFO /System/Library/Fonts/Supplemental/Arial Bold.ttf : Arial-BoldMT already registered in fonts database. Skipping.
2025-10-12 23:46:39,113 INFO /System/Library/Fonts/Supplemental/Arial Italic.ttf : Arial-ItalicMT already registered in fonts database. Skipping.
2025-10-12 23:46:39,192 INFO /System/Library/Fonts/Supplemental/Arial Italic.ttf : Arial-ItalicMT already registered in fonts database. Skipping.
2025-10-12 23:46:39,213 INFO /System/Library/Fonts/Supplemental/Arial Narrow Bold Italic.ttf : ArialNarrow-BoldItalic already registered in fonts database. Skipping.
2025-10-12 23:46:39,233 INFO /System/Library/Fonts/Supplemental/Arial Narrow Bold Italic.ttf : ArialNarrow-BoldItalic already registered in fonts database. Skipping.
2025-10-12 23:46:39,259 INFO /System/Library/Fonts/Supplemental/Arial Narrow Bold.ttf : ArialNarrow-Bold already registered in fonts database. Skipping.
2025-10-12 23:46:39,281 INFO /System/Library/Fonts/Supplemental/Arial Narrow Bold.ttf : ArialNarrow-Bold already registered in fonts database. Skipping.
2025-10-12 23:46:39,303 INFO /System/Library/Fonts/Supplemental/Arial Narrow Italic.ttf : ArialNarrow-Italic already registered in fonts database. Skipping.
2025-10-12 23:46:39,329 INFO /System/Library/Fonts/Supplemental/Arial Narrow Italic.ttf : ArialNarrow-Italic already registered in fonts database. Skipping.
2025-10-12 23:46:39,352 INFO /System/Library/Fonts/Supplemental/Arial Narrow.ttf : ArialNarrow already registered in fonts database. Skipping.
2025-10-12 23:46:39,383 INFO /System/Library/Fonts/Supplemental/Arial Narrow.ttf : ArialNarrow already registered in fonts database. Skipping.
2025-10-12 23:46:39,416 INFO /System/Library/Fonts/Supplemental/Arial Rounded Bold.ttf : ArialRoundedMTBold already registered in fonts database. Skipping.
2025-10-12 23:46:39,455 INFO /System/Library/Fonts/Supplemental/Arial Rounded Bold.ttf : ArialRoundedMTBold already registered in fonts database. Skipping.
2025-10-12 23:46:42,188 INFO /System/Library/Fonts/Supplemental/Arial Unicode.ttf : ArialUnicodeMS already registered in fonts database. Skipping.
2025-10-12 23:46:44,873 INFO /System/Library/Fonts/Supplemental/Arial Unicode.ttf : ArialUnicodeMS already registered in fonts database. Skipping.
2025-10-12 23:46:45,049 INFO /System/Library/Fonts/Supplemental/Arial.ttf : ArialMT already registered in fonts database. Skipping.
2025-10-12 23:46:45,168 INFO /System/Library/Fonts/Supplemental/Arial.ttf : ArialMT already registered in fonts database. Skipping.
2025-10-12 23:46:45,206 INFO /System/Library/Fonts/Supplemental/Ayuthaya.ttf : No FontName. Skipping.
2025-10-12 23:46:45,243 INFO /System/Library/Fonts/Supplemental/Ayuthaya.ttf : No FontName. Skipping.
2025-10-12 23:46:45,386 INFO /System/Library/Fonts/Supplemental/BigCaslon.ttf : No FontName. Skipping.
2025-10-12 23:46:45,531 INFO /System/Library/Fonts/Supplemental/BigCaslon.ttf : No FontName. Skipping.
2025-10-12 23:46:45,553 INFO /System/Library/Fonts/Supplemental/Bodoni 72 Smallcaps Book.ttf : BodoniSvtyTwoSCITCTT-Book already registered in fonts database. Skipping.
2025-10-12 23:46:45,575 INFO /System/Library/Fonts/Supplemental/Bodoni 72 Smallcaps Book.ttf : BodoniSvtyTwoSCITCTT-Book already registered in fonts database. Skipping.
2025-10-12 23:46:45,607 INFO /System/Library/Fonts/Supplemental/Bodoni Ornaments.ttf : BodoniOrnamentsITCTT already registered in fonts database. Skipping.
2025-10-12 23:46:45,638 INFO /System/Library/Fonts/Supplemental/Bodoni Ornaments.ttf : BodoniOrnamentsITCTT already registered in fonts database. Skipping.
2025-10-12 23:46:45,932 INFO /System/Library/Fonts/Supplemental/Bradley Hand Bold.ttf : Bradley-Hand-Bold already registered in fonts database. Skipping.
2025-10-12 23:46:46,212 INFO /System/Library/Fonts/Supplemental/Bradley Hand Bold.ttf : Bradley-Hand-Bold already registered in fonts database. Skipping.
2025-10-12 23:46:46,381 INFO /System/Library/Fonts/Supplemental/Brush Script.ttf : BrushScriptMT already registered in fonts database. Skipping.
2025-10-12 23:46:46,546 INFO /System/Library/Fonts/Supplemental/Brush Script.ttf : BrushScriptMT already registered in fonts database. Skipping.
2025-10-12 23:46:46,564 INFO /System/Library/Fonts/Supplemental/Chalkduster.ttfsh: line 1: 15991 Abort trap: 6           '/Library/Frameworks/R.framework/Versions/4.5-arm64/Resources/library/Rttf2pt1/exec//ttf2pt1' -a -GfAe '/System/Library/Fonts/Supplemental/Chalkduster.ttf' '/var/folders/73/jl9lgbkj511fwjxkl9cvw7q00000gq/T//Rtmpq90blK/fonts/Chalkduster' 2>&1
2025-10-12 23:46:46,564 INFO  : No FontName. Skipping.
2025-10-12 23:46:46,582 INFO /System/Library/Fonts/Supplemental/Chalkduster.ttfsh: line 1: 15993 Abort trap: 6           '/Library/Frameworks/R.framework/Versions/4.5-arm64/Resources/library/Rttf2pt1/exec//ttf2pt1' -a -GfAe '/System/Library/Fonts/Supplemental/Chalkduster.ttf' '/var/folders/73/jl9lgbkj511fwjxkl9cvw7q00000gq/T//Rtmpq90blK/fonts/Chalkduster' 2>&1
2025-10-12 23:46:46,582 INFO  : No FontName. Skipping.
2025-10-12 23:46:46,643 INFO /System/Library/Fonts/Supplemental/Comic Sans MS Bold.ttf : ComicSansMS-Bold already registered in fonts database. Skipping.
2025-10-12 23:46:46,703 INFO /System/Library/Fonts/Supplemental/Comic Sans MS Bold.ttf : ComicSansMS-Bold already registered in fonts database. Skipping.
2025-10-12 23:46:46,753 INFO /System/Library/Fonts/Supplemental/Comic Sans MS.ttf : ComicSansMS already registered in fonts database. Skipping.
2025-10-12 23:46:46,802 INFO /System/Library/Fonts/Supplemental/Comic Sans MS.ttf : ComicSansMS already registered in fonts database. Skipping.
2025-10-12 23:46:46,906 INFO /System/Library/Fonts/Supplemental/Courier New Bold Italic.ttf : CourierNewPS-BoldItalicMT already registered in fonts database. Skipping.
2025-10-12 23:46:47,011 INFO /System/Library/Fonts/Supplemental/Courier New Bold Italic.ttf : CourierNewPS-BoldItalicMT already registered in fonts database. Skipping.
2025-10-12 23:46:47,139 INFO /System/Library/Fonts/Supplemental/Courier New Bold.ttf : CourierNewPS-BoldMT already registered in fonts database. Skipping.
2025-10-12 23:46:47,271 INFO /System/Library/Fonts/Supplemental/Courier New Bold.ttf : CourierNewPS-BoldMT already registered in fonts database. Skipping.
2025-10-12 23:46:47,371 INFO /System/Library/Fonts/Supplemental/Courier New Italic.ttf : CourierNewPS-ItalicMT already registered in fonts database. Skipping.
2025-10-12 23:46:47,474 INFO /System/Library/Fonts/Supplemental/Courier New Italic.ttf : CourierNewPS-ItalicMT already registered in fonts database. Skipping.
2025-10-12 23:46:47,592 INFO /System/Library/Fonts/Supplemental/Courier New.ttf : CourierNewPSMT already registered in fonts database. Skipping.
2025-10-12 23:46:47,706 INFO /System/Library/Fonts/Supplemental/Courier New.ttf : CourierNewPSMT already registered in fonts database. Skipping.
2025-10-12 23:46:47,763 INFO /System/Library/Fonts/Supplemental/DIN Alternate Bold.ttf : DINAlternate-Bold already registered in fonts database. Skipping.
2025-10-12 23:46:47,821 INFO /System/Library/Fonts/Supplemental/DIN Alternate Bold.ttf : DINAlternate-Bold already registered in fonts database. Skipping.
2025-10-12 23:46:47,891 INFO /System/Library/Fonts/Supplemental/DIN Condensed Bold.ttf : DINCondensed-Bold already registered in fonts database. Skipping.
2025-10-12 23:46:47,979 INFO /System/Library/Fonts/Supplemental/DIN Condensed Bold.ttf : DINCondensed-Bold already registered in fonts database. Skipping.
2025-10-12 23:46:48,160 INFO /System/Library/Fonts/Supplemental/Diwan Thuluth.ttf : No FontName. Skipping.
2025-10-12 23:46:48,388 INFO /System/Library/Fonts/Supplemental/Diwan Thuluth.ttf : No FontName. Skipping.
2025-10-12 23:46:48,505 INFO /System/Library/Fonts/Supplemental/Farisi.ttf : No FontName. Skipping.
2025-10-12 23:46:48,620 INFO /System/Library/Fonts/Supplemental/Farisi.ttf : No FontName. Skipping.
2025-10-12 23:46:48,708 INFO /System/Library/Fonts/Supplemental/Georgia Bold Italic.ttf : Georgia-BoldItalic already registered in fonts database. Skipping.
2025-10-12 23:46:48,805 INFO /System/Library/Fonts/Supplemental/Georgia Bold Italic.ttf : Georgia-BoldItalic already registered in fonts database. Skipping.
2025-10-12 23:46:48,900 INFO /System/Library/Fonts/Supplemental/Georgia Bold.ttf : Georgia-Bold already registered in fonts database. Skipping.
2025-10-12 23:46:48,991 INFO /System/Library/Fonts/Supplemental/Georgia Bold.ttf : Georgia-Bold already registered in fonts database. Skipping.
2025-10-12 23:46:49,080 INFO /System/Library/Fonts/Supplemental/Georgia Italic.ttf : Georgia-Italic already registered in fonts database. Skipping.
2025-10-12 23:46:49,164 INFO /System/Library/Fonts/Supplemental/Georgia Italic.ttf : Georgia-Italic already registered in fonts database. Skipping.
2025-10-12 23:46:49,261 INFO /System/Library/Fonts/Supplemental/Georgia.ttf : Georgia already registered in fonts database. Skipping.
2025-10-12 23:46:49,358 INFO /System/Library/Fonts/Supplemental/Georgia.ttf : Georgia already registered in fonts database. Skipping.
2025-10-12 23:46:49,369 INFO /System/Library/Fonts/Supplemental/Gurmukhi.ttf : No FontName. Skipping.
2025-10-12 23:46:49,378 INFO /System/Library/Fonts/Supplemental/Gurmukhi.ttf : No FontName. Skipping.
2025-10-12 23:46:49,448 INFO /System/Library/Fonts/Supplemental/Herculanum.ttf : No FontName. Skipping.
2025-10-12 23:46:49,514 INFO /System/Library/Fonts/Supplemental/Herculanum.ttf : No FontName. Skipping.
2025-10-12 23:46:49,525 INFO /System/Library/Fonts/Supplemental/Hoefler Text Ornaments.ttf : No FontName. Skipping.
2025-10-12 23:46:49,537 INFO /System/Library/Fonts/Supplemental/Hoefler Text Ornaments.ttf : No FontName. Skipping.
2025-10-12 23:46:49,570 INFO /System/Library/Fonts/Supplemental/Impact.ttf : Impact already registered in fonts database. Skipping.
2025-10-12 23:46:49,603 INFO /System/Library/Fonts/Supplemental/Impact.ttf : Impact already registered in fonts database. Skipping.
2025-10-12 23:46:49,681 INFO /System/Library/Fonts/Supplemental/Khmer Sangam MN.ttf : KhmerSangamMN already registered in fonts database. Skipping.
2025-10-12 23:46:49,762 INFO /System/Library/Fonts/Supplemental/Khmer Sangam MN.ttf : KhmerSangamMN already registered in fonts database. Skipping.
2025-10-12 23:46:49,804 INFO /System/Library/Fonts/Supplemental/Kokonor.ttfsh: line 1: 16074 Abort trap: 6           '/Library/Frameworks/R.framework/Versions/4.5-arm64/Resources/library/Rttf2pt1/exec//ttf2pt1' -a -GfAe '/System/Library/Fonts/Supplemental/Kokonor.ttf' '/var/folders/73/jl9lgbkj511fwjxkl9cvw7q00000gq/T//Rtmpq90blK/fonts/Kokonor' 2>&1
2025-10-12 23:46:49,804 INFO  : No FontName. Skipping.
2025-10-12 23:46:49,847 INFO /System/Library/Fonts/Supplemental/Kokonor.ttfsh: line 1: 16076 Abort trap: 6           '/Library/Frameworks/R.framework/Versions/4.5-arm64/Resources/library/Rttf2pt1/exec//ttf2pt1' -a -GfAe '/System/Library/Fonts/Supplemental/Kokonor.ttf' '/var/folders/73/jl9lgbkj511fwjxkl9cvw7q00000gq/T//Rtmpq90blK/fonts/Kokonor' 2>&1
2025-10-12 23:46:49,847 INFO  : No FontName. Skipping.
2025-10-12 23:46:49,870 INFO /System/Library/Fonts/Supplemental/Krungthep.ttf : No FontName. Skipping.
2025-10-12 23:46:49,891 INFO /System/Library/Fonts/Supplemental/Krungthep.ttf : No FontName. Skipping.
2025-10-12 23:46:49,922 INFO /System/Library/Fonts/Supplemental/Lao Sangam MN.ttf : LaoSangamMN already registered in fonts database. Skipping.
2025-10-12 23:46:49,953 INFO /System/Library/Fonts/Supplemental/Lao Sangam MN.ttf : LaoSangamMN already registered in fonts database. Skipping.
2025-10-12 23:46:50,387 INFO /System/Library/Fonts/Supplemental/Luminari.ttf : Luminari-Regular already registered in fonts database. Skipping.
2025-10-12 23:46:50,982 INFO /System/Library/Fonts/Supplemental/Luminari.ttf : Luminari-Regular already registered in fonts database. Skipping.
2025-10-12 23:46:51,053 INFO /System/Library/Fonts/Supplemental/Microsoft Sans Serif.ttf : MicrosoftSansSerif already registered in fonts database. Skipping.
2025-10-12 23:46:51,123 INFO /System/Library/Fonts/Supplemental/Microsoft Sans Serif.ttf : MicrosoftSansSerif already registered in fonts database. Skipping.
2025-10-12 23:46:51,294 INFO /System/Library/Fonts/Supplemental/Mishafi Gold.ttf : No FontName. Skipping.
2025-10-12 23:46:51,465 INFO /System/Library/Fonts/Supplemental/Mishafi Gold.ttf : No FontName. Skipping.
2025-10-12 23:46:51,862 INFO /System/Library/Fonts/Supplemental/Mishafi.ttf : No FontName. Skipping.
2025-10-12 23:46:52,261 INFO /System/Library/Fonts/Supplemental/Mishafi.ttf : No FontName. Skipping.
2025-10-12 23:46:52,266 INFO /System/Library/Fonts/Supplemental/NISC18030.ttf : No FontName. Skipping.
2025-10-12 23:46:52,271 INFO /System/Library/Fonts/Supplemental/NISC18030.ttf : No FontName. Skipping.
2025-10-12 23:46:52,293 INFO /System/Library/Fonts/Supplemental/NotoSansAdlam-Regular.ttf : NotoSansAdlam-Regular already registered in fonts database. Skipping.
2025-10-12 23:46:52,314 INFO /System/Library/Fonts/Supplemental/NotoSansAdlam-Regular.ttf : NotoSansAdlam-Regular already registered in fonts database. Skipping.
2025-10-12 23:46:52,323 INFO /System/Library/Fonts/Supplemental/NotoSansAvestan-Regular.ttf : NotoSansAvestan-Regular already registered in fonts database. Skipping.
2025-10-12 23:46:52,333 INFO /System/Library/Fonts/Supplemental/NotoSansAvestan-Regular.ttf : NotoSansAvestan-Regular already registered in fonts database. Skipping.
2025-10-12 23:46:52,384 INFO /System/Library/Fonts/Supplemental/NotoSansBamum-Regular.ttf : NotoSansBamum-Regular already registered in fonts database. Skipping.
2025-10-12 23:46:52,434 INFO /System/Library/Fonts/Supplemental/NotoSansBamum-Regular.ttf : NotoSansBamum-Regular already registered in fonts database. Skipping.
2025-10-12 23:46:52,519 INFO /System/Library/Fonts/Supplemental/NotoSansBassaVah-Regular.ttf : NotoSansBassaVah-Regular already registered in fonts database. Skipping.
2025-10-12 23:46:52,527 INFO /System/Library/Fonts/Supplemental/NotoSansBassaVah-Regular.ttf : NotoSansBassaVah-Regular already registered in fonts database. Skipping.
2025-10-12 23:46:52,542 INFO /System/Library/Fonts/Supplemental/NotoSansBatak-Regular.ttf : NotoSansBatak-Regular already registered in fonts database. Skipping.
2025-10-12 23:46:52,558 INFO /System/Library/Fonts/Supplemental/NotoSansBatak-Regular.ttf : NotoSansBatak-Regular already registered in fonts database. Skipping.
2025-10-12 23:46:52,670 INFO /System/Library/Fonts/Supplemental/NotoSansBhaiksuki-Regular.ttf : NotoSansBhaiksuki-Regular already registered in fonts database. Skipping.
2025-10-12 23:46:52,781 INFO /System/Library/Fonts/Supplemental/NotoSansBhaiksuki-Regular.ttf : NotoSansBhaiksuki-Regular already registered in fonts database. Skipping.
2025-10-12 23:46:52,795 INFO /System/Library/Fonts/Supplemental/NotoSansBrahmi-Regular.ttf : NotoSansBrahmi-Regular already registered in fonts database. Skipping.
2025-10-12 23:46:52,809 INFO /System/Library/Fonts/Supplemental/NotoSansBrahmi-Regular.ttf : NotoSansBrahmi-Regular already registered in fonts database. Skipping.
2025-10-12 23:46:52,817 INFO /System/Library/Fonts/Supplemental/NotoSansBuginese-Regular.ttf : NotoSansBuginese-Regular already registered in fonts database. Skipping.
2025-10-12 23:46:52,823 INFO /System/Library/Fonts/Supplemental/NotoSansBuginese-Regular.ttf : NotoSansBuginese-Regular already registered in fonts database. Skipping.
2025-10-12 23:46:52,829 INFO /System/Library/Fonts/Supplemental/NotoSansBuhid-Regular.ttf : NotoSansBuhid-Regular already registered in fonts database. Skipping.
2025-10-12 23:46:52,836 INFO /System/Library/Fonts/Supplemental/NotoSansBuhid-Regular.ttf : NotoSansBuhid-Regular already registered in fonts database. Skipping.
2025-10-12 23:46:52,843 INFO /System/Library/Fonts/Supplemental/NotoSansCarian-Regular.ttf : NotoSansCarian-Regular already registered in fonts database. Skipping.
2025-10-12 23:46:52,851 INFO /System/Library/Fonts/Supplemental/NotoSansCarian-Regular.ttf : NotoSansCarian-Regular already registered in fonts database. Skipping.
2025-10-12 23:46:52,862 INFO /System/Library/Fonts/Supplemental/NotoSansCaucasianAlbanian-Regular.ttf : NotoSansCaucasianAlbanian-Regular already registered in fonts database. Skipping.
2025-10-12 23:46:52,873 INFO /System/Library/Fonts/Supplemental/NotoSansCaucasianAlbanian-Regular.ttf : NotoSansCaucasianAlbanian-Regular already registered in fonts database. Skipping.
2025-10-12 23:46:52,890 INFO /System/Library/Fonts/Supplemental/NotoSansChakma-Regular.ttf : NotoSansChakma-Regular already registered in fonts database. Skipping.
2025-10-12 23:46:52,907 INFO /System/Library/Fonts/Supplemental/NotoSansChakma-Regular.ttf : NotoSansChakma-Regular already registered in fonts database. Skipping.
2025-10-12 23:46:52,920 INFO /System/Library/Fonts/Supplemental/NotoSansCham-Regular.ttf : NotoSansCham-Regular already registered in fonts database. Skipping.
2025-10-12 23:46:52,933 INFO /System/Library/Fonts/Supplemental/NotoSansCham-Regular.ttf : NotoSansCham-Regular already registered in fonts database. Skipping.
2025-10-12 23:46:52,945 INFO /System/Library/Fonts/Supplemental/NotoSansCoptic-Regular.ttf : NotoSansCoptic-Regular already registered in fonts database. Skipping.
2025-10-12 23:46:52,957 INFO /System/Library/Fonts/Supplemental/NotoSansCoptic-Regular.ttf : NotoSansCoptic-Regular already registered in fonts database. Skipping.
2025-10-12 23:46:53,252 INFO /System/Library/Fonts/Supplemental/NotoSansCuneiform-Regular.ttf : NotoSansCuneiform-Regular already registered in fonts database. Skipping.
2025-10-12 23:46:53,561 INFO /System/Library/Fonts/Supplemental/NotoSansCuneiform-Regular.ttf : NotoSansCuneiform-Regular already registered in fonts database. Skipping.
2025-10-12 23:46:53,571 INFO /System/Library/Fonts/Supplemental/NotoSansCypriot-Regular.ttf : NotoSansCypriot-Regular already registered in fonts database. Skipping.
2025-10-12 23:46:53,580 INFO /System/Library/Fonts/Supplemental/NotoSansCypriot-Regular.ttf : NotoSansCypriot-Regular already registered in fonts database. Skipping.
2025-10-12 23:46:53,594 INFO /System/Library/Fonts/Supplemental/NotoSansDuployan-Regular.ttf : NotoSansDuployan-Regular already registered in fonts database. Skipping.
2025-10-12 23:46:53,605 INFO /System/Library/Fonts/Supplemental/NotoSansDuployan-Regular.ttf : NotoSansDuployan-Regular already registered in fonts database. Skipping.
2025-10-12 23:46:53,920 INFO /System/Library/Fonts/Supplemental/NotoSansEgyptianHieroglyphs-Regular.ttf : NotoSansEgyptianHieroglyphs-Regular already registered in fonts database. Skipping.
2025-10-12 23:46:54,220 INFO /System/Library/Fonts/Supplemental/NotoSansEgyptianHieroglyphs-Regular.ttf : NotoSansEgyptianHieroglyphs-Regular already registered in fonts database. Skipping.
2025-10-12 23:46:54,228 INFO /System/Library/Fonts/Supplemental/NotoSansElbasan-Regular.ttf : NotoSansElbasan-Regular already registered in fonts database. Skipping.
2025-10-12 23:46:54,236 INFO /System/Library/Fonts/Supplemental/NotoSansElbasan-Regular.ttf : NotoSansElbasan-Regular already registered in fonts database. Skipping.
2025-10-12 23:46:54,247 INFO /System/Library/Fonts/Supplemental/NotoSansGlagolitic-Regular.ttf : NotoSansGlagolitic-Regular already registered in fonts database. Skipping.
2025-10-12 23:46:54,259 INFO /System/Library/Fonts/Supplemental/NotoSansGlagolitic-Regular.ttf : NotoSansGlagolitic-Regular already registered in fonts database. Skipping.
2025-10-12 23:46:54,266 INFO /System/Library/Fonts/Supplemental/NotoSansGothic-Regular.ttf : NotoSansGothic-Regular already registered in fonts database. Skipping.
2025-10-12 23:46:54,272 INFO /System/Library/Fonts/Supplemental/NotoSansGothic-Regular.ttf : NotoSansGothic-Regular already registered in fonts database. Skipping.
2025-10-12 23:46:54,285 INFO /System/Library/Fonts/Supplemental/NotoSansHanifiRohingya-Regular.ttf : NotoSansHanifiRohingya-Regular already registered in fonts database. Skipping.
2025-10-12 23:46:54,297 INFO /System/Library/Fonts/Supplemental/NotoSansHanifiRohingya-Regular.ttf : NotoSansHanifiRohingya-Regular already registered in fonts database. Skipping.
2025-10-12 23:46:54,305 INFO /System/Library/Fonts/Supplemental/NotoSansHanunoo-Regular.ttf : NotoSansHanunoo-Regular already registered in fonts database. Skipping.
2025-10-12 23:46:54,312 INFO /System/Library/Fonts/Supplemental/NotoSansHanunoo-Regular.ttf : NotoSansHanunoo-Regular already registered in fonts database. Skipping.
2025-10-12 23:46:54,319 INFO /System/Library/Fonts/Supplemental/NotoSansHatran-Regular.ttf : NotoSansHatran-Regular already registered in fonts database. Skipping.
2025-10-12 23:46:54,326 INFO /System/Library/Fonts/Supplemental/NotoSansHatran-Regular.ttf : NotoSansHatran-Regular already registered in fonts database. Skipping.
2025-10-12 23:46:54,335 INFO /System/Library/Fonts/Supplemental/NotoSansImperialAramaic-Regular.ttf : NotoSansImperialAramaic-Regular already registered in fonts database. Skipping.
2025-10-12 23:46:54,343 INFO /System/Library/Fonts/Supplemental/NotoSansImperialAramaic-Regular.ttf : NotoSansImperialAramaic-Regular already registered in fonts database. Skipping.
2025-10-12 23:46:54,350 INFO /System/Library/Fonts/Supplemental/NotoSansInscriptionalPahlavi-Regular.ttf : NotoSansInscriptionalPahlavi-Regular already registered in fonts database. Skipping.
2025-10-12 23:46:54,357 INFO /System/Library/Fonts/Supplemental/NotoSansInscriptionalPahlavi-Regular.ttf : NotoSansInscriptionalPahlavi-Regular already registered in fonts database. Skipping.
2025-10-12 23:46:54,365 INFO /System/Library/Fonts/Supplemental/NotoSansInscriptionalParthian-Regular.ttf : NotoSansInscriptionalParthian-Regular already registered in fonts database. Skipping.
2025-10-12 23:46:54,375 INFO /System/Library/Fonts/Supplemental/NotoSansInscriptionalParthian-Regular.ttf : NotoSansInscriptionalParthian-Regular already registered in fonts database. Skipping.
2025-10-12 23:46:54,406 INFO /System/Library/Fonts/Supplemental/NotoSansKaithi-Regular.ttf : NotoSansKaithi-Regular already registered in fonts database. Skipping.
2025-10-12 23:46:54,433 INFO /System/Library/Fonts/Supplemental/NotoSansKaithi-Regular.ttf : NotoSansKaithi-Regular already registered in fonts database. Skipping.
2025-10-12 23:46:54,454 INFO /System/Library/Fonts/Supplemental/NotoSansKayahLi-Regular.ttf : NotoSansKayahLi-Regular already registered in fonts database. Skipping.
2025-10-12 23:46:54,463 INFO /System/Library/Fonts/Supplemental/NotoSansKayahLi-Regular.ttf : NotoSansKayahLi-Regular already registered in fonts database. Skipping.
2025-10-12 23:46:54,475 INFO /System/Library/Fonts/Supplemental/NotoSansKharoshthi-Regular.ttf : NotoSansKharoshthi-Regular already registered in fonts database. Skipping.
2025-10-12 23:46:54,487 INFO /System/Library/Fonts/Supplemental/NotoSansKharoshthi-Regular.ttf : NotoSansKharoshthi-Regular already registered in fonts database. Skipping.
2025-10-12 23:46:54,507 INFO /System/Library/Fonts/Supplemental/NotoSansKhojki-Regular.ttf : NotoSansKhojki-Regular already registered in fonts database. Skipping.
2025-10-12 23:46:54,527 INFO /System/Library/Fonts/Supplemental/NotoSansKhojki-Regular.ttf : NotoSansKhojki-Regular already registered in fonts database. Skipping.
2025-10-12 23:46:54,538 INFO /System/Library/Fonts/Supplemental/NotoSansKhudawadi-Regular.ttf : NotoSansKhudawadi-Regular already registered in fonts database. Skipping.
2025-10-12 23:46:54,549 INFO /System/Library/Fonts/Supplemental/NotoSansKhudawadi-Regular.ttf : NotoSansKhudawadi-Regular already registered in fonts database. Skipping.
2025-10-12 23:46:54,559 INFO /System/Library/Fonts/Supplemental/NotoSansLepcha-Regular.ttf : NotoSansLepcha-Regular already registered in fonts database. Skipping.
2025-10-12 23:46:54,569 INFO /System/Library/Fonts/Supplemental/NotoSansLepcha-Regular.ttf : NotoSansLepcha-Regular already registered in fonts database. Skipping.
2025-10-12 23:46:54,579 INFO /System/Library/Fonts/Supplemental/NotoSansLimbu-Regular.ttf : NotoSansLimbu-Regular already registered in fonts database. Skipping.
2025-10-12 23:46:54,588 INFO /System/Library/Fonts/Supplemental/NotoSansLimbu-Regular.ttf : NotoSansLimbu-Regular already registered in fonts database. Skipping.
2025-10-12 23:46:54,611 INFO /System/Library/Fonts/Supplemental/NotoSansLinearA-Regular.ttf : NotoSansLinearA-Regular already registered in fonts database. Skipping.
2025-10-12 23:46:54,633 INFO /System/Library/Fonts/Supplemental/NotoSansLinearA-Regular.ttf : NotoSansLinearA-Regular already registered in fonts database. Skipping.
2025-10-12 23:46:54,660 INFO /System/Library/Fonts/Supplemental/NotoSansLinearB-Regular.ttf : NotoSansLinearB-Regular already registered in fonts database. Skipping.
2025-10-12 23:46:54,687 INFO /System/Library/Fonts/Supplemental/NotoSansLinearB-Regular.ttf : NotoSansLinearB-Regular already registered in fonts database. Skipping.
2025-10-12 23:46:54,694 INFO /System/Library/Fonts/Supplemental/NotoSansLisu-Regular.ttf : NotoSansLisu-Regular already registered in fonts database. Skipping.
2025-10-12 23:46:54,701 INFO /System/Library/Fonts/Supplemental/NotoSansLisu-Regular.ttf : NotoSansLisu-Regular already registered in fonts database. Skipping.
2025-10-12 23:46:54,707 INFO /System/Library/Fonts/Supplemental/NotoSansLycian-Regular.ttf : NotoSansLycian-Regular already registered in fonts database. Skipping.
2025-10-12 23:46:54,714 INFO /System/Library/Fonts/Supplemental/NotoSansLycian-Regular.ttf : NotoSansLycian-Regular already registered in fonts database. Skipping.
2025-10-12 23:46:54,720 INFO /System/Library/Fonts/Supplemental/NotoSansLydian-Regular.ttf : NotoSansLydian-Regular already registered in fonts database. Skipping.
2025-10-12 23:46:54,726 INFO /System/Library/Fonts/Supplemental/NotoSansLydian-Regular.ttf : NotoSansLydian-Regular already registered in fonts database. Skipping.
2025-10-12 23:46:54,737 INFO /System/Library/Fonts/Supplemental/NotoSansMahajani-Regular.ttf : NotoSansMahajani-Regular already registered in fonts database. Skipping.
2025-10-12 23:46:54,747 INFO /System/Library/Fonts/Supplemental/NotoSansMahajani-Regular.ttf : NotoSansMahajani-Regular already registered in fonts database. Skipping.
2025-10-12 23:46:54,764 INFO /System/Library/Fonts/Supplemental/NotoSansMandaic-Regular.ttf : NotoSansMandaic-Regular already registered in fonts database. Skipping.
2025-10-12 23:46:54,777 INFO /System/Library/Fonts/Supplemental/NotoSansMandaic-Regular.ttf : NotoSansMandaic-Regular already registered in fonts database. Skipping.
2025-10-12 23:46:54,791 INFO /System/Library/Fonts/Supplemental/NotoSansManichaean-Regular.ttf : NotoSansManichaean-Regular already registered in fonts database. Skipping.
2025-10-12 23:46:54,805 INFO /System/Library/Fonts/Supplemental/NotoSansManichaean-Regular.ttf : NotoSansManichaean-Regular already registered in fonts database. Skipping.
2025-10-12 23:46:54,834 INFO /System/Library/Fonts/Supplemental/NotoSansMarchen-Regular.ttf : NotoSansMarchen-Regular already registered in fonts database. Skipping.
2025-10-12 23:46:54,865 INFO /System/Library/Fonts/Supplemental/NotoSansMarchen-Regular.ttf : NotoSansMarchen-Regular already registered in fonts database. Skipping.
2025-10-12 23:46:54,876 INFO /System/Library/Fonts/Supplemental/NotoSansMeeteiMayek-Regular.ttf : NotoSansMeeteiMayek-Regular already registered in fonts database. Skipping.
2025-10-12 23:46:54,886 INFO /System/Library/Fonts/Supplemental/NotoSansMeeteiMayek-Regular.ttf : NotoSansMeeteiMayek-Regular already registered in fonts database. Skipping.
2025-10-12 23:46:54,903 INFO /System/Library/Fonts/Supplemental/NotoSansMendeKikakui-Regular.ttf : NotoSansMendeKikakui-Regular already registered in fonts database. Skipping.
2025-10-12 23:46:54,920 INFO /System/Library/Fonts/Supplemental/NotoSansMendeKikakui-Regular.ttf : NotoSansMendeKikakui-Regular already registered in fonts database. Skipping.
2025-10-12 23:46:54,937 INFO /System/Library/Fonts/Supplemental/NotoSansMeroitic-Regular.ttf : NotoSansMeroitic-Regular already registered in fonts database. Skipping.
2025-10-12 23:46:54,954 INFO /System/Library/Fonts/Supplemental/NotoSansMeroitic-Regular.ttf : NotoSansMeroitic-Regular already registered in fonts database. Skipping.
2025-10-12 23:46:54,970 INFO /System/Library/Fonts/Supplemental/NotoSansMiao-Regular.ttf : NotoSansMiao-Regular already registered in fonts database. Skipping.
2025-10-12 23:46:54,984 INFO /System/Library/Fonts/Supplemental/NotoSansMiao-Regular.ttf : NotoSansMiao-Regular already registered in fonts database. Skipping.
2025-10-12 23:46:55,001 INFO /System/Library/Fonts/Supplemental/NotoSansModi-Regular.ttf : NotoSansModi-Regular already registered in fonts database. Skipping.
2025-10-12 23:46:55,018 INFO /System/Library/Fonts/Supplemental/NotoSansModi-Regular.ttf : NotoSansModi-Regular already registered in fonts database. Skipping.
2025-10-12 23:46:55,081 INFO /System/Library/Fonts/Supplemental/NotoSansMongolian-Regular.ttf : NotoSansMongolian-Regular already registered in fonts database. Skipping.
2025-10-12 23:46:55,143 INFO /System/Library/Fonts/Supplemental/NotoSansMongolian-Regular.ttf : NotoSansMongolian-Regular already registered in fonts database. Skipping.
2025-10-12 23:46:55,150 INFO /System/Library/Fonts/Supplemental/NotoSansMro-Regular.ttf : NotoSansMro-Regular already registered in fonts database. Skipping.
2025-10-12 23:46:55,158 INFO /System/Library/Fonts/Supplemental/NotoSansMro-Regular.ttf : NotoSansMro-Regular already registered in fonts database. Skipping.
2025-10-12 23:46:55,166 INFO /System/Library/Fonts/Supplemental/NotoSansMultani-Regular.ttf : NotoSansMultani-Regular already registered in fonts database. Skipping.
2025-10-12 23:46:55,175 INFO /System/Library/Fonts/Supplemental/NotoSansMultani-Regular.ttf : NotoSansMultani-Regular already registered in fonts database. Skipping.
2025-10-12 23:46:55,183 INFO /System/Library/Fonts/Supplemental/NotoSansNabataean-Regular.ttf : NotoSansNabataean-Regular already registered in fonts database. Skipping.
2025-10-12 23:46:55,192 INFO /System/Library/Fonts/Supplemental/NotoSansNabataean-Regular.ttf : NotoSansNabataean-Regular already registered in fonts database. Skipping.
2025-10-12 23:46:55,234 INFO /System/Library/Fonts/Supplemental/NotoSansNewa-Regular.ttf : NotoSansNewa-Regular already registered in fonts database. Skipping.
2025-10-12 23:46:55,271 INFO /System/Library/Fonts/Supplemental/NotoSansNewa-Regular.ttf : NotoSansNewa-Regular already registered in fonts database. Skipping.
2025-10-12 23:46:55,283 INFO /System/Library/Fonts/Supplemental/NotoSansNewTaiLue-Regular.ttf : NotoSansNewTaiLue-Regular already registered in fonts database. Skipping.
2025-10-12 23:46:55,295 INFO /System/Library/Fonts/Supplemental/NotoSansNewTaiLue-Regular.ttf : NotoSansNewTaiLue-Regular already registered in fonts database. Skipping.
2025-10-12 23:46:55,305 INFO /System/Library/Fonts/Supplemental/NotoSansNKo-Regular.ttf : NotoSansNKo-Regular already registered in fonts database. Skipping.
2025-10-12 23:46:55,314 INFO /System/Library/Fonts/Supplemental/NotoSansNKo-Regular.ttf : NotoSansNKo-Regular already registered in fonts database. Skipping.
2025-10-12 23:46:55,324 INFO /System/Library/Fonts/Supplemental/NotoSansOlChiki-Regular.ttf : NotoSansOlChiki-Regular already registered in fonts database. Skipping.
2025-10-12 23:46:55,333 INFO /System/Library/Fonts/Supplemental/NotoSansOlChiki-Regular.ttf : NotoSansOlChiki-Regular already registered in fonts database. Skipping.
2025-10-12 23:46:55,344 INFO /System/Library/Fonts/Supplemental/NotoSansOldHungarian-Regular.ttf : NotoSansOldHungarian-Regular already registered in fonts database. Skipping.
2025-10-12 23:46:55,355 INFO /System/Library/Fonts/Supplemental/NotoSansOldHungarian-Regular.ttf : NotoSansOldHungarian-Regular already registered in fonts database. Skipping.
2025-10-12 23:46:55,362 INFO /System/Library/Fonts/Supplemental/NotoSansOldItalic-Regular.ttf : NotoSansOldItalic-Regular already registered in fonts database. Skipping.
2025-10-12 23:46:55,370 INFO /System/Library/Fonts/Supplemental/NotoSansOldItalic-Regular.ttf : NotoSansOldItalic-Regular already registered in fonts database. Skipping.
2025-10-12 23:46:55,377 INFO /System/Library/Fonts/Supplemental/NotoSansOldNorthArabian-Regular.ttf : NotoSansOldNorthArabian-Regular already registered in fonts database. Skipping.
2025-10-12 23:46:55,384 INFO /System/Library/Fonts/Supplemental/NotoSansOldNorthArabian-Regular.ttf : NotoSansOldNorthArabian-Regular already registered in fonts database. Skipping.
2025-10-12 23:46:55,391 INFO /System/Library/Fonts/Supplemental/NotoSansOldPermic-Regular.ttf : NotoSansOldPermic-Regular already registered in fonts database. Skipping.
2025-10-12 23:46:55,397 INFO /System/Library/Fonts/Supplemental/NotoSansOldPermic-Regular.ttf : NotoSansOldPermic-Regular already registered in fonts database. Skipping.
2025-10-12 23:46:55,406 INFO /System/Library/Fonts/Supplemental/NotoSansOldPersian-Regular.ttf : NotoSansOldPersian-Regular already registered in fonts database. Skipping.
2025-10-12 23:46:55,415 INFO /System/Library/Fonts/Supplemental/NotoSansOldPersian-Regular.ttf : NotoSansOldPersian-Regular already registered in fonts database. Skipping.
2025-10-12 23:46:55,421 INFO /System/Library/Fonts/Supplemental/NotoSansOldSouthArabian-Regular.ttf : NotoSansOldSouthArabian-Regular already registered in fonts database. Skipping.
2025-10-12 23:46:55,428 INFO /System/Library/Fonts/Supplemental/NotoSansOldSouthArabian-Regular.ttf : NotoSansOldSouthArabian-Regular already registered in fonts database. Skipping.
2025-10-12 23:46:55,435 INFO /System/Library/Fonts/Supplemental/NotoSansOldTurkic-Regular.ttf : NotoSansOldTurkic-Regular already registered in fonts database. Skipping.
2025-10-12 23:46:55,442 INFO /System/Library/Fonts/Supplemental/NotoSansOldTurkic-Regular.ttf : NotoSansOldTurkic-Regular already registered in fonts database. Skipping.
2025-10-12 23:46:55,451 INFO /System/Library/Fonts/Supplemental/NotoSansOsage-Regular.ttf : NotoSansOsage-Regular already registered in fonts database. Skipping.
2025-10-12 23:46:55,460 INFO /System/Library/Fonts/Supplemental/NotoSansOsage-Regular.ttf : NotoSansOsage-Regular already registered in fonts database. Skipping.
2025-10-12 23:46:55,468 INFO /System/Library/Fonts/Supplemental/NotoSansOsmanya-Regular.ttf : NotoSansOsmanya-Regular already registered in fonts database. Skipping.
2025-10-12 23:46:55,476 INFO /System/Library/Fonts/Supplemental/NotoSansOsmanya-Regular.ttf : NotoSansOsmanya-Regular already registered in fonts database. Skipping.
2025-10-12 23:46:55,486 INFO /System/Library/Fonts/Supplemental/NotoSansPahawhHmong-Regular.ttf : NotoSansPahawhHmong-Regular already registered in fonts database. Skipping.
2025-10-12 23:46:55,496 INFO /System/Library/Fonts/Supplemental/NotoSansPahawhHmong-Regular.ttf : NotoSansPahawhHmong-Regular already registered in fonts database. Skipping.
2025-10-12 23:46:55,509 INFO /System/Library/Fonts/Supplemental/NotoSansPalmyrene-Regular.ttf : NotoSansPalmyrene-Regular already registered in fonts database. Skipping.
2025-10-12 23:46:55,521 INFO /System/Library/Fonts/Supplemental/NotoSansPalmyrene-Regular.ttf : NotoSansPalmyrene-Regular already registered in fonts database. Skipping.
2025-10-12 23:46:55,528 INFO /System/Library/Fonts/Supplemental/NotoSansPauCinHau-Regular.ttf : NotoSansPauCinHau-Regular already registered in fonts database. Skipping.
2025-10-12 23:46:55,535 INFO /System/Library/Fonts/Supplemental/NotoSansPauCinHau-Regular.ttf : NotoSansPauCinHau-Regular already registered in fonts database. Skipping.
2025-10-12 23:46:55,548 INFO /System/Library/Fonts/Supplemental/NotoSansPhagsPa-Regular.ttf : NotoSansPhagsPa-Regular already registered in fonts database. Skipping.
2025-10-12 23:46:55,561 INFO /System/Library/Fonts/Supplemental/NotoSansPhagsPa-Regular.ttf : NotoSansPhagsPa-Regular already registered in fonts database. Skipping.
2025-10-12 23:46:55,569 INFO /System/Library/Fonts/Supplemental/NotoSansPhoenician-Regular.ttf : NotoSansPhoenician-Regular already registered in fonts database. Skipping.
2025-10-12 23:46:55,576 INFO /System/Library/Fonts/Supplemental/NotoSansPhoenician-Regular.ttf : NotoSansPhoenician-Regular already registered in fonts database. Skipping.
2025-10-12 23:46:55,588 INFO /System/Library/Fonts/Supplemental/NotoSansPsalterPahlavi-Regular.ttf : NotoSansPsalterPahlavi-Regular already registered in fonts database. Skipping.
2025-10-12 23:46:55,601 INFO /System/Library/Fonts/Supplemental/NotoSansPsalterPahlavi-Regular.ttf : NotoSansPsalterPahlavi-Regular already registered in fonts database. Skipping.
2025-10-12 23:46:55,608 INFO /System/Library/Fonts/Supplemental/NotoSansRejang-Regular.ttf : NotoSansRejang-Regular already registered in fonts database. Skipping.
2025-10-12 23:46:55,615 INFO /System/Library/Fonts/Supplemental/NotoSansRejang-Regular.ttf : NotoSansRejang-Regular already registered in fonts database. Skipping.
2025-10-12 23:46:55,632 INFO /System/Library/Fonts/Supplemental/NotoSansSamaritan-Regular.ttf : NotoSansSamaritan-Regular already registered in fonts database. Skipping.
2025-10-12 23:46:55,645 INFO /System/Library/Fonts/Supplemental/NotoSansSamaritan-Regular.ttf : NotoSansSamaritan-Regular already registered in fonts database. Skipping.
2025-10-12 23:46:55,665 INFO /System/Library/Fonts/Supplemental/NotoSansSaurashtra-Regular.ttf : NotoSansSaurashtra-Regular already registered in fonts database. Skipping.
2025-10-12 23:46:55,679 INFO /System/Library/Fonts/Supplemental/NotoSansSaurashtra-Regular.ttf : NotoSansSaurashtra-Regular already registered in fonts database. Skipping.
2025-10-12 23:46:55,699 INFO /System/Library/Fonts/Supplemental/NotoSansSharada-Regular.ttf : NotoSansSharada-Regular already registered in fonts database. Skipping.
2025-10-12 23:46:55,716 INFO /System/Library/Fonts/Supplemental/NotoSansSharada-Regular.ttf : NotoSansSharada-Regular already registered in fonts database. Skipping.
2025-10-12 23:46:55,724 INFO /System/Library/Fonts/Supplemental/NotoSansSoraSompeng-Regular.ttf : NotoSansSoraSompeng-Regular already registered in fonts database. Skipping.
2025-10-12 23:46:55,732 INFO /System/Library/Fonts/Supplemental/NotoSansSoraSompeng-Regular.ttf : NotoSansSoraSompeng-Regular already registered in fonts database. Skipping.
2025-10-12 23:46:55,741 INFO /System/Library/Fonts/Supplemental/NotoSansSundanese-Regular.ttf : NotoSansSundanese-Regular already registered in fonts database. Skipping.
2025-10-12 23:46:55,749 INFO /System/Library/Fonts/Supplemental/NotoSansSundanese-Regular.ttf : NotoSansSundanese-Regular already registered in fonts database. Skipping.
2025-10-12 23:46:55,760 INFO /System/Library/Fonts/Supplemental/NotoSansSylotiNagri-Regular.ttf : NotoSansSylotiNagri-Regular already registered in fonts database. Skipping.
2025-10-12 23:46:55,773 INFO /System/Library/Fonts/Supplemental/NotoSansSylotiNagri-Regular.ttf : NotoSansSylotiNagri-Regular already registered in fonts database. Skipping.
2025-10-12 23:46:55,792 INFO /System/Library/Fonts/Supplemental/NotoSansSyriac-Regular.ttf : NotoSansSyriac-Regular already registered in fonts database. Skipping.
2025-10-12 23:46:55,811 INFO /System/Library/Fonts/Supplemental/NotoSansSyriac-Regular.ttf : NotoSansSyriac-Regular already registered in fonts database. Skipping.
2025-10-12 23:46:55,819 INFO /System/Library/Fonts/Supplemental/NotoSansTagalog-Regular.ttf : NotoSansTagalog-Regular already registered in fonts database. Skipping.
2025-10-12 23:46:55,827 INFO /System/Library/Fonts/Supplemental/NotoSansTagalog-Regular.ttf : NotoSansTagalog-Regular already registered in fonts database. Skipping.
2025-10-12 23:46:55,838 INFO /System/Library/Fonts/Supplemental/NotoSansTagbanwa-Regular.ttf : NotoSansTagbanwa-Regular already registered in fonts database. Skipping.
2025-10-12 23:46:55,848 INFO /System/Library/Fonts/Supplemental/NotoSansTagbanwa-Regular.ttf : NotoSansTagbanwa-Regular already registered in fonts database. Skipping.
2025-10-12 23:46:55,863 INFO /System/Library/Fonts/Supplemental/NotoSansTaiLe-Regular.ttf : NotoSansTaiLe-Regular already registered in fonts database. Skipping.
2025-10-12 23:46:55,882 INFO /System/Library/Fonts/Supplemental/NotoSansTaiLe-Regular.ttf : NotoSansTaiLe-Regular already registered in fonts database. Skipping.
2025-10-12 23:46:55,906 INFO /System/Library/Fonts/Supplemental/NotoSansTaiTham-Regular.ttf : NotoSansTaiTham already registered in fonts database. Skipping.
2025-10-12 23:46:55,930 INFO /System/Library/Fonts/Supplemental/NotoSansTaiTham-Regular.ttf : NotoSansTaiTham already registered in fonts database. Skipping.
2025-10-12 23:46:55,953 INFO /System/Library/Fonts/Supplemental/NotoSansTaiViet-Regular.ttf : NotoSansTaiViet-Regular already registered in fonts database. Skipping.
2025-10-12 23:46:55,991 INFO /System/Library/Fonts/Supplemental/NotoSansTaiViet-Regular.ttf : NotoSansTaiViet-Regular already registered in fonts database. Skipping.
2025-10-12 23:46:56,005 INFO /System/Library/Fonts/Supplemental/NotoSansTakri-Regular.ttf : NotoSansTakri-Regular already registered in fonts database. Skipping.
2025-10-12 23:46:56,018 INFO /System/Library/Fonts/Supplemental/NotoSansTakri-Regular.ttf : NotoSansTakri-Regular already registered in fonts database. Skipping.
2025-10-12 23:46:56,033 INFO /System/Library/Fonts/Supplemental/NotoSansThaana-Regular.ttf : NotoSansThaana-Regular already registered in fonts database. Skipping.
2025-10-12 23:46:56,047 INFO /System/Library/Fonts/Supplemental/NotoSansThaana-Regular.ttf : NotoSansThaana-Regular already registered in fonts database. Skipping.
2025-10-12 23:46:56,079 INFO /System/Library/Fonts/Supplemental/NotoSansTirhuta-Regular.ttf : NotoSansTirhuta-Regular already registered in fonts database. Skipping.
2025-10-12 23:46:56,101 INFO /System/Library/Fonts/Supplemental/NotoSansTirhuta-Regular.ttf : NotoSansTirhuta-Regular already registered in fonts database. Skipping.
2025-10-12 23:46:56,111 INFO /System/Library/Fonts/Supplemental/NotoSansUgaritic-Regular.ttf : NotoSansUgaritic-Regular already registered in fonts database. Skipping.
2025-10-12 23:46:56,120 INFO /System/Library/Fonts/Supplemental/NotoSansUgaritic-Regular.ttf : NotoSansUgaritic-Regular already registered in fonts database. Skipping.
2025-10-12 23:46:56,142 INFO /System/Library/Fonts/Supplemental/NotoSansVai-Regular.ttf : NotoSansVai-Regular already registered in fonts database. Skipping.
2025-10-12 23:46:56,164 INFO /System/Library/Fonts/Supplemental/NotoSansVai-Regular.ttf : NotoSansVai-Regular already registered in fonts database. Skipping.
2025-10-12 23:46:56,175 INFO /System/Library/Fonts/Supplemental/NotoSansWancho-Regular.ttf : NotoSansWancho-Regular already registered in fonts database. Skipping.
2025-10-12 23:46:56,184 INFO /System/Library/Fonts/Supplemental/NotoSansWancho-Regular.ttf : NotoSansWancho-Regular already registered in fonts database. Skipping.
2025-10-12 23:46:56,195 INFO /System/Library/Fonts/Supplemental/NotoSansWarangCiti-Regular.ttf : NotoSansWarangCiti-Regular already registered in fonts database. Skipping.
2025-10-12 23:46:56,205 INFO /System/Library/Fonts/Supplemental/NotoSansWarangCiti-Regular.ttf : NotoSansWarangCiti-Regular already registered in fonts database. Skipping.
2025-10-12 23:46:56,260 INFO /System/Library/Fonts/Supplemental/NotoSansYi-Regular.ttf : NotoSansYi-Regular already registered in fonts database. Skipping.
2025-10-12 23:46:56,314 INFO /System/Library/Fonts/Supplemental/NotoSansYi-Regular.ttf : NotoSansYi-Regular already registered in fonts database. Skipping.
2025-10-12 23:46:56,328 INFO /System/Library/Fonts/Supplemental/NotoSerifAhom-Regular.ttf : NotoSerifAhom-Regular already registered in fonts database. Skipping.
2025-10-12 23:46:56,340 INFO /System/Library/Fonts/Supplemental/NotoSerifAhom-Regular.ttf : NotoSerifAhom-Regular already registered in fonts database. Skipping.
2025-10-12 23:46:56,369 INFO /System/Library/Fonts/Supplemental/NotoSerifBalinese-Regular.ttf : NotoSerifBalinese-Regular already registered in fonts database. Skipping.
2025-10-12 23:46:56,398 INFO /System/Library/Fonts/Supplemental/NotoSerifBalinese-Regular.ttf : NotoSerifBalinese-Regular already registered in fonts database. Skipping.
2025-10-12 23:46:56,407 INFO /System/Library/Fonts/Supplemental/NotoSerifNyiakengPuachueHmong-Regular.ttf : NotoSerifHmongNyiakeng-Regular already registered in fonts database. Skipping.
2025-10-12 23:46:56,415 INFO /System/Library/Fonts/Supplemental/NotoSerifNyiakengPuachueHmong-Regular.ttf : NotoSerifHmongNyiakeng-Regular already registered in fonts database. Skipping.
2025-10-12 23:46:56,518 INFO /System/Library/Fonts/Supplemental/PartyLET-plain.ttf : PartyLetPlain already registered in fonts database. Skipping.
2025-10-12 23:46:56,621 INFO /System/Library/Fonts/Supplemental/PartyLET-plain.ttf : PartyLetPlain already registered in fonts database. Skipping.
2025-10-12 23:46:56,665 INFO /System/Library/Fonts/Supplemental/PlantagenetCherokee.ttf : No FontName. Skipping.
2025-10-12 23:46:56,708 INFO /System/Library/Fonts/Supplemental/PlantagenetCherokee.ttf : No FontName. Skipping.
2025-10-12 23:46:56,749 INFO /System/Library/Fonts/Supplemental/Sathu.ttf : No FontName. Skipping.
2025-10-12 23:46:56,790 INFO /System/Library/Fonts/Supplemental/Sathu.ttf : No FontName. Skipping.
2025-10-12 23:46:56,814 INFO /System/Library/Fonts/Supplemental/Silom.ttf : No FontName. Skipping.
2025-10-12 23:46:56,838 INFO /System/Library/Fonts/Supplemental/Silom.ttf : No FontName. Skipping.
2025-10-12 23:46:56,867 INFO /System/Library/Fonts/Supplemental/Skia.ttf : No FontName. Skipping.
2025-10-12 23:46:56,895 INFO /System/Library/Fonts/Supplemental/Skia.ttf : No FontName. Skipping.
2025-10-12 23:46:57,029 INFO /System/Library/Fonts/Supplemental/STIXTwoText-Italic.ttf : STIXTwoText-Italic already registered in fonts database. Skipping.
2025-10-12 23:46:57,163 INFO /System/Library/Fonts/Supplemental/STIXTwoText-Italic.ttf : STIXTwoText-Italic already registered in fonts database. Skipping.
2025-10-12 23:46:57,284 INFO /System/Library/Fonts/Supplemental/STIXTwoText.ttf : STIXTwoText already registered in fonts database. Skipping.
2025-10-12 23:46:57,404 INFO /System/Library/Fonts/Supplemental/STIXTwoText.ttf : STIXTwoText already registered in fonts database. Skipping.
2025-10-12 23:46:57,499 INFO /System/Library/Fonts/Supplemental/Tahoma Bold.ttf : Tahoma-Bold already registered in fonts database. Skipping.
2025-10-12 23:46:57,592 INFO /System/Library/Fonts/Supplemental/Tahoma Bold.ttf : Tahoma-Bold already registered in fonts database. Skipping.
2025-10-12 23:46:57,693 INFO /System/Library/Fonts/Supplemental/Tahoma.ttf : Tahoma already registered in fonts database. Skipping.
2025-10-12 23:46:57,796 INFO /System/Library/Fonts/Supplemental/Tahoma.ttf : Tahoma already registered in fonts database. Skipping.
2025-10-12 23:46:57,899 INFO /System/Library/Fonts/Supplemental/Times New Roman Bold Italic.ttf : TimesNewRomanPS-BoldItalicMT already registered in fonts database. Skipping.
2025-10-12 23:46:58,000 INFO /System/Library/Fonts/Supplemental/Times New Roman Bold Italic.ttf : TimesNewRomanPS-BoldItalicMT already registered in fonts database. Skipping.
2025-10-12 23:46:58,149 INFO /System/Library/Fonts/Supplemental/Times New Roman Bold.ttf : TimesNewRomanPS-BoldMT already registered in fonts database. Skipping.
2025-10-12 23:46:58,296 INFO /System/Library/Fonts/Supplemental/Times New Roman Bold.ttf : TimesNewRomanPS-BoldMT already registered in fonts database. Skipping.
2025-10-12 23:46:58,404 INFO /System/Library/Fonts/Supplemental/Times New Roman Italic.ttf : TimesNewRomanPS-ItalicMT already registered in fonts database. Skipping.
2025-10-12 23:46:58,512 INFO /System/Library/Fonts/Supplemental/Times New Roman Italic.ttf : TimesNewRomanPS-ItalicMT already registered in fonts database. Skipping.
2025-10-12 23:46:58,673 INFO /System/Library/Fonts/Supplemental/Times New Roman.ttf : TimesNewRomanPSMT already registered in fonts database. Skipping.
2025-10-12 23:46:58,832 INFO /System/Library/Fonts/Supplemental/Times New Roman.ttf : TimesNewRomanPSMT already registered in fonts database. Skipping.
2025-10-12 23:47:00,793 INFO /System/Library/Fonts/Supplemental/Trattatello.ttf : Trattatello already registered in fonts database. Skipping.
2025-10-12 23:47:02,687 INFO /System/Library/Fonts/Supplemental/Trattatello.ttf : Trattatello already registered in fonts database. Skipping.
2025-10-12 23:47:02,703 INFO /System/Library/Fonts/Supplemental/Trebuchet MS Bold Italic.ttf : Trebuchet-BoldItalic already registered in fonts database. Skipping.
2025-10-12 23:47:02,719 INFO /System/Library/Fonts/Supplemental/Trebuchet MS Bold Italic.ttf : Trebuchet-BoldItalic already registered in fonts database. Skipping.
2025-10-12 23:47:02,733 INFO /System/Library/Fonts/Supplemental/Trebuchet MS Bold.ttf : TrebuchetMS-Bold already registered in fonts database. Skipping.
2025-10-12 23:47:02,747 INFO /System/Library/Fonts/Supplemental/Trebuchet MS Bold.ttf : TrebuchetMS-Bold already registered in fonts database. Skipping.
2025-10-12 23:47:02,763 INFO /System/Library/Fonts/Supplemental/Trebuchet MS Italic.ttf : TrebuchetMS-Italic already registered in fonts database. Skipping.
2025-10-12 23:47:02,778 INFO /System/Library/Fonts/Supplemental/Trebuchet MS Italic.ttf : TrebuchetMS-Italic already registered in fonts database. Skipping.
2025-10-12 23:47:02,792 INFO /System/Library/Fonts/Supplemental/Trebuchet MS.ttf : TrebuchetMS already registered in fonts database. Skipping.
2025-10-12 23:47:02,806 INFO /System/Library/Fonts/Supplemental/Trebuchet MS.ttf : TrebuchetMS already registered in fonts database. Skipping.
2025-10-12 23:47:02,828 INFO /System/Library/Fonts/Supplemental/Verdana Bold Italic.ttf : Verdana-BoldItalic already registered in fonts database. Skipping.
2025-10-12 23:47:02,849 INFO /System/Library/Fonts/Supplemental/Verdana Bold Italic.ttf : Verdana-BoldItalic already registered in fonts database. Skipping.
2025-10-12 23:47:02,872 INFO /System/Library/Fonts/Supplemental/Verdana Bold.ttf : Verdana-Bold already registered in fonts database. Skipping.
2025-10-12 23:47:02,895 INFO /System/Library/Fonts/Supplemental/Verdana Bold.ttf : Verdana-Bold already registered in fonts database. Skipping.
2025-10-12 23:47:02,918 INFO /System/Library/Fonts/Supplemental/Verdana Italic.ttf : Verdana-Italic already registered in fonts database. Skipping.
2025-10-12 23:47:02,941 INFO /System/Library/Fonts/Supplemental/Verdana Italic.ttf : Verdana-Italic already registered in fonts database. Skipping.
2025-10-12 23:47:02,967 INFO /System/Library/Fonts/Supplemental/Verdana.ttf : Verdana already registered in fonts database. Skipping.
2025-10-12 23:47:02,990 INFO /System/Library/Fonts/Supplemental/Verdana.ttf : Verdana already registered in fonts database. Skipping.
2025-10-12 23:47:03,019 INFO /System/Library/Fonts/Supplemental/Webdings.ttf : Webdings already registered in fonts database. Skipping.
2025-10-12 23:47:03,047 INFO /System/Library/Fonts/Supplemental/Webdings.ttf : Webdings already registered in fonts database. Skipping.
2025-10-12 23:47:03,060 INFO /System/Library/Fonts/Supplemental/Wingdings 2.ttf : Wingdings2 already registered in fonts database. Skipping.
2025-10-12 23:47:03,072 INFO /System/Library/Fonts/Supplemental/Wingdings 2.ttf : Wingdings2 already registered in fonts database. Skipping.
2025-10-12 23:47:03,080 INFO /System/Library/Fonts/Supplemental/Wingdings 3.ttf : Wingdings3 already registered in fonts database. Skipping.
2025-10-12 23:47:03,088 INFO /System/Library/Fonts/Supplemental/Wingdings 3.ttf : Wingdings3 already registered in fonts database. Skipping.
2025-10-12 23:47:03,102 INFO /System/Library/Fonts/Supplemental/Wingdings.ttf : Wingdings-Regular already registered in fonts database. Skipping.
2025-10-12 23:47:03,115 INFO /System/Library/Fonts/Supplemental/Wingdings.ttf : Wingdings-Regular already registered in fonts database. Skipping.
2025-10-12 23:47:03,513 INFO /System/Library/Fonts/Supplemental/Zapfino.ttf : No FontName. Skipping.
2025-10-12 23:47:03,890 INFO /System/Library/Fonts/Supplemental/Zapfino.ttf : No FontName. Skipping.
2025-10-12 23:47:03,899 INFO /System/Library/Fonts/Symbol.ttf : No FontName. Skipping.
2025-10-12 23:47:03,911 INFO /System/Library/Fonts/ZapfDingbats.ttf : No FontName. Skipping.
2025-10-12 23:47:03,911 INFO Found FontName for 0 fonts.
2025-10-12 23:47:03,911 INFO Scanning afm files in /Library/Frameworks/R.framework/Versions/4.5-arm64/Resources/library/extrafontdb/metrics
2025-10-12 23:47:04,007 INFO .Keyboard already registered with pdfFont().
2025-10-12 23:47:04,007 INFO .New York already registered with pdfFont().
2025-10-12 23:47:04,007 INFO .SF Arabic already registered with pdfFont().
2025-10-12 23:47:04,007 INFO .SF Arabic Rounded already registered with pdfFont().
2025-10-12 23:47:04,007 INFO .SF Armenian already registered with pdfFont().
2025-10-12 23:47:04,007 INFO .SF Armenian Rounded already registered with pdfFont().
2025-10-12 23:47:04,007 INFO .SF Camera already registered with pdfFont().
2025-10-12 23:47:04,007 INFO .SF Compact already registered with pdfFont().
2025-10-12 23:47:04,007 INFO .SF Compact Rounded already registered with pdfFont().
2025-10-12 23:47:04,007 INFO .SF Georgian already registered with pdfFont().
2025-10-12 23:47:04,007 INFO .SF Georgian Rounded already registered with pdfFont().
2025-10-12 23:47:04,007 INFO .SF Hebrew already registered with pdfFont().
2025-10-12 23:47:04,007 INFO .SF Hebrew Rounded already registered with pdfFont().
2025-10-12 23:47:04,007 INFO .SF NS Mono already registered with pdfFont().
2025-10-12 23:47:04,007 INFO .SF NS Rounded already registered with pdfFont().
2025-10-12 23:47:04,007 INFO Academy Engraved LET already registered with pdfFont().
2025-10-12 23:47:04,007 INFO Andale Mono already registered with pdfFont().
2025-10-12 23:47:04,007 INFO More than one version of regular/bold/italic found for Apple Braille. Skipping setup for this font.
2025-10-12 23:47:04,007 INFO AppleMyungjo already registered with pdfFont().
2025-10-12 23:47:04,007 INFO Arial already registered with pdfFont().
2025-10-12 23:47:04,008 INFO Arial Black already registered with pdfFont().
2025-10-12 23:47:04,008 INFO Arial Narrow already registered with pdfFont().
2025-10-12 23:47:04,008 INFO Arial Rounded MT Bold already registered with pdfFont().
2025-10-12 23:47:04,008 INFO Arial Unicode MS already registered with pdfFont().
2025-10-12 23:47:04,008 INFO Bodoni 72 Smallcaps already registered with pdfFont().
2025-10-12 23:47:04,008 INFO Bodoni Ornaments already registered with pdfFont().
2025-10-12 23:47:04,008 INFO No regular (non-bold, non-italic) version of Brush Script MT. Skipping setup for this font.
2025-10-12 23:47:04,008 INFO Comic Sans MS already registered with pdfFont().
2025-10-12 23:47:04,008 INFO Courier New already registered with pdfFont().
2025-10-12 23:47:04,008 INFO No regular (non-bold, non-italic) version of DIN Alternate. Skipping setup for this font.
2025-10-12 23:47:04,008 INFO No regular (non-bold, non-italic) version of DIN Condensed. Skipping setup for this font.
2025-10-12 23:47:04,008 INFO Georgia already registered with pdfFont().
2025-10-12 23:47:04,008 INFO Impact already registered with pdfFont().
2025-10-12 23:47:04,008 INFO Khmer Sangam MN already registered with pdfFont().
2025-10-12 23:47:04,008 INFO Lao Sangam MN already registered with pdfFont().
2025-10-12 23:47:04,008 INFO Luminari already registered with pdfFont().
2025-10-12 23:47:04,008 INFO Microsoft Sans Serif already registered with pdfFont().
2025-10-12 23:47:04,008 INFO Noto Sans Adlam already registered with pdfFont().
2025-10-12 23:47:04,008 INFO Noto Sans Avestan already registered with pdfFont().
2025-10-12 23:47:04,008 INFO Noto Sans Bamum already registered with pdfFont().
2025-10-12 23:47:04,008 INFO Noto Sans Bassa Vah already registered with pdfFont().
2025-10-12 23:47:04,008 INFO Noto Sans Batak already registered with pdfFont().
2025-10-12 23:47:04,008 INFO Noto Sans Bhaiksuki already registered with pdfFont().
2025-10-12 23:47:04,008 INFO Noto Sans Brahmi already registered with pdfFont().
2025-10-12 23:47:04,008 INFO Noto Sans Buginese already registered with pdfFont().
2025-10-12 23:47:04,008 INFO Noto Sans Buhid already registered with pdfFont().
2025-10-12 23:47:04,008 INFO Noto Sans Carian already registered with pdfFont().
2025-10-12 23:47:04,008 INFO Noto Sans CaucAlban already registered with pdfFont().
2025-10-12 23:47:04,008 INFO Noto Sans Chakma already registered with pdfFont().
2025-10-12 23:47:04,008 INFO Noto Sans Cham already registered with pdfFont().
2025-10-12 23:47:04,008 INFO Noto Sans Coptic already registered with pdfFont().
2025-10-12 23:47:04,008 INFO Noto Sans Cuneiform already registered with pdfFont().
2025-10-12 23:47:04,008 INFO Noto Sans Cypriot already registered with pdfFont().
2025-10-12 23:47:04,008 INFO Noto Sans Duployan already registered with pdfFont().
2025-10-12 23:47:04,008 INFO Noto Sans EgyptHiero already registered with pdfFont().
2025-10-12 23:47:04,008 INFO Noto Sans Elbasan already registered with pdfFont().
2025-10-12 23:47:04,008 INFO Noto Sans Glagolitic already registered with pdfFont().
2025-10-12 23:47:04,008 INFO Noto Sans Gothic already registered with pdfFont().
2025-10-12 23:47:04,009 INFO Noto Sans HanifiRohg already registered with pdfFont().
2025-10-12 23:47:04,009 INFO Noto Sans Hanunoo already registered with pdfFont().
2025-10-12 23:47:04,009 INFO Noto Sans Hatran already registered with pdfFont().
2025-10-12 23:47:04,009 INFO Noto Sans ImpAramaic already registered with pdfFont().
2025-10-12 23:47:04,009 INFO Noto Sans InsPahlavi already registered with pdfFont().
2025-10-12 23:47:04,009 INFO Noto Sans InsParthi already registered with pdfFont().
2025-10-12 23:47:04,009 INFO Noto Sans Kaithi already registered with pdfFont().
2025-10-12 23:47:04,009 INFO Noto Sans Kayah Li already registered with pdfFont().
2025-10-12 23:47:04,009 INFO Noto Sans Kharoshthi already registered with pdfFont().
2025-10-12 23:47:04,009 INFO Noto Sans Khojki already registered with pdfFont().
2025-10-12 23:47:04,009 INFO Noto Sans Khudawadi already registered with pdfFont().
2025-10-12 23:47:04,009 INFO Noto Sans Lepcha already registered with pdfFont().
2025-10-12 23:47:04,009 INFO Noto Sans Limbu already registered with pdfFont().
2025-10-12 23:47:04,009 INFO Noto Sans Linear A already registered with pdfFont().
2025-10-12 23:47:04,009 INFO Noto Sans Linear B already registered with pdfFont().
2025-10-12 23:47:04,009 INFO Noto Sans Lisu already registered with pdfFont().
2025-10-12 23:47:04,009 INFO Noto Sans Lycian already registered with pdfFont().
2025-10-12 23:47:04,009 INFO Noto Sans Lydian already registered with pdfFont().
2025-10-12 23:47:04,009 INFO Noto Sans Mahajani already registered with pdfFont().
2025-10-12 23:47:04,009 INFO Noto Sans Mandaic already registered with pdfFont().
2025-10-12 23:47:04,009 INFO Noto Sans Manichaean already registered with pdfFont().
2025-10-12 23:47:04,009 INFO Noto Sans Marchen already registered with pdfFont().
2025-10-12 23:47:04,009 INFO Noto Sans MeeteiMayek already registered with pdfFont().
2025-10-12 23:47:04,009 INFO Noto Sans Mende Kikakui already registered with pdfFont().
2025-10-12 23:47:04,009 INFO Noto Sans Meroitic already registered with pdfFont().
2025-10-12 23:47:04,009 INFO Noto Sans Miao already registered with pdfFont().
2025-10-12 23:47:04,009 INFO Noto Sans Modi already registered with pdfFont().
2025-10-12 23:47:04,009 INFO Noto Sans Mongolian already registered with pdfFont().
2025-10-12 23:47:04,009 INFO Noto Sans Mro already registered with pdfFont().
2025-10-12 23:47:04,009 INFO Noto Sans Multani already registered with pdfFont().
2025-10-12 23:47:04,009 INFO Noto Sans Nabataean already registered with pdfFont().
2025-10-12 23:47:04,009 INFO Noto Sans Newa already registered with pdfFont().
2025-10-12 23:47:04,009 INFO Noto Sans NewTaiLue already registered with pdfFont().
2025-10-12 23:47:04,009 INFO Noto Sans NKo already registered with pdfFont().
2025-10-12 23:47:04,009 INFO Noto Sans Ol Chiki already registered with pdfFont().
2025-10-12 23:47:04,009 INFO No regular (non-bold, non-italic) version of Noto Sans Old Italic. Skipping setup for this font.
2025-10-12 23:47:04,009 INFO Noto Sans Old Permic already registered with pdfFont().
2025-10-12 23:47:04,010 INFO Noto Sans Old Turkic already registered with pdfFont().
2025-10-12 23:47:04,010 INFO Noto Sans OldHung already registered with pdfFont().
2025-10-12 23:47:04,010 INFO Noto Sans OldNorArab already registered with pdfFont().
2025-10-12 23:47:04,010 INFO Noto Sans OldPersian already registered with pdfFont().
2025-10-12 23:47:04,010 INFO Noto Sans OldSouArab already registered with pdfFont().
2025-10-12 23:47:04,010 INFO Noto Sans Osage already registered with pdfFont().
2025-10-12 23:47:04,010 INFO Noto Sans Osmanya already registered with pdfFont().
2025-10-12 23:47:04,010 INFO Noto Sans Pahawh Hmong already registered with pdfFont().
2025-10-12 23:47:04,010 INFO Noto Sans Palmyrene already registered with pdfFont().
2025-10-12 23:47:04,010 INFO Noto Sans PauCinHau already registered with pdfFont().
2025-10-12 23:47:04,010 INFO Noto Sans PhagsPa already registered with pdfFont().
2025-10-12 23:47:04,010 INFO Noto Sans Phoenician already registered with pdfFont().
2025-10-12 23:47:04,010 INFO Noto Sans PsaPahlavi already registered with pdfFont().
2025-10-12 23:47:04,010 INFO Noto Sans Rejang already registered with pdfFont().
2025-10-12 23:47:04,010 INFO Noto Sans Samaritan already registered with pdfFont().
2025-10-12 23:47:04,010 INFO Noto Sans Saurashtra already registered with pdfFont().
2025-10-12 23:47:04,010 INFO Noto Sans Sharada already registered with pdfFont().
2025-10-12 23:47:04,010 INFO Noto Sans SoraSomp already registered with pdfFont().
2025-10-12 23:47:04,010 INFO Noto Sans Sundanese already registered with pdfFont().
2025-10-12 23:47:04,010 INFO Noto Sans Syloti Nagri already registered with pdfFont().
2025-10-12 23:47:04,010 INFO Noto Sans Syriac already registered with pdfFont().
2025-10-12 23:47:04,010 INFO Noto Sans Tagalog already registered with pdfFont().
2025-10-12 23:47:04,010 INFO Noto Sans Tagbanwa already registered with pdfFont().
2025-10-12 23:47:04,010 INFO Noto Sans Tai Le already registered with pdfFont().
2025-10-12 23:47:04,010 INFO Noto Sans Tai Tham already registered with pdfFont().
2025-10-12 23:47:04,010 INFO Noto Sans Tai Viet already registered with pdfFont().
2025-10-12 23:47:04,010 INFO Noto Sans Takri already registered with pdfFont().
2025-10-12 23:47:04,010 INFO Noto Sans Thaana already registered with pdfFont().
2025-10-12 23:47:04,010 INFO Noto Sans Tirhuta already registered with pdfFont().
2025-10-12 23:47:04,010 INFO Noto Sans Ugaritic already registered with pdfFont().
2025-10-12 23:47:04,010 INFO Noto Sans Vai already registered with pdfFont().
2025-10-12 23:47:04,010 INFO Noto Sans Wancho already registered with pdfFont().
2025-10-12 23:47:04,010 INFO Noto Sans WarangCiti already registered with pdfFont().
2025-10-12 23:47:04,010 INFO Noto Sans Yi already registered with pdfFont().
2025-10-12 23:47:04,010 INFO Noto Serif Ahom already registered with pdfFont().
2025-10-12 23:47:04,010 INFO Noto Serif Balinese already registered with pdfFont().
2025-10-12 23:47:04,010 INFO Noto Serif Hmong Nyiakeng already registered with pdfFont().
2025-10-12 23:47:04,010 INFO Party LET already registered with pdfFont().
2025-10-12 23:47:04,010 INFO STIX Two Text already registered with pdfFont().
2025-10-12 23:47:04,010 INFO System Font already registered with pdfFont().
2025-10-12 23:47:04,011 INFO Tahoma already registered with pdfFont().
2025-10-12 23:47:04,011 INFO Times New Roman already registered with pdfFont().
2025-10-12 23:47:04,011 INFO Trattatello already registered with pdfFont().
2025-10-12 23:47:04,011 INFO Trebuchet MS already registered with pdfFont().
2025-10-12 23:47:04,011 INFO Verdana already registered with pdfFont().
2025-10-12 23:47:04,011 INFO Webdings already registered with pdfFont().
2025-10-12 23:47:04,011 INFO Wingdings already registered with pdfFont().
2025-10-12 23:47:04,011 INFO Wingdings 2 already registered with pdfFont().
2025-10-12 23:47:04,011 INFO Wingdings 3 already registered with pdfFont().
2025-10-12 23:47:04,015 INFO .Keyboard already registered with postscriptFont().
2025-10-12 23:47:04,015 INFO .New York already registered with postscriptFont().
2025-10-12 23:47:04,015 INFO .SF Arabic already registered with postscriptFont().
2025-10-12 23:47:04,015 INFO .SF Arabic Rounded already registered with postscriptFont().
2025-10-12 23:47:04,015 INFO .SF Armenian already registered with postscriptFont().
2025-10-12 23:47:04,015 INFO .SF Armenian Rounded already registered with postscriptFont().
2025-10-12 23:47:04,015 INFO .SF Camera already registered with postscriptFont().
2025-10-12 23:47:04,016 INFO .SF Compact already registered with postscriptFont().
2025-10-12 23:47:04,016 INFO .SF Compact Rounded already registered with postscriptFont().
2025-10-12 23:47:04,016 INFO .SF Georgian already registered with postscriptFont().
2025-10-12 23:47:04,016 INFO .SF Georgian Rounded already registered with postscriptFont().
2025-10-12 23:47:04,016 INFO .SF Hebrew already registered with postscriptFont().
2025-10-12 23:47:04,016 INFO .SF Hebrew Rounded already registered with postscriptFont().
2025-10-12 23:47:04,016 INFO .SF NS Mono already registered with postscriptFont().
2025-10-12 23:47:04,016 INFO .SF NS Rounded already registered with postscriptFont().
2025-10-12 23:47:04,016 INFO Academy Engraved LET already registered with postscriptFont().
2025-10-12 23:47:04,016 INFO Andale Mono already registered with postscriptFont().
2025-10-12 23:47:04,016 INFO More than one version of regular/bold/italic found for Apple Braille. Skipping setup for this font.
2025-10-12 23:47:04,016 INFO AppleMyungjo already registered with postscriptFont().
2025-10-12 23:47:04,016 INFO Arial already registered with postscriptFont().
2025-10-12 23:47:04,016 INFO Arial Black already registered with postscriptFont().
2025-10-12 23:47:04,016 INFO Arial Narrow already registered with postscriptFont().
2025-10-12 23:47:04,016 INFO Arial Rounded MT Bold already registered with postscriptFont().
2025-10-12 23:47:04,016 INFO Arial Unicode MS already registered with postscriptFont().
2025-10-12 23:47:04,016 INFO Bodoni 72 Smallcaps already registered with postscriptFont().
2025-10-12 23:47:04,016 INFO Bodoni Ornaments already registered with postscriptFont().
2025-10-12 23:47:04,016 INFO No regular (non-bold, non-italic) version of Brush Script MT. Skipping setup for this font.
2025-10-12 23:47:04,016 INFO Comic Sans MS already registered with postscriptFont().
2025-10-12 23:47:04,016 INFO Courier New already registered with postscriptFont().
2025-10-12 23:47:04,016 INFO No regular (non-bold, non-italic) version of DIN Alternate. Skipping setup for this font.
2025-10-12 23:47:04,016 INFO No regular (non-bold, non-italic) version of DIN Condensed. Skipping setup for this font.
2025-10-12 23:47:04,016 INFO Georgia already registered with postscriptFont().
2025-10-12 23:47:04,016 INFO Impact already registered with postscriptFont().
2025-10-12 23:47:04,016 INFO Khmer Sangam MN already registered with postscriptFont().
2025-10-12 23:47:04,016 INFO Lao Sangam MN already registered with postscriptFont().
2025-10-12 23:47:04,016 INFO Luminari already registered with postscriptFont().
2025-10-12 23:47:04,016 INFO Microsoft Sans Serif already registered with postscriptFont().
2025-10-12 23:47:04,016 INFO Noto Sans Adlam already registered with postscriptFont().
2025-10-12 23:47:04,016 INFO Noto Sans Avestan already registered with postscriptFont().
2025-10-12 23:47:04,016 INFO Noto Sans Bamum already registered with postscriptFont().
2025-10-12 23:47:04,016 INFO Noto Sans Bassa Vah already registered with postscriptFont().
2025-10-12 23:47:04,016 INFO Noto Sans Batak already registered with postscriptFont().
2025-10-12 23:47:04,016 INFO Noto Sans Bhaiksuki already registered with postscriptFont().
2025-10-12 23:47:04,016 INFO Noto Sans Brahmi already registered with postscriptFont().
2025-10-12 23:47:04,016 INFO Noto Sans Buginese already registered with postscriptFont().
2025-10-12 23:47:04,016 INFO Noto Sans Buhid already registered with postscriptFont().
2025-10-12 23:47:04,016 INFO Noto Sans Carian already registered with postscriptFont().
2025-10-12 23:47:04,017 INFO Noto Sans CaucAlban already registered with postscriptFont().
2025-10-12 23:47:04,017 INFO Noto Sans Chakma already registered with postscriptFont().
2025-10-12 23:47:04,017 INFO Noto Sans Cham already registered with postscriptFont().
2025-10-12 23:47:04,017 INFO Noto Sans Coptic already registered with postscriptFont().
2025-10-12 23:47:04,017 INFO Noto Sans Cuneiform already registered with postscriptFont().
2025-10-12 23:47:04,017 INFO Noto Sans Cypriot already registered with postscriptFont().
2025-10-12 23:47:04,017 INFO Noto Sans Duployan already registered with postscriptFont().
2025-10-12 23:47:04,017 INFO Noto Sans EgyptHiero already registered with postscriptFont().
2025-10-12 23:47:04,017 INFO Noto Sans Elbasan already registered with postscriptFont().
2025-10-12 23:47:04,017 INFO Noto Sans Glagolitic already registered with postscriptFont().
2025-10-12 23:47:04,017 INFO Noto Sans Gothic already registered with postscriptFont().
2025-10-12 23:47:04,017 INFO Noto Sans HanifiRohg already registered with postscriptFont().
2025-10-12 23:47:04,017 INFO Noto Sans Hanunoo already registered with postscriptFont().
2025-10-12 23:47:04,017 INFO Noto Sans Hatran already registered with postscriptFont().
2025-10-12 23:47:04,017 INFO Noto Sans ImpAramaic already registered with postscriptFont().
2025-10-12 23:47:04,017 INFO Noto Sans InsPahlavi already registered with postscriptFont().
2025-10-12 23:47:04,017 INFO Noto Sans InsParthi already registered with postscriptFont().
2025-10-12 23:47:04,017 INFO Noto Sans Kaithi already registered with postscriptFont().
2025-10-12 23:47:04,017 INFO Noto Sans Kayah Li already registered with postscriptFont().
2025-10-12 23:47:04,017 INFO Noto Sans Kharoshthi already registered with postscriptFont().
2025-10-12 23:47:04,017 INFO Noto Sans Khojki already registered with postscriptFont().
2025-10-12 23:47:04,017 INFO Noto Sans Khudawadi already registered with postscriptFont().
2025-10-12 23:47:04,017 INFO Noto Sans Lepcha already registered with postscriptFont().
2025-10-12 23:47:04,017 INFO Noto Sans Limbu already registered with postscriptFont().
2025-10-12 23:47:04,017 INFO Noto Sans Linear A already registered with postscriptFont().
2025-10-12 23:47:04,017 INFO Noto Sans Linear B already registered with postscriptFont().
2025-10-12 23:47:04,017 INFO Noto Sans Lisu already registered with postscriptFont().
2025-10-12 23:47:04,017 INFO Noto Sans Lycian already registered with postscriptFont().
2025-10-12 23:47:04,017 INFO Noto Sans Lydian already registered with postscriptFont().
2025-10-12 23:47:04,017 INFO Noto Sans Mahajani already registered with postscriptFont().
2025-10-12 23:47:04,017 INFO Noto Sans Mandaic already registered with postscriptFont().
2025-10-12 23:47:04,017 INFO Noto Sans Manichaean already registered with postscriptFont().
2025-10-12 23:47:04,017 INFO Noto Sans Marchen already registered with postscriptFont().
2025-10-12 23:47:04,017 INFO Noto Sans MeeteiMayek already registered with postscriptFont().
2025-10-12 23:47:04,017 INFO Noto Sans Mende Kikakui already registered with postscriptFont().
2025-10-12 23:47:04,017 INFO Noto Sans Meroitic already registered with postscriptFont().
2025-10-12 23:47:04,017 INFO Noto Sans Miao already registered with postscriptFont().
2025-10-12 23:47:04,017 INFO Noto Sans Modi already registered with postscriptFont().
2025-10-12 23:47:04,017 INFO Noto Sans Mongolian already registered with postscriptFont().
2025-10-12 23:47:04,017 INFO Noto Sans Mro already registered with postscriptFont().
2025-10-12 23:47:04,017 INFO Noto Sans Multani already registered with postscriptFont().
2025-10-12 23:47:04,017 INFO Noto Sans Nabataean already registered with postscriptFont().
2025-10-12 23:47:04,017 INFO Noto Sans Newa already registered with postscriptFont().
2025-10-12 23:47:04,017 INFO Noto Sans NewTaiLue already registered with postscriptFont().
2025-10-12 23:47:04,017 INFO Noto Sans NKo already registered with postscriptFont().
2025-10-12 23:47:04,018 INFO Noto Sans Ol Chiki already registered with postscriptFont().
2025-10-12 23:47:04,018 INFO No regular (non-bold, non-italic) version of Noto Sans Old Italic. Skipping setup for this font.
2025-10-12 23:47:04,018 INFO Noto Sans Old Permic already registered with postscriptFont().
2025-10-12 23:47:04,018 INFO Noto Sans Old Turkic already registered with postscriptFont().
2025-10-12 23:47:04,018 INFO Noto Sans OldHung already registered with postscriptFont().
2025-10-12 23:47:04,018 INFO Noto Sans OldNorArab already registered with postscriptFont().
2025-10-12 23:47:04,018 INFO Noto Sans OldPersian already registered with postscriptFont().
2025-10-12 23:47:04,018 INFO Noto Sans OldSouArab already registered with postscriptFont().
2025-10-12 23:47:04,018 INFO Noto Sans Osage already registered with postscriptFont().
2025-10-12 23:47:04,018 INFO Noto Sans Osmanya already registered with postscriptFont().
2025-10-12 23:47:04,018 INFO Noto Sans Pahawh Hmong already registered with postscriptFont().
2025-10-12 23:47:04,018 INFO Noto Sans Palmyrene already registered with postscriptFont().
2025-10-12 23:47:04,018 INFO Noto Sans PauCinHau already registered with postscriptFont().
2025-10-12 23:47:04,018 INFO Noto Sans PhagsPa already registered with postscriptFont().
2025-10-12 23:47:04,018 INFO Noto Sans Phoenician already registered with postscriptFont().
2025-10-12 23:47:04,018 INFO Noto Sans PsaPahlavi already registered with postscriptFont().
2025-10-12 23:47:04,018 INFO Noto Sans Rejang already registered with postscriptFont().
2025-10-12 23:47:04,018 INFO Noto Sans Samaritan already registered with postscriptFont().
2025-10-12 23:47:04,018 INFO Noto Sans Saurashtra already registered with postscriptFont().
2025-10-12 23:47:04,018 INFO Noto Sans Sharada already registered with postscriptFont().
2025-10-12 23:47:04,018 INFO Noto Sans SoraSomp already registered with postscriptFont().
2025-10-12 23:47:04,018 INFO Noto Sans Sundanese already registered with postscriptFont().
2025-10-12 23:47:04,018 INFO Noto Sans Syloti Nagri already registered with postscriptFont().
2025-10-12 23:47:04,018 INFO Noto Sans Syriac already registered with postscriptFont().
2025-10-12 23:47:04,018 INFO Noto Sans Tagalog already registered with postscriptFont().
2025-10-12 23:47:04,018 INFO Noto Sans Tagbanwa already registered with postscriptFont().
2025-10-12 23:47:04,018 INFO Noto Sans Tai Le already registered with postscriptFont().
2025-10-12 23:47:04,018 INFO Noto Sans Tai Tham already registered with postscriptFont().
2025-10-12 23:47:04,018 INFO Noto Sans Tai Viet already registered with postscriptFont().
2025-10-12 23:47:04,018 INFO Noto Sans Takri already registered with postscriptFont().
2025-10-12 23:47:04,018 INFO Noto Sans Thaana already registered with postscriptFont().
2025-10-12 23:47:04,018 INFO Noto Sans Tirhuta already registered with postscriptFont().
2025-10-12 23:47:04,018 INFO Noto Sans Ugaritic already registered with postscriptFont().
2025-10-12 23:47:04,018 INFO Noto Sans Vai already registered with postscriptFont().
2025-10-12 23:47:04,018 INFO Noto Sans Wancho already registered with postscriptFont().
2025-10-12 23:47:04,018 INFO Noto Sans WarangCiti already registered with postscriptFont().
2025-10-12 23:47:04,018 INFO Noto Sans Yi already registered with postscriptFont().
2025-10-12 23:47:04,018 INFO Noto Serif Ahom already registered with postscriptFont().
2025-10-12 23:47:04,018 INFO Noto Serif Balinese already registered with postscriptFont().
2025-10-12 23:47:04,018 INFO Noto Serif Hmong Nyiakeng already registered with postscriptFont().
2025-10-12 23:47:04,018 INFO Party LET already registered with postscriptFont().
2025-10-12 23:47:04,018 INFO STIX Two Text already registered with postscriptFont().
2025-10-12 23:47:04,018 INFO System Font already registered with postscriptFont().
2025-10-12 23:47:04,018 INFO Tahoma already registered with postscriptFont().
2025-10-12 23:47:04,018 INFO Times New Roman already registered with postscriptFont().
2025-10-12 23:47:04,018 INFO Trattatello already registered with postscriptFont().
2025-10-12 23:47:04,018 INFO Trebuchet MS already registered with postscriptFont().
2025-10-12 23:47:04,019 INFO Verdana already registered with postscriptFont().
2025-10-12 23:47:04,019 INFO Webdings already registered with postscriptFont().
2025-10-12 23:47:04,019 INFO Wingdings already registered with postscriptFont().
2025-10-12 23:47:04,019 INFO Wingdings 2 already registered with postscriptFont().
2025-10-12 23:47:04,019 INFO Wingdings 3 already registered with postscriptFont().
2025-10-12 23:47:06,573 INFO Error in `left_join()`:
2025-10-12 23:47:06,573 INFO ! Join columns in `y` must be present in the data.
2025-10-12 23:47:06,573 INFO ✖ Problem with `playerId`.
2025-10-12 23:47:06,573 INFO Backtrace:
2025-10-12 23:47:06,573 INFO      ▆
2025-10-12 23:47:06,573 INFO   1. ├─base::source("raw_data_cleaning.R")
2025-10-12 23:47:06,573 INFO   2. │ ├─base::withVisible(eval(ei, envir))
2025-10-12 23:47:06,573 INFO   3. │ └─base::eval(ei, envir)
2025-10-12 23:47:06,573 INFO   4. │   └─base::eval(ei, envir)
2025-10-12 23:47:06,573 INFO   5. ├─dplyr::summarize(...)
2025-10-12 23:47:06,573 INFO   6. ├─dplyr::group_by(...)
2025-10-12 23:47:06,574 INFO   7. ├─dplyr::filter(...)
2025-10-12 23:47:06,574 INFO   8. ├─dplyr::filter(...)
2025-10-12 23:47:06,574 INFO   9. ├─base::unique(...)
2025-10-12 23:47:06,574 INFO  10. ├─dplyr::select(...)
2025-10-12 23:47:06,574 INFO  11. ├─dplyr::ungroup(...)
2025-10-12 23:47:06,574 INFO  12. ├─dplyr::mutate(...)
2025-10-12 23:47:06,574 INFO  13. ├─dplyr::group_by(...)
2025-10-12 23:47:06,574 INFO  14. ├─dplyr::filter(...)
2025-10-12 23:47:06,574 INFO  15. ├─dplyr::mutate(...)
2025-10-12 23:47:06,574 INFO  16. ├─dplyr::filter(...)
2025-10-12 23:47:06,574 INFO  17. ├─dplyr::left_join(...)
2025-10-12 23:47:06,574 INFO  18. └─dplyr:::left_join.data.frame(...)
2025-10-12 23:47:06,574 INFO  19.   └─dplyr:::join_mutate(...)
2025-10-12 23:47:06,574 INFO  20.     └─dplyr:::join_cols(...)
2025-10-12 23:47:06,574 INFO  21.       └─dplyr:::check_join_vars(by$y, y_names, by$condition, "y", error_call = error_call)
2025-10-12 23:47:06,574 INFO  22.         └─rlang::abort(bullets, call = error_call)
2025-10-12 23:47:06,589 INFO There were 11 warnings (use warnings() to see them)
2025-10-12 23:47:06,589 INFO Execution halted
2025-10-12 23:47:06,658 ERROR Error during group_advantage.raw_data_cleaning after 50.038 sec
Traceback (most recent call last):
  File "/Users/xehu/Desktop/task-mapping/analysis/run_master.py", line 414, in time_callable
    res = func()
  File "/Users/xehu/Desktop/task-mapping/analysis/run_master.py", line 552, in <lambda>
    results.append(time_callable('group_advantage.raw_data_cleaning', lambda: run_r_script(r_script_clean)))
                                                                              ~~~~~~~~~~~~^^^^^^^^^^^^^^^^
  File "/Users/xehu/Desktop/task-mapping/analysis/run_master.py", line 355, in run_r_script
    raise RuntimeError(f'R script failed (exit {rc}): {r_path}')
RuntimeError: R script failed (exit 1): /Users/xehu/Desktop/task-mapping/analysis/analysis_group_advantage/raw_data_cleaning.R
