2025-10-13 01:05:40,733 INFO Starting analysis master script
2025-10-13 01:05:40,734 INFO Running group_advantage pipeline
2025-10-13 01:05:40,734 INFO Timing: group_advantage.raw_data_cleaning
2025-10-13 01:05:40,734 INFO Running R script /Users/xehu/Desktop/task-mapping/analysis/analysis_group_advantage/raw_data_cleaning.R
2025-10-13 01:05:40,734 INFO Running command: /usr/local/bin/Rscript -e set.seed(as.integer(Sys.getenv('ANALYSIS_SEED', '19104'))); source('raw_data_cleaning.R') (cwd=/Users/xehu/Desktop/task-mapping/analysis/analysis_group_advantage)
2025-10-13 01:05:40,840 INFO 
2025-10-13 01:05:40,841 INFO Attaching package: ‘pls’
2025-10-13 01:05:40,841 INFO 
2025-10-13 01:05:40,841 INFO The following object is masked from ‘package:stats’:
2025-10-13 01:05:40,841 INFO 
2025-10-13 01:05:40,841 INFO     loadings
2025-10-13 01:05:40,841 INFO 
2025-10-13 01:05:40,844 INFO randomForest 4.7-1.2
2025-10-13 01:05:40,844 INFO Type rfNews() to see new features/changes/bug fixes.
2025-10-13 01:05:41,197 INFO Loading required package: ggplot2
2025-10-13 01:05:41,412 INFO 
2025-10-13 01:05:41,412 INFO Attaching package: ‘ggplot2’
2025-10-13 01:05:41,412 INFO 
2025-10-13 01:05:41,412 INFO The following object is masked from ‘package:randomForest’:
2025-10-13 01:05:41,412 INFO 
2025-10-13 01:05:41,412 INFO     margin
2025-10-13 01:05:41,412 INFO 
2025-10-13 01:05:41,412 INFO Loading required package: lattice
2025-10-13 01:05:41,682 INFO 
2025-10-13 01:05:41,682 INFO Attaching package: ‘caret’
2025-10-13 01:05:41,682 INFO 
2025-10-13 01:05:41,682 INFO The following object is masked from ‘package:pls’:
2025-10-13 01:05:41,682 INFO 
2025-10-13 01:05:41,682 INFO     R2
2025-10-13 01:05:41,682 INFO 
2025-10-13 01:05:41,682 INFO Loading required package: foreach
2025-10-13 01:05:41,685 INFO Loading required package: iterators
2025-10-13 01:05:41,687 INFO Loading required package: parallel
2025-10-13 01:05:41,782 INFO Registering fonts with R
2025-10-13 01:05:41,828 INFO 
2025-10-13 01:05:41,829 INFO Please cite as:
2025-10-13 01:05:41,829 INFO 
2025-10-13 01:05:41,829 INFO  Hlavac, Marek (2022). stargazer: Well-Formatted Regression and Summary Statistics Tables.
2025-10-13 01:05:41,829 INFO  R package version 5.2.3. https://CRAN.R-project.org/package=stargazer
2025-10-13 01:05:41,829 INFO 
2025-10-13 01:05:41,877 INFO ── Attaching core tidyverse packages ──────────────────────── tidyverse 2.0.0 ──
2025-10-13 01:05:41,877 INFO ✔ dplyr     1.1.4     ✔ readr     2.1.5
2025-10-13 01:05:41,877 INFO ✔ forcats   1.0.1     ✔ stringr   1.5.2
2025-10-13 01:05:41,877 INFO ✔ lubridate 1.9.4     ✔ tibble    3.3.0
2025-10-13 01:05:41,877 INFO ✔ purrr     1.1.0     ✔ tidyr     1.3.1
2025-10-13 01:05:41,911 INFO ── Conflicts ────────────────────────────────────────── tidyverse_conflicts() ──
2025-10-13 01:05:41,911 INFO ✖ purrr::accumulate() masks foreach::accumulate()
2025-10-13 01:05:41,911 INFO ✖ dplyr::combine()    masks randomForest::combine()
2025-10-13 01:05:41,911 INFO ✖ dplyr::filter()     masks stats::filter()
2025-10-13 01:05:41,911 INFO ✖ purrr::flatten()    masks jsonlite::flatten()
2025-10-13 01:05:41,911 INFO ✖ dplyr::lag()        masks stats::lag()
2025-10-13 01:05:41,911 INFO ✖ purrr::lift()       masks caret::lift()
2025-10-13 01:05:41,911 INFO ✖ ggplot2::margin()   masks randomForest::margin()
2025-10-13 01:05:41,911 INFO ✖ dplyr::slice()      masks xgboost::slice()
2025-10-13 01:05:41,911 INFO ✖ purrr::when()       masks foreach::when()
2025-10-13 01:05:41,911 INFO ℹ Use the conflicted package (<http://conflicted.r-lib.org/>) to force all conflicts to become errors
2025-10-13 01:05:41,923 INFO Scanning ttf files in /Library/Fonts/, /System/Library/Fonts, /System/Library/Fonts/Supplemental, ~/Library/Fonts/ ...
2025-10-13 01:05:41,923 INFO Extracting .afm files from .ttf files...
2025-10-13 01:05:44,495 INFO /System/Library/Fonts/Supplemental/Arial Unicode.ttf : ArialUnicodeMS already registered in fonts database. Skipping.
2025-10-13 01:05:44,575 INFO /System/Library/Fonts/Apple Braille Outline 6 Dot.ttf : AppleBraille-Outline6Dot already registered in fonts database. Skipping.
2025-10-13 01:05:44,659 INFO /System/Library/Fonts/Apple Braille Outline 8 Dot.ttf : AppleBraille-Outline8Dot already registered in fonts database. Skipping.
2025-10-13 01:05:44,709 INFO /System/Library/Fonts/Apple Braille Pinpoint 6 Dot.ttf : AppleBraille-Pinpoint6Dot already registered in fonts database. Skipping.
2025-10-13 01:05:44,763 INFO /System/Library/Fonts/Apple Braille Pinpoint 8 Dot.ttf : AppleBraille-Pinpoint8Dot already registered in fonts database. Skipping.
2025-10-13 01:05:44,797 INFO /System/Library/Fonts/Apple Braille.ttf : AppleBraille already registered in fonts database. Skipping.
2025-10-13 01:05:44,823 INFO /System/Library/Fonts/Apple Symbols.ttf : No FontName. Skipping.
2025-10-13 01:05:44,842 INFO /System/Library/Fonts/Geneva.ttf : No FontName. Skipping.
2025-10-13 01:05:44,858 INFO /System/Library/Fonts/Keyboard.ttf : -Keyboard already registered in fonts database. Skipping.
2025-10-13 01:05:44,908 INFO /System/Library/Fonts/Monaco.ttf : No FontName. Skipping.
2025-10-13 01:05:44,996 INFO /System/Library/Fonts/NewYork.ttf : -NewYork-Regular already registered in fonts database. Skipping.
2025-10-13 01:05:45,075 INFO /System/Library/Fonts/NewYorkItalic.ttf : -NewYork-RegularItalic already registered in fonts database. Skipping.
2025-10-13 01:05:45,156 INFO /System/Library/Fonts/SFArabic.ttf : -SFArabic-Regular already registered in fonts database. Skipping.
2025-10-13 01:05:45,257 INFO /System/Library/Fonts/SFArabicRounded.ttf : -SFArabicRounded-Regular already registered in fonts database. Skipping.
2025-10-13 01:05:45,271 INFO /System/Library/Fonts/SFArmenian.ttf : -SFArmenian-Regular already registered in fonts database. Skipping.
2025-10-13 01:05:45,285 INFO /System/Library/Fonts/SFArmenianRounded.ttf : -SFArmenianRounded-Regular already registered in fonts database. Skipping.
2025-10-13 01:05:45,299 INFO /System/Library/Fonts/SFCamera.ttf : --SFCamera-Regular already registered in fonts database. Skipping.
2025-10-13 01:05:45,402 INFO /System/Library/Fonts/SFCompact.ttf : -SFCompact-Black already registered in fonts database. Skipping.
2025-10-13 01:05:45,485 INFO /System/Library/Fonts/SFCompactItalic.ttf : -SFCompact-BlackItalic already registered in fonts database. Skipping.
2025-10-13 01:05:45,593 INFO /System/Library/Fonts/SFCompactRounded.ttf : --SFCompactRounded-Regular already registered in fonts database. Skipping.
2025-10-13 01:05:45,608 INFO /System/Library/Fonts/SFGeorgian.ttf : -SFGeorgian-Regular already registered in fonts database. Skipping.
2025-10-13 01:05:45,624 INFO /System/Library/Fonts/SFGeorgianRounded.ttf : -SFGeorgianRounded-Regular already registered in fonts database. Skipping.
2025-10-13 01:05:45,634 INFO /System/Library/Fonts/SFHebrew.ttf : -SFHebrew-Regular already registered in fonts database. Skipping.
2025-10-13 01:05:45,645 INFO /System/Library/Fonts/SFHebrewRounded.ttf : -SFHebrewRounded-Regular already registered in fonts database. Skipping.
2025-10-13 01:05:45,765 INFO /System/Library/Fonts/SFNS.ttf : -SFNS-Regular already registered in fonts database. Skipping.
2025-10-13 01:05:45,847 INFO /System/Library/Fonts/SFNSItalic.ttf : -SFNS-RegularItalic already registered in fonts database. Skipping.
2025-10-13 01:05:45,900 INFO /System/Library/Fonts/SFNSMono.ttf : -SFNSMono-Light already registered in fonts database. Skipping.
2025-10-13 01:05:45,947 INFO /System/Library/Fonts/SFNSMonoItalic.ttf : -SFNSMono-LightItalic already registered in fonts database. Skipping.
2025-10-13 01:05:46,044 INFO /System/Library/Fonts/SFNSRounded.ttf : -SFNSRounded-Regular already registered in fonts database. Skipping.
2025-10-13 01:05:46,100 INFO /System/Library/Fonts/Supplemental/Academy Engraved LET Fonts.ttf : AcademyEngravedLetPlain already registered in fonts database. Skipping.
2025-10-13 01:05:46,157 INFO /System/Library/Fonts/Supplemental/Academy Engraved LET Fonts.ttf : AcademyEngravedLetPlain already registered in fonts database. Skipping.
2025-10-13 01:05:46,175 INFO /System/Library/Fonts/Supplemental/Andale Mono.ttf : AndaleMono already registered in fonts database. Skipping.
2025-10-13 01:05:46,191 INFO /System/Library/Fonts/Supplemental/Andale Mono.ttf : AndaleMono already registered in fonts database. Skipping.
2025-10-13 01:05:46,235 INFO /System/Library/Fonts/Supplemental/Apple Chancery.ttf : No FontName. Skipping.
2025-10-13 01:05:46,278 INFO /System/Library/Fonts/Supplemental/Apple Chancery.ttf : No FontName. Skipping.
2025-10-13 01:05:49,692 INFO /System/Library/Fonts/Supplemental/AppleGothic.ttf : No FontName. Skipping.
2025-10-13 01:05:53,114 INFO /System/Library/Fonts/Supplemental/AppleGothic.ttf : No FontName. Skipping.
2025-10-13 01:05:57,388 INFO /System/Library/Fonts/Supplemental/AppleMyungjo.ttf : AppleMyungjo already registered in fonts database. Skipping.
2025-10-13 01:06:01,592 INFO /System/Library/Fonts/Supplemental/AppleMyungjo.ttf : AppleMyungjo already registered in fonts database. Skipping.
2025-10-13 01:06:01,615 INFO /System/Library/Fonts/Supplemental/Arial Black.ttf : Arial-Black already registered in fonts database. Skipping.
2025-10-13 01:06:01,636 INFO /System/Library/Fonts/Supplemental/Arial Black.ttf : Arial-Black already registered in fonts database. Skipping.
2025-10-13 01:06:01,705 INFO /System/Library/Fonts/Supplemental/Arial Bold Italic.ttf : Arial-BoldItalicMT already registered in fonts database. Skipping.
2025-10-13 01:06:01,777 INFO /System/Library/Fonts/Supplemental/Arial Bold Italic.ttf : Arial-BoldItalicMT already registered in fonts database. Skipping.
2025-10-13 01:06:01,922 INFO /System/Library/Fonts/Supplemental/Arial Bold.ttf : Arial-BoldMT already registered in fonts database. Skipping.
2025-10-13 01:06:02,031 INFO /System/Library/Fonts/Supplemental/Arial Bold.ttf : Arial-BoldMT already registered in fonts database. Skipping.
2025-10-13 01:06:02,108 INFO /System/Library/Fonts/Supplemental/Arial Italic.ttf : Arial-ItalicMT already registered in fonts database. Skipping.
2025-10-13 01:06:02,185 INFO /System/Library/Fonts/Supplemental/Arial Italic.ttf : Arial-ItalicMT already registered in fonts database. Skipping.
2025-10-13 01:06:02,205 INFO /System/Library/Fonts/Supplemental/Arial Narrow Bold Italic.ttf : ArialNarrow-BoldItalic already registered in fonts database. Skipping.
2025-10-13 01:06:02,224 INFO /System/Library/Fonts/Supplemental/Arial Narrow Bold Italic.ttf : ArialNarrow-BoldItalic already registered in fonts database. Skipping.
2025-10-13 01:06:02,247 INFO /System/Library/Fonts/Supplemental/Arial Narrow Bold.ttf : ArialNarrow-Bold already registered in fonts database. Skipping.
2025-10-13 01:06:02,268 INFO /System/Library/Fonts/Supplemental/Arial Narrow Bold.ttf : ArialNarrow-Bold already registered in fonts database. Skipping.
2025-10-13 01:06:02,288 INFO /System/Library/Fonts/Supplemental/Arial Narrow Italic.ttf : ArialNarrow-Italic already registered in fonts database. Skipping.
2025-10-13 01:06:02,309 INFO /System/Library/Fonts/Supplemental/Arial Narrow Italic.ttf : ArialNarrow-Italic already registered in fonts database. Skipping.
2025-10-13 01:06:02,329 INFO /System/Library/Fonts/Supplemental/Arial Narrow.ttf : ArialNarrow already registered in fonts database. Skipping.
2025-10-13 01:06:02,349 INFO /System/Library/Fonts/Supplemental/Arial Narrow.ttf : ArialNarrow already registered in fonts database. Skipping.
2025-10-13 01:06:02,368 INFO /System/Library/Fonts/Supplemental/Arial Rounded Bold.ttf : ArialRoundedMTBold already registered in fonts database. Skipping.
2025-10-13 01:06:02,386 INFO /System/Library/Fonts/Supplemental/Arial Rounded Bold.ttf : ArialRoundedMTBold already registered in fonts database. Skipping.
2025-10-13 01:06:05,025 INFO /System/Library/Fonts/Supplemental/Arial Unicode.ttf : ArialUnicodeMS already registered in fonts database. Skipping.
2025-10-13 01:06:07,642 INFO /System/Library/Fonts/Supplemental/Arial Unicode.ttf : ArialUnicodeMS already registered in fonts database. Skipping.
2025-10-13 01:06:07,757 INFO /System/Library/Fonts/Supplemental/Arial.ttf : ArialMT already registered in fonts database. Skipping.
2025-10-13 01:06:07,874 INFO /System/Library/Fonts/Supplemental/Arial.ttf : ArialMT already registered in fonts database. Skipping.
2025-10-13 01:06:07,912 INFO /System/Library/Fonts/Supplemental/Ayuthaya.ttf : No FontName. Skipping.
2025-10-13 01:06:07,949 INFO /System/Library/Fonts/Supplemental/Ayuthaya.ttf : No FontName. Skipping.
2025-10-13 01:06:08,092 INFO /System/Library/Fonts/Supplemental/BigCaslon.ttf : No FontName. Skipping.
2025-10-13 01:06:08,237 INFO /System/Library/Fonts/Supplemental/BigCaslon.ttf : No FontName. Skipping.
2025-10-13 01:06:08,259 INFO /System/Library/Fonts/Supplemental/Bodoni 72 Smallcaps Book.ttf : BodoniSvtyTwoSCITCTT-Book already registered in fonts database. Skipping.
2025-10-13 01:06:08,281 INFO /System/Library/Fonts/Supplemental/Bodoni 72 Smallcaps Book.ttf : BodoniSvtyTwoSCITCTT-Book already registered in fonts database. Skipping.
2025-10-13 01:06:08,311 INFO /System/Library/Fonts/Supplemental/Bodoni Ornaments.ttf : BodoniOrnamentsITCTT already registered in fonts database. Skipping.
2025-10-13 01:06:08,344 INFO /System/Library/Fonts/Supplemental/Bodoni Ornaments.ttf : BodoniOrnamentsITCTT already registered in fonts database. Skipping.
2025-10-13 01:06:08,628 INFO /System/Library/Fonts/Supplemental/Bradley Hand Bold.ttf : Bradley-Hand-Bold already registered in fonts database. Skipping.
2025-10-13 01:06:08,924 INFO /System/Library/Fonts/Supplemental/Bradley Hand Bold.ttf : Bradley-Hand-Bold already registered in fonts database. Skipping.
2025-10-13 01:06:09,099 INFO /System/Library/Fonts/Supplemental/Brush Script.ttf : BrushScriptMT already registered in fonts database. Skipping.
2025-10-13 01:06:09,274 INFO /System/Library/Fonts/Supplemental/Brush Script.ttf : BrushScriptMT already registered in fonts database. Skipping.
2025-10-13 01:06:09,293 INFO /System/Library/Fonts/Supplemental/Chalkduster.ttfsh: line 1: 40242 Abort trap: 6           '/Library/Frameworks/R.framework/Versions/4.5-arm64/Resources/library/Rttf2pt1/exec//ttf2pt1' -a -GfAe '/System/Library/Fonts/Supplemental/Chalkduster.ttf' '/var/folders/73/jl9lgbkj511fwjxkl9cvw7q00000gq/T//RtmpIEDO8J/fonts/Chalkduster' 2>&1
2025-10-13 01:06:09,293 INFO  : No FontName. Skipping.
2025-10-13 01:06:09,310 INFO /System/Library/Fonts/Supplemental/Chalkduster.ttfsh: line 1: 40244 Abort trap: 6           '/Library/Frameworks/R.framework/Versions/4.5-arm64/Resources/library/Rttf2pt1/exec//ttf2pt1' -a -GfAe '/System/Library/Fonts/Supplemental/Chalkduster.ttf' '/var/folders/73/jl9lgbkj511fwjxkl9cvw7q00000gq/T//RtmpIEDO8J/fonts/Chalkduster' 2>&1
2025-10-13 01:06:09,310 INFO  : No FontName. Skipping.
2025-10-13 01:06:09,374 INFO /System/Library/Fonts/Supplemental/Comic Sans MS Bold.ttf : ComicSansMS-Bold already registered in fonts database. Skipping.
2025-10-13 01:06:09,436 INFO /System/Library/Fonts/Supplemental/Comic Sans MS Bold.ttf : ComicSansMS-Bold already registered in fonts database. Skipping.
2025-10-13 01:06:09,496 INFO /System/Library/Fonts/Supplemental/Comic Sans MS.ttf : ComicSansMS already registered in fonts database. Skipping.
2025-10-13 01:06:09,556 INFO /System/Library/Fonts/Supplemental/Comic Sans MS.ttf : ComicSansMS already registered in fonts database. Skipping.
2025-10-13 01:06:09,672 INFO /System/Library/Fonts/Supplemental/Courier New Bold Italic.ttf : CourierNewPS-BoldItalicMT already registered in fonts database. Skipping.
2025-10-13 01:06:09,777 INFO /System/Library/Fonts/Supplemental/Courier New Bold Italic.ttf : CourierNewPS-BoldItalicMT already registered in fonts database. Skipping.
2025-10-13 01:06:09,903 INFO /System/Library/Fonts/Supplemental/Courier New Bold.ttf : CourierNewPS-BoldMT already registered in fonts database. Skipping.
2025-10-13 01:06:10,031 INFO /System/Library/Fonts/Supplemental/Courier New Bold.ttf : CourierNewPS-BoldMT already registered in fonts database. Skipping.
2025-10-13 01:06:10,133 INFO /System/Library/Fonts/Supplemental/Courier New Italic.ttf : CourierNewPS-ItalicMT already registered in fonts database. Skipping.
2025-10-13 01:06:10,234 INFO /System/Library/Fonts/Supplemental/Courier New Italic.ttf : CourierNewPS-ItalicMT already registered in fonts database. Skipping.
2025-10-13 01:06:10,351 INFO /System/Library/Fonts/Supplemental/Courier New.ttf : CourierNewPSMT already registered in fonts database. Skipping.
2025-10-13 01:06:10,466 INFO /System/Library/Fonts/Supplemental/Courier New.ttf : CourierNewPSMT already registered in fonts database. Skipping.
2025-10-13 01:06:10,525 INFO /System/Library/Fonts/Supplemental/DIN Alternate Bold.ttf : DINAlternate-Bold already registered in fonts database. Skipping.
2025-10-13 01:06:10,585 INFO /System/Library/Fonts/Supplemental/DIN Alternate Bold.ttf : DINAlternate-Bold already registered in fonts database. Skipping.
2025-10-13 01:06:10,654 INFO /System/Library/Fonts/Supplemental/DIN Condensed Bold.ttf : DINCondensed-Bold already registered in fonts database. Skipping.
2025-10-13 01:06:10,723 INFO /System/Library/Fonts/Supplemental/DIN Condensed Bold.ttf : DINCondensed-Bold already registered in fonts database. Skipping.
2025-10-13 01:06:10,883 INFO /System/Library/Fonts/Supplemental/Diwan Thuluth.ttf : No FontName. Skipping.
2025-10-13 01:06:11,044 INFO /System/Library/Fonts/Supplemental/Diwan Thuluth.ttf : No FontName. Skipping.
2025-10-13 01:06:11,162 INFO /System/Library/Fonts/Supplemental/Farisi.ttf : No FontName. Skipping.
2025-10-13 01:06:11,279 INFO /System/Library/Fonts/Supplemental/Farisi.ttf : No FontName. Skipping.
2025-10-13 01:06:11,371 INFO /System/Library/Fonts/Supplemental/Georgia Bold Italic.ttf : Georgia-BoldItalic already registered in fonts database. Skipping.
2025-10-13 01:06:11,457 INFO /System/Library/Fonts/Supplemental/Georgia Bold Italic.ttf : Georgia-BoldItalic already registered in fonts database. Skipping.
2025-10-13 01:06:11,546 INFO /System/Library/Fonts/Supplemental/Georgia Bold.ttf : Georgia-Bold already registered in fonts database. Skipping.
2025-10-13 01:06:11,634 INFO /System/Library/Fonts/Supplemental/Georgia Bold.ttf : Georgia-Bold already registered in fonts database. Skipping.
2025-10-13 01:06:11,716 INFO /System/Library/Fonts/Supplemental/Georgia Italic.ttf : Georgia-Italic already registered in fonts database. Skipping.
2025-10-13 01:06:11,802 INFO /System/Library/Fonts/Supplemental/Georgia Italic.ttf : Georgia-Italic already registered in fonts database. Skipping.
2025-10-13 01:06:11,897 INFO /System/Library/Fonts/Supplemental/Georgia.ttf : Georgia already registered in fonts database. Skipping.
2025-10-13 01:06:11,988 INFO /System/Library/Fonts/Supplemental/Georgia.ttf : Georgia already registered in fonts database. Skipping.
2025-10-13 01:06:11,997 INFO /System/Library/Fonts/Supplemental/Gurmukhi.ttf : No FontName. Skipping.
2025-10-13 01:06:12,006 INFO /System/Library/Fonts/Supplemental/Gurmukhi.ttf : No FontName. Skipping.
2025-10-13 01:06:12,071 INFO /System/Library/Fonts/Supplemental/Herculanum.ttf : No FontName. Skipping.
2025-10-13 01:06:12,136 INFO /System/Library/Fonts/Supplemental/Herculanum.ttf : No FontName. Skipping.
2025-10-13 01:06:12,146 INFO /System/Library/Fonts/Supplemental/Hoefler Text Ornaments.ttf : No FontName. Skipping.
2025-10-13 01:06:12,158 INFO /System/Library/Fonts/Supplemental/Hoefler Text Ornaments.ttf : No FontName. Skipping.
2025-10-13 01:06:12,190 INFO /System/Library/Fonts/Supplemental/Impact.ttf : Impact already registered in fonts database. Skipping.
2025-10-13 01:06:12,221 INFO /System/Library/Fonts/Supplemental/Impact.ttf : Impact already registered in fonts database. Skipping.
2025-10-13 01:06:12,291 INFO /System/Library/Fonts/Supplemental/Khmer Sangam MN.ttf : KhmerSangamMN already registered in fonts database. Skipping.
2025-10-13 01:06:12,362 INFO /System/Library/Fonts/Supplemental/Khmer Sangam MN.ttf : KhmerSangamMN already registered in fonts database. Skipping.
2025-10-13 01:06:12,404 INFO /System/Library/Fonts/Supplemental/Kokonor.ttfsh: line 1: 40322 Abort trap: 6           '/Library/Frameworks/R.framework/Versions/4.5-arm64/Resources/library/Rttf2pt1/exec//ttf2pt1' -a -GfAe '/System/Library/Fonts/Supplemental/Kokonor.ttf' '/var/folders/73/jl9lgbkj511fwjxkl9cvw7q00000gq/T//RtmpIEDO8J/fonts/Kokonor' 2>&1
2025-10-13 01:06:12,404 INFO  : No FontName. Skipping.
2025-10-13 01:06:12,446 INFO /System/Library/Fonts/Supplemental/Kokonor.ttfsh: line 1: 40324 Abort trap: 6           '/Library/Frameworks/R.framework/Versions/4.5-arm64/Resources/library/Rttf2pt1/exec//ttf2pt1' -a -GfAe '/System/Library/Fonts/Supplemental/Kokonor.ttf' '/var/folders/73/jl9lgbkj511fwjxkl9cvw7q00000gq/T//RtmpIEDO8J/fonts/Kokonor' 2>&1
2025-10-13 01:06:12,446 INFO  : No FontName. Skipping.
2025-10-13 01:06:12,468 INFO /System/Library/Fonts/Supplemental/Krungthep.ttf : No FontName. Skipping.
2025-10-13 01:06:12,488 INFO /System/Library/Fonts/Supplemental/Krungthep.ttf : No FontName. Skipping.
2025-10-13 01:06:12,519 INFO /System/Library/Fonts/Supplemental/Lao Sangam MN.ttf : LaoSangamMN already registered in fonts database. Skipping.
2025-10-13 01:06:12,548 INFO /System/Library/Fonts/Supplemental/Lao Sangam MN.ttf : LaoSangamMN already registered in fonts database. Skipping.
2025-10-13 01:06:12,856 INFO /System/Library/Fonts/Supplemental/Luminari.ttf : Luminari-Regular already registered in fonts database. Skipping.
2025-10-13 01:06:13,171 INFO /System/Library/Fonts/Supplemental/Luminari.ttf : Luminari-Regular already registered in fonts database. Skipping.
2025-10-13 01:06:13,239 INFO /System/Library/Fonts/Supplemental/Microsoft Sans Serif.ttf : MicrosoftSansSerif already registered in fonts database. Skipping.
2025-10-13 01:06:13,305 INFO /System/Library/Fonts/Supplemental/Microsoft Sans Serif.ttf : MicrosoftSansSerif already registered in fonts database. Skipping.
2025-10-13 01:06:13,475 INFO /System/Library/Fonts/Supplemental/Mishafi Gold.ttf : No FontName. Skipping.
2025-10-13 01:06:13,644 INFO /System/Library/Fonts/Supplemental/Mishafi Gold.ttf : No FontName. Skipping.
2025-10-13 01:06:14,042 INFO /System/Library/Fonts/Supplemental/Mishafi.ttf : No FontName. Skipping.
2025-10-13 01:06:14,441 INFO /System/Library/Fonts/Supplemental/Mishafi.ttf : No FontName. Skipping.
2025-10-13 01:06:14,446 INFO /System/Library/Fonts/Supplemental/NISC18030.ttf : No FontName. Skipping.
2025-10-13 01:06:14,452 INFO /System/Library/Fonts/Supplemental/NISC18030.ttf : No FontName. Skipping.
2025-10-13 01:06:14,474 INFO /System/Library/Fonts/Supplemental/NotoSansAdlam-Regular.ttf : NotoSansAdlam-Regular already registered in fonts database. Skipping.
2025-10-13 01:06:14,495 INFO /System/Library/Fonts/Supplemental/NotoSansAdlam-Regular.ttf : NotoSansAdlam-Regular already registered in fonts database. Skipping.
2025-10-13 01:06:14,504 INFO /System/Library/Fonts/Supplemental/NotoSansAvestan-Regular.ttf : NotoSansAvestan-Regular already registered in fonts database. Skipping.
2025-10-13 01:06:14,513 INFO /System/Library/Fonts/Supplemental/NotoSansAvestan-Regular.ttf : NotoSansAvestan-Regular already registered in fonts database. Skipping.
2025-10-13 01:06:14,563 INFO /System/Library/Fonts/Supplemental/NotoSansBamum-Regular.ttf : NotoSansBamum-Regular already registered in fonts database. Skipping.
2025-10-13 01:06:14,614 INFO /System/Library/Fonts/Supplemental/NotoSansBamum-Regular.ttf : NotoSansBamum-Regular already registered in fonts database. Skipping.
2025-10-13 01:06:14,700 INFO /System/Library/Fonts/Supplemental/NotoSansBassaVah-Regular.ttf : NotoSansBassaVah-Regular already registered in fonts database. Skipping.
2025-10-13 01:06:14,709 INFO /System/Library/Fonts/Supplemental/NotoSansBassaVah-Regular.ttf : NotoSansBassaVah-Regular already registered in fonts database. Skipping.
2025-10-13 01:06:14,725 INFO /System/Library/Fonts/Supplemental/NotoSansBatak-Regular.ttf : NotoSansBatak-Regular already registered in fonts database. Skipping.
2025-10-13 01:06:14,740 INFO /System/Library/Fonts/Supplemental/NotoSansBatak-Regular.ttf : NotoSansBatak-Regular already registered in fonts database. Skipping.
2025-10-13 01:06:14,851 INFO /System/Library/Fonts/Supplemental/NotoSansBhaiksuki-Regular.ttf : NotoSansBhaiksuki-Regular already registered in fonts database. Skipping.
2025-10-13 01:06:14,961 INFO /System/Library/Fonts/Supplemental/NotoSansBhaiksuki-Regular.ttf : NotoSansBhaiksuki-Regular already registered in fonts database. Skipping.
2025-10-13 01:06:14,975 INFO /System/Library/Fonts/Supplemental/NotoSansBrahmi-Regular.ttf : NotoSansBrahmi-Regular already registered in fonts database. Skipping.
2025-10-13 01:06:14,989 INFO /System/Library/Fonts/Supplemental/NotoSansBrahmi-Regular.ttf : NotoSansBrahmi-Regular already registered in fonts database. Skipping.
2025-10-13 01:06:14,996 INFO /System/Library/Fonts/Supplemental/NotoSansBuginese-Regular.ttf : NotoSansBuginese-Regular already registered in fonts database. Skipping.
2025-10-13 01:06:15,003 INFO /System/Library/Fonts/Supplemental/NotoSansBuginese-Regular.ttf : NotoSansBuginese-Regular already registered in fonts database. Skipping.
2025-10-13 01:06:15,010 INFO /System/Library/Fonts/Supplemental/NotoSansBuhid-Regular.ttf : NotoSansBuhid-Regular already registered in fonts database. Skipping.
2025-10-13 01:06:15,017 INFO /System/Library/Fonts/Supplemental/NotoSansBuhid-Regular.ttf : NotoSansBuhid-Regular already registered in fonts database. Skipping.
2025-10-13 01:06:15,025 INFO /System/Library/Fonts/Supplemental/NotoSansCarian-Regular.ttf : NotoSansCarian-Regular already registered in fonts database. Skipping.
2025-10-13 01:06:15,033 INFO /System/Library/Fonts/Supplemental/NotoSansCarian-Regular.ttf : NotoSansCarian-Regular already registered in fonts database. Skipping.
2025-10-13 01:06:15,044 INFO /System/Library/Fonts/Supplemental/NotoSansCaucasianAlbanian-Regular.ttf : NotoSansCaucasianAlbanian-Regular already registered in fonts database. Skipping.
2025-10-13 01:06:15,056 INFO /System/Library/Fonts/Supplemental/NotoSansCaucasianAlbanian-Regular.ttf : NotoSansCaucasianAlbanian-Regular already registered in fonts database. Skipping.
2025-10-13 01:06:15,074 INFO /System/Library/Fonts/Supplemental/NotoSansChakma-Regular.ttf : NotoSansChakma-Regular already registered in fonts database. Skipping.
2025-10-13 01:06:15,091 INFO /System/Library/Fonts/Supplemental/NotoSansChakma-Regular.ttf : NotoSansChakma-Regular already registered in fonts database. Skipping.
2025-10-13 01:06:15,104 INFO /System/Library/Fonts/Supplemental/NotoSansCham-Regular.ttf : NotoSansCham-Regular already registered in fonts database. Skipping.
2025-10-13 01:06:15,117 INFO /System/Library/Fonts/Supplemental/NotoSansCham-Regular.ttf : NotoSansCham-Regular already registered in fonts database. Skipping.
2025-10-13 01:06:15,128 INFO /System/Library/Fonts/Supplemental/NotoSansCoptic-Regular.ttf : NotoSansCoptic-Regular already registered in fonts database. Skipping.
2025-10-13 01:06:15,140 INFO /System/Library/Fonts/Supplemental/NotoSansCoptic-Regular.ttf : NotoSansCoptic-Regular already registered in fonts database. Skipping.
2025-10-13 01:06:15,430 INFO /System/Library/Fonts/Supplemental/NotoSansCuneiform-Regular.ttf : NotoSansCuneiform-Regular already registered in fonts database. Skipping.
2025-10-13 01:06:15,721 INFO /System/Library/Fonts/Supplemental/NotoSansCuneiform-Regular.ttf : NotoSansCuneiform-Regular already registered in fonts database. Skipping.
2025-10-13 01:06:15,730 INFO /System/Library/Fonts/Supplemental/NotoSansCypriot-Regular.ttf : NotoSansCypriot-Regular already registered in fonts database. Skipping.
2025-10-13 01:06:15,738 INFO /System/Library/Fonts/Supplemental/NotoSansCypriot-Regular.ttf : NotoSansCypriot-Regular already registered in fonts database. Skipping.
2025-10-13 01:06:15,750 INFO /System/Library/Fonts/Supplemental/NotoSansDuployan-Regular.ttf : NotoSansDuployan-Regular already registered in fonts database. Skipping.
2025-10-13 01:06:15,764 INFO /System/Library/Fonts/Supplemental/NotoSansDuployan-Regular.ttf : NotoSansDuployan-Regular already registered in fonts database. Skipping.
2025-10-13 01:06:16,074 INFO /System/Library/Fonts/Supplemental/NotoSansEgyptianHieroglyphs-Regular.ttf : NotoSansEgyptianHieroglyphs-Regular already registered in fonts database. Skipping.
2025-10-13 01:06:16,394 INFO /System/Library/Fonts/Supplemental/NotoSansEgyptianHieroglyphs-Regular.ttf : NotoSansEgyptianHieroglyphs-Regular already registered in fonts database. Skipping.
2025-10-13 01:06:16,403 INFO /System/Library/Fonts/Supplemental/NotoSansElbasan-Regular.ttf : NotoSansElbasan-Regular already registered in fonts database. Skipping.
2025-10-13 01:06:16,411 INFO /System/Library/Fonts/Supplemental/NotoSansElbasan-Regular.ttf : NotoSansElbasan-Regular already registered in fonts database. Skipping.
2025-10-13 01:06:16,422 INFO /System/Library/Fonts/Supplemental/NotoSansGlagolitic-Regular.ttf : NotoSansGlagolitic-Regular already registered in fonts database. Skipping.
2025-10-13 01:06:16,434 INFO /System/Library/Fonts/Supplemental/NotoSansGlagolitic-Regular.ttf : NotoSansGlagolitic-Regular already registered in fonts database. Skipping.
2025-10-13 01:06:16,441 INFO /System/Library/Fonts/Supplemental/NotoSansGothic-Regular.ttf : NotoSansGothic-Regular already registered in fonts database. Skipping.
2025-10-13 01:06:16,448 INFO /System/Library/Fonts/Supplemental/NotoSansGothic-Regular.ttf : NotoSansGothic-Regular already registered in fonts database. Skipping.
2025-10-13 01:06:16,461 INFO /System/Library/Fonts/Supplemental/NotoSansHanifiRohingya-Regular.ttf : NotoSansHanifiRohingya-Regular already registered in fonts database. Skipping.
2025-10-13 01:06:16,475 INFO /System/Library/Fonts/Supplemental/NotoSansHanifiRohingya-Regular.ttf : NotoSansHanifiRohingya-Regular already registered in fonts database. Skipping.
2025-10-13 01:06:16,484 INFO /System/Library/Fonts/Supplemental/NotoSansHanunoo-Regular.ttf : NotoSansHanunoo-Regular already registered in fonts database. Skipping.
2025-10-13 01:06:16,494 INFO /System/Library/Fonts/Supplemental/NotoSansHanunoo-Regular.ttf : NotoSansHanunoo-Regular already registered in fonts database. Skipping.
2025-10-13 01:06:16,502 INFO /System/Library/Fonts/Supplemental/NotoSansHatran-Regular.ttf : NotoSansHatran-Regular already registered in fonts database. Skipping.
2025-10-13 01:06:16,510 INFO /System/Library/Fonts/Supplemental/NotoSansHatran-Regular.ttf : NotoSansHatran-Regular already registered in fonts database. Skipping.
2025-10-13 01:06:16,520 INFO /System/Library/Fonts/Supplemental/NotoSansImperialAramaic-Regular.ttf : NotoSansImperialAramaic-Regular already registered in fonts database. Skipping.
2025-10-13 01:06:16,528 INFO /System/Library/Fonts/Supplemental/NotoSansImperialAramaic-Regular.ttf : NotoSansImperialAramaic-Regular already registered in fonts database. Skipping.
2025-10-13 01:06:16,537 INFO /System/Library/Fonts/Supplemental/NotoSansInscriptionalPahlavi-Regular.ttf : NotoSansInscriptionalPahlavi-Regular already registered in fonts database. Skipping.
2025-10-13 01:06:16,546 INFO /System/Library/Fonts/Supplemental/NotoSansInscriptionalPahlavi-Regular.ttf : NotoSansInscriptionalPahlavi-Regular already registered in fonts database. Skipping.
2025-10-13 01:06:16,554 INFO /System/Library/Fonts/Supplemental/NotoSansInscriptionalParthian-Regular.ttf : NotoSansInscriptionalParthian-Regular already registered in fonts database. Skipping.
2025-10-13 01:06:16,563 INFO /System/Library/Fonts/Supplemental/NotoSansInscriptionalParthian-Regular.ttf : NotoSansInscriptionalParthian-Regular already registered in fonts database. Skipping.
2025-10-13 01:06:16,581 INFO /System/Library/Fonts/Supplemental/NotoSansKaithi-Regular.ttf : NotoSansKaithi-Regular already registered in fonts database. Skipping.
2025-10-13 01:06:16,599 INFO /System/Library/Fonts/Supplemental/NotoSansKaithi-Regular.ttf : NotoSansKaithi-Regular already registered in fonts database. Skipping.
2025-10-13 01:06:16,608 INFO /System/Library/Fonts/Supplemental/NotoSansKayahLi-Regular.ttf : NotoSansKayahLi-Regular already registered in fonts database. Skipping.
2025-10-13 01:06:16,617 INFO /System/Library/Fonts/Supplemental/NotoSansKayahLi-Regular.ttf : NotoSansKayahLi-Regular already registered in fonts database. Skipping.
2025-10-13 01:06:16,629 INFO /System/Library/Fonts/Supplemental/NotoSansKharoshthi-Regular.ttf : NotoSansKharoshthi-Regular already registered in fonts database. Skipping.
2025-10-13 01:06:16,641 INFO /System/Library/Fonts/Supplemental/NotoSansKharoshthi-Regular.ttf : NotoSansKharoshthi-Regular already registered in fonts database. Skipping.
2025-10-13 01:06:16,661 INFO /System/Library/Fonts/Supplemental/NotoSansKhojki-Regular.ttf : NotoSansKhojki-Regular already registered in fonts database. Skipping.
2025-10-13 01:06:16,681 INFO /System/Library/Fonts/Supplemental/NotoSansKhojki-Regular.ttf : NotoSansKhojki-Regular already registered in fonts database. Skipping.
2025-10-13 01:06:16,692 INFO /System/Library/Fonts/Supplemental/NotoSansKhudawadi-Regular.ttf : NotoSansKhudawadi-Regular already registered in fonts database. Skipping.
2025-10-13 01:06:16,704 INFO /System/Library/Fonts/Supplemental/NotoSansKhudawadi-Regular.ttf : NotoSansKhudawadi-Regular already registered in fonts database. Skipping.
2025-10-13 01:06:16,715 INFO /System/Library/Fonts/Supplemental/NotoSansLepcha-Regular.ttf : NotoSansLepcha-Regular already registered in fonts database. Skipping.
2025-10-13 01:06:16,726 INFO /System/Library/Fonts/Supplemental/NotoSansLepcha-Regular.ttf : NotoSansLepcha-Regular already registered in fonts database. Skipping.
2025-10-13 01:06:16,736 INFO /System/Library/Fonts/Supplemental/NotoSansLimbu-Regular.ttf : NotoSansLimbu-Regular already registered in fonts database. Skipping.
2025-10-13 01:06:16,747 INFO /System/Library/Fonts/Supplemental/NotoSansLimbu-Regular.ttf : NotoSansLimbu-Regular already registered in fonts database. Skipping.
2025-10-13 01:06:16,771 INFO /System/Library/Fonts/Supplemental/NotoSansLinearA-Regular.ttf : NotoSansLinearA-Regular already registered in fonts database. Skipping.
2025-10-13 01:06:16,794 INFO /System/Library/Fonts/Supplemental/NotoSansLinearA-Regular.ttf : NotoSansLinearA-Regular already registered in fonts database. Skipping.
2025-10-13 01:06:16,822 INFO /System/Library/Fonts/Supplemental/NotoSansLinearB-Regular.ttf : NotoSansLinearB-Regular already registered in fonts database. Skipping.
2025-10-13 01:06:16,851 INFO /System/Library/Fonts/Supplemental/NotoSansLinearB-Regular.ttf : NotoSansLinearB-Regular already registered in fonts database. Skipping.
2025-10-13 01:06:16,859 INFO /System/Library/Fonts/Supplemental/NotoSansLisu-Regular.ttf : NotoSansLisu-Regular already registered in fonts database. Skipping.
2025-10-13 01:06:16,867 INFO /System/Library/Fonts/Supplemental/NotoSansLisu-Regular.ttf : NotoSansLisu-Regular already registered in fonts database. Skipping.
2025-10-13 01:06:16,875 INFO /System/Library/Fonts/Supplemental/NotoSansLycian-Regular.ttf : NotoSansLycian-Regular already registered in fonts database. Skipping.
2025-10-13 01:06:16,881 INFO /System/Library/Fonts/Supplemental/NotoSansLycian-Regular.ttf : NotoSansLycian-Regular already registered in fonts database. Skipping.
2025-10-13 01:06:16,889 INFO /System/Library/Fonts/Supplemental/NotoSansLydian-Regular.ttf : NotoSansLydian-Regular already registered in fonts database. Skipping.
2025-10-13 01:06:16,896 INFO /System/Library/Fonts/Supplemental/NotoSansLydian-Regular.ttf : NotoSansLydian-Regular already registered in fonts database. Skipping.
2025-10-13 01:06:16,908 INFO /System/Library/Fonts/Supplemental/NotoSansMahajani-Regular.ttf : NotoSansMahajani-Regular already registered in fonts database. Skipping.
2025-10-13 01:06:16,919 INFO /System/Library/Fonts/Supplemental/NotoSansMahajani-Regular.ttf : NotoSansMahajani-Regular already registered in fonts database. Skipping.
2025-10-13 01:06:16,934 INFO /System/Library/Fonts/Supplemental/NotoSansMandaic-Regular.ttf : NotoSansMandaic-Regular already registered in fonts database. Skipping.
2025-10-13 01:06:16,961 INFO /System/Library/Fonts/Supplemental/NotoSansMandaic-Regular.ttf : NotoSansMandaic-Regular already registered in fonts database. Skipping.
2025-10-13 01:06:17,018 INFO /System/Library/Fonts/Supplemental/NotoSansManichaean-Regular.ttf : NotoSansManichaean-Regular already registered in fonts database. Skipping.
2025-10-13 01:06:17,038 INFO /System/Library/Fonts/Supplemental/NotoSansManichaean-Regular.ttf : NotoSansManichaean-Regular already registered in fonts database. Skipping.
2025-10-13 01:06:17,070 INFO /System/Library/Fonts/Supplemental/NotoSansMarchen-Regular.ttf : NotoSansMarchen-Regular already registered in fonts database. Skipping.
2025-10-13 01:06:17,100 INFO /System/Library/Fonts/Supplemental/NotoSansMarchen-Regular.ttf : NotoSansMarchen-Regular already registered in fonts database. Skipping.
2025-10-13 01:06:17,111 INFO /System/Library/Fonts/Supplemental/NotoSansMeeteiMayek-Regular.ttf : NotoSansMeeteiMayek-Regular already registered in fonts database. Skipping.
2025-10-13 01:06:17,121 INFO /System/Library/Fonts/Supplemental/NotoSansMeeteiMayek-Regular.ttf : NotoSansMeeteiMayek-Regular already registered in fonts database. Skipping.
2025-10-13 01:06:17,138 INFO /System/Library/Fonts/Supplemental/NotoSansMendeKikakui-Regular.ttf : NotoSansMendeKikakui-Regular already registered in fonts database. Skipping.
2025-10-13 01:06:17,155 INFO /System/Library/Fonts/Supplemental/NotoSansMendeKikakui-Regular.ttf : NotoSansMendeKikakui-Regular already registered in fonts database. Skipping.
2025-10-13 01:06:17,171 INFO /System/Library/Fonts/Supplemental/NotoSansMeroitic-Regular.ttf : NotoSansMeroitic-Regular already registered in fonts database. Skipping.
2025-10-13 01:06:17,188 INFO /System/Library/Fonts/Supplemental/NotoSansMeroitic-Regular.ttf : NotoSansMeroitic-Regular already registered in fonts database. Skipping.
2025-10-13 01:06:17,203 INFO /System/Library/Fonts/Supplemental/NotoSansMiao-Regular.ttf : NotoSansMiao-Regular already registered in fonts database. Skipping.
2025-10-13 01:06:17,218 INFO /System/Library/Fonts/Supplemental/NotoSansMiao-Regular.ttf : NotoSansMiao-Regular already registered in fonts database. Skipping.
2025-10-13 01:06:17,235 INFO /System/Library/Fonts/Supplemental/NotoSansModi-Regular.ttf : NotoSansModi-Regular already registered in fonts database. Skipping.
2025-10-13 01:06:17,252 INFO /System/Library/Fonts/Supplemental/NotoSansModi-Regular.ttf : NotoSansModi-Regular already registered in fonts database. Skipping.
2025-10-13 01:06:17,320 INFO /System/Library/Fonts/Supplemental/NotoSansMongolian-Regular.ttf : NotoSansMongolian-Regular already registered in fonts database. Skipping.
2025-10-13 01:06:17,382 INFO /System/Library/Fonts/Supplemental/NotoSansMongolian-Regular.ttf : NotoSansMongolian-Regular already registered in fonts database. Skipping.
2025-10-13 01:06:17,390 INFO /System/Library/Fonts/Supplemental/NotoSansMro-Regular.ttf : NotoSansMro-Regular already registered in fonts database. Skipping.
2025-10-13 01:06:17,398 INFO /System/Library/Fonts/Supplemental/NotoSansMro-Regular.ttf : NotoSansMro-Regular already registered in fonts database. Skipping.
2025-10-13 01:06:17,407 INFO /System/Library/Fonts/Supplemental/NotoSansMultani-Regular.ttf : NotoSansMultani-Regular already registered in fonts database. Skipping.
2025-10-13 01:06:17,419 INFO /System/Library/Fonts/Supplemental/NotoSansMultani-Regular.ttf : NotoSansMultani-Regular already registered in fonts database. Skipping.
2025-10-13 01:06:17,428 INFO /System/Library/Fonts/Supplemental/NotoSansNabataean-Regular.ttf : NotoSansNabataean-Regular already registered in fonts database. Skipping.
2025-10-13 01:06:17,436 INFO /System/Library/Fonts/Supplemental/NotoSansNabataean-Regular.ttf : NotoSansNabataean-Regular already registered in fonts database. Skipping.
2025-10-13 01:06:17,473 INFO /System/Library/Fonts/Supplemental/NotoSansNewa-Regular.ttf : NotoSansNewa-Regular already registered in fonts database. Skipping.
2025-10-13 01:06:17,509 INFO /System/Library/Fonts/Supplemental/NotoSansNewa-Regular.ttf : NotoSansNewa-Regular already registered in fonts database. Skipping.
2025-10-13 01:06:17,522 INFO /System/Library/Fonts/Supplemental/NotoSansNewTaiLue-Regular.ttf : NotoSansNewTaiLue-Regular already registered in fonts database. Skipping.
2025-10-13 01:06:17,534 INFO /System/Library/Fonts/Supplemental/NotoSansNewTaiLue-Regular.ttf : NotoSansNewTaiLue-Regular already registered in fonts database. Skipping.
2025-10-13 01:06:17,544 INFO /System/Library/Fonts/Supplemental/NotoSansNKo-Regular.ttf : NotoSansNKo-Regular already registered in fonts database. Skipping.
2025-10-13 01:06:17,554 INFO /System/Library/Fonts/Supplemental/NotoSansNKo-Regular.ttf : NotoSansNKo-Regular already registered in fonts database. Skipping.
2025-10-13 01:06:17,564 INFO /System/Library/Fonts/Supplemental/NotoSansOlChiki-Regular.ttf : NotoSansOlChiki-Regular already registered in fonts database. Skipping.
2025-10-13 01:06:17,573 INFO /System/Library/Fonts/Supplemental/NotoSansOlChiki-Regular.ttf : NotoSansOlChiki-Regular already registered in fonts database. Skipping.
2025-10-13 01:06:17,585 INFO /System/Library/Fonts/Supplemental/NotoSansOldHungarian-Regular.ttf : NotoSansOldHungarian-Regular already registered in fonts database. Skipping.
2025-10-13 01:06:17,595 INFO /System/Library/Fonts/Supplemental/NotoSansOldHungarian-Regular.ttf : NotoSansOldHungarian-Regular already registered in fonts database. Skipping.
2025-10-13 01:06:17,603 INFO /System/Library/Fonts/Supplemental/NotoSansOldItalic-Regular.ttf : NotoSansOldItalic-Regular already registered in fonts database. Skipping.
2025-10-13 01:06:17,611 INFO /System/Library/Fonts/Supplemental/NotoSansOldItalic-Regular.ttf : NotoSansOldItalic-Regular already registered in fonts database. Skipping.
2025-10-13 01:06:17,618 INFO /System/Library/Fonts/Supplemental/NotoSansOldNorthArabian-Regular.ttf : NotoSansOldNorthArabian-Regular already registered in fonts database. Skipping.
2025-10-13 01:06:17,625 INFO /System/Library/Fonts/Supplemental/NotoSansOldNorthArabian-Regular.ttf : NotoSansOldNorthArabian-Regular already registered in fonts database. Skipping.
2025-10-13 01:06:17,633 INFO /System/Library/Fonts/Supplemental/NotoSansOldPermic-Regular.ttf : NotoSansOldPermic-Regular already registered in fonts database. Skipping.
2025-10-13 01:06:17,639 INFO /System/Library/Fonts/Supplemental/NotoSansOldPermic-Regular.ttf : NotoSansOldPermic-Regular already registered in fonts database. Skipping.
2025-10-13 01:06:17,648 INFO /System/Library/Fonts/Supplemental/NotoSansOldPersian-Regular.ttf : NotoSansOldPersian-Regular already registered in fonts database. Skipping.
2025-10-13 01:06:17,657 INFO /System/Library/Fonts/Supplemental/NotoSansOldPersian-Regular.ttf : NotoSansOldPersian-Regular already registered in fonts database. Skipping.
2025-10-13 01:06:17,663 INFO /System/Library/Fonts/Supplemental/NotoSansOldSouthArabian-Regular.ttf : NotoSansOldSouthArabian-Regular already registered in fonts database. Skipping.
2025-10-13 01:06:17,670 INFO /System/Library/Fonts/Supplemental/NotoSansOldSouthArabian-Regular.ttf : NotoSansOldSouthArabian-Regular already registered in fonts database. Skipping.
2025-10-13 01:06:17,678 INFO /System/Library/Fonts/Supplemental/NotoSansOldTurkic-Regular.ttf : NotoSansOldTurkic-Regular already registered in fonts database. Skipping.
2025-10-13 01:06:17,689 INFO /System/Library/Fonts/Supplemental/NotoSansOldTurkic-Regular.ttf : NotoSansOldTurkic-Regular already registered in fonts database. Skipping.
2025-10-13 01:06:17,699 INFO /System/Library/Fonts/Supplemental/NotoSansOsage-Regular.ttf : NotoSansOsage-Regular already registered in fonts database. Skipping.
2025-10-13 01:06:17,708 INFO /System/Library/Fonts/Supplemental/NotoSansOsage-Regular.ttf : NotoSansOsage-Regular already registered in fonts database. Skipping.
2025-10-13 01:06:17,717 INFO /System/Library/Fonts/Supplemental/NotoSansOsmanya-Regular.ttf : NotoSansOsmanya-Regular already registered in fonts database. Skipping.
2025-10-13 01:06:17,725 INFO /System/Library/Fonts/Supplemental/NotoSansOsmanya-Regular.ttf : NotoSansOsmanya-Regular already registered in fonts database. Skipping.
2025-10-13 01:06:17,736 INFO /System/Library/Fonts/Supplemental/NotoSansPahawhHmong-Regular.ttf : NotoSansPahawhHmong-Regular already registered in fonts database. Skipping.
2025-10-13 01:06:17,746 INFO /System/Library/Fonts/Supplemental/NotoSansPahawhHmong-Regular.ttf : NotoSansPahawhHmong-Regular already registered in fonts database. Skipping.
2025-10-13 01:06:17,758 INFO /System/Library/Fonts/Supplemental/NotoSansPalmyrene-Regular.ttf : NotoSansPalmyrene-Regular already registered in fonts database. Skipping.
2025-10-13 01:06:17,770 INFO /System/Library/Fonts/Supplemental/NotoSansPalmyrene-Regular.ttf : NotoSansPalmyrene-Regular already registered in fonts database. Skipping.
2025-10-13 01:06:17,777 INFO /System/Library/Fonts/Supplemental/NotoSansPauCinHau-Regular.ttf : NotoSansPauCinHau-Regular already registered in fonts database. Skipping.
2025-10-13 01:06:17,785 INFO /System/Library/Fonts/Supplemental/NotoSansPauCinHau-Regular.ttf : NotoSansPauCinHau-Regular already registered in fonts database. Skipping.
2025-10-13 01:06:17,798 INFO /System/Library/Fonts/Supplemental/NotoSansPhagsPa-Regular.ttf : NotoSansPhagsPa-Regular already registered in fonts database. Skipping.
2025-10-13 01:06:17,811 INFO /System/Library/Fonts/Supplemental/NotoSansPhagsPa-Regular.ttf : NotoSansPhagsPa-Regular already registered in fonts database. Skipping.
2025-10-13 01:06:17,818 INFO /System/Library/Fonts/Supplemental/NotoSansPhoenician-Regular.ttf : NotoSansPhoenician-Regular already registered in fonts database. Skipping.
2025-10-13 01:06:17,826 INFO /System/Library/Fonts/Supplemental/NotoSansPhoenician-Regular.ttf : NotoSansPhoenician-Regular already registered in fonts database. Skipping.
2025-10-13 01:06:17,838 INFO /System/Library/Fonts/Supplemental/NotoSansPsalterPahlavi-Regular.ttf : NotoSansPsalterPahlavi-Regular already registered in fonts database. Skipping.
2025-10-13 01:06:17,850 INFO /System/Library/Fonts/Supplemental/NotoSansPsalterPahlavi-Regular.ttf : NotoSansPsalterPahlavi-Regular already registered in fonts database. Skipping.
2025-10-13 01:06:17,857 INFO /System/Library/Fonts/Supplemental/NotoSansRejang-Regular.ttf : NotoSansRejang-Regular already registered in fonts database. Skipping.
2025-10-13 01:06:17,863 INFO /System/Library/Fonts/Supplemental/NotoSansRejang-Regular.ttf : NotoSansRejang-Regular already registered in fonts database. Skipping.
2025-10-13 01:06:17,872 INFO /System/Library/Fonts/Supplemental/NotoSansSamaritan-Regular.ttf : NotoSansSamaritan-Regular already registered in fonts database. Skipping.
2025-10-13 01:06:17,881 INFO /System/Library/Fonts/Supplemental/NotoSansSamaritan-Regular.ttf : NotoSansSamaritan-Regular already registered in fonts database. Skipping.
2025-10-13 01:06:17,890 INFO /System/Library/Fonts/Supplemental/NotoSansSaurashtra-Regular.ttf : NotoSansSaurashtra-Regular already registered in fonts database. Skipping.
2025-10-13 01:06:17,900 INFO /System/Library/Fonts/Supplemental/NotoSansSaurashtra-Regular.ttf : NotoSansSaurashtra-Regular already registered in fonts database. Skipping.
2025-10-13 01:06:17,915 INFO /System/Library/Fonts/Supplemental/NotoSansSharada-Regular.ttf : NotoSansSharada-Regular already registered in fonts database. Skipping.
2025-10-13 01:06:17,930 INFO /System/Library/Fonts/Supplemental/NotoSansSharada-Regular.ttf : NotoSansSharada-Regular already registered in fonts database. Skipping.
2025-10-13 01:06:17,938 INFO /System/Library/Fonts/Supplemental/NotoSansSoraSompeng-Regular.ttf : NotoSansSoraSompeng-Regular already registered in fonts database. Skipping.
2025-10-13 01:06:17,946 INFO /System/Library/Fonts/Supplemental/NotoSansSoraSompeng-Regular.ttf : NotoSansSoraSompeng-Regular already registered in fonts database. Skipping.
2025-10-13 01:06:17,954 INFO /System/Library/Fonts/Supplemental/NotoSansSundanese-Regular.ttf : NotoSansSundanese-Regular already registered in fonts database. Skipping.
2025-10-13 01:06:17,962 INFO /System/Library/Fonts/Supplemental/NotoSansSundanese-Regular.ttf : NotoSansSundanese-Regular already registered in fonts database. Skipping.
2025-10-13 01:06:17,972 INFO /System/Library/Fonts/Supplemental/NotoSansSylotiNagri-Regular.ttf : NotoSansSylotiNagri-Regular already registered in fonts database. Skipping.
2025-10-13 01:06:17,981 INFO /System/Library/Fonts/Supplemental/NotoSansSylotiNagri-Regular.ttf : NotoSansSylotiNagri-Regular already registered in fonts database. Skipping.
2025-10-13 01:06:18,000 INFO /System/Library/Fonts/Supplemental/NotoSansSyriac-Regular.ttf : NotoSansSyriac-Regular already registered in fonts database. Skipping.
2025-10-13 01:06:18,018 INFO /System/Library/Fonts/Supplemental/NotoSansSyriac-Regular.ttf : NotoSansSyriac-Regular already registered in fonts database. Skipping.
2025-10-13 01:06:18,026 INFO /System/Library/Fonts/Supplemental/NotoSansTagalog-Regular.ttf : NotoSansTagalog-Regular already registered in fonts database. Skipping.
2025-10-13 01:06:18,034 INFO /System/Library/Fonts/Supplemental/NotoSansTagalog-Regular.ttf : NotoSansTagalog-Regular already registered in fonts database. Skipping.
2025-10-13 01:06:18,042 INFO /System/Library/Fonts/Supplemental/NotoSansTagbanwa-Regular.ttf : NotoSansTagbanwa-Regular already registered in fonts database. Skipping.
2025-10-13 01:06:18,050 INFO /System/Library/Fonts/Supplemental/NotoSansTagbanwa-Regular.ttf : NotoSansTagbanwa-Regular already registered in fonts database. Skipping.
2025-10-13 01:06:18,060 INFO /System/Library/Fonts/Supplemental/NotoSansTaiLe-Regular.ttf : NotoSansTaiLe-Regular already registered in fonts database. Skipping.
2025-10-13 01:06:18,070 INFO /System/Library/Fonts/Supplemental/NotoSansTaiLe-Regular.ttf : NotoSansTaiLe-Regular already registered in fonts database. Skipping.
2025-10-13 01:06:18,088 INFO /System/Library/Fonts/Supplemental/NotoSansTaiTham-Regular.ttf : NotoSansTaiTham already registered in fonts database. Skipping.
2025-10-13 01:06:18,107 INFO /System/Library/Fonts/Supplemental/NotoSansTaiTham-Regular.ttf : NotoSansTaiTham already registered in fonts database. Skipping.
2025-10-13 01:06:18,119 INFO /System/Library/Fonts/Supplemental/NotoSansTaiViet-Regular.ttf : NotoSansTaiViet-Regular already registered in fonts database. Skipping.
2025-10-13 01:06:18,132 INFO /System/Library/Fonts/Supplemental/NotoSansTaiViet-Regular.ttf : NotoSansTaiViet-Regular already registered in fonts database. Skipping.
2025-10-13 01:06:18,141 INFO /System/Library/Fonts/Supplemental/NotoSansTakri-Regular.ttf : NotoSansTakri-Regular already registered in fonts database. Skipping.
2025-10-13 01:06:18,151 INFO /System/Library/Fonts/Supplemental/NotoSansTakri-Regular.ttf : NotoSansTakri-Regular already registered in fonts database. Skipping.
2025-10-13 01:06:18,164 INFO /System/Library/Fonts/Supplemental/NotoSansThaana-Regular.ttf : NotoSansThaana-Regular already registered in fonts database. Skipping.
2025-10-13 01:06:18,177 INFO /System/Library/Fonts/Supplemental/NotoSansThaana-Regular.ttf : NotoSansThaana-Regular already registered in fonts database. Skipping.
2025-10-13 01:06:18,195 INFO /System/Library/Fonts/Supplemental/NotoSansTirhuta-Regular.ttf : NotoSansTirhuta-Regular already registered in fonts database. Skipping.
2025-10-13 01:06:18,214 INFO /System/Library/Fonts/Supplemental/NotoSansTirhuta-Regular.ttf : NotoSansTirhuta-Regular already registered in fonts database. Skipping.
2025-10-13 01:06:18,222 INFO /System/Library/Fonts/Supplemental/NotoSansUgaritic-Regular.ttf : NotoSansUgaritic-Regular already registered in fonts database. Skipping.
2025-10-13 01:06:18,230 INFO /System/Library/Fonts/Supplemental/NotoSansUgaritic-Regular.ttf : NotoSansUgaritic-Regular already registered in fonts database. Skipping.
2025-10-13 01:06:18,251 INFO /System/Library/Fonts/Supplemental/NotoSansVai-Regular.ttf : NotoSansVai-Regular already registered in fonts database. Skipping.
2025-10-13 01:06:18,272 INFO /System/Library/Fonts/Supplemental/NotoSansVai-Regular.ttf : NotoSansVai-Regular already registered in fonts database. Skipping.
2025-10-13 01:06:18,281 INFO /System/Library/Fonts/Supplemental/NotoSansWancho-Regular.ttf : NotoSansWancho-Regular already registered in fonts database. Skipping.
2025-10-13 01:06:18,290 INFO /System/Library/Fonts/Supplemental/NotoSansWancho-Regular.ttf : NotoSansWancho-Regular already registered in fonts database. Skipping.
2025-10-13 01:06:18,301 INFO /System/Library/Fonts/Supplemental/NotoSansWarangCiti-Regular.ttf : NotoSansWarangCiti-Regular already registered in fonts database. Skipping.
2025-10-13 01:06:18,311 INFO /System/Library/Fonts/Supplemental/NotoSansWarangCiti-Regular.ttf : NotoSansWarangCiti-Regular already registered in fonts database. Skipping.
2025-10-13 01:06:18,365 INFO /System/Library/Fonts/Supplemental/NotoSansYi-Regular.ttf : NotoSansYi-Regular already registered in fonts database. Skipping.
2025-10-13 01:06:18,419 INFO /System/Library/Fonts/Supplemental/NotoSansYi-Regular.ttf : NotoSansYi-Regular already registered in fonts database. Skipping.
2025-10-13 01:06:18,432 INFO /System/Library/Fonts/Supplemental/NotoSerifAhom-Regular.ttf : NotoSerifAhom-Regular already registered in fonts database. Skipping.
2025-10-13 01:06:18,444 INFO /System/Library/Fonts/Supplemental/NotoSerifAhom-Regular.ttf : NotoSerifAhom-Regular already registered in fonts database. Skipping.
2025-10-13 01:06:18,473 INFO /System/Library/Fonts/Supplemental/NotoSerifBalinese-Regular.ttf : NotoSerifBalinese-Regular already registered in fonts database. Skipping.
2025-10-13 01:06:18,500 INFO /System/Library/Fonts/Supplemental/NotoSerifBalinese-Regular.ttf : NotoSerifBalinese-Regular already registered in fonts database. Skipping.
2025-10-13 01:06:18,509 INFO /System/Library/Fonts/Supplemental/NotoSerifNyiakengPuachueHmong-Regular.ttf : NotoSerifHmongNyiakeng-Regular already registered in fonts database. Skipping.
2025-10-13 01:06:18,519 INFO /System/Library/Fonts/Supplemental/NotoSerifNyiakengPuachueHmong-Regular.ttf : NotoSerifHmongNyiakeng-Regular already registered in fonts database. Skipping.
2025-10-13 01:06:18,621 INFO /System/Library/Fonts/Supplemental/PartyLET-plain.ttf : PartyLetPlain already registered in fonts database. Skipping.
2025-10-13 01:06:18,725 INFO /System/Library/Fonts/Supplemental/PartyLET-plain.ttf : PartyLetPlain already registered in fonts database. Skipping.
2025-10-13 01:06:18,769 INFO /System/Library/Fonts/Supplemental/PlantagenetCherokee.ttf : No FontName. Skipping.
2025-10-13 01:06:18,814 INFO /System/Library/Fonts/Supplemental/PlantagenetCherokee.ttf : No FontName. Skipping.
2025-10-13 01:06:18,855 INFO /System/Library/Fonts/Supplemental/Sathu.ttf : No FontName. Skipping.
2025-10-13 01:06:18,896 INFO /System/Library/Fonts/Supplemental/Sathu.ttf : No FontName. Skipping.
2025-10-13 01:06:18,919 INFO /System/Library/Fonts/Supplemental/Silom.ttf : No FontName. Skipping.
2025-10-13 01:06:18,943 INFO /System/Library/Fonts/Supplemental/Silom.ttf : No FontName. Skipping.
2025-10-13 01:06:18,971 INFO /System/Library/Fonts/Supplemental/Skia.ttf : No FontName. Skipping.
2025-10-13 01:06:18,999 INFO /System/Library/Fonts/Supplemental/Skia.ttf : No FontName. Skipping.
2025-10-13 01:06:19,136 INFO /System/Library/Fonts/Supplemental/STIXTwoText-Italic.ttf : STIXTwoText-Italic already registered in fonts database. Skipping.
2025-10-13 01:06:19,319 INFO /System/Library/Fonts/Supplemental/STIXTwoText-Italic.ttf : STIXTwoText-Italic already registered in fonts database. Skipping.
2025-10-13 01:06:19,452 INFO /System/Library/Fonts/Supplemental/STIXTwoText.ttf : STIXTwoText already registered in fonts database. Skipping.
2025-10-13 01:06:19,588 INFO /System/Library/Fonts/Supplemental/STIXTwoText.ttf : STIXTwoText already registered in fonts database. Skipping.
2025-10-13 01:06:19,804 INFO /System/Library/Fonts/Supplemental/Tahoma Bold.ttf : Tahoma-Bold already registered in fonts database. Skipping.
2025-10-13 01:06:19,927 INFO /System/Library/Fonts/Supplemental/Tahoma Bold.ttf : Tahoma-Bold already registered in fonts database. Skipping.
2025-10-13 01:06:20,032 INFO /System/Library/Fonts/Supplemental/Tahoma.ttf : Tahoma already registered in fonts database. Skipping.
2025-10-13 01:06:20,138 INFO /System/Library/Fonts/Supplemental/Tahoma.ttf : Tahoma already registered in fonts database. Skipping.
2025-10-13 01:06:20,242 INFO /System/Library/Fonts/Supplemental/Times New Roman Bold Italic.ttf : TimesNewRomanPS-BoldItalicMT already registered in fonts database. Skipping.
2025-10-13 01:06:20,347 INFO /System/Library/Fonts/Supplemental/Times New Roman Bold Italic.ttf : TimesNewRomanPS-BoldItalicMT already registered in fonts database. Skipping.
2025-10-13 01:06:20,495 INFO /System/Library/Fonts/Supplemental/Times New Roman Bold.ttf : TimesNewRomanPS-BoldMT already registered in fonts database. Skipping.
2025-10-13 01:06:20,642 INFO /System/Library/Fonts/Supplemental/Times New Roman Bold.ttf : TimesNewRomanPS-BoldMT already registered in fonts database. Skipping.
2025-10-13 01:06:20,749 INFO /System/Library/Fonts/Supplemental/Times New Roman Italic.ttf : TimesNewRomanPS-ItalicMT already registered in fonts database. Skipping.
2025-10-13 01:06:20,856 INFO /System/Library/Fonts/Supplemental/Times New Roman Italic.ttf : TimesNewRomanPS-ItalicMT already registered in fonts database. Skipping.
2025-10-13 01:06:21,015 INFO /System/Library/Fonts/Supplemental/Times New Roman.ttf : TimesNewRomanPSMT already registered in fonts database. Skipping.
2025-10-13 01:06:21,172 INFO /System/Library/Fonts/Supplemental/Times New Roman.ttf : TimesNewRomanPSMT already registered in fonts database. Skipping.
2025-10-13 01:06:23,101 INFO /System/Library/Fonts/Supplemental/Trattatello.ttf : Trattatello already registered in fonts database. Skipping.
2025-10-13 01:06:24,992 INFO /System/Library/Fonts/Supplemental/Trattatello.ttf : Trattatello already registered in fonts database. Skipping.
2025-10-13 01:06:25,008 INFO /System/Library/Fonts/Supplemental/Trebuchet MS Bold Italic.ttf : Trebuchet-BoldItalic already registered in fonts database. Skipping.
2025-10-13 01:06:25,024 INFO /System/Library/Fonts/Supplemental/Trebuchet MS Bold Italic.ttf : Trebuchet-BoldItalic already registered in fonts database. Skipping.
2025-10-13 01:06:25,039 INFO /System/Library/Fonts/Supplemental/Trebuchet MS Bold.ttf : TrebuchetMS-Bold already registered in fonts database. Skipping.
2025-10-13 01:06:25,054 INFO /System/Library/Fonts/Supplemental/Trebuchet MS Bold.ttf : TrebuchetMS-Bold already registered in fonts database. Skipping.
2025-10-13 01:06:25,070 INFO /System/Library/Fonts/Supplemental/Trebuchet MS Italic.ttf : TrebuchetMS-Italic already registered in fonts database. Skipping.
2025-10-13 01:06:25,086 INFO /System/Library/Fonts/Supplemental/Trebuchet MS Italic.ttf : TrebuchetMS-Italic already registered in fonts database. Skipping.
2025-10-13 01:06:25,101 INFO /System/Library/Fonts/Supplemental/Trebuchet MS.ttf : TrebuchetMS already registered in fonts database. Skipping.
2025-10-13 01:06:25,115 INFO /System/Library/Fonts/Supplemental/Trebuchet MS.ttf : TrebuchetMS already registered in fonts database. Skipping.
2025-10-13 01:06:25,137 INFO /System/Library/Fonts/Supplemental/Verdana Bold Italic.ttf : Verdana-BoldItalic already registered in fonts database. Skipping.
2025-10-13 01:06:25,158 INFO /System/Library/Fonts/Supplemental/Verdana Bold Italic.ttf : Verdana-BoldItalic already registered in fonts database. Skipping.
2025-10-13 01:06:25,182 INFO /System/Library/Fonts/Supplemental/Verdana Bold.ttf : Verdana-Bold already registered in fonts database. Skipping.
2025-10-13 01:06:25,206 INFO /System/Library/Fonts/Supplemental/Verdana Bold.ttf : Verdana-Bold already registered in fonts database. Skipping.
2025-10-13 01:06:25,230 INFO /System/Library/Fonts/Supplemental/Verdana Italic.ttf : Verdana-Italic already registered in fonts database. Skipping.
2025-10-13 01:06:25,252 INFO /System/Library/Fonts/Supplemental/Verdana Italic.ttf : Verdana-Italic already registered in fonts database. Skipping.
2025-10-13 01:06:25,276 INFO /System/Library/Fonts/Supplemental/Verdana.ttf : Verdana already registered in fonts database. Skipping.
2025-10-13 01:06:25,300 INFO /System/Library/Fonts/Supplemental/Verdana.ttf : Verdana already registered in fonts database. Skipping.
2025-10-13 01:06:25,329 INFO /System/Library/Fonts/Supplemental/Webdings.ttf : Webdings already registered in fonts database. Skipping.
2025-10-13 01:06:25,357 INFO /System/Library/Fonts/Supplemental/Webdings.ttf : Webdings already registered in fonts database. Skipping.
2025-10-13 01:06:25,369 INFO /System/Library/Fonts/Supplemental/Wingdings 2.ttf : Wingdings2 already registered in fonts database. Skipping.
2025-10-13 01:06:25,380 INFO /System/Library/Fonts/Supplemental/Wingdings 2.ttf : Wingdings2 already registered in fonts database. Skipping.
2025-10-13 01:06:25,388 INFO /System/Library/Fonts/Supplemental/Wingdings 3.ttf : Wingdings3 already registered in fonts database. Skipping.
2025-10-13 01:06:25,396 INFO /System/Library/Fonts/Supplemental/Wingdings 3.ttf : Wingdings3 already registered in fonts database. Skipping.
2025-10-13 01:06:25,410 INFO /System/Library/Fonts/Supplemental/Wingdings.ttf : Wingdings-Regular already registered in fonts database. Skipping.
2025-10-13 01:06:25,424 INFO /System/Library/Fonts/Supplemental/Wingdings.ttf : Wingdings-Regular already registered in fonts database. Skipping.
2025-10-13 01:06:25,802 INFO /System/Library/Fonts/Supplemental/Zapfino.ttf : No FontName. Skipping.
2025-10-13 01:06:26,181 INFO /System/Library/Fonts/Supplemental/Zapfino.ttf : No FontName. Skipping.
2025-10-13 01:06:26,190 INFO /System/Library/Fonts/Symbol.ttf : No FontName. Skipping.
2025-10-13 01:06:26,202 INFO /System/Library/Fonts/ZapfDingbats.ttf : No FontName. Skipping.
2025-10-13 01:06:26,202 INFO Found FontName for 0 fonts.
2025-10-13 01:06:26,202 INFO Scanning afm files in /Library/Frameworks/R.framework/Versions/4.5-arm64/Resources/library/extrafontdb/metrics
2025-10-13 01:06:26,293 INFO .Keyboard already registered with pdfFont().
2025-10-13 01:06:26,293 INFO .New York already registered with pdfFont().
2025-10-13 01:06:26,293 INFO .SF Arabic already registered with pdfFont().
2025-10-13 01:06:26,293 INFO .SF Arabic Rounded already registered with pdfFont().
2025-10-13 01:06:26,293 INFO .SF Armenian already registered with pdfFont().
2025-10-13 01:06:26,293 INFO .SF Armenian Rounded already registered with pdfFont().
2025-10-13 01:06:26,293 INFO .SF Camera already registered with pdfFont().
2025-10-13 01:06:26,293 INFO .SF Compact already registered with pdfFont().
2025-10-13 01:06:26,293 INFO .SF Compact Rounded already registered with pdfFont().
2025-10-13 01:06:26,293 INFO .SF Georgian already registered with pdfFont().
2025-10-13 01:06:26,293 INFO .SF Georgian Rounded already registered with pdfFont().
2025-10-13 01:06:26,293 INFO .SF Hebrew already registered with pdfFont().
2025-10-13 01:06:26,293 INFO .SF Hebrew Rounded already registered with pdfFont().
2025-10-13 01:06:26,293 INFO .SF NS Mono already registered with pdfFont().
2025-10-13 01:06:26,293 INFO .SF NS Rounded already registered with pdfFont().
2025-10-13 01:06:26,293 INFO Academy Engraved LET already registered with pdfFont().
2025-10-13 01:06:26,293 INFO Andale Mono already registered with pdfFont().
2025-10-13 01:06:26,293 INFO More than one version of regular/bold/italic found for Apple Braille. Skipping setup for this font.
2025-10-13 01:06:26,293 INFO AppleMyungjo already registered with pdfFont().
2025-10-13 01:06:26,294 INFO Arial already registered with pdfFont().
2025-10-13 01:06:26,294 INFO Arial Black already registered with pdfFont().
2025-10-13 01:06:26,294 INFO Arial Narrow already registered with pdfFont().
2025-10-13 01:06:26,294 INFO Arial Rounded MT Bold already registered with pdfFont().
2025-10-13 01:06:26,294 INFO Arial Unicode MS already registered with pdfFont().
2025-10-13 01:06:26,294 INFO Bodoni 72 Smallcaps already registered with pdfFont().
2025-10-13 01:06:26,294 INFO Bodoni Ornaments already registered with pdfFont().
2025-10-13 01:06:26,294 INFO No regular (non-bold, non-italic) version of Brush Script MT. Skipping setup for this font.
2025-10-13 01:06:26,294 INFO Comic Sans MS already registered with pdfFont().
2025-10-13 01:06:26,294 INFO Courier New already registered with pdfFont().
2025-10-13 01:06:26,294 INFO No regular (non-bold, non-italic) version of DIN Alternate. Skipping setup for this font.
2025-10-13 01:06:26,294 INFO No regular (non-bold, non-italic) version of DIN Condensed. Skipping setup for this font.
2025-10-13 01:06:26,294 INFO Georgia already registered with pdfFont().
2025-10-13 01:06:26,294 INFO Impact already registered with pdfFont().
2025-10-13 01:06:26,294 INFO Khmer Sangam MN already registered with pdfFont().
2025-10-13 01:06:26,294 INFO Lao Sangam MN already registered with pdfFont().
2025-10-13 01:06:26,294 INFO Luminari already registered with pdfFont().
2025-10-13 01:06:26,294 INFO Microsoft Sans Serif already registered with pdfFont().
2025-10-13 01:06:26,294 INFO Noto Sans Adlam already registered with pdfFont().
2025-10-13 01:06:26,294 INFO Noto Sans Avestan already registered with pdfFont().
2025-10-13 01:06:26,294 INFO Noto Sans Bamum already registered with pdfFont().
2025-10-13 01:06:26,294 INFO Noto Sans Bassa Vah already registered with pdfFont().
2025-10-13 01:06:26,294 INFO Noto Sans Batak already registered with pdfFont().
2025-10-13 01:06:26,294 INFO Noto Sans Bhaiksuki already registered with pdfFont().
2025-10-13 01:06:26,294 INFO Noto Sans Brahmi already registered with pdfFont().
2025-10-13 01:06:26,294 INFO Noto Sans Buginese already registered with pdfFont().
2025-10-13 01:06:26,294 INFO Noto Sans Buhid already registered with pdfFont().
2025-10-13 01:06:26,294 INFO Noto Sans Carian already registered with pdfFont().
2025-10-13 01:06:26,294 INFO Noto Sans CaucAlban already registered with pdfFont().
2025-10-13 01:06:26,294 INFO Noto Sans Chakma already registered with pdfFont().
2025-10-13 01:06:26,294 INFO Noto Sans Cham already registered with pdfFont().
2025-10-13 01:06:26,294 INFO Noto Sans Coptic already registered with pdfFont().
2025-10-13 01:06:26,294 INFO Noto Sans Cuneiform already registered with pdfFont().
2025-10-13 01:06:26,294 INFO Noto Sans Cypriot already registered with pdfFont().
2025-10-13 01:06:26,294 INFO Noto Sans Duployan already registered with pdfFont().
2025-10-13 01:06:26,294 INFO Noto Sans EgyptHiero already registered with pdfFont().
2025-10-13 01:06:26,294 INFO Noto Sans Elbasan already registered with pdfFont().
2025-10-13 01:06:26,294 INFO Noto Sans Glagolitic already registered with pdfFont().
2025-10-13 01:06:26,294 INFO Noto Sans Gothic already registered with pdfFont().
2025-10-13 01:06:26,294 INFO Noto Sans HanifiRohg already registered with pdfFont().
2025-10-13 01:06:26,294 INFO Noto Sans Hanunoo already registered with pdfFont().
2025-10-13 01:06:26,294 INFO Noto Sans Hatran already registered with pdfFont().
2025-10-13 01:06:26,294 INFO Noto Sans ImpAramaic already registered with pdfFont().
2025-10-13 01:06:26,295 INFO Noto Sans InsPahlavi already registered with pdfFont().
2025-10-13 01:06:26,295 INFO Noto Sans InsParthi already registered with pdfFont().
2025-10-13 01:06:26,295 INFO Noto Sans Kaithi already registered with pdfFont().
2025-10-13 01:06:26,295 INFO Noto Sans Kayah Li already registered with pdfFont().
2025-10-13 01:06:26,295 INFO Noto Sans Kharoshthi already registered with pdfFont().
2025-10-13 01:06:26,295 INFO Noto Sans Khojki already registered with pdfFont().
2025-10-13 01:06:26,295 INFO Noto Sans Khudawadi already registered with pdfFont().
2025-10-13 01:06:26,295 INFO Noto Sans Lepcha already registered with pdfFont().
2025-10-13 01:06:26,295 INFO Noto Sans Limbu already registered with pdfFont().
2025-10-13 01:06:26,295 INFO Noto Sans Linear A already registered with pdfFont().
2025-10-13 01:06:26,295 INFO Noto Sans Linear B already registered with pdfFont().
2025-10-13 01:06:26,295 INFO Noto Sans Lisu already registered with pdfFont().
2025-10-13 01:06:26,295 INFO Noto Sans Lycian already registered with pdfFont().
2025-10-13 01:06:26,295 INFO Noto Sans Lydian already registered with pdfFont().
2025-10-13 01:06:26,295 INFO Noto Sans Mahajani already registered with pdfFont().
2025-10-13 01:06:26,295 INFO Noto Sans Mandaic already registered with pdfFont().
2025-10-13 01:06:26,295 INFO Noto Sans Manichaean already registered with pdfFont().
2025-10-13 01:06:26,295 INFO Noto Sans Marchen already registered with pdfFont().
2025-10-13 01:06:26,295 INFO Noto Sans MeeteiMayek already registered with pdfFont().
2025-10-13 01:06:26,295 INFO Noto Sans Mende Kikakui already registered with pdfFont().
2025-10-13 01:06:26,295 INFO Noto Sans Meroitic already registered with pdfFont().
2025-10-13 01:06:26,295 INFO Noto Sans Miao already registered with pdfFont().
2025-10-13 01:06:26,295 INFO Noto Sans Modi already registered with pdfFont().
2025-10-13 01:06:26,295 INFO Noto Sans Mongolian already registered with pdfFont().
2025-10-13 01:06:26,295 INFO Noto Sans Mro already registered with pdfFont().
2025-10-13 01:06:26,295 INFO Noto Sans Multani already registered with pdfFont().
2025-10-13 01:06:26,295 INFO Noto Sans Nabataean already registered with pdfFont().
2025-10-13 01:06:26,295 INFO Noto Sans Newa already registered with pdfFont().
2025-10-13 01:06:26,295 INFO Noto Sans NewTaiLue already registered with pdfFont().
2025-10-13 01:06:26,295 INFO Noto Sans NKo already registered with pdfFont().
2025-10-13 01:06:26,295 INFO Noto Sans Ol Chiki already registered with pdfFont().
2025-10-13 01:06:26,295 INFO No regular (non-bold, non-italic) version of Noto Sans Old Italic. Skipping setup for this font.
2025-10-13 01:06:26,295 INFO Noto Sans Old Permic already registered with pdfFont().
2025-10-13 01:06:26,295 INFO Noto Sans Old Turkic already registered with pdfFont().
2025-10-13 01:06:26,295 INFO Noto Sans OldHung already registered with pdfFont().
2025-10-13 01:06:26,295 INFO Noto Sans OldNorArab already registered with pdfFont().
2025-10-13 01:06:26,295 INFO Noto Sans OldPersian already registered with pdfFont().
2025-10-13 01:06:26,295 INFO Noto Sans OldSouArab already registered with pdfFont().
2025-10-13 01:06:26,295 INFO Noto Sans Osage already registered with pdfFont().
2025-10-13 01:06:26,295 INFO Noto Sans Osmanya already registered with pdfFont().
2025-10-13 01:06:26,295 INFO Noto Sans Pahawh Hmong already registered with pdfFont().
2025-10-13 01:06:26,295 INFO Noto Sans Palmyrene already registered with pdfFont().
2025-10-13 01:06:26,295 INFO Noto Sans PauCinHau already registered with pdfFont().
2025-10-13 01:06:26,295 INFO Noto Sans PhagsPa already registered with pdfFont().
2025-10-13 01:06:26,295 INFO Noto Sans Phoenician already registered with pdfFont().
2025-10-13 01:06:26,295 INFO Noto Sans PsaPahlavi already registered with pdfFont().
2025-10-13 01:06:26,295 INFO Noto Sans Rejang already registered with pdfFont().
2025-10-13 01:06:26,296 INFO Noto Sans Samaritan already registered with pdfFont().
2025-10-13 01:06:26,296 INFO Noto Sans Saurashtra already registered with pdfFont().
2025-10-13 01:06:26,296 INFO Noto Sans Sharada already registered with pdfFont().
2025-10-13 01:06:26,296 INFO Noto Sans SoraSomp already registered with pdfFont().
2025-10-13 01:06:26,296 INFO Noto Sans Sundanese already registered with pdfFont().
2025-10-13 01:06:26,296 INFO Noto Sans Syloti Nagri already registered with pdfFont().
2025-10-13 01:06:26,296 INFO Noto Sans Syriac already registered with pdfFont().
2025-10-13 01:06:26,296 INFO Noto Sans Tagalog already registered with pdfFont().
2025-10-13 01:06:26,296 INFO Noto Sans Tagbanwa already registered with pdfFont().
2025-10-13 01:06:26,296 INFO Noto Sans Tai Le already registered with pdfFont().
2025-10-13 01:06:26,296 INFO Noto Sans Tai Tham already registered with pdfFont().
2025-10-13 01:06:26,296 INFO Noto Sans Tai Viet already registered with pdfFont().
2025-10-13 01:06:26,296 INFO Noto Sans Takri already registered with pdfFont().
2025-10-13 01:06:26,296 INFO Noto Sans Thaana already registered with pdfFont().
2025-10-13 01:06:26,296 INFO Noto Sans Tirhuta already registered with pdfFont().
2025-10-13 01:06:26,296 INFO Noto Sans Ugaritic already registered with pdfFont().
2025-10-13 01:06:26,296 INFO Noto Sans Vai already registered with pdfFont().
2025-10-13 01:06:26,296 INFO Noto Sans Wancho already registered with pdfFont().
2025-10-13 01:06:26,296 INFO Noto Sans WarangCiti already registered with pdfFont().
2025-10-13 01:06:26,296 INFO Noto Sans Yi already registered with pdfFont().
2025-10-13 01:06:26,296 INFO Noto Serif Ahom already registered with pdfFont().
2025-10-13 01:06:26,296 INFO Noto Serif Balinese already registered with pdfFont().
2025-10-13 01:06:26,296 INFO Noto Serif Hmong Nyiakeng already registered with pdfFont().
2025-10-13 01:06:26,296 INFO Party LET already registered with pdfFont().
2025-10-13 01:06:26,296 INFO STIX Two Text already registered with pdfFont().
2025-10-13 01:06:26,296 INFO System Font already registered with pdfFont().
2025-10-13 01:06:26,296 INFO Tahoma already registered with pdfFont().
2025-10-13 01:06:26,296 INFO Times New Roman already registered with pdfFont().
2025-10-13 01:06:26,296 INFO Trattatello already registered with pdfFont().
2025-10-13 01:06:26,296 INFO Trebuchet MS already registered with pdfFont().
2025-10-13 01:06:26,296 INFO Verdana already registered with pdfFont().
2025-10-13 01:06:26,296 INFO Webdings already registered with pdfFont().
2025-10-13 01:06:26,296 INFO Wingdings already registered with pdfFont().
2025-10-13 01:06:26,296 INFO Wingdings 2 already registered with pdfFont().
2025-10-13 01:06:26,296 INFO Wingdings 3 already registered with pdfFont().
2025-10-13 01:06:26,301 INFO .Keyboard already registered with postscriptFont().
2025-10-13 01:06:26,301 INFO .New York already registered with postscriptFont().
2025-10-13 01:06:26,301 INFO .SF Arabic already registered with postscriptFont().
2025-10-13 01:06:26,301 INFO .SF Arabic Rounded already registered with postscriptFont().
2025-10-13 01:06:26,301 INFO .SF Armenian already registered with postscriptFont().
2025-10-13 01:06:26,301 INFO .SF Armenian Rounded already registered with postscriptFont().
2025-10-13 01:06:26,301 INFO .SF Camera already registered with postscriptFont().
2025-10-13 01:06:26,301 INFO .SF Compact already registered with postscriptFont().
2025-10-13 01:06:26,301 INFO .SF Compact Rounded already registered with postscriptFont().
2025-10-13 01:06:26,301 INFO .SF Georgian already registered with postscriptFont().
2025-10-13 01:06:26,301 INFO .SF Georgian Rounded already registered with postscriptFont().
2025-10-13 01:06:26,301 INFO .SF Hebrew already registered with postscriptFont().
2025-10-13 01:06:26,301 INFO .SF Hebrew Rounded already registered with postscriptFont().
2025-10-13 01:06:26,301 INFO .SF NS Mono already registered with postscriptFont().
2025-10-13 01:06:26,301 INFO .SF NS Rounded already registered with postscriptFont().
2025-10-13 01:06:26,301 INFO Academy Engraved LET already registered with postscriptFont().
2025-10-13 01:06:26,301 INFO Andale Mono already registered with postscriptFont().
2025-10-13 01:06:26,301 INFO More than one version of regular/bold/italic found for Apple Braille. Skipping setup for this font.
2025-10-13 01:06:26,301 INFO AppleMyungjo already registered with postscriptFont().
2025-10-13 01:06:26,301 INFO Arial already registered with postscriptFont().
2025-10-13 01:06:26,301 INFO Arial Black already registered with postscriptFont().
2025-10-13 01:06:26,301 INFO Arial Narrow already registered with postscriptFont().
2025-10-13 01:06:26,301 INFO Arial Rounded MT Bold already registered with postscriptFont().
2025-10-13 01:06:26,301 INFO Arial Unicode MS already registered with postscriptFont().
2025-10-13 01:06:26,301 INFO Bodoni 72 Smallcaps already registered with postscriptFont().
2025-10-13 01:06:26,301 INFO Bodoni Ornaments already registered with postscriptFont().
2025-10-13 01:06:26,301 INFO No regular (non-bold, non-italic) version of Brush Script MT. Skipping setup for this font.
2025-10-13 01:06:26,301 INFO Comic Sans MS already registered with postscriptFont().
2025-10-13 01:06:26,301 INFO Courier New already registered with postscriptFont().
2025-10-13 01:06:26,301 INFO No regular (non-bold, non-italic) version of DIN Alternate. Skipping setup for this font.
2025-10-13 01:06:26,301 INFO No regular (non-bold, non-italic) version of DIN Condensed. Skipping setup for this font.
2025-10-13 01:06:26,301 INFO Georgia already registered with postscriptFont().
2025-10-13 01:06:26,301 INFO Impact already registered with postscriptFont().
2025-10-13 01:06:26,301 INFO Khmer Sangam MN already registered with postscriptFont().
2025-10-13 01:06:26,301 INFO Lao Sangam MN already registered with postscriptFont().
2025-10-13 01:06:26,301 INFO Luminari already registered with postscriptFont().
2025-10-13 01:06:26,301 INFO Microsoft Sans Serif already registered with postscriptFont().
2025-10-13 01:06:26,301 INFO Noto Sans Adlam already registered with postscriptFont().
2025-10-13 01:06:26,301 INFO Noto Sans Avestan already registered with postscriptFont().
2025-10-13 01:06:26,301 INFO Noto Sans Bamum already registered with postscriptFont().
2025-10-13 01:06:26,301 INFO Noto Sans Bassa Vah already registered with postscriptFont().
2025-10-13 01:06:26,301 INFO Noto Sans Batak already registered with postscriptFont().
2025-10-13 01:06:26,301 INFO Noto Sans Bhaiksuki already registered with postscriptFont().
2025-10-13 01:06:26,302 INFO Noto Sans Brahmi already registered with postscriptFont().
2025-10-13 01:06:26,302 INFO Noto Sans Buginese already registered with postscriptFont().
2025-10-13 01:06:26,302 INFO Noto Sans Buhid already registered with postscriptFont().
2025-10-13 01:06:26,302 INFO Noto Sans Carian already registered with postscriptFont().
2025-10-13 01:06:26,302 INFO Noto Sans CaucAlban already registered with postscriptFont().
2025-10-13 01:06:26,302 INFO Noto Sans Chakma already registered with postscriptFont().
2025-10-13 01:06:26,302 INFO Noto Sans Cham already registered with postscriptFont().
2025-10-13 01:06:26,302 INFO Noto Sans Coptic already registered with postscriptFont().
2025-10-13 01:06:26,302 INFO Noto Sans Cuneiform already registered with postscriptFont().
2025-10-13 01:06:26,302 INFO Noto Sans Cypriot already registered with postscriptFont().
2025-10-13 01:06:26,302 INFO Noto Sans Duployan already registered with postscriptFont().
2025-10-13 01:06:26,302 INFO Noto Sans EgyptHiero already registered with postscriptFont().
2025-10-13 01:06:26,302 INFO Noto Sans Elbasan already registered with postscriptFont().
2025-10-13 01:06:26,302 INFO Noto Sans Glagolitic already registered with postscriptFont().
2025-10-13 01:06:26,302 INFO Noto Sans Gothic already registered with postscriptFont().
2025-10-13 01:06:26,302 INFO Noto Sans HanifiRohg already registered with postscriptFont().
2025-10-13 01:06:26,302 INFO Noto Sans Hanunoo already registered with postscriptFont().
2025-10-13 01:06:26,302 INFO Noto Sans Hatran already registered with postscriptFont().
2025-10-13 01:06:26,302 INFO Noto Sans ImpAramaic already registered with postscriptFont().
2025-10-13 01:06:26,302 INFO Noto Sans InsPahlavi already registered with postscriptFont().
2025-10-13 01:06:26,302 INFO Noto Sans InsParthi already registered with postscriptFont().
2025-10-13 01:06:26,302 INFO Noto Sans Kaithi already registered with postscriptFont().
2025-10-13 01:06:26,302 INFO Noto Sans Kayah Li already registered with postscriptFont().
2025-10-13 01:06:26,302 INFO Noto Sans Kharoshthi already registered with postscriptFont().
2025-10-13 01:06:26,302 INFO Noto Sans Khojki already registered with postscriptFont().
2025-10-13 01:06:26,302 INFO Noto Sans Khudawadi already registered with postscriptFont().
2025-10-13 01:06:26,302 INFO Noto Sans Lepcha already registered with postscriptFont().
2025-10-13 01:06:26,302 INFO Noto Sans Limbu already registered with postscriptFont().
2025-10-13 01:06:26,302 INFO Noto Sans Linear A already registered with postscriptFont().
2025-10-13 01:06:26,302 INFO Noto Sans Linear B already registered with postscriptFont().
2025-10-13 01:06:26,302 INFO Noto Sans Lisu already registered with postscriptFont().
2025-10-13 01:06:26,302 INFO Noto Sans Lycian already registered with postscriptFont().
2025-10-13 01:06:26,302 INFO Noto Sans Lydian already registered with postscriptFont().
2025-10-13 01:06:26,302 INFO Noto Sans Mahajani already registered with postscriptFont().
2025-10-13 01:06:26,302 INFO Noto Sans Mandaic already registered with postscriptFont().
2025-10-13 01:06:26,302 INFO Noto Sans Manichaean already registered with postscriptFont().
2025-10-13 01:06:26,302 INFO Noto Sans Marchen already registered with postscriptFont().
2025-10-13 01:06:26,302 INFO Noto Sans MeeteiMayek already registered with postscriptFont().
2025-10-13 01:06:26,302 INFO Noto Sans Mende Kikakui already registered with postscriptFont().
2025-10-13 01:06:26,302 INFO Noto Sans Meroitic already registered with postscriptFont().
2025-10-13 01:06:26,302 INFO Noto Sans Miao already registered with postscriptFont().
2025-10-13 01:06:26,302 INFO Noto Sans Modi already registered with postscriptFont().
2025-10-13 01:06:26,302 INFO Noto Sans Mongolian already registered with postscriptFont().
2025-10-13 01:06:26,302 INFO Noto Sans Mro already registered with postscriptFont().
2025-10-13 01:06:26,302 INFO Noto Sans Multani already registered with postscriptFont().
2025-10-13 01:06:26,303 INFO Noto Sans Nabataean already registered with postscriptFont().
2025-10-13 01:06:26,303 INFO Noto Sans Newa already registered with postscriptFont().
2025-10-13 01:06:26,303 INFO Noto Sans NewTaiLue already registered with postscriptFont().
2025-10-13 01:06:26,303 INFO Noto Sans NKo already registered with postscriptFont().
2025-10-13 01:06:26,303 INFO Noto Sans Ol Chiki already registered with postscriptFont().
2025-10-13 01:06:26,303 INFO No regular (non-bold, non-italic) version of Noto Sans Old Italic. Skipping setup for this font.
2025-10-13 01:06:26,303 INFO Noto Sans Old Permic already registered with postscriptFont().
2025-10-13 01:06:26,303 INFO Noto Sans Old Turkic already registered with postscriptFont().
2025-10-13 01:06:26,303 INFO Noto Sans OldHung already registered with postscriptFont().
2025-10-13 01:06:26,303 INFO Noto Sans OldNorArab already registered with postscriptFont().
2025-10-13 01:06:26,303 INFO Noto Sans OldPersian already registered with postscriptFont().
2025-10-13 01:06:26,303 INFO Noto Sans OldSouArab already registered with postscriptFont().
2025-10-13 01:06:26,303 INFO Noto Sans Osage already registered with postscriptFont().
2025-10-13 01:06:26,303 INFO Noto Sans Osmanya already registered with postscriptFont().
2025-10-13 01:06:26,303 INFO Noto Sans Pahawh Hmong already registered with postscriptFont().
2025-10-13 01:06:26,303 INFO Noto Sans Palmyrene already registered with postscriptFont().
2025-10-13 01:06:26,303 INFO Noto Sans PauCinHau already registered with postscriptFont().
2025-10-13 01:06:26,303 INFO Noto Sans PhagsPa already registered with postscriptFont().
2025-10-13 01:06:26,303 INFO Noto Sans Phoenician already registered with postscriptFont().
2025-10-13 01:06:26,303 INFO Noto Sans PsaPahlavi already registered with postscriptFont().
2025-10-13 01:06:26,303 INFO Noto Sans Rejang already registered with postscriptFont().
2025-10-13 01:06:26,303 INFO Noto Sans Samaritan already registered with postscriptFont().
2025-10-13 01:06:26,303 INFO Noto Sans Saurashtra already registered with postscriptFont().
2025-10-13 01:06:26,303 INFO Noto Sans Sharada already registered with postscriptFont().
2025-10-13 01:06:26,303 INFO Noto Sans SoraSomp already registered with postscriptFont().
2025-10-13 01:06:26,303 INFO Noto Sans Sundanese already registered with postscriptFont().
2025-10-13 01:06:26,303 INFO Noto Sans Syloti Nagri already registered with postscriptFont().
2025-10-13 01:06:26,303 INFO Noto Sans Syriac already registered with postscriptFont().
2025-10-13 01:06:26,303 INFO Noto Sans Tagalog already registered with postscriptFont().
2025-10-13 01:06:26,303 INFO Noto Sans Tagbanwa already registered with postscriptFont().
2025-10-13 01:06:26,303 INFO Noto Sans Tai Le already registered with postscriptFont().
2025-10-13 01:06:26,303 INFO Noto Sans Tai Tham already registered with postscriptFont().
2025-10-13 01:06:26,303 INFO Noto Sans Tai Viet already registered with postscriptFont().
2025-10-13 01:06:26,303 INFO Noto Sans Takri already registered with postscriptFont().
2025-10-13 01:06:26,303 INFO Noto Sans Thaana already registered with postscriptFont().
2025-10-13 01:06:26,303 INFO Noto Sans Tirhuta already registered with postscriptFont().
2025-10-13 01:06:26,303 INFO Noto Sans Ugaritic already registered with postscriptFont().
2025-10-13 01:06:26,303 INFO Noto Sans Vai already registered with postscriptFont().
2025-10-13 01:06:26,303 INFO Noto Sans Wancho already registered with postscriptFont().
2025-10-13 01:06:26,303 INFO Noto Sans WarangCiti already registered with postscriptFont().
2025-10-13 01:06:26,304 INFO Noto Sans Yi already registered with postscriptFont().
2025-10-13 01:06:26,304 INFO Noto Serif Ahom already registered with postscriptFont().
2025-10-13 01:06:26,304 INFO Noto Serif Balinese already registered with postscriptFont().
2025-10-13 01:06:26,304 INFO Noto Serif Hmong Nyiakeng already registered with postscriptFont().
2025-10-13 01:06:26,304 INFO Party LET already registered with postscriptFont().
2025-10-13 01:06:26,304 INFO STIX Two Text already registered with postscriptFont().
2025-10-13 01:06:26,304 INFO System Font already registered with postscriptFont().
2025-10-13 01:06:26,304 INFO Tahoma already registered with postscriptFont().
2025-10-13 01:06:26,304 INFO Times New Roman already registered with postscriptFont().
2025-10-13 01:06:26,304 INFO Trattatello already registered with postscriptFont().
2025-10-13 01:06:26,304 INFO Trebuchet MS already registered with postscriptFont().
2025-10-13 01:06:26,304 INFO Verdana already registered with postscriptFont().
2025-10-13 01:06:26,304 INFO Webdings already registered with postscriptFont().
2025-10-13 01:06:26,304 INFO Wingdings already registered with postscriptFont().
2025-10-13 01:06:26,304 INFO Wingdings 2 already registered with postscriptFont().
2025-10-13 01:06:26,304 INFO Wingdings 3 already registered with postscriptFont().
2025-10-13 01:06:28,644 INFO [1] "DEBUG----------------------------------"
2025-10-13 01:06:28,645 INFO player_conditions: TRUE
2025-10-13 01:06:28,645 INFO player_stages: TRUE
2025-10-13 01:06:28,645 INFO stages: FALSE
2025-10-13 01:06:28,645 INFO task_instances: FALSE
2025-10-13 01:06:28,645 INFO offline_scoring: FALSE
2025-10-13 01:06:28,645 INFO [1] "----------------------------------DEBUG"
2025-10-13 01:06:28,704 INFO Error in `left_join()`:
2025-10-13 01:06:28,704 INFO ! Join columns in `y` must be present in the data.
2025-10-13 01:06:28,704 INFO ✖ Problem with `playerId`.
2025-10-13 01:06:28,704 INFO Backtrace:
2025-10-13 01:06:28,704 INFO      ▆
2025-10-13 01:06:28,704 INFO   1. ├─base::source("raw_data_cleaning.R")
2025-10-13 01:06:28,704 INFO   2. │ ├─base::withVisible(eval(ei, envir))
2025-10-13 01:06:28,704 INFO   3. │ └─base::eval(ei, envir)
2025-10-13 01:06:28,704 INFO   4. │   └─base::eval(ei, envir)
2025-10-13 01:06:28,704 INFO   5. ├─dplyr::summarize(...)
2025-10-13 01:06:28,704 INFO   6. ├─dplyr::group_by(...)
2025-10-13 01:06:28,704 INFO   7. ├─dplyr::filter(...)
2025-10-13 01:06:28,704 INFO   8. ├─dplyr::filter(...)
2025-10-13 01:06:28,704 INFO   9. ├─base::unique(...)
2025-10-13 01:06:28,704 INFO  10. ├─dplyr::select(...)
2025-10-13 01:06:28,704 INFO  11. ├─dplyr::ungroup(...)
2025-10-13 01:06:28,704 INFO  12. ├─dplyr::mutate(...)
2025-10-13 01:06:28,704 INFO  13. ├─dplyr::group_by(...)
2025-10-13 01:06:28,704 INFO  14. ├─dplyr::filter(...)
2025-10-13 01:06:28,704 INFO  15. ├─dplyr::mutate(...)
2025-10-13 01:06:28,704 INFO  16. ├─dplyr::filter(...)
2025-10-13 01:06:28,704 INFO  17. ├─dplyr::left_join(...)
2025-10-13 01:06:28,704 INFO  18. └─dplyr:::left_join.data.frame(...)
2025-10-13 01:06:28,704 INFO  19.   └─dplyr:::join_mutate(...)
2025-10-13 01:06:28,704 INFO  20.     └─dplyr:::join_cols(...)
2025-10-13 01:06:28,705 INFO  21.       └─dplyr:::check_join_vars(by$y, y_names, by$condition, "y", error_call = error_call)
2025-10-13 01:06:28,705 INFO  22.         └─rlang::abort(bullets, call = error_call)
2025-10-13 01:06:28,706 INFO There were 11 warnings (use warnings() to see them)
2025-10-13 01:06:28,706 INFO Execution halted
2025-10-13 01:06:28,733 ERROR Error during group_advantage.raw_data_cleaning after 47.999 sec
Traceback (most recent call last):
  File "/Users/xehu/Desktop/task-mapping/analysis/run_master.py", line 414, in time_callable
    res = func()
  File "/Users/xehu/Desktop/task-mapping/analysis/run_master.py", line 552, in <lambda>
    results.append(time_callable('group_advantage.raw_data_cleaning', lambda: run_r_script(r_script_clean)))
  File "/Users/xehu/Desktop/task-mapping/analysis/run_master.py", line 355, in run_r_script
    raise RuntimeError(f'R script failed (exit {rc}): {r_path}')
RuntimeError: R script failed (exit 1): /Users/xehu/Desktop/task-mapping/analysis/analysis_group_advantage/raw_data_cleaning.R
