2025-10-13 00:04:42,558 INFO Starting analysis master script
2025-10-13 00:04:42,559 INFO Running group_advantage pipeline
2025-10-13 00:04:42,559 INFO Timing: group_advantage.raw_data_cleaning
2025-10-13 00:04:42,559 INFO Running R script /Users/xehu/Desktop/task-mapping/analysis/analysis_group_advantage/raw_data_cleaning.R
2025-10-13 00:04:42,559 INFO Running command: /usr/local/bin/Rscript -e set.seed(as.integer(Sys.getenv('ANALYSIS_SEED', '19104'))); source('raw_data_cleaning.R') (cwd=/Users/xehu/Desktop/task-mapping/analysis/analysis_group_advantage)
2025-10-13 00:04:42,668 INFO 
2025-10-13 00:04:42,668 INFO Attaching package: ‘pls’
2025-10-13 00:04:42,668 INFO 
2025-10-13 00:04:42,668 INFO The following object is masked from ‘package:stats’:
2025-10-13 00:04:42,668 INFO 
2025-10-13 00:04:42,668 INFO     loadings
2025-10-13 00:04:42,668 INFO 
2025-10-13 00:04:42,672 INFO randomForest 4.7-1.2
2025-10-13 00:04:42,672 INFO Type rfNews() to see new features/changes/bug fixes.
2025-10-13 00:04:43,041 INFO Loading required package: ggplot2
2025-10-13 00:04:43,243 INFO 
2025-10-13 00:04:43,243 INFO Attaching package: ‘ggplot2’
2025-10-13 00:04:43,243 INFO 
2025-10-13 00:04:43,243 INFO The following object is masked from ‘package:randomForest’:
2025-10-13 00:04:43,243 INFO 
2025-10-13 00:04:43,243 INFO     margin
2025-10-13 00:04:43,243 INFO 
2025-10-13 00:04:43,243 INFO Loading required package: lattice
2025-10-13 00:04:43,507 INFO 
2025-10-13 00:04:43,507 INFO Attaching package: ‘caret’
2025-10-13 00:04:43,507 INFO 
2025-10-13 00:04:43,507 INFO The following object is masked from ‘package:pls’:
2025-10-13 00:04:43,507 INFO 
2025-10-13 00:04:43,507 INFO     R2
2025-10-13 00:04:43,507 INFO 
2025-10-13 00:04:43,508 INFO Loading required package: foreach
2025-10-13 00:04:43,510 INFO Loading required package: iterators
2025-10-13 00:04:43,512 INFO Loading required package: parallel
2025-10-13 00:04:43,609 INFO Registering fonts with R
2025-10-13 00:04:43,658 INFO 
2025-10-13 00:04:43,658 INFO Please cite as:
2025-10-13 00:04:43,658 INFO 
2025-10-13 00:04:43,658 INFO  Hlavac, Marek (2022). stargazer: Well-Formatted Regression and Summary Statistics Tables.
2025-10-13 00:04:43,658 INFO  R package version 5.2.3. https://CRAN.R-project.org/package=stargazer
2025-10-13 00:04:43,658 INFO 
2025-10-13 00:04:43,709 INFO ── Attaching core tidyverse packages ──────────────────────── tidyverse 2.0.0 ──
2025-10-13 00:04:43,709 INFO ✔ dplyr     1.1.4     ✔ readr     2.1.5
2025-10-13 00:04:43,709 INFO ✔ forcats   1.0.1     ✔ stringr   1.5.2
2025-10-13 00:04:43,709 INFO ✔ lubridate 1.9.4     ✔ tibble    3.3.0
2025-10-13 00:04:43,709 INFO ✔ purrr     1.1.0     ✔ tidyr     1.3.1
2025-10-13 00:04:43,743 INFO ── Conflicts ────────────────────────────────────────── tidyverse_conflicts() ──
2025-10-13 00:04:43,743 INFO ✖ purrr::accumulate() masks foreach::accumulate()
2025-10-13 00:04:43,743 INFO ✖ dplyr::combine()    masks randomForest::combine()
2025-10-13 00:04:43,744 INFO ✖ dplyr::filter()     masks stats::filter()
2025-10-13 00:04:43,744 INFO ✖ purrr::flatten()    masks jsonlite::flatten()
2025-10-13 00:04:43,744 INFO ✖ dplyr::lag()        masks stats::lag()
2025-10-13 00:04:43,744 INFO ✖ purrr::lift()       masks caret::lift()
2025-10-13 00:04:43,744 INFO ✖ ggplot2::margin()   masks randomForest::margin()
2025-10-13 00:04:43,744 INFO ✖ dplyr::slice()      masks xgboost::slice()
2025-10-13 00:04:43,744 INFO ✖ purrr::when()       masks foreach::when()
2025-10-13 00:04:43,744 INFO ℹ Use the conflicted package (<http://conflicted.r-lib.org/>) to force all conflicts to become errors
2025-10-13 00:04:43,755 INFO Scanning ttf files in /Library/Fonts/, /System/Library/Fonts, /System/Library/Fonts/Supplemental, ~/Library/Fonts/ ...
2025-10-13 00:04:43,756 INFO Extracting .afm files from .ttf files...
2025-10-13 00:04:46,390 INFO /System/Library/Fonts/Supplemental/Arial Unicode.ttf : ArialUnicodeMS already registered in fonts database. Skipping.
2025-10-13 00:04:46,469 INFO /System/Library/Fonts/Apple Braille Outline 6 Dot.ttf : AppleBraille-Outline6Dot already registered in fonts database. Skipping.
2025-10-13 00:04:46,554 INFO /System/Library/Fonts/Apple Braille Outline 8 Dot.ttf : AppleBraille-Outline8Dot already registered in fonts database. Skipping.
2025-10-13 00:04:46,607 INFO /System/Library/Fonts/Apple Braille Pinpoint 6 Dot.ttf : AppleBraille-Pinpoint6Dot already registered in fonts database. Skipping.
2025-10-13 00:04:46,662 INFO /System/Library/Fonts/Apple Braille Pinpoint 8 Dot.ttf : AppleBraille-Pinpoint8Dot already registered in fonts database. Skipping.
2025-10-13 00:04:46,696 INFO /System/Library/Fonts/Apple Braille.ttf : AppleBraille already registered in fonts database. Skipping.
2025-10-13 00:04:46,721 INFO /System/Library/Fonts/Apple Symbols.ttf : No FontName. Skipping.
2025-10-13 00:04:46,739 INFO /System/Library/Fonts/Geneva.ttf : No FontName. Skipping.
2025-10-13 00:04:46,754 INFO /System/Library/Fonts/Keyboard.ttf : -Keyboard already registered in fonts database. Skipping.
2025-10-13 00:04:46,806 INFO /System/Library/Fonts/Monaco.ttf : No FontName. Skipping.
2025-10-13 00:04:46,901 INFO /System/Library/Fonts/NewYork.ttf : -NewYork-Regular already registered in fonts database. Skipping.
2025-10-13 00:04:46,983 INFO /System/Library/Fonts/NewYorkItalic.ttf : -NewYork-RegularItalic already registered in fonts database. Skipping.
2025-10-13 00:04:47,068 INFO /System/Library/Fonts/SFArabic.ttf : -SFArabic-Regular already registered in fonts database. Skipping.
2025-10-13 00:04:47,175 INFO /System/Library/Fonts/SFArabicRounded.ttf : -SFArabicRounded-Regular already registered in fonts database. Skipping.
2025-10-13 00:04:47,189 INFO /System/Library/Fonts/SFArmenian.ttf : -SFArmenian-Regular already registered in fonts database. Skipping.
2025-10-13 00:04:47,205 INFO /System/Library/Fonts/SFArmenianRounded.ttf : -SFArmenianRounded-Regular already registered in fonts database. Skipping.
2025-10-13 00:04:47,221 INFO /System/Library/Fonts/SFCamera.ttf : --SFCamera-Regular already registered in fonts database. Skipping.
2025-10-13 00:04:47,328 INFO /System/Library/Fonts/SFCompact.ttf : -SFCompact-Black already registered in fonts database. Skipping.
2025-10-13 00:04:47,415 INFO /System/Library/Fonts/SFCompactItalic.ttf : -SFCompact-BlackItalic already registered in fonts database. Skipping.
2025-10-13 00:04:47,524 INFO /System/Library/Fonts/SFCompactRounded.ttf : --SFCompactRounded-Regular already registered in fonts database. Skipping.
2025-10-13 00:04:47,539 INFO /System/Library/Fonts/SFGeorgian.ttf : -SFGeorgian-Regular already registered in fonts database. Skipping.
2025-10-13 00:04:47,555 INFO /System/Library/Fonts/SFGeorgianRounded.ttf : -SFGeorgianRounded-Regular already registered in fonts database. Skipping.
2025-10-13 00:04:47,565 INFO /System/Library/Fonts/SFHebrew.ttf : -SFHebrew-Regular already registered in fonts database. Skipping.
2025-10-13 00:04:47,577 INFO /System/Library/Fonts/SFHebrewRounded.ttf : -SFHebrewRounded-Regular already registered in fonts database. Skipping.
2025-10-13 00:04:47,701 INFO /System/Library/Fonts/SFNS.ttf : -SFNS-Regular already registered in fonts database. Skipping.
2025-10-13 00:04:47,786 INFO /System/Library/Fonts/SFNSItalic.ttf : -SFNS-RegularItalic already registered in fonts database. Skipping.
2025-10-13 00:04:47,842 INFO /System/Library/Fonts/SFNSMono.ttf : -SFNSMono-Light already registered in fonts database. Skipping.
2025-10-13 00:04:47,892 INFO /System/Library/Fonts/SFNSMonoItalic.ttf : -SFNSMono-LightItalic already registered in fonts database. Skipping.
2025-10-13 00:04:47,991 INFO /System/Library/Fonts/SFNSRounded.ttf : -SFNSRounded-Regular already registered in fonts database. Skipping.
2025-10-13 00:04:48,050 INFO /System/Library/Fonts/Supplemental/Academy Engraved LET Fonts.ttf : AcademyEngravedLetPlain already registered in fonts database. Skipping.
2025-10-13 00:04:48,109 INFO /System/Library/Fonts/Supplemental/Academy Engraved LET Fonts.ttf : AcademyEngravedLetPlain already registered in fonts database. Skipping.
2025-10-13 00:04:48,126 INFO /System/Library/Fonts/Supplemental/Andale Mono.ttf : AndaleMono already registered in fonts database. Skipping.
2025-10-13 00:04:48,143 INFO /System/Library/Fonts/Supplemental/Andale Mono.ttf : AndaleMono already registered in fonts database. Skipping.
2025-10-13 00:04:48,191 INFO /System/Library/Fonts/Supplemental/Apple Chancery.ttf : No FontName. Skipping.
2025-10-13 00:04:48,237 INFO /System/Library/Fonts/Supplemental/Apple Chancery.ttf : No FontName. Skipping.
2025-10-13 00:04:51,648 INFO /System/Library/Fonts/Supplemental/AppleGothic.ttf : No FontName. Skipping.
2025-10-13 00:04:55,058 INFO /System/Library/Fonts/Supplemental/AppleGothic.ttf : No FontName. Skipping.
2025-10-13 00:04:59,280 INFO /System/Library/Fonts/Supplemental/AppleMyungjo.ttf : AppleMyungjo already registered in fonts database. Skipping.
2025-10-13 00:05:03,680 INFO /System/Library/Fonts/Supplemental/AppleMyungjo.ttf : AppleMyungjo already registered in fonts database. Skipping.
2025-10-13 00:05:03,705 INFO /System/Library/Fonts/Supplemental/Arial Black.ttf : Arial-Black already registered in fonts database. Skipping.
2025-10-13 00:05:03,728 INFO /System/Library/Fonts/Supplemental/Arial Black.ttf : Arial-Black already registered in fonts database. Skipping.
2025-10-13 00:05:03,800 INFO /System/Library/Fonts/Supplemental/Arial Bold Italic.ttf : Arial-BoldItalicMT already registered in fonts database. Skipping.
2025-10-13 00:05:03,872 INFO /System/Library/Fonts/Supplemental/Arial Bold Italic.ttf : Arial-BoldItalicMT already registered in fonts database. Skipping.
2025-10-13 00:05:04,021 INFO /System/Library/Fonts/Supplemental/Arial Bold.ttf : Arial-BoldMT already registered in fonts database. Skipping.
2025-10-13 00:05:04,133 INFO /System/Library/Fonts/Supplemental/Arial Bold.ttf : Arial-BoldMT already registered in fonts database. Skipping.
2025-10-13 00:05:04,212 INFO /System/Library/Fonts/Supplemental/Arial Italic.ttf : Arial-ItalicMT already registered in fonts database. Skipping.
2025-10-13 00:05:04,289 INFO /System/Library/Fonts/Supplemental/Arial Italic.ttf : Arial-ItalicMT already registered in fonts database. Skipping.
2025-10-13 00:05:04,308 INFO /System/Library/Fonts/Supplemental/Arial Narrow Bold Italic.ttf : ArialNarrow-BoldItalic already registered in fonts database. Skipping.
2025-10-13 00:05:04,329 INFO /System/Library/Fonts/Supplemental/Arial Narrow Bold Italic.ttf : ArialNarrow-BoldItalic already registered in fonts database. Skipping.
2025-10-13 00:05:04,350 INFO /System/Library/Fonts/Supplemental/Arial Narrow Bold.ttf : ArialNarrow-Bold already registered in fonts database. Skipping.
2025-10-13 00:05:04,371 INFO /System/Library/Fonts/Supplemental/Arial Narrow Bold.ttf : ArialNarrow-Bold already registered in fonts database. Skipping.
2025-10-13 00:05:04,392 INFO /System/Library/Fonts/Supplemental/Arial Narrow Italic.ttf : ArialNarrow-Italic already registered in fonts database. Skipping.
2025-10-13 00:05:04,412 INFO /System/Library/Fonts/Supplemental/Arial Narrow Italic.ttf : ArialNarrow-Italic already registered in fonts database. Skipping.
2025-10-13 00:05:04,433 INFO /System/Library/Fonts/Supplemental/Arial Narrow.ttf : ArialNarrow already registered in fonts database. Skipping.
2025-10-13 00:05:04,453 INFO /System/Library/Fonts/Supplemental/Arial Narrow.ttf : ArialNarrow already registered in fonts database. Skipping.
2025-10-13 00:05:04,472 INFO /System/Library/Fonts/Supplemental/Arial Rounded Bold.ttf : ArialRoundedMTBold already registered in fonts database. Skipping.
2025-10-13 00:05:04,490 INFO /System/Library/Fonts/Supplemental/Arial Rounded Bold.ttf : ArialRoundedMTBold already registered in fonts database. Skipping.
2025-10-13 00:05:07,153 INFO /System/Library/Fonts/Supplemental/Arial Unicode.ttf : ArialUnicodeMS already registered in fonts database. Skipping.
2025-10-13 00:05:09,867 INFO /System/Library/Fonts/Supplemental/Arial Unicode.ttf : ArialUnicodeMS already registered in fonts database. Skipping.
2025-10-13 00:05:09,987 INFO /System/Library/Fonts/Supplemental/Arial.ttf : ArialMT already registered in fonts database. Skipping.
2025-10-13 00:05:10,106 INFO /System/Library/Fonts/Supplemental/Arial.ttf : ArialMT already registered in fonts database. Skipping.
2025-10-13 00:05:10,144 INFO /System/Library/Fonts/Supplemental/Ayuthaya.ttf : No FontName. Skipping.
2025-10-13 00:05:10,183 INFO /System/Library/Fonts/Supplemental/Ayuthaya.ttf : No FontName. Skipping.
2025-10-13 00:05:10,333 INFO /System/Library/Fonts/Supplemental/BigCaslon.ttf : No FontName. Skipping.
2025-10-13 00:05:10,480 INFO /System/Library/Fonts/Supplemental/BigCaslon.ttf : No FontName. Skipping.
2025-10-13 00:05:10,503 INFO /System/Library/Fonts/Supplemental/Bodoni 72 Smallcaps Book.ttf : BodoniSvtyTwoSCITCTT-Book already registered in fonts database. Skipping.
2025-10-13 00:05:10,525 INFO /System/Library/Fonts/Supplemental/Bodoni 72 Smallcaps Book.ttf : BodoniSvtyTwoSCITCTT-Book already registered in fonts database. Skipping.
2025-10-13 00:05:10,556 INFO /System/Library/Fonts/Supplemental/Bodoni Ornaments.ttf : BodoniOrnamentsITCTT already registered in fonts database. Skipping.
2025-10-13 00:05:10,587 INFO /System/Library/Fonts/Supplemental/Bodoni Ornaments.ttf : BodoniOrnamentsITCTT already registered in fonts database. Skipping.
2025-10-13 00:05:10,869 INFO /System/Library/Fonts/Supplemental/Bradley Hand Bold.ttf : Bradley-Hand-Bold already registered in fonts database. Skipping.
2025-10-13 00:05:11,151 INFO /System/Library/Fonts/Supplemental/Bradley Hand Bold.ttf : Bradley-Hand-Bold already registered in fonts database. Skipping.
2025-10-13 00:05:11,321 INFO /System/Library/Fonts/Supplemental/Brush Script.ttf : BrushScriptMT already registered in fonts database. Skipping.
2025-10-13 00:05:11,491 INFO /System/Library/Fonts/Supplemental/Brush Script.ttf : BrushScriptMT already registered in fonts database. Skipping.
2025-10-13 00:05:11,509 INFO /System/Library/Fonts/Supplemental/Chalkduster.ttfsh: line 1: 20175 Abort trap: 6           '/Library/Frameworks/R.framework/Versions/4.5-arm64/Resources/library/Rttf2pt1/exec//ttf2pt1' -a -GfAe '/System/Library/Fonts/Supplemental/Chalkduster.ttf' '/var/folders/73/jl9lgbkj511fwjxkl9cvw7q00000gq/T//RtmpiOXP1D/fonts/Chalkduster' 2>&1
2025-10-13 00:05:11,510 INFO  : No FontName. Skipping.
2025-10-13 00:05:11,527 INFO /System/Library/Fonts/Supplemental/Chalkduster.ttfsh: line 1: 20177 Abort trap: 6           '/Library/Frameworks/R.framework/Versions/4.5-arm64/Resources/library/Rttf2pt1/exec//ttf2pt1' -a -GfAe '/System/Library/Fonts/Supplemental/Chalkduster.ttf' '/var/folders/73/jl9lgbkj511fwjxkl9cvw7q00000gq/T//RtmpiOXP1D/fonts/Chalkduster' 2>&1
2025-10-13 00:05:11,527 INFO  : No FontName. Skipping.
2025-10-13 00:05:11,588 INFO /System/Library/Fonts/Supplemental/Comic Sans MS Bold.ttf : ComicSansMS-Bold already registered in fonts database. Skipping.
2025-10-13 00:05:11,649 INFO /System/Library/Fonts/Supplemental/Comic Sans MS Bold.ttf : ComicSansMS-Bold already registered in fonts database. Skipping.
2025-10-13 00:05:11,699 INFO /System/Library/Fonts/Supplemental/Comic Sans MS.ttf : ComicSansMS already registered in fonts database. Skipping.
2025-10-13 00:05:11,749 INFO /System/Library/Fonts/Supplemental/Comic Sans MS.ttf : ComicSansMS already registered in fonts database. Skipping.
2025-10-13 00:05:11,855 INFO /System/Library/Fonts/Supplemental/Courier New Bold Italic.ttf : CourierNewPS-BoldItalicMT already registered in fonts database. Skipping.
2025-10-13 00:05:11,959 INFO /System/Library/Fonts/Supplemental/Courier New Bold Italic.ttf : CourierNewPS-BoldItalicMT already registered in fonts database. Skipping.
2025-10-13 00:05:12,081 INFO /System/Library/Fonts/Supplemental/Courier New Bold.ttf : CourierNewPS-BoldMT already registered in fonts database. Skipping.
2025-10-13 00:05:12,205 INFO /System/Library/Fonts/Supplemental/Courier New Bold.ttf : CourierNewPS-BoldMT already registered in fonts database. Skipping.
2025-10-13 00:05:12,302 INFO /System/Library/Fonts/Supplemental/Courier New Italic.ttf : CourierNewPS-ItalicMT already registered in fonts database. Skipping.
2025-10-13 00:05:12,399 INFO /System/Library/Fonts/Supplemental/Courier New Italic.ttf : CourierNewPS-ItalicMT already registered in fonts database. Skipping.
2025-10-13 00:05:12,512 INFO /System/Library/Fonts/Supplemental/Courier New.ttf : CourierNewPSMT already registered in fonts database. Skipping.
2025-10-13 00:05:12,624 INFO /System/Library/Fonts/Supplemental/Courier New.ttf : CourierNewPSMT already registered in fonts database. Skipping.
2025-10-13 00:05:12,683 INFO /System/Library/Fonts/Supplemental/DIN Alternate Bold.ttf : DINAlternate-Bold already registered in fonts database. Skipping.
2025-10-13 00:05:12,741 INFO /System/Library/Fonts/Supplemental/DIN Alternate Bold.ttf : DINAlternate-Bold already registered in fonts database. Skipping.
2025-10-13 00:05:12,811 INFO /System/Library/Fonts/Supplemental/DIN Condensed Bold.ttf : DINCondensed-Bold already registered in fonts database. Skipping.
2025-10-13 00:05:12,880 INFO /System/Library/Fonts/Supplemental/DIN Condensed Bold.ttf : DINCondensed-Bold already registered in fonts database. Skipping.
2025-10-13 00:05:13,042 INFO /System/Library/Fonts/Supplemental/Diwan Thuluth.ttf : No FontName. Skipping.
2025-10-13 00:05:13,201 INFO /System/Library/Fonts/Supplemental/Diwan Thuluth.ttf : No FontName. Skipping.
2025-10-13 00:05:13,316 INFO /System/Library/Fonts/Supplemental/Farisi.ttf : No FontName. Skipping.
2025-10-13 00:05:13,430 INFO /System/Library/Fonts/Supplemental/Farisi.ttf : No FontName. Skipping.
2025-10-13 00:05:13,515 INFO /System/Library/Fonts/Supplemental/Georgia Bold Italic.ttf : Georgia-BoldItalic already registered in fonts database. Skipping.
2025-10-13 00:05:13,601 INFO /System/Library/Fonts/Supplemental/Georgia Bold Italic.ttf : Georgia-BoldItalic already registered in fonts database. Skipping.
2025-10-13 00:05:13,688 INFO /System/Library/Fonts/Supplemental/Georgia Bold.ttf : Georgia-Bold already registered in fonts database. Skipping.
2025-10-13 00:05:13,775 INFO /System/Library/Fonts/Supplemental/Georgia Bold.ttf : Georgia-Bold already registered in fonts database. Skipping.
2025-10-13 00:05:13,858 INFO /System/Library/Fonts/Supplemental/Georgia Italic.ttf : Georgia-Italic already registered in fonts database. Skipping.
2025-10-13 00:05:13,942 INFO /System/Library/Fonts/Supplemental/Georgia Italic.ttf : Georgia-Italic already registered in fonts database. Skipping.
2025-10-13 00:05:14,034 INFO /System/Library/Fonts/Supplemental/Georgia.ttf : Georgia already registered in fonts database. Skipping.
2025-10-13 00:05:14,125 INFO /System/Library/Fonts/Supplemental/Georgia.ttf : Georgia already registered in fonts database. Skipping.
2025-10-13 00:05:14,134 INFO /System/Library/Fonts/Supplemental/Gurmukhi.ttf : No FontName. Skipping.
2025-10-13 00:05:14,143 INFO /System/Library/Fonts/Supplemental/Gurmukhi.ttf : No FontName. Skipping.
2025-10-13 00:05:14,208 INFO /System/Library/Fonts/Supplemental/Herculanum.ttf : No FontName. Skipping.
2025-10-13 00:05:14,274 INFO /System/Library/Fonts/Supplemental/Herculanum.ttf : No FontName. Skipping.
2025-10-13 00:05:14,285 INFO /System/Library/Fonts/Supplemental/Hoefler Text Ornaments.ttf : No FontName. Skipping.
2025-10-13 00:05:14,296 INFO /System/Library/Fonts/Supplemental/Hoefler Text Ornaments.ttf : No FontName. Skipping.
2025-10-13 00:05:14,328 INFO /System/Library/Fonts/Supplemental/Impact.ttf : Impact already registered in fonts database. Skipping.
2025-10-13 00:05:14,359 INFO /System/Library/Fonts/Supplemental/Impact.ttf : Impact already registered in fonts database. Skipping.
2025-10-13 00:05:14,430 INFO /System/Library/Fonts/Supplemental/Khmer Sangam MN.ttf : KhmerSangamMN already registered in fonts database. Skipping.
2025-10-13 00:05:14,501 INFO /System/Library/Fonts/Supplemental/Khmer Sangam MN.ttf : KhmerSangamMN already registered in fonts database. Skipping.
2025-10-13 00:05:14,542 INFO /System/Library/Fonts/Supplemental/Kokonor.ttfsh: line 1: 20258 Abort trap: 6           '/Library/Frameworks/R.framework/Versions/4.5-arm64/Resources/library/Rttf2pt1/exec//ttf2pt1' -a -GfAe '/System/Library/Fonts/Supplemental/Kokonor.ttf' '/var/folders/73/jl9lgbkj511fwjxkl9cvw7q00000gq/T//RtmpiOXP1D/fonts/Kokonor' 2>&1
2025-10-13 00:05:14,543 INFO  : No FontName. Skipping.
2025-10-13 00:05:14,583 INFO /System/Library/Fonts/Supplemental/Kokonor.ttfsh: line 1: 20260 Abort trap: 6           '/Library/Frameworks/R.framework/Versions/4.5-arm64/Resources/library/Rttf2pt1/exec//ttf2pt1' -a -GfAe '/System/Library/Fonts/Supplemental/Kokonor.ttf' '/var/folders/73/jl9lgbkj511fwjxkl9cvw7q00000gq/T//RtmpiOXP1D/fonts/Kokonor' 2>&1
2025-10-13 00:05:14,584 INFO  : No FontName. Skipping.
2025-10-13 00:05:14,606 INFO /System/Library/Fonts/Supplemental/Krungthep.ttf : No FontName. Skipping.
2025-10-13 00:05:14,627 INFO /System/Library/Fonts/Supplemental/Krungthep.ttf : No FontName. Skipping.
2025-10-13 00:05:14,657 INFO /System/Library/Fonts/Supplemental/Lao Sangam MN.ttf : LaoSangamMN already registered in fonts database. Skipping.
2025-10-13 00:05:14,688 INFO /System/Library/Fonts/Supplemental/Lao Sangam MN.ttf : LaoSangamMN already registered in fonts database. Skipping.
2025-10-13 00:05:14,996 INFO /System/Library/Fonts/Supplemental/Luminari.ttf : Luminari-Regular already registered in fonts database. Skipping.
2025-10-13 00:05:15,301 INFO /System/Library/Fonts/Supplemental/Luminari.ttf : Luminari-Regular already registered in fonts database. Skipping.
2025-10-13 00:05:15,370 INFO /System/Library/Fonts/Supplemental/Microsoft Sans Serif.ttf : MicrosoftSansSerif already registered in fonts database. Skipping.
2025-10-13 00:05:15,437 INFO /System/Library/Fonts/Supplemental/Microsoft Sans Serif.ttf : MicrosoftSansSerif already registered in fonts database. Skipping.
2025-10-13 00:05:15,608 INFO /System/Library/Fonts/Supplemental/Mishafi Gold.ttf : No FontName. Skipping.
2025-10-13 00:05:15,780 INFO /System/Library/Fonts/Supplemental/Mishafi Gold.ttf : No FontName. Skipping.
2025-10-13 00:05:16,181 INFO /System/Library/Fonts/Supplemental/Mishafi.ttf : No FontName. Skipping.
2025-10-13 00:05:16,579 INFO /System/Library/Fonts/Supplemental/Mishafi.ttf : No FontName. Skipping.
2025-10-13 00:05:16,584 INFO /System/Library/Fonts/Supplemental/NISC18030.ttf : No FontName. Skipping.
2025-10-13 00:05:16,590 INFO /System/Library/Fonts/Supplemental/NISC18030.ttf : No FontName. Skipping.
2025-10-13 00:05:16,610 INFO /System/Library/Fonts/Supplemental/NotoSansAdlam-Regular.ttf : NotoSansAdlam-Regular already registered in fonts database. Skipping.
2025-10-13 00:05:16,631 INFO /System/Library/Fonts/Supplemental/NotoSansAdlam-Regular.ttf : NotoSansAdlam-Regular already registered in fonts database. Skipping.
2025-10-13 00:05:16,640 INFO /System/Library/Fonts/Supplemental/NotoSansAvestan-Regular.ttf : NotoSansAvestan-Regular already registered in fonts database. Skipping.
2025-10-13 00:05:16,649 INFO /System/Library/Fonts/Supplemental/NotoSansAvestan-Regular.ttf : NotoSansAvestan-Regular already registered in fonts database. Skipping.
2025-10-13 00:05:16,699 INFO /System/Library/Fonts/Supplemental/NotoSansBamum-Regular.ttf : NotoSansBamum-Regular already registered in fonts database. Skipping.
2025-10-13 00:05:16,749 INFO /System/Library/Fonts/Supplemental/NotoSansBamum-Regular.ttf : NotoSansBamum-Regular already registered in fonts database. Skipping.
2025-10-13 00:05:16,832 INFO /System/Library/Fonts/Supplemental/NotoSansBassaVah-Regular.ttf : NotoSansBassaVah-Regular already registered in fonts database. Skipping.
2025-10-13 00:05:16,840 INFO /System/Library/Fonts/Supplemental/NotoSansBassaVah-Regular.ttf : NotoSansBassaVah-Regular already registered in fonts database. Skipping.
2025-10-13 00:05:16,855 INFO /System/Library/Fonts/Supplemental/NotoSansBatak-Regular.ttf : NotoSansBatak-Regular already registered in fonts database. Skipping.
2025-10-13 00:05:16,870 INFO /System/Library/Fonts/Supplemental/NotoSansBatak-Regular.ttf : NotoSansBatak-Regular already registered in fonts database. Skipping.
2025-10-13 00:05:16,980 INFO /System/Library/Fonts/Supplemental/NotoSansBhaiksuki-Regular.ttf : NotoSansBhaiksuki-Regular already registered in fonts database. Skipping.
2025-10-13 00:05:17,090 INFO /System/Library/Fonts/Supplemental/NotoSansBhaiksuki-Regular.ttf : NotoSansBhaiksuki-Regular already registered in fonts database. Skipping.
2025-10-13 00:05:17,105 INFO /System/Library/Fonts/Supplemental/NotoSansBrahmi-Regular.ttf : NotoSansBrahmi-Regular already registered in fonts database. Skipping.
2025-10-13 00:05:17,118 INFO /System/Library/Fonts/Supplemental/NotoSansBrahmi-Regular.ttf : NotoSansBrahmi-Regular already registered in fonts database. Skipping.
2025-10-13 00:05:17,126 INFO /System/Library/Fonts/Supplemental/NotoSansBuginese-Regular.ttf : NotoSansBuginese-Regular already registered in fonts database. Skipping.
2025-10-13 00:05:17,133 INFO /System/Library/Fonts/Supplemental/NotoSansBuginese-Regular.ttf : NotoSansBuginese-Regular already registered in fonts database. Skipping.
2025-10-13 00:05:17,140 INFO /System/Library/Fonts/Supplemental/NotoSansBuhid-Regular.ttf : NotoSansBuhid-Regular already registered in fonts database. Skipping.
2025-10-13 00:05:17,146 INFO /System/Library/Fonts/Supplemental/NotoSansBuhid-Regular.ttf : NotoSansBuhid-Regular already registered in fonts database. Skipping.
2025-10-13 00:05:17,153 INFO /System/Library/Fonts/Supplemental/NotoSansCarian-Regular.ttf : NotoSansCarian-Regular already registered in fonts database. Skipping.
2025-10-13 00:05:17,160 INFO /System/Library/Fonts/Supplemental/NotoSansCarian-Regular.ttf : NotoSansCarian-Regular already registered in fonts database. Skipping.
2025-10-13 00:05:17,171 INFO /System/Library/Fonts/Supplemental/NotoSansCaucasianAlbanian-Regular.ttf : NotoSansCaucasianAlbanian-Regular already registered in fonts database. Skipping.
2025-10-13 00:05:17,183 INFO /System/Library/Fonts/Supplemental/NotoSansCaucasianAlbanian-Regular.ttf : NotoSansCaucasianAlbanian-Regular already registered in fonts database. Skipping.
2025-10-13 00:05:17,201 INFO /System/Library/Fonts/Supplemental/NotoSansChakma-Regular.ttf : NotoSansChakma-Regular already registered in fonts database. Skipping.
2025-10-13 00:05:17,218 INFO /System/Library/Fonts/Supplemental/NotoSansChakma-Regular.ttf : NotoSansChakma-Regular already registered in fonts database. Skipping.
2025-10-13 00:05:17,231 INFO /System/Library/Fonts/Supplemental/NotoSansCham-Regular.ttf : NotoSansCham-Regular already registered in fonts database. Skipping.
2025-10-13 00:05:17,243 INFO /System/Library/Fonts/Supplemental/NotoSansCham-Regular.ttf : NotoSansCham-Regular already registered in fonts database. Skipping.
2025-10-13 00:05:17,255 INFO /System/Library/Fonts/Supplemental/NotoSansCoptic-Regular.ttf : NotoSansCoptic-Regular already registered in fonts database. Skipping.
2025-10-13 00:05:17,266 INFO /System/Library/Fonts/Supplemental/NotoSansCoptic-Regular.ttf : NotoSansCoptic-Regular already registered in fonts database. Skipping.
2025-10-13 00:05:17,539 INFO /System/Library/Fonts/Supplemental/NotoSansCuneiform-Regular.ttf : NotoSansCuneiform-Regular already registered in fonts database. Skipping.
2025-10-13 00:05:17,812 INFO /System/Library/Fonts/Supplemental/NotoSansCuneiform-Regular.ttf : NotoSansCuneiform-Regular already registered in fonts database. Skipping.
2025-10-13 00:05:17,820 INFO /System/Library/Fonts/Supplemental/NotoSansCypriot-Regular.ttf : NotoSansCypriot-Regular already registered in fonts database. Skipping.
2025-10-13 00:05:17,826 INFO /System/Library/Fonts/Supplemental/NotoSansCypriot-Regular.ttf : NotoSansCypriot-Regular already registered in fonts database. Skipping.
2025-10-13 00:05:17,837 INFO /System/Library/Fonts/Supplemental/NotoSansDuployan-Regular.ttf : NotoSansDuployan-Regular already registered in fonts database. Skipping.
2025-10-13 00:05:17,848 INFO /System/Library/Fonts/Supplemental/NotoSansDuployan-Regular.ttf : NotoSansDuployan-Regular already registered in fonts database. Skipping.
2025-10-13 00:05:18,144 INFO /System/Library/Fonts/Supplemental/NotoSansEgyptianHieroglyphs-Regular.ttf : NotoSansEgyptianHieroglyphs-Regular already registered in fonts database. Skipping.
2025-10-13 00:05:18,441 INFO /System/Library/Fonts/Supplemental/NotoSansEgyptianHieroglyphs-Regular.ttf : NotoSansEgyptianHieroglyphs-Regular already registered in fonts database. Skipping.
2025-10-13 00:05:18,450 INFO /System/Library/Fonts/Supplemental/NotoSansElbasan-Regular.ttf : NotoSansElbasan-Regular already registered in fonts database. Skipping.
2025-10-13 00:05:18,458 INFO /System/Library/Fonts/Supplemental/NotoSansElbasan-Regular.ttf : NotoSansElbasan-Regular already registered in fonts database. Skipping.
2025-10-13 00:05:18,470 INFO /System/Library/Fonts/Supplemental/NotoSansGlagolitic-Regular.ttf : NotoSansGlagolitic-Regular already registered in fonts database. Skipping.
2025-10-13 00:05:18,481 INFO /System/Library/Fonts/Supplemental/NotoSansGlagolitic-Regular.ttf : NotoSansGlagolitic-Regular already registered in fonts database. Skipping.
2025-10-13 00:05:18,489 INFO /System/Library/Fonts/Supplemental/NotoSansGothic-Regular.ttf : NotoSansGothic-Regular already registered in fonts database. Skipping.
2025-10-13 00:05:18,496 INFO /System/Library/Fonts/Supplemental/NotoSansGothic-Regular.ttf : NotoSansGothic-Regular already registered in fonts database. Skipping.
2025-10-13 00:05:18,508 INFO /System/Library/Fonts/Supplemental/NotoSansHanifiRohingya-Regular.ttf : NotoSansHanifiRohingya-Regular already registered in fonts database. Skipping.
2025-10-13 00:05:18,520 INFO /System/Library/Fonts/Supplemental/NotoSansHanifiRohingya-Regular.ttf : NotoSansHanifiRohingya-Regular already registered in fonts database. Skipping.
2025-10-13 00:05:18,529 INFO /System/Library/Fonts/Supplemental/NotoSansHanunoo-Regular.ttf : NotoSansHanunoo-Regular already registered in fonts database. Skipping.
2025-10-13 00:05:18,537 INFO /System/Library/Fonts/Supplemental/NotoSansHanunoo-Regular.ttf : NotoSansHanunoo-Regular already registered in fonts database. Skipping.
2025-10-13 00:05:18,545 INFO /System/Library/Fonts/Supplemental/NotoSansHatran-Regular.ttf : NotoSansHatran-Regular already registered in fonts database. Skipping.
2025-10-13 00:05:18,551 INFO /System/Library/Fonts/Supplemental/NotoSansHatran-Regular.ttf : NotoSansHatran-Regular already registered in fonts database. Skipping.
2025-10-13 00:05:18,560 INFO /System/Library/Fonts/Supplemental/NotoSansImperialAramaic-Regular.ttf : NotoSansImperialAramaic-Regular already registered in fonts database. Skipping.
2025-10-13 00:05:18,568 INFO /System/Library/Fonts/Supplemental/NotoSansImperialAramaic-Regular.ttf : NotoSansImperialAramaic-Regular already registered in fonts database. Skipping.
2025-10-13 00:05:18,576 INFO /System/Library/Fonts/Supplemental/NotoSansInscriptionalPahlavi-Regular.ttf : NotoSansInscriptionalPahlavi-Regular already registered in fonts database. Skipping.
2025-10-13 00:05:18,584 INFO /System/Library/Fonts/Supplemental/NotoSansInscriptionalPahlavi-Regular.ttf : NotoSansInscriptionalPahlavi-Regular already registered in fonts database. Skipping.
2025-10-13 00:05:18,593 INFO /System/Library/Fonts/Supplemental/NotoSansInscriptionalParthian-Regular.ttf : NotoSansInscriptionalParthian-Regular already registered in fonts database. Skipping.
2025-10-13 00:05:18,601 INFO /System/Library/Fonts/Supplemental/NotoSansInscriptionalParthian-Regular.ttf : NotoSansInscriptionalParthian-Regular already registered in fonts database. Skipping.
2025-10-13 00:05:18,621 INFO /System/Library/Fonts/Supplemental/NotoSansKaithi-Regular.ttf : NotoSansKaithi-Regular already registered in fonts database. Skipping.
2025-10-13 00:05:18,640 INFO /System/Library/Fonts/Supplemental/NotoSansKaithi-Regular.ttf : NotoSansKaithi-Regular already registered in fonts database. Skipping.
2025-10-13 00:05:18,650 INFO /System/Library/Fonts/Supplemental/NotoSansKayahLi-Regular.ttf : NotoSansKayahLi-Regular already registered in fonts database. Skipping.
2025-10-13 00:05:18,659 INFO /System/Library/Fonts/Supplemental/NotoSansKayahLi-Regular.ttf : NotoSansKayahLi-Regular already registered in fonts database. Skipping.
2025-10-13 00:05:18,671 INFO /System/Library/Fonts/Supplemental/NotoSansKharoshthi-Regular.ttf : NotoSansKharoshthi-Regular already registered in fonts database. Skipping.
2025-10-13 00:05:18,683 INFO /System/Library/Fonts/Supplemental/NotoSansKharoshthi-Regular.ttf : NotoSansKharoshthi-Regular already registered in fonts database. Skipping.
2025-10-13 00:05:18,703 INFO /System/Library/Fonts/Supplemental/NotoSansKhojki-Regular.ttf : NotoSansKhojki-Regular already registered in fonts database. Skipping.
2025-10-13 00:05:18,721 INFO /System/Library/Fonts/Supplemental/NotoSansKhojki-Regular.ttf : NotoSansKhojki-Regular already registered in fonts database. Skipping.
2025-10-13 00:05:18,732 INFO /System/Library/Fonts/Supplemental/NotoSansKhudawadi-Regular.ttf : NotoSansKhudawadi-Regular already registered in fonts database. Skipping.
2025-10-13 00:05:18,742 INFO /System/Library/Fonts/Supplemental/NotoSansKhudawadi-Regular.ttf : NotoSansKhudawadi-Regular already registered in fonts database. Skipping.
2025-10-13 00:05:18,752 INFO /System/Library/Fonts/Supplemental/NotoSansLepcha-Regular.ttf : NotoSansLepcha-Regular already registered in fonts database. Skipping.
2025-10-13 00:05:18,762 INFO /System/Library/Fonts/Supplemental/NotoSansLepcha-Regular.ttf : NotoSansLepcha-Regular already registered in fonts database. Skipping.
2025-10-13 00:05:18,772 INFO /System/Library/Fonts/Supplemental/NotoSansLimbu-Regular.ttf : NotoSansLimbu-Regular already registered in fonts database. Skipping.
2025-10-13 00:05:18,782 INFO /System/Library/Fonts/Supplemental/NotoSansLimbu-Regular.ttf : NotoSansLimbu-Regular already registered in fonts database. Skipping.
2025-10-13 00:05:18,805 INFO /System/Library/Fonts/Supplemental/NotoSansLinearA-Regular.ttf : NotoSansLinearA-Regular already registered in fonts database. Skipping.
2025-10-13 00:05:18,827 INFO /System/Library/Fonts/Supplemental/NotoSansLinearA-Regular.ttf : NotoSansLinearA-Regular already registered in fonts database. Skipping.
2025-10-13 00:05:18,855 INFO /System/Library/Fonts/Supplemental/NotoSansLinearB-Regular.ttf : NotoSansLinearB-Regular already registered in fonts database. Skipping.
2025-10-13 00:05:18,883 INFO /System/Library/Fonts/Supplemental/NotoSansLinearB-Regular.ttf : NotoSansLinearB-Regular already registered in fonts database. Skipping.
2025-10-13 00:05:18,890 INFO /System/Library/Fonts/Supplemental/NotoSansLisu-Regular.ttf : NotoSansLisu-Regular already registered in fonts database. Skipping.
2025-10-13 00:05:18,897 INFO /System/Library/Fonts/Supplemental/NotoSansLisu-Regular.ttf : NotoSansLisu-Regular already registered in fonts database. Skipping.
2025-10-13 00:05:18,903 INFO /System/Library/Fonts/Supplemental/NotoSansLycian-Regular.ttf : NotoSansLycian-Regular already registered in fonts database. Skipping.
2025-10-13 00:05:18,909 INFO /System/Library/Fonts/Supplemental/NotoSansLycian-Regular.ttf : NotoSansLycian-Regular already registered in fonts database. Skipping.
2025-10-13 00:05:18,916 INFO /System/Library/Fonts/Supplemental/NotoSansLydian-Regular.ttf : NotoSansLydian-Regular already registered in fonts database. Skipping.
2025-10-13 00:05:18,922 INFO /System/Library/Fonts/Supplemental/NotoSansLydian-Regular.ttf : NotoSansLydian-Regular already registered in fonts database. Skipping.
2025-10-13 00:05:18,933 INFO /System/Library/Fonts/Supplemental/NotoSansMahajani-Regular.ttf : NotoSansMahajani-Regular already registered in fonts database. Skipping.
2025-10-13 00:05:18,945 INFO /System/Library/Fonts/Supplemental/NotoSansMahajani-Regular.ttf : NotoSansMahajani-Regular already registered in fonts database. Skipping.
2025-10-13 00:05:18,957 INFO /System/Library/Fonts/Supplemental/NotoSansMandaic-Regular.ttf : NotoSansMandaic-Regular already registered in fonts database. Skipping.
2025-10-13 00:05:18,969 INFO /System/Library/Fonts/Supplemental/NotoSansMandaic-Regular.ttf : NotoSansMandaic-Regular already registered in fonts database. Skipping.
2025-10-13 00:05:18,984 INFO /System/Library/Fonts/Supplemental/NotoSansManichaean-Regular.ttf : NotoSansManichaean-Regular already registered in fonts database. Skipping.
2025-10-13 00:05:18,998 INFO /System/Library/Fonts/Supplemental/NotoSansManichaean-Regular.ttf : NotoSansManichaean-Regular already registered in fonts database. Skipping.
2025-10-13 00:05:19,027 INFO /System/Library/Fonts/Supplemental/NotoSansMarchen-Regular.ttf : NotoSansMarchen-Regular already registered in fonts database. Skipping.
2025-10-13 00:05:19,057 INFO /System/Library/Fonts/Supplemental/NotoSansMarchen-Regular.ttf : NotoSansMarchen-Regular already registered in fonts database. Skipping.
2025-10-13 00:05:19,067 INFO /System/Library/Fonts/Supplemental/NotoSansMeeteiMayek-Regular.ttf : NotoSansMeeteiMayek-Regular already registered in fonts database. Skipping.
2025-10-13 00:05:19,077 INFO /System/Library/Fonts/Supplemental/NotoSansMeeteiMayek-Regular.ttf : NotoSansMeeteiMayek-Regular already registered in fonts database. Skipping.
2025-10-13 00:05:19,094 INFO /System/Library/Fonts/Supplemental/NotoSansMendeKikakui-Regular.ttf : NotoSansMendeKikakui-Regular already registered in fonts database. Skipping.
2025-10-13 00:05:19,110 INFO /System/Library/Fonts/Supplemental/NotoSansMendeKikakui-Regular.ttf : NotoSansMendeKikakui-Regular already registered in fonts database. Skipping.
2025-10-13 00:05:19,127 INFO /System/Library/Fonts/Supplemental/NotoSansMeroitic-Regular.ttf : NotoSansMeroitic-Regular already registered in fonts database. Skipping.
2025-10-13 00:05:19,143 INFO /System/Library/Fonts/Supplemental/NotoSansMeroitic-Regular.ttf : NotoSansMeroitic-Regular already registered in fonts database. Skipping.
2025-10-13 00:05:19,159 INFO /System/Library/Fonts/Supplemental/NotoSansMiao-Regular.ttf : NotoSansMiao-Regular already registered in fonts database. Skipping.
2025-10-13 00:05:19,174 INFO /System/Library/Fonts/Supplemental/NotoSansMiao-Regular.ttf : NotoSansMiao-Regular already registered in fonts database. Skipping.
2025-10-13 00:05:19,192 INFO /System/Library/Fonts/Supplemental/NotoSansModi-Regular.ttf : NotoSansModi-Regular already registered in fonts database. Skipping.
2025-10-13 00:05:19,208 INFO /System/Library/Fonts/Supplemental/NotoSansModi-Regular.ttf : NotoSansModi-Regular already registered in fonts database. Skipping.
2025-10-13 00:05:19,271 INFO /System/Library/Fonts/Supplemental/NotoSansMongolian-Regular.ttf : NotoSansMongolian-Regular already registered in fonts database. Skipping.
2025-10-13 00:05:19,334 INFO /System/Library/Fonts/Supplemental/NotoSansMongolian-Regular.ttf : NotoSansMongolian-Regular already registered in fonts database. Skipping.
2025-10-13 00:05:19,342 INFO /System/Library/Fonts/Supplemental/NotoSansMro-Regular.ttf : NotoSansMro-Regular already registered in fonts database. Skipping.
2025-10-13 00:05:19,349 INFO /System/Library/Fonts/Supplemental/NotoSansMro-Regular.ttf : NotoSansMro-Regular already registered in fonts database. Skipping.
2025-10-13 00:05:19,358 INFO /System/Library/Fonts/Supplemental/NotoSansMultani-Regular.ttf : NotoSansMultani-Regular already registered in fonts database. Skipping.
2025-10-13 00:05:19,367 INFO /System/Library/Fonts/Supplemental/NotoSansMultani-Regular.ttf : NotoSansMultani-Regular already registered in fonts database. Skipping.
2025-10-13 00:05:19,376 INFO /System/Library/Fonts/Supplemental/NotoSansNabataean-Regular.ttf : NotoSansNabataean-Regular already registered in fonts database. Skipping.
2025-10-13 00:05:19,385 INFO /System/Library/Fonts/Supplemental/NotoSansNabataean-Regular.ttf : NotoSansNabataean-Regular already registered in fonts database. Skipping.
2025-10-13 00:05:19,421 INFO /System/Library/Fonts/Supplemental/NotoSansNewa-Regular.ttf : NotoSansNewa-Regular already registered in fonts database. Skipping.
2025-10-13 00:05:19,456 INFO /System/Library/Fonts/Supplemental/NotoSansNewa-Regular.ttf : NotoSansNewa-Regular already registered in fonts database. Skipping.
2025-10-13 00:05:19,468 INFO /System/Library/Fonts/Supplemental/NotoSansNewTaiLue-Regular.ttf : NotoSansNewTaiLue-Regular already registered in fonts database. Skipping.
2025-10-13 00:05:19,480 INFO /System/Library/Fonts/Supplemental/NotoSansNewTaiLue-Regular.ttf : NotoSansNewTaiLue-Regular already registered in fonts database. Skipping.
2025-10-13 00:05:19,490 INFO /System/Library/Fonts/Supplemental/NotoSansNKo-Regular.ttf : NotoSansNKo-Regular already registered in fonts database. Skipping.
2025-10-13 00:05:19,501 INFO /System/Library/Fonts/Supplemental/NotoSansNKo-Regular.ttf : NotoSansNKo-Regular already registered in fonts database. Skipping.
2025-10-13 00:05:19,511 INFO /System/Library/Fonts/Supplemental/NotoSansOlChiki-Regular.ttf : NotoSansOlChiki-Regular already registered in fonts database. Skipping.
2025-10-13 00:05:19,521 INFO /System/Library/Fonts/Supplemental/NotoSansOlChiki-Regular.ttf : NotoSansOlChiki-Regular already registered in fonts database. Skipping.
2025-10-13 00:05:19,532 INFO /System/Library/Fonts/Supplemental/NotoSansOldHungarian-Regular.ttf : NotoSansOldHungarian-Regular already registered in fonts database. Skipping.
2025-10-13 00:05:19,542 INFO /System/Library/Fonts/Supplemental/NotoSansOldHungarian-Regular.ttf : NotoSansOldHungarian-Regular already registered in fonts database. Skipping.
2025-10-13 00:05:19,550 INFO /System/Library/Fonts/Supplemental/NotoSansOldItalic-Regular.ttf : NotoSansOldItalic-Regular already registered in fonts database. Skipping.
2025-10-13 00:05:19,557 INFO /System/Library/Fonts/Supplemental/NotoSansOldItalic-Regular.ttf : NotoSansOldItalic-Regular already registered in fonts database. Skipping.
2025-10-13 00:05:19,564 INFO /System/Library/Fonts/Supplemental/NotoSansOldNorthArabian-Regular.ttf : NotoSansOldNorthArabian-Regular already registered in fonts database. Skipping.
2025-10-13 00:05:19,572 INFO /System/Library/Fonts/Supplemental/NotoSansOldNorthArabian-Regular.ttf : NotoSansOldNorthArabian-Regular already registered in fonts database. Skipping.
2025-10-13 00:05:19,580 INFO /System/Library/Fonts/Supplemental/NotoSansOldPermic-Regular.ttf : NotoSansOldPermic-Regular already registered in fonts database. Skipping.
2025-10-13 00:05:19,588 INFO /System/Library/Fonts/Supplemental/NotoSansOldPermic-Regular.ttf : NotoSansOldPermic-Regular already registered in fonts database. Skipping.
2025-10-13 00:05:19,597 INFO /System/Library/Fonts/Supplemental/NotoSansOldPersian-Regular.ttf : NotoSansOldPersian-Regular already registered in fonts database. Skipping.
2025-10-13 00:05:19,606 INFO /System/Library/Fonts/Supplemental/NotoSansOldPersian-Regular.ttf : NotoSansOldPersian-Regular already registered in fonts database. Skipping.
2025-10-13 00:05:19,613 INFO /System/Library/Fonts/Supplemental/NotoSansOldSouthArabian-Regular.ttf : NotoSansOldSouthArabian-Regular already registered in fonts database. Skipping.
2025-10-13 00:05:19,620 INFO /System/Library/Fonts/Supplemental/NotoSansOldSouthArabian-Regular.ttf : NotoSansOldSouthArabian-Regular already registered in fonts database. Skipping.
2025-10-13 00:05:19,627 INFO /System/Library/Fonts/Supplemental/NotoSansOldTurkic-Regular.ttf : NotoSansOldTurkic-Regular already registered in fonts database. Skipping.
2025-10-13 00:05:19,634 INFO /System/Library/Fonts/Supplemental/NotoSansOldTurkic-Regular.ttf : NotoSansOldTurkic-Regular already registered in fonts database. Skipping.
2025-10-13 00:05:19,644 INFO /System/Library/Fonts/Supplemental/NotoSansOsage-Regular.ttf : NotoSansOsage-Regular already registered in fonts database. Skipping.
2025-10-13 00:05:19,654 INFO /System/Library/Fonts/Supplemental/NotoSansOsage-Regular.ttf : NotoSansOsage-Regular already registered in fonts database. Skipping.
2025-10-13 00:05:19,662 INFO /System/Library/Fonts/Supplemental/NotoSansOsmanya-Regular.ttf : NotoSansOsmanya-Regular already registered in fonts database. Skipping.
2025-10-13 00:05:19,671 INFO /System/Library/Fonts/Supplemental/NotoSansOsmanya-Regular.ttf : NotoSansOsmanya-Regular already registered in fonts database. Skipping.
2025-10-13 00:05:19,682 INFO /System/Library/Fonts/Supplemental/NotoSansPahawhHmong-Regular.ttf : NotoSansPahawhHmong-Regular already registered in fonts database. Skipping.
2025-10-13 00:05:19,693 INFO /System/Library/Fonts/Supplemental/NotoSansPahawhHmong-Regular.ttf : NotoSansPahawhHmong-Regular already registered in fonts database. Skipping.
2025-10-13 00:05:19,706 INFO /System/Library/Fonts/Supplemental/NotoSansPalmyrene-Regular.ttf : NotoSansPalmyrene-Regular already registered in fonts database. Skipping.
2025-10-13 00:05:19,718 INFO /System/Library/Fonts/Supplemental/NotoSansPalmyrene-Regular.ttf : NotoSansPalmyrene-Regular already registered in fonts database. Skipping.
2025-10-13 00:05:19,726 INFO /System/Library/Fonts/Supplemental/NotoSansPauCinHau-Regular.ttf : NotoSansPauCinHau-Regular already registered in fonts database. Skipping.
2025-10-13 00:05:19,734 INFO /System/Library/Fonts/Supplemental/NotoSansPauCinHau-Regular.ttf : NotoSansPauCinHau-Regular already registered in fonts database. Skipping.
2025-10-13 00:05:19,748 INFO /System/Library/Fonts/Supplemental/NotoSansPhagsPa-Regular.ttf : NotoSansPhagsPa-Regular already registered in fonts database. Skipping.
2025-10-13 00:05:19,762 INFO /System/Library/Fonts/Supplemental/NotoSansPhagsPa-Regular.ttf : NotoSansPhagsPa-Regular already registered in fonts database. Skipping.
2025-10-13 00:05:19,770 INFO /System/Library/Fonts/Supplemental/NotoSansPhoenician-Regular.ttf : NotoSansPhoenician-Regular already registered in fonts database. Skipping.
2025-10-13 00:05:19,778 INFO /System/Library/Fonts/Supplemental/NotoSansPhoenician-Regular.ttf : NotoSansPhoenician-Regular already registered in fonts database. Skipping.
2025-10-13 00:05:19,791 INFO /System/Library/Fonts/Supplemental/NotoSansPsalterPahlavi-Regular.ttf : NotoSansPsalterPahlavi-Regular already registered in fonts database. Skipping.
2025-10-13 00:05:19,803 INFO /System/Library/Fonts/Supplemental/NotoSansPsalterPahlavi-Regular.ttf : NotoSansPsalterPahlavi-Regular already registered in fonts database. Skipping.
2025-10-13 00:05:19,811 INFO /System/Library/Fonts/Supplemental/NotoSansRejang-Regular.ttf : NotoSansRejang-Regular already registered in fonts database. Skipping.
2025-10-13 00:05:19,818 INFO /System/Library/Fonts/Supplemental/NotoSansRejang-Regular.ttf : NotoSansRejang-Regular already registered in fonts database. Skipping.
2025-10-13 00:05:19,828 INFO /System/Library/Fonts/Supplemental/NotoSansSamaritan-Regular.ttf : NotoSansSamaritan-Regular already registered in fonts database. Skipping.
2025-10-13 00:05:19,837 INFO /System/Library/Fonts/Supplemental/NotoSansSamaritan-Regular.ttf : NotoSansSamaritan-Regular already registered in fonts database. Skipping.
2025-10-13 00:05:19,848 INFO /System/Library/Fonts/Supplemental/NotoSansSaurashtra-Regular.ttf : NotoSansSaurashtra-Regular already registered in fonts database. Skipping.
2025-10-13 00:05:19,858 INFO /System/Library/Fonts/Supplemental/NotoSansSaurashtra-Regular.ttf : NotoSansSaurashtra-Regular already registered in fonts database. Skipping.
2025-10-13 00:05:19,874 INFO /System/Library/Fonts/Supplemental/NotoSansSharada-Regular.ttf : NotoSansSharada-Regular already registered in fonts database. Skipping.
2025-10-13 00:05:19,889 INFO /System/Library/Fonts/Supplemental/NotoSansSharada-Regular.ttf : NotoSansSharada-Regular already registered in fonts database. Skipping.
2025-10-13 00:05:19,898 INFO /System/Library/Fonts/Supplemental/NotoSansSoraSompeng-Regular.ttf : NotoSansSoraSompeng-Regular already registered in fonts database. Skipping.
2025-10-13 00:05:19,905 INFO /System/Library/Fonts/Supplemental/NotoSansSoraSompeng-Regular.ttf : NotoSansSoraSompeng-Regular already registered in fonts database. Skipping.
2025-10-13 00:05:19,914 INFO /System/Library/Fonts/Supplemental/NotoSansSundanese-Regular.ttf : NotoSansSundanese-Regular already registered in fonts database. Skipping.
2025-10-13 00:05:19,923 INFO /System/Library/Fonts/Supplemental/NotoSansSundanese-Regular.ttf : NotoSansSundanese-Regular already registered in fonts database. Skipping.
2025-10-13 00:05:19,933 INFO /System/Library/Fonts/Supplemental/NotoSansSylotiNagri-Regular.ttf : NotoSansSylotiNagri-Regular already registered in fonts database. Skipping.
2025-10-13 00:05:19,943 INFO /System/Library/Fonts/Supplemental/NotoSansSylotiNagri-Regular.ttf : NotoSansSylotiNagri-Regular already registered in fonts database. Skipping.
2025-10-13 00:05:19,963 INFO /System/Library/Fonts/Supplemental/NotoSansSyriac-Regular.ttf : NotoSansSyriac-Regular already registered in fonts database. Skipping.
2025-10-13 00:05:19,981 INFO /System/Library/Fonts/Supplemental/NotoSansSyriac-Regular.ttf : NotoSansSyriac-Regular already registered in fonts database. Skipping.
2025-10-13 00:05:19,989 INFO /System/Library/Fonts/Supplemental/NotoSansTagalog-Regular.ttf : NotoSansTagalog-Regular already registered in fonts database. Skipping.
2025-10-13 00:05:19,997 INFO /System/Library/Fonts/Supplemental/NotoSansTagalog-Regular.ttf : NotoSansTagalog-Regular already registered in fonts database. Skipping.
2025-10-13 00:05:20,005 INFO /System/Library/Fonts/Supplemental/NotoSansTagbanwa-Regular.ttf : NotoSansTagbanwa-Regular already registered in fonts database. Skipping.
2025-10-13 00:05:20,013 INFO /System/Library/Fonts/Supplemental/NotoSansTagbanwa-Regular.ttf : NotoSansTagbanwa-Regular already registered in fonts database. Skipping.
2025-10-13 00:05:20,024 INFO /System/Library/Fonts/Supplemental/NotoSansTaiLe-Regular.ttf : NotoSansTaiLe-Regular already registered in fonts database. Skipping.
2025-10-13 00:05:20,034 INFO /System/Library/Fonts/Supplemental/NotoSansTaiLe-Regular.ttf : NotoSansTaiLe-Regular already registered in fonts database. Skipping.
2025-10-13 00:05:20,053 INFO /System/Library/Fonts/Supplemental/NotoSansTaiTham-Regular.ttf : NotoSansTaiTham already registered in fonts database. Skipping.
2025-10-13 00:05:20,071 INFO /System/Library/Fonts/Supplemental/NotoSansTaiTham-Regular.ttf : NotoSansTaiTham already registered in fonts database. Skipping.
2025-10-13 00:05:20,084 INFO /System/Library/Fonts/Supplemental/NotoSansTaiViet-Regular.ttf : NotoSansTaiViet-Regular already registered in fonts database. Skipping.
2025-10-13 00:05:20,097 INFO /System/Library/Fonts/Supplemental/NotoSansTaiViet-Regular.ttf : NotoSansTaiViet-Regular already registered in fonts database. Skipping.
2025-10-13 00:05:20,106 INFO /System/Library/Fonts/Supplemental/NotoSansTakri-Regular.ttf : NotoSansTakri-Regular already registered in fonts database. Skipping.
2025-10-13 00:05:20,116 INFO /System/Library/Fonts/Supplemental/NotoSansTakri-Regular.ttf : NotoSansTakri-Regular already registered in fonts database. Skipping.
2025-10-13 00:05:20,129 INFO /System/Library/Fonts/Supplemental/NotoSansThaana-Regular.ttf : NotoSansThaana-Regular already registered in fonts database. Skipping.
2025-10-13 00:05:20,142 INFO /System/Library/Fonts/Supplemental/NotoSansThaana-Regular.ttf : NotoSansThaana-Regular already registered in fonts database. Skipping.
2025-10-13 00:05:20,162 INFO /System/Library/Fonts/Supplemental/NotoSansTirhuta-Regular.ttf : NotoSansTirhuta-Regular already registered in fonts database. Skipping.
2025-10-13 00:05:20,180 INFO /System/Library/Fonts/Supplemental/NotoSansTirhuta-Regular.ttf : NotoSansTirhuta-Regular already registered in fonts database. Skipping.
2025-10-13 00:05:20,188 INFO /System/Library/Fonts/Supplemental/NotoSansUgaritic-Regular.ttf : NotoSansUgaritic-Regular already registered in fonts database. Skipping.
2025-10-13 00:05:20,197 INFO /System/Library/Fonts/Supplemental/NotoSansUgaritic-Regular.ttf : NotoSansUgaritic-Regular already registered in fonts database. Skipping.
2025-10-13 00:05:20,217 INFO /System/Library/Fonts/Supplemental/NotoSansVai-Regular.ttf : NotoSansVai-Regular already registered in fonts database. Skipping.
2025-10-13 00:05:20,238 INFO /System/Library/Fonts/Supplemental/NotoSansVai-Regular.ttf : NotoSansVai-Regular already registered in fonts database. Skipping.
2025-10-13 00:05:20,248 INFO /System/Library/Fonts/Supplemental/NotoSansWancho-Regular.ttf : NotoSansWancho-Regular already registered in fonts database. Skipping.
2025-10-13 00:05:20,257 INFO /System/Library/Fonts/Supplemental/NotoSansWancho-Regular.ttf : NotoSansWancho-Regular already registered in fonts database. Skipping.
2025-10-13 00:05:20,268 INFO /System/Library/Fonts/Supplemental/NotoSansWarangCiti-Regular.ttf : NotoSansWarangCiti-Regular already registered in fonts database. Skipping.
2025-10-13 00:05:20,278 INFO /System/Library/Fonts/Supplemental/NotoSansWarangCiti-Regular.ttf : NotoSansWarangCiti-Regular already registered in fonts database. Skipping.
2025-10-13 00:05:20,333 INFO /System/Library/Fonts/Supplemental/NotoSansYi-Regular.ttf : NotoSansYi-Regular already registered in fonts database. Skipping.
2025-10-13 00:05:20,388 INFO /System/Library/Fonts/Supplemental/NotoSansYi-Regular.ttf : NotoSansYi-Regular already registered in fonts database. Skipping.
2025-10-13 00:05:20,400 INFO /System/Library/Fonts/Supplemental/NotoSerifAhom-Regular.ttf : NotoSerifAhom-Regular already registered in fonts database. Skipping.
2025-10-13 00:05:20,413 INFO /System/Library/Fonts/Supplemental/NotoSerifAhom-Regular.ttf : NotoSerifAhom-Regular already registered in fonts database. Skipping.
2025-10-13 00:05:20,443 INFO /System/Library/Fonts/Supplemental/NotoSerifBalinese-Regular.ttf : NotoSerifBalinese-Regular already registered in fonts database. Skipping.
2025-10-13 00:05:20,473 INFO /System/Library/Fonts/Supplemental/NotoSerifBalinese-Regular.ttf : NotoSerifBalinese-Regular already registered in fonts database. Skipping.
2025-10-13 00:05:20,483 INFO /System/Library/Fonts/Supplemental/NotoSerifNyiakengPuachueHmong-Regular.ttf : NotoSerifHmongNyiakeng-Regular already registered in fonts database. Skipping.
2025-10-13 00:05:20,492 INFO /System/Library/Fonts/Supplemental/NotoSerifNyiakengPuachueHmong-Regular.ttf : NotoSerifHmongNyiakeng-Regular already registered in fonts database. Skipping.
2025-10-13 00:05:20,596 INFO /System/Library/Fonts/Supplemental/PartyLET-plain.ttf : PartyLetPlain already registered in fonts database. Skipping.
2025-10-13 00:05:20,699 INFO /System/Library/Fonts/Supplemental/PartyLET-plain.ttf : PartyLetPlain already registered in fonts database. Skipping.
2025-10-13 00:05:20,742 INFO /System/Library/Fonts/Supplemental/PlantagenetCherokee.ttf : No FontName. Skipping.
2025-10-13 00:05:20,785 INFO /System/Library/Fonts/Supplemental/PlantagenetCherokee.ttf : No FontName. Skipping.
2025-10-13 00:05:20,825 INFO /System/Library/Fonts/Supplemental/Sathu.ttf : No FontName. Skipping.
2025-10-13 00:05:20,866 INFO /System/Library/Fonts/Supplemental/Sathu.ttf : No FontName. Skipping.
2025-10-13 00:05:20,890 INFO /System/Library/Fonts/Supplemental/Silom.ttf : No FontName. Skipping.
2025-10-13 00:05:20,915 INFO /System/Library/Fonts/Supplemental/Silom.ttf : No FontName. Skipping.
2025-10-13 00:05:20,943 INFO /System/Library/Fonts/Supplemental/Skia.ttf : No FontName. Skipping.
2025-10-13 00:05:20,971 INFO /System/Library/Fonts/Supplemental/Skia.ttf : No FontName. Skipping.
2025-10-13 00:05:21,107 INFO /System/Library/Fonts/Supplemental/STIXTwoText-Italic.ttf : STIXTwoText-Italic already registered in fonts database. Skipping.
2025-10-13 00:05:21,241 INFO /System/Library/Fonts/Supplemental/STIXTwoText-Italic.ttf : STIXTwoText-Italic already registered in fonts database. Skipping.
2025-10-13 00:05:21,361 INFO /System/Library/Fonts/Supplemental/STIXTwoText.ttf : STIXTwoText already registered in fonts database. Skipping.
2025-10-13 00:05:21,479 INFO /System/Library/Fonts/Supplemental/STIXTwoText.ttf : STIXTwoText already registered in fonts database. Skipping.
2025-10-13 00:05:21,574 INFO /System/Library/Fonts/Supplemental/Tahoma Bold.ttf : Tahoma-Bold already registered in fonts database. Skipping.
2025-10-13 00:05:21,667 INFO /System/Library/Fonts/Supplemental/Tahoma Bold.ttf : Tahoma-Bold already registered in fonts database. Skipping.
2025-10-13 00:05:21,769 INFO /System/Library/Fonts/Supplemental/Tahoma.ttf : Tahoma already registered in fonts database. Skipping.
2025-10-13 00:05:21,871 INFO /System/Library/Fonts/Supplemental/Tahoma.ttf : Tahoma already registered in fonts database. Skipping.
2025-10-13 00:05:21,972 INFO /System/Library/Fonts/Supplemental/Times New Roman Bold Italic.ttf : TimesNewRomanPS-BoldItalicMT already registered in fonts database. Skipping.
2025-10-13 00:05:22,072 INFO /System/Library/Fonts/Supplemental/Times New Roman Bold Italic.ttf : TimesNewRomanPS-BoldItalicMT already registered in fonts database. Skipping.
2025-10-13 00:05:22,219 INFO /System/Library/Fonts/Supplemental/Times New Roman Bold.ttf : TimesNewRomanPS-BoldMT already registered in fonts database. Skipping.
2025-10-13 00:05:22,365 INFO /System/Library/Fonts/Supplemental/Times New Roman Bold.ttf : TimesNewRomanPS-BoldMT already registered in fonts database. Skipping.
2025-10-13 00:05:22,472 INFO /System/Library/Fonts/Supplemental/Times New Roman Italic.ttf : TimesNewRomanPS-ItalicMT already registered in fonts database. Skipping.
2025-10-13 00:05:22,579 INFO /System/Library/Fonts/Supplemental/Times New Roman Italic.ttf : TimesNewRomanPS-ItalicMT already registered in fonts database. Skipping.
2025-10-13 00:05:22,735 INFO /System/Library/Fonts/Supplemental/Times New Roman.ttf : TimesNewRomanPSMT already registered in fonts database. Skipping.
2025-10-13 00:05:22,889 INFO /System/Library/Fonts/Supplemental/Times New Roman.ttf : TimesNewRomanPSMT already registered in fonts database. Skipping.
2025-10-13 00:05:24,762 INFO /System/Library/Fonts/Supplemental/Trattatello.ttf : Trattatello already registered in fonts database. Skipping.
2025-10-13 00:05:26,637 INFO /System/Library/Fonts/Supplemental/Trattatello.ttf : Trattatello already registered in fonts database. Skipping.
2025-10-13 00:05:26,654 INFO /System/Library/Fonts/Supplemental/Trebuchet MS Bold Italic.ttf : Trebuchet-BoldItalic already registered in fonts database. Skipping.
2025-10-13 00:05:26,672 INFO /System/Library/Fonts/Supplemental/Trebuchet MS Bold Italic.ttf : Trebuchet-BoldItalic already registered in fonts database. Skipping.
2025-10-13 00:05:26,687 INFO /System/Library/Fonts/Supplemental/Trebuchet MS Bold.ttf : TrebuchetMS-Bold already registered in fonts database. Skipping.
2025-10-13 00:05:26,703 INFO /System/Library/Fonts/Supplemental/Trebuchet MS Bold.ttf : TrebuchetMS-Bold already registered in fonts database. Skipping.
2025-10-13 00:05:26,719 INFO /System/Library/Fonts/Supplemental/Trebuchet MS Italic.ttf : TrebuchetMS-Italic already registered in fonts database. Skipping.
2025-10-13 00:05:26,735 INFO /System/Library/Fonts/Supplemental/Trebuchet MS Italic.ttf : TrebuchetMS-Italic already registered in fonts database. Skipping.
2025-10-13 00:05:26,749 INFO /System/Library/Fonts/Supplemental/Trebuchet MS.ttf : TrebuchetMS already registered in fonts database. Skipping.
2025-10-13 00:05:26,764 INFO /System/Library/Fonts/Supplemental/Trebuchet MS.ttf : TrebuchetMS already registered in fonts database. Skipping.
2025-10-13 00:05:26,785 INFO /System/Library/Fonts/Supplemental/Verdana Bold Italic.ttf : Verdana-BoldItalic already registered in fonts database. Skipping.
2025-10-13 00:05:26,807 INFO /System/Library/Fonts/Supplemental/Verdana Bold Italic.ttf : Verdana-BoldItalic already registered in fonts database. Skipping.
2025-10-13 00:05:26,831 INFO /System/Library/Fonts/Supplemental/Verdana Bold.ttf : Verdana-Bold already registered in fonts database. Skipping.
2025-10-13 00:05:26,856 INFO /System/Library/Fonts/Supplemental/Verdana Bold.ttf : Verdana-Bold already registered in fonts database. Skipping.
2025-10-13 00:05:26,879 INFO /System/Library/Fonts/Supplemental/Verdana Italic.ttf : Verdana-Italic already registered in fonts database. Skipping.
2025-10-13 00:05:26,902 INFO /System/Library/Fonts/Supplemental/Verdana Italic.ttf : Verdana-Italic already registered in fonts database. Skipping.
2025-10-13 00:05:26,928 INFO /System/Library/Fonts/Supplemental/Verdana.ttf : Verdana already registered in fonts database. Skipping.
2025-10-13 00:05:26,952 INFO /System/Library/Fonts/Supplemental/Verdana.ttf : Verdana already registered in fonts database. Skipping.
2025-10-13 00:05:26,981 INFO /System/Library/Fonts/Supplemental/Webdings.ttf : Webdings already registered in fonts database. Skipping.
2025-10-13 00:05:27,010 INFO /System/Library/Fonts/Supplemental/Webdings.ttf : Webdings already registered in fonts database. Skipping.
2025-10-13 00:05:27,023 INFO /System/Library/Fonts/Supplemental/Wingdings 2.ttf : Wingdings2 already registered in fonts database. Skipping.
2025-10-13 00:05:27,035 INFO /System/Library/Fonts/Supplemental/Wingdings 2.ttf : Wingdings2 already registered in fonts database. Skipping.
2025-10-13 00:05:27,043 INFO /System/Library/Fonts/Supplemental/Wingdings 3.ttf : Wingdings3 already registered in fonts database. Skipping.
2025-10-13 00:05:27,051 INFO /System/Library/Fonts/Supplemental/Wingdings 3.ttf : Wingdings3 already registered in fonts database. Skipping.
2025-10-13 00:05:27,066 INFO /System/Library/Fonts/Supplemental/Wingdings.ttf : Wingdings-Regular already registered in fonts database. Skipping.
2025-10-13 00:05:27,079 INFO /System/Library/Fonts/Supplemental/Wingdings.ttf : Wingdings-Regular already registered in fonts database. Skipping.
2025-10-13 00:05:27,462 INFO /System/Library/Fonts/Supplemental/Zapfino.ttf : No FontName. Skipping.
2025-10-13 00:05:27,842 INFO /System/Library/Fonts/Supplemental/Zapfino.ttf : No FontName. Skipping.
2025-10-13 00:05:27,851 INFO /System/Library/Fonts/Symbol.ttf : No FontName. Skipping.
2025-10-13 00:05:27,864 INFO /System/Library/Fonts/ZapfDingbats.ttf : No FontName. Skipping.
2025-10-13 00:05:27,864 INFO Found FontName for 0 fonts.
2025-10-13 00:05:27,865 INFO Scanning afm files in /Library/Frameworks/R.framework/Versions/4.5-arm64/Resources/library/extrafontdb/metrics
2025-10-13 00:05:27,956 INFO .Keyboard already registered with pdfFont().
2025-10-13 00:05:27,956 INFO .New York already registered with pdfFont().
2025-10-13 00:05:27,956 INFO .SF Arabic already registered with pdfFont().
2025-10-13 00:05:27,956 INFO .SF Arabic Rounded already registered with pdfFont().
2025-10-13 00:05:27,956 INFO .SF Armenian already registered with pdfFont().
2025-10-13 00:05:27,956 INFO .SF Armenian Rounded already registered with pdfFont().
2025-10-13 00:05:27,956 INFO .SF Camera already registered with pdfFont().
2025-10-13 00:05:27,956 INFO .SF Compact already registered with pdfFont().
2025-10-13 00:05:27,956 INFO .SF Compact Rounded already registered with pdfFont().
2025-10-13 00:05:27,956 INFO .SF Georgian already registered with pdfFont().
2025-10-13 00:05:27,956 INFO .SF Georgian Rounded already registered with pdfFont().
2025-10-13 00:05:27,956 INFO .SF Hebrew already registered with pdfFont().
2025-10-13 00:05:27,956 INFO .SF Hebrew Rounded already registered with pdfFont().
2025-10-13 00:05:27,956 INFO .SF NS Mono already registered with pdfFont().
2025-10-13 00:05:27,956 INFO .SF NS Rounded already registered with pdfFont().
2025-10-13 00:05:27,956 INFO Academy Engraved LET already registered with pdfFont().
2025-10-13 00:05:27,957 INFO Andale Mono already registered with pdfFont().
2025-10-13 00:05:27,957 INFO More than one version of regular/bold/italic found for Apple Braille. Skipping setup for this font.
2025-10-13 00:05:27,957 INFO AppleMyungjo already registered with pdfFont().
2025-10-13 00:05:27,957 INFO Arial already registered with pdfFont().
2025-10-13 00:05:27,957 INFO Arial Black already registered with pdfFont().
2025-10-13 00:05:27,957 INFO Arial Narrow already registered with pdfFont().
2025-10-13 00:05:27,957 INFO Arial Rounded MT Bold already registered with pdfFont().
2025-10-13 00:05:27,957 INFO Arial Unicode MS already registered with pdfFont().
2025-10-13 00:05:27,957 INFO Bodoni 72 Smallcaps already registered with pdfFont().
2025-10-13 00:05:27,957 INFO Bodoni Ornaments already registered with pdfFont().
2025-10-13 00:05:27,957 INFO No regular (non-bold, non-italic) version of Brush Script MT. Skipping setup for this font.
2025-10-13 00:05:27,957 INFO Comic Sans MS already registered with pdfFont().
2025-10-13 00:05:27,957 INFO Courier New already registered with pdfFont().
2025-10-13 00:05:27,957 INFO No regular (non-bold, non-italic) version of DIN Alternate. Skipping setup for this font.
2025-10-13 00:05:27,957 INFO No regular (non-bold, non-italic) version of DIN Condensed. Skipping setup for this font.
2025-10-13 00:05:27,957 INFO Georgia already registered with pdfFont().
2025-10-13 00:05:27,957 INFO Impact already registered with pdfFont().
2025-10-13 00:05:27,957 INFO Khmer Sangam MN already registered with pdfFont().
2025-10-13 00:05:27,957 INFO Lao Sangam MN already registered with pdfFont().
2025-10-13 00:05:27,957 INFO Luminari already registered with pdfFont().
2025-10-13 00:05:27,957 INFO Microsoft Sans Serif already registered with pdfFont().
2025-10-13 00:05:27,957 INFO Noto Sans Adlam already registered with pdfFont().
2025-10-13 00:05:27,957 INFO Noto Sans Avestan already registered with pdfFont().
2025-10-13 00:05:27,957 INFO Noto Sans Bamum already registered with pdfFont().
2025-10-13 00:05:27,957 INFO Noto Sans Bassa Vah already registered with pdfFont().
2025-10-13 00:05:27,957 INFO Noto Sans Batak already registered with pdfFont().
2025-10-13 00:05:27,957 INFO Noto Sans Bhaiksuki already registered with pdfFont().
2025-10-13 00:05:27,957 INFO Noto Sans Brahmi already registered with pdfFont().
2025-10-13 00:05:27,957 INFO Noto Sans Buginese already registered with pdfFont().
2025-10-13 00:05:27,957 INFO Noto Sans Buhid already registered with pdfFont().
2025-10-13 00:05:27,957 INFO Noto Sans Carian already registered with pdfFont().
2025-10-13 00:05:27,957 INFO Noto Sans CaucAlban already registered with pdfFont().
2025-10-13 00:05:27,957 INFO Noto Sans Chakma already registered with pdfFont().
2025-10-13 00:05:27,957 INFO Noto Sans Cham already registered with pdfFont().
2025-10-13 00:05:27,957 INFO Noto Sans Coptic already registered with pdfFont().
2025-10-13 00:05:27,957 INFO Noto Sans Cuneiform already registered with pdfFont().
2025-10-13 00:05:27,957 INFO Noto Sans Cypriot already registered with pdfFont().
2025-10-13 00:05:27,957 INFO Noto Sans Duployan already registered with pdfFont().
2025-10-13 00:05:27,957 INFO Noto Sans EgyptHiero already registered with pdfFont().
2025-10-13 00:05:27,957 INFO Noto Sans Elbasan already registered with pdfFont().
2025-10-13 00:05:27,957 INFO Noto Sans Glagolitic already registered with pdfFont().
2025-10-13 00:05:27,957 INFO Noto Sans Gothic already registered with pdfFont().
2025-10-13 00:05:27,957 INFO Noto Sans HanifiRohg already registered with pdfFont().
2025-10-13 00:05:27,957 INFO Noto Sans Hanunoo already registered with pdfFont().
2025-10-13 00:05:27,957 INFO Noto Sans Hatran already registered with pdfFont().
2025-10-13 00:05:27,957 INFO Noto Sans ImpAramaic already registered with pdfFont().
2025-10-13 00:05:27,958 INFO Noto Sans InsPahlavi already registered with pdfFont().
2025-10-13 00:05:27,958 INFO Noto Sans InsParthi already registered with pdfFont().
2025-10-13 00:05:27,958 INFO Noto Sans Kaithi already registered with pdfFont().
2025-10-13 00:05:27,958 INFO Noto Sans Kayah Li already registered with pdfFont().
2025-10-13 00:05:27,958 INFO Noto Sans Kharoshthi already registered with pdfFont().
2025-10-13 00:05:27,958 INFO Noto Sans Khojki already registered with pdfFont().
2025-10-13 00:05:27,958 INFO Noto Sans Khudawadi already registered with pdfFont().
2025-10-13 00:05:27,958 INFO Noto Sans Lepcha already registered with pdfFont().
2025-10-13 00:05:27,958 INFO Noto Sans Limbu already registered with pdfFont().
2025-10-13 00:05:27,958 INFO Noto Sans Linear A already registered with pdfFont().
2025-10-13 00:05:27,958 INFO Noto Sans Linear B already registered with pdfFont().
2025-10-13 00:05:27,958 INFO Noto Sans Lisu already registered with pdfFont().
2025-10-13 00:05:27,958 INFO Noto Sans Lycian already registered with pdfFont().
2025-10-13 00:05:27,958 INFO Noto Sans Lydian already registered with pdfFont().
2025-10-13 00:05:27,958 INFO Noto Sans Mahajani already registered with pdfFont().
2025-10-13 00:05:27,958 INFO Noto Sans Mandaic already registered with pdfFont().
2025-10-13 00:05:27,958 INFO Noto Sans Manichaean already registered with pdfFont().
2025-10-13 00:05:27,958 INFO Noto Sans Marchen already registered with pdfFont().
2025-10-13 00:05:27,958 INFO Noto Sans MeeteiMayek already registered with pdfFont().
2025-10-13 00:05:27,958 INFO Noto Sans Mende Kikakui already registered with pdfFont().
2025-10-13 00:05:27,958 INFO Noto Sans Meroitic already registered with pdfFont().
2025-10-13 00:05:27,958 INFO Noto Sans Miao already registered with pdfFont().
2025-10-13 00:05:27,958 INFO Noto Sans Modi already registered with pdfFont().
2025-10-13 00:05:27,958 INFO Noto Sans Mongolian already registered with pdfFont().
2025-10-13 00:05:27,958 INFO Noto Sans Mro already registered with pdfFont().
2025-10-13 00:05:27,958 INFO Noto Sans Multani already registered with pdfFont().
2025-10-13 00:05:27,958 INFO Noto Sans Nabataean already registered with pdfFont().
2025-10-13 00:05:27,958 INFO Noto Sans Newa already registered with pdfFont().
2025-10-13 00:05:27,958 INFO Noto Sans NewTaiLue already registered with pdfFont().
2025-10-13 00:05:27,958 INFO Noto Sans NKo already registered with pdfFont().
2025-10-13 00:05:27,958 INFO Noto Sans Ol Chiki already registered with pdfFont().
2025-10-13 00:05:27,958 INFO No regular (non-bold, non-italic) version of Noto Sans Old Italic. Skipping setup for this font.
2025-10-13 00:05:27,958 INFO Noto Sans Old Permic already registered with pdfFont().
2025-10-13 00:05:27,958 INFO Noto Sans Old Turkic already registered with pdfFont().
2025-10-13 00:05:27,958 INFO Noto Sans OldHung already registered with pdfFont().
2025-10-13 00:05:27,958 INFO Noto Sans OldNorArab already registered with pdfFont().
2025-10-13 00:05:27,958 INFO Noto Sans OldPersian already registered with pdfFont().
2025-10-13 00:05:27,958 INFO Noto Sans OldSouArab already registered with pdfFont().
2025-10-13 00:05:27,958 INFO Noto Sans Osage already registered with pdfFont().
2025-10-13 00:05:27,958 INFO Noto Sans Osmanya already registered with pdfFont().
2025-10-13 00:05:27,958 INFO Noto Sans Pahawh Hmong already registered with pdfFont().
2025-10-13 00:05:27,958 INFO Noto Sans Palmyrene already registered with pdfFont().
2025-10-13 00:05:27,958 INFO Noto Sans PauCinHau already registered with pdfFont().
2025-10-13 00:05:27,958 INFO Noto Sans PhagsPa already registered with pdfFont().
2025-10-13 00:05:27,959 INFO Noto Sans Phoenician already registered with pdfFont().
2025-10-13 00:05:27,959 INFO Noto Sans PsaPahlavi already registered with pdfFont().
2025-10-13 00:05:27,959 INFO Noto Sans Rejang already registered with pdfFont().
2025-10-13 00:05:27,959 INFO Noto Sans Samaritan already registered with pdfFont().
2025-10-13 00:05:27,959 INFO Noto Sans Saurashtra already registered with pdfFont().
2025-10-13 00:05:27,959 INFO Noto Sans Sharada already registered with pdfFont().
2025-10-13 00:05:27,959 INFO Noto Sans SoraSomp already registered with pdfFont().
2025-10-13 00:05:27,959 INFO Noto Sans Sundanese already registered with pdfFont().
2025-10-13 00:05:27,959 INFO Noto Sans Syloti Nagri already registered with pdfFont().
2025-10-13 00:05:27,959 INFO Noto Sans Syriac already registered with pdfFont().
2025-10-13 00:05:27,959 INFO Noto Sans Tagalog already registered with pdfFont().
2025-10-13 00:05:27,959 INFO Noto Sans Tagbanwa already registered with pdfFont().
2025-10-13 00:05:27,959 INFO Noto Sans Tai Le already registered with pdfFont().
2025-10-13 00:05:27,959 INFO Noto Sans Tai Tham already registered with pdfFont().
2025-10-13 00:05:27,959 INFO Noto Sans Tai Viet already registered with pdfFont().
2025-10-13 00:05:27,959 INFO Noto Sans Takri already registered with pdfFont().
2025-10-13 00:05:27,959 INFO Noto Sans Thaana already registered with pdfFont().
2025-10-13 00:05:27,959 INFO Noto Sans Tirhuta already registered with pdfFont().
2025-10-13 00:05:27,959 INFO Noto Sans Ugaritic already registered with pdfFont().
2025-10-13 00:05:27,959 INFO Noto Sans Vai already registered with pdfFont().
2025-10-13 00:05:27,959 INFO Noto Sans Wancho already registered with pdfFont().
2025-10-13 00:05:27,959 INFO Noto Sans WarangCiti already registered with pdfFont().
2025-10-13 00:05:27,959 INFO Noto Sans Yi already registered with pdfFont().
2025-10-13 00:05:27,959 INFO Noto Serif Ahom already registered with pdfFont().
2025-10-13 00:05:27,959 INFO Noto Serif Balinese already registered with pdfFont().
2025-10-13 00:05:27,959 INFO Noto Serif Hmong Nyiakeng already registered with pdfFont().
2025-10-13 00:05:27,959 INFO Party LET already registered with pdfFont().
2025-10-13 00:05:27,959 INFO STIX Two Text already registered with pdfFont().
2025-10-13 00:05:27,959 INFO System Font already registered with pdfFont().
2025-10-13 00:05:27,959 INFO Tahoma already registered with pdfFont().
2025-10-13 00:05:27,959 INFO Times New Roman already registered with pdfFont().
2025-10-13 00:05:27,959 INFO Trattatello already registered with pdfFont().
2025-10-13 00:05:27,959 INFO Trebuchet MS already registered with pdfFont().
2025-10-13 00:05:27,959 INFO Verdana already registered with pdfFont().
2025-10-13 00:05:27,959 INFO Webdings already registered with pdfFont().
2025-10-13 00:05:27,959 INFO Wingdings already registered with pdfFont().
2025-10-13 00:05:27,959 INFO Wingdings 2 already registered with pdfFont().
2025-10-13 00:05:27,959 INFO Wingdings 3 already registered with pdfFont().
2025-10-13 00:05:27,963 INFO .Keyboard already registered with postscriptFont().
2025-10-13 00:05:27,963 INFO .New York already registered with postscriptFont().
2025-10-13 00:05:27,963 INFO .SF Arabic already registered with postscriptFont().
2025-10-13 00:05:27,964 INFO .SF Arabic Rounded already registered with postscriptFont().
2025-10-13 00:05:27,964 INFO .SF Armenian already registered with postscriptFont().
2025-10-13 00:05:27,964 INFO .SF Armenian Rounded already registered with postscriptFont().
2025-10-13 00:05:27,964 INFO .SF Camera already registered with postscriptFont().
2025-10-13 00:05:27,964 INFO .SF Compact already registered with postscriptFont().
2025-10-13 00:05:27,964 INFO .SF Compact Rounded already registered with postscriptFont().
2025-10-13 00:05:27,964 INFO .SF Georgian already registered with postscriptFont().
2025-10-13 00:05:27,964 INFO .SF Georgian Rounded already registered with postscriptFont().
2025-10-13 00:05:27,964 INFO .SF Hebrew already registered with postscriptFont().
2025-10-13 00:05:27,964 INFO .SF Hebrew Rounded already registered with postscriptFont().
2025-10-13 00:05:27,964 INFO .SF NS Mono already registered with postscriptFont().
2025-10-13 00:05:27,964 INFO .SF NS Rounded already registered with postscriptFont().
2025-10-13 00:05:27,964 INFO Academy Engraved LET already registered with postscriptFont().
2025-10-13 00:05:27,964 INFO Andale Mono already registered with postscriptFont().
2025-10-13 00:05:27,964 INFO More than one version of regular/bold/italic found for Apple Braille. Skipping setup for this font.
2025-10-13 00:05:27,964 INFO AppleMyungjo already registered with postscriptFont().
2025-10-13 00:05:27,964 INFO Arial already registered with postscriptFont().
2025-10-13 00:05:27,964 INFO Arial Black already registered with postscriptFont().
2025-10-13 00:05:27,964 INFO Arial Narrow already registered with postscriptFont().
2025-10-13 00:05:27,964 INFO Arial Rounded MT Bold already registered with postscriptFont().
2025-10-13 00:05:27,964 INFO Arial Unicode MS already registered with postscriptFont().
2025-10-13 00:05:27,964 INFO Bodoni 72 Smallcaps already registered with postscriptFont().
2025-10-13 00:05:27,964 INFO Bodoni Ornaments already registered with postscriptFont().
2025-10-13 00:05:27,964 INFO No regular (non-bold, non-italic) version of Brush Script MT. Skipping setup for this font.
2025-10-13 00:05:27,964 INFO Comic Sans MS already registered with postscriptFont().
2025-10-13 00:05:27,964 INFO Courier New already registered with postscriptFont().
2025-10-13 00:05:27,964 INFO No regular (non-bold, non-italic) version of DIN Alternate. Skipping setup for this font.
2025-10-13 00:05:27,964 INFO No regular (non-bold, non-italic) version of DIN Condensed. Skipping setup for this font.
2025-10-13 00:05:27,964 INFO Georgia already registered with postscriptFont().
2025-10-13 00:05:27,964 INFO Impact already registered with postscriptFont().
2025-10-13 00:05:27,964 INFO Khmer Sangam MN already registered with postscriptFont().
2025-10-13 00:05:27,964 INFO Lao Sangam MN already registered with postscriptFont().
2025-10-13 00:05:27,964 INFO Luminari already registered with postscriptFont().
2025-10-13 00:05:27,964 INFO Microsoft Sans Serif already registered with postscriptFont().
2025-10-13 00:05:27,964 INFO Noto Sans Adlam already registered with postscriptFont().
2025-10-13 00:05:27,964 INFO Noto Sans Avestan already registered with postscriptFont().
2025-10-13 00:05:27,964 INFO Noto Sans Bamum already registered with postscriptFont().
2025-10-13 00:05:27,964 INFO Noto Sans Bassa Vah already registered with postscriptFont().
2025-10-13 00:05:27,964 INFO Noto Sans Batak already registered with postscriptFont().
2025-10-13 00:05:27,964 INFO Noto Sans Bhaiksuki already registered with postscriptFont().
2025-10-13 00:05:27,964 INFO Noto Sans Brahmi already registered with postscriptFont().
2025-10-13 00:05:27,964 INFO Noto Sans Buginese already registered with postscriptFont().
2025-10-13 00:05:27,964 INFO Noto Sans Buhid already registered with postscriptFont().
2025-10-13 00:05:27,964 INFO Noto Sans Carian already registered with postscriptFont().
2025-10-13 00:05:27,964 INFO Noto Sans CaucAlban already registered with postscriptFont().
2025-10-13 00:05:27,964 INFO Noto Sans Chakma already registered with postscriptFont().
2025-10-13 00:05:27,965 INFO Noto Sans Cham already registered with postscriptFont().
2025-10-13 00:05:27,965 INFO Noto Sans Coptic already registered with postscriptFont().
2025-10-13 00:05:27,965 INFO Noto Sans Cuneiform already registered with postscriptFont().
2025-10-13 00:05:27,965 INFO Noto Sans Cypriot already registered with postscriptFont().
2025-10-13 00:05:27,965 INFO Noto Sans Duployan already registered with postscriptFont().
2025-10-13 00:05:27,965 INFO Noto Sans EgyptHiero already registered with postscriptFont().
2025-10-13 00:05:27,965 INFO Noto Sans Elbasan already registered with postscriptFont().
2025-10-13 00:05:27,965 INFO Noto Sans Glagolitic already registered with postscriptFont().
2025-10-13 00:05:27,965 INFO Noto Sans Gothic already registered with postscriptFont().
2025-10-13 00:05:27,965 INFO Noto Sans HanifiRohg already registered with postscriptFont().
2025-10-13 00:05:27,965 INFO Noto Sans Hanunoo already registered with postscriptFont().
2025-10-13 00:05:27,965 INFO Noto Sans Hatran already registered with postscriptFont().
2025-10-13 00:05:27,965 INFO Noto Sans ImpAramaic already registered with postscriptFont().
2025-10-13 00:05:27,965 INFO Noto Sans InsPahlavi already registered with postscriptFont().
2025-10-13 00:05:27,965 INFO Noto Sans InsParthi already registered with postscriptFont().
2025-10-13 00:05:27,965 INFO Noto Sans Kaithi already registered with postscriptFont().
2025-10-13 00:05:27,965 INFO Noto Sans Kayah Li already registered with postscriptFont().
2025-10-13 00:05:27,965 INFO Noto Sans Kharoshthi already registered with postscriptFont().
2025-10-13 00:05:27,965 INFO Noto Sans Khojki already registered with postscriptFont().
2025-10-13 00:05:27,965 INFO Noto Sans Khudawadi already registered with postscriptFont().
2025-10-13 00:05:27,965 INFO Noto Sans Lepcha already registered with postscriptFont().
2025-10-13 00:05:27,965 INFO Noto Sans Limbu already registered with postscriptFont().
2025-10-13 00:05:27,965 INFO Noto Sans Linear A already registered with postscriptFont().
2025-10-13 00:05:27,965 INFO Noto Sans Linear B already registered with postscriptFont().
2025-10-13 00:05:27,965 INFO Noto Sans Lisu already registered with postscriptFont().
2025-10-13 00:05:27,965 INFO Noto Sans Lycian already registered with postscriptFont().
2025-10-13 00:05:27,965 INFO Noto Sans Lydian already registered with postscriptFont().
2025-10-13 00:05:27,965 INFO Noto Sans Mahajani already registered with postscriptFont().
2025-10-13 00:05:27,965 INFO Noto Sans Mandaic already registered with postscriptFont().
2025-10-13 00:05:27,965 INFO Noto Sans Manichaean already registered with postscriptFont().
2025-10-13 00:05:27,965 INFO Noto Sans Marchen already registered with postscriptFont().
2025-10-13 00:05:27,965 INFO Noto Sans MeeteiMayek already registered with postscriptFont().
2025-10-13 00:05:27,965 INFO Noto Sans Mende Kikakui already registered with postscriptFont().
2025-10-13 00:05:27,965 INFO Noto Sans Meroitic already registered with postscriptFont().
2025-10-13 00:05:27,965 INFO Noto Sans Miao already registered with postscriptFont().
2025-10-13 00:05:27,965 INFO Noto Sans Modi already registered with postscriptFont().
2025-10-13 00:05:27,965 INFO Noto Sans Mongolian already registered with postscriptFont().
2025-10-13 00:05:27,965 INFO Noto Sans Mro already registered with postscriptFont().
2025-10-13 00:05:27,965 INFO Noto Sans Multani already registered with postscriptFont().
2025-10-13 00:05:27,965 INFO Noto Sans Nabataean already registered with postscriptFont().
2025-10-13 00:05:27,965 INFO Noto Sans Newa already registered with postscriptFont().
2025-10-13 00:05:27,966 INFO Noto Sans NewTaiLue already registered with postscriptFont().
2025-10-13 00:05:27,966 INFO Noto Sans NKo already registered with postscriptFont().
2025-10-13 00:05:27,966 INFO Noto Sans Ol Chiki already registered with postscriptFont().
2025-10-13 00:05:27,966 INFO No regular (non-bold, non-italic) version of Noto Sans Old Italic. Skipping setup for this font.
2025-10-13 00:05:27,966 INFO Noto Sans Old Permic already registered with postscriptFont().
2025-10-13 00:05:27,966 INFO Noto Sans Old Turkic already registered with postscriptFont().
2025-10-13 00:05:27,966 INFO Noto Sans OldHung already registered with postscriptFont().
2025-10-13 00:05:27,966 INFO Noto Sans OldNorArab already registered with postscriptFont().
2025-10-13 00:05:27,966 INFO Noto Sans OldPersian already registered with postscriptFont().
2025-10-13 00:05:27,966 INFO Noto Sans OldSouArab already registered with postscriptFont().
2025-10-13 00:05:27,966 INFO Noto Sans Osage already registered with postscriptFont().
2025-10-13 00:05:27,966 INFO Noto Sans Osmanya already registered with postscriptFont().
2025-10-13 00:05:27,966 INFO Noto Sans Pahawh Hmong already registered with postscriptFont().
2025-10-13 00:05:27,966 INFO Noto Sans Palmyrene already registered with postscriptFont().
2025-10-13 00:05:27,966 INFO Noto Sans PauCinHau already registered with postscriptFont().
2025-10-13 00:05:27,966 INFO Noto Sans PhagsPa already registered with postscriptFont().
2025-10-13 00:05:27,966 INFO Noto Sans Phoenician already registered with postscriptFont().
2025-10-13 00:05:27,966 INFO Noto Sans PsaPahlavi already registered with postscriptFont().
2025-10-13 00:05:27,966 INFO Noto Sans Rejang already registered with postscriptFont().
2025-10-13 00:05:27,966 INFO Noto Sans Samaritan already registered with postscriptFont().
2025-10-13 00:05:27,966 INFO Noto Sans Saurashtra already registered with postscriptFont().
2025-10-13 00:05:27,966 INFO Noto Sans Sharada already registered with postscriptFont().
2025-10-13 00:05:27,966 INFO Noto Sans SoraSomp already registered with postscriptFont().
2025-10-13 00:05:27,966 INFO Noto Sans Sundanese already registered with postscriptFont().
2025-10-13 00:05:27,966 INFO Noto Sans Syloti Nagri already registered with postscriptFont().
2025-10-13 00:05:27,966 INFO Noto Sans Syriac already registered with postscriptFont().
2025-10-13 00:05:27,966 INFO Noto Sans Tagalog already registered with postscriptFont().
2025-10-13 00:05:27,966 INFO Noto Sans Tagbanwa already registered with postscriptFont().
2025-10-13 00:05:27,966 INFO Noto Sans Tai Le already registered with postscriptFont().
2025-10-13 00:05:27,966 INFO Noto Sans Tai Tham already registered with postscriptFont().
2025-10-13 00:05:27,966 INFO Noto Sans Tai Viet already registered with postscriptFont().
2025-10-13 00:05:27,966 INFO Noto Sans Takri already registered with postscriptFont().
2025-10-13 00:05:27,966 INFO Noto Sans Thaana already registered with postscriptFont().
2025-10-13 00:05:27,966 INFO Noto Sans Tirhuta already registered with postscriptFont().
2025-10-13 00:05:27,966 INFO Noto Sans Ugaritic already registered with postscriptFont().
2025-10-13 00:05:27,966 INFO Noto Sans Vai already registered with postscriptFont().
2025-10-13 00:05:27,966 INFO Noto Sans Wancho already registered with postscriptFont().
2025-10-13 00:05:27,966 INFO Noto Sans WarangCiti already registered with postscriptFont().
2025-10-13 00:05:27,966 INFO Noto Sans Yi already registered with postscriptFont().
2025-10-13 00:05:27,967 INFO Noto Serif Ahom already registered with postscriptFont().
2025-10-13 00:05:27,967 INFO Noto Serif Balinese already registered with postscriptFont().
2025-10-13 00:05:27,967 INFO Noto Serif Hmong Nyiakeng already registered with postscriptFont().
2025-10-13 00:05:27,967 INFO Party LET already registered with postscriptFont().
2025-10-13 00:05:27,967 INFO STIX Two Text already registered with postscriptFont().
2025-10-13 00:05:27,967 INFO System Font already registered with postscriptFont().
2025-10-13 00:05:27,967 INFO Tahoma already registered with postscriptFont().
2025-10-13 00:05:27,967 INFO Times New Roman already registered with postscriptFont().
2025-10-13 00:05:27,967 INFO Trattatello already registered with postscriptFont().
2025-10-13 00:05:27,967 INFO Trebuchet MS already registered with postscriptFont().
2025-10-13 00:05:27,967 INFO Verdana already registered with postscriptFont().
2025-10-13 00:05:27,967 INFO Webdings already registered with postscriptFont().
2025-10-13 00:05:27,967 INFO Wingdings already registered with postscriptFont().
2025-10-13 00:05:27,967 INFO Wingdings 2 already registered with postscriptFont().
2025-10-13 00:05:27,967 INFO Wingdings 3 already registered with postscriptFont().
2025-10-13 00:05:29,749 INFO tibble [106 × 5] (S3: tbl_df/tbl/data.frame)
2025-10-13 00:05:29,750 INFO  $ factorId    : chr [1:106] "23wCS9JSrBKELJBsD" "ccpEpPPCTN8xJhRgi" "e7aSmMi2BRxXS9naF" "GCk83zJJ9SsLakTQG" ...
2025-10-13 00:05:29,750 INFO  $ name        : chr [1:106] "true" "false" "true" "false" ...
2025-10-13 00:05:29,750 INFO  $ value       : chr [1:106] "true" "false" "true" "false" ...
2025-10-13 00:05:29,750 INFO  $ factorTypeId: chr [1:106] "yaKsaf9dZ4PFdoMmq" "yaKsaf9dZ4PFdoMmq" "grQBWBiMrGHmC7gt3" "grQBWBiMrGHmC7gt3" ...
2025-10-13 00:05:29,751 INFO  $ createdAt   : POSIXct[1:106], format: "2023-03-03 20:10:34" "2023-03-03 20:10:34" ...
2025-10-13 00:05:29,751 INFO tibble [53 × 9] (S3: tbl_df/tbl/data.frame)
2025-10-13 00:05:29,751 INFO  $ factorTypeId: chr [1:53] "SQ8YwZgE7o9HXfLwz" "nckkeNMafK6L7Nzzn" "MCgCiD7rDeJGXNa6c" "HMKzxgogMMFEY4pAk" ...
2025-10-13 00:05:29,751 INFO  $ name        : chr [1:53] "playerCount" "stageDuration" "introDuration" "outroDuration" ...
2025-10-13 00:05:29,751 INFO  $ required    : logi [1:53] TRUE TRUE TRUE TRUE TRUE TRUE ...
2025-10-13 00:05:29,752 INFO  $ description : chr [1:53] "The Number of players participating in the given game." "Determines how long (in seconds) a stage will last (the default length is 120 seconds)." "Determines how long (in seconds) intro steps per task will last (the default length is 120 seconds)." "Determines how long (in seconds) outro steps per task will last (the default length is 120 seconds)." ...
2025-10-13 00:05:29,752 INFO  $ type        : chr [1:53] "Integer" "Number" "Integer" "Integer" ...
2025-10-13 00:05:29,752 INFO  $ min         : num [1:53] 1 1 0 0 NA NA NA NA NA 0 ...
2025-10-13 00:05:29,752 INFO  $ max         : num [1:53] NA 1e+08 1e+08 1e+08 NA NA NA NA NA 1e+01 ...
2025-10-13 00:05:29,753 INFO  $ createdAt   : POSIXct[1:53], format: "2023-03-03 18:28:32" "2023-03-03 20:10:34" ...
2025-10-13 00:05:29,753 INFO  $ archivedAt  : POSIXct[1:53], format: NA NA ...
2025-10-13 00:05:29,753 INFO tibble [73 × 5] (S3: tbl_df/tbl/data.frame)
2025-10-13 00:05:29,753 INFO  $ treatmentId: chr [1:73] "JGAuoqRXYsNtmJQTY" "WDDmFJs6XmemL6TEf" "nme9yDDnXPfJvQmxA" "x5FvKgRqKpCgKm7aZ" ...
2025-10-13 00:05:29,753 INFO  $ name       : chr [1:73] "single" "double" "triple" "six" ...
2025-10-13 00:05:29,754 INFO  $ factorIds  : chr [1:73] "jXr5ZLctJgsTbsi9B,pJmctQkDCvnSBK3Wj,78NBWmXNk3oM2wDiz,RSDZmCux7CeKbQozZ,TBLxkCXgAteXXjLJY,e7aSmMi2BRxXS9naF,23w"| __truncated__ "XBAtfweTe8eHAdhPA,pJmctQkDCvnSBK3Wj,78NBWmXNk3oM2wDiz,RSDZmCux7CeKbQozZ,TBLxkCXgAteXXjLJY,23wCS9JSrBKELJBsD,e7a"| __truncated__ "22zXf9tr6X2bFR954,pJmctQkDCvnSBK3Wj,78NBWmXNk3oM2wDiz,RSDZmCux7CeKbQozZ,TBLxkCXgAteXXjLJY,23wCS9JSrBKELJBsD,e7a"| __truncated__ "vhi8DcLi6JC3Z4AmT,pJmctQkDCvnSBK3Wj,78NBWmXNk3oM2wDiz,RSDZmCux7CeKbQozZ,TBLxkCXgAteXXjLJY,23wCS9JSrBKELJBsD,e7a"| __truncated__ ...
2025-10-13 00:05:29,754 INFO  $ createdAt  : POSIXct[1:73], format: "2023-03-03 20:10:35" "2023-03-03 20:10:35" ...
2025-10-13 00:05:29,754 INFO  $ archivedAt : POSIXct[1:73], format: "2023-04-03 18:32:53" "2023-04-03 18:32:53" ...
2025-10-13 00:05:29,754 INFO No traceback available
2025-10-13 00:05:29,754 INFO Error: Can't show last error because no error was recorded yet
2025-10-13 00:05:29,754 INFO In addition: Warning messages:
2025-10-13 00:05:29,754 INFO 1: In system2(enc2native(ttf2pt1), c(args, shQuote(ttfiles[i]), shQuote(tmpfiles[i])),  :
2025-10-13 00:05:29,754 INFO   running command ''/Library/Frameworks/R.framework/Versions/4.5-arm64/Resources/library/Rttf2pt1/exec//ttf2pt1' -a -GfAe '/System/Library/Fonts/Apple Symbols.ttf' '/var/folders/73/jl9lgbkj511fwjxkl9cvw7q00000gq/T//RtmpiOXP1D/fonts/Apple Symbols' 2>&1' had status 1
2025-10-13 00:05:29,754 INFO 2: In system2(enc2native(ttf2pt1), c(args, shQuote(ttfiles[i]), shQuote(tmpfiles[i])),  :
2025-10-13 00:05:29,754 INFO   running command ''/Library/Frameworks/R.framework/Versions/4.5-arm64/Resources/library/Rttf2pt1/exec//ttf2pt1' -a -GfAe '/System/Library/Fonts/Geneva.ttf' '/var/folders/73/jl9lgbkj511fwjxkl9cvw7q00000gq/T//RtmpiOXP1D/fonts/Geneva' 2>&1' had status 1
2025-10-13 00:05:29,754 INFO 3: In system2(enc2native(ttf2pt1), c(args, shQuote(ttfiles[i]), shQuote(tmpfiles[i])),  :
2025-10-13 00:05:29,754 INFO   running command ''/Library/Frameworks/R.framework/Versions/4.5-arm64/Resources/library/Rttf2pt1/exec//ttf2pt1' -a -GfAe '/System/Library/Fonts/Supplemental/Chalkduster.ttf' '/var/folders/73/jl9lgbkj511fwjxkl9cvw7q00000gq/T//RtmpiOXP1D/fonts/Chalkduster' 2>&1' had status 134
2025-10-13 00:05:29,754 INFO 4: In system2(enc2native(ttf2pt1), c(args, shQuote(ttfiles[i]), shQuote(tmpfiles[i])),  :
2025-10-13 00:05:29,754 INFO   running command ''/Library/Frameworks/R.framework/Versions/4.5-arm64/Resources/library/Rttf2pt1/exec//ttf2pt1' -a -GfAe '/System/Library/Fonts/Supplemental/Chalkduster.ttf' '/var/folders/73/jl9lgbkj511fwjxkl9cvw7q00000gq/T//RtmpiOXP1D/fonts/Chalkduster' 2>&1' had status 134
2025-10-13 00:05:29,754 INFO 5: In system2(enc2native(ttf2pt1), c(args, shQuote(ttfiles[i]), shQuote(tmpfiles[i])),  :
2025-10-13 00:05:29,755 INFO   running command ''/Library/Frameworks/R.framework/Versions/4.5-arm64/Resources/library/Rttf2pt1/exec//ttf2pt1' -a -GfAe '/System/Library/Fonts/Supplemental/Kokonor.ttf' '/var/folders/73/jl9lgbkj511fwjxkl9cvw7q00000gq/T//RtmpiOXP1D/fonts/Kokonor' 2>&1' had status 134
2025-10-13 00:05:29,755 INFO 6: In system2(enc2native(ttf2pt1), c(args, shQuote(ttfiles[i]), shQuote(tmpfiles[i])),  :
2025-10-13 00:05:29,755 INFO   running command ''/Library/Frameworks/R.framework/Versions/4.5-arm64/Resources/library/Rttf2pt1/exec//ttf2pt1' -a -GfAe '/System/Library/Fonts/Supplemental/Kokonor.ttf' '/var/folders/73/jl9lgbkj511fwjxkl9cvw7q00000gq/T//RtmpiOXP1D/fonts/Kokonor' 2>&1' had status 134
2025-10-13 00:05:29,755 INFO 7: In system2(enc2native(ttf2pt1), c(args, shQuote(ttfiles[i]), shQuote(tmpfiles[i])),  :
2025-10-13 00:05:29,755 INFO   running command ''/Library/Frameworks/R.framework/Versions/4.5-arm64/Resources/library/Rttf2pt1/exec//ttf2pt1' -a -GfAe '/System/Library/Fonts/Supplemental/NISC18030.ttf' '/var/folders/73/jl9lgbkj511fwjxkl9cvw7q00000gq/T//RtmpiOXP1D/fonts/NISC18030' 2>&1' had status 1
2025-10-13 00:05:29,755 INFO 8: In system2(enc2native(ttf2pt1), c(args, shQuote(ttfiles[i]), shQuote(tmpfiles[i])),  :
2025-10-13 00:05:29,755 INFO   running command ''/Library/Frameworks/R.framework/Versions/4.5-arm64/Resources/library/Rttf2pt1/exec//ttf2pt1' -a -GfAe '/System/Library/Fonts/Supplemental/NISC18030.ttf' '/var/folders/73/jl9lgbkj511fwjxkl9cvw7q00000gq/T//RtmpiOXP1D/fonts/NISC18030' 2>&1' had status 1
2025-10-13 00:05:29,755 INFO 9: There were 3 warnings in `mutate()`.
2025-10-13 00:05:29,755 INFO The first warning was:
2025-10-13 00:05:29,755 INFO ℹ In argument: `data = purrr::map(...)`.
2025-10-13 00:05:29,755 INFO Caused by warning:
2025-10-13 00:05:29,755 INFO ! One or more parsing issues, call `problems()` on your data frame for details,
2025-10-13 00:05:29,755 INFO e.g.:
2025-10-13 00:05:29,755 INFO   dat <- vroom(...)
2025-10-13 00:05:29,755 INFO   problems(dat)
2025-10-13 00:05:29,755 INFO ℹ Run `dplyr::last_dplyr_warnings()` to see the 2 remaining warnings.
2025-10-13 00:05:29,755 INFO Execution halted
2025-10-13 00:05:29,775 ERROR Error during group_advantage.raw_data_cleaning after 47.216 sec
Traceback (most recent call last):
  File "/Users/xehu/Desktop/task-mapping/analysis/run_master.py", line 414, in time_callable
    res = func()
  File "/Users/xehu/Desktop/task-mapping/analysis/run_master.py", line 552, in <lambda>
    results.append(time_callable('group_advantage.raw_data_cleaning', lambda: run_r_script(r_script_clean)))
                                                                              ~~~~~~~~~~~~^^^^^^^^^^^^^^^^
  File "/Users/xehu/Desktop/task-mapping/analysis/run_master.py", line 355, in run_r_script
    raise RuntimeError(f'R script failed (exit {rc}): {r_path}')
RuntimeError: R script failed (exit 1): /Users/xehu/Desktop/task-mapping/analysis/analysis_group_advantage/raw_data_cleaning.R
