2025-10-13 00:46:07,291 INFO Starting analysis master script
2025-10-13 00:46:07,291 INFO Running group_advantage pipeline
2025-10-13 00:46:07,291 INFO Timing: group_advantage.raw_data_cleaning
2025-10-13 00:46:07,291 INFO Running R script /Users/xehu/Desktop/task-mapping/analysis/analysis_group_advantage/raw_data_cleaning.R
2025-10-13 00:46:07,291 INFO Running command: /usr/local/bin/Rscript -e set.seed(as.integer(Sys.getenv('ANALYSIS_SEED', '19104'))); source('raw_data_cleaning.R') (cwd=/Users/xehu/Desktop/task-mapping/analysis/analysis_group_advantage)
2025-10-13 00:46:07,412 INFO 
2025-10-13 00:46:07,412 INFO Attaching package: ‘pls’
2025-10-13 00:46:07,412 INFO 
2025-10-13 00:46:07,412 INFO The following object is masked from ‘package:stats’:
2025-10-13 00:46:07,412 INFO 
2025-10-13 00:46:07,412 INFO     loadings
2025-10-13 00:46:07,412 INFO 
2025-10-13 00:46:07,417 INFO randomForest 4.7-1.2
2025-10-13 00:46:07,417 INFO Type rfNews() to see new features/changes/bug fixes.
2025-10-13 00:46:07,792 INFO Loading required package: ggplot2
2025-10-13 00:46:07,986 INFO 
2025-10-13 00:46:07,986 INFO Attaching package: ‘ggplot2’
2025-10-13 00:46:07,986 INFO 
2025-10-13 00:46:07,986 INFO The following object is masked from ‘package:randomForest’:
2025-10-13 00:46:07,986 INFO 
2025-10-13 00:46:07,986 INFO     margin
2025-10-13 00:46:07,986 INFO 
2025-10-13 00:46:07,986 INFO Loading required package: lattice
2025-10-13 00:46:08,223 INFO 
2025-10-13 00:46:08,223 INFO Attaching package: ‘caret’
2025-10-13 00:46:08,223 INFO 
2025-10-13 00:46:08,223 INFO The following object is masked from ‘package:pls’:
2025-10-13 00:46:08,223 INFO 
2025-10-13 00:46:08,223 INFO     R2
2025-10-13 00:46:08,223 INFO 
2025-10-13 00:46:08,227 INFO Loading required package: foreach
2025-10-13 00:46:08,230 INFO Loading required package: iterators
2025-10-13 00:46:08,235 INFO Loading required package: parallel
2025-10-13 00:46:08,425 INFO Registering fonts with R
2025-10-13 00:46:08,476 INFO 
2025-10-13 00:46:08,476 INFO Please cite as:
2025-10-13 00:46:08,476 INFO 
2025-10-13 00:46:08,476 INFO  Hlavac, Marek (2022). stargazer: Well-Formatted Regression and Summary Statistics Tables.
2025-10-13 00:46:08,476 INFO  R package version 5.2.3. https://CRAN.R-project.org/package=stargazer
2025-10-13 00:46:08,477 INFO 
2025-10-13 00:46:08,527 INFO ── Attaching core tidyverse packages ──────────────────────── tidyverse 2.0.0 ──
2025-10-13 00:46:08,527 INFO ✔ dplyr     1.1.4     ✔ readr     2.1.5
2025-10-13 00:46:08,527 INFO ✔ forcats   1.0.1     ✔ stringr   1.5.2
2025-10-13 00:46:08,527 INFO ✔ lubridate 1.9.4     ✔ tibble    3.3.0
2025-10-13 00:46:08,527 INFO ✔ purrr     1.1.0     ✔ tidyr     1.3.1
2025-10-13 00:46:08,562 INFO ── Conflicts ────────────────────────────────────────── tidyverse_conflicts() ──
2025-10-13 00:46:08,562 INFO ✖ purrr::accumulate() masks foreach::accumulate()
2025-10-13 00:46:08,562 INFO ✖ dplyr::combine()    masks randomForest::combine()
2025-10-13 00:46:08,562 INFO ✖ dplyr::filter()     masks stats::filter()
2025-10-13 00:46:08,562 INFO ✖ purrr::flatten()    masks jsonlite::flatten()
2025-10-13 00:46:08,562 INFO ✖ dplyr::lag()        masks stats::lag()
2025-10-13 00:46:08,562 INFO ✖ purrr::lift()       masks caret::lift()
2025-10-13 00:46:08,562 INFO ✖ ggplot2::margin()   masks randomForest::margin()
2025-10-13 00:46:08,562 INFO ✖ dplyr::slice()      masks xgboost::slice()
2025-10-13 00:46:08,562 INFO ✖ purrr::when()       masks foreach::when()
2025-10-13 00:46:08,562 INFO ℹ Use the conflicted package (<http://conflicted.r-lib.org/>) to force all conflicts to become errors
2025-10-13 00:46:08,586 INFO Scanning ttf files in /Library/Fonts/, /System/Library/Fonts, /System/Library/Fonts/Supplemental, ~/Library/Fonts/ ...
2025-10-13 00:46:08,587 INFO Extracting .afm files from .ttf files...
2025-10-13 00:46:11,323 INFO /System/Library/Fonts/Supplemental/Arial Unicode.ttf : ArialUnicodeMS already registered in fonts database. Skipping.
2025-10-13 00:46:11,403 INFO /System/Library/Fonts/Apple Braille Outline 6 Dot.ttf : AppleBraille-Outline6Dot already registered in fonts database. Skipping.
2025-10-13 00:46:11,489 INFO /System/Library/Fonts/Apple Braille Outline 8 Dot.ttf : AppleBraille-Outline8Dot already registered in fonts database. Skipping.
2025-10-13 00:46:11,542 INFO /System/Library/Fonts/Apple Braille Pinpoint 6 Dot.ttf : AppleBraille-Pinpoint6Dot already registered in fonts database. Skipping.
2025-10-13 00:46:11,596 INFO /System/Library/Fonts/Apple Braille Pinpoint 8 Dot.ttf : AppleBraille-Pinpoint8Dot already registered in fonts database. Skipping.
2025-10-13 00:46:11,631 INFO /System/Library/Fonts/Apple Braille.ttf : AppleBraille already registered in fonts database. Skipping.
2025-10-13 00:46:11,655 INFO /System/Library/Fonts/Apple Symbols.ttf : No FontName. Skipping.
2025-10-13 00:46:11,676 INFO /System/Library/Fonts/Geneva.ttf : No FontName. Skipping.
2025-10-13 00:46:11,691 INFO /System/Library/Fonts/Keyboard.ttf : -Keyboard already registered in fonts database. Skipping.
2025-10-13 00:46:11,743 INFO /System/Library/Fonts/Monaco.ttf : No FontName. Skipping.
2025-10-13 00:46:11,833 INFO /System/Library/Fonts/NewYork.ttf : -NewYork-Regular already registered in fonts database. Skipping.
2025-10-13 00:46:11,912 INFO /System/Library/Fonts/NewYorkItalic.ttf : -NewYork-RegularItalic already registered in fonts database. Skipping.
2025-10-13 00:46:11,994 INFO /System/Library/Fonts/SFArabic.ttf : -SFArabic-Regular already registered in fonts database. Skipping.
2025-10-13 00:46:12,099 INFO /System/Library/Fonts/SFArabicRounded.ttf : -SFArabicRounded-Regular already registered in fonts database. Skipping.
2025-10-13 00:46:12,112 INFO /System/Library/Fonts/SFArmenian.ttf : -SFArmenian-Regular already registered in fonts database. Skipping.
2025-10-13 00:46:12,127 INFO /System/Library/Fonts/SFArmenianRounded.ttf : -SFArmenianRounded-Regular already registered in fonts database. Skipping.
2025-10-13 00:46:12,143 INFO /System/Library/Fonts/SFCamera.ttf : --SFCamera-Regular already registered in fonts database. Skipping.
2025-10-13 00:46:12,248 INFO /System/Library/Fonts/SFCompact.ttf : -SFCompact-Black already registered in fonts database. Skipping.
2025-10-13 00:46:12,332 INFO /System/Library/Fonts/SFCompactItalic.ttf : -SFCompact-BlackItalic already registered in fonts database. Skipping.
2025-10-13 00:46:12,439 INFO /System/Library/Fonts/SFCompactRounded.ttf : --SFCompactRounded-Regular already registered in fonts database. Skipping.
2025-10-13 00:46:12,455 INFO /System/Library/Fonts/SFGeorgian.ttf : -SFGeorgian-Regular already registered in fonts database. Skipping.
2025-10-13 00:46:12,471 INFO /System/Library/Fonts/SFGeorgianRounded.ttf : -SFGeorgianRounded-Regular already registered in fonts database. Skipping.
2025-10-13 00:46:12,482 INFO /System/Library/Fonts/SFHebrew.ttf : -SFHebrew-Regular already registered in fonts database. Skipping.
2025-10-13 00:46:12,493 INFO /System/Library/Fonts/SFHebrewRounded.ttf : -SFHebrewRounded-Regular already registered in fonts database. Skipping.
2025-10-13 00:46:12,615 INFO /System/Library/Fonts/SFNS.ttf : -SFNS-Regular already registered in fonts database. Skipping.
2025-10-13 00:46:12,700 INFO /System/Library/Fonts/SFNSItalic.ttf : -SFNS-RegularItalic already registered in fonts database. Skipping.
2025-10-13 00:46:12,755 INFO /System/Library/Fonts/SFNSMono.ttf : -SFNSMono-Light already registered in fonts database. Skipping.
2025-10-13 00:46:12,803 INFO /System/Library/Fonts/SFNSMonoItalic.ttf : -SFNSMono-LightItalic already registered in fonts database. Skipping.
2025-10-13 00:46:12,901 INFO /System/Library/Fonts/SFNSRounded.ttf : -SFNSRounded-Regular already registered in fonts database. Skipping.
2025-10-13 00:46:12,958 INFO /System/Library/Fonts/Supplemental/Academy Engraved LET Fonts.ttf : AcademyEngravedLetPlain already registered in fonts database. Skipping.
2025-10-13 00:46:13,017 INFO /System/Library/Fonts/Supplemental/Academy Engraved LET Fonts.ttf : AcademyEngravedLetPlain already registered in fonts database. Skipping.
2025-10-13 00:46:13,034 INFO /System/Library/Fonts/Supplemental/Andale Mono.ttf : AndaleMono already registered in fonts database. Skipping.
2025-10-13 00:46:13,051 INFO /System/Library/Fonts/Supplemental/Andale Mono.ttf : AndaleMono already registered in fonts database. Skipping.
2025-10-13 00:46:13,095 INFO /System/Library/Fonts/Supplemental/Apple Chancery.ttf : No FontName. Skipping.
2025-10-13 00:46:13,139 INFO /System/Library/Fonts/Supplemental/Apple Chancery.ttf : No FontName. Skipping.
2025-10-13 00:46:16,591 INFO /System/Library/Fonts/Supplemental/AppleGothic.ttf : No FontName. Skipping.
2025-10-13 00:46:20,027 INFO /System/Library/Fonts/Supplemental/AppleGothic.ttf : No FontName. Skipping.
2025-10-13 00:46:24,428 INFO /System/Library/Fonts/Supplemental/AppleMyungjo.ttf : AppleMyungjo already registered in fonts database. Skipping.
2025-10-13 00:46:28,707 INFO /System/Library/Fonts/Supplemental/AppleMyungjo.ttf : AppleMyungjo already registered in fonts database. Skipping.
2025-10-13 00:46:28,730 INFO /System/Library/Fonts/Supplemental/Arial Black.ttf : Arial-Black already registered in fonts database. Skipping.
2025-10-13 00:46:28,752 INFO /System/Library/Fonts/Supplemental/Arial Black.ttf : Arial-Black already registered in fonts database. Skipping.
2025-10-13 00:46:28,821 INFO /System/Library/Fonts/Supplemental/Arial Bold Italic.ttf : Arial-BoldItalicMT already registered in fonts database. Skipping.
2025-10-13 00:46:28,892 INFO /System/Library/Fonts/Supplemental/Arial Bold Italic.ttf : Arial-BoldItalicMT already registered in fonts database. Skipping.
2025-10-13 00:46:29,041 INFO /System/Library/Fonts/Supplemental/Arial Bold.ttf : Arial-BoldMT already registered in fonts database. Skipping.
2025-10-13 00:46:29,151 INFO /System/Library/Fonts/Supplemental/Arial Bold.ttf : Arial-BoldMT already registered in fonts database. Skipping.
2025-10-13 00:46:29,230 INFO /System/Library/Fonts/Supplemental/Arial Italic.ttf : Arial-ItalicMT already registered in fonts database. Skipping.
2025-10-13 00:46:29,307 INFO /System/Library/Fonts/Supplemental/Arial Italic.ttf : Arial-ItalicMT already registered in fonts database. Skipping.
2025-10-13 00:46:29,329 INFO /System/Library/Fonts/Supplemental/Arial Narrow Bold Italic.ttf : ArialNarrow-BoldItalic already registered in fonts database. Skipping.
2025-10-13 00:46:29,350 INFO /System/Library/Fonts/Supplemental/Arial Narrow Bold Italic.ttf : ArialNarrow-BoldItalic already registered in fonts database. Skipping.
2025-10-13 00:46:29,372 INFO /System/Library/Fonts/Supplemental/Arial Narrow Bold.ttf : ArialNarrow-Bold already registered in fonts database. Skipping.
2025-10-13 00:46:29,394 INFO /System/Library/Fonts/Supplemental/Arial Narrow Bold.ttf : ArialNarrow-Bold already registered in fonts database. Skipping.
2025-10-13 00:46:29,416 INFO /System/Library/Fonts/Supplemental/Arial Narrow Italic.ttf : ArialNarrow-Italic already registered in fonts database. Skipping.
2025-10-13 00:46:29,438 INFO /System/Library/Fonts/Supplemental/Arial Narrow Italic.ttf : ArialNarrow-Italic already registered in fonts database. Skipping.
2025-10-13 00:46:29,459 INFO /System/Library/Fonts/Supplemental/Arial Narrow.ttf : ArialNarrow already registered in fonts database. Skipping.
2025-10-13 00:46:29,480 INFO /System/Library/Fonts/Supplemental/Arial Narrow.ttf : ArialNarrow already registered in fonts database. Skipping.
2025-10-13 00:46:29,498 INFO /System/Library/Fonts/Supplemental/Arial Rounded Bold.ttf : ArialRoundedMTBold already registered in fonts database. Skipping.
2025-10-13 00:46:29,516 INFO /System/Library/Fonts/Supplemental/Arial Rounded Bold.ttf : ArialRoundedMTBold already registered in fonts database. Skipping.
2025-10-13 00:46:32,140 INFO /System/Library/Fonts/Supplemental/Arial Unicode.ttf : ArialUnicodeMS already registered in fonts database. Skipping.
2025-10-13 00:46:34,852 INFO /System/Library/Fonts/Supplemental/Arial Unicode.ttf : ArialUnicodeMS already registered in fonts database. Skipping.
2025-10-13 00:46:34,970 INFO /System/Library/Fonts/Supplemental/Arial.ttf : ArialMT already registered in fonts database. Skipping.
2025-10-13 00:46:35,088 INFO /System/Library/Fonts/Supplemental/Arial.ttf : ArialMT already registered in fonts database. Skipping.
2025-10-13 00:46:35,125 INFO /System/Library/Fonts/Supplemental/Ayuthaya.ttf : No FontName. Skipping.
2025-10-13 00:46:35,162 INFO /System/Library/Fonts/Supplemental/Ayuthaya.ttf : No FontName. Skipping.
2025-10-13 00:46:35,306 INFO /System/Library/Fonts/Supplemental/BigCaslon.ttf : No FontName. Skipping.
2025-10-13 00:46:35,450 INFO /System/Library/Fonts/Supplemental/BigCaslon.ttf : No FontName. Skipping.
2025-10-13 00:46:35,473 INFO /System/Library/Fonts/Supplemental/Bodoni 72 Smallcaps Book.ttf : BodoniSvtyTwoSCITCTT-Book already registered in fonts database. Skipping.
2025-10-13 00:46:35,495 INFO /System/Library/Fonts/Supplemental/Bodoni 72 Smallcaps Book.ttf : BodoniSvtyTwoSCITCTT-Book already registered in fonts database. Skipping.
2025-10-13 00:46:35,526 INFO /System/Library/Fonts/Supplemental/Bodoni Ornaments.ttf : BodoniOrnamentsITCTT already registered in fonts database. Skipping.
2025-10-13 00:46:35,556 INFO /System/Library/Fonts/Supplemental/Bodoni Ornaments.ttf : BodoniOrnamentsITCTT already registered in fonts database. Skipping.
2025-10-13 00:46:35,846 INFO /System/Library/Fonts/Supplemental/Bradley Hand Bold.ttf : Bradley-Hand-Bold already registered in fonts database. Skipping.
2025-10-13 00:46:36,128 INFO /System/Library/Fonts/Supplemental/Bradley Hand Bold.ttf : Bradley-Hand-Bold already registered in fonts database. Skipping.
2025-10-13 00:46:36,296 INFO /System/Library/Fonts/Supplemental/Brush Script.ttf : BrushScriptMT already registered in fonts database. Skipping.
2025-10-13 00:46:36,459 INFO /System/Library/Fonts/Supplemental/Brush Script.ttf : BrushScriptMT already registered in fonts database. Skipping.
2025-10-13 00:46:36,476 INFO /System/Library/Fonts/Supplemental/Chalkduster.ttfsh: line 1: 33834 Abort trap: 6           '/Library/Frameworks/R.framework/Versions/4.5-arm64/Resources/library/Rttf2pt1/exec//ttf2pt1' -a -GfAe '/System/Library/Fonts/Supplemental/Chalkduster.ttf' '/var/folders/73/jl9lgbkj511fwjxkl9cvw7q00000gq/T//RtmpLeF4m8/fonts/Chalkduster' 2>&1
2025-10-13 00:46:36,477 INFO  : No FontName. Skipping.
2025-10-13 00:46:36,493 INFO /System/Library/Fonts/Supplemental/Chalkduster.ttfsh: line 1: 33836 Abort trap: 6           '/Library/Frameworks/R.framework/Versions/4.5-arm64/Resources/library/Rttf2pt1/exec//ttf2pt1' -a -GfAe '/System/Library/Fonts/Supplemental/Chalkduster.ttf' '/var/folders/73/jl9lgbkj511fwjxkl9cvw7q00000gq/T//RtmpLeF4m8/fonts/Chalkduster' 2>&1
2025-10-13 00:46:36,494 INFO  : No FontName. Skipping.
2025-10-13 00:46:36,554 INFO /System/Library/Fonts/Supplemental/Comic Sans MS Bold.ttf : ComicSansMS-Bold already registered in fonts database. Skipping.
2025-10-13 00:46:36,613 INFO /System/Library/Fonts/Supplemental/Comic Sans MS Bold.ttf : ComicSansMS-Bold already registered in fonts database. Skipping.
2025-10-13 00:46:36,660 INFO /System/Library/Fonts/Supplemental/Comic Sans MS.ttf : ComicSansMS already registered in fonts database. Skipping.
2025-10-13 00:46:36,708 INFO /System/Library/Fonts/Supplemental/Comic Sans MS.ttf : ComicSansMS already registered in fonts database. Skipping.
2025-10-13 00:46:36,813 INFO /System/Library/Fonts/Supplemental/Courier New Bold Italic.ttf : CourierNewPS-BoldItalicMT already registered in fonts database. Skipping.
2025-10-13 00:46:36,917 INFO /System/Library/Fonts/Supplemental/Courier New Bold Italic.ttf : CourierNewPS-BoldItalicMT already registered in fonts database. Skipping.
2025-10-13 00:46:37,037 INFO /System/Library/Fonts/Supplemental/Courier New Bold.ttf : CourierNewPS-BoldMT already registered in fonts database. Skipping.
2025-10-13 00:46:37,158 INFO /System/Library/Fonts/Supplemental/Courier New Bold.ttf : CourierNewPS-BoldMT already registered in fonts database. Skipping.
2025-10-13 00:46:37,255 INFO /System/Library/Fonts/Supplemental/Courier New Italic.ttf : CourierNewPS-ItalicMT already registered in fonts database. Skipping.
2025-10-13 00:46:37,349 INFO /System/Library/Fonts/Supplemental/Courier New Italic.ttf : CourierNewPS-ItalicMT already registered in fonts database. Skipping.
2025-10-13 00:46:37,462 INFO /System/Library/Fonts/Supplemental/Courier New.ttf : CourierNewPSMT already registered in fonts database. Skipping.
2025-10-13 00:46:37,573 INFO /System/Library/Fonts/Supplemental/Courier New.ttf : CourierNewPSMT already registered in fonts database. Skipping.
2025-10-13 00:46:37,630 INFO /System/Library/Fonts/Supplemental/DIN Alternate Bold.ttf : DINAlternate-Bold already registered in fonts database. Skipping.
2025-10-13 00:46:37,687 INFO /System/Library/Fonts/Supplemental/DIN Alternate Bold.ttf : DINAlternate-Bold already registered in fonts database. Skipping.
2025-10-13 00:46:37,754 INFO /System/Library/Fonts/Supplemental/DIN Condensed Bold.ttf : DINCondensed-Bold already registered in fonts database. Skipping.
2025-10-13 00:46:37,822 INFO /System/Library/Fonts/Supplemental/DIN Condensed Bold.ttf : DINCondensed-Bold already registered in fonts database. Skipping.
2025-10-13 00:46:37,981 INFO /System/Library/Fonts/Supplemental/Diwan Thuluth.ttf : No FontName. Skipping.
2025-10-13 00:46:38,137 INFO /System/Library/Fonts/Supplemental/Diwan Thuluth.ttf : No FontName. Skipping.
2025-10-13 00:46:38,251 INFO /System/Library/Fonts/Supplemental/Farisi.ttf : No FontName. Skipping.
2025-10-13 00:46:38,367 INFO /System/Library/Fonts/Supplemental/Farisi.ttf : No FontName. Skipping.
2025-10-13 00:46:38,451 INFO /System/Library/Fonts/Supplemental/Georgia Bold Italic.ttf : Georgia-BoldItalic already registered in fonts database. Skipping.
2025-10-13 00:46:38,536 INFO /System/Library/Fonts/Supplemental/Georgia Bold Italic.ttf : Georgia-BoldItalic already registered in fonts database. Skipping.
2025-10-13 00:46:38,623 INFO /System/Library/Fonts/Supplemental/Georgia Bold.ttf : Georgia-Bold already registered in fonts database. Skipping.
2025-10-13 00:46:38,708 INFO /System/Library/Fonts/Supplemental/Georgia Bold.ttf : Georgia-Bold already registered in fonts database. Skipping.
2025-10-13 00:46:38,789 INFO /System/Library/Fonts/Supplemental/Georgia Italic.ttf : Georgia-Italic already registered in fonts database. Skipping.
2025-10-13 00:46:38,870 INFO /System/Library/Fonts/Supplemental/Georgia Italic.ttf : Georgia-Italic already registered in fonts database. Skipping.
2025-10-13 00:46:38,960 INFO /System/Library/Fonts/Supplemental/Georgia.ttf : Georgia already registered in fonts database. Skipping.
2025-10-13 00:46:39,049 INFO /System/Library/Fonts/Supplemental/Georgia.ttf : Georgia already registered in fonts database. Skipping.
2025-10-13 00:46:39,058 INFO /System/Library/Fonts/Supplemental/Gurmukhi.ttf : No FontName. Skipping.
2025-10-13 00:46:39,068 INFO /System/Library/Fonts/Supplemental/Gurmukhi.ttf : No FontName. Skipping.
2025-10-13 00:46:39,133 INFO /System/Library/Fonts/Supplemental/Herculanum.ttf : No FontName. Skipping.
2025-10-13 00:46:39,198 INFO /System/Library/Fonts/Supplemental/Herculanum.ttf : No FontName. Skipping.
2025-10-13 00:46:39,208 INFO /System/Library/Fonts/Supplemental/Hoefler Text Ornaments.ttf : No FontName. Skipping.
2025-10-13 00:46:39,219 INFO /System/Library/Fonts/Supplemental/Hoefler Text Ornaments.ttf : No FontName. Skipping.
2025-10-13 00:46:39,250 INFO /System/Library/Fonts/Supplemental/Impact.ttf : Impact already registered in fonts database. Skipping.
2025-10-13 00:46:39,280 INFO /System/Library/Fonts/Supplemental/Impact.ttf : Impact already registered in fonts database. Skipping.
2025-10-13 00:46:39,350 INFO /System/Library/Fonts/Supplemental/Khmer Sangam MN.ttf : KhmerSangamMN already registered in fonts database. Skipping.
2025-10-13 00:46:39,420 INFO /System/Library/Fonts/Supplemental/Khmer Sangam MN.ttf : KhmerSangamMN already registered in fonts database. Skipping.
2025-10-13 00:46:39,459 INFO /System/Library/Fonts/Supplemental/Kokonor.ttfsh: line 1: 33920 Abort trap: 6           '/Library/Frameworks/R.framework/Versions/4.5-arm64/Resources/library/Rttf2pt1/exec//ttf2pt1' -a -GfAe '/System/Library/Fonts/Supplemental/Kokonor.ttf' '/var/folders/73/jl9lgbkj511fwjxkl9cvw7q00000gq/T//RtmpLeF4m8/fonts/Kokonor' 2>&1
2025-10-13 00:46:39,459 INFO  : No FontName. Skipping.
2025-10-13 00:46:39,499 INFO /System/Library/Fonts/Supplemental/Kokonor.ttfsh: line 1: 33922 Abort trap: 6           '/Library/Frameworks/R.framework/Versions/4.5-arm64/Resources/library/Rttf2pt1/exec//ttf2pt1' -a -GfAe '/System/Library/Fonts/Supplemental/Kokonor.ttf' '/var/folders/73/jl9lgbkj511fwjxkl9cvw7q00000gq/T//RtmpLeF4m8/fonts/Kokonor' 2>&1
2025-10-13 00:46:39,499 INFO  : No FontName. Skipping.
2025-10-13 00:46:39,520 INFO /System/Library/Fonts/Supplemental/Krungthep.ttf : No FontName. Skipping.
2025-10-13 00:46:39,541 INFO /System/Library/Fonts/Supplemental/Krungthep.ttf : No FontName. Skipping.
2025-10-13 00:46:39,570 INFO /System/Library/Fonts/Supplemental/Lao Sangam MN.ttf : LaoSangamMN already registered in fonts database. Skipping.
2025-10-13 00:46:39,600 INFO /System/Library/Fonts/Supplemental/Lao Sangam MN.ttf : LaoSangamMN already registered in fonts database. Skipping.
2025-10-13 00:46:39,906 INFO /System/Library/Fonts/Supplemental/Luminari.ttf : Luminari-Regular already registered in fonts database. Skipping.
2025-10-13 00:46:40,212 INFO /System/Library/Fonts/Supplemental/Luminari.ttf : Luminari-Regular already registered in fonts database. Skipping.
2025-10-13 00:46:40,279 INFO /System/Library/Fonts/Supplemental/Microsoft Sans Serif.ttf : MicrosoftSansSerif already registered in fonts database. Skipping.
2025-10-13 00:46:40,345 INFO /System/Library/Fonts/Supplemental/Microsoft Sans Serif.ttf : MicrosoftSansSerif already registered in fonts database. Skipping.
2025-10-13 00:46:40,515 INFO /System/Library/Fonts/Supplemental/Mishafi Gold.ttf : No FontName. Skipping.
2025-10-13 00:46:40,683 INFO /System/Library/Fonts/Supplemental/Mishafi Gold.ttf : No FontName. Skipping.
2025-10-13 00:46:41,082 INFO /System/Library/Fonts/Supplemental/Mishafi.ttf : No FontName. Skipping.
2025-10-13 00:46:41,482 INFO /System/Library/Fonts/Supplemental/Mishafi.ttf : No FontName. Skipping.
2025-10-13 00:46:41,486 INFO /System/Library/Fonts/Supplemental/NISC18030.ttf : No FontName. Skipping.
2025-10-13 00:46:41,491 INFO /System/Library/Fonts/Supplemental/NISC18030.ttf : No FontName. Skipping.
2025-10-13 00:46:41,512 INFO /System/Library/Fonts/Supplemental/NotoSansAdlam-Regular.ttf : NotoSansAdlam-Regular already registered in fonts database. Skipping.
2025-10-13 00:46:41,532 INFO /System/Library/Fonts/Supplemental/NotoSansAdlam-Regular.ttf : NotoSansAdlam-Regular already registered in fonts database. Skipping.
2025-10-13 00:46:41,541 INFO /System/Library/Fonts/Supplemental/NotoSansAvestan-Regular.ttf : NotoSansAvestan-Regular already registered in fonts database. Skipping.
2025-10-13 00:46:41,549 INFO /System/Library/Fonts/Supplemental/NotoSansAvestan-Regular.ttf : NotoSansAvestan-Regular already registered in fonts database. Skipping.
2025-10-13 00:46:41,598 INFO /System/Library/Fonts/Supplemental/NotoSansBamum-Regular.ttf : NotoSansBamum-Regular already registered in fonts database. Skipping.
2025-10-13 00:46:41,647 INFO /System/Library/Fonts/Supplemental/NotoSansBamum-Regular.ttf : NotoSansBamum-Regular already registered in fonts database. Skipping.
2025-10-13 00:46:41,729 INFO /System/Library/Fonts/Supplemental/NotoSansBassaVah-Regular.ttf : NotoSansBassaVah-Regular already registered in fonts database. Skipping.
2025-10-13 00:46:41,736 INFO /System/Library/Fonts/Supplemental/NotoSansBassaVah-Regular.ttf : NotoSansBassaVah-Regular already registered in fonts database. Skipping.
2025-10-13 00:46:41,750 INFO /System/Library/Fonts/Supplemental/NotoSansBatak-Regular.ttf : NotoSansBatak-Regular already registered in fonts database. Skipping.
2025-10-13 00:46:41,765 INFO /System/Library/Fonts/Supplemental/NotoSansBatak-Regular.ttf : NotoSansBatak-Regular already registered in fonts database. Skipping.
2025-10-13 00:46:41,873 INFO /System/Library/Fonts/Supplemental/NotoSansBhaiksuki-Regular.ttf : NotoSansBhaiksuki-Regular already registered in fonts database. Skipping.
2025-10-13 00:46:41,982 INFO /System/Library/Fonts/Supplemental/NotoSansBhaiksuki-Regular.ttf : NotoSansBhaiksuki-Regular already registered in fonts database. Skipping.
2025-10-13 00:46:41,995 INFO /System/Library/Fonts/Supplemental/NotoSansBrahmi-Regular.ttf : NotoSansBrahmi-Regular already registered in fonts database. Skipping.
2025-10-13 00:46:42,009 INFO /System/Library/Fonts/Supplemental/NotoSansBrahmi-Regular.ttf : NotoSansBrahmi-Regular already registered in fonts database. Skipping.
2025-10-13 00:46:42,016 INFO /System/Library/Fonts/Supplemental/NotoSansBuginese-Regular.ttf : NotoSansBuginese-Regular already registered in fonts database. Skipping.
2025-10-13 00:46:42,023 INFO /System/Library/Fonts/Supplemental/NotoSansBuginese-Regular.ttf : NotoSansBuginese-Regular already registered in fonts database. Skipping.
2025-10-13 00:46:42,029 INFO /System/Library/Fonts/Supplemental/NotoSansBuhid-Regular.ttf : NotoSansBuhid-Regular already registered in fonts database. Skipping.
2025-10-13 00:46:42,035 INFO /System/Library/Fonts/Supplemental/NotoSansBuhid-Regular.ttf : NotoSansBuhid-Regular already registered in fonts database. Skipping.
2025-10-13 00:46:42,042 INFO /System/Library/Fonts/Supplemental/NotoSansCarian-Regular.ttf : NotoSansCarian-Regular already registered in fonts database. Skipping.
2025-10-13 00:46:42,049 INFO /System/Library/Fonts/Supplemental/NotoSansCarian-Regular.ttf : NotoSansCarian-Regular already registered in fonts database. Skipping.
2025-10-13 00:46:42,060 INFO /System/Library/Fonts/Supplemental/NotoSansCaucasianAlbanian-Regular.ttf : NotoSansCaucasianAlbanian-Regular already registered in fonts database. Skipping.
2025-10-13 00:46:42,071 INFO /System/Library/Fonts/Supplemental/NotoSansCaucasianAlbanian-Regular.ttf : NotoSansCaucasianAlbanian-Regular already registered in fonts database. Skipping.
2025-10-13 00:46:42,088 INFO /System/Library/Fonts/Supplemental/NotoSansChakma-Regular.ttf : NotoSansChakma-Regular already registered in fonts database. Skipping.
2025-10-13 00:46:42,104 INFO /System/Library/Fonts/Supplemental/NotoSansChakma-Regular.ttf : NotoSansChakma-Regular already registered in fonts database. Skipping.
2025-10-13 00:46:42,116 INFO /System/Library/Fonts/Supplemental/NotoSansCham-Regular.ttf : NotoSansCham-Regular already registered in fonts database. Skipping.
2025-10-13 00:46:42,129 INFO /System/Library/Fonts/Supplemental/NotoSansCham-Regular.ttf : NotoSansCham-Regular already registered in fonts database. Skipping.
2025-10-13 00:46:42,140 INFO /System/Library/Fonts/Supplemental/NotoSansCoptic-Regular.ttf : NotoSansCoptic-Regular already registered in fonts database. Skipping.
2025-10-13 00:46:42,152 INFO /System/Library/Fonts/Supplemental/NotoSansCoptic-Regular.ttf : NotoSansCoptic-Regular already registered in fonts database. Skipping.
2025-10-13 00:46:42,425 INFO /System/Library/Fonts/Supplemental/NotoSansCuneiform-Regular.ttf : NotoSansCuneiform-Regular already registered in fonts database. Skipping.
2025-10-13 00:46:42,703 INFO /System/Library/Fonts/Supplemental/NotoSansCuneiform-Regular.ttf : NotoSansCuneiform-Regular already registered in fonts database. Skipping.
2025-10-13 00:46:42,712 INFO /System/Library/Fonts/Supplemental/NotoSansCypriot-Regular.ttf : NotoSansCypriot-Regular already registered in fonts database. Skipping.
2025-10-13 00:46:42,719 INFO /System/Library/Fonts/Supplemental/NotoSansCypriot-Regular.ttf : NotoSansCypriot-Regular already registered in fonts database. Skipping.
2025-10-13 00:46:42,730 INFO /System/Library/Fonts/Supplemental/NotoSansDuployan-Regular.ttf : NotoSansDuployan-Regular already registered in fonts database. Skipping.
2025-10-13 00:46:42,741 INFO /System/Library/Fonts/Supplemental/NotoSansDuployan-Regular.ttf : NotoSansDuployan-Regular already registered in fonts database. Skipping.
2025-10-13 00:46:43,042 INFO /System/Library/Fonts/Supplemental/NotoSansEgyptianHieroglyphs-Regular.ttf : NotoSansEgyptianHieroglyphs-Regular already registered in fonts database. Skipping.
2025-10-13 00:46:43,339 INFO /System/Library/Fonts/Supplemental/NotoSansEgyptianHieroglyphs-Regular.ttf : NotoSansEgyptianHieroglyphs-Regular already registered in fonts database. Skipping.
2025-10-13 00:46:43,347 INFO /System/Library/Fonts/Supplemental/NotoSansElbasan-Regular.ttf : NotoSansElbasan-Regular already registered in fonts database. Skipping.
2025-10-13 00:46:43,355 INFO /System/Library/Fonts/Supplemental/NotoSansElbasan-Regular.ttf : NotoSansElbasan-Regular already registered in fonts database. Skipping.
2025-10-13 00:46:43,366 INFO /System/Library/Fonts/Supplemental/NotoSansGlagolitic-Regular.ttf : NotoSansGlagolitic-Regular already registered in fonts database. Skipping.
2025-10-13 00:46:43,376 INFO /System/Library/Fonts/Supplemental/NotoSansGlagolitic-Regular.ttf : NotoSansGlagolitic-Regular already registered in fonts database. Skipping.
2025-10-13 00:46:43,384 INFO /System/Library/Fonts/Supplemental/NotoSansGothic-Regular.ttf : NotoSansGothic-Regular already registered in fonts database. Skipping.
2025-10-13 00:46:43,392 INFO /System/Library/Fonts/Supplemental/NotoSansGothic-Regular.ttf : NotoSansGothic-Regular already registered in fonts database. Skipping.
2025-10-13 00:46:43,409 INFO /System/Library/Fonts/Supplemental/NotoSansHanifiRohingya-Regular.ttf : NotoSansHanifiRohingya-Regular already registered in fonts database. Skipping.
2025-10-13 00:46:43,423 INFO /System/Library/Fonts/Supplemental/NotoSansHanifiRohingya-Regular.ttf : NotoSansHanifiRohingya-Regular already registered in fonts database. Skipping.
2025-10-13 00:46:43,431 INFO /System/Library/Fonts/Supplemental/NotoSansHanunoo-Regular.ttf : NotoSansHanunoo-Regular already registered in fonts database. Skipping.
2025-10-13 00:46:43,439 INFO /System/Library/Fonts/Supplemental/NotoSansHanunoo-Regular.ttf : NotoSansHanunoo-Regular already registered in fonts database. Skipping.
2025-10-13 00:46:43,446 INFO /System/Library/Fonts/Supplemental/NotoSansHatran-Regular.ttf : NotoSansHatran-Regular already registered in fonts database. Skipping.
2025-10-13 00:46:43,452 INFO /System/Library/Fonts/Supplemental/NotoSansHatran-Regular.ttf : NotoSansHatran-Regular already registered in fonts database. Skipping.
2025-10-13 00:46:43,460 INFO /System/Library/Fonts/Supplemental/NotoSansImperialAramaic-Regular.ttf : NotoSansImperialAramaic-Regular already registered in fonts database. Skipping.
2025-10-13 00:46:43,468 INFO /System/Library/Fonts/Supplemental/NotoSansImperialAramaic-Regular.ttf : NotoSansImperialAramaic-Regular already registered in fonts database. Skipping.
2025-10-13 00:46:43,475 INFO /System/Library/Fonts/Supplemental/NotoSansInscriptionalPahlavi-Regular.ttf : NotoSansInscriptionalPahlavi-Regular already registered in fonts database. Skipping.
2025-10-13 00:46:43,482 INFO /System/Library/Fonts/Supplemental/NotoSansInscriptionalPahlavi-Regular.ttf : NotoSansInscriptionalPahlavi-Regular already registered in fonts database. Skipping.
2025-10-13 00:46:43,490 INFO /System/Library/Fonts/Supplemental/NotoSansInscriptionalParthian-Regular.ttf : NotoSansInscriptionalParthian-Regular already registered in fonts database. Skipping.
2025-10-13 00:46:43,498 INFO /System/Library/Fonts/Supplemental/NotoSansInscriptionalParthian-Regular.ttf : NotoSansInscriptionalParthian-Regular already registered in fonts database. Skipping.
2025-10-13 00:46:43,516 INFO /System/Library/Fonts/Supplemental/NotoSansKaithi-Regular.ttf : NotoSansKaithi-Regular already registered in fonts database. Skipping.
2025-10-13 00:46:43,535 INFO /System/Library/Fonts/Supplemental/NotoSansKaithi-Regular.ttf : NotoSansKaithi-Regular already registered in fonts database. Skipping.
2025-10-13 00:46:43,544 INFO /System/Library/Fonts/Supplemental/NotoSansKayahLi-Regular.ttf : NotoSansKayahLi-Regular already registered in fonts database. Skipping.
2025-10-13 00:46:43,553 INFO /System/Library/Fonts/Supplemental/NotoSansKayahLi-Regular.ttf : NotoSansKayahLi-Regular already registered in fonts database. Skipping.
2025-10-13 00:46:43,564 INFO /System/Library/Fonts/Supplemental/NotoSansKharoshthi-Regular.ttf : NotoSansKharoshthi-Regular already registered in fonts database. Skipping.
2025-10-13 00:46:43,576 INFO /System/Library/Fonts/Supplemental/NotoSansKharoshthi-Regular.ttf : NotoSansKharoshthi-Regular already registered in fonts database. Skipping.
2025-10-13 00:46:43,595 INFO /System/Library/Fonts/Supplemental/NotoSansKhojki-Regular.ttf : NotoSansKhojki-Regular already registered in fonts database. Skipping.
2025-10-13 00:46:43,613 INFO /System/Library/Fonts/Supplemental/NotoSansKhojki-Regular.ttf : NotoSansKhojki-Regular already registered in fonts database. Skipping.
2025-10-13 00:46:43,624 INFO /System/Library/Fonts/Supplemental/NotoSansKhudawadi-Regular.ttf : NotoSansKhudawadi-Regular already registered in fonts database. Skipping.
2025-10-13 00:46:43,635 INFO /System/Library/Fonts/Supplemental/NotoSansKhudawadi-Regular.ttf : NotoSansKhudawadi-Regular already registered in fonts database. Skipping.
2025-10-13 00:46:43,645 INFO /System/Library/Fonts/Supplemental/NotoSansLepcha-Regular.ttf : NotoSansLepcha-Regular already registered in fonts database. Skipping.
2025-10-13 00:46:43,655 INFO /System/Library/Fonts/Supplemental/NotoSansLepcha-Regular.ttf : NotoSansLepcha-Regular already registered in fonts database. Skipping.
2025-10-13 00:46:43,665 INFO /System/Library/Fonts/Supplemental/NotoSansLimbu-Regular.ttf : NotoSansLimbu-Regular already registered in fonts database. Skipping.
2025-10-13 00:46:43,674 INFO /System/Library/Fonts/Supplemental/NotoSansLimbu-Regular.ttf : NotoSansLimbu-Regular already registered in fonts database. Skipping.
2025-10-13 00:46:43,696 INFO /System/Library/Fonts/Supplemental/NotoSansLinearA-Regular.ttf : NotoSansLinearA-Regular already registered in fonts database. Skipping.
2025-10-13 00:46:43,718 INFO /System/Library/Fonts/Supplemental/NotoSansLinearA-Regular.ttf : NotoSansLinearA-Regular already registered in fonts database. Skipping.
2025-10-13 00:46:43,746 INFO /System/Library/Fonts/Supplemental/NotoSansLinearB-Regular.ttf : NotoSansLinearB-Regular already registered in fonts database. Skipping.
2025-10-13 00:46:43,773 INFO /System/Library/Fonts/Supplemental/NotoSansLinearB-Regular.ttf : NotoSansLinearB-Regular already registered in fonts database. Skipping.
2025-10-13 00:46:43,779 INFO /System/Library/Fonts/Supplemental/NotoSansLisu-Regular.ttf : NotoSansLisu-Regular already registered in fonts database. Skipping.
2025-10-13 00:46:43,787 INFO /System/Library/Fonts/Supplemental/NotoSansLisu-Regular.ttf : NotoSansLisu-Regular already registered in fonts database. Skipping.
2025-10-13 00:46:43,794 INFO /System/Library/Fonts/Supplemental/NotoSansLycian-Regular.ttf : NotoSansLycian-Regular already registered in fonts database. Skipping.
2025-10-13 00:46:43,801 INFO /System/Library/Fonts/Supplemental/NotoSansLycian-Regular.ttf : NotoSansLycian-Regular already registered in fonts database. Skipping.
2025-10-13 00:46:43,809 INFO /System/Library/Fonts/Supplemental/NotoSansLydian-Regular.ttf : NotoSansLydian-Regular already registered in fonts database. Skipping.
2025-10-13 00:46:43,816 INFO /System/Library/Fonts/Supplemental/NotoSansLydian-Regular.ttf : NotoSansLydian-Regular already registered in fonts database. Skipping.
2025-10-13 00:46:43,827 INFO /System/Library/Fonts/Supplemental/NotoSansMahajani-Regular.ttf : NotoSansMahajani-Regular already registered in fonts database. Skipping.
2025-10-13 00:46:43,838 INFO /System/Library/Fonts/Supplemental/NotoSansMahajani-Regular.ttf : NotoSansMahajani-Regular already registered in fonts database. Skipping.
2025-10-13 00:46:43,850 INFO /System/Library/Fonts/Supplemental/NotoSansMandaic-Regular.ttf : NotoSansMandaic-Regular already registered in fonts database. Skipping.
2025-10-13 00:46:43,862 INFO /System/Library/Fonts/Supplemental/NotoSansMandaic-Regular.ttf : NotoSansMandaic-Regular already registered in fonts database. Skipping.
2025-10-13 00:46:43,878 INFO /System/Library/Fonts/Supplemental/NotoSansManichaean-Regular.ttf : NotoSansManichaean-Regular already registered in fonts database. Skipping.
2025-10-13 00:46:43,893 INFO /System/Library/Fonts/Supplemental/NotoSansManichaean-Regular.ttf : NotoSansManichaean-Regular already registered in fonts database. Skipping.
2025-10-13 00:46:43,924 INFO /System/Library/Fonts/Supplemental/NotoSansMarchen-Regular.ttf : NotoSansMarchen-Regular already registered in fonts database. Skipping.
2025-10-13 00:46:43,954 INFO /System/Library/Fonts/Supplemental/NotoSansMarchen-Regular.ttf : NotoSansMarchen-Regular already registered in fonts database. Skipping.
2025-10-13 00:46:43,964 INFO /System/Library/Fonts/Supplemental/NotoSansMeeteiMayek-Regular.ttf : NotoSansMeeteiMayek-Regular already registered in fonts database. Skipping.
2025-10-13 00:46:43,974 INFO /System/Library/Fonts/Supplemental/NotoSansMeeteiMayek-Regular.ttf : NotoSansMeeteiMayek-Regular already registered in fonts database. Skipping.
2025-10-13 00:46:43,991 INFO /System/Library/Fonts/Supplemental/NotoSansMendeKikakui-Regular.ttf : NotoSansMendeKikakui-Regular already registered in fonts database. Skipping.
2025-10-13 00:46:44,008 INFO /System/Library/Fonts/Supplemental/NotoSansMendeKikakui-Regular.ttf : NotoSansMendeKikakui-Regular already registered in fonts database. Skipping.
2025-10-13 00:46:44,026 INFO /System/Library/Fonts/Supplemental/NotoSansMeroitic-Regular.ttf : NotoSansMeroitic-Regular already registered in fonts database. Skipping.
2025-10-13 00:46:44,043 INFO /System/Library/Fonts/Supplemental/NotoSansMeroitic-Regular.ttf : NotoSansMeroitic-Regular already registered in fonts database. Skipping.
2025-10-13 00:46:44,057 INFO /System/Library/Fonts/Supplemental/NotoSansMiao-Regular.ttf : NotoSansMiao-Regular already registered in fonts database. Skipping.
2025-10-13 00:46:44,073 INFO /System/Library/Fonts/Supplemental/NotoSansMiao-Regular.ttf : NotoSansMiao-Regular already registered in fonts database. Skipping.
2025-10-13 00:46:44,091 INFO /System/Library/Fonts/Supplemental/NotoSansModi-Regular.ttf : NotoSansModi-Regular already registered in fonts database. Skipping.
2025-10-13 00:46:44,108 INFO /System/Library/Fonts/Supplemental/NotoSansModi-Regular.ttf : NotoSansModi-Regular already registered in fonts database. Skipping.
2025-10-13 00:46:44,170 INFO /System/Library/Fonts/Supplemental/NotoSansMongolian-Regular.ttf : NotoSansMongolian-Regular already registered in fonts database. Skipping.
2025-10-13 00:46:44,231 INFO /System/Library/Fonts/Supplemental/NotoSansMongolian-Regular.ttf : NotoSansMongolian-Regular already registered in fonts database. Skipping.
2025-10-13 00:46:44,238 INFO /System/Library/Fonts/Supplemental/NotoSansMro-Regular.ttf : NotoSansMro-Regular already registered in fonts database. Skipping.
2025-10-13 00:46:44,246 INFO /System/Library/Fonts/Supplemental/NotoSansMro-Regular.ttf : NotoSansMro-Regular already registered in fonts database. Skipping.
2025-10-13 00:46:44,255 INFO /System/Library/Fonts/Supplemental/NotoSansMultani-Regular.ttf : NotoSansMultani-Regular already registered in fonts database. Skipping.
2025-10-13 00:46:44,264 INFO /System/Library/Fonts/Supplemental/NotoSansMultani-Regular.ttf : NotoSansMultani-Regular already registered in fonts database. Skipping.
2025-10-13 00:46:44,273 INFO /System/Library/Fonts/Supplemental/NotoSansNabataean-Regular.ttf : NotoSansNabataean-Regular already registered in fonts database. Skipping.
2025-10-13 00:46:44,282 INFO /System/Library/Fonts/Supplemental/NotoSansNabataean-Regular.ttf : NotoSansNabataean-Regular already registered in fonts database. Skipping.
2025-10-13 00:46:44,318 INFO /System/Library/Fonts/Supplemental/NotoSansNewa-Regular.ttf : NotoSansNewa-Regular already registered in fonts database. Skipping.
2025-10-13 00:46:44,354 INFO /System/Library/Fonts/Supplemental/NotoSansNewa-Regular.ttf : NotoSansNewa-Regular already registered in fonts database. Skipping.
2025-10-13 00:46:44,367 INFO /System/Library/Fonts/Supplemental/NotoSansNewTaiLue-Regular.ttf : NotoSansNewTaiLue-Regular already registered in fonts database. Skipping.
2025-10-13 00:46:44,380 INFO /System/Library/Fonts/Supplemental/NotoSansNewTaiLue-Regular.ttf : NotoSansNewTaiLue-Regular already registered in fonts database. Skipping.
2025-10-13 00:46:44,390 INFO /System/Library/Fonts/Supplemental/NotoSansNKo-Regular.ttf : NotoSansNKo-Regular already registered in fonts database. Skipping.
2025-10-13 00:46:44,401 INFO /System/Library/Fonts/Supplemental/NotoSansNKo-Regular.ttf : NotoSansNKo-Regular already registered in fonts database. Skipping.
2025-10-13 00:46:44,410 INFO /System/Library/Fonts/Supplemental/NotoSansOlChiki-Regular.ttf : NotoSansOlChiki-Regular already registered in fonts database. Skipping.
2025-10-13 00:46:44,420 INFO /System/Library/Fonts/Supplemental/NotoSansOlChiki-Regular.ttf : NotoSansOlChiki-Regular already registered in fonts database. Skipping.
2025-10-13 00:46:44,432 INFO /System/Library/Fonts/Supplemental/NotoSansOldHungarian-Regular.ttf : NotoSansOldHungarian-Regular already registered in fonts database. Skipping.
2025-10-13 00:46:44,442 INFO /System/Library/Fonts/Supplemental/NotoSansOldHungarian-Regular.ttf : NotoSansOldHungarian-Regular already registered in fonts database. Skipping.
2025-10-13 00:46:44,450 INFO /System/Library/Fonts/Supplemental/NotoSansOldItalic-Regular.ttf : NotoSansOldItalic-Regular already registered in fonts database. Skipping.
2025-10-13 00:46:44,458 INFO /System/Library/Fonts/Supplemental/NotoSansOldItalic-Regular.ttf : NotoSansOldItalic-Regular already registered in fonts database. Skipping.
2025-10-13 00:46:44,466 INFO /System/Library/Fonts/Supplemental/NotoSansOldNorthArabian-Regular.ttf : NotoSansOldNorthArabian-Regular already registered in fonts database. Skipping.
2025-10-13 00:46:44,473 INFO /System/Library/Fonts/Supplemental/NotoSansOldNorthArabian-Regular.ttf : NotoSansOldNorthArabian-Regular already registered in fonts database. Skipping.
2025-10-13 00:46:44,481 INFO /System/Library/Fonts/Supplemental/NotoSansOldPermic-Regular.ttf : NotoSansOldPermic-Regular already registered in fonts database. Skipping.
2025-10-13 00:46:44,487 INFO /System/Library/Fonts/Supplemental/NotoSansOldPermic-Regular.ttf : NotoSansOldPermic-Regular already registered in fonts database. Skipping.
2025-10-13 00:46:44,496 INFO /System/Library/Fonts/Supplemental/NotoSansOldPersian-Regular.ttf : NotoSansOldPersian-Regular already registered in fonts database. Skipping.
2025-10-13 00:46:44,505 INFO /System/Library/Fonts/Supplemental/NotoSansOldPersian-Regular.ttf : NotoSansOldPersian-Regular already registered in fonts database. Skipping.
2025-10-13 00:46:44,512 INFO /System/Library/Fonts/Supplemental/NotoSansOldSouthArabian-Regular.ttf : NotoSansOldSouthArabian-Regular already registered in fonts database. Skipping.
2025-10-13 00:46:44,519 INFO /System/Library/Fonts/Supplemental/NotoSansOldSouthArabian-Regular.ttf : NotoSansOldSouthArabian-Regular already registered in fonts database. Skipping.
2025-10-13 00:46:44,526 INFO /System/Library/Fonts/Supplemental/NotoSansOldTurkic-Regular.ttf : NotoSansOldTurkic-Regular already registered in fonts database. Skipping.
2025-10-13 00:46:44,533 INFO /System/Library/Fonts/Supplemental/NotoSansOldTurkic-Regular.ttf : NotoSansOldTurkic-Regular already registered in fonts database. Skipping.
2025-10-13 00:46:44,542 INFO /System/Library/Fonts/Supplemental/NotoSansOsage-Regular.ttf : NotoSansOsage-Regular already registered in fonts database. Skipping.
2025-10-13 00:46:44,551 INFO /System/Library/Fonts/Supplemental/NotoSansOsage-Regular.ttf : NotoSansOsage-Regular already registered in fonts database. Skipping.
2025-10-13 00:46:44,559 INFO /System/Library/Fonts/Supplemental/NotoSansOsmanya-Regular.ttf : NotoSansOsmanya-Regular already registered in fonts database. Skipping.
2025-10-13 00:46:44,568 INFO /System/Library/Fonts/Supplemental/NotoSansOsmanya-Regular.ttf : NotoSansOsmanya-Regular already registered in fonts database. Skipping.
2025-10-13 00:46:44,578 INFO /System/Library/Fonts/Supplemental/NotoSansPahawhHmong-Regular.ttf : NotoSansPahawhHmong-Regular already registered in fonts database. Skipping.
2025-10-13 00:46:44,588 INFO /System/Library/Fonts/Supplemental/NotoSansPahawhHmong-Regular.ttf : NotoSansPahawhHmong-Regular already registered in fonts database. Skipping.
2025-10-13 00:46:44,600 INFO /System/Library/Fonts/Supplemental/NotoSansPalmyrene-Regular.ttf : NotoSansPalmyrene-Regular already registered in fonts database. Skipping.
2025-10-13 00:46:44,613 INFO /System/Library/Fonts/Supplemental/NotoSansPalmyrene-Regular.ttf : NotoSansPalmyrene-Regular already registered in fonts database. Skipping.
2025-10-13 00:46:44,620 INFO /System/Library/Fonts/Supplemental/NotoSansPauCinHau-Regular.ttf : NotoSansPauCinHau-Regular already registered in fonts database. Skipping.
2025-10-13 00:46:44,628 INFO /System/Library/Fonts/Supplemental/NotoSansPauCinHau-Regular.ttf : NotoSansPauCinHau-Regular already registered in fonts database. Skipping.
2025-10-13 00:46:44,642 INFO /System/Library/Fonts/Supplemental/NotoSansPhagsPa-Regular.ttf : NotoSansPhagsPa-Regular already registered in fonts database. Skipping.
2025-10-13 00:46:44,655 INFO /System/Library/Fonts/Supplemental/NotoSansPhagsPa-Regular.ttf : NotoSansPhagsPa-Regular already registered in fonts database. Skipping.
2025-10-13 00:46:44,663 INFO /System/Library/Fonts/Supplemental/NotoSansPhoenician-Regular.ttf : NotoSansPhoenician-Regular already registered in fonts database. Skipping.
2025-10-13 00:46:44,672 INFO /System/Library/Fonts/Supplemental/NotoSansPhoenician-Regular.ttf : NotoSansPhoenician-Regular already registered in fonts database. Skipping.
2025-10-13 00:46:44,684 INFO /System/Library/Fonts/Supplemental/NotoSansPsalterPahlavi-Regular.ttf : NotoSansPsalterPahlavi-Regular already registered in fonts database. Skipping.
2025-10-13 00:46:44,696 INFO /System/Library/Fonts/Supplemental/NotoSansPsalterPahlavi-Regular.ttf : NotoSansPsalterPahlavi-Regular already registered in fonts database. Skipping.
2025-10-13 00:46:44,704 INFO /System/Library/Fonts/Supplemental/NotoSansRejang-Regular.ttf : NotoSansRejang-Regular already registered in fonts database. Skipping.
2025-10-13 00:46:44,710 INFO /System/Library/Fonts/Supplemental/NotoSansRejang-Regular.ttf : NotoSansRejang-Regular already registered in fonts database. Skipping.
2025-10-13 00:46:44,719 INFO /System/Library/Fonts/Supplemental/NotoSansSamaritan-Regular.ttf : NotoSansSamaritan-Regular already registered in fonts database. Skipping.
2025-10-13 00:46:44,728 INFO /System/Library/Fonts/Supplemental/NotoSansSamaritan-Regular.ttf : NotoSansSamaritan-Regular already registered in fonts database. Skipping.
2025-10-13 00:46:44,738 INFO /System/Library/Fonts/Supplemental/NotoSansSaurashtra-Regular.ttf : NotoSansSaurashtra-Regular already registered in fonts database. Skipping.
2025-10-13 00:46:44,748 INFO /System/Library/Fonts/Supplemental/NotoSansSaurashtra-Regular.ttf : NotoSansSaurashtra-Regular already registered in fonts database. Skipping.
2025-10-13 00:46:44,763 INFO /System/Library/Fonts/Supplemental/NotoSansSharada-Regular.ttf : NotoSansSharada-Regular already registered in fonts database. Skipping.
2025-10-13 00:46:44,778 INFO /System/Library/Fonts/Supplemental/NotoSansSharada-Regular.ttf : NotoSansSharada-Regular already registered in fonts database. Skipping.
2025-10-13 00:46:44,786 INFO /System/Library/Fonts/Supplemental/NotoSansSoraSompeng-Regular.ttf : NotoSansSoraSompeng-Regular already registered in fonts database. Skipping.
2025-10-13 00:46:44,793 INFO /System/Library/Fonts/Supplemental/NotoSansSoraSompeng-Regular.ttf : NotoSansSoraSompeng-Regular already registered in fonts database. Skipping.
2025-10-13 00:46:44,801 INFO /System/Library/Fonts/Supplemental/NotoSansSundanese-Regular.ttf : NotoSansSundanese-Regular already registered in fonts database. Skipping.
2025-10-13 00:46:44,809 INFO /System/Library/Fonts/Supplemental/NotoSansSundanese-Regular.ttf : NotoSansSundanese-Regular already registered in fonts database. Skipping.
2025-10-13 00:46:44,818 INFO /System/Library/Fonts/Supplemental/NotoSansSylotiNagri-Regular.ttf : NotoSansSylotiNagri-Regular already registered in fonts database. Skipping.
2025-10-13 00:46:44,827 INFO /System/Library/Fonts/Supplemental/NotoSansSylotiNagri-Regular.ttf : NotoSansSylotiNagri-Regular already registered in fonts database. Skipping.
2025-10-13 00:46:44,846 INFO /System/Library/Fonts/Supplemental/NotoSansSyriac-Regular.ttf : NotoSansSyriac-Regular already registered in fonts database. Skipping.
2025-10-13 00:46:44,865 INFO /System/Library/Fonts/Supplemental/NotoSansSyriac-Regular.ttf : NotoSansSyriac-Regular already registered in fonts database. Skipping.
2025-10-13 00:46:44,873 INFO /System/Library/Fonts/Supplemental/NotoSansTagalog-Regular.ttf : NotoSansTagalog-Regular already registered in fonts database. Skipping.
2025-10-13 00:46:44,880 INFO /System/Library/Fonts/Supplemental/NotoSansTagalog-Regular.ttf : NotoSansTagalog-Regular already registered in fonts database. Skipping.
2025-10-13 00:46:44,888 INFO /System/Library/Fonts/Supplemental/NotoSansTagbanwa-Regular.ttf : NotoSansTagbanwa-Regular already registered in fonts database. Skipping.
2025-10-13 00:46:44,895 INFO /System/Library/Fonts/Supplemental/NotoSansTagbanwa-Regular.ttf : NotoSansTagbanwa-Regular already registered in fonts database. Skipping.
2025-10-13 00:46:44,906 INFO /System/Library/Fonts/Supplemental/NotoSansTaiLe-Regular.ttf : NotoSansTaiLe-Regular already registered in fonts database. Skipping.
2025-10-13 00:46:44,917 INFO /System/Library/Fonts/Supplemental/NotoSansTaiLe-Regular.ttf : NotoSansTaiLe-Regular already registered in fonts database. Skipping.
2025-10-13 00:46:44,935 INFO /System/Library/Fonts/Supplemental/NotoSansTaiTham-Regular.ttf : NotoSansTaiTham already registered in fonts database. Skipping.
2025-10-13 00:46:44,954 INFO /System/Library/Fonts/Supplemental/NotoSansTaiTham-Regular.ttf : NotoSansTaiTham already registered in fonts database. Skipping.
2025-10-13 00:46:44,967 INFO /System/Library/Fonts/Supplemental/NotoSansTaiViet-Regular.ttf : NotoSansTaiViet-Regular already registered in fonts database. Skipping.
2025-10-13 00:46:44,980 INFO /System/Library/Fonts/Supplemental/NotoSansTaiViet-Regular.ttf : NotoSansTaiViet-Regular already registered in fonts database. Skipping.
2025-10-13 00:46:44,990 INFO /System/Library/Fonts/Supplemental/NotoSansTakri-Regular.ttf : NotoSansTakri-Regular already registered in fonts database. Skipping.
2025-10-13 00:46:45,000 INFO /System/Library/Fonts/Supplemental/NotoSansTakri-Regular.ttf : NotoSansTakri-Regular already registered in fonts database. Skipping.
2025-10-13 00:46:45,013 INFO /System/Library/Fonts/Supplemental/NotoSansThaana-Regular.ttf : NotoSansThaana-Regular already registered in fonts database. Skipping.
2025-10-13 00:46:45,026 INFO /System/Library/Fonts/Supplemental/NotoSansThaana-Regular.ttf : NotoSansThaana-Regular already registered in fonts database. Skipping.
2025-10-13 00:46:45,045 INFO /System/Library/Fonts/Supplemental/NotoSansTirhuta-Regular.ttf : NotoSansTirhuta-Regular already registered in fonts database. Skipping.
2025-10-13 00:46:45,064 INFO /System/Library/Fonts/Supplemental/NotoSansTirhuta-Regular.ttf : NotoSansTirhuta-Regular already registered in fonts database. Skipping.
2025-10-13 00:46:45,072 INFO /System/Library/Fonts/Supplemental/NotoSansUgaritic-Regular.ttf : NotoSansUgaritic-Regular already registered in fonts database. Skipping.
2025-10-13 00:46:45,080 INFO /System/Library/Fonts/Supplemental/NotoSansUgaritic-Regular.ttf : NotoSansUgaritic-Regular already registered in fonts database. Skipping.
2025-10-13 00:46:45,101 INFO /System/Library/Fonts/Supplemental/NotoSansVai-Regular.ttf : NotoSansVai-Regular already registered in fonts database. Skipping.
2025-10-13 00:46:45,122 INFO /System/Library/Fonts/Supplemental/NotoSansVai-Regular.ttf : NotoSansVai-Regular already registered in fonts database. Skipping.
2025-10-13 00:46:45,132 INFO /System/Library/Fonts/Supplemental/NotoSansWancho-Regular.ttf : NotoSansWancho-Regular already registered in fonts database. Skipping.
2025-10-13 00:46:45,141 INFO /System/Library/Fonts/Supplemental/NotoSansWancho-Regular.ttf : NotoSansWancho-Regular already registered in fonts database. Skipping.
2025-10-13 00:46:45,152 INFO /System/Library/Fonts/Supplemental/NotoSansWarangCiti-Regular.ttf : NotoSansWarangCiti-Regular already registered in fonts database. Skipping.
2025-10-13 00:46:45,162 INFO /System/Library/Fonts/Supplemental/NotoSansWarangCiti-Regular.ttf : NotoSansWarangCiti-Regular already registered in fonts database. Skipping.
2025-10-13 00:46:45,218 INFO /System/Library/Fonts/Supplemental/NotoSansYi-Regular.ttf : NotoSansYi-Regular already registered in fonts database. Skipping.
2025-10-13 00:46:45,273 INFO /System/Library/Fonts/Supplemental/NotoSansYi-Regular.ttf : NotoSansYi-Regular already registered in fonts database. Skipping.
2025-10-13 00:46:45,286 INFO /System/Library/Fonts/Supplemental/NotoSerifAhom-Regular.ttf : NotoSerifAhom-Regular already registered in fonts database. Skipping.
2025-10-13 00:46:45,299 INFO /System/Library/Fonts/Supplemental/NotoSerifAhom-Regular.ttf : NotoSerifAhom-Regular already registered in fonts database. Skipping.
2025-10-13 00:46:45,328 INFO /System/Library/Fonts/Supplemental/NotoSerifBalinese-Regular.ttf : NotoSerifBalinese-Regular already registered in fonts database. Skipping.
2025-10-13 00:46:45,356 INFO /System/Library/Fonts/Supplemental/NotoSerifBalinese-Regular.ttf : NotoSerifBalinese-Regular already registered in fonts database. Skipping.
2025-10-13 00:46:45,364 INFO /System/Library/Fonts/Supplemental/NotoSerifNyiakengPuachueHmong-Regular.ttf : NotoSerifHmongNyiakeng-Regular already registered in fonts database. Skipping.
2025-10-13 00:46:45,373 INFO /System/Library/Fonts/Supplemental/NotoSerifNyiakengPuachueHmong-Regular.ttf : NotoSerifHmongNyiakeng-Regular already registered in fonts database. Skipping.
2025-10-13 00:46:45,475 INFO /System/Library/Fonts/Supplemental/PartyLET-plain.ttf : PartyLetPlain already registered in fonts database. Skipping.
2025-10-13 00:46:45,576 INFO /System/Library/Fonts/Supplemental/PartyLET-plain.ttf : PartyLetPlain already registered in fonts database. Skipping.
2025-10-13 00:46:45,617 INFO /System/Library/Fonts/Supplemental/PlantagenetCherokee.ttf : No FontName. Skipping.
2025-10-13 00:46:45,659 INFO /System/Library/Fonts/Supplemental/PlantagenetCherokee.ttf : No FontName. Skipping.
2025-10-13 00:46:45,699 INFO /System/Library/Fonts/Supplemental/Sathu.ttf : No FontName. Skipping.
2025-10-13 00:46:45,739 INFO /System/Library/Fonts/Supplemental/Sathu.ttf : No FontName. Skipping.
2025-10-13 00:46:45,763 INFO /System/Library/Fonts/Supplemental/Silom.ttf : No FontName. Skipping.
2025-10-13 00:46:45,788 INFO /System/Library/Fonts/Supplemental/Silom.ttf : No FontName. Skipping.
2025-10-13 00:46:45,816 INFO /System/Library/Fonts/Supplemental/Skia.ttf : No FontName. Skipping.
2025-10-13 00:46:45,844 INFO /System/Library/Fonts/Supplemental/Skia.ttf : No FontName. Skipping.
2025-10-13 00:46:45,979 INFO /System/Library/Fonts/Supplemental/STIXTwoText-Italic.ttf : STIXTwoText-Italic already registered in fonts database. Skipping.
2025-10-13 00:46:46,118 INFO /System/Library/Fonts/Supplemental/STIXTwoText-Italic.ttf : STIXTwoText-Italic already registered in fonts database. Skipping.
2025-10-13 00:46:46,244 INFO /System/Library/Fonts/Supplemental/STIXTwoText.ttf : STIXTwoText already registered in fonts database. Skipping.
2025-10-13 00:46:46,365 INFO /System/Library/Fonts/Supplemental/STIXTwoText.ttf : STIXTwoText already registered in fonts database. Skipping.
2025-10-13 00:46:46,460 INFO /System/Library/Fonts/Supplemental/Tahoma Bold.ttf : Tahoma-Bold already registered in fonts database. Skipping.
2025-10-13 00:46:46,554 INFO /System/Library/Fonts/Supplemental/Tahoma Bold.ttf : Tahoma-Bold already registered in fonts database. Skipping.
2025-10-13 00:46:46,654 INFO /System/Library/Fonts/Supplemental/Tahoma.ttf : Tahoma already registered in fonts database. Skipping.
2025-10-13 00:46:46,757 INFO /System/Library/Fonts/Supplemental/Tahoma.ttf : Tahoma already registered in fonts database. Skipping.
2025-10-13 00:46:46,860 INFO /System/Library/Fonts/Supplemental/Times New Roman Bold Italic.ttf : TimesNewRomanPS-BoldItalicMT already registered in fonts database. Skipping.
2025-10-13 00:46:46,962 INFO /System/Library/Fonts/Supplemental/Times New Roman Bold Italic.ttf : TimesNewRomanPS-BoldItalicMT already registered in fonts database. Skipping.
2025-10-13 00:46:47,110 INFO /System/Library/Fonts/Supplemental/Times New Roman Bold.ttf : TimesNewRomanPS-BoldMT already registered in fonts database. Skipping.
2025-10-13 00:46:47,317 INFO /System/Library/Fonts/Supplemental/Times New Roman Bold.ttf : TimesNewRomanPS-BoldMT already registered in fonts database. Skipping.
2025-10-13 00:46:47,427 INFO /System/Library/Fonts/Supplemental/Times New Roman Italic.ttf : TimesNewRomanPS-ItalicMT already registered in fonts database. Skipping.
2025-10-13 00:46:47,587 INFO /System/Library/Fonts/Supplemental/Times New Roman Italic.ttf : TimesNewRomanPS-ItalicMT already registered in fonts database. Skipping.
2025-10-13 00:46:47,748 INFO /System/Library/Fonts/Supplemental/Times New Roman.ttf : TimesNewRomanPSMT already registered in fonts database. Skipping.
2025-10-13 00:46:47,919 INFO /System/Library/Fonts/Supplemental/Times New Roman.ttf : TimesNewRomanPSMT already registered in fonts database. Skipping.
2025-10-13 00:46:49,863 INFO /System/Library/Fonts/Supplemental/Trattatello.ttf : Trattatello already registered in fonts database. Skipping.
2025-10-13 00:46:51,746 INFO /System/Library/Fonts/Supplemental/Trattatello.ttf : Trattatello already registered in fonts database. Skipping.
2025-10-13 00:46:51,762 INFO /System/Library/Fonts/Supplemental/Trebuchet MS Bold Italic.ttf : Trebuchet-BoldItalic already registered in fonts database. Skipping.
2025-10-13 00:46:51,777 INFO /System/Library/Fonts/Supplemental/Trebuchet MS Bold Italic.ttf : Trebuchet-BoldItalic already registered in fonts database. Skipping.
2025-10-13 00:46:51,792 INFO /System/Library/Fonts/Supplemental/Trebuchet MS Bold.ttf : TrebuchetMS-Bold already registered in fonts database. Skipping.
2025-10-13 00:46:51,807 INFO /System/Library/Fonts/Supplemental/Trebuchet MS Bold.ttf : TrebuchetMS-Bold already registered in fonts database. Skipping.
2025-10-13 00:46:51,822 INFO /System/Library/Fonts/Supplemental/Trebuchet MS Italic.ttf : TrebuchetMS-Italic already registered in fonts database. Skipping.
2025-10-13 00:46:51,837 INFO /System/Library/Fonts/Supplemental/Trebuchet MS Italic.ttf : TrebuchetMS-Italic already registered in fonts database. Skipping.
2025-10-13 00:46:51,852 INFO /System/Library/Fonts/Supplemental/Trebuchet MS.ttf : TrebuchetMS already registered in fonts database. Skipping.
2025-10-13 00:46:51,867 INFO /System/Library/Fonts/Supplemental/Trebuchet MS.ttf : TrebuchetMS already registered in fonts database. Skipping.
2025-10-13 00:46:51,888 INFO /System/Library/Fonts/Supplemental/Verdana Bold Italic.ttf : Verdana-BoldItalic already registered in fonts database. Skipping.
2025-10-13 00:46:51,910 INFO /System/Library/Fonts/Supplemental/Verdana Bold Italic.ttf : Verdana-BoldItalic already registered in fonts database. Skipping.
2025-10-13 00:46:51,933 INFO /System/Library/Fonts/Supplemental/Verdana Bold.ttf : Verdana-Bold already registered in fonts database. Skipping.
2025-10-13 00:46:51,956 INFO /System/Library/Fonts/Supplemental/Verdana Bold.ttf : Verdana-Bold already registered in fonts database. Skipping.
2025-10-13 00:46:51,979 INFO /System/Library/Fonts/Supplemental/Verdana Italic.ttf : Verdana-Italic already registered in fonts database. Skipping.
2025-10-13 00:46:52,002 INFO /System/Library/Fonts/Supplemental/Verdana Italic.ttf : Verdana-Italic already registered in fonts database. Skipping.
2025-10-13 00:46:52,027 INFO /System/Library/Fonts/Supplemental/Verdana.ttf : Verdana already registered in fonts database. Skipping.
2025-10-13 00:46:52,050 INFO /System/Library/Fonts/Supplemental/Verdana.ttf : Verdana already registered in fonts database. Skipping.
2025-10-13 00:46:52,079 INFO /System/Library/Fonts/Supplemental/Webdings.ttf : Webdings already registered in fonts database. Skipping.
2025-10-13 00:46:52,108 INFO /System/Library/Fonts/Supplemental/Webdings.ttf : Webdings already registered in fonts database. Skipping.
2025-10-13 00:46:52,119 INFO /System/Library/Fonts/Supplemental/Wingdings 2.ttf : Wingdings2 already registered in fonts database. Skipping.
2025-10-13 00:46:52,131 INFO /System/Library/Fonts/Supplemental/Wingdings 2.ttf : Wingdings2 already registered in fonts database. Skipping.
2025-10-13 00:46:52,139 INFO /System/Library/Fonts/Supplemental/Wingdings 3.ttf : Wingdings3 already registered in fonts database. Skipping.
2025-10-13 00:46:52,146 INFO /System/Library/Fonts/Supplemental/Wingdings 3.ttf : Wingdings3 already registered in fonts database. Skipping.
2025-10-13 00:46:52,158 INFO /System/Library/Fonts/Supplemental/Wingdings.ttf : Wingdings-Regular already registered in fonts database. Skipping.
2025-10-13 00:46:52,172 INFO /System/Library/Fonts/Supplemental/Wingdings.ttf : Wingdings-Regular already registered in fonts database. Skipping.
2025-10-13 00:46:52,553 INFO /System/Library/Fonts/Supplemental/Zapfino.ttf : No FontName. Skipping.
2025-10-13 00:46:52,934 INFO /System/Library/Fonts/Supplemental/Zapfino.ttf : No FontName. Skipping.
2025-10-13 00:46:52,943 INFO /System/Library/Fonts/Symbol.ttf : No FontName. Skipping.
2025-10-13 00:46:52,955 INFO /System/Library/Fonts/ZapfDingbats.ttf : No FontName. Skipping.
2025-10-13 00:46:52,955 INFO Found FontName for 0 fonts.
2025-10-13 00:46:52,955 INFO Scanning afm files in /Library/Frameworks/R.framework/Versions/4.5-arm64/Resources/library/extrafontdb/metrics
2025-10-13 00:46:53,048 INFO .Keyboard already registered with pdfFont().
2025-10-13 00:46:53,048 INFO .New York already registered with pdfFont().
2025-10-13 00:46:53,048 INFO .SF Arabic already registered with pdfFont().
2025-10-13 00:46:53,048 INFO .SF Arabic Rounded already registered with pdfFont().
2025-10-13 00:46:53,048 INFO .SF Armenian already registered with pdfFont().
2025-10-13 00:46:53,048 INFO .SF Armenian Rounded already registered with pdfFont().
2025-10-13 00:46:53,048 INFO .SF Camera already registered with pdfFont().
2025-10-13 00:46:53,048 INFO .SF Compact already registered with pdfFont().
2025-10-13 00:46:53,048 INFO .SF Compact Rounded already registered with pdfFont().
2025-10-13 00:46:53,048 INFO .SF Georgian already registered with pdfFont().
2025-10-13 00:46:53,048 INFO .SF Georgian Rounded already registered with pdfFont().
2025-10-13 00:46:53,048 INFO .SF Hebrew already registered with pdfFont().
2025-10-13 00:46:53,048 INFO .SF Hebrew Rounded already registered with pdfFont().
2025-10-13 00:46:53,048 INFO .SF NS Mono already registered with pdfFont().
2025-10-13 00:46:53,048 INFO .SF NS Rounded already registered with pdfFont().
2025-10-13 00:46:53,048 INFO Academy Engraved LET already registered with pdfFont().
2025-10-13 00:46:53,048 INFO Andale Mono already registered with pdfFont().
2025-10-13 00:46:53,048 INFO More than one version of regular/bold/italic found for Apple Braille. Skipping setup for this font.
2025-10-13 00:46:53,048 INFO AppleMyungjo already registered with pdfFont().
2025-10-13 00:46:53,048 INFO Arial already registered with pdfFont().
2025-10-13 00:46:53,048 INFO Arial Black already registered with pdfFont().
2025-10-13 00:46:53,048 INFO Arial Narrow already registered with pdfFont().
2025-10-13 00:46:53,048 INFO Arial Rounded MT Bold already registered with pdfFont().
2025-10-13 00:46:53,048 INFO Arial Unicode MS already registered with pdfFont().
2025-10-13 00:46:53,048 INFO Bodoni 72 Smallcaps already registered with pdfFont().
2025-10-13 00:46:53,048 INFO Bodoni Ornaments already registered with pdfFont().
2025-10-13 00:46:53,048 INFO No regular (non-bold, non-italic) version of Brush Script MT. Skipping setup for this font.
2025-10-13 00:46:53,048 INFO Comic Sans MS already registered with pdfFont().
2025-10-13 00:46:53,049 INFO Courier New already registered with pdfFont().
2025-10-13 00:46:53,049 INFO No regular (non-bold, non-italic) version of DIN Alternate. Skipping setup for this font.
2025-10-13 00:46:53,049 INFO No regular (non-bold, non-italic) version of DIN Condensed. Skipping setup for this font.
2025-10-13 00:46:53,049 INFO Georgia already registered with pdfFont().
2025-10-13 00:46:53,049 INFO Impact already registered with pdfFont().
2025-10-13 00:46:53,049 INFO Khmer Sangam MN already registered with pdfFont().
2025-10-13 00:46:53,049 INFO Lao Sangam MN already registered with pdfFont().
2025-10-13 00:46:53,049 INFO Luminari already registered with pdfFont().
2025-10-13 00:46:53,049 INFO Microsoft Sans Serif already registered with pdfFont().
2025-10-13 00:46:53,049 INFO Noto Sans Adlam already registered with pdfFont().
2025-10-13 00:46:53,049 INFO Noto Sans Avestan already registered with pdfFont().
2025-10-13 00:46:53,049 INFO Noto Sans Bamum already registered with pdfFont().
2025-10-13 00:46:53,049 INFO Noto Sans Bassa Vah already registered with pdfFont().
2025-10-13 00:46:53,049 INFO Noto Sans Batak already registered with pdfFont().
2025-10-13 00:46:53,049 INFO Noto Sans Bhaiksuki already registered with pdfFont().
2025-10-13 00:46:53,049 INFO Noto Sans Brahmi already registered with pdfFont().
2025-10-13 00:46:53,049 INFO Noto Sans Buginese already registered with pdfFont().
2025-10-13 00:46:53,049 INFO Noto Sans Buhid already registered with pdfFont().
2025-10-13 00:46:53,049 INFO Noto Sans Carian already registered with pdfFont().
2025-10-13 00:46:53,049 INFO Noto Sans CaucAlban already registered with pdfFont().
2025-10-13 00:46:53,049 INFO Noto Sans Chakma already registered with pdfFont().
2025-10-13 00:46:53,049 INFO Noto Sans Cham already registered with pdfFont().
2025-10-13 00:46:53,049 INFO Noto Sans Coptic already registered with pdfFont().
2025-10-13 00:46:53,049 INFO Noto Sans Cuneiform already registered with pdfFont().
2025-10-13 00:46:53,049 INFO Noto Sans Cypriot already registered with pdfFont().
2025-10-13 00:46:53,049 INFO Noto Sans Duployan already registered with pdfFont().
2025-10-13 00:46:53,049 INFO Noto Sans EgyptHiero already registered with pdfFont().
2025-10-13 00:46:53,049 INFO Noto Sans Elbasan already registered with pdfFont().
2025-10-13 00:46:53,049 INFO Noto Sans Glagolitic already registered with pdfFont().
2025-10-13 00:46:53,049 INFO Noto Sans Gothic already registered with pdfFont().
2025-10-13 00:46:53,049 INFO Noto Sans HanifiRohg already registered with pdfFont().
2025-10-13 00:46:53,049 INFO Noto Sans Hanunoo already registered with pdfFont().
2025-10-13 00:46:53,049 INFO Noto Sans Hatran already registered with pdfFont().
2025-10-13 00:46:53,049 INFO Noto Sans ImpAramaic already registered with pdfFont().
2025-10-13 00:46:53,049 INFO Noto Sans InsPahlavi already registered with pdfFont().
2025-10-13 00:46:53,049 INFO Noto Sans InsParthi already registered with pdfFont().
2025-10-13 00:46:53,049 INFO Noto Sans Kaithi already registered with pdfFont().
2025-10-13 00:46:53,049 INFO Noto Sans Kayah Li already registered with pdfFont().
2025-10-13 00:46:53,049 INFO Noto Sans Kharoshthi already registered with pdfFont().
2025-10-13 00:46:53,049 INFO Noto Sans Khojki already registered with pdfFont().
2025-10-13 00:46:53,049 INFO Noto Sans Khudawadi already registered with pdfFont().
2025-10-13 00:46:53,050 INFO Noto Sans Lepcha already registered with pdfFont().
2025-10-13 00:46:53,050 INFO Noto Sans Limbu already registered with pdfFont().
2025-10-13 00:46:53,050 INFO Noto Sans Linear A already registered with pdfFont().
2025-10-13 00:46:53,050 INFO Noto Sans Linear B already registered with pdfFont().
2025-10-13 00:46:53,050 INFO Noto Sans Lisu already registered with pdfFont().
2025-10-13 00:46:53,050 INFO Noto Sans Lycian already registered with pdfFont().
2025-10-13 00:46:53,050 INFO Noto Sans Lydian already registered with pdfFont().
2025-10-13 00:46:53,050 INFO Noto Sans Mahajani already registered with pdfFont().
2025-10-13 00:46:53,050 INFO Noto Sans Mandaic already registered with pdfFont().
2025-10-13 00:46:53,050 INFO Noto Sans Manichaean already registered with pdfFont().
2025-10-13 00:46:53,050 INFO Noto Sans Marchen already registered with pdfFont().
2025-10-13 00:46:53,050 INFO Noto Sans MeeteiMayek already registered with pdfFont().
2025-10-13 00:46:53,050 INFO Noto Sans Mende Kikakui already registered with pdfFont().
2025-10-13 00:46:53,050 INFO Noto Sans Meroitic already registered with pdfFont().
2025-10-13 00:46:53,050 INFO Noto Sans Miao already registered with pdfFont().
2025-10-13 00:46:53,050 INFO Noto Sans Modi already registered with pdfFont().
2025-10-13 00:46:53,050 INFO Noto Sans Mongolian already registered with pdfFont().
2025-10-13 00:46:53,050 INFO Noto Sans Mro already registered with pdfFont().
2025-10-13 00:46:53,050 INFO Noto Sans Multani already registered with pdfFont().
2025-10-13 00:46:53,050 INFO Noto Sans Nabataean already registered with pdfFont().
2025-10-13 00:46:53,050 INFO Noto Sans Newa already registered with pdfFont().
2025-10-13 00:46:53,050 INFO Noto Sans NewTaiLue already registered with pdfFont().
2025-10-13 00:46:53,050 INFO Noto Sans NKo already registered with pdfFont().
2025-10-13 00:46:53,050 INFO Noto Sans Ol Chiki already registered with pdfFont().
2025-10-13 00:46:53,050 INFO No regular (non-bold, non-italic) version of Noto Sans Old Italic. Skipping setup for this font.
2025-10-13 00:46:53,050 INFO Noto Sans Old Permic already registered with pdfFont().
2025-10-13 00:46:53,050 INFO Noto Sans Old Turkic already registered with pdfFont().
2025-10-13 00:46:53,050 INFO Noto Sans OldHung already registered with pdfFont().
2025-10-13 00:46:53,050 INFO Noto Sans OldNorArab already registered with pdfFont().
2025-10-13 00:46:53,050 INFO Noto Sans OldPersian already registered with pdfFont().
2025-10-13 00:46:53,050 INFO Noto Sans OldSouArab already registered with pdfFont().
2025-10-13 00:46:53,050 INFO Noto Sans Osage already registered with pdfFont().
2025-10-13 00:46:53,050 INFO Noto Sans Osmanya already registered with pdfFont().
2025-10-13 00:46:53,050 INFO Noto Sans Pahawh Hmong already registered with pdfFont().
2025-10-13 00:46:53,050 INFO Noto Sans Palmyrene already registered with pdfFont().
2025-10-13 00:46:53,050 INFO Noto Sans PauCinHau already registered with pdfFont().
2025-10-13 00:46:53,050 INFO Noto Sans PhagsPa already registered with pdfFont().
2025-10-13 00:46:53,050 INFO Noto Sans Phoenician already registered with pdfFont().
2025-10-13 00:46:53,050 INFO Noto Sans PsaPahlavi already registered with pdfFont().
2025-10-13 00:46:53,050 INFO Noto Sans Rejang already registered with pdfFont().
2025-10-13 00:46:53,050 INFO Noto Sans Samaritan already registered with pdfFont().
2025-10-13 00:46:53,050 INFO Noto Sans Saurashtra already registered with pdfFont().
2025-10-13 00:46:53,050 INFO Noto Sans Sharada already registered with pdfFont().
2025-10-13 00:46:53,050 INFO Noto Sans SoraSomp already registered with pdfFont().
2025-10-13 00:46:53,050 INFO Noto Sans Sundanese already registered with pdfFont().
2025-10-13 00:46:53,051 INFO Noto Sans Syloti Nagri already registered with pdfFont().
2025-10-13 00:46:53,051 INFO Noto Sans Syriac already registered with pdfFont().
2025-10-13 00:46:53,051 INFO Noto Sans Tagalog already registered with pdfFont().
2025-10-13 00:46:53,051 INFO Noto Sans Tagbanwa already registered with pdfFont().
2025-10-13 00:46:53,051 INFO Noto Sans Tai Le already registered with pdfFont().
2025-10-13 00:46:53,051 INFO Noto Sans Tai Tham already registered with pdfFont().
2025-10-13 00:46:53,051 INFO Noto Sans Tai Viet already registered with pdfFont().
2025-10-13 00:46:53,051 INFO Noto Sans Takri already registered with pdfFont().
2025-10-13 00:46:53,051 INFO Noto Sans Thaana already registered with pdfFont().
2025-10-13 00:46:53,051 INFO Noto Sans Tirhuta already registered with pdfFont().
2025-10-13 00:46:53,051 INFO Noto Sans Ugaritic already registered with pdfFont().
2025-10-13 00:46:53,051 INFO Noto Sans Vai already registered with pdfFont().
2025-10-13 00:46:53,051 INFO Noto Sans Wancho already registered with pdfFont().
2025-10-13 00:46:53,051 INFO Noto Sans WarangCiti already registered with pdfFont().
2025-10-13 00:46:53,051 INFO Noto Sans Yi already registered with pdfFont().
2025-10-13 00:46:53,051 INFO Noto Serif Ahom already registered with pdfFont().
2025-10-13 00:46:53,051 INFO Noto Serif Balinese already registered with pdfFont().
2025-10-13 00:46:53,051 INFO Noto Serif Hmong Nyiakeng already registered with pdfFont().
2025-10-13 00:46:53,051 INFO Party LET already registered with pdfFont().
2025-10-13 00:46:53,051 INFO STIX Two Text already registered with pdfFont().
2025-10-13 00:46:53,051 INFO System Font already registered with pdfFont().
2025-10-13 00:46:53,051 INFO Tahoma already registered with pdfFont().
2025-10-13 00:46:53,051 INFO Times New Roman already registered with pdfFont().
2025-10-13 00:46:53,051 INFO Trattatello already registered with pdfFont().
2025-10-13 00:46:53,051 INFO Trebuchet MS already registered with pdfFont().
2025-10-13 00:46:53,051 INFO Verdana already registered with pdfFont().
2025-10-13 00:46:53,051 INFO Webdings already registered with pdfFont().
2025-10-13 00:46:53,051 INFO Wingdings already registered with pdfFont().
2025-10-13 00:46:53,051 INFO Wingdings 2 already registered with pdfFont().
2025-10-13 00:46:53,051 INFO Wingdings 3 already registered with pdfFont().
2025-10-13 00:46:53,056 INFO .Keyboard already registered with postscriptFont().
2025-10-13 00:46:53,056 INFO .New York already registered with postscriptFont().
2025-10-13 00:46:53,056 INFO .SF Arabic already registered with postscriptFont().
2025-10-13 00:46:53,056 INFO .SF Arabic Rounded already registered with postscriptFont().
2025-10-13 00:46:53,056 INFO .SF Armenian already registered with postscriptFont().
2025-10-13 00:46:53,056 INFO .SF Armenian Rounded already registered with postscriptFont().
2025-10-13 00:46:53,056 INFO .SF Camera already registered with postscriptFont().
2025-10-13 00:46:53,056 INFO .SF Compact already registered with postscriptFont().
2025-10-13 00:46:53,056 INFO .SF Compact Rounded already registered with postscriptFont().
2025-10-13 00:46:53,056 INFO .SF Georgian already registered with postscriptFont().
2025-10-13 00:46:53,056 INFO .SF Georgian Rounded already registered with postscriptFont().
2025-10-13 00:46:53,056 INFO .SF Hebrew already registered with postscriptFont().
2025-10-13 00:46:53,056 INFO .SF Hebrew Rounded already registered with postscriptFont().
2025-10-13 00:46:53,056 INFO .SF NS Mono already registered with postscriptFont().
2025-10-13 00:46:53,056 INFO .SF NS Rounded already registered with postscriptFont().
2025-10-13 00:46:53,056 INFO Academy Engraved LET already registered with postscriptFont().
2025-10-13 00:46:53,056 INFO Andale Mono already registered with postscriptFont().
2025-10-13 00:46:53,056 INFO More than one version of regular/bold/italic found for Apple Braille. Skipping setup for this font.
2025-10-13 00:46:53,056 INFO AppleMyungjo already registered with postscriptFont().
2025-10-13 00:46:53,056 INFO Arial already registered with postscriptFont().
2025-10-13 00:46:53,056 INFO Arial Black already registered with postscriptFont().
2025-10-13 00:46:53,056 INFO Arial Narrow already registered with postscriptFont().
2025-10-13 00:46:53,056 INFO Arial Rounded MT Bold already registered with postscriptFont().
2025-10-13 00:46:53,056 INFO Arial Unicode MS already registered with postscriptFont().
2025-10-13 00:46:53,056 INFO Bodoni 72 Smallcaps already registered with postscriptFont().
2025-10-13 00:46:53,057 INFO Bodoni Ornaments already registered with postscriptFont().
2025-10-13 00:46:53,057 INFO No regular (non-bold, non-italic) version of Brush Script MT. Skipping setup for this font.
2025-10-13 00:46:53,057 INFO Comic Sans MS already registered with postscriptFont().
2025-10-13 00:46:53,057 INFO Courier New already registered with postscriptFont().
2025-10-13 00:46:53,057 INFO No regular (non-bold, non-italic) version of DIN Alternate. Skipping setup for this font.
2025-10-13 00:46:53,057 INFO No regular (non-bold, non-italic) version of DIN Condensed. Skipping setup for this font.
2025-10-13 00:46:53,057 INFO Georgia already registered with postscriptFont().
2025-10-13 00:46:53,057 INFO Impact already registered with postscriptFont().
2025-10-13 00:46:53,057 INFO Khmer Sangam MN already registered with postscriptFont().
2025-10-13 00:46:53,057 INFO Lao Sangam MN already registered with postscriptFont().
2025-10-13 00:46:53,057 INFO Luminari already registered with postscriptFont().
2025-10-13 00:46:53,057 INFO Microsoft Sans Serif already registered with postscriptFont().
2025-10-13 00:46:53,057 INFO Noto Sans Adlam already registered with postscriptFont().
2025-10-13 00:46:53,057 INFO Noto Sans Avestan already registered with postscriptFont().
2025-10-13 00:46:53,057 INFO Noto Sans Bamum already registered with postscriptFont().
2025-10-13 00:46:53,057 INFO Noto Sans Bassa Vah already registered with postscriptFont().
2025-10-13 00:46:53,057 INFO Noto Sans Batak already registered with postscriptFont().
2025-10-13 00:46:53,057 INFO Noto Sans Bhaiksuki already registered with postscriptFont().
2025-10-13 00:46:53,057 INFO Noto Sans Brahmi already registered with postscriptFont().
2025-10-13 00:46:53,057 INFO Noto Sans Buginese already registered with postscriptFont().
2025-10-13 00:46:53,057 INFO Noto Sans Buhid already registered with postscriptFont().
2025-10-13 00:46:53,057 INFO Noto Sans Carian already registered with postscriptFont().
2025-10-13 00:46:53,057 INFO Noto Sans CaucAlban already registered with postscriptFont().
2025-10-13 00:46:53,057 INFO Noto Sans Chakma already registered with postscriptFont().
2025-10-13 00:46:53,057 INFO Noto Sans Cham already registered with postscriptFont().
2025-10-13 00:46:53,057 INFO Noto Sans Coptic already registered with postscriptFont().
2025-10-13 00:46:53,057 INFO Noto Sans Cuneiform already registered with postscriptFont().
2025-10-13 00:46:53,057 INFO Noto Sans Cypriot already registered with postscriptFont().
2025-10-13 00:46:53,057 INFO Noto Sans Duployan already registered with postscriptFont().
2025-10-13 00:46:53,057 INFO Noto Sans EgyptHiero already registered with postscriptFont().
2025-10-13 00:46:53,057 INFO Noto Sans Elbasan already registered with postscriptFont().
2025-10-13 00:46:53,057 INFO Noto Sans Glagolitic already registered with postscriptFont().
2025-10-13 00:46:53,057 INFO Noto Sans Gothic already registered with postscriptFont().
2025-10-13 00:46:53,057 INFO Noto Sans HanifiRohg already registered with postscriptFont().
2025-10-13 00:46:53,057 INFO Noto Sans Hanunoo already registered with postscriptFont().
2025-10-13 00:46:53,057 INFO Noto Sans Hatran already registered with postscriptFont().
2025-10-13 00:46:53,057 INFO Noto Sans ImpAramaic already registered with postscriptFont().
2025-10-13 00:46:53,057 INFO Noto Sans InsPahlavi already registered with postscriptFont().
2025-10-13 00:46:53,057 INFO Noto Sans InsParthi already registered with postscriptFont().
2025-10-13 00:46:53,057 INFO Noto Sans Kaithi already registered with postscriptFont().
2025-10-13 00:46:53,057 INFO Noto Sans Kayah Li already registered with postscriptFont().
2025-10-13 00:46:53,057 INFO Noto Sans Kharoshthi already registered with postscriptFont().
2025-10-13 00:46:53,057 INFO Noto Sans Khojki already registered with postscriptFont().
2025-10-13 00:46:53,057 INFO Noto Sans Khudawadi already registered with postscriptFont().
2025-10-13 00:46:53,057 INFO Noto Sans Lepcha already registered with postscriptFont().
2025-10-13 00:46:53,057 INFO Noto Sans Limbu already registered with postscriptFont().
2025-10-13 00:46:53,058 INFO Noto Sans Linear A already registered with postscriptFont().
2025-10-13 00:46:53,058 INFO Noto Sans Linear B already registered with postscriptFont().
2025-10-13 00:46:53,058 INFO Noto Sans Lisu already registered with postscriptFont().
2025-10-13 00:46:53,058 INFO Noto Sans Lycian already registered with postscriptFont().
2025-10-13 00:46:53,058 INFO Noto Sans Lydian already registered with postscriptFont().
2025-10-13 00:46:53,058 INFO Noto Sans Mahajani already registered with postscriptFont().
2025-10-13 00:46:53,058 INFO Noto Sans Mandaic already registered with postscriptFont().
2025-10-13 00:46:53,058 INFO Noto Sans Manichaean already registered with postscriptFont().
2025-10-13 00:46:53,058 INFO Noto Sans Marchen already registered with postscriptFont().
2025-10-13 00:46:53,058 INFO Noto Sans MeeteiMayek already registered with postscriptFont().
2025-10-13 00:46:53,058 INFO Noto Sans Mende Kikakui already registered with postscriptFont().
2025-10-13 00:46:53,058 INFO Noto Sans Meroitic already registered with postscriptFont().
2025-10-13 00:46:53,058 INFO Noto Sans Miao already registered with postscriptFont().
2025-10-13 00:46:53,058 INFO Noto Sans Modi already registered with postscriptFont().
2025-10-13 00:46:53,058 INFO Noto Sans Mongolian already registered with postscriptFont().
2025-10-13 00:46:53,058 INFO Noto Sans Mro already registered with postscriptFont().
2025-10-13 00:46:53,058 INFO Noto Sans Multani already registered with postscriptFont().
2025-10-13 00:46:53,058 INFO Noto Sans Nabataean already registered with postscriptFont().
2025-10-13 00:46:53,058 INFO Noto Sans Newa already registered with postscriptFont().
2025-10-13 00:46:53,058 INFO Noto Sans NewTaiLue already registered with postscriptFont().
2025-10-13 00:46:53,058 INFO Noto Sans NKo already registered with postscriptFont().
2025-10-13 00:46:53,058 INFO Noto Sans Ol Chiki already registered with postscriptFont().
2025-10-13 00:46:53,058 INFO No regular (non-bold, non-italic) version of Noto Sans Old Italic. Skipping setup for this font.
2025-10-13 00:46:53,058 INFO Noto Sans Old Permic already registered with postscriptFont().
2025-10-13 00:46:53,058 INFO Noto Sans Old Turkic already registered with postscriptFont().
2025-10-13 00:46:53,058 INFO Noto Sans OldHung already registered with postscriptFont().
2025-10-13 00:46:53,058 INFO Noto Sans OldNorArab already registered with postscriptFont().
2025-10-13 00:46:53,058 INFO Noto Sans OldPersian already registered with postscriptFont().
2025-10-13 00:46:53,058 INFO Noto Sans OldSouArab already registered with postscriptFont().
2025-10-13 00:46:53,058 INFO Noto Sans Osage already registered with postscriptFont().
2025-10-13 00:46:53,058 INFO Noto Sans Osmanya already registered with postscriptFont().
2025-10-13 00:46:53,058 INFO Noto Sans Pahawh Hmong already registered with postscriptFont().
2025-10-13 00:46:53,058 INFO Noto Sans Palmyrene already registered with postscriptFont().
2025-10-13 00:46:53,058 INFO Noto Sans PauCinHau already registered with postscriptFont().
2025-10-13 00:46:53,058 INFO Noto Sans PhagsPa already registered with postscriptFont().
2025-10-13 00:46:53,058 INFO Noto Sans Phoenician already registered with postscriptFont().
2025-10-13 00:46:53,058 INFO Noto Sans PsaPahlavi already registered with postscriptFont().
2025-10-13 00:46:53,058 INFO Noto Sans Rejang already registered with postscriptFont().
2025-10-13 00:46:53,058 INFO Noto Sans Samaritan already registered with postscriptFont().
2025-10-13 00:46:53,058 INFO Noto Sans Saurashtra already registered with postscriptFont().
2025-10-13 00:46:53,058 INFO Noto Sans Sharada already registered with postscriptFont().
2025-10-13 00:46:53,058 INFO Noto Sans SoraSomp already registered with postscriptFont().
2025-10-13 00:46:53,059 INFO Noto Sans Sundanese already registered with postscriptFont().
2025-10-13 00:46:53,059 INFO Noto Sans Syloti Nagri already registered with postscriptFont().
2025-10-13 00:46:53,059 INFO Noto Sans Syriac already registered with postscriptFont().
2025-10-13 00:46:53,059 INFO Noto Sans Tagalog already registered with postscriptFont().
2025-10-13 00:46:53,059 INFO Noto Sans Tagbanwa already registered with postscriptFont().
2025-10-13 00:46:53,059 INFO Noto Sans Tai Le already registered with postscriptFont().
2025-10-13 00:46:53,059 INFO Noto Sans Tai Tham already registered with postscriptFont().
2025-10-13 00:46:53,059 INFO Noto Sans Tai Viet already registered with postscriptFont().
2025-10-13 00:46:53,059 INFO Noto Sans Takri already registered with postscriptFont().
2025-10-13 00:46:53,059 INFO Noto Sans Thaana already registered with postscriptFont().
2025-10-13 00:46:53,059 INFO Noto Sans Tirhuta already registered with postscriptFont().
2025-10-13 00:46:53,059 INFO Noto Sans Ugaritic already registered with postscriptFont().
2025-10-13 00:46:53,059 INFO Noto Sans Vai already registered with postscriptFont().
2025-10-13 00:46:53,059 INFO Noto Sans Wancho already registered with postscriptFont().
2025-10-13 00:46:53,059 INFO Noto Sans WarangCiti already registered with postscriptFont().
2025-10-13 00:46:53,059 INFO Noto Sans Yi already registered with postscriptFont().
2025-10-13 00:46:53,059 INFO Noto Serif Ahom already registered with postscriptFont().
2025-10-13 00:46:53,059 INFO Noto Serif Balinese already registered with postscriptFont().
2025-10-13 00:46:53,059 INFO Noto Serif Hmong Nyiakeng already registered with postscriptFont().
2025-10-13 00:46:53,059 INFO Party LET already registered with postscriptFont().
2025-10-13 00:46:53,059 INFO STIX Two Text already registered with postscriptFont().
2025-10-13 00:46:53,059 INFO System Font already registered with postscriptFont().
2025-10-13 00:46:53,059 INFO Tahoma already registered with postscriptFont().
2025-10-13 00:46:53,059 INFO Times New Roman already registered with postscriptFont().
2025-10-13 00:46:53,059 INFO Trattatello already registered with postscriptFont().
2025-10-13 00:46:53,059 INFO Trebuchet MS already registered with postscriptFont().
2025-10-13 00:46:53,059 INFO Verdana already registered with postscriptFont().
2025-10-13 00:46:53,059 INFO Webdings already registered with postscriptFont().
2025-10-13 00:46:53,059 INFO Wingdings already registered with postscriptFont().
2025-10-13 00:46:53,059 INFO Wingdings 2 already registered with postscriptFont().
2025-10-13 00:46:53,059 INFO Wingdings 3 already registered with postscriptFont().
2025-10-13 00:46:55,532 INFO Error in `left_join()`:
2025-10-13 00:46:55,533 INFO ! Join columns in `y` must be present in the data.
2025-10-13 00:46:55,533 INFO ✖ Problem with `playerId`.
2025-10-13 00:46:55,533 INFO Backtrace:
2025-10-13 00:46:55,533 INFO      ▆
2025-10-13 00:46:55,533 INFO   1. ├─base::source("raw_data_cleaning.R")
2025-10-13 00:46:55,533 INFO   2. │ ├─base::withVisible(eval(ei, envir))
2025-10-13 00:46:55,533 INFO   3. │ └─base::eval(ei, envir)
2025-10-13 00:46:55,533 INFO   4. │   └─base::eval(ei, envir)
2025-10-13 00:46:55,533 INFO   5. ├─dplyr::summarize(...)
2025-10-13 00:46:55,533 INFO   6. ├─dplyr::group_by(...)
2025-10-13 00:46:55,533 INFO   7. ├─dplyr::filter(...)
2025-10-13 00:46:55,533 INFO   8. ├─dplyr::filter(...)
2025-10-13 00:46:55,533 INFO   9. ├─base::unique(...)
2025-10-13 00:46:55,533 INFO  10. ├─dplyr::select(...)
2025-10-13 00:46:55,533 INFO  11. ├─dplyr::ungroup(...)
2025-10-13 00:46:55,533 INFO  12. ├─dplyr::mutate(...)
2025-10-13 00:46:55,533 INFO  13. ├─dplyr::group_by(...)
2025-10-13 00:46:55,533 INFO  14. ├─dplyr::filter(...)
2025-10-13 00:46:55,533 INFO  15. ├─dplyr::mutate(...)
2025-10-13 00:46:55,533 INFO  16. ├─dplyr::filter(...)
2025-10-13 00:46:55,533 INFO  17. ├─dplyr::left_join(...)
2025-10-13 00:46:55,533 INFO  18. └─dplyr:::left_join.data.frame(...)
2025-10-13 00:46:55,533 INFO  19.   └─dplyr:::join_mutate(...)
2025-10-13 00:46:55,533 INFO  20.     └─dplyr:::join_cols(...)
2025-10-13 00:46:55,534 INFO  21.       └─dplyr:::check_join_vars(by$y, y_names, by$condition, "y", error_call = error_call)
2025-10-13 00:46:55,534 INFO  22.         └─rlang::abort(bullets, call = error_call)
2025-10-13 00:46:55,534 INFO There were 11 warnings (use warnings() to see them)
2025-10-13 00:46:55,534 INFO Execution halted
2025-10-13 00:46:55,565 ERROR Error during group_advantage.raw_data_cleaning after 48.274 sec
Traceback (most recent call last):
  File "/Users/xehu/Desktop/task-mapping/analysis/run_master.py", line 414, in time_callable
    res = func()
  File "/Users/xehu/Desktop/task-mapping/analysis/run_master.py", line 552, in <lambda>
    results.append(time_callable('group_advantage.raw_data_cleaning', lambda: run_r_script(r_script_clean)))
  File "/Users/xehu/Desktop/task-mapping/analysis/run_master.py", line 355, in run_r_script
    raise RuntimeError(f'R script failed (exit {rc}): {r_path}')
RuntimeError: R script failed (exit 1): /Users/xehu/Desktop/task-mapping/analysis/analysis_group_advantage/raw_data_cleaning.R
