2025-10-13 01:21:55,840 INFO Starting analysis master script
2025-10-13 01:21:55,840 INFO Running group_advantage pipeline
2025-10-13 01:21:55,840 INFO Timing: group_advantage.raw_data_cleaning
2025-10-13 01:21:55,840 INFO Running R script /Users/xehu/Desktop/task-mapping/analysis/analysis_group_advantage/raw_data_cleaning.R
2025-10-13 01:21:55,840 INFO Running command: /usr/local/bin/Rscript -e set.seed(as.integer(Sys.getenv('ANALYSIS_SEED', '19104'))); source('raw_data_cleaning.R') (cwd=/Users/xehu/Desktop/task-mapping/analysis/analysis_group_advantage)
2025-10-13 01:21:55,936 INFO 
2025-10-13 01:21:55,936 INFO Attaching package: ‘pls’
2025-10-13 01:21:55,936 INFO 
2025-10-13 01:21:55,936 INFO The following object is masked from ‘package:stats’:
2025-10-13 01:21:55,937 INFO 
2025-10-13 01:21:55,937 INFO     loadings
2025-10-13 01:21:55,937 INFO 
2025-10-13 01:21:55,939 INFO randomForest 4.7-1.2
2025-10-13 01:21:55,939 INFO Type rfNews() to see new features/changes/bug fixes.
2025-10-13 01:21:56,290 INFO Loading required package: ggplot2
2025-10-13 01:21:56,475 INFO 
2025-10-13 01:21:56,475 INFO Attaching package: ‘ggplot2’
2025-10-13 01:21:56,475 INFO 
2025-10-13 01:21:56,475 INFO The following object is masked from ‘package:randomForest’:
2025-10-13 01:21:56,475 INFO 
2025-10-13 01:21:56,475 INFO     margin
2025-10-13 01:21:56,475 INFO 
2025-10-13 01:21:56,475 INFO Loading required package: lattice
2025-10-13 01:21:56,696 INFO 
2025-10-13 01:21:56,696 INFO Attaching package: ‘caret’
2025-10-13 01:21:56,696 INFO 
2025-10-13 01:21:56,696 INFO The following object is masked from ‘package:pls’:
2025-10-13 01:21:56,697 INFO 
2025-10-13 01:21:56,697 INFO     R2
2025-10-13 01:21:56,697 INFO 
2025-10-13 01:21:56,697 INFO Loading required package: foreach
2025-10-13 01:21:56,699 INFO Loading required package: iterators
2025-10-13 01:21:56,700 INFO Loading required package: parallel
2025-10-13 01:21:56,782 INFO Registering fonts with R
2025-10-13 01:21:56,827 INFO 
2025-10-13 01:21:56,827 INFO Please cite as:
2025-10-13 01:21:56,827 INFO 
2025-10-13 01:21:56,827 INFO  Hlavac, Marek (2022). stargazer: Well-Formatted Regression and Summary Statistics Tables.
2025-10-13 01:21:56,827 INFO  R package version 5.2.3. https://CRAN.R-project.org/package=stargazer
2025-10-13 01:21:56,827 INFO 
2025-10-13 01:21:56,870 INFO ── Attaching core tidyverse packages ──────────────────────── tidyverse 2.0.0 ──
2025-10-13 01:21:56,871 INFO ✔ dplyr     1.1.4     ✔ readr     2.1.5
2025-10-13 01:21:56,871 INFO ✔ forcats   1.0.1     ✔ stringr   1.5.2
2025-10-13 01:21:56,871 INFO ✔ lubridate 1.9.4     ✔ tibble    3.3.0
2025-10-13 01:21:56,871 INFO ✔ purrr     1.1.0     ✔ tidyr     1.3.1
2025-10-13 01:21:56,904 INFO ── Conflicts ────────────────────────────────────────── tidyverse_conflicts() ──
2025-10-13 01:21:56,904 INFO ✖ purrr::accumulate() masks foreach::accumulate()
2025-10-13 01:21:56,904 INFO ✖ dplyr::combine()    masks randomForest::combine()
2025-10-13 01:21:56,904 INFO ✖ dplyr::filter()     masks stats::filter()
2025-10-13 01:21:56,904 INFO ✖ purrr::flatten()    masks jsonlite::flatten()
2025-10-13 01:21:56,904 INFO ✖ dplyr::lag()        masks stats::lag()
2025-10-13 01:21:56,904 INFO ✖ purrr::lift()       masks caret::lift()
2025-10-13 01:21:56,904 INFO ✖ ggplot2::margin()   masks randomForest::margin()
2025-10-13 01:21:56,904 INFO ✖ dplyr::slice()      masks xgboost::slice()
2025-10-13 01:21:56,904 INFO ✖ purrr::when()       masks foreach::when()
2025-10-13 01:21:56,904 INFO ℹ Use the conflicted package (<http://conflicted.r-lib.org/>) to force all conflicts to become errors
2025-10-13 01:21:56,915 INFO Scanning ttf files in /Library/Fonts/, /System/Library/Fonts, /System/Library/Fonts/Supplemental, ~/Library/Fonts/ ...
2025-10-13 01:21:56,915 INFO Extracting .afm files from .ttf files...
2025-10-13 01:21:59,493 INFO /System/Library/Fonts/Supplemental/Arial Unicode.ttf : ArialUnicodeMS already registered in fonts database. Skipping.
2025-10-13 01:21:59,571 INFO /System/Library/Fonts/Apple Braille Outline 6 Dot.ttf : AppleBraille-Outline6Dot already registered in fonts database. Skipping.
2025-10-13 01:21:59,657 INFO /System/Library/Fonts/Apple Braille Outline 8 Dot.ttf : AppleBraille-Outline8Dot already registered in fonts database. Skipping.
2025-10-13 01:21:59,710 INFO /System/Library/Fonts/Apple Braille Pinpoint 6 Dot.ttf : AppleBraille-Pinpoint6Dot already registered in fonts database. Skipping.
2025-10-13 01:21:59,766 INFO /System/Library/Fonts/Apple Braille Pinpoint 8 Dot.ttf : AppleBraille-Pinpoint8Dot already registered in fonts database. Skipping.
2025-10-13 01:21:59,803 INFO /System/Library/Fonts/Apple Braille.ttf : AppleBraille already registered in fonts database. Skipping.
2025-10-13 01:21:59,829 INFO /System/Library/Fonts/Apple Symbols.ttf : No FontName. Skipping.
2025-10-13 01:21:59,848 INFO /System/Library/Fonts/Geneva.ttf : No FontName. Skipping.
2025-10-13 01:21:59,864 INFO /System/Library/Fonts/Keyboard.ttf : -Keyboard already registered in fonts database. Skipping.
2025-10-13 01:21:59,916 INFO /System/Library/Fonts/Monaco.ttf : No FontName. Skipping.
2025-10-13 01:22:00,006 INFO /System/Library/Fonts/NewYork.ttf : -NewYork-Regular already registered in fonts database. Skipping.
2025-10-13 01:22:00,084 INFO /System/Library/Fonts/NewYorkItalic.ttf : -NewYork-RegularItalic already registered in fonts database. Skipping.
2025-10-13 01:22:00,168 INFO /System/Library/Fonts/SFArabic.ttf : -SFArabic-Regular already registered in fonts database. Skipping.
2025-10-13 01:22:00,277 INFO /System/Library/Fonts/SFArabicRounded.ttf : -SFArabicRounded-Regular already registered in fonts database. Skipping.
2025-10-13 01:22:00,294 INFO /System/Library/Fonts/SFArmenian.ttf : -SFArmenian-Regular already registered in fonts database. Skipping.
2025-10-13 01:22:00,310 INFO /System/Library/Fonts/SFArmenianRounded.ttf : -SFArmenianRounded-Regular already registered in fonts database. Skipping.
2025-10-13 01:22:00,327 INFO /System/Library/Fonts/SFCamera.ttf : --SFCamera-Regular already registered in fonts database. Skipping.
2025-10-13 01:22:00,437 INFO /System/Library/Fonts/SFCompact.ttf : -SFCompact-Black already registered in fonts database. Skipping.
2025-10-13 01:22:00,523 INFO /System/Library/Fonts/SFCompactItalic.ttf : -SFCompact-BlackItalic already registered in fonts database. Skipping.
2025-10-13 01:22:00,631 INFO /System/Library/Fonts/SFCompactRounded.ttf : --SFCompactRounded-Regular already registered in fonts database. Skipping.
2025-10-13 01:22:00,646 INFO /System/Library/Fonts/SFGeorgian.ttf : -SFGeorgian-Regular already registered in fonts database. Skipping.
2025-10-13 01:22:00,663 INFO /System/Library/Fonts/SFGeorgianRounded.ttf : -SFGeorgianRounded-Regular already registered in fonts database. Skipping.
2025-10-13 01:22:00,674 INFO /System/Library/Fonts/SFHebrew.ttf : -SFHebrew-Regular already registered in fonts database. Skipping.
2025-10-13 01:22:00,685 INFO /System/Library/Fonts/SFHebrewRounded.ttf : -SFHebrewRounded-Regular already registered in fonts database. Skipping.
2025-10-13 01:22:00,810 INFO /System/Library/Fonts/SFNS.ttf : -SFNS-Regular already registered in fonts database. Skipping.
2025-10-13 01:22:00,897 INFO /System/Library/Fonts/SFNSItalic.ttf : -SFNS-RegularItalic already registered in fonts database. Skipping.
2025-10-13 01:22:00,953 INFO /System/Library/Fonts/SFNSMono.ttf : -SFNSMono-Light already registered in fonts database. Skipping.
2025-10-13 01:22:01,006 INFO /System/Library/Fonts/SFNSMonoItalic.ttf : -SFNSMono-LightItalic already registered in fonts database. Skipping.
2025-10-13 01:22:01,108 INFO /System/Library/Fonts/SFNSRounded.ttf : -SFNSRounded-Regular already registered in fonts database. Skipping.
2025-10-13 01:22:01,167 INFO /System/Library/Fonts/Supplemental/Academy Engraved LET Fonts.ttf : AcademyEngravedLetPlain already registered in fonts database. Skipping.
2025-10-13 01:22:01,225 INFO /System/Library/Fonts/Supplemental/Academy Engraved LET Fonts.ttf : AcademyEngravedLetPlain already registered in fonts database. Skipping.
2025-10-13 01:22:01,242 INFO /System/Library/Fonts/Supplemental/Andale Mono.ttf : AndaleMono already registered in fonts database. Skipping.
2025-10-13 01:22:01,258 INFO /System/Library/Fonts/Supplemental/Andale Mono.ttf : AndaleMono already registered in fonts database. Skipping.
2025-10-13 01:22:01,303 INFO /System/Library/Fonts/Supplemental/Apple Chancery.ttf : No FontName. Skipping.
2025-10-13 01:22:01,347 INFO /System/Library/Fonts/Supplemental/Apple Chancery.ttf : No FontName. Skipping.
2025-10-13 01:22:04,711 INFO /System/Library/Fonts/Supplemental/AppleGothic.ttf : No FontName. Skipping.
2025-10-13 01:22:08,173 INFO /System/Library/Fonts/Supplemental/AppleGothic.ttf : No FontName. Skipping.
2025-10-13 01:22:12,319 INFO /System/Library/Fonts/Supplemental/AppleMyungjo.ttf : AppleMyungjo already registered in fonts database. Skipping.
2025-10-13 01:22:16,461 INFO /System/Library/Fonts/Supplemental/AppleMyungjo.ttf : AppleMyungjo already registered in fonts database. Skipping.
2025-10-13 01:22:16,483 INFO /System/Library/Fonts/Supplemental/Arial Black.ttf : Arial-Black already registered in fonts database. Skipping.
2025-10-13 01:22:16,504 INFO /System/Library/Fonts/Supplemental/Arial Black.ttf : Arial-Black already registered in fonts database. Skipping.
2025-10-13 01:22:16,573 INFO /System/Library/Fonts/Supplemental/Arial Bold Italic.ttf : Arial-BoldItalicMT already registered in fonts database. Skipping.
2025-10-13 01:22:16,641 INFO /System/Library/Fonts/Supplemental/Arial Bold Italic.ttf : Arial-BoldItalicMT already registered in fonts database. Skipping.
2025-10-13 01:22:16,784 INFO /System/Library/Fonts/Supplemental/Arial Bold.ttf : Arial-BoldMT already registered in fonts database. Skipping.
2025-10-13 01:22:16,892 INFO /System/Library/Fonts/Supplemental/Arial Bold.ttf : Arial-BoldMT already registered in fonts database. Skipping.
2025-10-13 01:22:16,968 INFO /System/Library/Fonts/Supplemental/Arial Italic.ttf : Arial-ItalicMT already registered in fonts database. Skipping.
2025-10-13 01:22:17,043 INFO /System/Library/Fonts/Supplemental/Arial Italic.ttf : Arial-ItalicMT already registered in fonts database. Skipping.
2025-10-13 01:22:17,062 INFO /System/Library/Fonts/Supplemental/Arial Narrow Bold Italic.ttf : ArialNarrow-BoldItalic already registered in fonts database. Skipping.
2025-10-13 01:22:17,082 INFO /System/Library/Fonts/Supplemental/Arial Narrow Bold Italic.ttf : ArialNarrow-BoldItalic already registered in fonts database. Skipping.
2025-10-13 01:22:17,104 INFO /System/Library/Fonts/Supplemental/Arial Narrow Bold.ttf : ArialNarrow-Bold already registered in fonts database. Skipping.
2025-10-13 01:22:17,125 INFO /System/Library/Fonts/Supplemental/Arial Narrow Bold.ttf : ArialNarrow-Bold already registered in fonts database. Skipping.
2025-10-13 01:22:17,146 INFO /System/Library/Fonts/Supplemental/Arial Narrow Italic.ttf : ArialNarrow-Italic already registered in fonts database. Skipping.
2025-10-13 01:22:17,166 INFO /System/Library/Fonts/Supplemental/Arial Narrow Italic.ttf : ArialNarrow-Italic already registered in fonts database. Skipping.
2025-10-13 01:22:17,187 INFO /System/Library/Fonts/Supplemental/Arial Narrow.ttf : ArialNarrow already registered in fonts database. Skipping.
2025-10-13 01:22:17,207 INFO /System/Library/Fonts/Supplemental/Arial Narrow.ttf : ArialNarrow already registered in fonts database. Skipping.
2025-10-13 01:22:17,225 INFO /System/Library/Fonts/Supplemental/Arial Rounded Bold.ttf : ArialRoundedMTBold already registered in fonts database. Skipping.
2025-10-13 01:22:17,243 INFO /System/Library/Fonts/Supplemental/Arial Rounded Bold.ttf : ArialRoundedMTBold already registered in fonts database. Skipping.
2025-10-13 01:22:19,824 INFO /System/Library/Fonts/Supplemental/Arial Unicode.ttf : ArialUnicodeMS already registered in fonts database. Skipping.
2025-10-13 01:22:22,413 INFO /System/Library/Fonts/Supplemental/Arial Unicode.ttf : ArialUnicodeMS already registered in fonts database. Skipping.
2025-10-13 01:22:22,529 INFO /System/Library/Fonts/Supplemental/Arial.ttf : ArialMT already registered in fonts database. Skipping.
2025-10-13 01:22:22,644 INFO /System/Library/Fonts/Supplemental/Arial.ttf : ArialMT already registered in fonts database. Skipping.
2025-10-13 01:22:22,681 INFO /System/Library/Fonts/Supplemental/Ayuthaya.ttf : No FontName. Skipping.
2025-10-13 01:22:22,717 INFO /System/Library/Fonts/Supplemental/Ayuthaya.ttf : No FontName. Skipping.
2025-10-13 01:22:22,859 INFO /System/Library/Fonts/Supplemental/BigCaslon.ttf : No FontName. Skipping.
2025-10-13 01:22:23,002 INFO /System/Library/Fonts/Supplemental/BigCaslon.ttf : No FontName. Skipping.
2025-10-13 01:22:23,025 INFO /System/Library/Fonts/Supplemental/Bodoni 72 Smallcaps Book.ttf : BodoniSvtyTwoSCITCTT-Book already registered in fonts database. Skipping.
2025-10-13 01:22:23,046 INFO /System/Library/Fonts/Supplemental/Bodoni 72 Smallcaps Book.ttf : BodoniSvtyTwoSCITCTT-Book already registered in fonts database. Skipping.
2025-10-13 01:22:23,076 INFO /System/Library/Fonts/Supplemental/Bodoni Ornaments.ttf : BodoniOrnamentsITCTT already registered in fonts database. Skipping.
2025-10-13 01:22:23,106 INFO /System/Library/Fonts/Supplemental/Bodoni Ornaments.ttf : BodoniOrnamentsITCTT already registered in fonts database. Skipping.
2025-10-13 01:22:23,384 INFO /System/Library/Fonts/Supplemental/Bradley Hand Bold.ttf : Bradley-Hand-Bold already registered in fonts database. Skipping.
2025-10-13 01:22:23,660 INFO /System/Library/Fonts/Supplemental/Bradley Hand Bold.ttf : Bradley-Hand-Bold already registered in fonts database. Skipping.
2025-10-13 01:22:23,825 INFO /System/Library/Fonts/Supplemental/Brush Script.ttf : BrushScriptMT already registered in fonts database. Skipping.
2025-10-13 01:22:23,988 INFO /System/Library/Fonts/Supplemental/Brush Script.ttf : BrushScriptMT already registered in fonts database. Skipping.
2025-10-13 01:22:24,006 INFO /System/Library/Fonts/Supplemental/Chalkduster.ttfsh: line 1: 45287 Abort trap: 6           '/Library/Frameworks/R.framework/Versions/4.5-arm64/Resources/library/Rttf2pt1/exec//ttf2pt1' -a -GfAe '/System/Library/Fonts/Supplemental/Chalkduster.ttf' '/var/folders/73/jl9lgbkj511fwjxkl9cvw7q00000gq/T//RtmpEazRaN/fonts/Chalkduster' 2>&1
2025-10-13 01:22:24,006 INFO  : No FontName. Skipping.
2025-10-13 01:22:24,024 INFO /System/Library/Fonts/Supplemental/Chalkduster.ttfsh: line 1: 45291 Abort trap: 6           '/Library/Frameworks/R.framework/Versions/4.5-arm64/Resources/library/Rttf2pt1/exec//ttf2pt1' -a -GfAe '/System/Library/Fonts/Supplemental/Chalkduster.ttf' '/var/folders/73/jl9lgbkj511fwjxkl9cvw7q00000gq/T//RtmpEazRaN/fonts/Chalkduster' 2>&1
2025-10-13 01:22:24,024 INFO  : No FontName. Skipping.
2025-10-13 01:22:24,084 INFO /System/Library/Fonts/Supplemental/Comic Sans MS Bold.ttf : ComicSansMS-Bold already registered in fonts database. Skipping.
2025-10-13 01:22:24,143 INFO /System/Library/Fonts/Supplemental/Comic Sans MS Bold.ttf : ComicSansMS-Bold already registered in fonts database. Skipping.
2025-10-13 01:22:24,191 INFO /System/Library/Fonts/Supplemental/Comic Sans MS.ttf : ComicSansMS already registered in fonts database. Skipping.
2025-10-13 01:22:24,239 INFO /System/Library/Fonts/Supplemental/Comic Sans MS.ttf : ComicSansMS already registered in fonts database. Skipping.
2025-10-13 01:22:24,341 INFO /System/Library/Fonts/Supplemental/Courier New Bold Italic.ttf : CourierNewPS-BoldItalicMT already registered in fonts database. Skipping.
2025-10-13 01:22:24,444 INFO /System/Library/Fonts/Supplemental/Courier New Bold Italic.ttf : CourierNewPS-BoldItalicMT already registered in fonts database. Skipping.
2025-10-13 01:22:24,564 INFO /System/Library/Fonts/Supplemental/Courier New Bold.ttf : CourierNewPS-BoldMT already registered in fonts database. Skipping.
2025-10-13 01:22:24,683 INFO /System/Library/Fonts/Supplemental/Courier New Bold.ttf : CourierNewPS-BoldMT already registered in fonts database. Skipping.
2025-10-13 01:22:24,778 INFO /System/Library/Fonts/Supplemental/Courier New Italic.ttf : CourierNewPS-ItalicMT already registered in fonts database. Skipping.
2025-10-13 01:22:24,872 INFO /System/Library/Fonts/Supplemental/Courier New Italic.ttf : CourierNewPS-ItalicMT already registered in fonts database. Skipping.
2025-10-13 01:22:24,982 INFO /System/Library/Fonts/Supplemental/Courier New.ttf : CourierNewPSMT already registered in fonts database. Skipping.
2025-10-13 01:22:25,093 INFO /System/Library/Fonts/Supplemental/Courier New.ttf : CourierNewPSMT already registered in fonts database. Skipping.
2025-10-13 01:22:25,150 INFO /System/Library/Fonts/Supplemental/DIN Alternate Bold.ttf : DINAlternate-Bold already registered in fonts database. Skipping.
2025-10-13 01:22:25,206 INFO /System/Library/Fonts/Supplemental/DIN Alternate Bold.ttf : DINAlternate-Bold already registered in fonts database. Skipping.
2025-10-13 01:22:25,274 INFO /System/Library/Fonts/Supplemental/DIN Condensed Bold.ttf : DINCondensed-Bold already registered in fonts database. Skipping.
2025-10-13 01:22:25,341 INFO /System/Library/Fonts/Supplemental/DIN Condensed Bold.ttf : DINCondensed-Bold already registered in fonts database. Skipping.
2025-10-13 01:22:25,496 INFO /System/Library/Fonts/Supplemental/Diwan Thuluth.ttf : No FontName. Skipping.
2025-10-13 01:22:25,653 INFO /System/Library/Fonts/Supplemental/Diwan Thuluth.ttf : No FontName. Skipping.
2025-10-13 01:22:25,767 INFO /System/Library/Fonts/Supplemental/Farisi.ttf : No FontName. Skipping.
2025-10-13 01:22:25,882 INFO /System/Library/Fonts/Supplemental/Farisi.ttf : No FontName. Skipping.
2025-10-13 01:22:25,967 INFO /System/Library/Fonts/Supplemental/Georgia Bold Italic.ttf : Georgia-BoldItalic already registered in fonts database. Skipping.
2025-10-13 01:22:26,051 INFO /System/Library/Fonts/Supplemental/Georgia Bold Italic.ttf : Georgia-BoldItalic already registered in fonts database. Skipping.
2025-10-13 01:22:26,136 INFO /System/Library/Fonts/Supplemental/Georgia Bold.ttf : Georgia-Bold already registered in fonts database. Skipping.
2025-10-13 01:22:26,223 INFO /System/Library/Fonts/Supplemental/Georgia Bold.ttf : Georgia-Bold already registered in fonts database. Skipping.
2025-10-13 01:22:26,305 INFO /System/Library/Fonts/Supplemental/Georgia Italic.ttf : Georgia-Italic already registered in fonts database. Skipping.
2025-10-13 01:22:26,389 INFO /System/Library/Fonts/Supplemental/Georgia Italic.ttf : Georgia-Italic already registered in fonts database. Skipping.
2025-10-13 01:22:26,479 INFO /System/Library/Fonts/Supplemental/Georgia.ttf : Georgia already registered in fonts database. Skipping.
2025-10-13 01:22:26,567 INFO /System/Library/Fonts/Supplemental/Georgia.ttf : Georgia already registered in fonts database. Skipping.
2025-10-13 01:22:26,577 INFO /System/Library/Fonts/Supplemental/Gurmukhi.ttf : No FontName. Skipping.
2025-10-13 01:22:26,586 INFO /System/Library/Fonts/Supplemental/Gurmukhi.ttf : No FontName. Skipping.
2025-10-13 01:22:26,650 INFO /System/Library/Fonts/Supplemental/Herculanum.ttf : No FontName. Skipping.
2025-10-13 01:22:26,714 INFO /System/Library/Fonts/Supplemental/Herculanum.ttf : No FontName. Skipping.
2025-10-13 01:22:26,725 INFO /System/Library/Fonts/Supplemental/Hoefler Text Ornaments.ttf : No FontName. Skipping.
2025-10-13 01:22:26,735 INFO /System/Library/Fonts/Supplemental/Hoefler Text Ornaments.ttf : No FontName. Skipping.
2025-10-13 01:22:26,766 INFO /System/Library/Fonts/Supplemental/Impact.ttf : Impact already registered in fonts database. Skipping.
2025-10-13 01:22:26,797 INFO /System/Library/Fonts/Supplemental/Impact.ttf : Impact already registered in fonts database. Skipping.
2025-10-13 01:22:26,867 INFO /System/Library/Fonts/Supplemental/Khmer Sangam MN.ttf : KhmerSangamMN already registered in fonts database. Skipping.
2025-10-13 01:22:26,937 INFO /System/Library/Fonts/Supplemental/Khmer Sangam MN.ttf : KhmerSangamMN already registered in fonts database. Skipping.
2025-10-13 01:22:26,977 INFO /System/Library/Fonts/Supplemental/Kokonor.ttfsh: line 1: 45373 Abort trap: 6           '/Library/Frameworks/R.framework/Versions/4.5-arm64/Resources/library/Rttf2pt1/exec//ttf2pt1' -a -GfAe '/System/Library/Fonts/Supplemental/Kokonor.ttf' '/var/folders/73/jl9lgbkj511fwjxkl9cvw7q00000gq/T//RtmpEazRaN/fonts/Kokonor' 2>&1
2025-10-13 01:22:26,977 INFO  : No FontName. Skipping.
2025-10-13 01:22:27,017 INFO /System/Library/Fonts/Supplemental/Kokonor.ttfsh: line 1: 45375 Abort trap: 6           '/Library/Frameworks/R.framework/Versions/4.5-arm64/Resources/library/Rttf2pt1/exec//ttf2pt1' -a -GfAe '/System/Library/Fonts/Supplemental/Kokonor.ttf' '/var/folders/73/jl9lgbkj511fwjxkl9cvw7q00000gq/T//RtmpEazRaN/fonts/Kokonor' 2>&1
2025-10-13 01:22:27,017 INFO  : No FontName. Skipping.
2025-10-13 01:22:27,039 INFO /System/Library/Fonts/Supplemental/Krungthep.ttf : No FontName. Skipping.
2025-10-13 01:22:27,060 INFO /System/Library/Fonts/Supplemental/Krungthep.ttf : No FontName. Skipping.
2025-10-13 01:22:27,089 INFO /System/Library/Fonts/Supplemental/Lao Sangam MN.ttf : LaoSangamMN already registered in fonts database. Skipping.
2025-10-13 01:22:27,121 INFO /System/Library/Fonts/Supplemental/Lao Sangam MN.ttf : LaoSangamMN already registered in fonts database. Skipping.
2025-10-13 01:22:27,425 INFO /System/Library/Fonts/Supplemental/Luminari.ttf : Luminari-Regular already registered in fonts database. Skipping.
2025-10-13 01:22:27,726 INFO /System/Library/Fonts/Supplemental/Luminari.ttf : Luminari-Regular already registered in fonts database. Skipping.
2025-10-13 01:22:27,791 INFO /System/Library/Fonts/Supplemental/Microsoft Sans Serif.ttf : MicrosoftSansSerif already registered in fonts database. Skipping.
2025-10-13 01:22:27,859 INFO /System/Library/Fonts/Supplemental/Microsoft Sans Serif.ttf : MicrosoftSansSerif already registered in fonts database. Skipping.
2025-10-13 01:22:28,029 INFO /System/Library/Fonts/Supplemental/Mishafi Gold.ttf : No FontName. Skipping.
2025-10-13 01:22:28,198 INFO /System/Library/Fonts/Supplemental/Mishafi Gold.ttf : No FontName. Skipping.
2025-10-13 01:22:28,591 INFO /System/Library/Fonts/Supplemental/Mishafi.ttf : No FontName. Skipping.
2025-10-13 01:22:28,984 INFO /System/Library/Fonts/Supplemental/Mishafi.ttf : No FontName. Skipping.
2025-10-13 01:22:28,989 INFO /System/Library/Fonts/Supplemental/NISC18030.ttf : No FontName. Skipping.
2025-10-13 01:22:28,995 INFO /System/Library/Fonts/Supplemental/NISC18030.ttf : No FontName. Skipping.
2025-10-13 01:22:29,015 INFO /System/Library/Fonts/Supplemental/NotoSansAdlam-Regular.ttf : NotoSansAdlam-Regular already registered in fonts database. Skipping.
2025-10-13 01:22:29,036 INFO /System/Library/Fonts/Supplemental/NotoSansAdlam-Regular.ttf : NotoSansAdlam-Regular already registered in fonts database. Skipping.
2025-10-13 01:22:29,045 INFO /System/Library/Fonts/Supplemental/NotoSansAvestan-Regular.ttf : NotoSansAvestan-Regular already registered in fonts database. Skipping.
2025-10-13 01:22:29,054 INFO /System/Library/Fonts/Supplemental/NotoSansAvestan-Regular.ttf : NotoSansAvestan-Regular already registered in fonts database. Skipping.
2025-10-13 01:22:29,103 INFO /System/Library/Fonts/Supplemental/NotoSansBamum-Regular.ttf : NotoSansBamum-Regular already registered in fonts database. Skipping.
2025-10-13 01:22:29,152 INFO /System/Library/Fonts/Supplemental/NotoSansBamum-Regular.ttf : NotoSansBamum-Regular already registered in fonts database. Skipping.
2025-10-13 01:22:29,233 INFO /System/Library/Fonts/Supplemental/NotoSansBassaVah-Regular.ttf : NotoSansBassaVah-Regular already registered in fonts database. Skipping.
2025-10-13 01:22:29,241 INFO /System/Library/Fonts/Supplemental/NotoSansBassaVah-Regular.ttf : NotoSansBassaVah-Regular already registered in fonts database. Skipping.
2025-10-13 01:22:29,256 INFO /System/Library/Fonts/Supplemental/NotoSansBatak-Regular.ttf : NotoSansBatak-Regular already registered in fonts database. Skipping.
2025-10-13 01:22:29,271 INFO /System/Library/Fonts/Supplemental/NotoSansBatak-Regular.ttf : NotoSansBatak-Regular already registered in fonts database. Skipping.
2025-10-13 01:22:29,381 INFO /System/Library/Fonts/Supplemental/NotoSansBhaiksuki-Regular.ttf : NotoSansBhaiksuki-Regular already registered in fonts database. Skipping.
2025-10-13 01:22:29,491 INFO /System/Library/Fonts/Supplemental/NotoSansBhaiksuki-Regular.ttf : NotoSansBhaiksuki-Regular already registered in fonts database. Skipping.
2025-10-13 01:22:29,505 INFO /System/Library/Fonts/Supplemental/NotoSansBrahmi-Regular.ttf : NotoSansBrahmi-Regular already registered in fonts database. Skipping.
2025-10-13 01:22:29,519 INFO /System/Library/Fonts/Supplemental/NotoSansBrahmi-Regular.ttf : NotoSansBrahmi-Regular already registered in fonts database. Skipping.
2025-10-13 01:22:29,526 INFO /System/Library/Fonts/Supplemental/NotoSansBuginese-Regular.ttf : NotoSansBuginese-Regular already registered in fonts database. Skipping.
2025-10-13 01:22:29,534 INFO /System/Library/Fonts/Supplemental/NotoSansBuginese-Regular.ttf : NotoSansBuginese-Regular already registered in fonts database. Skipping.
2025-10-13 01:22:29,541 INFO /System/Library/Fonts/Supplemental/NotoSansBuhid-Regular.ttf : NotoSansBuhid-Regular already registered in fonts database. Skipping.
2025-10-13 01:22:29,547 INFO /System/Library/Fonts/Supplemental/NotoSansBuhid-Regular.ttf : NotoSansBuhid-Regular already registered in fonts database. Skipping.
2025-10-13 01:22:29,555 INFO /System/Library/Fonts/Supplemental/NotoSansCarian-Regular.ttf : NotoSansCarian-Regular already registered in fonts database. Skipping.
2025-10-13 01:22:29,563 INFO /System/Library/Fonts/Supplemental/NotoSansCarian-Regular.ttf : NotoSansCarian-Regular already registered in fonts database. Skipping.
2025-10-13 01:22:29,573 INFO /System/Library/Fonts/Supplemental/NotoSansCaucasianAlbanian-Regular.ttf : NotoSansCaucasianAlbanian-Regular already registered in fonts database. Skipping.
2025-10-13 01:22:29,584 INFO /System/Library/Fonts/Supplemental/NotoSansCaucasianAlbanian-Regular.ttf : NotoSansCaucasianAlbanian-Regular already registered in fonts database. Skipping.
2025-10-13 01:22:29,603 INFO /System/Library/Fonts/Supplemental/NotoSansChakma-Regular.ttf : NotoSansChakma-Regular already registered in fonts database. Skipping.
2025-10-13 01:22:29,620 INFO /System/Library/Fonts/Supplemental/NotoSansChakma-Regular.ttf : NotoSansChakma-Regular already registered in fonts database. Skipping.
2025-10-13 01:22:29,633 INFO /System/Library/Fonts/Supplemental/NotoSansCham-Regular.ttf : NotoSansCham-Regular already registered in fonts database. Skipping.
2025-10-13 01:22:29,644 INFO /System/Library/Fonts/Supplemental/NotoSansCham-Regular.ttf : NotoSansCham-Regular already registered in fonts database. Skipping.
2025-10-13 01:22:29,656 INFO /System/Library/Fonts/Supplemental/NotoSansCoptic-Regular.ttf : NotoSansCoptic-Regular already registered in fonts database. Skipping.
2025-10-13 01:22:29,667 INFO /System/Library/Fonts/Supplemental/NotoSansCoptic-Regular.ttf : NotoSansCoptic-Regular already registered in fonts database. Skipping.
2025-10-13 01:22:29,936 INFO /System/Library/Fonts/Supplemental/NotoSansCuneiform-Regular.ttf : NotoSansCuneiform-Regular already registered in fonts database. Skipping.
2025-10-13 01:22:30,206 INFO /System/Library/Fonts/Supplemental/NotoSansCuneiform-Regular.ttf : NotoSansCuneiform-Regular already registered in fonts database. Skipping.
2025-10-13 01:22:30,213 INFO /System/Library/Fonts/Supplemental/NotoSansCypriot-Regular.ttf : NotoSansCypriot-Regular already registered in fonts database. Skipping.
2025-10-13 01:22:30,220 INFO /System/Library/Fonts/Supplemental/NotoSansCypriot-Regular.ttf : NotoSansCypriot-Regular already registered in fonts database. Skipping.
2025-10-13 01:22:30,230 INFO /System/Library/Fonts/Supplemental/NotoSansDuployan-Regular.ttf : NotoSansDuployan-Regular already registered in fonts database. Skipping.
2025-10-13 01:22:30,241 INFO /System/Library/Fonts/Supplemental/NotoSansDuployan-Regular.ttf : NotoSansDuployan-Regular already registered in fonts database. Skipping.
2025-10-13 01:22:30,535 INFO /System/Library/Fonts/Supplemental/NotoSansEgyptianHieroglyphs-Regular.ttf : NotoSansEgyptianHieroglyphs-Regular already registered in fonts database. Skipping.
2025-10-13 01:22:30,827 INFO /System/Library/Fonts/Supplemental/NotoSansEgyptianHieroglyphs-Regular.ttf : NotoSansEgyptianHieroglyphs-Regular already registered in fonts database. Skipping.
2025-10-13 01:22:30,835 INFO /System/Library/Fonts/Supplemental/NotoSansElbasan-Regular.ttf : NotoSansElbasan-Regular already registered in fonts database. Skipping.
2025-10-13 01:22:30,842 INFO /System/Library/Fonts/Supplemental/NotoSansElbasan-Regular.ttf : NotoSansElbasan-Regular already registered in fonts database. Skipping.
2025-10-13 01:22:30,854 INFO /System/Library/Fonts/Supplemental/NotoSansGlagolitic-Regular.ttf : NotoSansGlagolitic-Regular already registered in fonts database. Skipping.
2025-10-13 01:22:30,864 INFO /System/Library/Fonts/Supplemental/NotoSansGlagolitic-Regular.ttf : NotoSansGlagolitic-Regular already registered in fonts database. Skipping.
2025-10-13 01:22:30,871 INFO /System/Library/Fonts/Supplemental/NotoSansGothic-Regular.ttf : NotoSansGothic-Regular already registered in fonts database. Skipping.
2025-10-13 01:22:30,878 INFO /System/Library/Fonts/Supplemental/NotoSansGothic-Regular.ttf : NotoSansGothic-Regular already registered in fonts database. Skipping.
2025-10-13 01:22:30,889 INFO /System/Library/Fonts/Supplemental/NotoSansHanifiRohingya-Regular.ttf : NotoSansHanifiRohingya-Regular already registered in fonts database. Skipping.
2025-10-13 01:22:30,901 INFO /System/Library/Fonts/Supplemental/NotoSansHanifiRohingya-Regular.ttf : NotoSansHanifiRohingya-Regular already registered in fonts database. Skipping.
2025-10-13 01:22:30,908 INFO /System/Library/Fonts/Supplemental/NotoSansHanunoo-Regular.ttf : NotoSansHanunoo-Regular already registered in fonts database. Skipping.
2025-10-13 01:22:30,916 INFO /System/Library/Fonts/Supplemental/NotoSansHanunoo-Regular.ttf : NotoSansHanunoo-Regular already registered in fonts database. Skipping.
2025-10-13 01:22:30,922 INFO /System/Library/Fonts/Supplemental/NotoSansHatran-Regular.ttf : NotoSansHatran-Regular already registered in fonts database. Skipping.
2025-10-13 01:22:30,928 INFO /System/Library/Fonts/Supplemental/NotoSansHatran-Regular.ttf : NotoSansHatran-Regular already registered in fonts database. Skipping.
2025-10-13 01:22:30,936 INFO /System/Library/Fonts/Supplemental/NotoSansImperialAramaic-Regular.ttf : NotoSansImperialAramaic-Regular already registered in fonts database. Skipping.
2025-10-13 01:22:30,944 INFO /System/Library/Fonts/Supplemental/NotoSansImperialAramaic-Regular.ttf : NotoSansImperialAramaic-Regular already registered in fonts database. Skipping.
2025-10-13 01:22:30,951 INFO /System/Library/Fonts/Supplemental/NotoSansInscriptionalPahlavi-Regular.ttf : NotoSansInscriptionalPahlavi-Regular already registered in fonts database. Skipping.
2025-10-13 01:22:30,958 INFO /System/Library/Fonts/Supplemental/NotoSansInscriptionalPahlavi-Regular.ttf : NotoSansInscriptionalPahlavi-Regular already registered in fonts database. Skipping.
2025-10-13 01:22:30,966 INFO /System/Library/Fonts/Supplemental/NotoSansInscriptionalParthian-Regular.ttf : NotoSansInscriptionalParthian-Regular already registered in fonts database. Skipping.
2025-10-13 01:22:30,975 INFO /System/Library/Fonts/Supplemental/NotoSansInscriptionalParthian-Regular.ttf : NotoSansInscriptionalParthian-Regular already registered in fonts database. Skipping.
2025-10-13 01:22:30,994 INFO /System/Library/Fonts/Supplemental/NotoSansKaithi-Regular.ttf : NotoSansKaithi-Regular already registered in fonts database. Skipping.
2025-10-13 01:22:31,012 INFO /System/Library/Fonts/Supplemental/NotoSansKaithi-Regular.ttf : NotoSansKaithi-Regular already registered in fonts database. Skipping.
2025-10-13 01:22:31,021 INFO /System/Library/Fonts/Supplemental/NotoSansKayahLi-Regular.ttf : NotoSansKayahLi-Regular already registered in fonts database. Skipping.
2025-10-13 01:22:31,031 INFO /System/Library/Fonts/Supplemental/NotoSansKayahLi-Regular.ttf : NotoSansKayahLi-Regular already registered in fonts database. Skipping.
2025-10-13 01:22:31,042 INFO /System/Library/Fonts/Supplemental/NotoSansKharoshthi-Regular.ttf : NotoSansKharoshthi-Regular already registered in fonts database. Skipping.
2025-10-13 01:22:31,054 INFO /System/Library/Fonts/Supplemental/NotoSansKharoshthi-Regular.ttf : NotoSansKharoshthi-Regular already registered in fonts database. Skipping.
2025-10-13 01:22:31,074 INFO /System/Library/Fonts/Supplemental/NotoSansKhojki-Regular.ttf : NotoSansKhojki-Regular already registered in fonts database. Skipping.
2025-10-13 01:22:31,093 INFO /System/Library/Fonts/Supplemental/NotoSansKhojki-Regular.ttf : NotoSansKhojki-Regular already registered in fonts database. Skipping.
2025-10-13 01:22:31,104 INFO /System/Library/Fonts/Supplemental/NotoSansKhudawadi-Regular.ttf : NotoSansKhudawadi-Regular already registered in fonts database. Skipping.
2025-10-13 01:22:31,114 INFO /System/Library/Fonts/Supplemental/NotoSansKhudawadi-Regular.ttf : NotoSansKhudawadi-Regular already registered in fonts database. Skipping.
2025-10-13 01:22:31,125 INFO /System/Library/Fonts/Supplemental/NotoSansLepcha-Regular.ttf : NotoSansLepcha-Regular already registered in fonts database. Skipping.
2025-10-13 01:22:31,135 INFO /System/Library/Fonts/Supplemental/NotoSansLepcha-Regular.ttf : NotoSansLepcha-Regular already registered in fonts database. Skipping.
2025-10-13 01:22:31,146 INFO /System/Library/Fonts/Supplemental/NotoSansLimbu-Regular.ttf : NotoSansLimbu-Regular already registered in fonts database. Skipping.
2025-10-13 01:22:31,155 INFO /System/Library/Fonts/Supplemental/NotoSansLimbu-Regular.ttf : NotoSansLimbu-Regular already registered in fonts database. Skipping.
2025-10-13 01:22:31,178 INFO /System/Library/Fonts/Supplemental/NotoSansLinearA-Regular.ttf : NotoSansLinearA-Regular already registered in fonts database. Skipping.
2025-10-13 01:22:31,200 INFO /System/Library/Fonts/Supplemental/NotoSansLinearA-Regular.ttf : NotoSansLinearA-Regular already registered in fonts database. Skipping.
2025-10-13 01:22:31,227 INFO /System/Library/Fonts/Supplemental/NotoSansLinearB-Regular.ttf : NotoSansLinearB-Regular already registered in fonts database. Skipping.
2025-10-13 01:22:31,254 INFO /System/Library/Fonts/Supplemental/NotoSansLinearB-Regular.ttf : NotoSansLinearB-Regular already registered in fonts database. Skipping.
2025-10-13 01:22:31,261 INFO /System/Library/Fonts/Supplemental/NotoSansLisu-Regular.ttf : NotoSansLisu-Regular already registered in fonts database. Skipping.
2025-10-13 01:22:31,268 INFO /System/Library/Fonts/Supplemental/NotoSansLisu-Regular.ttf : NotoSansLisu-Regular already registered in fonts database. Skipping.
2025-10-13 01:22:31,275 INFO /System/Library/Fonts/Supplemental/NotoSansLycian-Regular.ttf : NotoSansLycian-Regular already registered in fonts database. Skipping.
2025-10-13 01:22:31,281 INFO /System/Library/Fonts/Supplemental/NotoSansLycian-Regular.ttf : NotoSansLycian-Regular already registered in fonts database. Skipping.
2025-10-13 01:22:31,288 INFO /System/Library/Fonts/Supplemental/NotoSansLydian-Regular.ttf : NotoSansLydian-Regular already registered in fonts database. Skipping.
2025-10-13 01:22:31,295 INFO /System/Library/Fonts/Supplemental/NotoSansLydian-Regular.ttf : NotoSansLydian-Regular already registered in fonts database. Skipping.
2025-10-13 01:22:31,306 INFO /System/Library/Fonts/Supplemental/NotoSansMahajani-Regular.ttf : NotoSansMahajani-Regular already registered in fonts database. Skipping.
2025-10-13 01:22:31,317 INFO /System/Library/Fonts/Supplemental/NotoSansMahajani-Regular.ttf : NotoSansMahajani-Regular already registered in fonts database. Skipping.
2025-10-13 01:22:31,329 INFO /System/Library/Fonts/Supplemental/NotoSansMandaic-Regular.ttf : NotoSansMandaic-Regular already registered in fonts database. Skipping.
2025-10-13 01:22:31,341 INFO /System/Library/Fonts/Supplemental/NotoSansMandaic-Regular.ttf : NotoSansMandaic-Regular already registered in fonts database. Skipping.
2025-10-13 01:22:31,356 INFO /System/Library/Fonts/Supplemental/NotoSansManichaean-Regular.ttf : NotoSansManichaean-Regular already registered in fonts database. Skipping.
2025-10-13 01:22:31,370 INFO /System/Library/Fonts/Supplemental/NotoSansManichaean-Regular.ttf : NotoSansManichaean-Regular already registered in fonts database. Skipping.
2025-10-13 01:22:31,400 INFO /System/Library/Fonts/Supplemental/NotoSansMarchen-Regular.ttf : NotoSansMarchen-Regular already registered in fonts database. Skipping.
2025-10-13 01:22:31,429 INFO /System/Library/Fonts/Supplemental/NotoSansMarchen-Regular.ttf : NotoSansMarchen-Regular already registered in fonts database. Skipping.
2025-10-13 01:22:31,439 INFO /System/Library/Fonts/Supplemental/NotoSansMeeteiMayek-Regular.ttf : NotoSansMeeteiMayek-Regular already registered in fonts database. Skipping.
2025-10-13 01:22:31,449 INFO /System/Library/Fonts/Supplemental/NotoSansMeeteiMayek-Regular.ttf : NotoSansMeeteiMayek-Regular already registered in fonts database. Skipping.
2025-10-13 01:22:31,466 INFO /System/Library/Fonts/Supplemental/NotoSansMendeKikakui-Regular.ttf : NotoSansMendeKikakui-Regular already registered in fonts database. Skipping.
2025-10-13 01:22:31,483 INFO /System/Library/Fonts/Supplemental/NotoSansMendeKikakui-Regular.ttf : NotoSansMendeKikakui-Regular already registered in fonts database. Skipping.
2025-10-13 01:22:31,500 INFO /System/Library/Fonts/Supplemental/NotoSansMeroitic-Regular.ttf : NotoSansMeroitic-Regular already registered in fonts database. Skipping.
2025-10-13 01:22:31,516 INFO /System/Library/Fonts/Supplemental/NotoSansMeroitic-Regular.ttf : NotoSansMeroitic-Regular already registered in fonts database. Skipping.
2025-10-13 01:22:31,531 INFO /System/Library/Fonts/Supplemental/NotoSansMiao-Regular.ttf : NotoSansMiao-Regular already registered in fonts database. Skipping.
2025-10-13 01:22:31,546 INFO /System/Library/Fonts/Supplemental/NotoSansMiao-Regular.ttf : NotoSansMiao-Regular already registered in fonts database. Skipping.
2025-10-13 01:22:31,562 INFO /System/Library/Fonts/Supplemental/NotoSansModi-Regular.ttf : NotoSansModi-Regular already registered in fonts database. Skipping.
2025-10-13 01:22:31,579 INFO /System/Library/Fonts/Supplemental/NotoSansModi-Regular.ttf : NotoSansModi-Regular already registered in fonts database. Skipping.
2025-10-13 01:22:31,640 INFO /System/Library/Fonts/Supplemental/NotoSansMongolian-Regular.ttf : NotoSansMongolian-Regular already registered in fonts database. Skipping.
2025-10-13 01:22:31,701 INFO /System/Library/Fonts/Supplemental/NotoSansMongolian-Regular.ttf : NotoSansMongolian-Regular already registered in fonts database. Skipping.
2025-10-13 01:22:31,708 INFO /System/Library/Fonts/Supplemental/NotoSansMro-Regular.ttf : NotoSansMro-Regular already registered in fonts database. Skipping.
2025-10-13 01:22:31,716 INFO /System/Library/Fonts/Supplemental/NotoSansMro-Regular.ttf : NotoSansMro-Regular already registered in fonts database. Skipping.
2025-10-13 01:22:31,725 INFO /System/Library/Fonts/Supplemental/NotoSansMultani-Regular.ttf : NotoSansMultani-Regular already registered in fonts database. Skipping.
2025-10-13 01:22:31,735 INFO /System/Library/Fonts/Supplemental/NotoSansMultani-Regular.ttf : NotoSansMultani-Regular already registered in fonts database. Skipping.
2025-10-13 01:22:31,744 INFO /System/Library/Fonts/Supplemental/NotoSansNabataean-Regular.ttf : NotoSansNabataean-Regular already registered in fonts database. Skipping.
2025-10-13 01:22:31,753 INFO /System/Library/Fonts/Supplemental/NotoSansNabataean-Regular.ttf : NotoSansNabataean-Regular already registered in fonts database. Skipping.
2025-10-13 01:22:31,788 INFO /System/Library/Fonts/Supplemental/NotoSansNewa-Regular.ttf : NotoSansNewa-Regular already registered in fonts database. Skipping.
2025-10-13 01:22:31,823 INFO /System/Library/Fonts/Supplemental/NotoSansNewa-Regular.ttf : NotoSansNewa-Regular already registered in fonts database. Skipping.
2025-10-13 01:22:31,835 INFO /System/Library/Fonts/Supplemental/NotoSansNewTaiLue-Regular.ttf : NotoSansNewTaiLue-Regular already registered in fonts database. Skipping.
2025-10-13 01:22:31,847 INFO /System/Library/Fonts/Supplemental/NotoSansNewTaiLue-Regular.ttf : NotoSansNewTaiLue-Regular already registered in fonts database. Skipping.
2025-10-13 01:22:31,857 INFO /System/Library/Fonts/Supplemental/NotoSansNKo-Regular.ttf : NotoSansNKo-Regular already registered in fonts database. Skipping.
2025-10-13 01:22:31,867 INFO /System/Library/Fonts/Supplemental/NotoSansNKo-Regular.ttf : NotoSansNKo-Regular already registered in fonts database. Skipping.
2025-10-13 01:22:31,877 INFO /System/Library/Fonts/Supplemental/NotoSansOlChiki-Regular.ttf : NotoSansOlChiki-Regular already registered in fonts database. Skipping.
2025-10-13 01:22:31,888 INFO /System/Library/Fonts/Supplemental/NotoSansOlChiki-Regular.ttf : NotoSansOlChiki-Regular already registered in fonts database. Skipping.
2025-10-13 01:22:31,899 INFO /System/Library/Fonts/Supplemental/NotoSansOldHungarian-Regular.ttf : NotoSansOldHungarian-Regular already registered in fonts database. Skipping.
2025-10-13 01:22:31,911 INFO /System/Library/Fonts/Supplemental/NotoSansOldHungarian-Regular.ttf : NotoSansOldHungarian-Regular already registered in fonts database. Skipping.
2025-10-13 01:22:31,919 INFO /System/Library/Fonts/Supplemental/NotoSansOldItalic-Regular.ttf : NotoSansOldItalic-Regular already registered in fonts database. Skipping.
2025-10-13 01:22:31,927 INFO /System/Library/Fonts/Supplemental/NotoSansOldItalic-Regular.ttf : NotoSansOldItalic-Regular already registered in fonts database. Skipping.
2025-10-13 01:22:31,935 INFO /System/Library/Fonts/Supplemental/NotoSansOldNorthArabian-Regular.ttf : NotoSansOldNorthArabian-Regular already registered in fonts database. Skipping.
2025-10-13 01:22:31,942 INFO /System/Library/Fonts/Supplemental/NotoSansOldNorthArabian-Regular.ttf : NotoSansOldNorthArabian-Regular already registered in fonts database. Skipping.
2025-10-13 01:22:31,949 INFO /System/Library/Fonts/Supplemental/NotoSansOldPermic-Regular.ttf : NotoSansOldPermic-Regular already registered in fonts database. Skipping.
2025-10-13 01:22:31,957 INFO /System/Library/Fonts/Supplemental/NotoSansOldPermic-Regular.ttf : NotoSansOldPermic-Regular already registered in fonts database. Skipping.
2025-10-13 01:22:31,966 INFO /System/Library/Fonts/Supplemental/NotoSansOldPersian-Regular.ttf : NotoSansOldPersian-Regular already registered in fonts database. Skipping.
2025-10-13 01:22:31,976 INFO /System/Library/Fonts/Supplemental/NotoSansOldPersian-Regular.ttf : NotoSansOldPersian-Regular already registered in fonts database. Skipping.
2025-10-13 01:22:31,983 INFO /System/Library/Fonts/Supplemental/NotoSansOldSouthArabian-Regular.ttf : NotoSansOldSouthArabian-Regular already registered in fonts database. Skipping.
2025-10-13 01:22:31,990 INFO /System/Library/Fonts/Supplemental/NotoSansOldSouthArabian-Regular.ttf : NotoSansOldSouthArabian-Regular already registered in fonts database. Skipping.
2025-10-13 01:22:31,998 INFO /System/Library/Fonts/Supplemental/NotoSansOldTurkic-Regular.ttf : NotoSansOldTurkic-Regular already registered in fonts database. Skipping.
2025-10-13 01:22:32,006 INFO /System/Library/Fonts/Supplemental/NotoSansOldTurkic-Regular.ttf : NotoSansOldTurkic-Regular already registered in fonts database. Skipping.
2025-10-13 01:22:32,015 INFO /System/Library/Fonts/Supplemental/NotoSansOsage-Regular.ttf : NotoSansOsage-Regular already registered in fonts database. Skipping.
2025-10-13 01:22:32,024 INFO /System/Library/Fonts/Supplemental/NotoSansOsage-Regular.ttf : NotoSansOsage-Regular already registered in fonts database. Skipping.
2025-10-13 01:22:32,033 INFO /System/Library/Fonts/Supplemental/NotoSansOsmanya-Regular.ttf : NotoSansOsmanya-Regular already registered in fonts database. Skipping.
2025-10-13 01:22:32,042 INFO /System/Library/Fonts/Supplemental/NotoSansOsmanya-Regular.ttf : NotoSansOsmanya-Regular already registered in fonts database. Skipping.
2025-10-13 01:22:32,054 INFO /System/Library/Fonts/Supplemental/NotoSansPahawhHmong-Regular.ttf : NotoSansPahawhHmong-Regular already registered in fonts database. Skipping.
2025-10-13 01:22:32,064 INFO /System/Library/Fonts/Supplemental/NotoSansPahawhHmong-Regular.ttf : NotoSansPahawhHmong-Regular already registered in fonts database. Skipping.
2025-10-13 01:22:32,077 INFO /System/Library/Fonts/Supplemental/NotoSansPalmyrene-Regular.ttf : NotoSansPalmyrene-Regular already registered in fonts database. Skipping.
2025-10-13 01:22:32,090 INFO /System/Library/Fonts/Supplemental/NotoSansPalmyrene-Regular.ttf : NotoSansPalmyrene-Regular already registered in fonts database. Skipping.
2025-10-13 01:22:32,098 INFO /System/Library/Fonts/Supplemental/NotoSansPauCinHau-Regular.ttf : NotoSansPauCinHau-Regular already registered in fonts database. Skipping.
2025-10-13 01:22:32,105 INFO /System/Library/Fonts/Supplemental/NotoSansPauCinHau-Regular.ttf : NotoSansPauCinHau-Regular already registered in fonts database. Skipping.
2025-10-13 01:22:32,119 INFO /System/Library/Fonts/Supplemental/NotoSansPhagsPa-Regular.ttf : NotoSansPhagsPa-Regular already registered in fonts database. Skipping.
2025-10-13 01:22:32,132 INFO /System/Library/Fonts/Supplemental/NotoSansPhagsPa-Regular.ttf : NotoSansPhagsPa-Regular already registered in fonts database. Skipping.
2025-10-13 01:22:32,140 INFO /System/Library/Fonts/Supplemental/NotoSansPhoenician-Regular.ttf : NotoSansPhoenician-Regular already registered in fonts database. Skipping.
2025-10-13 01:22:32,149 INFO /System/Library/Fonts/Supplemental/NotoSansPhoenician-Regular.ttf : NotoSansPhoenician-Regular already registered in fonts database. Skipping.
2025-10-13 01:22:32,161 INFO /System/Library/Fonts/Supplemental/NotoSansPsalterPahlavi-Regular.ttf : NotoSansPsalterPahlavi-Regular already registered in fonts database. Skipping.
2025-10-13 01:22:32,174 INFO /System/Library/Fonts/Supplemental/NotoSansPsalterPahlavi-Regular.ttf : NotoSansPsalterPahlavi-Regular already registered in fonts database. Skipping.
2025-10-13 01:22:32,181 INFO /System/Library/Fonts/Supplemental/NotoSansRejang-Regular.ttf : NotoSansRejang-Regular already registered in fonts database. Skipping.
2025-10-13 01:22:32,188 INFO /System/Library/Fonts/Supplemental/NotoSansRejang-Regular.ttf : NotoSansRejang-Regular already registered in fonts database. Skipping.
2025-10-13 01:22:32,198 INFO /System/Library/Fonts/Supplemental/NotoSansSamaritan-Regular.ttf : NotoSansSamaritan-Regular already registered in fonts database. Skipping.
2025-10-13 01:22:32,207 INFO /System/Library/Fonts/Supplemental/NotoSansSamaritan-Regular.ttf : NotoSansSamaritan-Regular already registered in fonts database. Skipping.
2025-10-13 01:22:32,218 INFO /System/Library/Fonts/Supplemental/NotoSansSaurashtra-Regular.ttf : NotoSansSaurashtra-Regular already registered in fonts database. Skipping.
2025-10-13 01:22:32,228 INFO /System/Library/Fonts/Supplemental/NotoSansSaurashtra-Regular.ttf : NotoSansSaurashtra-Regular already registered in fonts database. Skipping.
2025-10-13 01:22:32,244 INFO /System/Library/Fonts/Supplemental/NotoSansSharada-Regular.ttf : NotoSansSharada-Regular already registered in fonts database. Skipping.
2025-10-13 01:22:32,260 INFO /System/Library/Fonts/Supplemental/NotoSansSharada-Regular.ttf : NotoSansSharada-Regular already registered in fonts database. Skipping.
2025-10-13 01:22:32,267 INFO /System/Library/Fonts/Supplemental/NotoSansSoraSompeng-Regular.ttf : NotoSansSoraSompeng-Regular already registered in fonts database. Skipping.
2025-10-13 01:22:32,275 INFO /System/Library/Fonts/Supplemental/NotoSansSoraSompeng-Regular.ttf : NotoSansSoraSompeng-Regular already registered in fonts database. Skipping.
2025-10-13 01:22:32,283 INFO /System/Library/Fonts/Supplemental/NotoSansSundanese-Regular.ttf : NotoSansSundanese-Regular already registered in fonts database. Skipping.
2025-10-13 01:22:32,291 INFO /System/Library/Fonts/Supplemental/NotoSansSundanese-Regular.ttf : NotoSansSundanese-Regular already registered in fonts database. Skipping.
2025-10-13 01:22:32,302 INFO /System/Library/Fonts/Supplemental/NotoSansSylotiNagri-Regular.ttf : NotoSansSylotiNagri-Regular already registered in fonts database. Skipping.
2025-10-13 01:22:32,312 INFO /System/Library/Fonts/Supplemental/NotoSansSylotiNagri-Regular.ttf : NotoSansSylotiNagri-Regular already registered in fonts database. Skipping.
2025-10-13 01:22:32,331 INFO /System/Library/Fonts/Supplemental/NotoSansSyriac-Regular.ttf : NotoSansSyriac-Regular already registered in fonts database. Skipping.
2025-10-13 01:22:32,350 INFO /System/Library/Fonts/Supplemental/NotoSansSyriac-Regular.ttf : NotoSansSyriac-Regular already registered in fonts database. Skipping.
2025-10-13 01:22:32,358 INFO /System/Library/Fonts/Supplemental/NotoSansTagalog-Regular.ttf : NotoSansTagalog-Regular already registered in fonts database. Skipping.
2025-10-13 01:22:32,366 INFO /System/Library/Fonts/Supplemental/NotoSansTagalog-Regular.ttf : NotoSansTagalog-Regular already registered in fonts database. Skipping.
2025-10-13 01:22:32,374 INFO /System/Library/Fonts/Supplemental/NotoSansTagbanwa-Regular.ttf : NotoSansTagbanwa-Regular already registered in fonts database. Skipping.
2025-10-13 01:22:32,381 INFO /System/Library/Fonts/Supplemental/NotoSansTagbanwa-Regular.ttf : NotoSansTagbanwa-Regular already registered in fonts database. Skipping.
2025-10-13 01:22:32,392 INFO /System/Library/Fonts/Supplemental/NotoSansTaiLe-Regular.ttf : NotoSansTaiLe-Regular already registered in fonts database. Skipping.
2025-10-13 01:22:32,402 INFO /System/Library/Fonts/Supplemental/NotoSansTaiLe-Regular.ttf : NotoSansTaiLe-Regular already registered in fonts database. Skipping.
2025-10-13 01:22:32,421 INFO /System/Library/Fonts/Supplemental/NotoSansTaiTham-Regular.ttf : NotoSansTaiTham already registered in fonts database. Skipping.
2025-10-13 01:22:32,440 INFO /System/Library/Fonts/Supplemental/NotoSansTaiTham-Regular.ttf : NotoSansTaiTham already registered in fonts database. Skipping.
2025-10-13 01:22:32,452 INFO /System/Library/Fonts/Supplemental/NotoSansTaiViet-Regular.ttf : NotoSansTaiViet-Regular already registered in fonts database. Skipping.
2025-10-13 01:22:32,466 INFO /System/Library/Fonts/Supplemental/NotoSansTaiViet-Regular.ttf : NotoSansTaiViet-Regular already registered in fonts database. Skipping.
2025-10-13 01:22:32,475 INFO /System/Library/Fonts/Supplemental/NotoSansTakri-Regular.ttf : NotoSansTakri-Regular already registered in fonts database. Skipping.
2025-10-13 01:22:32,484 INFO /System/Library/Fonts/Supplemental/NotoSansTakri-Regular.ttf : NotoSansTakri-Regular already registered in fonts database. Skipping.
2025-10-13 01:22:32,497 INFO /System/Library/Fonts/Supplemental/NotoSansThaana-Regular.ttf : NotoSansThaana-Regular already registered in fonts database. Skipping.
2025-10-13 01:22:32,510 INFO /System/Library/Fonts/Supplemental/NotoSansThaana-Regular.ttf : NotoSansThaana-Regular already registered in fonts database. Skipping.
2025-10-13 01:22:32,529 INFO /System/Library/Fonts/Supplemental/NotoSansTirhuta-Regular.ttf : NotoSansTirhuta-Regular already registered in fonts database. Skipping.
2025-10-13 01:22:32,549 INFO /System/Library/Fonts/Supplemental/NotoSansTirhuta-Regular.ttf : NotoSansTirhuta-Regular already registered in fonts database. Skipping.
2025-10-13 01:22:32,557 INFO /System/Library/Fonts/Supplemental/NotoSansUgaritic-Regular.ttf : NotoSansUgaritic-Regular already registered in fonts database. Skipping.
2025-10-13 01:22:32,564 INFO /System/Library/Fonts/Supplemental/NotoSansUgaritic-Regular.ttf : NotoSansUgaritic-Regular already registered in fonts database. Skipping.
2025-10-13 01:22:32,585 INFO /System/Library/Fonts/Supplemental/NotoSansVai-Regular.ttf : NotoSansVai-Regular already registered in fonts database. Skipping.
2025-10-13 01:22:32,606 INFO /System/Library/Fonts/Supplemental/NotoSansVai-Regular.ttf : NotoSansVai-Regular already registered in fonts database. Skipping.
2025-10-13 01:22:32,616 INFO /System/Library/Fonts/Supplemental/NotoSansWancho-Regular.ttf : NotoSansWancho-Regular already registered in fonts database. Skipping.
2025-10-13 01:22:32,625 INFO /System/Library/Fonts/Supplemental/NotoSansWancho-Regular.ttf : NotoSansWancho-Regular already registered in fonts database. Skipping.
2025-10-13 01:22:32,636 INFO /System/Library/Fonts/Supplemental/NotoSansWarangCiti-Regular.ttf : NotoSansWarangCiti-Regular already registered in fonts database. Skipping.
2025-10-13 01:22:32,647 INFO /System/Library/Fonts/Supplemental/NotoSansWarangCiti-Regular.ttf : NotoSansWarangCiti-Regular already registered in fonts database. Skipping.
2025-10-13 01:22:32,700 INFO /System/Library/Fonts/Supplemental/NotoSansYi-Regular.ttf : NotoSansYi-Regular already registered in fonts database. Skipping.
2025-10-13 01:22:32,756 INFO /System/Library/Fonts/Supplemental/NotoSansYi-Regular.ttf : NotoSansYi-Regular already registered in fonts database. Skipping.
2025-10-13 01:22:32,769 INFO /System/Library/Fonts/Supplemental/NotoSerifAhom-Regular.ttf : NotoSerifAhom-Regular already registered in fonts database. Skipping.
2025-10-13 01:22:32,781 INFO /System/Library/Fonts/Supplemental/NotoSerifAhom-Regular.ttf : NotoSerifAhom-Regular already registered in fonts database. Skipping.
2025-10-13 01:22:32,811 INFO /System/Library/Fonts/Supplemental/NotoSerifBalinese-Regular.ttf : NotoSerifBalinese-Regular already registered in fonts database. Skipping.
2025-10-13 01:22:32,839 INFO /System/Library/Fonts/Supplemental/NotoSerifBalinese-Regular.ttf : NotoSerifBalinese-Regular already registered in fonts database. Skipping.
2025-10-13 01:22:32,849 INFO /System/Library/Fonts/Supplemental/NotoSerifNyiakengPuachueHmong-Regular.ttf : NotoSerifHmongNyiakeng-Regular already registered in fonts database. Skipping.
2025-10-13 01:22:32,857 INFO /System/Library/Fonts/Supplemental/NotoSerifNyiakengPuachueHmong-Regular.ttf : NotoSerifHmongNyiakeng-Regular already registered in fonts database. Skipping.
2025-10-13 01:22:32,958 INFO /System/Library/Fonts/Supplemental/PartyLET-plain.ttf : PartyLetPlain already registered in fonts database. Skipping.
2025-10-13 01:22:33,060 INFO /System/Library/Fonts/Supplemental/PartyLET-plain.ttf : PartyLetPlain already registered in fonts database. Skipping.
2025-10-13 01:22:33,102 INFO /System/Library/Fonts/Supplemental/PlantagenetCherokee.ttf : No FontName. Skipping.
2025-10-13 01:22:33,143 INFO /System/Library/Fonts/Supplemental/PlantagenetCherokee.ttf : No FontName. Skipping.
2025-10-13 01:22:33,183 INFO /System/Library/Fonts/Supplemental/Sathu.ttf : No FontName. Skipping.
2025-10-13 01:22:33,222 INFO /System/Library/Fonts/Supplemental/Sathu.ttf : No FontName. Skipping.
2025-10-13 01:22:33,245 INFO /System/Library/Fonts/Supplemental/Silom.ttf : No FontName. Skipping.
2025-10-13 01:22:33,268 INFO /System/Library/Fonts/Supplemental/Silom.ttf : No FontName. Skipping.
2025-10-13 01:22:33,296 INFO /System/Library/Fonts/Supplemental/Skia.ttf : No FontName. Skipping.
2025-10-13 01:22:33,324 INFO /System/Library/Fonts/Supplemental/Skia.ttf : No FontName. Skipping.
2025-10-13 01:22:33,456 INFO /System/Library/Fonts/Supplemental/STIXTwoText-Italic.ttf : STIXTwoText-Italic already registered in fonts database. Skipping.
2025-10-13 01:22:33,587 INFO /System/Library/Fonts/Supplemental/STIXTwoText-Italic.ttf : STIXTwoText-Italic already registered in fonts database. Skipping.
2025-10-13 01:22:33,705 INFO /System/Library/Fonts/Supplemental/STIXTwoText.ttf : STIXTwoText already registered in fonts database. Skipping.
2025-10-13 01:22:33,822 INFO /System/Library/Fonts/Supplemental/STIXTwoText.ttf : STIXTwoText already registered in fonts database. Skipping.
2025-10-13 01:22:33,914 INFO /System/Library/Fonts/Supplemental/Tahoma Bold.ttf : Tahoma-Bold already registered in fonts database. Skipping.
2025-10-13 01:22:34,006 INFO /System/Library/Fonts/Supplemental/Tahoma Bold.ttf : Tahoma-Bold already registered in fonts database. Skipping.
2025-10-13 01:22:34,105 INFO /System/Library/Fonts/Supplemental/Tahoma.ttf : Tahoma already registered in fonts database. Skipping.
2025-10-13 01:22:34,203 INFO /System/Library/Fonts/Supplemental/Tahoma.ttf : Tahoma already registered in fonts database. Skipping.
2025-10-13 01:22:34,303 INFO /System/Library/Fonts/Supplemental/Times New Roman Bold Italic.ttf : TimesNewRomanPS-BoldItalicMT already registered in fonts database. Skipping.
2025-10-13 01:22:34,402 INFO /System/Library/Fonts/Supplemental/Times New Roman Bold Italic.ttf : TimesNewRomanPS-BoldItalicMT already registered in fonts database. Skipping.
2025-10-13 01:22:34,546 INFO /System/Library/Fonts/Supplemental/Times New Roman Bold.ttf : TimesNewRomanPS-BoldMT already registered in fonts database. Skipping.
2025-10-13 01:22:34,690 INFO /System/Library/Fonts/Supplemental/Times New Roman Bold.ttf : TimesNewRomanPS-BoldMT already registered in fonts database. Skipping.
2025-10-13 01:22:34,795 INFO /System/Library/Fonts/Supplemental/Times New Roman Italic.ttf : TimesNewRomanPS-ItalicMT already registered in fonts database. Skipping.
2025-10-13 01:22:34,900 INFO /System/Library/Fonts/Supplemental/Times New Roman Italic.ttf : TimesNewRomanPS-ItalicMT already registered in fonts database. Skipping.
2025-10-13 01:22:35,053 INFO /System/Library/Fonts/Supplemental/Times New Roman.ttf : TimesNewRomanPSMT already registered in fonts database. Skipping.
2025-10-13 01:22:35,208 INFO /System/Library/Fonts/Supplemental/Times New Roman.ttf : TimesNewRomanPSMT already registered in fonts database. Skipping.
2025-10-13 01:22:37,062 INFO /System/Library/Fonts/Supplemental/Trattatello.ttf : Trattatello already registered in fonts database. Skipping.
2025-10-13 01:22:38,911 INFO /System/Library/Fonts/Supplemental/Trattatello.ttf : Trattatello already registered in fonts database. Skipping.
2025-10-13 01:22:38,926 INFO /System/Library/Fonts/Supplemental/Trebuchet MS Bold Italic.ttf : Trebuchet-BoldItalic already registered in fonts database. Skipping.
2025-10-13 01:22:38,941 INFO /System/Library/Fonts/Supplemental/Trebuchet MS Bold Italic.ttf : Trebuchet-BoldItalic already registered in fonts database. Skipping.
2025-10-13 01:22:38,956 INFO /System/Library/Fonts/Supplemental/Trebuchet MS Bold.ttf : TrebuchetMS-Bold already registered in fonts database. Skipping.
2025-10-13 01:22:38,971 INFO /System/Library/Fonts/Supplemental/Trebuchet MS Bold.ttf : TrebuchetMS-Bold already registered in fonts database. Skipping.
2025-10-13 01:22:38,987 INFO /System/Library/Fonts/Supplemental/Trebuchet MS Italic.ttf : TrebuchetMS-Italic already registered in fonts database. Skipping.
2025-10-13 01:22:39,003 INFO /System/Library/Fonts/Supplemental/Trebuchet MS Italic.ttf : TrebuchetMS-Italic already registered in fonts database. Skipping.
2025-10-13 01:22:39,017 INFO /System/Library/Fonts/Supplemental/Trebuchet MS.ttf : TrebuchetMS already registered in fonts database. Skipping.
2025-10-13 01:22:39,032 INFO /System/Library/Fonts/Supplemental/Trebuchet MS.ttf : TrebuchetMS already registered in fonts database. Skipping.
2025-10-13 01:22:39,054 INFO /System/Library/Fonts/Supplemental/Verdana Bold Italic.ttf : Verdana-BoldItalic already registered in fonts database. Skipping.
2025-10-13 01:22:39,075 INFO /System/Library/Fonts/Supplemental/Verdana Bold Italic.ttf : Verdana-BoldItalic already registered in fonts database. Skipping.
2025-10-13 01:22:39,099 INFO /System/Library/Fonts/Supplemental/Verdana Bold.ttf : Verdana-Bold already registered in fonts database. Skipping.
2025-10-13 01:22:39,122 INFO /System/Library/Fonts/Supplemental/Verdana Bold.ttf : Verdana-Bold already registered in fonts database. Skipping.
2025-10-13 01:22:39,145 INFO /System/Library/Fonts/Supplemental/Verdana Italic.ttf : Verdana-Italic already registered in fonts database. Skipping.
2025-10-13 01:22:39,168 INFO /System/Library/Fonts/Supplemental/Verdana Italic.ttf : Verdana-Italic already registered in fonts database. Skipping.
2025-10-13 01:22:39,192 INFO /System/Library/Fonts/Supplemental/Verdana.ttf : Verdana already registered in fonts database. Skipping.
2025-10-13 01:22:39,217 INFO /System/Library/Fonts/Supplemental/Verdana.ttf : Verdana already registered in fonts database. Skipping.
2025-10-13 01:22:39,245 INFO /System/Library/Fonts/Supplemental/Webdings.ttf : Webdings already registered in fonts database. Skipping.
2025-10-13 01:22:39,273 INFO /System/Library/Fonts/Supplemental/Webdings.ttf : Webdings already registered in fonts database. Skipping.
2025-10-13 01:22:39,285 INFO /System/Library/Fonts/Supplemental/Wingdings 2.ttf : Wingdings2 already registered in fonts database. Skipping.
2025-10-13 01:22:39,297 INFO /System/Library/Fonts/Supplemental/Wingdings 2.ttf : Wingdings2 already registered in fonts database. Skipping.
2025-10-13 01:22:39,305 INFO /System/Library/Fonts/Supplemental/Wingdings 3.ttf : Wingdings3 already registered in fonts database. Skipping.
2025-10-13 01:22:39,312 INFO /System/Library/Fonts/Supplemental/Wingdings 3.ttf : Wingdings3 already registered in fonts database. Skipping.
2025-10-13 01:22:39,325 INFO /System/Library/Fonts/Supplemental/Wingdings.ttf : Wingdings-Regular already registered in fonts database. Skipping.
2025-10-13 01:22:39,339 INFO /System/Library/Fonts/Supplemental/Wingdings.ttf : Wingdings-Regular already registered in fonts database. Skipping.
2025-10-13 01:22:39,719 INFO /System/Library/Fonts/Supplemental/Zapfino.ttf : No FontName. Skipping.
2025-10-13 01:22:40,101 INFO /System/Library/Fonts/Supplemental/Zapfino.ttf : No FontName. Skipping.
2025-10-13 01:22:40,110 INFO /System/Library/Fonts/Symbol.ttf : No FontName. Skipping.
2025-10-13 01:22:40,121 INFO /System/Library/Fonts/ZapfDingbats.ttf : No FontName. Skipping.
2025-10-13 01:22:40,121 INFO Found FontName for 0 fonts.
2025-10-13 01:22:40,122 INFO Scanning afm files in /Library/Frameworks/R.framework/Versions/4.5-arm64/Resources/library/extrafontdb/metrics
2025-10-13 01:22:40,214 INFO .Keyboard already registered with pdfFont().
2025-10-13 01:22:40,214 INFO .New York already registered with pdfFont().
2025-10-13 01:22:40,214 INFO .SF Arabic already registered with pdfFont().
2025-10-13 01:22:40,214 INFO .SF Arabic Rounded already registered with pdfFont().
2025-10-13 01:22:40,214 INFO .SF Armenian already registered with pdfFont().
2025-10-13 01:22:40,214 INFO .SF Armenian Rounded already registered with pdfFont().
2025-10-13 01:22:40,214 INFO .SF Camera already registered with pdfFont().
2025-10-13 01:22:40,214 INFO .SF Compact already registered with pdfFont().
2025-10-13 01:22:40,214 INFO .SF Compact Rounded already registered with pdfFont().
2025-10-13 01:22:40,214 INFO .SF Georgian already registered with pdfFont().
2025-10-13 01:22:40,214 INFO .SF Georgian Rounded already registered with pdfFont().
2025-10-13 01:22:40,214 INFO .SF Hebrew already registered with pdfFont().
2025-10-13 01:22:40,214 INFO .SF Hebrew Rounded already registered with pdfFont().
2025-10-13 01:22:40,214 INFO .SF NS Mono already registered with pdfFont().
2025-10-13 01:22:40,214 INFO .SF NS Rounded already registered with pdfFont().
2025-10-13 01:22:40,214 INFO Academy Engraved LET already registered with pdfFont().
2025-10-13 01:22:40,214 INFO Andale Mono already registered with pdfFont().
2025-10-13 01:22:40,214 INFO More than one version of regular/bold/italic found for Apple Braille. Skipping setup for this font.
2025-10-13 01:22:40,214 INFO AppleMyungjo already registered with pdfFont().
2025-10-13 01:22:40,214 INFO Arial already registered with pdfFont().
2025-10-13 01:22:40,214 INFO Arial Black already registered with pdfFont().
2025-10-13 01:22:40,214 INFO Arial Narrow already registered with pdfFont().
2025-10-13 01:22:40,214 INFO Arial Rounded MT Bold already registered with pdfFont().
2025-10-13 01:22:40,214 INFO Arial Unicode MS already registered with pdfFont().
2025-10-13 01:22:40,214 INFO Bodoni 72 Smallcaps already registered with pdfFont().
2025-10-13 01:22:40,214 INFO Bodoni Ornaments already registered with pdfFont().
2025-10-13 01:22:40,214 INFO No regular (non-bold, non-italic) version of Brush Script MT. Skipping setup for this font.
2025-10-13 01:22:40,214 INFO Comic Sans MS already registered with pdfFont().
2025-10-13 01:22:40,214 INFO Courier New already registered with pdfFont().
2025-10-13 01:22:40,214 INFO No regular (non-bold, non-italic) version of DIN Alternate. Skipping setup for this font.
2025-10-13 01:22:40,215 INFO No regular (non-bold, non-italic) version of DIN Condensed. Skipping setup for this font.
2025-10-13 01:22:40,215 INFO Georgia already registered with pdfFont().
2025-10-13 01:22:40,215 INFO Impact already registered with pdfFont().
2025-10-13 01:22:40,215 INFO Khmer Sangam MN already registered with pdfFont().
2025-10-13 01:22:40,215 INFO Lao Sangam MN already registered with pdfFont().
2025-10-13 01:22:40,215 INFO Luminari already registered with pdfFont().
2025-10-13 01:22:40,215 INFO Microsoft Sans Serif already registered with pdfFont().
2025-10-13 01:22:40,215 INFO Noto Sans Adlam already registered with pdfFont().
2025-10-13 01:22:40,215 INFO Noto Sans Avestan already registered with pdfFont().
2025-10-13 01:22:40,215 INFO Noto Sans Bamum already registered with pdfFont().
2025-10-13 01:22:40,215 INFO Noto Sans Bassa Vah already registered with pdfFont().
2025-10-13 01:22:40,215 INFO Noto Sans Batak already registered with pdfFont().
2025-10-13 01:22:40,215 INFO Noto Sans Bhaiksuki already registered with pdfFont().
2025-10-13 01:22:40,215 INFO Noto Sans Brahmi already registered with pdfFont().
2025-10-13 01:22:40,215 INFO Noto Sans Buginese already registered with pdfFont().
2025-10-13 01:22:40,215 INFO Noto Sans Buhid already registered with pdfFont().
2025-10-13 01:22:40,215 INFO Noto Sans Carian already registered with pdfFont().
2025-10-13 01:22:40,215 INFO Noto Sans CaucAlban already registered with pdfFont().
2025-10-13 01:22:40,215 INFO Noto Sans Chakma already registered with pdfFont().
2025-10-13 01:22:40,215 INFO Noto Sans Cham already registered with pdfFont().
2025-10-13 01:22:40,215 INFO Noto Sans Coptic already registered with pdfFont().
2025-10-13 01:22:40,215 INFO Noto Sans Cuneiform already registered with pdfFont().
2025-10-13 01:22:40,215 INFO Noto Sans Cypriot already registered with pdfFont().
2025-10-13 01:22:40,215 INFO Noto Sans Duployan already registered with pdfFont().
2025-10-13 01:22:40,215 INFO Noto Sans EgyptHiero already registered with pdfFont().
2025-10-13 01:22:40,215 INFO Noto Sans Elbasan already registered with pdfFont().
2025-10-13 01:22:40,215 INFO Noto Sans Glagolitic already registered with pdfFont().
2025-10-13 01:22:40,215 INFO Noto Sans Gothic already registered with pdfFont().
2025-10-13 01:22:40,215 INFO Noto Sans HanifiRohg already registered with pdfFont().
2025-10-13 01:22:40,215 INFO Noto Sans Hanunoo already registered with pdfFont().
2025-10-13 01:22:40,215 INFO Noto Sans Hatran already registered with pdfFont().
2025-10-13 01:22:40,215 INFO Noto Sans ImpAramaic already registered with pdfFont().
2025-10-13 01:22:40,215 INFO Noto Sans InsPahlavi already registered with pdfFont().
2025-10-13 01:22:40,215 INFO Noto Sans InsParthi already registered with pdfFont().
2025-10-13 01:22:40,215 INFO Noto Sans Kaithi already registered with pdfFont().
2025-10-13 01:22:40,215 INFO Noto Sans Kayah Li already registered with pdfFont().
2025-10-13 01:22:40,216 INFO Noto Sans Kharoshthi already registered with pdfFont().
2025-10-13 01:22:40,216 INFO Noto Sans Khojki already registered with pdfFont().
2025-10-13 01:22:40,216 INFO Noto Sans Khudawadi already registered with pdfFont().
2025-10-13 01:22:40,216 INFO Noto Sans Lepcha already registered with pdfFont().
2025-10-13 01:22:40,216 INFO Noto Sans Limbu already registered with pdfFont().
2025-10-13 01:22:40,216 INFO Noto Sans Linear A already registered with pdfFont().
2025-10-13 01:22:40,216 INFO Noto Sans Linear B already registered with pdfFont().
2025-10-13 01:22:40,216 INFO Noto Sans Lisu already registered with pdfFont().
2025-10-13 01:22:40,216 INFO Noto Sans Lycian already registered with pdfFont().
2025-10-13 01:22:40,216 INFO Noto Sans Lydian already registered with pdfFont().
2025-10-13 01:22:40,216 INFO Noto Sans Mahajani already registered with pdfFont().
2025-10-13 01:22:40,216 INFO Noto Sans Mandaic already registered with pdfFont().
2025-10-13 01:22:40,216 INFO Noto Sans Manichaean already registered with pdfFont().
2025-10-13 01:22:40,216 INFO Noto Sans Marchen already registered with pdfFont().
2025-10-13 01:22:40,216 INFO Noto Sans MeeteiMayek already registered with pdfFont().
2025-10-13 01:22:40,216 INFO Noto Sans Mende Kikakui already registered with pdfFont().
2025-10-13 01:22:40,216 INFO Noto Sans Meroitic already registered with pdfFont().
2025-10-13 01:22:40,216 INFO Noto Sans Miao already registered with pdfFont().
2025-10-13 01:22:40,216 INFO Noto Sans Modi already registered with pdfFont().
2025-10-13 01:22:40,216 INFO Noto Sans Mongolian already registered with pdfFont().
2025-10-13 01:22:40,216 INFO Noto Sans Mro already registered with pdfFont().
2025-10-13 01:22:40,216 INFO Noto Sans Multani already registered with pdfFont().
2025-10-13 01:22:40,216 INFO Noto Sans Nabataean already registered with pdfFont().
2025-10-13 01:22:40,216 INFO Noto Sans Newa already registered with pdfFont().
2025-10-13 01:22:40,216 INFO Noto Sans NewTaiLue already registered with pdfFont().
2025-10-13 01:22:40,216 INFO Noto Sans NKo already registered with pdfFont().
2025-10-13 01:22:40,216 INFO Noto Sans Ol Chiki already registered with pdfFont().
2025-10-13 01:22:40,216 INFO No regular (non-bold, non-italic) version of Noto Sans Old Italic. Skipping setup for this font.
2025-10-13 01:22:40,216 INFO Noto Sans Old Permic already registered with pdfFont().
2025-10-13 01:22:40,216 INFO Noto Sans Old Turkic already registered with pdfFont().
2025-10-13 01:22:40,216 INFO Noto Sans OldHung already registered with pdfFont().
2025-10-13 01:22:40,216 INFO Noto Sans OldNorArab already registered with pdfFont().
2025-10-13 01:22:40,216 INFO Noto Sans OldPersian already registered with pdfFont().
2025-10-13 01:22:40,216 INFO Noto Sans OldSouArab already registered with pdfFont().
2025-10-13 01:22:40,216 INFO Noto Sans Osage already registered with pdfFont().
2025-10-13 01:22:40,216 INFO Noto Sans Osmanya already registered with pdfFont().
2025-10-13 01:22:40,216 INFO Noto Sans Pahawh Hmong already registered with pdfFont().
2025-10-13 01:22:40,216 INFO Noto Sans Palmyrene already registered with pdfFont().
2025-10-13 01:22:40,217 INFO Noto Sans PauCinHau already registered with pdfFont().
2025-10-13 01:22:40,217 INFO Noto Sans PhagsPa already registered with pdfFont().
2025-10-13 01:22:40,217 INFO Noto Sans Phoenician already registered with pdfFont().
2025-10-13 01:22:40,217 INFO Noto Sans PsaPahlavi already registered with pdfFont().
2025-10-13 01:22:40,217 INFO Noto Sans Rejang already registered with pdfFont().
2025-10-13 01:22:40,217 INFO Noto Sans Samaritan already registered with pdfFont().
2025-10-13 01:22:40,217 INFO Noto Sans Saurashtra already registered with pdfFont().
2025-10-13 01:22:40,217 INFO Noto Sans Sharada already registered with pdfFont().
2025-10-13 01:22:40,217 INFO Noto Sans SoraSomp already registered with pdfFont().
2025-10-13 01:22:40,217 INFO Noto Sans Sundanese already registered with pdfFont().
2025-10-13 01:22:40,217 INFO Noto Sans Syloti Nagri already registered with pdfFont().
2025-10-13 01:22:40,217 INFO Noto Sans Syriac already registered with pdfFont().
2025-10-13 01:22:40,217 INFO Noto Sans Tagalog already registered with pdfFont().
2025-10-13 01:22:40,217 INFO Noto Sans Tagbanwa already registered with pdfFont().
2025-10-13 01:22:40,217 INFO Noto Sans Tai Le already registered with pdfFont().
2025-10-13 01:22:40,217 INFO Noto Sans Tai Tham already registered with pdfFont().
2025-10-13 01:22:40,217 INFO Noto Sans Tai Viet already registered with pdfFont().
2025-10-13 01:22:40,217 INFO Noto Sans Takri already registered with pdfFont().
2025-10-13 01:22:40,217 INFO Noto Sans Thaana already registered with pdfFont().
2025-10-13 01:22:40,217 INFO Noto Sans Tirhuta already registered with pdfFont().
2025-10-13 01:22:40,217 INFO Noto Sans Ugaritic already registered with pdfFont().
2025-10-13 01:22:40,217 INFO Noto Sans Vai already registered with pdfFont().
2025-10-13 01:22:40,217 INFO Noto Sans Wancho already registered with pdfFont().
2025-10-13 01:22:40,217 INFO Noto Sans WarangCiti already registered with pdfFont().
2025-10-13 01:22:40,217 INFO Noto Sans Yi already registered with pdfFont().
2025-10-13 01:22:40,217 INFO Noto Serif Ahom already registered with pdfFont().
2025-10-13 01:22:40,217 INFO Noto Serif Balinese already registered with pdfFont().
2025-10-13 01:22:40,217 INFO Noto Serif Hmong Nyiakeng already registered with pdfFont().
2025-10-13 01:22:40,217 INFO Party LET already registered with pdfFont().
2025-10-13 01:22:40,217 INFO STIX Two Text already registered with pdfFont().
2025-10-13 01:22:40,217 INFO System Font already registered with pdfFont().
2025-10-13 01:22:40,217 INFO Tahoma already registered with pdfFont().
2025-10-13 01:22:40,217 INFO Times New Roman already registered with pdfFont().
2025-10-13 01:22:40,217 INFO Trattatello already registered with pdfFont().
2025-10-13 01:22:40,217 INFO Trebuchet MS already registered with pdfFont().
2025-10-13 01:22:40,217 INFO Verdana already registered with pdfFont().
2025-10-13 01:22:40,217 INFO Webdings already registered with pdfFont().
2025-10-13 01:22:40,217 INFO Wingdings already registered with pdfFont().
2025-10-13 01:22:40,217 INFO Wingdings 2 already registered with pdfFont().
2025-10-13 01:22:40,217 INFO Wingdings 3 already registered with pdfFont().
2025-10-13 01:22:40,222 INFO .Keyboard already registered with postscriptFont().
2025-10-13 01:22:40,222 INFO .New York already registered with postscriptFont().
2025-10-13 01:22:40,222 INFO .SF Arabic already registered with postscriptFont().
2025-10-13 01:22:40,222 INFO .SF Arabic Rounded already registered with postscriptFont().
2025-10-13 01:22:40,222 INFO .SF Armenian already registered with postscriptFont().
2025-10-13 01:22:40,222 INFO .SF Armenian Rounded already registered with postscriptFont().
2025-10-13 01:22:40,222 INFO .SF Camera already registered with postscriptFont().
2025-10-13 01:22:40,222 INFO .SF Compact already registered with postscriptFont().
2025-10-13 01:22:40,222 INFO .SF Compact Rounded already registered with postscriptFont().
2025-10-13 01:22:40,222 INFO .SF Georgian already registered with postscriptFont().
2025-10-13 01:22:40,222 INFO .SF Georgian Rounded already registered with postscriptFont().
2025-10-13 01:22:40,222 INFO .SF Hebrew already registered with postscriptFont().
2025-10-13 01:22:40,222 INFO .SF Hebrew Rounded already registered with postscriptFont().
2025-10-13 01:22:40,222 INFO .SF NS Mono already registered with postscriptFont().
2025-10-13 01:22:40,222 INFO .SF NS Rounded already registered with postscriptFont().
2025-10-13 01:22:40,222 INFO Academy Engraved LET already registered with postscriptFont().
2025-10-13 01:22:40,222 INFO Andale Mono already registered with postscriptFont().
2025-10-13 01:22:40,222 INFO More than one version of regular/bold/italic found for Apple Braille. Skipping setup for this font.
2025-10-13 01:22:40,222 INFO AppleMyungjo already registered with postscriptFont().
2025-10-13 01:22:40,222 INFO Arial already registered with postscriptFont().
2025-10-13 01:22:40,222 INFO Arial Black already registered with postscriptFont().
2025-10-13 01:22:40,222 INFO Arial Narrow already registered with postscriptFont().
2025-10-13 01:22:40,222 INFO Arial Rounded MT Bold already registered with postscriptFont().
2025-10-13 01:22:40,222 INFO Arial Unicode MS already registered with postscriptFont().
2025-10-13 01:22:40,222 INFO Bodoni 72 Smallcaps already registered with postscriptFont().
2025-10-13 01:22:40,223 INFO Bodoni Ornaments already registered with postscriptFont().
2025-10-13 01:22:40,223 INFO No regular (non-bold, non-italic) version of Brush Script MT. Skipping setup for this font.
2025-10-13 01:22:40,223 INFO Comic Sans MS already registered with postscriptFont().
2025-10-13 01:22:40,223 INFO Courier New already registered with postscriptFont().
2025-10-13 01:22:40,223 INFO No regular (non-bold, non-italic) version of DIN Alternate. Skipping setup for this font.
2025-10-13 01:22:40,223 INFO No regular (non-bold, non-italic) version of DIN Condensed. Skipping setup for this font.
2025-10-13 01:22:40,223 INFO Georgia already registered with postscriptFont().
2025-10-13 01:22:40,223 INFO Impact already registered with postscriptFont().
2025-10-13 01:22:40,223 INFO Khmer Sangam MN already registered with postscriptFont().
2025-10-13 01:22:40,223 INFO Lao Sangam MN already registered with postscriptFont().
2025-10-13 01:22:40,223 INFO Luminari already registered with postscriptFont().
2025-10-13 01:22:40,223 INFO Microsoft Sans Serif already registered with postscriptFont().
2025-10-13 01:22:40,223 INFO Noto Sans Adlam already registered with postscriptFont().
2025-10-13 01:22:40,223 INFO Noto Sans Avestan already registered with postscriptFont().
2025-10-13 01:22:40,223 INFO Noto Sans Bamum already registered with postscriptFont().
2025-10-13 01:22:40,223 INFO Noto Sans Bassa Vah already registered with postscriptFont().
2025-10-13 01:22:40,223 INFO Noto Sans Batak already registered with postscriptFont().
2025-10-13 01:22:40,223 INFO Noto Sans Bhaiksuki already registered with postscriptFont().
2025-10-13 01:22:40,223 INFO Noto Sans Brahmi already registered with postscriptFont().
2025-10-13 01:22:40,223 INFO Noto Sans Buginese already registered with postscriptFont().
2025-10-13 01:22:40,223 INFO Noto Sans Buhid already registered with postscriptFont().
2025-10-13 01:22:40,223 INFO Noto Sans Carian already registered with postscriptFont().
2025-10-13 01:22:40,223 INFO Noto Sans CaucAlban already registered with postscriptFont().
2025-10-13 01:22:40,223 INFO Noto Sans Chakma already registered with postscriptFont().
2025-10-13 01:22:40,223 INFO Noto Sans Cham already registered with postscriptFont().
2025-10-13 01:22:40,223 INFO Noto Sans Coptic already registered with postscriptFont().
2025-10-13 01:22:40,223 INFO Noto Sans Cuneiform already registered with postscriptFont().
2025-10-13 01:22:40,223 INFO Noto Sans Cypriot already registered with postscriptFont().
2025-10-13 01:22:40,223 INFO Noto Sans Duployan already registered with postscriptFont().
2025-10-13 01:22:40,223 INFO Noto Sans EgyptHiero already registered with postscriptFont().
2025-10-13 01:22:40,223 INFO Noto Sans Elbasan already registered with postscriptFont().
2025-10-13 01:22:40,223 INFO Noto Sans Glagolitic already registered with postscriptFont().
2025-10-13 01:22:40,223 INFO Noto Sans Gothic already registered with postscriptFont().
2025-10-13 01:22:40,223 INFO Noto Sans HanifiRohg already registered with postscriptFont().
2025-10-13 01:22:40,223 INFO Noto Sans Hanunoo already registered with postscriptFont().
2025-10-13 01:22:40,223 INFO Noto Sans Hatran already registered with postscriptFont().
2025-10-13 01:22:40,223 INFO Noto Sans ImpAramaic already registered with postscriptFont().
2025-10-13 01:22:40,223 INFO Noto Sans InsPahlavi already registered with postscriptFont().
2025-10-13 01:22:40,223 INFO Noto Sans InsParthi already registered with postscriptFont().
2025-10-13 01:22:40,223 INFO Noto Sans Kaithi already registered with postscriptFont().
2025-10-13 01:22:40,223 INFO Noto Sans Kayah Li already registered with postscriptFont().
2025-10-13 01:22:40,223 INFO Noto Sans Kharoshthi already registered with postscriptFont().
2025-10-13 01:22:40,223 INFO Noto Sans Khojki already registered with postscriptFont().
2025-10-13 01:22:40,223 INFO Noto Sans Khudawadi already registered with postscriptFont().
2025-10-13 01:22:40,223 INFO Noto Sans Lepcha already registered with postscriptFont().
2025-10-13 01:22:40,223 INFO Noto Sans Limbu already registered with postscriptFont().
2025-10-13 01:22:40,223 INFO Noto Sans Linear A already registered with postscriptFont().
2025-10-13 01:22:40,224 INFO Noto Sans Linear B already registered with postscriptFont().
2025-10-13 01:22:40,224 INFO Noto Sans Lisu already registered with postscriptFont().
2025-10-13 01:22:40,224 INFO Noto Sans Lycian already registered with postscriptFont().
2025-10-13 01:22:40,224 INFO Noto Sans Lydian already registered with postscriptFont().
2025-10-13 01:22:40,224 INFO Noto Sans Mahajani already registered with postscriptFont().
2025-10-13 01:22:40,224 INFO Noto Sans Mandaic already registered with postscriptFont().
2025-10-13 01:22:40,224 INFO Noto Sans Manichaean already registered with postscriptFont().
2025-10-13 01:22:40,224 INFO Noto Sans Marchen already registered with postscriptFont().
2025-10-13 01:22:40,224 INFO Noto Sans MeeteiMayek already registered with postscriptFont().
2025-10-13 01:22:40,224 INFO Noto Sans Mende Kikakui already registered with postscriptFont().
2025-10-13 01:22:40,224 INFO Noto Sans Meroitic already registered with postscriptFont().
2025-10-13 01:22:40,224 INFO Noto Sans Miao already registered with postscriptFont().
2025-10-13 01:22:40,224 INFO Noto Sans Modi already registered with postscriptFont().
2025-10-13 01:22:40,224 INFO Noto Sans Mongolian already registered with postscriptFont().
2025-10-13 01:22:40,224 INFO Noto Sans Mro already registered with postscriptFont().
2025-10-13 01:22:40,224 INFO Noto Sans Multani already registered with postscriptFont().
2025-10-13 01:22:40,224 INFO Noto Sans Nabataean already registered with postscriptFont().
2025-10-13 01:22:40,224 INFO Noto Sans Newa already registered with postscriptFont().
2025-10-13 01:22:40,224 INFO Noto Sans NewTaiLue already registered with postscriptFont().
2025-10-13 01:22:40,224 INFO Noto Sans NKo already registered with postscriptFont().
2025-10-13 01:22:40,224 INFO Noto Sans Ol Chiki already registered with postscriptFont().
2025-10-13 01:22:40,224 INFO No regular (non-bold, non-italic) version of Noto Sans Old Italic. Skipping setup for this font.
2025-10-13 01:22:40,224 INFO Noto Sans Old Permic already registered with postscriptFont().
2025-10-13 01:22:40,224 INFO Noto Sans Old Turkic already registered with postscriptFont().
2025-10-13 01:22:40,224 INFO Noto Sans OldHung already registered with postscriptFont().
2025-10-13 01:22:40,224 INFO Noto Sans OldNorArab already registered with postscriptFont().
2025-10-13 01:22:40,224 INFO Noto Sans OldPersian already registered with postscriptFont().
2025-10-13 01:22:40,224 INFO Noto Sans OldSouArab already registered with postscriptFont().
2025-10-13 01:22:40,224 INFO Noto Sans Osage already registered with postscriptFont().
2025-10-13 01:22:40,224 INFO Noto Sans Osmanya already registered with postscriptFont().
2025-10-13 01:22:40,224 INFO Noto Sans Pahawh Hmong already registered with postscriptFont().
2025-10-13 01:22:40,224 INFO Noto Sans Palmyrene already registered with postscriptFont().
2025-10-13 01:22:40,224 INFO Noto Sans PauCinHau already registered with postscriptFont().
2025-10-13 01:22:40,224 INFO Noto Sans PhagsPa already registered with postscriptFont().
2025-10-13 01:22:40,224 INFO Noto Sans Phoenician already registered with postscriptFont().
2025-10-13 01:22:40,224 INFO Noto Sans PsaPahlavi already registered with postscriptFont().
2025-10-13 01:22:40,224 INFO Noto Sans Rejang already registered with postscriptFont().
2025-10-13 01:22:40,224 INFO Noto Sans Samaritan already registered with postscriptFont().
2025-10-13 01:22:40,224 INFO Noto Sans Saurashtra already registered with postscriptFont().
2025-10-13 01:22:40,224 INFO Noto Sans Sharada already registered with postscriptFont().
2025-10-13 01:22:40,224 INFO Noto Sans SoraSomp already registered with postscriptFont().
2025-10-13 01:22:40,224 INFO Noto Sans Sundanese already registered with postscriptFont().
2025-10-13 01:22:40,224 INFO Noto Sans Syloti Nagri already registered with postscriptFont().
2025-10-13 01:22:40,224 INFO Noto Sans Syriac already registered with postscriptFont().
2025-10-13 01:22:40,224 INFO Noto Sans Tagalog already registered with postscriptFont().
2025-10-13 01:22:40,224 INFO Noto Sans Tagbanwa already registered with postscriptFont().
2025-10-13 01:22:40,224 INFO Noto Sans Tai Le already registered with postscriptFont().
2025-10-13 01:22:40,225 INFO Noto Sans Tai Tham already registered with postscriptFont().
2025-10-13 01:22:40,225 INFO Noto Sans Tai Viet already registered with postscriptFont().
2025-10-13 01:22:40,225 INFO Noto Sans Takri already registered with postscriptFont().
2025-10-13 01:22:40,225 INFO Noto Sans Thaana already registered with postscriptFont().
2025-10-13 01:22:40,225 INFO Noto Sans Tirhuta already registered with postscriptFont().
2025-10-13 01:22:40,225 INFO Noto Sans Ugaritic already registered with postscriptFont().
2025-10-13 01:22:40,225 INFO Noto Sans Vai already registered with postscriptFont().
2025-10-13 01:22:40,225 INFO Noto Sans Wancho already registered with postscriptFont().
2025-10-13 01:22:40,225 INFO Noto Sans WarangCiti already registered with postscriptFont().
2025-10-13 01:22:40,225 INFO Noto Sans Yi already registered with postscriptFont().
2025-10-13 01:22:40,225 INFO Noto Serif Ahom already registered with postscriptFont().
2025-10-13 01:22:40,225 INFO Noto Serif Balinese already registered with postscriptFont().
2025-10-13 01:22:40,225 INFO Noto Serif Hmong Nyiakeng already registered with postscriptFont().
2025-10-13 01:22:40,225 INFO Party LET already registered with postscriptFont().
2025-10-13 01:22:40,225 INFO STIX Two Text already registered with postscriptFont().
2025-10-13 01:22:40,225 INFO System Font already registered with postscriptFont().
2025-10-13 01:22:40,225 INFO Tahoma already registered with postscriptFont().
2025-10-13 01:22:40,225 INFO Times New Roman already registered with postscriptFont().
2025-10-13 01:22:40,225 INFO Trattatello already registered with postscriptFont().
2025-10-13 01:22:40,225 INFO Trebuchet MS already registered with postscriptFont().
2025-10-13 01:22:40,225 INFO Verdana already registered with postscriptFont().
2025-10-13 01:22:40,225 INFO Webdings already registered with postscriptFont().
2025-10-13 01:22:40,225 INFO Wingdings already registered with postscriptFont().
2025-10-13 01:22:40,225 INFO Wingdings 2 already registered with postscriptFont().
2025-10-13 01:22:40,225 INFO Wingdings 3 already registered with postscriptFont().
2025-10-13 01:22:42,501 INFO [1] "DEBUG----------------------------------"
2025-10-13 01:22:42,502 INFO player_conditions: TRUE
2025-10-13 01:22:42,502 INFO player_stages: TRUE
2025-10-13 01:22:42,502 INFO stages: FALSE
2025-10-13 01:22:42,502 INFO task_instances: FALSE
2025-10-13 01:22:42,502 INFO offline_scoring: FALSE
2025-10-13 01:22:42,502 INFO [1] "----------------------------------DEBUG"
2025-10-13 01:22:42,555 INFO Error in `left_join()`:
2025-10-13 01:22:42,555 INFO ! Join columns in `y` must be present in the data.
2025-10-13 01:22:42,555 INFO ✖ Problem with `playerId`.
2025-10-13 01:22:42,555 INFO Backtrace:
2025-10-13 01:22:42,555 INFO      ▆
2025-10-13 01:22:42,555 INFO   1. ├─base::source("raw_data_cleaning.R")
2025-10-13 01:22:42,555 INFO   2. │ ├─base::withVisible(eval(ei, envir))
2025-10-13 01:22:42,555 INFO   3. │ └─base::eval(ei, envir)
2025-10-13 01:22:42,556 INFO   4. │   └─base::eval(ei, envir)
2025-10-13 01:22:42,556 INFO   5. ├─dplyr::summarize(...)
2025-10-13 01:22:42,556 INFO   6. ├─dplyr::group_by(...)
2025-10-13 01:22:42,556 INFO   7. ├─dplyr::filter(...)
2025-10-13 01:22:42,556 INFO   8. ├─dplyr::filter(...)
2025-10-13 01:22:42,556 INFO   9. ├─base::unique(...)
2025-10-13 01:22:42,556 INFO  10. ├─dplyr::select(...)
2025-10-13 01:22:42,556 INFO  11. ├─dplyr::ungroup(...)
2025-10-13 01:22:42,556 INFO  12. ├─dplyr::mutate(...)
2025-10-13 01:22:42,556 INFO  13. ├─dplyr::group_by(...)
2025-10-13 01:22:42,556 INFO  14. ├─dplyr::filter(...)
2025-10-13 01:22:42,556 INFO  15. ├─dplyr::mutate(...)
2025-10-13 01:22:42,556 INFO  16. ├─dplyr::filter(...)
2025-10-13 01:22:42,556 INFO  17. ├─dplyr::left_join(...)
2025-10-13 01:22:42,556 INFO  18. └─dplyr:::left_join.data.frame(...)
2025-10-13 01:22:42,556 INFO  19.   └─dplyr:::join_mutate(...)
2025-10-13 01:22:42,556 INFO  20.     └─dplyr:::join_cols(...)
2025-10-13 01:22:42,556 INFO  21.       └─dplyr:::check_join_vars(by$y, y_names, by$condition, "y", error_call = error_call)
2025-10-13 01:22:42,556 INFO  22.         └─rlang::abort(bullets, call = error_call)
2025-10-13 01:22:42,558 INFO There were 11 warnings (use warnings() to see them)
2025-10-13 01:22:42,558 INFO Execution halted
2025-10-13 01:22:42,584 ERROR Error during group_advantage.raw_data_cleaning after 46.744 sec
Traceback (most recent call last):
  File "/Users/xehu/Desktop/task-mapping/analysis/run_master.py", line 414, in time_callable
    res = func()
  File "/Users/xehu/Desktop/task-mapping/analysis/run_master.py", line 552, in <lambda>
    results.append(time_callable('group_advantage.raw_data_cleaning', lambda: run_r_script(r_script_clean)))
                                                                              ~~~~~~~~~~~~^^^^^^^^^^^^^^^^
  File "/Users/xehu/Desktop/task-mapping/analysis/run_master.py", line 355, in run_r_script
    raise RuntimeError(f'R script failed (exit {rc}): {r_path}')
RuntimeError: R script failed (exit 1): /Users/xehu/Desktop/task-mapping/analysis/analysis_group_advantage/raw_data_cleaning.R
