2025-10-12 22:38:59,122 INFO Starting analysis master script
2025-10-12 22:38:59,122 INFO Running task_space pipeline
2025-10-12 22:38:59,122 INFO Timing: task_space.generate_map
2025-10-12 22:38:59,122 INFO Running R script /Users/xehu/Desktop/task-mapping/analysis/analysis_task_space/generate_task_map_from_raw.R
2025-10-12 22:38:59,122 INFO Running command: /usr/local/bin/Rscript -e set.seed(as.integer(Sys.getenv('ANALYSIS_SEED', '19104'))); source('generate_task_map_from_raw.R') (cwd=/Users/xehu/Desktop/task-mapping/analysis/analysis_task_space)
2025-10-12 22:38:59,377 INFO 
2025-10-12 22:38:59,377 INFO Attaching package: ‘dplyr’
2025-10-12 22:38:59,377 INFO 
2025-10-12 22:38:59,377 INFO The following objects are masked from ‘package:stats’:
2025-10-12 22:38:59,377 INFO 
2025-10-12 22:38:59,377 INFO     filter, lag
2025-10-12 22:38:59,377 INFO 
2025-10-12 22:38:59,377 INFO The following objects are masked from ‘package:base’:
2025-10-12 22:38:59,377 INFO 
2025-10-12 22:38:59,377 INFO     intersect, setdiff, setequal, union
2025-10-12 22:38:59,377 INFO 
2025-10-12 22:38:59,620 INFO ── Attaching core tidyverse packages ──────────────────────── tidyverse 2.0.0 ──
2025-10-12 22:38:59,620 INFO ✔ forcats   1.0.1     ✔ readr     2.1.5
2025-10-12 22:38:59,620 INFO ✔ ggplot2   4.0.0     ✔ stringr   1.5.2
2025-10-12 22:38:59,620 INFO ✔ lubridate 1.9.4     ✔ tibble    3.3.0
2025-10-12 22:38:59,620 INFO ✔ purrr     1.1.0     ✔ tidyr     1.3.1
2025-10-12 22:38:59,649 INFO ── Conflicts ────────────────────────────────────────── tidyverse_conflicts() ──
2025-10-12 22:38:59,649 INFO ✖ dplyr::filter() masks stats::filter()
2025-10-12 22:38:59,649 INFO ✖ dplyr::lag()    masks stats::lag()
2025-10-12 22:38:59,649 INFO ℹ Use the conflicted package (<http://conflicted.r-lib.org/>) to force all conflicts to become errors
2025-10-12 22:38:59,724 INFO Rows: 2406 Columns: 78
2025-10-12 22:38:59,727 INFO ── Column specification ────────────────────────────────────────────────────────
2025-10-12 22:38:59,727 INFO Delimiter: ","
2025-10-12 22:38:59,727 INFO chr (72): Q1concept_behav, Q1concept_behav_elaboration, Q1concept_behav_conf...
2025-10-12 22:38:59,728 INFO dbl  (5): Q2intel_manip_1, Q5creativity_input_1, Q21intellective_judg_1, cre...
2025-10-12 22:38:59,728 INFO lgl  (1): platform
2025-10-12 22:38:59,730 INFO 
2025-10-12 22:38:59,730 INFO ℹ Use `spec()` to retrieve the full column specification for this data.
2025-10-12 22:38:59,730 INFO ℹ Specify the column types or set `show_col_types = FALSE` to quiet this message.
2025-10-12 22:38:59,861 INFO Warning messages:
2025-10-12 22:38:59,861 INFO 1: Using an external vector in selections was deprecated in tidyselect 1.1.0.
2025-10-12 22:38:59,861 INFO ℹ Please use `all_of()` or `any_of()` instead.
2025-10-12 22:38:59,861 INFO   # Was:
2025-10-12 22:38:59,861 INFO   data %>% select(main_questions)
2025-10-12 22:38:59,861 INFO 
2025-10-12 22:38:59,861 INFO   # Now:
2025-10-12 22:38:59,861 INFO   data %>% select(all_of(main_questions))
2025-10-12 22:38:59,861 INFO 
2025-10-12 22:38:59,861 INFO See <https://tidyselect.r-lib.org/reference/faq-external-vector.html>.
2025-10-12 22:38:59,861 INFO 2: Using an external vector in selections was deprecated in tidyselect 1.1.0.
2025-10-12 22:38:59,861 INFO ℹ Please use `all_of()` or `any_of()` instead.
2025-10-12 22:38:59,861 INFO   # Was:
2025-10-12 22:38:59,861 INFO   data %>% select(continuous_questions)
2025-10-12 22:38:59,861 INFO 
2025-10-12 22:38:59,861 INFO   # Now:
2025-10-12 22:38:59,861 INFO   data %>% select(all_of(continuous_questions))
2025-10-12 22:38:59,861 INFO 
2025-10-12 22:38:59,861 INFO See <https://tidyselect.r-lib.org/reference/faq-external-vector.html>.
2025-10-12 22:38:59,861 INFO 3: There was 1 warning in `mutate()`.
2025-10-12 22:38:59,861 INFO ℹ In argument: `value = recode(value, Mental = 0, Physical = 1, No = 0, Yes =
2025-10-12 22:38:59,861 INFO   1)`.
2025-10-12 22:38:59,861 INFO Caused by warning:
2025-10-12 22:38:59,861 INFO ! Unreplaced values treated as NA as `.x` is not compatible.
2025-10-12 22:38:59,861 INFO Please specify replacements exhaustively or supply `.default`.
2025-10-12 22:38:59,870 INFO Completed task_space.generate_map in 0.747 sec
2025-10-12 22:38:59,870 INFO Copied /Users/xehu/Desktop/task-mapping/outputs/processed_data/task_map.csv -> /Users/xehu/Desktop/task-mapping/data/task_map.csv
2025-10-12 22:38:59,871 INFO Timing: task_space.generate_mcgrath
2025-10-12 22:38:59,871 ERROR Error during task_space.generate_mcgrath after 0.000 sec
Traceback (most recent call last):
  File "/Users/xehu/Desktop/task-mapping/analysis/run_master.py", line 408, in time_callable
    res = func()
  File "/Users/xehu/Desktop/task-mapping/analysis/run_master.py", line 496, in <lambda>
    results.append(time_callable('task_space.generate_mcgrath', lambda: generate_mcgrath(task_map_path, out_path)))
                                                                        ~~~~~~~~~~~~~~~~^^^^^^^^^^^^^^^^^^^^^^^^^
TypeError: generate_mcgrath() takes 1 positional argument but 2 were given
2025-10-12 22:38:59,872 INFO Copied /Users/xehu/Desktop/task-mapping/data/hand_labeled_task_mcgrath_sectors.csv -> /Users/xehu/Desktop/task-mapping/outputs/processed_data/hand_labeled_task_mcgrath_sectors.csv
2025-10-12 22:38:59,872 INFO Copied /Users/xehu/Desktop/task-mapping/data/hand_labeled_task_mcgrath_sectors.csv -> /Users/xehu/Desktop/task-mapping/outputs/processed_data/hand_labeled_task_mcgrath_sectors.csv
2025-10-12 22:38:59,872 INFO Timing: task_space.plot_visuals
2025-10-12 22:38:59,872 INFO Running R script /Users/xehu/Desktop/task-mapping/analysis/analysis_task_space/clean_task_map_visuals.R
2025-10-12 22:38:59,872 INFO Running command: /usr/local/bin/Rscript -e set.seed(as.integer(Sys.getenv('ANALYSIS_SEED', '19104'))); source('clean_task_map_visuals.R') (cwd=/Users/xehu/Desktop/task-mapping/analysis/analysis_task_space)
2025-10-12 22:38:59,954 INFO Loading required package: ggplot2
2025-10-12 22:39:00,251 INFO Welcome! Want to learn more? See two factoextra-related books at https://goo.gl/ve3WBa
2025-10-12 22:39:00,270 INFO 
2025-10-12 22:39:00,271 INFO Attaching package: ‘dplyr’
2025-10-12 22:39:00,271 INFO 
2025-10-12 22:39:00,271 INFO The following objects are masked from ‘package:stats’:
2025-10-12 22:39:00,271 INFO 
2025-10-12 22:39:00,271 INFO     filter, lag
2025-10-12 22:39:00,271 INFO 
2025-10-12 22:39:00,271 INFO The following objects are masked from ‘package:base’:
2025-10-12 22:39:00,271 INFO 
2025-10-12 22:39:00,271 INFO     intersect, setdiff, setequal, union
2025-10-12 22:39:00,271 INFO 
2025-10-12 22:39:00,366 INFO ── Attaching core tidyverse packages ──────────────────────── tidyverse 2.0.0 ──
2025-10-12 22:39:00,366 INFO ✔ forcats   1.0.1     ✔ stringr   1.5.2
2025-10-12 22:39:00,366 INFO ✔ lubridate 1.9.4     ✔ tibble    3.3.0
2025-10-12 22:39:00,366 INFO ✔ purrr     1.1.0     ✔ tidyr     1.3.1
2025-10-12 22:39:00,366 INFO ✔ readr     2.1.5
2025-10-12 22:39:00,396 INFO ── Conflicts ────────────────────────────────────────── tidyverse_conflicts() ──
2025-10-12 22:39:00,397 INFO ✖ dplyr::filter() masks stats::filter()
2025-10-12 22:39:00,397 INFO ✖ dplyr::lag()    masks stats::lag()
2025-10-12 22:39:00,397 INFO ℹ Use the conflicted package (<http://conflicted.r-lib.org/>) to force all conflicts to become errors
2025-10-12 22:39:00,460 INFO Rows: 102 Columns: 25
2025-10-12 22:39:00,463 INFO ── Column specification ────────────────────────────────────────────────────────
2025-10-12 22:39:00,463 INFO Delimiter: ","
2025-10-12 22:39:00,463 INFO chr  (1): task
2025-10-12 22:39:00,463 INFO dbl (24): Conceptual-Behavioral, Type 1 (Planning), Type 2 (Generate), Type ...
2025-10-12 22:39:00,465 INFO 
2025-10-12 22:39:00,465 INFO ℹ Use `spec()` to retrieve the full column specification for this data.
2025-10-12 22:39:00,465 INFO ℹ Specify the column types or set `show_col_types = FALSE` to quiet this message.
2025-10-12 22:39:01,437 INFO *** : The Hubert index is a graphical method of determining the number of clusters.
2025-10-12 22:39:01,437 INFO                 In the plot of Hubert index, we seek a significant knee that corresponds to a
2025-10-12 22:39:01,437 INFO                 significant increase of the value of the measure i.e the significant peak in Hubert
2025-10-12 22:39:01,437 INFO                 index second differences plot.
2025-10-12 22:39:01,437 INFO 
2025-10-12 22:39:01,437 INFO *** : The D index is a graphical method of determining the number of clusters.
2025-10-12 22:39:01,437 INFO                 In the plot of D index, we seek a significant knee (the significant peak in Dindex
2025-10-12 22:39:01,438 INFO                 second differences plot) that corresponds to a significant increase of the value of
2025-10-12 22:39:01,438 INFO                 the measure.
2025-10-12 22:39:01,438 INFO 
2025-10-12 22:39:01,438 INFO *******************************************************************
2025-10-12 22:39:01,438 INFO * Among all indices:
2025-10-12 22:39:01,438 INFO * 9 proposed 2 as the best number of clusters
2025-10-12 22:39:01,438 INFO * 3 proposed 3 as the best number of clusters
2025-10-12 22:39:01,438 INFO * 2 proposed 4 as the best number of clusters
2025-10-12 22:39:01,438 INFO * 5 proposed 10 as the best number of clusters
2025-10-12 22:39:01,438 INFO * 2 proposed 13 as the best number of clusters
2025-10-12 22:39:01,438 INFO * 1 proposed 14 as the best number of clusters
2025-10-12 22:39:01,438 INFO * 2 proposed 15 as the best number of clusters
2025-10-12 22:39:01,438 INFO 
2025-10-12 22:39:01,438 INFO                    ***** Conclusion *****
2025-10-12 22:39:01,438 INFO 
2025-10-12 22:39:01,438 INFO * According to the majority rule, the best number of clusters is  2
2025-10-12 22:39:01,438 INFO 
2025-10-12 22:39:01,438 INFO 
2025-10-12 22:39:01,438 INFO *******************************************************************
2025-10-12 22:39:01,691 INFO Warning messages:
2025-10-12 22:39:01,691 INFO 1: In geom_bar(stat = "identity", fill = barfill, color = barcolor,  :
2025-10-12 22:39:01,691 INFO   Ignoring empty aesthetic: `width`.
2025-10-12 22:39:01,692 INFO 2: In geom_point(data = subset(combined_data_with_labels, task %in%  :
2025-10-12 22:39:01,692 INFO   Ignoring unknown parameters: `vjust` and `hjust`
2025-10-12 22:39:01,692 INFO 3: In geom_point(data = subset(combined_data_with_labels, task %in%  :
2025-10-12 22:39:01,692 INFO   Ignoring unknown aesthetics: label
2025-10-12 22:39:01,703 INFO Completed task_space.plot_visuals in 1.830 sec
2025-10-12 22:39:01,703 INFO Running group_advantage pipeline
2025-10-12 22:39:01,703 INFO Timing: group_advantage.ensure_mcgrath_before_clean
2025-10-12 22:39:01,703 ERROR Error during group_advantage.ensure_mcgrath_before_clean after 0.000 sec
Traceback (most recent call last):
  File "/Users/xehu/Desktop/task-mapping/analysis/run_master.py", line 408, in time_callable
    res = func()
  File "/Users/xehu/Desktop/task-mapping/analysis/run_master.py", line 537, in <lambda>
    results.append(time_callable('group_advantage.ensure_mcgrath_before_clean', lambda: generate_mcgrath(task_map_path, out_path)))
                                                                                        ~~~~~~~~~~~~~~~~^^^^^^^^^^^^^^^^^^^^^^^^^
TypeError: generate_mcgrath() takes 1 positional argument but 2 were given
2025-10-12 22:39:01,703 INFO Timing: group_advantage.raw_data_cleaning
2025-10-12 22:39:01,703 INFO Running R script /Users/xehu/Desktop/task-mapping/analysis/analysis_group_advantage/raw_data_cleaning.R
2025-10-12 22:39:01,703 INFO Running command: /usr/local/bin/Rscript -e set.seed(as.integer(Sys.getenv('ANALYSIS_SEED', '19104'))); source('raw_data_cleaning.R') (cwd=/Users/xehu/Desktop/task-mapping/analysis/analysis_group_advantage)
2025-10-12 22:39:01,783 INFO Error in { :
2025-10-12 22:39:01,783 INFO   function '{' not supported in RHS call of a pipe (<input>:601:3)
2025-10-12 22:39:01,783 INFO Calls: source
2025-10-12 22:39:01,783 INFO Execution halted
2025-10-12 22:39:01,788 INFO Completed group_advantage.raw_data_cleaning in 0.085 sec
