2025-10-13 00:15:10,437 INFO Starting analysis master script
2025-10-13 00:15:10,438 INFO Running group_advantage pipeline
2025-10-13 00:15:10,438 INFO Timing: group_advantage.raw_data_cleaning
2025-10-13 00:15:10,438 INFO Running R script /Users/xehu/Desktop/task-mapping/analysis/analysis_group_advantage/raw_data_cleaning.R
2025-10-13 00:15:10,438 INFO Running command: /usr/local/bin/Rscript -e set.seed(as.integer(Sys.getenv('ANALYSIS_SEED', '19104'))); source('raw_data_cleaning.R') (cwd=/Users/xehu/Desktop/task-mapping/analysis/analysis_group_advantage)
2025-10-13 00:15:10,561 INFO 
2025-10-13 00:15:10,561 INFO Attaching package: ‘pls’
2025-10-13 00:15:10,561 INFO 
2025-10-13 00:15:10,561 INFO The following object is masked from ‘package:stats’:
2025-10-13 00:15:10,561 INFO 
2025-10-13 00:15:10,561 INFO     loadings
2025-10-13 00:15:10,561 INFO 
2025-10-13 00:15:10,565 INFO randomForest 4.7-1.2
2025-10-13 00:15:10,565 INFO Type rfNews() to see new features/changes/bug fixes.
2025-10-13 00:15:10,946 INFO Loading required package: ggplot2
2025-10-13 00:15:11,168 INFO 
2025-10-13 00:15:11,168 INFO Attaching package: ‘ggplot2’
2025-10-13 00:15:11,168 INFO 
2025-10-13 00:15:11,168 INFO The following object is masked from ‘package:randomForest’:
2025-10-13 00:15:11,168 INFO 
2025-10-13 00:15:11,168 INFO     margin
2025-10-13 00:15:11,168 INFO 
2025-10-13 00:15:11,168 INFO Loading required package: lattice
2025-10-13 00:15:11,441 INFO 
2025-10-13 00:15:11,442 INFO Attaching package: ‘caret’
2025-10-13 00:15:11,442 INFO 
2025-10-13 00:15:11,442 INFO The following object is masked from ‘package:pls’:
2025-10-13 00:15:11,442 INFO 
2025-10-13 00:15:11,442 INFO     R2
2025-10-13 00:15:11,442 INFO 
2025-10-13 00:15:11,443 INFO Loading required package: foreach
2025-10-13 00:15:11,445 INFO Loading required package: iterators
2025-10-13 00:15:11,448 INFO Loading required package: parallel
2025-10-13 00:15:11,553 INFO Registering fonts with R
2025-10-13 00:15:11,602 INFO 
2025-10-13 00:15:11,602 INFO Please cite as:
2025-10-13 00:15:11,602 INFO 
2025-10-13 00:15:11,602 INFO  Hlavac, Marek (2022). stargazer: Well-Formatted Regression and Summary Statistics Tables.
2025-10-13 00:15:11,602 INFO  R package version 5.2.3. https://CRAN.R-project.org/package=stargazer
2025-10-13 00:15:11,602 INFO 
2025-10-13 00:15:11,651 INFO ── Attaching core tidyverse packages ──────────────────────── tidyverse 2.0.0 ──
2025-10-13 00:15:11,651 INFO ✔ dplyr     1.1.4     ✔ readr     2.1.5
2025-10-13 00:15:11,651 INFO ✔ forcats   1.0.1     ✔ stringr   1.5.2
2025-10-13 00:15:11,651 INFO ✔ lubridate 1.9.4     ✔ tibble    3.3.0
2025-10-13 00:15:11,651 INFO ✔ purrr     1.1.0     ✔ tidyr     1.3.1
2025-10-13 00:15:11,685 INFO ── Conflicts ────────────────────────────────────────── tidyverse_conflicts() ──
2025-10-13 00:15:11,685 INFO ✖ purrr::accumulate() masks foreach::accumulate()
2025-10-13 00:15:11,685 INFO ✖ dplyr::combine()    masks randomForest::combine()
2025-10-13 00:15:11,685 INFO ✖ dplyr::filter()     masks stats::filter()
2025-10-13 00:15:11,685 INFO ✖ purrr::flatten()    masks jsonlite::flatten()
2025-10-13 00:15:11,685 INFO ✖ dplyr::lag()        masks stats::lag()
2025-10-13 00:15:11,685 INFO ✖ purrr::lift()       masks caret::lift()
2025-10-13 00:15:11,685 INFO ✖ ggplot2::margin()   masks randomForest::margin()
2025-10-13 00:15:11,685 INFO ✖ dplyr::slice()      masks xgboost::slice()
2025-10-13 00:15:11,685 INFO ✖ purrr::when()       masks foreach::when()
2025-10-13 00:15:11,685 INFO ℹ Use the conflicted package (<http://conflicted.r-lib.org/>) to force all conflicts to become errors
2025-10-13 00:15:11,696 INFO Scanning ttf files in /Library/Fonts/, /System/Library/Fonts, /System/Library/Fonts/Supplemental, ~/Library/Fonts/ ...
2025-10-13 00:15:11,697 INFO Extracting .afm files from .ttf files...
2025-10-13 00:15:14,334 INFO /System/Library/Fonts/Supplemental/Arial Unicode.ttf : ArialUnicodeMS already registered in fonts database. Skipping.
2025-10-13 00:15:14,412 INFO /System/Library/Fonts/Apple Braille Outline 6 Dot.ttf : AppleBraille-Outline6Dot already registered in fonts database. Skipping.
2025-10-13 00:15:14,497 INFO /System/Library/Fonts/Apple Braille Outline 8 Dot.ttf : AppleBraille-Outline8Dot already registered in fonts database. Skipping.
2025-10-13 00:15:14,550 INFO /System/Library/Fonts/Apple Braille Pinpoint 6 Dot.ttf : AppleBraille-Pinpoint6Dot already registered in fonts database. Skipping.
2025-10-13 00:15:14,605 INFO /System/Library/Fonts/Apple Braille Pinpoint 8 Dot.ttf : AppleBraille-Pinpoint8Dot already registered in fonts database. Skipping.
2025-10-13 00:15:14,639 INFO /System/Library/Fonts/Apple Braille.ttf : AppleBraille already registered in fonts database. Skipping.
2025-10-13 00:15:14,663 INFO /System/Library/Fonts/Apple Symbols.ttf : No FontName. Skipping.
2025-10-13 00:15:14,684 INFO /System/Library/Fonts/Geneva.ttf : No FontName. Skipping.
2025-10-13 00:15:14,699 INFO /System/Library/Fonts/Keyboard.ttf : -Keyboard already registered in fonts database. Skipping.
2025-10-13 00:15:14,752 INFO /System/Library/Fonts/Monaco.ttf : No FontName. Skipping.
2025-10-13 00:15:14,843 INFO /System/Library/Fonts/NewYork.ttf : -NewYork-Regular already registered in fonts database. Skipping.
2025-10-13 00:15:14,923 INFO /System/Library/Fonts/NewYorkItalic.ttf : -NewYork-RegularItalic already registered in fonts database. Skipping.
2025-10-13 00:15:15,004 INFO /System/Library/Fonts/SFArabic.ttf : -SFArabic-Regular already registered in fonts database. Skipping.
2025-10-13 00:15:15,109 INFO /System/Library/Fonts/SFArabicRounded.ttf : -SFArabicRounded-Regular already registered in fonts database. Skipping.
2025-10-13 00:15:15,123 INFO /System/Library/Fonts/SFArmenian.ttf : -SFArmenian-Regular already registered in fonts database. Skipping.
2025-10-13 00:15:15,138 INFO /System/Library/Fonts/SFArmenianRounded.ttf : -SFArmenianRounded-Regular already registered in fonts database. Skipping.
2025-10-13 00:15:15,155 INFO /System/Library/Fonts/SFCamera.ttf : --SFCamera-Regular already registered in fonts database. Skipping.
2025-10-13 00:15:15,261 INFO /System/Library/Fonts/SFCompact.ttf : -SFCompact-Black already registered in fonts database. Skipping.
2025-10-13 00:15:15,347 INFO /System/Library/Fonts/SFCompactItalic.ttf : -SFCompact-BlackItalic already registered in fonts database. Skipping.
2025-10-13 00:15:15,458 INFO /System/Library/Fonts/SFCompactRounded.ttf : --SFCompactRounded-Regular already registered in fonts database. Skipping.
2025-10-13 00:15:15,474 INFO /System/Library/Fonts/SFGeorgian.ttf : -SFGeorgian-Regular already registered in fonts database. Skipping.
2025-10-13 00:15:15,492 INFO /System/Library/Fonts/SFGeorgianRounded.ttf : -SFGeorgianRounded-Regular already registered in fonts database. Skipping.
2025-10-13 00:15:15,502 INFO /System/Library/Fonts/SFHebrew.ttf : -SFHebrew-Regular already registered in fonts database. Skipping.
2025-10-13 00:15:15,514 INFO /System/Library/Fonts/SFHebrewRounded.ttf : -SFHebrewRounded-Regular already registered in fonts database. Skipping.
2025-10-13 00:15:15,637 INFO /System/Library/Fonts/SFNS.ttf : -SFNS-Regular already registered in fonts database. Skipping.
2025-10-13 00:15:15,724 INFO /System/Library/Fonts/SFNSItalic.ttf : -SFNS-RegularItalic already registered in fonts database. Skipping.
2025-10-13 00:15:15,780 INFO /System/Library/Fonts/SFNSMono.ttf : -SFNSMono-Light already registered in fonts database. Skipping.
2025-10-13 00:15:15,831 INFO /System/Library/Fonts/SFNSMonoItalic.ttf : -SFNSMono-LightItalic already registered in fonts database. Skipping.
2025-10-13 00:15:15,936 INFO /System/Library/Fonts/SFNSRounded.ttf : -SFNSRounded-Regular already registered in fonts database. Skipping.
2025-10-13 00:15:15,997 INFO /System/Library/Fonts/Supplemental/Academy Engraved LET Fonts.ttf : AcademyEngravedLetPlain already registered in fonts database. Skipping.
2025-10-13 00:15:16,059 INFO /System/Library/Fonts/Supplemental/Academy Engraved LET Fonts.ttf : AcademyEngravedLetPlain already registered in fonts database. Skipping.
2025-10-13 00:15:16,076 INFO /System/Library/Fonts/Supplemental/Andale Mono.ttf : AndaleMono already registered in fonts database. Skipping.
2025-10-13 00:15:16,092 INFO /System/Library/Fonts/Supplemental/Andale Mono.ttf : AndaleMono already registered in fonts database. Skipping.
2025-10-13 00:15:16,137 INFO /System/Library/Fonts/Supplemental/Apple Chancery.ttf : No FontName. Skipping.
2025-10-13 00:15:16,182 INFO /System/Library/Fonts/Supplemental/Apple Chancery.ttf : No FontName. Skipping.
2025-10-13 00:15:19,596 INFO /System/Library/Fonts/Supplemental/AppleGothic.ttf : No FontName. Skipping.
2025-10-13 00:15:23,084 INFO /System/Library/Fonts/Supplemental/AppleGothic.ttf : No FontName. Skipping.
2025-10-13 00:15:27,301 INFO /System/Library/Fonts/Supplemental/AppleMyungjo.ttf : AppleMyungjo already registered in fonts database. Skipping.
2025-10-13 00:15:31,847 INFO /System/Library/Fonts/Supplemental/AppleMyungjo.ttf : AppleMyungjo already registered in fonts database. Skipping.
2025-10-13 00:15:31,870 INFO /System/Library/Fonts/Supplemental/Arial Black.ttf : Arial-Black already registered in fonts database. Skipping.
2025-10-13 00:15:31,891 INFO /System/Library/Fonts/Supplemental/Arial Black.ttf : Arial-Black already registered in fonts database. Skipping.
2025-10-13 00:15:31,961 INFO /System/Library/Fonts/Supplemental/Arial Bold Italic.ttf : Arial-BoldItalicMT already registered in fonts database. Skipping.
2025-10-13 00:15:32,033 INFO /System/Library/Fonts/Supplemental/Arial Bold Italic.ttf : Arial-BoldItalicMT already registered in fonts database. Skipping.
2025-10-13 00:15:32,181 INFO /System/Library/Fonts/Supplemental/Arial Bold.ttf : Arial-BoldMT already registered in fonts database. Skipping.
2025-10-13 00:15:32,292 INFO /System/Library/Fonts/Supplemental/Arial Bold.ttf : Arial-BoldMT already registered in fonts database. Skipping.
2025-10-13 00:15:32,370 INFO /System/Library/Fonts/Supplemental/Arial Italic.ttf : Arial-ItalicMT already registered in fonts database. Skipping.
2025-10-13 00:15:32,446 INFO /System/Library/Fonts/Supplemental/Arial Italic.ttf : Arial-ItalicMT already registered in fonts database. Skipping.
2025-10-13 00:15:32,466 INFO /System/Library/Fonts/Supplemental/Arial Narrow Bold Italic.ttf : ArialNarrow-BoldItalic already registered in fonts database. Skipping.
2025-10-13 00:15:32,487 INFO /System/Library/Fonts/Supplemental/Arial Narrow Bold Italic.ttf : ArialNarrow-BoldItalic already registered in fonts database. Skipping.
2025-10-13 00:15:32,510 INFO /System/Library/Fonts/Supplemental/Arial Narrow Bold.ttf : ArialNarrow-Bold already registered in fonts database. Skipping.
2025-10-13 00:15:32,532 INFO /System/Library/Fonts/Supplemental/Arial Narrow Bold.ttf : ArialNarrow-Bold already registered in fonts database. Skipping.
2025-10-13 00:15:32,554 INFO /System/Library/Fonts/Supplemental/Arial Narrow Italic.ttf : ArialNarrow-Italic already registered in fonts database. Skipping.
2025-10-13 00:15:32,575 INFO /System/Library/Fonts/Supplemental/Arial Narrow Italic.ttf : ArialNarrow-Italic already registered in fonts database. Skipping.
2025-10-13 00:15:32,596 INFO /System/Library/Fonts/Supplemental/Arial Narrow.ttf : ArialNarrow already registered in fonts database. Skipping.
2025-10-13 00:15:32,616 INFO /System/Library/Fonts/Supplemental/Arial Narrow.ttf : ArialNarrow already registered in fonts database. Skipping.
2025-10-13 00:15:32,635 INFO /System/Library/Fonts/Supplemental/Arial Rounded Bold.ttf : ArialRoundedMTBold already registered in fonts database. Skipping.
2025-10-13 00:15:32,654 INFO /System/Library/Fonts/Supplemental/Arial Rounded Bold.ttf : ArialRoundedMTBold already registered in fonts database. Skipping.
2025-10-13 00:15:35,362 INFO /System/Library/Fonts/Supplemental/Arial Unicode.ttf : ArialUnicodeMS already registered in fonts database. Skipping.
2025-10-13 00:15:39,235 INFO /System/Library/Fonts/Supplemental/Arial Unicode.ttf : ArialUnicodeMS already registered in fonts database. Skipping.
2025-10-13 00:15:39,354 INFO /System/Library/Fonts/Supplemental/Arial.ttf : ArialMT already registered in fonts database. Skipping.
2025-10-13 00:15:39,476 INFO /System/Library/Fonts/Supplemental/Arial.ttf : ArialMT already registered in fonts database. Skipping.
2025-10-13 00:15:39,516 INFO /System/Library/Fonts/Supplemental/Ayuthaya.ttf : No FontName. Skipping.
2025-10-13 00:15:39,553 INFO /System/Library/Fonts/Supplemental/Ayuthaya.ttf : No FontName. Skipping.
2025-10-13 00:15:39,700 INFO /System/Library/Fonts/Supplemental/BigCaslon.ttf : No FontName. Skipping.
2025-10-13 00:15:39,847 INFO /System/Library/Fonts/Supplemental/BigCaslon.ttf : No FontName. Skipping.
2025-10-13 00:15:39,869 INFO /System/Library/Fonts/Supplemental/Bodoni 72 Smallcaps Book.ttf : BodoniSvtyTwoSCITCTT-Book already registered in fonts database. Skipping.
2025-10-13 00:15:39,891 INFO /System/Library/Fonts/Supplemental/Bodoni 72 Smallcaps Book.ttf : BodoniSvtyTwoSCITCTT-Book already registered in fonts database. Skipping.
2025-10-13 00:15:39,923 INFO /System/Library/Fonts/Supplemental/Bodoni Ornaments.ttf : BodoniOrnamentsITCTT already registered in fonts database. Skipping.
2025-10-13 00:15:39,953 INFO /System/Library/Fonts/Supplemental/Bodoni Ornaments.ttf : BodoniOrnamentsITCTT already registered in fonts database. Skipping.
2025-10-13 00:15:40,249 INFO /System/Library/Fonts/Supplemental/Bradley Hand Bold.ttf : Bradley-Hand-Bold already registered in fonts database. Skipping.
2025-10-13 00:15:40,545 INFO /System/Library/Fonts/Supplemental/Bradley Hand Bold.ttf : Bradley-Hand-Bold already registered in fonts database. Skipping.
2025-10-13 00:15:40,720 INFO /System/Library/Fonts/Supplemental/Brush Script.ttf : BrushScriptMT already registered in fonts database. Skipping.
2025-10-13 00:15:40,896 INFO /System/Library/Fonts/Supplemental/Brush Script.ttf : BrushScriptMT already registered in fonts database. Skipping.
2025-10-13 00:15:40,915 INFO /System/Library/Fonts/Supplemental/Chalkduster.ttfsh: line 1: 22966 Abort trap: 6           '/Library/Frameworks/R.framework/Versions/4.5-arm64/Resources/library/Rttf2pt1/exec//ttf2pt1' -a -GfAe '/System/Library/Fonts/Supplemental/Chalkduster.ttf' '/var/folders/73/jl9lgbkj511fwjxkl9cvw7q00000gq/T//RtmpUWfWM1/fonts/Chalkduster' 2>&1
2025-10-13 00:15:40,916 INFO  : No FontName. Skipping.
2025-10-13 00:15:40,933 INFO /System/Library/Fonts/Supplemental/Chalkduster.ttfsh: line 1: 22968 Abort trap: 6           '/Library/Frameworks/R.framework/Versions/4.5-arm64/Resources/library/Rttf2pt1/exec//ttf2pt1' -a -GfAe '/System/Library/Fonts/Supplemental/Chalkduster.ttf' '/var/folders/73/jl9lgbkj511fwjxkl9cvw7q00000gq/T//RtmpUWfWM1/fonts/Chalkduster' 2>&1
2025-10-13 00:15:40,933 INFO  : No FontName. Skipping.
2025-10-13 00:15:40,995 INFO /System/Library/Fonts/Supplemental/Comic Sans MS Bold.ttf : ComicSansMS-Bold already registered in fonts database. Skipping.
2025-10-13 00:15:41,056 INFO /System/Library/Fonts/Supplemental/Comic Sans MS Bold.ttf : ComicSansMS-Bold already registered in fonts database. Skipping.
2025-10-13 00:15:41,105 INFO /System/Library/Fonts/Supplemental/Comic Sans MS.ttf : ComicSansMS already registered in fonts database. Skipping.
2025-10-13 00:15:41,156 INFO /System/Library/Fonts/Supplemental/Comic Sans MS.ttf : ComicSansMS already registered in fonts database. Skipping.
2025-10-13 00:15:41,260 INFO /System/Library/Fonts/Supplemental/Courier New Bold Italic.ttf : CourierNewPS-BoldItalicMT already registered in fonts database. Skipping.
2025-10-13 00:15:41,364 INFO /System/Library/Fonts/Supplemental/Courier New Bold Italic.ttf : CourierNewPS-BoldItalicMT already registered in fonts database. Skipping.
2025-10-13 00:15:41,488 INFO /System/Library/Fonts/Supplemental/Courier New Bold.ttf : CourierNewPS-BoldMT already registered in fonts database. Skipping.
2025-10-13 00:15:41,612 INFO /System/Library/Fonts/Supplemental/Courier New Bold.ttf : CourierNewPS-BoldMT already registered in fonts database. Skipping.
2025-10-13 00:15:41,711 INFO /System/Library/Fonts/Supplemental/Courier New Italic.ttf : CourierNewPS-ItalicMT already registered in fonts database. Skipping.
2025-10-13 00:15:41,810 INFO /System/Library/Fonts/Supplemental/Courier New Italic.ttf : CourierNewPS-ItalicMT already registered in fonts database. Skipping.
2025-10-13 00:15:41,927 INFO /System/Library/Fonts/Supplemental/Courier New.ttf : CourierNewPSMT already registered in fonts database. Skipping.
2025-10-13 00:15:42,055 INFO /System/Library/Fonts/Supplemental/Courier New.ttf : CourierNewPSMT already registered in fonts database. Skipping.
2025-10-13 00:15:42,123 INFO /System/Library/Fonts/Supplemental/DIN Alternate Bold.ttf : DINAlternate-Bold already registered in fonts database. Skipping.
2025-10-13 00:15:42,185 INFO /System/Library/Fonts/Supplemental/DIN Alternate Bold.ttf : DINAlternate-Bold already registered in fonts database. Skipping.
2025-10-13 00:15:42,257 INFO /System/Library/Fonts/Supplemental/DIN Condensed Bold.ttf : DINCondensed-Bold already registered in fonts database. Skipping.
2025-10-13 00:15:42,326 INFO /System/Library/Fonts/Supplemental/DIN Condensed Bold.ttf : DINCondensed-Bold already registered in fonts database. Skipping.
2025-10-13 00:15:42,487 INFO /System/Library/Fonts/Supplemental/Diwan Thuluth.ttf : No FontName. Skipping.
2025-10-13 00:15:42,649 INFO /System/Library/Fonts/Supplemental/Diwan Thuluth.ttf : No FontName. Skipping.
2025-10-13 00:15:42,765 INFO /System/Library/Fonts/Supplemental/Farisi.ttf : No FontName. Skipping.
2025-10-13 00:15:42,882 INFO /System/Library/Fonts/Supplemental/Farisi.ttf : No FontName. Skipping.
2025-10-13 00:15:42,968 INFO /System/Library/Fonts/Supplemental/Georgia Bold Italic.ttf : Georgia-BoldItalic already registered in fonts database. Skipping.
2025-10-13 00:15:43,054 INFO /System/Library/Fonts/Supplemental/Georgia Bold Italic.ttf : Georgia-BoldItalic already registered in fonts database. Skipping.
2025-10-13 00:15:43,143 INFO /System/Library/Fonts/Supplemental/Georgia Bold.ttf : Georgia-Bold already registered in fonts database. Skipping.
2025-10-13 00:15:43,230 INFO /System/Library/Fonts/Supplemental/Georgia Bold.ttf : Georgia-Bold already registered in fonts database. Skipping.
2025-10-13 00:15:43,314 INFO /System/Library/Fonts/Supplemental/Georgia Italic.ttf : Georgia-Italic already registered in fonts database. Skipping.
2025-10-13 00:15:43,397 INFO /System/Library/Fonts/Supplemental/Georgia Italic.ttf : Georgia-Italic already registered in fonts database. Skipping.
2025-10-13 00:15:43,488 INFO /System/Library/Fonts/Supplemental/Georgia.ttf : Georgia already registered in fonts database. Skipping.
2025-10-13 00:15:43,579 INFO /System/Library/Fonts/Supplemental/Georgia.ttf : Georgia already registered in fonts database. Skipping.
2025-10-13 00:15:43,589 INFO /System/Library/Fonts/Supplemental/Gurmukhi.ttf : No FontName. Skipping.
2025-10-13 00:15:43,598 INFO /System/Library/Fonts/Supplemental/Gurmukhi.ttf : No FontName. Skipping.
2025-10-13 00:15:43,665 INFO /System/Library/Fonts/Supplemental/Herculanum.ttf : No FontName. Skipping.
2025-10-13 00:15:43,730 INFO /System/Library/Fonts/Supplemental/Herculanum.ttf : No FontName. Skipping.
2025-10-13 00:15:43,740 INFO /System/Library/Fonts/Supplemental/Hoefler Text Ornaments.ttf : No FontName. Skipping.
2025-10-13 00:15:43,751 INFO /System/Library/Fonts/Supplemental/Hoefler Text Ornaments.ttf : No FontName. Skipping.
2025-10-13 00:15:43,783 INFO /System/Library/Fonts/Supplemental/Impact.ttf : Impact already registered in fonts database. Skipping.
2025-10-13 00:15:43,815 INFO /System/Library/Fonts/Supplemental/Impact.ttf : Impact already registered in fonts database. Skipping.
2025-10-13 00:15:43,888 INFO /System/Library/Fonts/Supplemental/Khmer Sangam MN.ttf : KhmerSangamMN already registered in fonts database. Skipping.
2025-10-13 00:15:43,964 INFO /System/Library/Fonts/Supplemental/Khmer Sangam MN.ttf : KhmerSangamMN already registered in fonts database. Skipping.
2025-10-13 00:15:44,005 INFO /System/Library/Fonts/Supplemental/Kokonor.ttfsh: line 1: 23049 Abort trap: 6           '/Library/Frameworks/R.framework/Versions/4.5-arm64/Resources/library/Rttf2pt1/exec//ttf2pt1' -a -GfAe '/System/Library/Fonts/Supplemental/Kokonor.ttf' '/var/folders/73/jl9lgbkj511fwjxkl9cvw7q00000gq/T//RtmpUWfWM1/fonts/Kokonor' 2>&1
2025-10-13 00:15:44,006 INFO  : No FontName. Skipping.
2025-10-13 00:15:44,046 INFO /System/Library/Fonts/Supplemental/Kokonor.ttfsh: line 1: 23051 Abort trap: 6           '/Library/Frameworks/R.framework/Versions/4.5-arm64/Resources/library/Rttf2pt1/exec//ttf2pt1' -a -GfAe '/System/Library/Fonts/Supplemental/Kokonor.ttf' '/var/folders/73/jl9lgbkj511fwjxkl9cvw7q00000gq/T//RtmpUWfWM1/fonts/Kokonor' 2>&1
2025-10-13 00:15:44,046 INFO  : No FontName. Skipping.
2025-10-13 00:15:44,067 INFO /System/Library/Fonts/Supplemental/Krungthep.ttf : No FontName. Skipping.
2025-10-13 00:15:44,088 INFO /System/Library/Fonts/Supplemental/Krungthep.ttf : No FontName. Skipping.
2025-10-13 00:15:44,118 INFO /System/Library/Fonts/Supplemental/Lao Sangam MN.ttf : LaoSangamMN already registered in fonts database. Skipping.
2025-10-13 00:15:44,148 INFO /System/Library/Fonts/Supplemental/Lao Sangam MN.ttf : LaoSangamMN already registered in fonts database. Skipping.
2025-10-13 00:15:44,457 INFO /System/Library/Fonts/Supplemental/Luminari.ttf : Luminari-Regular already registered in fonts database. Skipping.
2025-10-13 00:15:44,760 INFO /System/Library/Fonts/Supplemental/Luminari.ttf : Luminari-Regular already registered in fonts database. Skipping.
2025-10-13 00:15:44,830 INFO /System/Library/Fonts/Supplemental/Microsoft Sans Serif.ttf : MicrosoftSansSerif already registered in fonts database. Skipping.
2025-10-13 00:15:44,898 INFO /System/Library/Fonts/Supplemental/Microsoft Sans Serif.ttf : MicrosoftSansSerif already registered in fonts database. Skipping.
2025-10-13 00:15:45,115 INFO /System/Library/Fonts/Supplemental/Mishafi Gold.ttf : No FontName. Skipping.
2025-10-13 00:15:45,285 INFO /System/Library/Fonts/Supplemental/Mishafi Gold.ttf : No FontName. Skipping.
2025-10-13 00:15:45,728 INFO /System/Library/Fonts/Supplemental/Mishafi.ttf : No FontName. Skipping.
2025-10-13 00:15:46,177 INFO /System/Library/Fonts/Supplemental/Mishafi.ttf : No FontName. Skipping.
2025-10-13 00:15:46,183 INFO /System/Library/Fonts/Supplemental/NISC18030.ttf : No FontName. Skipping.
2025-10-13 00:15:46,188 INFO /System/Library/Fonts/Supplemental/NISC18030.ttf : No FontName. Skipping.
2025-10-13 00:15:46,210 INFO /System/Library/Fonts/Supplemental/NotoSansAdlam-Regular.ttf : NotoSansAdlam-Regular already registered in fonts database. Skipping.
2025-10-13 00:15:46,232 INFO /System/Library/Fonts/Supplemental/NotoSansAdlam-Regular.ttf : NotoSansAdlam-Regular already registered in fonts database. Skipping.
2025-10-13 00:15:46,241 INFO /System/Library/Fonts/Supplemental/NotoSansAvestan-Regular.ttf : NotoSansAvestan-Regular already registered in fonts database. Skipping.
2025-10-13 00:15:46,249 INFO /System/Library/Fonts/Supplemental/NotoSansAvestan-Regular.ttf : NotoSansAvestan-Regular already registered in fonts database. Skipping.
2025-10-13 00:15:46,300 INFO /System/Library/Fonts/Supplemental/NotoSansBamum-Regular.ttf : NotoSansBamum-Regular already registered in fonts database. Skipping.
2025-10-13 00:15:46,351 INFO /System/Library/Fonts/Supplemental/NotoSansBamum-Regular.ttf : NotoSansBamum-Regular already registered in fonts database. Skipping.
2025-10-13 00:15:46,438 INFO /System/Library/Fonts/Supplemental/NotoSansBassaVah-Regular.ttf : NotoSansBassaVah-Regular already registered in fonts database. Skipping.
2025-10-13 00:15:46,447 INFO /System/Library/Fonts/Supplemental/NotoSansBassaVah-Regular.ttf : NotoSansBassaVah-Regular already registered in fonts database. Skipping.
2025-10-13 00:15:46,462 INFO /System/Library/Fonts/Supplemental/NotoSansBatak-Regular.ttf : NotoSansBatak-Regular already registered in fonts database. Skipping.
2025-10-13 00:15:46,478 INFO /System/Library/Fonts/Supplemental/NotoSansBatak-Regular.ttf : NotoSansBatak-Regular already registered in fonts database. Skipping.
2025-10-13 00:15:46,592 INFO /System/Library/Fonts/Supplemental/NotoSansBhaiksuki-Regular.ttf : NotoSansBhaiksuki-Regular already registered in fonts database. Skipping.
2025-10-13 00:15:46,708 INFO /System/Library/Fonts/Supplemental/NotoSansBhaiksuki-Regular.ttf : NotoSansBhaiksuki-Regular already registered in fonts database. Skipping.
2025-10-13 00:15:46,723 INFO /System/Library/Fonts/Supplemental/NotoSansBrahmi-Regular.ttf : NotoSansBrahmi-Regular already registered in fonts database. Skipping.
2025-10-13 00:15:46,737 INFO /System/Library/Fonts/Supplemental/NotoSansBrahmi-Regular.ttf : NotoSansBrahmi-Regular already registered in fonts database. Skipping.
2025-10-13 00:15:46,745 INFO /System/Library/Fonts/Supplemental/NotoSansBuginese-Regular.ttf : NotoSansBuginese-Regular already registered in fonts database. Skipping.
2025-10-13 00:15:46,753 INFO /System/Library/Fonts/Supplemental/NotoSansBuginese-Regular.ttf : NotoSansBuginese-Regular already registered in fonts database. Skipping.
2025-10-13 00:15:46,762 INFO /System/Library/Fonts/Supplemental/NotoSansBuhid-Regular.ttf : NotoSansBuhid-Regular already registered in fonts database. Skipping.
2025-10-13 00:15:46,769 INFO /System/Library/Fonts/Supplemental/NotoSansBuhid-Regular.ttf : NotoSansBuhid-Regular already registered in fonts database. Skipping.
2025-10-13 00:15:46,778 INFO /System/Library/Fonts/Supplemental/NotoSansCarian-Regular.ttf : NotoSansCarian-Regular already registered in fonts database. Skipping.
2025-10-13 00:15:46,785 INFO /System/Library/Fonts/Supplemental/NotoSansCarian-Regular.ttf : NotoSansCarian-Regular already registered in fonts database. Skipping.
2025-10-13 00:15:46,796 INFO /System/Library/Fonts/Supplemental/NotoSansCaucasianAlbanian-Regular.ttf : NotoSansCaucasianAlbanian-Regular already registered in fonts database. Skipping.
2025-10-13 00:15:46,808 INFO /System/Library/Fonts/Supplemental/NotoSansCaucasianAlbanian-Regular.ttf : NotoSansCaucasianAlbanian-Regular already registered in fonts database. Skipping.
2025-10-13 00:15:46,824 INFO /System/Library/Fonts/Supplemental/NotoSansChakma-Regular.ttf : NotoSansChakma-Regular already registered in fonts database. Skipping.
2025-10-13 00:15:46,842 INFO /System/Library/Fonts/Supplemental/NotoSansChakma-Regular.ttf : NotoSansChakma-Regular already registered in fonts database. Skipping.
2025-10-13 00:15:46,854 INFO /System/Library/Fonts/Supplemental/NotoSansCham-Regular.ttf : NotoSansCham-Regular already registered in fonts database. Skipping.
2025-10-13 00:15:46,866 INFO /System/Library/Fonts/Supplemental/NotoSansCham-Regular.ttf : NotoSansCham-Regular already registered in fonts database. Skipping.
2025-10-13 00:15:46,878 INFO /System/Library/Fonts/Supplemental/NotoSansCoptic-Regular.ttf : NotoSansCoptic-Regular already registered in fonts database. Skipping.
2025-10-13 00:15:46,890 INFO /System/Library/Fonts/Supplemental/NotoSansCoptic-Regular.ttf : NotoSansCoptic-Regular already registered in fonts database. Skipping.
2025-10-13 00:15:47,169 INFO /System/Library/Fonts/Supplemental/NotoSansCuneiform-Regular.ttf : NotoSansCuneiform-Regular already registered in fonts database. Skipping.
2025-10-13 00:15:47,447 INFO /System/Library/Fonts/Supplemental/NotoSansCuneiform-Regular.ttf : NotoSansCuneiform-Regular already registered in fonts database. Skipping.
2025-10-13 00:15:47,454 INFO /System/Library/Fonts/Supplemental/NotoSansCypriot-Regular.ttf : NotoSansCypriot-Regular already registered in fonts database. Skipping.
2025-10-13 00:15:47,462 INFO /System/Library/Fonts/Supplemental/NotoSansCypriot-Regular.ttf : NotoSansCypriot-Regular already registered in fonts database. Skipping.
2025-10-13 00:15:47,474 INFO /System/Library/Fonts/Supplemental/NotoSansDuployan-Regular.ttf : NotoSansDuployan-Regular already registered in fonts database. Skipping.
2025-10-13 00:15:47,485 INFO /System/Library/Fonts/Supplemental/NotoSansDuployan-Regular.ttf : NotoSansDuployan-Regular already registered in fonts database. Skipping.
2025-10-13 00:15:47,788 INFO /System/Library/Fonts/Supplemental/NotoSansEgyptianHieroglyphs-Regular.ttf : NotoSansEgyptianHieroglyphs-Regular already registered in fonts database. Skipping.
2025-10-13 00:15:48,092 INFO /System/Library/Fonts/Supplemental/NotoSansEgyptianHieroglyphs-Regular.ttf : NotoSansEgyptianHieroglyphs-Regular already registered in fonts database. Skipping.
2025-10-13 00:15:48,099 INFO /System/Library/Fonts/Supplemental/NotoSansElbasan-Regular.ttf : NotoSansElbasan-Regular already registered in fonts database. Skipping.
2025-10-13 00:15:48,107 INFO /System/Library/Fonts/Supplemental/NotoSansElbasan-Regular.ttf : NotoSansElbasan-Regular already registered in fonts database. Skipping.
2025-10-13 00:15:48,119 INFO /System/Library/Fonts/Supplemental/NotoSansGlagolitic-Regular.ttf : NotoSansGlagolitic-Regular already registered in fonts database. Skipping.
2025-10-13 00:15:48,130 INFO /System/Library/Fonts/Supplemental/NotoSansGlagolitic-Regular.ttf : NotoSansGlagolitic-Regular already registered in fonts database. Skipping.
2025-10-13 00:15:48,138 INFO /System/Library/Fonts/Supplemental/NotoSansGothic-Regular.ttf : NotoSansGothic-Regular already registered in fonts database. Skipping.
2025-10-13 00:15:48,145 INFO /System/Library/Fonts/Supplemental/NotoSansGothic-Regular.ttf : NotoSansGothic-Regular already registered in fonts database. Skipping.
2025-10-13 00:15:48,157 INFO /System/Library/Fonts/Supplemental/NotoSansHanifiRohingya-Regular.ttf : NotoSansHanifiRohingya-Regular already registered in fonts database. Skipping.
2025-10-13 00:15:48,170 INFO /System/Library/Fonts/Supplemental/NotoSansHanifiRohingya-Regular.ttf : NotoSansHanifiRohingya-Regular already registered in fonts database. Skipping.
2025-10-13 00:15:48,178 INFO /System/Library/Fonts/Supplemental/NotoSansHanunoo-Regular.ttf : NotoSansHanunoo-Regular already registered in fonts database. Skipping.
2025-10-13 00:15:48,185 INFO /System/Library/Fonts/Supplemental/NotoSansHanunoo-Regular.ttf : NotoSansHanunoo-Regular already registered in fonts database. Skipping.
2025-10-13 00:15:48,192 INFO /System/Library/Fonts/Supplemental/NotoSansHatran-Regular.ttf : NotoSansHatran-Regular already registered in fonts database. Skipping.
2025-10-13 00:15:48,200 INFO /System/Library/Fonts/Supplemental/NotoSansHatran-Regular.ttf : NotoSansHatran-Regular already registered in fonts database. Skipping.
2025-10-13 00:15:48,208 INFO /System/Library/Fonts/Supplemental/NotoSansImperialAramaic-Regular.ttf : NotoSansImperialAramaic-Regular already registered in fonts database. Skipping.
2025-10-13 00:15:48,216 INFO /System/Library/Fonts/Supplemental/NotoSansImperialAramaic-Regular.ttf : NotoSansImperialAramaic-Regular already registered in fonts database. Skipping.
2025-10-13 00:15:48,224 INFO /System/Library/Fonts/Supplemental/NotoSansInscriptionalPahlavi-Regular.ttf : NotoSansInscriptionalPahlavi-Regular already registered in fonts database. Skipping.
2025-10-13 00:15:48,232 INFO /System/Library/Fonts/Supplemental/NotoSansInscriptionalPahlavi-Regular.ttf : NotoSansInscriptionalPahlavi-Regular already registered in fonts database. Skipping.
2025-10-13 00:15:48,240 INFO /System/Library/Fonts/Supplemental/NotoSansInscriptionalParthian-Regular.ttf : NotoSansInscriptionalParthian-Regular already registered in fonts database. Skipping.
2025-10-13 00:15:48,249 INFO /System/Library/Fonts/Supplemental/NotoSansInscriptionalParthian-Regular.ttf : NotoSansInscriptionalParthian-Regular already registered in fonts database. Skipping.
2025-10-13 00:15:48,268 INFO /System/Library/Fonts/Supplemental/NotoSansKaithi-Regular.ttf : NotoSansKaithi-Regular already registered in fonts database. Skipping.
2025-10-13 00:15:48,287 INFO /System/Library/Fonts/Supplemental/NotoSansKaithi-Regular.ttf : NotoSansKaithi-Regular already registered in fonts database. Skipping.
2025-10-13 00:15:48,296 INFO /System/Library/Fonts/Supplemental/NotoSansKayahLi-Regular.ttf : NotoSansKayahLi-Regular already registered in fonts database. Skipping.
2025-10-13 00:15:48,305 INFO /System/Library/Fonts/Supplemental/NotoSansKayahLi-Regular.ttf : NotoSansKayahLi-Regular already registered in fonts database. Skipping.
2025-10-13 00:15:48,317 INFO /System/Library/Fonts/Supplemental/NotoSansKharoshthi-Regular.ttf : NotoSansKharoshthi-Regular already registered in fonts database. Skipping.
2025-10-13 00:15:48,330 INFO /System/Library/Fonts/Supplemental/NotoSansKharoshthi-Regular.ttf : NotoSansKharoshthi-Regular already registered in fonts database. Skipping.
2025-10-13 00:15:48,350 INFO /System/Library/Fonts/Supplemental/NotoSansKhojki-Regular.ttf : NotoSansKhojki-Regular already registered in fonts database. Skipping.
2025-10-13 00:15:48,370 INFO /System/Library/Fonts/Supplemental/NotoSansKhojki-Regular.ttf : NotoSansKhojki-Regular already registered in fonts database. Skipping.
2025-10-13 00:15:48,381 INFO /System/Library/Fonts/Supplemental/NotoSansKhudawadi-Regular.ttf : NotoSansKhudawadi-Regular already registered in fonts database. Skipping.
2025-10-13 00:15:48,392 INFO /System/Library/Fonts/Supplemental/NotoSansKhudawadi-Regular.ttf : NotoSansKhudawadi-Regular already registered in fonts database. Skipping.
2025-10-13 00:15:48,402 INFO /System/Library/Fonts/Supplemental/NotoSansLepcha-Regular.ttf : NotoSansLepcha-Regular already registered in fonts database. Skipping.
2025-10-13 00:15:48,413 INFO /System/Library/Fonts/Supplemental/NotoSansLepcha-Regular.ttf : NotoSansLepcha-Regular already registered in fonts database. Skipping.
2025-10-13 00:15:48,423 INFO /System/Library/Fonts/Supplemental/NotoSansLimbu-Regular.ttf : NotoSansLimbu-Regular already registered in fonts database. Skipping.
2025-10-13 00:15:48,433 INFO /System/Library/Fonts/Supplemental/NotoSansLimbu-Regular.ttf : NotoSansLimbu-Regular already registered in fonts database. Skipping.
2025-10-13 00:15:48,456 INFO /System/Library/Fonts/Supplemental/NotoSansLinearA-Regular.ttf : NotoSansLinearA-Regular already registered in fonts database. Skipping.
2025-10-13 00:15:48,479 INFO /System/Library/Fonts/Supplemental/NotoSansLinearA-Regular.ttf : NotoSansLinearA-Regular already registered in fonts database. Skipping.
2025-10-13 00:15:48,507 INFO /System/Library/Fonts/Supplemental/NotoSansLinearB-Regular.ttf : NotoSansLinearB-Regular already registered in fonts database. Skipping.
2025-10-13 00:15:48,534 INFO /System/Library/Fonts/Supplemental/NotoSansLinearB-Regular.ttf : NotoSansLinearB-Regular already registered in fonts database. Skipping.
2025-10-13 00:15:48,542 INFO /System/Library/Fonts/Supplemental/NotoSansLisu-Regular.ttf : NotoSansLisu-Regular already registered in fonts database. Skipping.
2025-10-13 00:15:48,550 INFO /System/Library/Fonts/Supplemental/NotoSansLisu-Regular.ttf : NotoSansLisu-Regular already registered in fonts database. Skipping.
2025-10-13 00:15:48,557 INFO /System/Library/Fonts/Supplemental/NotoSansLycian-Regular.ttf : NotoSansLycian-Regular already registered in fonts database. Skipping.
2025-10-13 00:15:48,564 INFO /System/Library/Fonts/Supplemental/NotoSansLycian-Regular.ttf : NotoSansLycian-Regular already registered in fonts database. Skipping.
2025-10-13 00:15:48,571 INFO /System/Library/Fonts/Supplemental/NotoSansLydian-Regular.ttf : NotoSansLydian-Regular already registered in fonts database. Skipping.
2025-10-13 00:15:48,578 INFO /System/Library/Fonts/Supplemental/NotoSansLydian-Regular.ttf : NotoSansLydian-Regular already registered in fonts database. Skipping.
2025-10-13 00:15:48,589 INFO /System/Library/Fonts/Supplemental/NotoSansMahajani-Regular.ttf : NotoSansMahajani-Regular already registered in fonts database. Skipping.
2025-10-13 00:15:48,601 INFO /System/Library/Fonts/Supplemental/NotoSansMahajani-Regular.ttf : NotoSansMahajani-Regular already registered in fonts database. Skipping.
2025-10-13 00:15:48,612 INFO /System/Library/Fonts/Supplemental/NotoSansMandaic-Regular.ttf : NotoSansMandaic-Regular already registered in fonts database. Skipping.
2025-10-13 00:15:48,625 INFO /System/Library/Fonts/Supplemental/NotoSansMandaic-Regular.ttf : NotoSansMandaic-Regular already registered in fonts database. Skipping.
2025-10-13 00:15:48,640 INFO /System/Library/Fonts/Supplemental/NotoSansManichaean-Regular.ttf : NotoSansManichaean-Regular already registered in fonts database. Skipping.
2025-10-13 00:15:48,655 INFO /System/Library/Fonts/Supplemental/NotoSansManichaean-Regular.ttf : NotoSansManichaean-Regular already registered in fonts database. Skipping.
2025-10-13 00:15:48,687 INFO /System/Library/Fonts/Supplemental/NotoSansMarchen-Regular.ttf : NotoSansMarchen-Regular already registered in fonts database. Skipping.
2025-10-13 00:15:48,717 INFO /System/Library/Fonts/Supplemental/NotoSansMarchen-Regular.ttf : NotoSansMarchen-Regular already registered in fonts database. Skipping.
2025-10-13 00:15:48,728 INFO /System/Library/Fonts/Supplemental/NotoSansMeeteiMayek-Regular.ttf : NotoSansMeeteiMayek-Regular already registered in fonts database. Skipping.
2025-10-13 00:15:48,738 INFO /System/Library/Fonts/Supplemental/NotoSansMeeteiMayek-Regular.ttf : NotoSansMeeteiMayek-Regular already registered in fonts database. Skipping.
2025-10-13 00:15:48,755 INFO /System/Library/Fonts/Supplemental/NotoSansMendeKikakui-Regular.ttf : NotoSansMendeKikakui-Regular already registered in fonts database. Skipping.
2025-10-13 00:15:48,772 INFO /System/Library/Fonts/Supplemental/NotoSansMendeKikakui-Regular.ttf : NotoSansMendeKikakui-Regular already registered in fonts database. Skipping.
2025-10-13 00:15:48,790 INFO /System/Library/Fonts/Supplemental/NotoSansMeroitic-Regular.ttf : NotoSansMeroitic-Regular already registered in fonts database. Skipping.
2025-10-13 00:15:48,806 INFO /System/Library/Fonts/Supplemental/NotoSansMeroitic-Regular.ttf : NotoSansMeroitic-Regular already registered in fonts database. Skipping.
2025-10-13 00:15:48,822 INFO /System/Library/Fonts/Supplemental/NotoSansMiao-Regular.ttf : NotoSansMiao-Regular already registered in fonts database. Skipping.
2025-10-13 00:15:48,837 INFO /System/Library/Fonts/Supplemental/NotoSansMiao-Regular.ttf : NotoSansMiao-Regular already registered in fonts database. Skipping.
2025-10-13 00:15:48,854 INFO /System/Library/Fonts/Supplemental/NotoSansModi-Regular.ttf : NotoSansModi-Regular already registered in fonts database. Skipping.
2025-10-13 00:15:48,871 INFO /System/Library/Fonts/Supplemental/NotoSansModi-Regular.ttf : NotoSansModi-Regular already registered in fonts database. Skipping.
2025-10-13 00:15:48,935 INFO /System/Library/Fonts/Supplemental/NotoSansMongolian-Regular.ttf : NotoSansMongolian-Regular already registered in fonts database. Skipping.
2025-10-13 00:15:48,997 INFO /System/Library/Fonts/Supplemental/NotoSansMongolian-Regular.ttf : NotoSansMongolian-Regular already registered in fonts database. Skipping.
2025-10-13 00:15:49,004 INFO /System/Library/Fonts/Supplemental/NotoSansMro-Regular.ttf : NotoSansMro-Regular already registered in fonts database. Skipping.
2025-10-13 00:15:49,012 INFO /System/Library/Fonts/Supplemental/NotoSansMro-Regular.ttf : NotoSansMro-Regular already registered in fonts database. Skipping.
2025-10-13 00:15:49,022 INFO /System/Library/Fonts/Supplemental/NotoSansMultani-Regular.ttf : NotoSansMultani-Regular already registered in fonts database. Skipping.
2025-10-13 00:15:49,031 INFO /System/Library/Fonts/Supplemental/NotoSansMultani-Regular.ttf : NotoSansMultani-Regular already registered in fonts database. Skipping.
2025-10-13 00:15:49,041 INFO /System/Library/Fonts/Supplemental/NotoSansNabataean-Regular.ttf : NotoSansNabataean-Regular already registered in fonts database. Skipping.
2025-10-13 00:15:49,050 INFO /System/Library/Fonts/Supplemental/NotoSansNabataean-Regular.ttf : NotoSansNabataean-Regular already registered in fonts database. Skipping.
2025-10-13 00:15:49,087 INFO /System/Library/Fonts/Supplemental/NotoSansNewa-Regular.ttf : NotoSansNewa-Regular already registered in fonts database. Skipping.
2025-10-13 00:15:49,123 INFO /System/Library/Fonts/Supplemental/NotoSansNewa-Regular.ttf : NotoSansNewa-Regular already registered in fonts database. Skipping.
2025-10-13 00:15:49,136 INFO /System/Library/Fonts/Supplemental/NotoSansNewTaiLue-Regular.ttf : NotoSansNewTaiLue-Regular already registered in fonts database. Skipping.
2025-10-13 00:15:49,149 INFO /System/Library/Fonts/Supplemental/NotoSansNewTaiLue-Regular.ttf : NotoSansNewTaiLue-Regular already registered in fonts database. Skipping.
2025-10-13 00:15:49,159 INFO /System/Library/Fonts/Supplemental/NotoSansNKo-Regular.ttf : NotoSansNKo-Regular already registered in fonts database. Skipping.
2025-10-13 00:15:49,169 INFO /System/Library/Fonts/Supplemental/NotoSansNKo-Regular.ttf : NotoSansNKo-Regular already registered in fonts database. Skipping.
2025-10-13 00:15:49,180 INFO /System/Library/Fonts/Supplemental/NotoSansOlChiki-Regular.ttf : NotoSansOlChiki-Regular already registered in fonts database. Skipping.
2025-10-13 00:15:49,190 INFO /System/Library/Fonts/Supplemental/NotoSansOlChiki-Regular.ttf : NotoSansOlChiki-Regular already registered in fonts database. Skipping.
2025-10-13 00:15:49,202 INFO /System/Library/Fonts/Supplemental/NotoSansOldHungarian-Regular.ttf : NotoSansOldHungarian-Regular already registered in fonts database. Skipping.
2025-10-13 00:15:49,214 INFO /System/Library/Fonts/Supplemental/NotoSansOldHungarian-Regular.ttf : NotoSansOldHungarian-Regular already registered in fonts database. Skipping.
2025-10-13 00:15:49,222 INFO /System/Library/Fonts/Supplemental/NotoSansOldItalic-Regular.ttf : NotoSansOldItalic-Regular already registered in fonts database. Skipping.
2025-10-13 00:15:49,229 INFO /System/Library/Fonts/Supplemental/NotoSansOldItalic-Regular.ttf : NotoSansOldItalic-Regular already registered in fonts database. Skipping.
2025-10-13 00:15:49,238 INFO /System/Library/Fonts/Supplemental/NotoSansOldNorthArabian-Regular.ttf : NotoSansOldNorthArabian-Regular already registered in fonts database. Skipping.
2025-10-13 00:15:49,246 INFO /System/Library/Fonts/Supplemental/NotoSansOldNorthArabian-Regular.ttf : NotoSansOldNorthArabian-Regular already registered in fonts database. Skipping.
2025-10-13 00:15:49,253 INFO /System/Library/Fonts/Supplemental/NotoSansOldPermic-Regular.ttf : NotoSansOldPermic-Regular already registered in fonts database. Skipping.
2025-10-13 00:15:49,261 INFO /System/Library/Fonts/Supplemental/NotoSansOldPermic-Regular.ttf : NotoSansOldPermic-Regular already registered in fonts database. Skipping.
2025-10-13 00:15:49,271 INFO /System/Library/Fonts/Supplemental/NotoSansOldPersian-Regular.ttf : NotoSansOldPersian-Regular already registered in fonts database. Skipping.
2025-10-13 00:15:49,281 INFO /System/Library/Fonts/Supplemental/NotoSansOldPersian-Regular.ttf : NotoSansOldPersian-Regular already registered in fonts database. Skipping.
2025-10-13 00:15:49,288 INFO /System/Library/Fonts/Supplemental/NotoSansOldSouthArabian-Regular.ttf : NotoSansOldSouthArabian-Regular already registered in fonts database. Skipping.
2025-10-13 00:15:49,295 INFO /System/Library/Fonts/Supplemental/NotoSansOldSouthArabian-Regular.ttf : NotoSansOldSouthArabian-Regular already registered in fonts database. Skipping.
2025-10-13 00:15:49,303 INFO /System/Library/Fonts/Supplemental/NotoSansOldTurkic-Regular.ttf : NotoSansOldTurkic-Regular already registered in fonts database. Skipping.
2025-10-13 00:15:49,311 INFO /System/Library/Fonts/Supplemental/NotoSansOldTurkic-Regular.ttf : NotoSansOldTurkic-Regular already registered in fonts database. Skipping.
2025-10-13 00:15:49,320 INFO /System/Library/Fonts/Supplemental/NotoSansOsage-Regular.ttf : NotoSansOsage-Regular already registered in fonts database. Skipping.
2025-10-13 00:15:49,329 INFO /System/Library/Fonts/Supplemental/NotoSansOsage-Regular.ttf : NotoSansOsage-Regular already registered in fonts database. Skipping.
2025-10-13 00:15:49,337 INFO /System/Library/Fonts/Supplemental/NotoSansOsmanya-Regular.ttf : NotoSansOsmanya-Regular already registered in fonts database. Skipping.
2025-10-13 00:15:49,346 INFO /System/Library/Fonts/Supplemental/NotoSansOsmanya-Regular.ttf : NotoSansOsmanya-Regular already registered in fonts database. Skipping.
2025-10-13 00:15:49,356 INFO /System/Library/Fonts/Supplemental/NotoSansPahawhHmong-Regular.ttf : NotoSansPahawhHmong-Regular already registered in fonts database. Skipping.
2025-10-13 00:15:49,367 INFO /System/Library/Fonts/Supplemental/NotoSansPahawhHmong-Regular.ttf : NotoSansPahawhHmong-Regular already registered in fonts database. Skipping.
2025-10-13 00:15:49,379 INFO /System/Library/Fonts/Supplemental/NotoSansPalmyrene-Regular.ttf : NotoSansPalmyrene-Regular already registered in fonts database. Skipping.
2025-10-13 00:15:49,390 INFO /System/Library/Fonts/Supplemental/NotoSansPalmyrene-Regular.ttf : NotoSansPalmyrene-Regular already registered in fonts database. Skipping.
2025-10-13 00:15:49,398 INFO /System/Library/Fonts/Supplemental/NotoSansPauCinHau-Regular.ttf : NotoSansPauCinHau-Regular already registered in fonts database. Skipping.
2025-10-13 00:15:49,405 INFO /System/Library/Fonts/Supplemental/NotoSansPauCinHau-Regular.ttf : NotoSansPauCinHau-Regular already registered in fonts database. Skipping.
2025-10-13 00:15:49,418 INFO /System/Library/Fonts/Supplemental/NotoSansPhagsPa-Regular.ttf : NotoSansPhagsPa-Regular already registered in fonts database. Skipping.
2025-10-13 00:15:49,431 INFO /System/Library/Fonts/Supplemental/NotoSansPhagsPa-Regular.ttf : NotoSansPhagsPa-Regular already registered in fonts database. Skipping.
2025-10-13 00:15:49,439 INFO /System/Library/Fonts/Supplemental/NotoSansPhoenician-Regular.ttf : NotoSansPhoenician-Regular already registered in fonts database. Skipping.
2025-10-13 00:15:49,446 INFO /System/Library/Fonts/Supplemental/NotoSansPhoenician-Regular.ttf : NotoSansPhoenician-Regular already registered in fonts database. Skipping.
2025-10-13 00:15:49,459 INFO /System/Library/Fonts/Supplemental/NotoSansPsalterPahlavi-Regular.ttf : NotoSansPsalterPahlavi-Regular already registered in fonts database. Skipping.
2025-10-13 00:15:49,472 INFO /System/Library/Fonts/Supplemental/NotoSansPsalterPahlavi-Regular.ttf : NotoSansPsalterPahlavi-Regular already registered in fonts database. Skipping.
2025-10-13 00:15:49,479 INFO /System/Library/Fonts/Supplemental/NotoSansRejang-Regular.ttf : NotoSansRejang-Regular already registered in fonts database. Skipping.
2025-10-13 00:15:49,487 INFO /System/Library/Fonts/Supplemental/NotoSansRejang-Regular.ttf : NotoSansRejang-Regular already registered in fonts database. Skipping.
2025-10-13 00:15:49,497 INFO /System/Library/Fonts/Supplemental/NotoSansSamaritan-Regular.ttf : NotoSansSamaritan-Regular already registered in fonts database. Skipping.
2025-10-13 00:15:49,506 INFO /System/Library/Fonts/Supplemental/NotoSansSamaritan-Regular.ttf : NotoSansSamaritan-Regular already registered in fonts database. Skipping.
2025-10-13 00:15:49,516 INFO /System/Library/Fonts/Supplemental/NotoSansSaurashtra-Regular.ttf : NotoSansSaurashtra-Regular already registered in fonts database. Skipping.
2025-10-13 00:15:49,526 INFO /System/Library/Fonts/Supplemental/NotoSansSaurashtra-Regular.ttf : NotoSansSaurashtra-Regular already registered in fonts database. Skipping.
2025-10-13 00:15:49,541 INFO /System/Library/Fonts/Supplemental/NotoSansSharada-Regular.ttf : NotoSansSharada-Regular already registered in fonts database. Skipping.
2025-10-13 00:15:49,556 INFO /System/Library/Fonts/Supplemental/NotoSansSharada-Regular.ttf : NotoSansSharada-Regular already registered in fonts database. Skipping.
2025-10-13 00:15:49,564 INFO /System/Library/Fonts/Supplemental/NotoSansSoraSompeng-Regular.ttf : NotoSansSoraSompeng-Regular already registered in fonts database. Skipping.
2025-10-13 00:15:49,571 INFO /System/Library/Fonts/Supplemental/NotoSansSoraSompeng-Regular.ttf : NotoSansSoraSompeng-Regular already registered in fonts database. Skipping.
2025-10-13 00:15:49,579 INFO /System/Library/Fonts/Supplemental/NotoSansSundanese-Regular.ttf : NotoSansSundanese-Regular already registered in fonts database. Skipping.
2025-10-13 00:15:49,587 INFO /System/Library/Fonts/Supplemental/NotoSansSundanese-Regular.ttf : NotoSansSundanese-Regular already registered in fonts database. Skipping.
2025-10-13 00:15:49,597 INFO /System/Library/Fonts/Supplemental/NotoSansSylotiNagri-Regular.ttf : NotoSansSylotiNagri-Regular already registered in fonts database. Skipping.
2025-10-13 00:15:49,606 INFO /System/Library/Fonts/Supplemental/NotoSansSylotiNagri-Regular.ttf : NotoSansSylotiNagri-Regular already registered in fonts database. Skipping.
2025-10-13 00:15:49,624 INFO /System/Library/Fonts/Supplemental/NotoSansSyriac-Regular.ttf : NotoSansSyriac-Regular already registered in fonts database. Skipping.
2025-10-13 00:15:49,644 INFO /System/Library/Fonts/Supplemental/NotoSansSyriac-Regular.ttf : NotoSansSyriac-Regular already registered in fonts database. Skipping.
2025-10-13 00:15:49,652 INFO /System/Library/Fonts/Supplemental/NotoSansTagalog-Regular.ttf : NotoSansTagalog-Regular already registered in fonts database. Skipping.
2025-10-13 00:15:49,660 INFO /System/Library/Fonts/Supplemental/NotoSansTagalog-Regular.ttf : NotoSansTagalog-Regular already registered in fonts database. Skipping.
2025-10-13 00:15:49,667 INFO /System/Library/Fonts/Supplemental/NotoSansTagbanwa-Regular.ttf : NotoSansTagbanwa-Regular already registered in fonts database. Skipping.
2025-10-13 00:15:49,675 INFO /System/Library/Fonts/Supplemental/NotoSansTagbanwa-Regular.ttf : NotoSansTagbanwa-Regular already registered in fonts database. Skipping.
2025-10-13 00:15:49,686 INFO /System/Library/Fonts/Supplemental/NotoSansTaiLe-Regular.ttf : NotoSansTaiLe-Regular already registered in fonts database. Skipping.
2025-10-13 00:15:49,697 INFO /System/Library/Fonts/Supplemental/NotoSansTaiLe-Regular.ttf : NotoSansTaiLe-Regular already registered in fonts database. Skipping.
2025-10-13 00:15:49,715 INFO /System/Library/Fonts/Supplemental/NotoSansTaiTham-Regular.ttf : NotoSansTaiTham already registered in fonts database. Skipping.
2025-10-13 00:15:49,734 INFO /System/Library/Fonts/Supplemental/NotoSansTaiTham-Regular.ttf : NotoSansTaiTham already registered in fonts database. Skipping.
2025-10-13 00:15:49,746 INFO /System/Library/Fonts/Supplemental/NotoSansTaiViet-Regular.ttf : NotoSansTaiViet-Regular already registered in fonts database. Skipping.
2025-10-13 00:15:49,759 INFO /System/Library/Fonts/Supplemental/NotoSansTaiViet-Regular.ttf : NotoSansTaiViet-Regular already registered in fonts database. Skipping.
2025-10-13 00:15:49,769 INFO /System/Library/Fonts/Supplemental/NotoSansTakri-Regular.ttf : NotoSansTakri-Regular already registered in fonts database. Skipping.
2025-10-13 00:15:49,779 INFO /System/Library/Fonts/Supplemental/NotoSansTakri-Regular.ttf : NotoSansTakri-Regular already registered in fonts database. Skipping.
2025-10-13 00:15:49,792 INFO /System/Library/Fonts/Supplemental/NotoSansThaana-Regular.ttf : NotoSansThaana-Regular already registered in fonts database. Skipping.
2025-10-13 00:15:49,805 INFO /System/Library/Fonts/Supplemental/NotoSansThaana-Regular.ttf : NotoSansThaana-Regular already registered in fonts database. Skipping.
2025-10-13 00:15:49,825 INFO /System/Library/Fonts/Supplemental/NotoSansTirhuta-Regular.ttf : NotoSansTirhuta-Regular already registered in fonts database. Skipping.
2025-10-13 00:15:49,844 INFO /System/Library/Fonts/Supplemental/NotoSansTirhuta-Regular.ttf : NotoSansTirhuta-Regular already registered in fonts database. Skipping.
2025-10-13 00:15:49,852 INFO /System/Library/Fonts/Supplemental/NotoSansUgaritic-Regular.ttf : NotoSansUgaritic-Regular already registered in fonts database. Skipping.
2025-10-13 00:15:49,860 INFO /System/Library/Fonts/Supplemental/NotoSansUgaritic-Regular.ttf : NotoSansUgaritic-Regular already registered in fonts database. Skipping.
2025-10-13 00:15:49,881 INFO /System/Library/Fonts/Supplemental/NotoSansVai-Regular.ttf : NotoSansVai-Regular already registered in fonts database. Skipping.
2025-10-13 00:15:49,903 INFO /System/Library/Fonts/Supplemental/NotoSansVai-Regular.ttf : NotoSansVai-Regular already registered in fonts database. Skipping.
2025-10-13 00:15:49,913 INFO /System/Library/Fonts/Supplemental/NotoSansWancho-Regular.ttf : NotoSansWancho-Regular already registered in fonts database. Skipping.
2025-10-13 00:15:49,923 INFO /System/Library/Fonts/Supplemental/NotoSansWancho-Regular.ttf : NotoSansWancho-Regular already registered in fonts database. Skipping.
2025-10-13 00:15:49,934 INFO /System/Library/Fonts/Supplemental/NotoSansWarangCiti-Regular.ttf : NotoSansWarangCiti-Regular already registered in fonts database. Skipping.
2025-10-13 00:15:49,945 INFO /System/Library/Fonts/Supplemental/NotoSansWarangCiti-Regular.ttf : NotoSansWarangCiti-Regular already registered in fonts database. Skipping.
2025-10-13 00:15:49,999 INFO /System/Library/Fonts/Supplemental/NotoSansYi-Regular.ttf : NotoSansYi-Regular already registered in fonts database. Skipping.
2025-10-13 00:15:50,054 INFO /System/Library/Fonts/Supplemental/NotoSansYi-Regular.ttf : NotoSansYi-Regular already registered in fonts database. Skipping.
2025-10-13 00:15:50,067 INFO /System/Library/Fonts/Supplemental/NotoSerifAhom-Regular.ttf : NotoSerifAhom-Regular already registered in fonts database. Skipping.
2025-10-13 00:15:50,080 INFO /System/Library/Fonts/Supplemental/NotoSerifAhom-Regular.ttf : NotoSerifAhom-Regular already registered in fonts database. Skipping.
2025-10-13 00:15:50,109 INFO /System/Library/Fonts/Supplemental/NotoSerifBalinese-Regular.ttf : NotoSerifBalinese-Regular already registered in fonts database. Skipping.
2025-10-13 00:15:50,140 INFO /System/Library/Fonts/Supplemental/NotoSerifBalinese-Regular.ttf : NotoSerifBalinese-Regular already registered in fonts database. Skipping.
2025-10-13 00:15:50,149 INFO /System/Library/Fonts/Supplemental/NotoSerifNyiakengPuachueHmong-Regular.ttf : NotoSerifHmongNyiakeng-Regular already registered in fonts database. Skipping.
2025-10-13 00:15:50,157 INFO /System/Library/Fonts/Supplemental/NotoSerifNyiakengPuachueHmong-Regular.ttf : NotoSerifHmongNyiakeng-Regular already registered in fonts database. Skipping.
2025-10-13 00:15:50,262 INFO /System/Library/Fonts/Supplemental/PartyLET-plain.ttf : PartyLetPlain already registered in fonts database. Skipping.
2025-10-13 00:15:50,366 INFO /System/Library/Fonts/Supplemental/PartyLET-plain.ttf : PartyLetPlain already registered in fonts database. Skipping.
2025-10-13 00:15:50,409 INFO /System/Library/Fonts/Supplemental/PlantagenetCherokee.ttf : No FontName. Skipping.
2025-10-13 00:15:50,453 INFO /System/Library/Fonts/Supplemental/PlantagenetCherokee.ttf : No FontName. Skipping.
2025-10-13 00:15:50,500 INFO /System/Library/Fonts/Supplemental/Sathu.ttf : No FontName. Skipping.
2025-10-13 00:15:50,540 INFO /System/Library/Fonts/Supplemental/Sathu.ttf : No FontName. Skipping.
2025-10-13 00:15:50,563 INFO /System/Library/Fonts/Supplemental/Silom.ttf : No FontName. Skipping.
2025-10-13 00:15:50,587 INFO /System/Library/Fonts/Supplemental/Silom.ttf : No FontName. Skipping.
2025-10-13 00:15:50,616 INFO /System/Library/Fonts/Supplemental/Skia.ttf : No FontName. Skipping.
2025-10-13 00:15:50,644 INFO /System/Library/Fonts/Supplemental/Skia.ttf : No FontName. Skipping.
2025-10-13 00:15:50,783 INFO /System/Library/Fonts/Supplemental/STIXTwoText-Italic.ttf : STIXTwoText-Italic already registered in fonts database. Skipping.
2025-10-13 00:15:50,924 INFO /System/Library/Fonts/Supplemental/STIXTwoText-Italic.ttf : STIXTwoText-Italic already registered in fonts database. Skipping.
2025-10-13 00:15:51,144 INFO /System/Library/Fonts/Supplemental/STIXTwoText.ttf : STIXTwoText already registered in fonts database. Skipping.
2025-10-13 00:15:51,454 INFO /System/Library/Fonts/Supplemental/STIXTwoText.ttf : STIXTwoText already registered in fonts database. Skipping.
2025-10-13 00:15:51,678 INFO /System/Library/Fonts/Supplemental/Tahoma Bold.ttf : Tahoma-Bold already registered in fonts database. Skipping.
2025-10-13 00:15:51,886 INFO /System/Library/Fonts/Supplemental/Tahoma Bold.ttf : Tahoma-Bold already registered in fonts database. Skipping.
2025-10-13 00:15:52,111 INFO /System/Library/Fonts/Supplemental/Tahoma.ttf : Tahoma already registered in fonts database. Skipping.
2025-10-13 00:15:52,337 INFO /System/Library/Fonts/Supplemental/Tahoma.ttf : Tahoma already registered in fonts database. Skipping.
2025-10-13 00:15:52,585 INFO /System/Library/Fonts/Supplemental/Times New Roman Bold Italic.ttf : TimesNewRomanPS-BoldItalicMT already registered in fonts database. Skipping.
2025-10-13 00:15:52,801 INFO /System/Library/Fonts/Supplemental/Times New Roman Bold Italic.ttf : TimesNewRomanPS-BoldItalicMT already registered in fonts database. Skipping.
2025-10-13 00:15:53,039 INFO /System/Library/Fonts/Supplemental/Times New Roman Bold.ttf : TimesNewRomanPS-BoldMT already registered in fonts database. Skipping.
2025-10-13 00:15:53,191 INFO /System/Library/Fonts/Supplemental/Times New Roman Bold.ttf : TimesNewRomanPS-BoldMT already registered in fonts database. Skipping.
2025-10-13 00:15:53,301 INFO /System/Library/Fonts/Supplemental/Times New Roman Italic.ttf : TimesNewRomanPS-ItalicMT already registered in fonts database. Skipping.
2025-10-13 00:15:53,409 INFO /System/Library/Fonts/Supplemental/Times New Roman Italic.ttf : TimesNewRomanPS-ItalicMT already registered in fonts database. Skipping.
2025-10-13 00:15:53,571 INFO /System/Library/Fonts/Supplemental/Times New Roman.ttf : TimesNewRomanPSMT already registered in fonts database. Skipping.
2025-10-13 00:15:53,731 INFO /System/Library/Fonts/Supplemental/Times New Roman.ttf : TimesNewRomanPSMT already registered in fonts database. Skipping.
2025-10-13 00:15:55,663 INFO /System/Library/Fonts/Supplemental/Trattatello.ttf : Trattatello already registered in fonts database. Skipping.
2025-10-13 00:15:57,555 INFO /System/Library/Fonts/Supplemental/Trattatello.ttf : Trattatello already registered in fonts database. Skipping.
2025-10-13 00:15:57,571 INFO /System/Library/Fonts/Supplemental/Trebuchet MS Bold Italic.ttf : Trebuchet-BoldItalic already registered in fonts database. Skipping.
2025-10-13 00:15:57,587 INFO /System/Library/Fonts/Supplemental/Trebuchet MS Bold Italic.ttf : Trebuchet-BoldItalic already registered in fonts database. Skipping.
2025-10-13 00:15:57,602 INFO /System/Library/Fonts/Supplemental/Trebuchet MS Bold.ttf : TrebuchetMS-Bold already registered in fonts database. Skipping.
2025-10-13 00:15:57,616 INFO /System/Library/Fonts/Supplemental/Trebuchet MS Bold.ttf : TrebuchetMS-Bold already registered in fonts database. Skipping.
2025-10-13 00:15:57,630 INFO /System/Library/Fonts/Supplemental/Trebuchet MS Italic.ttf : TrebuchetMS-Italic already registered in fonts database. Skipping.
2025-10-13 00:15:57,645 INFO /System/Library/Fonts/Supplemental/Trebuchet MS Italic.ttf : TrebuchetMS-Italic already registered in fonts database. Skipping.
2025-10-13 00:15:57,660 INFO /System/Library/Fonts/Supplemental/Trebuchet MS.ttf : TrebuchetMS already registered in fonts database. Skipping.
2025-10-13 00:15:57,675 INFO /System/Library/Fonts/Supplemental/Trebuchet MS.ttf : TrebuchetMS already registered in fonts database. Skipping.
2025-10-13 00:15:57,697 INFO /System/Library/Fonts/Supplemental/Verdana Bold Italic.ttf : Verdana-BoldItalic already registered in fonts database. Skipping.
2025-10-13 00:15:57,720 INFO /System/Library/Fonts/Supplemental/Verdana Bold Italic.ttf : Verdana-BoldItalic already registered in fonts database. Skipping.
2025-10-13 00:15:57,744 INFO /System/Library/Fonts/Supplemental/Verdana Bold.ttf : Verdana-Bold already registered in fonts database. Skipping.
2025-10-13 00:15:57,767 INFO /System/Library/Fonts/Supplemental/Verdana Bold.ttf : Verdana-Bold already registered in fonts database. Skipping.
2025-10-13 00:15:57,790 INFO /System/Library/Fonts/Supplemental/Verdana Italic.ttf : Verdana-Italic already registered in fonts database. Skipping.
2025-10-13 00:15:57,813 INFO /System/Library/Fonts/Supplemental/Verdana Italic.ttf : Verdana-Italic already registered in fonts database. Skipping.
2025-10-13 00:15:57,838 INFO /System/Library/Fonts/Supplemental/Verdana.ttf : Verdana already registered in fonts database. Skipping.
2025-10-13 00:15:57,862 INFO /System/Library/Fonts/Supplemental/Verdana.ttf : Verdana already registered in fonts database. Skipping.
2025-10-13 00:15:57,892 INFO /System/Library/Fonts/Supplemental/Webdings.ttf : Webdings already registered in fonts database. Skipping.
2025-10-13 00:15:57,921 INFO /System/Library/Fonts/Supplemental/Webdings.ttf : Webdings already registered in fonts database. Skipping.
2025-10-13 00:15:57,933 INFO /System/Library/Fonts/Supplemental/Wingdings 2.ttf : Wingdings2 already registered in fonts database. Skipping.
2025-10-13 00:15:57,945 INFO /System/Library/Fonts/Supplemental/Wingdings 2.ttf : Wingdings2 already registered in fonts database. Skipping.
2025-10-13 00:15:57,954 INFO /System/Library/Fonts/Supplemental/Wingdings 3.ttf : Wingdings3 already registered in fonts database. Skipping.
2025-10-13 00:15:57,962 INFO /System/Library/Fonts/Supplemental/Wingdings 3.ttf : Wingdings3 already registered in fonts database. Skipping.
2025-10-13 00:15:57,976 INFO /System/Library/Fonts/Supplemental/Wingdings.ttf : Wingdings-Regular already registered in fonts database. Skipping.
2025-10-13 00:15:57,989 INFO /System/Library/Fonts/Supplemental/Wingdings.ttf : Wingdings-Regular already registered in fonts database. Skipping.
2025-10-13 00:15:58,374 INFO /System/Library/Fonts/Supplemental/Zapfino.ttf : No FontName. Skipping.
2025-10-13 00:15:58,757 INFO /System/Library/Fonts/Supplemental/Zapfino.ttf : No FontName. Skipping.
2025-10-13 00:15:58,767 INFO /System/Library/Fonts/Symbol.ttf : No FontName. Skipping.
2025-10-13 00:15:58,779 INFO /System/Library/Fonts/ZapfDingbats.ttf : No FontName. Skipping.
2025-10-13 00:15:58,779 INFO Found FontName for 0 fonts.
2025-10-13 00:15:58,779 INFO Scanning afm files in /Library/Frameworks/R.framework/Versions/4.5-arm64/Resources/library/extrafontdb/metrics
2025-10-13 00:15:58,870 INFO .Keyboard already registered with pdfFont().
2025-10-13 00:15:58,870 INFO .New York already registered with pdfFont().
2025-10-13 00:15:58,870 INFO .SF Arabic already registered with pdfFont().
2025-10-13 00:15:58,870 INFO .SF Arabic Rounded already registered with pdfFont().
2025-10-13 00:15:58,871 INFO .SF Armenian already registered with pdfFont().
2025-10-13 00:15:58,871 INFO .SF Armenian Rounded already registered with pdfFont().
2025-10-13 00:15:58,871 INFO .SF Camera already registered with pdfFont().
2025-10-13 00:15:58,871 INFO .SF Compact already registered with pdfFont().
2025-10-13 00:15:58,871 INFO .SF Compact Rounded already registered with pdfFont().
2025-10-13 00:15:58,871 INFO .SF Georgian already registered with pdfFont().
2025-10-13 00:15:58,871 INFO .SF Georgian Rounded already registered with pdfFont().
2025-10-13 00:15:58,871 INFO .SF Hebrew already registered with pdfFont().
2025-10-13 00:15:58,871 INFO .SF Hebrew Rounded already registered with pdfFont().
2025-10-13 00:15:58,871 INFO .SF NS Mono already registered with pdfFont().
2025-10-13 00:15:58,871 INFO .SF NS Rounded already registered with pdfFont().
2025-10-13 00:15:58,871 INFO Academy Engraved LET already registered with pdfFont().
2025-10-13 00:15:58,871 INFO Andale Mono already registered with pdfFont().
2025-10-13 00:15:58,871 INFO More than one version of regular/bold/italic found for Apple Braille. Skipping setup for this font.
2025-10-13 00:15:58,871 INFO AppleMyungjo already registered with pdfFont().
2025-10-13 00:15:58,871 INFO Arial already registered with pdfFont().
2025-10-13 00:15:58,871 INFO Arial Black already registered with pdfFont().
2025-10-13 00:15:58,871 INFO Arial Narrow already registered with pdfFont().
2025-10-13 00:15:58,871 INFO Arial Rounded MT Bold already registered with pdfFont().
2025-10-13 00:15:58,871 INFO Arial Unicode MS already registered with pdfFont().
2025-10-13 00:15:58,871 INFO Bodoni 72 Smallcaps already registered with pdfFont().
2025-10-13 00:15:58,871 INFO Bodoni Ornaments already registered with pdfFont().
2025-10-13 00:15:58,871 INFO No regular (non-bold, non-italic) version of Brush Script MT. Skipping setup for this font.
2025-10-13 00:15:58,871 INFO Comic Sans MS already registered with pdfFont().
2025-10-13 00:15:58,871 INFO Courier New already registered with pdfFont().
2025-10-13 00:15:58,871 INFO No regular (non-bold, non-italic) version of DIN Alternate. Skipping setup for this font.
2025-10-13 00:15:58,871 INFO No regular (non-bold, non-italic) version of DIN Condensed. Skipping setup for this font.
2025-10-13 00:15:58,871 INFO Georgia already registered with pdfFont().
2025-10-13 00:15:58,871 INFO Impact already registered with pdfFont().
2025-10-13 00:15:58,871 INFO Khmer Sangam MN already registered with pdfFont().
2025-10-13 00:15:58,871 INFO Lao Sangam MN already registered with pdfFont().
2025-10-13 00:15:58,871 INFO Luminari already registered with pdfFont().
2025-10-13 00:15:58,871 INFO Microsoft Sans Serif already registered with pdfFont().
2025-10-13 00:15:58,872 INFO Noto Sans Adlam already registered with pdfFont().
2025-10-13 00:15:58,872 INFO Noto Sans Avestan already registered with pdfFont().
2025-10-13 00:15:58,872 INFO Noto Sans Bamum already registered with pdfFont().
2025-10-13 00:15:58,872 INFO Noto Sans Bassa Vah already registered with pdfFont().
2025-10-13 00:15:58,872 INFO Noto Sans Batak already registered with pdfFont().
2025-10-13 00:15:58,872 INFO Noto Sans Bhaiksuki already registered with pdfFont().
2025-10-13 00:15:58,872 INFO Noto Sans Brahmi already registered with pdfFont().
2025-10-13 00:15:58,872 INFO Noto Sans Buginese already registered with pdfFont().
2025-10-13 00:15:58,872 INFO Noto Sans Buhid already registered with pdfFont().
2025-10-13 00:15:58,872 INFO Noto Sans Carian already registered with pdfFont().
2025-10-13 00:15:58,872 INFO Noto Sans CaucAlban already registered with pdfFont().
2025-10-13 00:15:58,872 INFO Noto Sans Chakma already registered with pdfFont().
2025-10-13 00:15:58,872 INFO Noto Sans Cham already registered with pdfFont().
2025-10-13 00:15:58,872 INFO Noto Sans Coptic already registered with pdfFont().
2025-10-13 00:15:58,872 INFO Noto Sans Cuneiform already registered with pdfFont().
2025-10-13 00:15:58,872 INFO Noto Sans Cypriot already registered with pdfFont().
2025-10-13 00:15:58,872 INFO Noto Sans Duployan already registered with pdfFont().
2025-10-13 00:15:58,872 INFO Noto Sans EgyptHiero already registered with pdfFont().
2025-10-13 00:15:58,872 INFO Noto Sans Elbasan already registered with pdfFont().
2025-10-13 00:15:58,872 INFO Noto Sans Glagolitic already registered with pdfFont().
2025-10-13 00:15:58,872 INFO Noto Sans Gothic already registered with pdfFont().
2025-10-13 00:15:58,872 INFO Noto Sans HanifiRohg already registered with pdfFont().
2025-10-13 00:15:58,872 INFO Noto Sans Hanunoo already registered with pdfFont().
2025-10-13 00:15:58,872 INFO Noto Sans Hatran already registered with pdfFont().
2025-10-13 00:15:58,872 INFO Noto Sans ImpAramaic already registered with pdfFont().
2025-10-13 00:15:58,872 INFO Noto Sans InsPahlavi already registered with pdfFont().
2025-10-13 00:15:58,872 INFO Noto Sans InsParthi already registered with pdfFont().
2025-10-13 00:15:58,872 INFO Noto Sans Kaithi already registered with pdfFont().
2025-10-13 00:15:58,872 INFO Noto Sans Kayah Li already registered with pdfFont().
2025-10-13 00:15:58,872 INFO Noto Sans Kharoshthi already registered with pdfFont().
2025-10-13 00:15:58,872 INFO Noto Sans Khojki already registered with pdfFont().
2025-10-13 00:15:58,872 INFO Noto Sans Khudawadi already registered with pdfFont().
2025-10-13 00:15:58,872 INFO Noto Sans Lepcha already registered with pdfFont().
2025-10-13 00:15:58,872 INFO Noto Sans Limbu already registered with pdfFont().
2025-10-13 00:15:58,872 INFO Noto Sans Linear A already registered with pdfFont().
2025-10-13 00:15:58,872 INFO Noto Sans Linear B already registered with pdfFont().
2025-10-13 00:15:58,872 INFO Noto Sans Lisu already registered with pdfFont().
2025-10-13 00:15:58,872 INFO Noto Sans Lycian already registered with pdfFont().
2025-10-13 00:15:58,872 INFO Noto Sans Lydian already registered with pdfFont().
2025-10-13 00:15:58,872 INFO Noto Sans Mahajani already registered with pdfFont().
2025-10-13 00:15:58,872 INFO Noto Sans Mandaic already registered with pdfFont().
2025-10-13 00:15:58,872 INFO Noto Sans Manichaean already registered with pdfFont().
2025-10-13 00:15:58,872 INFO Noto Sans Marchen already registered with pdfFont().
2025-10-13 00:15:58,872 INFO Noto Sans MeeteiMayek already registered with pdfFont().
2025-10-13 00:15:58,872 INFO Noto Sans Mende Kikakui already registered with pdfFont().
2025-10-13 00:15:58,872 INFO Noto Sans Meroitic already registered with pdfFont().
2025-10-13 00:15:58,872 INFO Noto Sans Miao already registered with pdfFont().
2025-10-13 00:15:58,872 INFO Noto Sans Modi already registered with pdfFont().
2025-10-13 00:15:58,873 INFO Noto Sans Mongolian already registered with pdfFont().
2025-10-13 00:15:58,873 INFO Noto Sans Mro already registered with pdfFont().
2025-10-13 00:15:58,873 INFO Noto Sans Multani already registered with pdfFont().
2025-10-13 00:15:58,873 INFO Noto Sans Nabataean already registered with pdfFont().
2025-10-13 00:15:58,873 INFO Noto Sans Newa already registered with pdfFont().
2025-10-13 00:15:58,873 INFO Noto Sans NewTaiLue already registered with pdfFont().
2025-10-13 00:15:58,873 INFO Noto Sans NKo already registered with pdfFont().
2025-10-13 00:15:58,873 INFO Noto Sans Ol Chiki already registered with pdfFont().
2025-10-13 00:15:58,873 INFO No regular (non-bold, non-italic) version of Noto Sans Old Italic. Skipping setup for this font.
2025-10-13 00:15:58,873 INFO Noto Sans Old Permic already registered with pdfFont().
2025-10-13 00:15:58,873 INFO Noto Sans Old Turkic already registered with pdfFont().
2025-10-13 00:15:58,873 INFO Noto Sans OldHung already registered with pdfFont().
2025-10-13 00:15:58,873 INFO Noto Sans OldNorArab already registered with pdfFont().
2025-10-13 00:15:58,873 INFO Noto Sans OldPersian already registered with pdfFont().
2025-10-13 00:15:58,873 INFO Noto Sans OldSouArab already registered with pdfFont().
2025-10-13 00:15:58,873 INFO Noto Sans Osage already registered with pdfFont().
2025-10-13 00:15:58,873 INFO Noto Sans Osmanya already registered with pdfFont().
2025-10-13 00:15:58,873 INFO Noto Sans Pahawh Hmong already registered with pdfFont().
2025-10-13 00:15:58,873 INFO Noto Sans Palmyrene already registered with pdfFont().
2025-10-13 00:15:58,873 INFO Noto Sans PauCinHau already registered with pdfFont().
2025-10-13 00:15:58,873 INFO Noto Sans PhagsPa already registered with pdfFont().
2025-10-13 00:15:58,873 INFO Noto Sans Phoenician already registered with pdfFont().
2025-10-13 00:15:58,873 INFO Noto Sans PsaPahlavi already registered with pdfFont().
2025-10-13 00:15:58,873 INFO Noto Sans Rejang already registered with pdfFont().
2025-10-13 00:15:58,873 INFO Noto Sans Samaritan already registered with pdfFont().
2025-10-13 00:15:58,873 INFO Noto Sans Saurashtra already registered with pdfFont().
2025-10-13 00:15:58,873 INFO Noto Sans Sharada already registered with pdfFont().
2025-10-13 00:15:58,873 INFO Noto Sans SoraSomp already registered with pdfFont().
2025-10-13 00:15:58,873 INFO Noto Sans Sundanese already registered with pdfFont().
2025-10-13 00:15:58,873 INFO Noto Sans Syloti Nagri already registered with pdfFont().
2025-10-13 00:15:58,873 INFO Noto Sans Syriac already registered with pdfFont().
2025-10-13 00:15:58,873 INFO Noto Sans Tagalog already registered with pdfFont().
2025-10-13 00:15:58,873 INFO Noto Sans Tagbanwa already registered with pdfFont().
2025-10-13 00:15:58,873 INFO Noto Sans Tai Le already registered with pdfFont().
2025-10-13 00:15:58,873 INFO Noto Sans Tai Tham already registered with pdfFont().
2025-10-13 00:15:58,873 INFO Noto Sans Tai Viet already registered with pdfFont().
2025-10-13 00:15:58,873 INFO Noto Sans Takri already registered with pdfFont().
2025-10-13 00:15:58,873 INFO Noto Sans Thaana already registered with pdfFont().
2025-10-13 00:15:58,873 INFO Noto Sans Tirhuta already registered with pdfFont().
2025-10-13 00:15:58,873 INFO Noto Sans Ugaritic already registered with pdfFont().
2025-10-13 00:15:58,873 INFO Noto Sans Vai already registered with pdfFont().
2025-10-13 00:15:58,874 INFO Noto Sans Wancho already registered with pdfFont().
2025-10-13 00:15:58,874 INFO Noto Sans WarangCiti already registered with pdfFont().
2025-10-13 00:15:58,874 INFO Noto Sans Yi already registered with pdfFont().
2025-10-13 00:15:58,874 INFO Noto Serif Ahom already registered with pdfFont().
2025-10-13 00:15:58,874 INFO Noto Serif Balinese already registered with pdfFont().
2025-10-13 00:15:58,874 INFO Noto Serif Hmong Nyiakeng already registered with pdfFont().
2025-10-13 00:15:58,874 INFO Party LET already registered with pdfFont().
2025-10-13 00:15:58,874 INFO STIX Two Text already registered with pdfFont().
2025-10-13 00:15:58,874 INFO System Font already registered with pdfFont().
2025-10-13 00:15:58,874 INFO Tahoma already registered with pdfFont().
2025-10-13 00:15:58,874 INFO Times New Roman already registered with pdfFont().
2025-10-13 00:15:58,874 INFO Trattatello already registered with pdfFont().
2025-10-13 00:15:58,874 INFO Trebuchet MS already registered with pdfFont().
2025-10-13 00:15:58,874 INFO Verdana already registered with pdfFont().
2025-10-13 00:15:58,874 INFO Webdings already registered with pdfFont().
2025-10-13 00:15:58,874 INFO Wingdings already registered with pdfFont().
2025-10-13 00:15:58,874 INFO Wingdings 2 already registered with pdfFont().
2025-10-13 00:15:58,874 INFO Wingdings 3 already registered with pdfFont().
2025-10-13 00:15:58,878 INFO .Keyboard already registered with postscriptFont().
2025-10-13 00:15:58,878 INFO .New York already registered with postscriptFont().
2025-10-13 00:15:58,878 INFO .SF Arabic already registered with postscriptFont().
2025-10-13 00:15:58,878 INFO .SF Arabic Rounded already registered with postscriptFont().
2025-10-13 00:15:58,878 INFO .SF Armenian already registered with postscriptFont().
2025-10-13 00:15:58,878 INFO .SF Armenian Rounded already registered with postscriptFont().
2025-10-13 00:15:58,878 INFO .SF Camera already registered with postscriptFont().
2025-10-13 00:15:58,878 INFO .SF Compact already registered with postscriptFont().
2025-10-13 00:15:58,878 INFO .SF Compact Rounded already registered with postscriptFont().
2025-10-13 00:15:58,878 INFO .SF Georgian already registered with postscriptFont().
2025-10-13 00:15:58,879 INFO .SF Georgian Rounded already registered with postscriptFont().
2025-10-13 00:15:58,879 INFO .SF Hebrew already registered with postscriptFont().
2025-10-13 00:15:58,879 INFO .SF Hebrew Rounded already registered with postscriptFont().
2025-10-13 00:15:58,879 INFO .SF NS Mono already registered with postscriptFont().
2025-10-13 00:15:58,879 INFO .SF NS Rounded already registered with postscriptFont().
2025-10-13 00:15:58,879 INFO Academy Engraved LET already registered with postscriptFont().
2025-10-13 00:15:58,879 INFO Andale Mono already registered with postscriptFont().
2025-10-13 00:15:58,879 INFO More than one version of regular/bold/italic found for Apple Braille. Skipping setup for this font.
2025-10-13 00:15:58,879 INFO AppleMyungjo already registered with postscriptFont().
2025-10-13 00:15:58,879 INFO Arial already registered with postscriptFont().
2025-10-13 00:15:58,879 INFO Arial Black already registered with postscriptFont().
2025-10-13 00:15:58,879 INFO Arial Narrow already registered with postscriptFont().
2025-10-13 00:15:58,879 INFO Arial Rounded MT Bold already registered with postscriptFont().
2025-10-13 00:15:58,879 INFO Arial Unicode MS already registered with postscriptFont().
2025-10-13 00:15:58,879 INFO Bodoni 72 Smallcaps already registered with postscriptFont().
2025-10-13 00:15:58,879 INFO Bodoni Ornaments already registered with postscriptFont().
2025-10-13 00:15:58,879 INFO No regular (non-bold, non-italic) version of Brush Script MT. Skipping setup for this font.
2025-10-13 00:15:58,879 INFO Comic Sans MS already registered with postscriptFont().
2025-10-13 00:15:58,879 INFO Courier New already registered with postscriptFont().
2025-10-13 00:15:58,879 INFO No regular (non-bold, non-italic) version of DIN Alternate. Skipping setup for this font.
2025-10-13 00:15:58,879 INFO No regular (non-bold, non-italic) version of DIN Condensed. Skipping setup for this font.
2025-10-13 00:15:58,879 INFO Georgia already registered with postscriptFont().
2025-10-13 00:15:58,879 INFO Impact already registered with postscriptFont().
2025-10-13 00:15:58,879 INFO Khmer Sangam MN already registered with postscriptFont().
2025-10-13 00:15:58,879 INFO Lao Sangam MN already registered with postscriptFont().
2025-10-13 00:15:58,879 INFO Luminari already registered with postscriptFont().
2025-10-13 00:15:58,879 INFO Microsoft Sans Serif already registered with postscriptFont().
2025-10-13 00:15:58,879 INFO Noto Sans Adlam already registered with postscriptFont().
2025-10-13 00:15:58,879 INFO Noto Sans Avestan already registered with postscriptFont().
2025-10-13 00:15:58,879 INFO Noto Sans Bamum already registered with postscriptFont().
2025-10-13 00:15:58,879 INFO Noto Sans Bassa Vah already registered with postscriptFont().
2025-10-13 00:15:58,879 INFO Noto Sans Batak already registered with postscriptFont().
2025-10-13 00:15:58,879 INFO Noto Sans Bhaiksuki already registered with postscriptFont().
2025-10-13 00:15:58,879 INFO Noto Sans Brahmi already registered with postscriptFont().
2025-10-13 00:15:58,879 INFO Noto Sans Buginese already registered with postscriptFont().
2025-10-13 00:15:58,879 INFO Noto Sans Buhid already registered with postscriptFont().
2025-10-13 00:15:58,879 INFO Noto Sans Carian already registered with postscriptFont().
2025-10-13 00:15:58,879 INFO Noto Sans CaucAlban already registered with postscriptFont().
2025-10-13 00:15:58,879 INFO Noto Sans Chakma already registered with postscriptFont().
2025-10-13 00:15:58,880 INFO Noto Sans Cham already registered with postscriptFont().
2025-10-13 00:15:58,880 INFO Noto Sans Coptic already registered with postscriptFont().
2025-10-13 00:15:58,880 INFO Noto Sans Cuneiform already registered with postscriptFont().
2025-10-13 00:15:58,880 INFO Noto Sans Cypriot already registered with postscriptFont().
2025-10-13 00:15:58,880 INFO Noto Sans Duployan already registered with postscriptFont().
2025-10-13 00:15:58,880 INFO Noto Sans EgyptHiero already registered with postscriptFont().
2025-10-13 00:15:58,880 INFO Noto Sans Elbasan already registered with postscriptFont().
2025-10-13 00:15:58,880 INFO Noto Sans Glagolitic already registered with postscriptFont().
2025-10-13 00:15:58,880 INFO Noto Sans Gothic already registered with postscriptFont().
2025-10-13 00:15:58,880 INFO Noto Sans HanifiRohg already registered with postscriptFont().
2025-10-13 00:15:58,880 INFO Noto Sans Hanunoo already registered with postscriptFont().
2025-10-13 00:15:58,880 INFO Noto Sans Hatran already registered with postscriptFont().
2025-10-13 00:15:58,880 INFO Noto Sans ImpAramaic already registered with postscriptFont().
2025-10-13 00:15:58,880 INFO Noto Sans InsPahlavi already registered with postscriptFont().
2025-10-13 00:15:58,880 INFO Noto Sans InsParthi already registered with postscriptFont().
2025-10-13 00:15:58,880 INFO Noto Sans Kaithi already registered with postscriptFont().
2025-10-13 00:15:58,880 INFO Noto Sans Kayah Li already registered with postscriptFont().
2025-10-13 00:15:58,880 INFO Noto Sans Kharoshthi already registered with postscriptFont().
2025-10-13 00:15:58,880 INFO Noto Sans Khojki already registered with postscriptFont().
2025-10-13 00:15:58,880 INFO Noto Sans Khudawadi already registered with postscriptFont().
2025-10-13 00:15:58,880 INFO Noto Sans Lepcha already registered with postscriptFont().
2025-10-13 00:15:58,880 INFO Noto Sans Limbu already registered with postscriptFont().
2025-10-13 00:15:58,880 INFO Noto Sans Linear A already registered with postscriptFont().
2025-10-13 00:15:58,880 INFO Noto Sans Linear B already registered with postscriptFont().
2025-10-13 00:15:58,880 INFO Noto Sans Lisu already registered with postscriptFont().
2025-10-13 00:15:58,880 INFO Noto Sans Lycian already registered with postscriptFont().
2025-10-13 00:15:58,880 INFO Noto Sans Lydian already registered with postscriptFont().
2025-10-13 00:15:58,880 INFO Noto Sans Mahajani already registered with postscriptFont().
2025-10-13 00:15:58,880 INFO Noto Sans Mandaic already registered with postscriptFont().
2025-10-13 00:15:58,880 INFO Noto Sans Manichaean already registered with postscriptFont().
2025-10-13 00:15:58,880 INFO Noto Sans Marchen already registered with postscriptFont().
2025-10-13 00:15:58,880 INFO Noto Sans MeeteiMayek already registered with postscriptFont().
2025-10-13 00:15:58,880 INFO Noto Sans Mende Kikakui already registered with postscriptFont().
2025-10-13 00:15:58,880 INFO Noto Sans Meroitic already registered with postscriptFont().
2025-10-13 00:15:58,880 INFO Noto Sans Miao already registered with postscriptFont().
2025-10-13 00:15:58,880 INFO Noto Sans Modi already registered with postscriptFont().
2025-10-13 00:15:58,880 INFO Noto Sans Mongolian already registered with postscriptFont().
2025-10-13 00:15:58,880 INFO Noto Sans Mro already registered with postscriptFont().
2025-10-13 00:15:58,881 INFO Noto Sans Multani already registered with postscriptFont().
2025-10-13 00:15:58,881 INFO Noto Sans Nabataean already registered with postscriptFont().
2025-10-13 00:15:58,881 INFO Noto Sans Newa already registered with postscriptFont().
2025-10-13 00:15:58,881 INFO Noto Sans NewTaiLue already registered with postscriptFont().
2025-10-13 00:15:58,881 INFO Noto Sans NKo already registered with postscriptFont().
2025-10-13 00:15:58,881 INFO Noto Sans Ol Chiki already registered with postscriptFont().
2025-10-13 00:15:58,881 INFO No regular (non-bold, non-italic) version of Noto Sans Old Italic. Skipping setup for this font.
2025-10-13 00:15:58,881 INFO Noto Sans Old Permic already registered with postscriptFont().
2025-10-13 00:15:58,881 INFO Noto Sans Old Turkic already registered with postscriptFont().
2025-10-13 00:15:58,881 INFO Noto Sans OldHung already registered with postscriptFont().
2025-10-13 00:15:58,881 INFO Noto Sans OldNorArab already registered with postscriptFont().
2025-10-13 00:15:58,881 INFO Noto Sans OldPersian already registered with postscriptFont().
2025-10-13 00:15:58,881 INFO Noto Sans OldSouArab already registered with postscriptFont().
2025-10-13 00:15:58,881 INFO Noto Sans Osage already registered with postscriptFont().
2025-10-13 00:15:58,881 INFO Noto Sans Osmanya already registered with postscriptFont().
2025-10-13 00:15:58,881 INFO Noto Sans Pahawh Hmong already registered with postscriptFont().
2025-10-13 00:15:58,881 INFO Noto Sans Palmyrene already registered with postscriptFont().
2025-10-13 00:15:58,881 INFO Noto Sans PauCinHau already registered with postscriptFont().
2025-10-13 00:15:58,881 INFO Noto Sans PhagsPa already registered with postscriptFont().
2025-10-13 00:15:58,881 INFO Noto Sans Phoenician already registered with postscriptFont().
2025-10-13 00:15:58,881 INFO Noto Sans PsaPahlavi already registered with postscriptFont().
2025-10-13 00:15:58,881 INFO Noto Sans Rejang already registered with postscriptFont().
2025-10-13 00:15:58,881 INFO Noto Sans Samaritan already registered with postscriptFont().
2025-10-13 00:15:58,881 INFO Noto Sans Saurashtra already registered with postscriptFont().
2025-10-13 00:15:58,881 INFO Noto Sans Sharada already registered with postscriptFont().
2025-10-13 00:15:58,881 INFO Noto Sans SoraSomp already registered with postscriptFont().
2025-10-13 00:15:58,881 INFO Noto Sans Sundanese already registered with postscriptFont().
2025-10-13 00:15:58,881 INFO Noto Sans Syloti Nagri already registered with postscriptFont().
2025-10-13 00:15:58,881 INFO Noto Sans Syriac already registered with postscriptFont().
2025-10-13 00:15:58,881 INFO Noto Sans Tagalog already registered with postscriptFont().
2025-10-13 00:15:58,881 INFO Noto Sans Tagbanwa already registered with postscriptFont().
2025-10-13 00:15:58,881 INFO Noto Sans Tai Le already registered with postscriptFont().
2025-10-13 00:15:58,881 INFO Noto Sans Tai Tham already registered with postscriptFont().
2025-10-13 00:15:58,881 INFO Noto Sans Tai Viet already registered with postscriptFont().
2025-10-13 00:15:58,881 INFO Noto Sans Takri already registered with postscriptFont().
2025-10-13 00:15:58,881 INFO Noto Sans Thaana already registered with postscriptFont().
2025-10-13 00:15:58,881 INFO Noto Sans Tirhuta already registered with postscriptFont().
2025-10-13 00:15:58,881 INFO Noto Sans Ugaritic already registered with postscriptFont().
2025-10-13 00:15:58,882 INFO Noto Sans Vai already registered with postscriptFont().
2025-10-13 00:15:58,882 INFO Noto Sans Wancho already registered with postscriptFont().
2025-10-13 00:15:58,882 INFO Noto Sans WarangCiti already registered with postscriptFont().
2025-10-13 00:15:58,882 INFO Noto Sans Yi already registered with postscriptFont().
2025-10-13 00:15:58,882 INFO Noto Serif Ahom already registered with postscriptFont().
2025-10-13 00:15:58,882 INFO Noto Serif Balinese already registered with postscriptFont().
2025-10-13 00:15:58,882 INFO Noto Serif Hmong Nyiakeng already registered with postscriptFont().
2025-10-13 00:15:58,882 INFO Party LET already registered with postscriptFont().
2025-10-13 00:15:58,882 INFO STIX Two Text already registered with postscriptFont().
2025-10-13 00:15:58,882 INFO System Font already registered with postscriptFont().
2025-10-13 00:15:58,882 INFO Tahoma already registered with postscriptFont().
2025-10-13 00:15:58,882 INFO Times New Roman already registered with postscriptFont().
2025-10-13 00:15:58,882 INFO Trattatello already registered with postscriptFont().
2025-10-13 00:15:58,882 INFO Trebuchet MS already registered with postscriptFont().
2025-10-13 00:15:58,882 INFO Verdana already registered with postscriptFont().
2025-10-13 00:15:58,882 INFO Webdings already registered with postscriptFont().
2025-10-13 00:15:58,882 INFO Wingdings already registered with postscriptFont().
2025-10-13 00:15:58,882 INFO Wingdings 2 already registered with postscriptFont().
2025-10-13 00:15:58,882 INFO Wingdings 3 already registered with postscriptFont().
2025-10-13 00:16:02,393 INFO Error in `left_join()`:
2025-10-13 00:16:02,394 INFO ! Join columns in `y` must be present in the data.
2025-10-13 00:16:02,394 INFO ✖ Problem with `playerId`.
2025-10-13 00:16:02,394 INFO Backtrace:
2025-10-13 00:16:02,394 INFO      ▆
2025-10-13 00:16:02,394 INFO   1. ├─base::source("raw_data_cleaning.R")
2025-10-13 00:16:02,394 INFO   2. │ ├─base::withVisible(eval(ei, envir))
2025-10-13 00:16:02,394 INFO   3. │ └─base::eval(ei, envir)
2025-10-13 00:16:02,394 INFO   4. │   └─base::eval(ei, envir)
2025-10-13 00:16:02,394 INFO   5. ├─dplyr::summarize(...)
2025-10-13 00:16:02,394 INFO   6. ├─dplyr::group_by(...)
2025-10-13 00:16:02,394 INFO   7. ├─dplyr::filter(...)
2025-10-13 00:16:02,394 INFO   8. ├─dplyr::filter(...)
2025-10-13 00:16:02,394 INFO   9. ├─base::unique(...)
2025-10-13 00:16:02,394 INFO  10. ├─dplyr::select(...)
2025-10-13 00:16:02,394 INFO  11. ├─dplyr::ungroup(...)
2025-10-13 00:16:02,394 INFO  12. ├─dplyr::mutate(...)
2025-10-13 00:16:02,394 INFO  13. ├─dplyr::group_by(...)
2025-10-13 00:16:02,394 INFO  14. ├─dplyr::filter(...)
2025-10-13 00:16:02,394 INFO  15. ├─dplyr::mutate(...)
2025-10-13 00:16:02,394 INFO  16. ├─dplyr::filter(...)
2025-10-13 00:16:02,394 INFO  17. ├─dplyr::left_join(...)
2025-10-13 00:16:02,394 INFO  18. └─dplyr:::left_join.data.frame(...)
2025-10-13 00:16:02,394 INFO  19.   └─dplyr:::join_mutate(...)
2025-10-13 00:16:02,394 INFO  20.     └─dplyr:::join_cols(...)
2025-10-13 00:16:02,394 INFO  21.       └─dplyr:::check_join_vars(by$y, y_names, by$condition, "y", error_call = error_call)
2025-10-13 00:16:02,394 INFO  22.         └─rlang::abort(bullets, call = error_call)
2025-10-13 00:16:02,395 INFO There were 11 warnings (use warnings() to see them)
2025-10-13 00:16:02,399 INFO Execution halted
2025-10-13 00:16:02,440 ERROR Error during group_advantage.raw_data_cleaning after 52.002 sec
Traceback (most recent call last):
  File "/Users/xehu/Desktop/task-mapping/analysis/run_master.py", line 414, in time_callable
    res = func()
  File "/Users/xehu/Desktop/task-mapping/analysis/run_master.py", line 552, in <lambda>
    results.append(time_callable('group_advantage.raw_data_cleaning', lambda: run_r_script(r_script_clean)))
  File "/Users/xehu/Desktop/task-mapping/analysis/run_master.py", line 355, in run_r_script
    raise RuntimeError(f'R script failed (exit {rc}): {r_path}')
RuntimeError: R script failed (exit 1): /Users/xehu/Desktop/task-mapping/analysis/analysis_group_advantage/raw_data_cleaning.R
