2025-10-13 00:07:13,846 INFO Starting analysis master script
2025-10-13 00:07:13,846 INFO Running group_advantage pipeline
2025-10-13 00:07:13,846 INFO Timing: group_advantage.raw_data_cleaning
2025-10-13 00:07:13,846 INFO Running R script /Users/xehu/Desktop/task-mapping/analysis/analysis_group_advantage/raw_data_cleaning.R
2025-10-13 00:07:13,846 INFO Running command: /usr/local/bin/Rscript -e set.seed(as.integer(Sys.getenv('ANALYSIS_SEED', '19104'))); source('raw_data_cleaning.R') (cwd=/Users/xehu/Desktop/task-mapping/analysis/analysis_group_advantage)
2025-10-13 00:07:13,949 INFO 
2025-10-13 00:07:13,949 INFO Attaching package: ‘pls’
2025-10-13 00:07:13,949 INFO 
2025-10-13 00:07:13,949 INFO The following object is masked from ‘package:stats’:
2025-10-13 00:07:13,949 INFO 
2025-10-13 00:07:13,949 INFO     loadings
2025-10-13 00:07:13,949 INFO 
2025-10-13 00:07:13,953 INFO randomForest 4.7-1.2
2025-10-13 00:07:13,953 INFO Type rfNews() to see new features/changes/bug fixes.
2025-10-13 00:07:14,330 INFO Loading required package: ggplot2
2025-10-13 00:07:14,538 INFO 
2025-10-13 00:07:14,538 INFO Attaching package: ‘ggplot2’
2025-10-13 00:07:14,538 INFO 
2025-10-13 00:07:14,538 INFO The following object is masked from ‘package:randomForest’:
2025-10-13 00:07:14,539 INFO 
2025-10-13 00:07:14,539 INFO     margin
2025-10-13 00:07:14,539 INFO 
2025-10-13 00:07:14,539 INFO Loading required package: lattice
2025-10-13 00:07:14,805 INFO 
2025-10-13 00:07:14,805 INFO Attaching package: ‘caret’
2025-10-13 00:07:14,805 INFO 
2025-10-13 00:07:14,805 INFO The following object is masked from ‘package:pls’:
2025-10-13 00:07:14,805 INFO 
2025-10-13 00:07:14,805 INFO     R2
2025-10-13 00:07:14,805 INFO 
2025-10-13 00:07:14,806 INFO Loading required package: foreach
2025-10-13 00:07:14,808 INFO Loading required package: iterators
2025-10-13 00:07:14,811 INFO Loading required package: parallel
2025-10-13 00:07:14,912 INFO Registering fonts with R
2025-10-13 00:07:14,961 INFO 
2025-10-13 00:07:14,961 INFO Please cite as:
2025-10-13 00:07:14,961 INFO 
2025-10-13 00:07:14,961 INFO  Hlavac, Marek (2022). stargazer: Well-Formatted Regression and Summary Statistics Tables.
2025-10-13 00:07:14,961 INFO  R package version 5.2.3. https://CRAN.R-project.org/package=stargazer
2025-10-13 00:07:14,961 INFO 
2025-10-13 00:07:15,011 INFO ── Attaching core tidyverse packages ──────────────────────── tidyverse 2.0.0 ──
2025-10-13 00:07:15,012 INFO ✔ dplyr     1.1.4     ✔ readr     2.1.5
2025-10-13 00:07:15,012 INFO ✔ forcats   1.0.1     ✔ stringr   1.5.2
2025-10-13 00:07:15,012 INFO ✔ lubridate 1.9.4     ✔ tibble    3.3.0
2025-10-13 00:07:15,012 INFO ✔ purrr     1.1.0     ✔ tidyr     1.3.1
2025-10-13 00:07:15,045 INFO ── Conflicts ────────────────────────────────────────── tidyverse_conflicts() ──
2025-10-13 00:07:15,045 INFO ✖ purrr::accumulate() masks foreach::accumulate()
2025-10-13 00:07:15,045 INFO ✖ dplyr::combine()    masks randomForest::combine()
2025-10-13 00:07:15,045 INFO ✖ dplyr::filter()     masks stats::filter()
2025-10-13 00:07:15,045 INFO ✖ purrr::flatten()    masks jsonlite::flatten()
2025-10-13 00:07:15,045 INFO ✖ dplyr::lag()        masks stats::lag()
2025-10-13 00:07:15,045 INFO ✖ purrr::lift()       masks caret::lift()
2025-10-13 00:07:15,045 INFO ✖ ggplot2::margin()   masks randomForest::margin()
2025-10-13 00:07:15,045 INFO ✖ dplyr::slice()      masks xgboost::slice()
2025-10-13 00:07:15,045 INFO ✖ purrr::when()       masks foreach::when()
2025-10-13 00:07:15,045 INFO ℹ Use the conflicted package (<http://conflicted.r-lib.org/>) to force all conflicts to become errors
2025-10-13 00:07:15,056 INFO Scanning ttf files in /Library/Fonts/, /System/Library/Fonts, /System/Library/Fonts/Supplemental, ~/Library/Fonts/ ...
2025-10-13 00:07:15,056 INFO Extracting .afm files from .ttf files...
2025-10-13 00:07:17,682 INFO /System/Library/Fonts/Supplemental/Arial Unicode.ttf : ArialUnicodeMS already registered in fonts database. Skipping.
2025-10-13 00:07:17,761 INFO /System/Library/Fonts/Apple Braille Outline 6 Dot.ttf : AppleBraille-Outline6Dot already registered in fonts database. Skipping.
2025-10-13 00:07:17,846 INFO /System/Library/Fonts/Apple Braille Outline 8 Dot.ttf : AppleBraille-Outline8Dot already registered in fonts database. Skipping.
2025-10-13 00:07:17,898 INFO /System/Library/Fonts/Apple Braille Pinpoint 6 Dot.ttf : AppleBraille-Pinpoint6Dot already registered in fonts database. Skipping.
2025-10-13 00:07:17,952 INFO /System/Library/Fonts/Apple Braille Pinpoint 8 Dot.ttf : AppleBraille-Pinpoint8Dot already registered in fonts database. Skipping.
2025-10-13 00:07:17,986 INFO /System/Library/Fonts/Apple Braille.ttf : AppleBraille already registered in fonts database. Skipping.
2025-10-13 00:07:18,010 INFO /System/Library/Fonts/Apple Symbols.ttf : No FontName. Skipping.
2025-10-13 00:07:18,028 INFO /System/Library/Fonts/Geneva.ttf : No FontName. Skipping.
2025-10-13 00:07:18,044 INFO /System/Library/Fonts/Keyboard.ttf : -Keyboard already registered in fonts database. Skipping.
2025-10-13 00:07:18,095 INFO /System/Library/Fonts/Monaco.ttf : No FontName. Skipping.
2025-10-13 00:07:18,185 INFO /System/Library/Fonts/NewYork.ttf : -NewYork-Regular already registered in fonts database. Skipping.
2025-10-13 00:07:18,263 INFO /System/Library/Fonts/NewYorkItalic.ttf : -NewYork-RegularItalic already registered in fonts database. Skipping.
2025-10-13 00:07:18,345 INFO /System/Library/Fonts/SFArabic.ttf : -SFArabic-Regular already registered in fonts database. Skipping.
2025-10-13 00:07:18,448 INFO /System/Library/Fonts/SFArabicRounded.ttf : -SFArabicRounded-Regular already registered in fonts database. Skipping.
2025-10-13 00:07:18,461 INFO /System/Library/Fonts/SFArmenian.ttf : -SFArmenian-Regular already registered in fonts database. Skipping.
2025-10-13 00:07:18,476 INFO /System/Library/Fonts/SFArmenianRounded.ttf : -SFArmenianRounded-Regular already registered in fonts database. Skipping.
2025-10-13 00:07:18,492 INFO /System/Library/Fonts/SFCamera.ttf : --SFCamera-Regular already registered in fonts database. Skipping.
2025-10-13 00:07:18,596 INFO /System/Library/Fonts/SFCompact.ttf : -SFCompact-Black already registered in fonts database. Skipping.
2025-10-13 00:07:18,680 INFO /System/Library/Fonts/SFCompactItalic.ttf : -SFCompact-BlackItalic already registered in fonts database. Skipping.
2025-10-13 00:07:18,787 INFO /System/Library/Fonts/SFCompactRounded.ttf : --SFCompactRounded-Regular already registered in fonts database. Skipping.
2025-10-13 00:07:18,802 INFO /System/Library/Fonts/SFGeorgian.ttf : -SFGeorgian-Regular already registered in fonts database. Skipping.
2025-10-13 00:07:18,819 INFO /System/Library/Fonts/SFGeorgianRounded.ttf : -SFGeorgianRounded-Regular already registered in fonts database. Skipping.
2025-10-13 00:07:18,829 INFO /System/Library/Fonts/SFHebrew.ttf : -SFHebrew-Regular already registered in fonts database. Skipping.
2025-10-13 00:07:18,839 INFO /System/Library/Fonts/SFHebrewRounded.ttf : -SFHebrewRounded-Regular already registered in fonts database. Skipping.
2025-10-13 00:07:18,962 INFO /System/Library/Fonts/SFNS.ttf : -SFNS-Regular already registered in fonts database. Skipping.
2025-10-13 00:07:19,046 INFO /System/Library/Fonts/SFNSItalic.ttf : -SFNS-RegularItalic already registered in fonts database. Skipping.
2025-10-13 00:07:19,100 INFO /System/Library/Fonts/SFNSMono.ttf : -SFNSMono-Light already registered in fonts database. Skipping.
2025-10-13 00:07:19,149 INFO /System/Library/Fonts/SFNSMonoItalic.ttf : -SFNSMono-LightItalic already registered in fonts database. Skipping.
2025-10-13 00:07:19,248 INFO /System/Library/Fonts/SFNSRounded.ttf : -SFNSRounded-Regular already registered in fonts database. Skipping.
2025-10-13 00:07:19,307 INFO /System/Library/Fonts/Supplemental/Academy Engraved LET Fonts.ttf : AcademyEngravedLetPlain already registered in fonts database. Skipping.
2025-10-13 00:07:19,364 INFO /System/Library/Fonts/Supplemental/Academy Engraved LET Fonts.ttf : AcademyEngravedLetPlain already registered in fonts database. Skipping.
2025-10-13 00:07:19,381 INFO /System/Library/Fonts/Supplemental/Andale Mono.ttf : AndaleMono already registered in fonts database. Skipping.
2025-10-13 00:07:19,397 INFO /System/Library/Fonts/Supplemental/Andale Mono.ttf : AndaleMono already registered in fonts database. Skipping.
2025-10-13 00:07:19,442 INFO /System/Library/Fonts/Supplemental/Apple Chancery.ttf : No FontName. Skipping.
2025-10-13 00:07:19,487 INFO /System/Library/Fonts/Supplemental/Apple Chancery.ttf : No FontName. Skipping.
2025-10-13 00:07:22,822 INFO /System/Library/Fonts/Supplemental/AppleGothic.ttf : No FontName. Skipping.
2025-10-13 00:07:26,161 INFO /System/Library/Fonts/Supplemental/AppleGothic.ttf : No FontName. Skipping.
2025-10-13 00:07:30,305 INFO /System/Library/Fonts/Supplemental/AppleMyungjo.ttf : AppleMyungjo already registered in fonts database. Skipping.
2025-10-13 00:07:34,450 INFO /System/Library/Fonts/Supplemental/AppleMyungjo.ttf : AppleMyungjo already registered in fonts database. Skipping.
2025-10-13 00:07:34,471 INFO /System/Library/Fonts/Supplemental/Arial Black.ttf : Arial-Black already registered in fonts database. Skipping.
2025-10-13 00:07:34,493 INFO /System/Library/Fonts/Supplemental/Arial Black.ttf : Arial-Black already registered in fonts database. Skipping.
2025-10-13 00:07:34,562 INFO /System/Library/Fonts/Supplemental/Arial Bold Italic.ttf : Arial-BoldItalicMT already registered in fonts database. Skipping.
2025-10-13 00:07:34,630 INFO /System/Library/Fonts/Supplemental/Arial Bold Italic.ttf : Arial-BoldItalicMT already registered in fonts database. Skipping.
2025-10-13 00:07:34,773 INFO /System/Library/Fonts/Supplemental/Arial Bold.ttf : Arial-BoldMT already registered in fonts database. Skipping.
2025-10-13 00:07:34,882 INFO /System/Library/Fonts/Supplemental/Arial Bold.ttf : Arial-BoldMT already registered in fonts database. Skipping.
2025-10-13 00:07:34,959 INFO /System/Library/Fonts/Supplemental/Arial Italic.ttf : Arial-ItalicMT already registered in fonts database. Skipping.
2025-10-13 00:07:35,036 INFO /System/Library/Fonts/Supplemental/Arial Italic.ttf : Arial-ItalicMT already registered in fonts database. Skipping.
2025-10-13 00:07:35,055 INFO /System/Library/Fonts/Supplemental/Arial Narrow Bold Italic.ttf : ArialNarrow-BoldItalic already registered in fonts database. Skipping.
2025-10-13 00:07:35,075 INFO /System/Library/Fonts/Supplemental/Arial Narrow Bold Italic.ttf : ArialNarrow-BoldItalic already registered in fonts database. Skipping.
2025-10-13 00:07:35,097 INFO /System/Library/Fonts/Supplemental/Arial Narrow Bold.ttf : ArialNarrow-Bold already registered in fonts database. Skipping.
2025-10-13 00:07:35,117 INFO /System/Library/Fonts/Supplemental/Arial Narrow Bold.ttf : ArialNarrow-Bold already registered in fonts database. Skipping.
2025-10-13 00:07:35,139 INFO /System/Library/Fonts/Supplemental/Arial Narrow Italic.ttf : ArialNarrow-Italic already registered in fonts database. Skipping.
2025-10-13 00:07:35,159 INFO /System/Library/Fonts/Supplemental/Arial Narrow Italic.ttf : ArialNarrow-Italic already registered in fonts database. Skipping.
2025-10-13 00:07:35,179 INFO /System/Library/Fonts/Supplemental/Arial Narrow.ttf : ArialNarrow already registered in fonts database. Skipping.
2025-10-13 00:07:35,199 INFO /System/Library/Fonts/Supplemental/Arial Narrow.ttf : ArialNarrow already registered in fonts database. Skipping.
2025-10-13 00:07:35,217 INFO /System/Library/Fonts/Supplemental/Arial Rounded Bold.ttf : ArialRoundedMTBold already registered in fonts database. Skipping.
2025-10-13 00:07:35,235 INFO /System/Library/Fonts/Supplemental/Arial Rounded Bold.ttf : ArialRoundedMTBold already registered in fonts database. Skipping.
2025-10-13 00:07:37,852 INFO /System/Library/Fonts/Supplemental/Arial Unicode.ttf : ArialUnicodeMS already registered in fonts database. Skipping.
2025-10-13 00:07:40,750 INFO /System/Library/Fonts/Supplemental/Arial Unicode.ttf : ArialUnicodeMS already registered in fonts database. Skipping.
2025-10-13 00:07:40,977 INFO /System/Library/Fonts/Supplemental/Arial.ttf : ArialMT already registered in fonts database. Skipping.
2025-10-13 00:07:41,108 INFO /System/Library/Fonts/Supplemental/Arial.ttf : ArialMT already registered in fonts database. Skipping.
2025-10-13 00:07:41,147 INFO /System/Library/Fonts/Supplemental/Ayuthaya.ttf : No FontName. Skipping.
2025-10-13 00:07:41,187 INFO /System/Library/Fonts/Supplemental/Ayuthaya.ttf : No FontName. Skipping.
2025-10-13 00:07:41,344 INFO /System/Library/Fonts/Supplemental/BigCaslon.ttf : No FontName. Skipping.
2025-10-13 00:07:41,491 INFO /System/Library/Fonts/Supplemental/BigCaslon.ttf : No FontName. Skipping.
2025-10-13 00:07:41,514 INFO /System/Library/Fonts/Supplemental/Bodoni 72 Smallcaps Book.ttf : BodoniSvtyTwoSCITCTT-Book already registered in fonts database. Skipping.
2025-10-13 00:07:41,536 INFO /System/Library/Fonts/Supplemental/Bodoni 72 Smallcaps Book.ttf : BodoniSvtyTwoSCITCTT-Book already registered in fonts database. Skipping.
2025-10-13 00:07:41,568 INFO /System/Library/Fonts/Supplemental/Bodoni Ornaments.ttf : BodoniOrnamentsITCTT already registered in fonts database. Skipping.
2025-10-13 00:07:41,599 INFO /System/Library/Fonts/Supplemental/Bodoni Ornaments.ttf : BodoniOrnamentsITCTT already registered in fonts database. Skipping.
2025-10-13 00:07:41,899 INFO /System/Library/Fonts/Supplemental/Bradley Hand Bold.ttf : Bradley-Hand-Bold already registered in fonts database. Skipping.
2025-10-13 00:07:42,182 INFO /System/Library/Fonts/Supplemental/Bradley Hand Bold.ttf : Bradley-Hand-Bold already registered in fonts database. Skipping.
2025-10-13 00:07:42,348 INFO /System/Library/Fonts/Supplemental/Brush Script.ttf : BrushScriptMT already registered in fonts database. Skipping.
2025-10-13 00:07:42,515 INFO /System/Library/Fonts/Supplemental/Brush Script.ttf : BrushScriptMT already registered in fonts database. Skipping.
2025-10-13 00:07:42,533 INFO /System/Library/Fonts/Supplemental/Chalkduster.ttfsh: line 1: 21126 Abort trap: 6           '/Library/Frameworks/R.framework/Versions/4.5-arm64/Resources/library/Rttf2pt1/exec//ttf2pt1' -a -GfAe '/System/Library/Fonts/Supplemental/Chalkduster.ttf' '/var/folders/73/jl9lgbkj511fwjxkl9cvw7q00000gq/T//RtmpnPMSYY/fonts/Chalkduster' 2>&1
2025-10-13 00:07:42,533 INFO  : No FontName. Skipping.
2025-10-13 00:07:42,551 INFO /System/Library/Fonts/Supplemental/Chalkduster.ttfsh: line 1: 21128 Abort trap: 6           '/Library/Frameworks/R.framework/Versions/4.5-arm64/Resources/library/Rttf2pt1/exec//ttf2pt1' -a -GfAe '/System/Library/Fonts/Supplemental/Chalkduster.ttf' '/var/folders/73/jl9lgbkj511fwjxkl9cvw7q00000gq/T//RtmpnPMSYY/fonts/Chalkduster' 2>&1
2025-10-13 00:07:42,551 INFO  : No FontName. Skipping.
2025-10-13 00:07:42,611 INFO /System/Library/Fonts/Supplemental/Comic Sans MS Bold.ttf : ComicSansMS-Bold already registered in fonts database. Skipping.
2025-10-13 00:07:42,672 INFO /System/Library/Fonts/Supplemental/Comic Sans MS Bold.ttf : ComicSansMS-Bold already registered in fonts database. Skipping.
2025-10-13 00:07:42,720 INFO /System/Library/Fonts/Supplemental/Comic Sans MS.ttf : ComicSansMS already registered in fonts database. Skipping.
2025-10-13 00:07:42,769 INFO /System/Library/Fonts/Supplemental/Comic Sans MS.ttf : ComicSansMS already registered in fonts database. Skipping.
2025-10-13 00:07:42,872 INFO /System/Library/Fonts/Supplemental/Courier New Bold Italic.ttf : CourierNewPS-BoldItalicMT already registered in fonts database. Skipping.
2025-10-13 00:07:42,974 INFO /System/Library/Fonts/Supplemental/Courier New Bold Italic.ttf : CourierNewPS-BoldItalicMT already registered in fonts database. Skipping.
2025-10-13 00:07:43,098 INFO /System/Library/Fonts/Supplemental/Courier New Bold.ttf : CourierNewPS-BoldMT already registered in fonts database. Skipping.
2025-10-13 00:07:43,220 INFO /System/Library/Fonts/Supplemental/Courier New Bold.ttf : CourierNewPS-BoldMT already registered in fonts database. Skipping.
2025-10-13 00:07:43,316 INFO /System/Library/Fonts/Supplemental/Courier New Italic.ttf : CourierNewPS-ItalicMT already registered in fonts database. Skipping.
2025-10-13 00:07:43,412 INFO /System/Library/Fonts/Supplemental/Courier New Italic.ttf : CourierNewPS-ItalicMT already registered in fonts database. Skipping.
2025-10-13 00:07:43,524 INFO /System/Library/Fonts/Supplemental/Courier New.ttf : CourierNewPSMT already registered in fonts database. Skipping.
2025-10-13 00:07:43,637 INFO /System/Library/Fonts/Supplemental/Courier New.ttf : CourierNewPSMT already registered in fonts database. Skipping.
2025-10-13 00:07:43,695 INFO /System/Library/Fonts/Supplemental/DIN Alternate Bold.ttf : DINAlternate-Bold already registered in fonts database. Skipping.
2025-10-13 00:07:43,752 INFO /System/Library/Fonts/Supplemental/DIN Alternate Bold.ttf : DINAlternate-Bold already registered in fonts database. Skipping.
2025-10-13 00:07:43,821 INFO /System/Library/Fonts/Supplemental/DIN Condensed Bold.ttf : DINCondensed-Bold already registered in fonts database. Skipping.
2025-10-13 00:07:43,888 INFO /System/Library/Fonts/Supplemental/DIN Condensed Bold.ttf : DINCondensed-Bold already registered in fonts database. Skipping.
2025-10-13 00:07:44,048 INFO /System/Library/Fonts/Supplemental/Diwan Thuluth.ttf : No FontName. Skipping.
2025-10-13 00:07:44,206 INFO /System/Library/Fonts/Supplemental/Diwan Thuluth.ttf : No FontName. Skipping.
2025-10-13 00:07:44,321 INFO /System/Library/Fonts/Supplemental/Farisi.ttf : No FontName. Skipping.
2025-10-13 00:07:44,435 INFO /System/Library/Fonts/Supplemental/Farisi.ttf : No FontName. Skipping.
2025-10-13 00:07:44,519 INFO /System/Library/Fonts/Supplemental/Georgia Bold Italic.ttf : Georgia-BoldItalic already registered in fonts database. Skipping.
2025-10-13 00:07:44,602 INFO /System/Library/Fonts/Supplemental/Georgia Bold Italic.ttf : Georgia-BoldItalic already registered in fonts database. Skipping.
2025-10-13 00:07:44,689 INFO /System/Library/Fonts/Supplemental/Georgia Bold.ttf : Georgia-Bold already registered in fonts database. Skipping.
2025-10-13 00:07:44,776 INFO /System/Library/Fonts/Supplemental/Georgia Bold.ttf : Georgia-Bold already registered in fonts database. Skipping.
2025-10-13 00:07:44,859 INFO /System/Library/Fonts/Supplemental/Georgia Italic.ttf : Georgia-Italic already registered in fonts database. Skipping.
2025-10-13 00:07:44,941 INFO /System/Library/Fonts/Supplemental/Georgia Italic.ttf : Georgia-Italic already registered in fonts database. Skipping.
2025-10-13 00:07:45,031 INFO /System/Library/Fonts/Supplemental/Georgia.ttf : Georgia already registered in fonts database. Skipping.
2025-10-13 00:07:45,122 INFO /System/Library/Fonts/Supplemental/Georgia.ttf : Georgia already registered in fonts database. Skipping.
2025-10-13 00:07:45,131 INFO /System/Library/Fonts/Supplemental/Gurmukhi.ttf : No FontName. Skipping.
2025-10-13 00:07:45,140 INFO /System/Library/Fonts/Supplemental/Gurmukhi.ttf : No FontName. Skipping.
2025-10-13 00:07:45,206 INFO /System/Library/Fonts/Supplemental/Herculanum.ttf : No FontName. Skipping.
2025-10-13 00:07:45,271 INFO /System/Library/Fonts/Supplemental/Herculanum.ttf : No FontName. Skipping.
2025-10-13 00:07:45,281 INFO /System/Library/Fonts/Supplemental/Hoefler Text Ornaments.ttf : No FontName. Skipping.
2025-10-13 00:07:45,292 INFO /System/Library/Fonts/Supplemental/Hoefler Text Ornaments.ttf : No FontName. Skipping.
2025-10-13 00:07:45,324 INFO /System/Library/Fonts/Supplemental/Impact.ttf : Impact already registered in fonts database. Skipping.
2025-10-13 00:07:45,356 INFO /System/Library/Fonts/Supplemental/Impact.ttf : Impact already registered in fonts database. Skipping.
2025-10-13 00:07:45,425 INFO /System/Library/Fonts/Supplemental/Khmer Sangam MN.ttf : KhmerSangamMN already registered in fonts database. Skipping.
2025-10-13 00:07:45,495 INFO /System/Library/Fonts/Supplemental/Khmer Sangam MN.ttf : KhmerSangamMN already registered in fonts database. Skipping.
2025-10-13 00:07:45,537 INFO /System/Library/Fonts/Supplemental/Kokonor.ttfsh: line 1: 21208 Abort trap: 6           '/Library/Frameworks/R.framework/Versions/4.5-arm64/Resources/library/Rttf2pt1/exec//ttf2pt1' -a -GfAe '/System/Library/Fonts/Supplemental/Kokonor.ttf' '/var/folders/73/jl9lgbkj511fwjxkl9cvw7q00000gq/T//RtmpnPMSYY/fonts/Kokonor' 2>&1
2025-10-13 00:07:45,537 INFO  : No FontName. Skipping.
2025-10-13 00:07:45,578 INFO /System/Library/Fonts/Supplemental/Kokonor.ttfsh: line 1: 21210 Abort trap: 6           '/Library/Frameworks/R.framework/Versions/4.5-arm64/Resources/library/Rttf2pt1/exec//ttf2pt1' -a -GfAe '/System/Library/Fonts/Supplemental/Kokonor.ttf' '/var/folders/73/jl9lgbkj511fwjxkl9cvw7q00000gq/T//RtmpnPMSYY/fonts/Kokonor' 2>&1
2025-10-13 00:07:45,578 INFO  : No FontName. Skipping.
2025-10-13 00:07:45,599 INFO /System/Library/Fonts/Supplemental/Krungthep.ttf : No FontName. Skipping.
2025-10-13 00:07:45,619 INFO /System/Library/Fonts/Supplemental/Krungthep.ttf : No FontName. Skipping.
2025-10-13 00:07:45,649 INFO /System/Library/Fonts/Supplemental/Lao Sangam MN.ttf : LaoSangamMN already registered in fonts database. Skipping.
2025-10-13 00:07:45,679 INFO /System/Library/Fonts/Supplemental/Lao Sangam MN.ttf : LaoSangamMN already registered in fonts database. Skipping.
2025-10-13 00:07:45,981 INFO /System/Library/Fonts/Supplemental/Luminari.ttf : Luminari-Regular already registered in fonts database. Skipping.
2025-10-13 00:07:46,281 INFO /System/Library/Fonts/Supplemental/Luminari.ttf : Luminari-Regular already registered in fonts database. Skipping.
2025-10-13 00:07:46,348 INFO /System/Library/Fonts/Supplemental/Microsoft Sans Serif.ttf : MicrosoftSansSerif already registered in fonts database. Skipping.
2025-10-13 00:07:46,418 INFO /System/Library/Fonts/Supplemental/Microsoft Sans Serif.ttf : MicrosoftSansSerif already registered in fonts database. Skipping.
2025-10-13 00:07:46,588 INFO /System/Library/Fonts/Supplemental/Mishafi Gold.ttf : No FontName. Skipping.
2025-10-13 00:07:46,757 INFO /System/Library/Fonts/Supplemental/Mishafi Gold.ttf : No FontName. Skipping.
2025-10-13 00:07:47,154 INFO /System/Library/Fonts/Supplemental/Mishafi.ttf : No FontName. Skipping.
2025-10-13 00:07:47,549 INFO /System/Library/Fonts/Supplemental/Mishafi.ttf : No FontName. Skipping.
2025-10-13 00:07:47,555 INFO /System/Library/Fonts/Supplemental/NISC18030.ttf : No FontName. Skipping.
2025-10-13 00:07:47,561 INFO /System/Library/Fonts/Supplemental/NISC18030.ttf : No FontName. Skipping.
2025-10-13 00:07:47,581 INFO /System/Library/Fonts/Supplemental/NotoSansAdlam-Regular.ttf : NotoSansAdlam-Regular already registered in fonts database. Skipping.
2025-10-13 00:07:47,602 INFO /System/Library/Fonts/Supplemental/NotoSansAdlam-Regular.ttf : NotoSansAdlam-Regular already registered in fonts database. Skipping.
2025-10-13 00:07:47,612 INFO /System/Library/Fonts/Supplemental/NotoSansAvestan-Regular.ttf : NotoSansAvestan-Regular already registered in fonts database. Skipping.
2025-10-13 00:07:47,621 INFO /System/Library/Fonts/Supplemental/NotoSansAvestan-Regular.ttf : NotoSansAvestan-Regular already registered in fonts database. Skipping.
2025-10-13 00:07:47,671 INFO /System/Library/Fonts/Supplemental/NotoSansBamum-Regular.ttf : NotoSansBamum-Regular already registered in fonts database. Skipping.
2025-10-13 00:07:47,721 INFO /System/Library/Fonts/Supplemental/NotoSansBamum-Regular.ttf : NotoSansBamum-Regular already registered in fonts database. Skipping.
2025-10-13 00:07:47,804 INFO /System/Library/Fonts/Supplemental/NotoSansBassaVah-Regular.ttf : NotoSansBassaVah-Regular already registered in fonts database. Skipping.
2025-10-13 00:07:47,813 INFO /System/Library/Fonts/Supplemental/NotoSansBassaVah-Regular.ttf : NotoSansBassaVah-Regular already registered in fonts database. Skipping.
2025-10-13 00:07:47,828 INFO /System/Library/Fonts/Supplemental/NotoSansBatak-Regular.ttf : NotoSansBatak-Regular already registered in fonts database. Skipping.
2025-10-13 00:07:47,842 INFO /System/Library/Fonts/Supplemental/NotoSansBatak-Regular.ttf : NotoSansBatak-Regular already registered in fonts database. Skipping.
2025-10-13 00:07:47,952 INFO /System/Library/Fonts/Supplemental/NotoSansBhaiksuki-Regular.ttf : NotoSansBhaiksuki-Regular already registered in fonts database. Skipping.
2025-10-13 00:07:48,064 INFO /System/Library/Fonts/Supplemental/NotoSansBhaiksuki-Regular.ttf : NotoSansBhaiksuki-Regular already registered in fonts database. Skipping.
2025-10-13 00:07:48,079 INFO /System/Library/Fonts/Supplemental/NotoSansBrahmi-Regular.ttf : NotoSansBrahmi-Regular already registered in fonts database. Skipping.
2025-10-13 00:07:48,094 INFO /System/Library/Fonts/Supplemental/NotoSansBrahmi-Regular.ttf : NotoSansBrahmi-Regular already registered in fonts database. Skipping.
2025-10-13 00:07:48,101 INFO /System/Library/Fonts/Supplemental/NotoSansBuginese-Regular.ttf : NotoSansBuginese-Regular already registered in fonts database. Skipping.
2025-10-13 00:07:48,109 INFO /System/Library/Fonts/Supplemental/NotoSansBuginese-Regular.ttf : NotoSansBuginese-Regular already registered in fonts database. Skipping.
2025-10-13 00:07:48,116 INFO /System/Library/Fonts/Supplemental/NotoSansBuhid-Regular.ttf : NotoSansBuhid-Regular already registered in fonts database. Skipping.
2025-10-13 00:07:48,123 INFO /System/Library/Fonts/Supplemental/NotoSansBuhid-Regular.ttf : NotoSansBuhid-Regular already registered in fonts database. Skipping.
2025-10-13 00:07:48,131 INFO /System/Library/Fonts/Supplemental/NotoSansCarian-Regular.ttf : NotoSansCarian-Regular already registered in fonts database. Skipping.
2025-10-13 00:07:48,138 INFO /System/Library/Fonts/Supplemental/NotoSansCarian-Regular.ttf : NotoSansCarian-Regular already registered in fonts database. Skipping.
2025-10-13 00:07:48,150 INFO /System/Library/Fonts/Supplemental/NotoSansCaucasianAlbanian-Regular.ttf : NotoSansCaucasianAlbanian-Regular already registered in fonts database. Skipping.
2025-10-13 00:07:48,162 INFO /System/Library/Fonts/Supplemental/NotoSansCaucasianAlbanian-Regular.ttf : NotoSansCaucasianAlbanian-Regular already registered in fonts database. Skipping.
2025-10-13 00:07:48,179 INFO /System/Library/Fonts/Supplemental/NotoSansChakma-Regular.ttf : NotoSansChakma-Regular already registered in fonts database. Skipping.
2025-10-13 00:07:48,197 INFO /System/Library/Fonts/Supplemental/NotoSansChakma-Regular.ttf : NotoSansChakma-Regular already registered in fonts database. Skipping.
2025-10-13 00:07:48,210 INFO /System/Library/Fonts/Supplemental/NotoSansCham-Regular.ttf : NotoSansCham-Regular already registered in fonts database. Skipping.
2025-10-13 00:07:48,222 INFO /System/Library/Fonts/Supplemental/NotoSansCham-Regular.ttf : NotoSansCham-Regular already registered in fonts database. Skipping.
2025-10-13 00:07:48,235 INFO /System/Library/Fonts/Supplemental/NotoSansCoptic-Regular.ttf : NotoSansCoptic-Regular already registered in fonts database. Skipping.
2025-10-13 00:07:48,247 INFO /System/Library/Fonts/Supplemental/NotoSansCoptic-Regular.ttf : NotoSansCoptic-Regular already registered in fonts database. Skipping.
2025-10-13 00:07:48,519 INFO /System/Library/Fonts/Supplemental/NotoSansCuneiform-Regular.ttf : NotoSansCuneiform-Regular already registered in fonts database. Skipping.
2025-10-13 00:07:48,791 INFO /System/Library/Fonts/Supplemental/NotoSansCuneiform-Regular.ttf : NotoSansCuneiform-Regular already registered in fonts database. Skipping.
2025-10-13 00:07:48,799 INFO /System/Library/Fonts/Supplemental/NotoSansCypriot-Regular.ttf : NotoSansCypriot-Regular already registered in fonts database. Skipping.
2025-10-13 00:07:48,807 INFO /System/Library/Fonts/Supplemental/NotoSansCypriot-Regular.ttf : NotoSansCypriot-Regular already registered in fonts database. Skipping.
2025-10-13 00:07:48,818 INFO /System/Library/Fonts/Supplemental/NotoSansDuployan-Regular.ttf : NotoSansDuployan-Regular already registered in fonts database. Skipping.
2025-10-13 00:07:48,829 INFO /System/Library/Fonts/Supplemental/NotoSansDuployan-Regular.ttf : NotoSansDuployan-Regular already registered in fonts database. Skipping.
2025-10-13 00:07:49,125 INFO /System/Library/Fonts/Supplemental/NotoSansEgyptianHieroglyphs-Regular.ttf : NotoSansEgyptianHieroglyphs-Regular already registered in fonts database. Skipping.
2025-10-13 00:07:49,418 INFO /System/Library/Fonts/Supplemental/NotoSansEgyptianHieroglyphs-Regular.ttf : NotoSansEgyptianHieroglyphs-Regular already registered in fonts database. Skipping.
2025-10-13 00:07:49,426 INFO /System/Library/Fonts/Supplemental/NotoSansElbasan-Regular.ttf : NotoSansElbasan-Regular already registered in fonts database. Skipping.
2025-10-13 00:07:49,434 INFO /System/Library/Fonts/Supplemental/NotoSansElbasan-Regular.ttf : NotoSansElbasan-Regular already registered in fonts database. Skipping.
2025-10-13 00:07:49,445 INFO /System/Library/Fonts/Supplemental/NotoSansGlagolitic-Regular.ttf : NotoSansGlagolitic-Regular already registered in fonts database. Skipping.
2025-10-13 00:07:49,456 INFO /System/Library/Fonts/Supplemental/NotoSansGlagolitic-Regular.ttf : NotoSansGlagolitic-Regular already registered in fonts database. Skipping.
2025-10-13 00:07:49,464 INFO /System/Library/Fonts/Supplemental/NotoSansGothic-Regular.ttf : NotoSansGothic-Regular already registered in fonts database. Skipping.
2025-10-13 00:07:49,471 INFO /System/Library/Fonts/Supplemental/NotoSansGothic-Regular.ttf : NotoSansGothic-Regular already registered in fonts database. Skipping.
2025-10-13 00:07:49,482 INFO /System/Library/Fonts/Supplemental/NotoSansHanifiRohingya-Regular.ttf : NotoSansHanifiRohingya-Regular already registered in fonts database. Skipping.
2025-10-13 00:07:49,495 INFO /System/Library/Fonts/Supplemental/NotoSansHanifiRohingya-Regular.ttf : NotoSansHanifiRohingya-Regular already registered in fonts database. Skipping.
2025-10-13 00:07:49,503 INFO /System/Library/Fonts/Supplemental/NotoSansHanunoo-Regular.ttf : NotoSansHanunoo-Regular already registered in fonts database. Skipping.
2025-10-13 00:07:49,511 INFO /System/Library/Fonts/Supplemental/NotoSansHanunoo-Regular.ttf : NotoSansHanunoo-Regular already registered in fonts database. Skipping.
2025-10-13 00:07:49,517 INFO /System/Library/Fonts/Supplemental/NotoSansHatran-Regular.ttf : NotoSansHatran-Regular already registered in fonts database. Skipping.
2025-10-13 00:07:49,523 INFO /System/Library/Fonts/Supplemental/NotoSansHatran-Regular.ttf : NotoSansHatran-Regular already registered in fonts database. Skipping.
2025-10-13 00:07:49,531 INFO /System/Library/Fonts/Supplemental/NotoSansImperialAramaic-Regular.ttf : NotoSansImperialAramaic-Regular already registered in fonts database. Skipping.
2025-10-13 00:07:49,538 INFO /System/Library/Fonts/Supplemental/NotoSansImperialAramaic-Regular.ttf : NotoSansImperialAramaic-Regular already registered in fonts database. Skipping.
2025-10-13 00:07:49,545 INFO /System/Library/Fonts/Supplemental/NotoSansInscriptionalPahlavi-Regular.ttf : NotoSansInscriptionalPahlavi-Regular already registered in fonts database. Skipping.
2025-10-13 00:07:49,552 INFO /System/Library/Fonts/Supplemental/NotoSansInscriptionalPahlavi-Regular.ttf : NotoSansInscriptionalPahlavi-Regular already registered in fonts database. Skipping.
2025-10-13 00:07:49,559 INFO /System/Library/Fonts/Supplemental/NotoSansInscriptionalParthian-Regular.ttf : NotoSansInscriptionalParthian-Regular already registered in fonts database. Skipping.
2025-10-13 00:07:49,567 INFO /System/Library/Fonts/Supplemental/NotoSansInscriptionalParthian-Regular.ttf : NotoSansInscriptionalParthian-Regular already registered in fonts database. Skipping.
2025-10-13 00:07:49,585 INFO /System/Library/Fonts/Supplemental/NotoSansKaithi-Regular.ttf : NotoSansKaithi-Regular already registered in fonts database. Skipping.
2025-10-13 00:07:49,604 INFO /System/Library/Fonts/Supplemental/NotoSansKaithi-Regular.ttf : NotoSansKaithi-Regular already registered in fonts database. Skipping.
2025-10-13 00:07:49,614 INFO /System/Library/Fonts/Supplemental/NotoSansKayahLi-Regular.ttf : NotoSansKayahLi-Regular already registered in fonts database. Skipping.
2025-10-13 00:07:49,623 INFO /System/Library/Fonts/Supplemental/NotoSansKayahLi-Regular.ttf : NotoSansKayahLi-Regular already registered in fonts database. Skipping.
2025-10-13 00:07:49,634 INFO /System/Library/Fonts/Supplemental/NotoSansKharoshthi-Regular.ttf : NotoSansKharoshthi-Regular already registered in fonts database. Skipping.
2025-10-13 00:07:49,646 INFO /System/Library/Fonts/Supplemental/NotoSansKharoshthi-Regular.ttf : NotoSansKharoshthi-Regular already registered in fonts database. Skipping.
2025-10-13 00:07:49,665 INFO /System/Library/Fonts/Supplemental/NotoSansKhojki-Regular.ttf : NotoSansKhojki-Regular already registered in fonts database. Skipping.
2025-10-13 00:07:49,685 INFO /System/Library/Fonts/Supplemental/NotoSansKhojki-Regular.ttf : NotoSansKhojki-Regular already registered in fonts database. Skipping.
2025-10-13 00:07:49,696 INFO /System/Library/Fonts/Supplemental/NotoSansKhudawadi-Regular.ttf : NotoSansKhudawadi-Regular already registered in fonts database. Skipping.
2025-10-13 00:07:49,706 INFO /System/Library/Fonts/Supplemental/NotoSansKhudawadi-Regular.ttf : NotoSansKhudawadi-Regular already registered in fonts database. Skipping.
2025-10-13 00:07:49,716 INFO /System/Library/Fonts/Supplemental/NotoSansLepcha-Regular.ttf : NotoSansLepcha-Regular already registered in fonts database. Skipping.
2025-10-13 00:07:49,727 INFO /System/Library/Fonts/Supplemental/NotoSansLepcha-Regular.ttf : NotoSansLepcha-Regular already registered in fonts database. Skipping.
2025-10-13 00:07:49,736 INFO /System/Library/Fonts/Supplemental/NotoSansLimbu-Regular.ttf : NotoSansLimbu-Regular already registered in fonts database. Skipping.
2025-10-13 00:07:49,745 INFO /System/Library/Fonts/Supplemental/NotoSansLimbu-Regular.ttf : NotoSansLimbu-Regular already registered in fonts database. Skipping.
2025-10-13 00:07:49,768 INFO /System/Library/Fonts/Supplemental/NotoSansLinearA-Regular.ttf : NotoSansLinearA-Regular already registered in fonts database. Skipping.
2025-10-13 00:07:49,791 INFO /System/Library/Fonts/Supplemental/NotoSansLinearA-Regular.ttf : NotoSansLinearA-Regular already registered in fonts database. Skipping.
2025-10-13 00:07:49,819 INFO /System/Library/Fonts/Supplemental/NotoSansLinearB-Regular.ttf : NotoSansLinearB-Regular already registered in fonts database. Skipping.
2025-10-13 00:07:49,846 INFO /System/Library/Fonts/Supplemental/NotoSansLinearB-Regular.ttf : NotoSansLinearB-Regular already registered in fonts database. Skipping.
2025-10-13 00:07:49,853 INFO /System/Library/Fonts/Supplemental/NotoSansLisu-Regular.ttf : NotoSansLisu-Regular already registered in fonts database. Skipping.
2025-10-13 00:07:49,860 INFO /System/Library/Fonts/Supplemental/NotoSansLisu-Regular.ttf : NotoSansLisu-Regular already registered in fonts database. Skipping.
2025-10-13 00:07:49,867 INFO /System/Library/Fonts/Supplemental/NotoSansLycian-Regular.ttf : NotoSansLycian-Regular already registered in fonts database. Skipping.
2025-10-13 00:07:49,874 INFO /System/Library/Fonts/Supplemental/NotoSansLycian-Regular.ttf : NotoSansLycian-Regular already registered in fonts database. Skipping.
2025-10-13 00:07:49,881 INFO /System/Library/Fonts/Supplemental/NotoSansLydian-Regular.ttf : NotoSansLydian-Regular already registered in fonts database. Skipping.
2025-10-13 00:07:49,888 INFO /System/Library/Fonts/Supplemental/NotoSansLydian-Regular.ttf : NotoSansLydian-Regular already registered in fonts database. Skipping.
2025-10-13 00:07:49,899 INFO /System/Library/Fonts/Supplemental/NotoSansMahajani-Regular.ttf : NotoSansMahajani-Regular already registered in fonts database. Skipping.
2025-10-13 00:07:49,911 INFO /System/Library/Fonts/Supplemental/NotoSansMahajani-Regular.ttf : NotoSansMahajani-Regular already registered in fonts database. Skipping.
2025-10-13 00:07:49,923 INFO /System/Library/Fonts/Supplemental/NotoSansMandaic-Regular.ttf : NotoSansMandaic-Regular already registered in fonts database. Skipping.
2025-10-13 00:07:49,935 INFO /System/Library/Fonts/Supplemental/NotoSansMandaic-Regular.ttf : NotoSansMandaic-Regular already registered in fonts database. Skipping.
2025-10-13 00:07:49,949 INFO /System/Library/Fonts/Supplemental/NotoSansManichaean-Regular.ttf : NotoSansManichaean-Regular already registered in fonts database. Skipping.
2025-10-13 00:07:49,964 INFO /System/Library/Fonts/Supplemental/NotoSansManichaean-Regular.ttf : NotoSansManichaean-Regular already registered in fonts database. Skipping.
2025-10-13 00:07:49,994 INFO /System/Library/Fonts/Supplemental/NotoSansMarchen-Regular.ttf : NotoSansMarchen-Regular already registered in fonts database. Skipping.
2025-10-13 00:07:50,024 INFO /System/Library/Fonts/Supplemental/NotoSansMarchen-Regular.ttf : NotoSansMarchen-Regular already registered in fonts database. Skipping.
2025-10-13 00:07:50,035 INFO /System/Library/Fonts/Supplemental/NotoSansMeeteiMayek-Regular.ttf : NotoSansMeeteiMayek-Regular already registered in fonts database. Skipping.
2025-10-13 00:07:50,045 INFO /System/Library/Fonts/Supplemental/NotoSansMeeteiMayek-Regular.ttf : NotoSansMeeteiMayek-Regular already registered in fonts database. Skipping.
2025-10-13 00:07:50,062 INFO /System/Library/Fonts/Supplemental/NotoSansMendeKikakui-Regular.ttf : NotoSansMendeKikakui-Regular already registered in fonts database. Skipping.
2025-10-13 00:07:50,078 INFO /System/Library/Fonts/Supplemental/NotoSansMendeKikakui-Regular.ttf : NotoSansMendeKikakui-Regular already registered in fonts database. Skipping.
2025-10-13 00:07:50,095 INFO /System/Library/Fonts/Supplemental/NotoSansMeroitic-Regular.ttf : NotoSansMeroitic-Regular already registered in fonts database. Skipping.
2025-10-13 00:07:50,112 INFO /System/Library/Fonts/Supplemental/NotoSansMeroitic-Regular.ttf : NotoSansMeroitic-Regular already registered in fonts database. Skipping.
2025-10-13 00:07:50,127 INFO /System/Library/Fonts/Supplemental/NotoSansMiao-Regular.ttf : NotoSansMiao-Regular already registered in fonts database. Skipping.
2025-10-13 00:07:50,142 INFO /System/Library/Fonts/Supplemental/NotoSansMiao-Regular.ttf : NotoSansMiao-Regular already registered in fonts database. Skipping.
2025-10-13 00:07:50,158 INFO /System/Library/Fonts/Supplemental/NotoSansModi-Regular.ttf : NotoSansModi-Regular already registered in fonts database. Skipping.
2025-10-13 00:07:50,175 INFO /System/Library/Fonts/Supplemental/NotoSansModi-Regular.ttf : NotoSansModi-Regular already registered in fonts database. Skipping.
2025-10-13 00:07:50,237 INFO /System/Library/Fonts/Supplemental/NotoSansMongolian-Regular.ttf : NotoSansMongolian-Regular already registered in fonts database. Skipping.
2025-10-13 00:07:50,298 INFO /System/Library/Fonts/Supplemental/NotoSansMongolian-Regular.ttf : NotoSansMongolian-Regular already registered in fonts database. Skipping.
2025-10-13 00:07:50,306 INFO /System/Library/Fonts/Supplemental/NotoSansMro-Regular.ttf : NotoSansMro-Regular already registered in fonts database. Skipping.
2025-10-13 00:07:50,314 INFO /System/Library/Fonts/Supplemental/NotoSansMro-Regular.ttf : NotoSansMro-Regular already registered in fonts database. Skipping.
2025-10-13 00:07:50,323 INFO /System/Library/Fonts/Supplemental/NotoSansMultani-Regular.ttf : NotoSansMultani-Regular already registered in fonts database. Skipping.
2025-10-13 00:07:50,332 INFO /System/Library/Fonts/Supplemental/NotoSansMultani-Regular.ttf : NotoSansMultani-Regular already registered in fonts database. Skipping.
2025-10-13 00:07:50,341 INFO /System/Library/Fonts/Supplemental/NotoSansNabataean-Regular.ttf : NotoSansNabataean-Regular already registered in fonts database. Skipping.
2025-10-13 00:07:50,349 INFO /System/Library/Fonts/Supplemental/NotoSansNabataean-Regular.ttf : NotoSansNabataean-Regular already registered in fonts database. Skipping.
2025-10-13 00:07:50,386 INFO /System/Library/Fonts/Supplemental/NotoSansNewa-Regular.ttf : NotoSansNewa-Regular already registered in fonts database. Skipping.
2025-10-13 00:07:50,421 INFO /System/Library/Fonts/Supplemental/NotoSansNewa-Regular.ttf : NotoSansNewa-Regular already registered in fonts database. Skipping.
2025-10-13 00:07:50,433 INFO /System/Library/Fonts/Supplemental/NotoSansNewTaiLue-Regular.ttf : NotoSansNewTaiLue-Regular already registered in fonts database. Skipping.
2025-10-13 00:07:50,446 INFO /System/Library/Fonts/Supplemental/NotoSansNewTaiLue-Regular.ttf : NotoSansNewTaiLue-Regular already registered in fonts database. Skipping.
2025-10-13 00:07:50,456 INFO /System/Library/Fonts/Supplemental/NotoSansNKo-Regular.ttf : NotoSansNKo-Regular already registered in fonts database. Skipping.
2025-10-13 00:07:50,466 INFO /System/Library/Fonts/Supplemental/NotoSansNKo-Regular.ttf : NotoSansNKo-Regular already registered in fonts database. Skipping.
2025-10-13 00:07:50,476 INFO /System/Library/Fonts/Supplemental/NotoSansOlChiki-Regular.ttf : NotoSansOlChiki-Regular already registered in fonts database. Skipping.
2025-10-13 00:07:50,487 INFO /System/Library/Fonts/Supplemental/NotoSansOlChiki-Regular.ttf : NotoSansOlChiki-Regular already registered in fonts database. Skipping.
2025-10-13 00:07:50,499 INFO /System/Library/Fonts/Supplemental/NotoSansOldHungarian-Regular.ttf : NotoSansOldHungarian-Regular already registered in fonts database. Skipping.
2025-10-13 00:07:50,510 INFO /System/Library/Fonts/Supplemental/NotoSansOldHungarian-Regular.ttf : NotoSansOldHungarian-Regular already registered in fonts database. Skipping.
2025-10-13 00:07:50,518 INFO /System/Library/Fonts/Supplemental/NotoSansOldItalic-Regular.ttf : NotoSansOldItalic-Regular already registered in fonts database. Skipping.
2025-10-13 00:07:50,525 INFO /System/Library/Fonts/Supplemental/NotoSansOldItalic-Regular.ttf : NotoSansOldItalic-Regular already registered in fonts database. Skipping.
2025-10-13 00:07:50,533 INFO /System/Library/Fonts/Supplemental/NotoSansOldNorthArabian-Regular.ttf : NotoSansOldNorthArabian-Regular already registered in fonts database. Skipping.
2025-10-13 00:07:50,541 INFO /System/Library/Fonts/Supplemental/NotoSansOldNorthArabian-Regular.ttf : NotoSansOldNorthArabian-Regular already registered in fonts database. Skipping.
2025-10-13 00:07:50,548 INFO /System/Library/Fonts/Supplemental/NotoSansOldPermic-Regular.ttf : NotoSansOldPermic-Regular already registered in fonts database. Skipping.
2025-10-13 00:07:50,555 INFO /System/Library/Fonts/Supplemental/NotoSansOldPermic-Regular.ttf : NotoSansOldPermic-Regular already registered in fonts database. Skipping.
2025-10-13 00:07:50,564 INFO /System/Library/Fonts/Supplemental/NotoSansOldPersian-Regular.ttf : NotoSansOldPersian-Regular already registered in fonts database. Skipping.
2025-10-13 00:07:50,573 INFO /System/Library/Fonts/Supplemental/NotoSansOldPersian-Regular.ttf : NotoSansOldPersian-Regular already registered in fonts database. Skipping.
2025-10-13 00:07:50,580 INFO /System/Library/Fonts/Supplemental/NotoSansOldSouthArabian-Regular.ttf : NotoSansOldSouthArabian-Regular already registered in fonts database. Skipping.
2025-10-13 00:07:50,587 INFO /System/Library/Fonts/Supplemental/NotoSansOldSouthArabian-Regular.ttf : NotoSansOldSouthArabian-Regular already registered in fonts database. Skipping.
2025-10-13 00:07:50,594 INFO /System/Library/Fonts/Supplemental/NotoSansOldTurkic-Regular.ttf : NotoSansOldTurkic-Regular already registered in fonts database. Skipping.
2025-10-13 00:07:50,602 INFO /System/Library/Fonts/Supplemental/NotoSansOldTurkic-Regular.ttf : NotoSansOldTurkic-Regular already registered in fonts database. Skipping.
2025-10-13 00:07:50,611 INFO /System/Library/Fonts/Supplemental/NotoSansOsage-Regular.ttf : NotoSansOsage-Regular already registered in fonts database. Skipping.
2025-10-13 00:07:50,620 INFO /System/Library/Fonts/Supplemental/NotoSansOsage-Regular.ttf : NotoSansOsage-Regular already registered in fonts database. Skipping.
2025-10-13 00:07:50,628 INFO /System/Library/Fonts/Supplemental/NotoSansOsmanya-Regular.ttf : NotoSansOsmanya-Regular already registered in fonts database. Skipping.
2025-10-13 00:07:50,636 INFO /System/Library/Fonts/Supplemental/NotoSansOsmanya-Regular.ttf : NotoSansOsmanya-Regular already registered in fonts database. Skipping.
2025-10-13 00:07:50,647 INFO /System/Library/Fonts/Supplemental/NotoSansPahawhHmong-Regular.ttf : NotoSansPahawhHmong-Regular already registered in fonts database. Skipping.
2025-10-13 00:07:50,657 INFO /System/Library/Fonts/Supplemental/NotoSansPahawhHmong-Regular.ttf : NotoSansPahawhHmong-Regular already registered in fonts database. Skipping.
2025-10-13 00:07:50,669 INFO /System/Library/Fonts/Supplemental/NotoSansPalmyrene-Regular.ttf : NotoSansPalmyrene-Regular already registered in fonts database. Skipping.
2025-10-13 00:07:50,681 INFO /System/Library/Fonts/Supplemental/NotoSansPalmyrene-Regular.ttf : NotoSansPalmyrene-Regular already registered in fonts database. Skipping.
2025-10-13 00:07:50,689 INFO /System/Library/Fonts/Supplemental/NotoSansPauCinHau-Regular.ttf : NotoSansPauCinHau-Regular already registered in fonts database. Skipping.
2025-10-13 00:07:50,697 INFO /System/Library/Fonts/Supplemental/NotoSansPauCinHau-Regular.ttf : NotoSansPauCinHau-Regular already registered in fonts database. Skipping.
2025-10-13 00:07:50,710 INFO /System/Library/Fonts/Supplemental/NotoSansPhagsPa-Regular.ttf : NotoSansPhagsPa-Regular already registered in fonts database. Skipping.
2025-10-13 00:07:50,724 INFO /System/Library/Fonts/Supplemental/NotoSansPhagsPa-Regular.ttf : NotoSansPhagsPa-Regular already registered in fonts database. Skipping.
2025-10-13 00:07:50,733 INFO /System/Library/Fonts/Supplemental/NotoSansPhoenician-Regular.ttf : NotoSansPhoenician-Regular already registered in fonts database. Skipping.
2025-10-13 00:07:50,741 INFO /System/Library/Fonts/Supplemental/NotoSansPhoenician-Regular.ttf : NotoSansPhoenician-Regular already registered in fonts database. Skipping.
2025-10-13 00:07:50,754 INFO /System/Library/Fonts/Supplemental/NotoSansPsalterPahlavi-Regular.ttf : NotoSansPsalterPahlavi-Regular already registered in fonts database. Skipping.
2025-10-13 00:07:50,767 INFO /System/Library/Fonts/Supplemental/NotoSansPsalterPahlavi-Regular.ttf : NotoSansPsalterPahlavi-Regular already registered in fonts database. Skipping.
2025-10-13 00:07:50,774 INFO /System/Library/Fonts/Supplemental/NotoSansRejang-Regular.ttf : NotoSansRejang-Regular already registered in fonts database. Skipping.
2025-10-13 00:07:50,781 INFO /System/Library/Fonts/Supplemental/NotoSansRejang-Regular.ttf : NotoSansRejang-Regular already registered in fonts database. Skipping.
2025-10-13 00:07:50,790 INFO /System/Library/Fonts/Supplemental/NotoSansSamaritan-Regular.ttf : NotoSansSamaritan-Regular already registered in fonts database. Skipping.
2025-10-13 00:07:50,799 INFO /System/Library/Fonts/Supplemental/NotoSansSamaritan-Regular.ttf : NotoSansSamaritan-Regular already registered in fonts database. Skipping.
2025-10-13 00:07:50,810 INFO /System/Library/Fonts/Supplemental/NotoSansSaurashtra-Regular.ttf : NotoSansSaurashtra-Regular already registered in fonts database. Skipping.
2025-10-13 00:07:50,821 INFO /System/Library/Fonts/Supplemental/NotoSansSaurashtra-Regular.ttf : NotoSansSaurashtra-Regular already registered in fonts database. Skipping.
2025-10-13 00:07:50,836 INFO /System/Library/Fonts/Supplemental/NotoSansSharada-Regular.ttf : NotoSansSharada-Regular already registered in fonts database. Skipping.
2025-10-13 00:07:50,852 INFO /System/Library/Fonts/Supplemental/NotoSansSharada-Regular.ttf : NotoSansSharada-Regular already registered in fonts database. Skipping.
2025-10-13 00:07:50,860 INFO /System/Library/Fonts/Supplemental/NotoSansSoraSompeng-Regular.ttf : NotoSansSoraSompeng-Regular already registered in fonts database. Skipping.
2025-10-13 00:07:50,869 INFO /System/Library/Fonts/Supplemental/NotoSansSoraSompeng-Regular.ttf : NotoSansSoraSompeng-Regular already registered in fonts database. Skipping.
2025-10-13 00:07:50,878 INFO /System/Library/Fonts/Supplemental/NotoSansSundanese-Regular.ttf : NotoSansSundanese-Regular already registered in fonts database. Skipping.
2025-10-13 00:07:50,886 INFO /System/Library/Fonts/Supplemental/NotoSansSundanese-Regular.ttf : NotoSansSundanese-Regular already registered in fonts database. Skipping.
2025-10-13 00:07:50,896 INFO /System/Library/Fonts/Supplemental/NotoSansSylotiNagri-Regular.ttf : NotoSansSylotiNagri-Regular already registered in fonts database. Skipping.
2025-10-13 00:07:50,906 INFO /System/Library/Fonts/Supplemental/NotoSansSylotiNagri-Regular.ttf : NotoSansSylotiNagri-Regular already registered in fonts database. Skipping.
2025-10-13 00:07:50,924 INFO /System/Library/Fonts/Supplemental/NotoSansSyriac-Regular.ttf : NotoSansSyriac-Regular already registered in fonts database. Skipping.
2025-10-13 00:07:50,944 INFO /System/Library/Fonts/Supplemental/NotoSansSyriac-Regular.ttf : NotoSansSyriac-Regular already registered in fonts database. Skipping.
2025-10-13 00:07:50,952 INFO /System/Library/Fonts/Supplemental/NotoSansTagalog-Regular.ttf : NotoSansTagalog-Regular already registered in fonts database. Skipping.
2025-10-13 00:07:50,960 INFO /System/Library/Fonts/Supplemental/NotoSansTagalog-Regular.ttf : NotoSansTagalog-Regular already registered in fonts database. Skipping.
2025-10-13 00:07:50,969 INFO /System/Library/Fonts/Supplemental/NotoSansTagbanwa-Regular.ttf : NotoSansTagbanwa-Regular already registered in fonts database. Skipping.
2025-10-13 00:07:50,977 INFO /System/Library/Fonts/Supplemental/NotoSansTagbanwa-Regular.ttf : NotoSansTagbanwa-Regular already registered in fonts database. Skipping.
2025-10-13 00:07:50,987 INFO /System/Library/Fonts/Supplemental/NotoSansTaiLe-Regular.ttf : NotoSansTaiLe-Regular already registered in fonts database. Skipping.
2025-10-13 00:07:50,997 INFO /System/Library/Fonts/Supplemental/NotoSansTaiLe-Regular.ttf : NotoSansTaiLe-Regular already registered in fonts database. Skipping.
2025-10-13 00:07:51,015 INFO /System/Library/Fonts/Supplemental/NotoSansTaiTham-Regular.ttf : NotoSansTaiTham already registered in fonts database. Skipping.
2025-10-13 00:07:51,034 INFO /System/Library/Fonts/Supplemental/NotoSansTaiTham-Regular.ttf : NotoSansTaiTham already registered in fonts database. Skipping.
2025-10-13 00:07:51,047 INFO /System/Library/Fonts/Supplemental/NotoSansTaiViet-Regular.ttf : NotoSansTaiViet-Regular already registered in fonts database. Skipping.
2025-10-13 00:07:51,060 INFO /System/Library/Fonts/Supplemental/NotoSansTaiViet-Regular.ttf : NotoSansTaiViet-Regular already registered in fonts database. Skipping.
2025-10-13 00:07:51,069 INFO /System/Library/Fonts/Supplemental/NotoSansTakri-Regular.ttf : NotoSansTakri-Regular already registered in fonts database. Skipping.
2025-10-13 00:07:51,080 INFO /System/Library/Fonts/Supplemental/NotoSansTakri-Regular.ttf : NotoSansTakri-Regular already registered in fonts database. Skipping.
2025-10-13 00:07:51,093 INFO /System/Library/Fonts/Supplemental/NotoSansThaana-Regular.ttf : NotoSansThaana-Regular already registered in fonts database. Skipping.
2025-10-13 00:07:51,106 INFO /System/Library/Fonts/Supplemental/NotoSansThaana-Regular.ttf : NotoSansThaana-Regular already registered in fonts database. Skipping.
2025-10-13 00:07:51,125 INFO /System/Library/Fonts/Supplemental/NotoSansTirhuta-Regular.ttf : NotoSansTirhuta-Regular already registered in fonts database. Skipping.
2025-10-13 00:07:51,144 INFO /System/Library/Fonts/Supplemental/NotoSansTirhuta-Regular.ttf : NotoSansTirhuta-Regular already registered in fonts database. Skipping.
2025-10-13 00:07:51,151 INFO /System/Library/Fonts/Supplemental/NotoSansUgaritic-Regular.ttf : NotoSansUgaritic-Regular already registered in fonts database. Skipping.
2025-10-13 00:07:51,159 INFO /System/Library/Fonts/Supplemental/NotoSansUgaritic-Regular.ttf : NotoSansUgaritic-Regular already registered in fonts database. Skipping.
2025-10-13 00:07:51,179 INFO /System/Library/Fonts/Supplemental/NotoSansVai-Regular.ttf : NotoSansVai-Regular already registered in fonts database. Skipping.
2025-10-13 00:07:51,200 INFO /System/Library/Fonts/Supplemental/NotoSansVai-Regular.ttf : NotoSansVai-Regular already registered in fonts database. Skipping.
2025-10-13 00:07:51,209 INFO /System/Library/Fonts/Supplemental/NotoSansWancho-Regular.ttf : NotoSansWancho-Regular already registered in fonts database. Skipping.
2025-10-13 00:07:51,219 INFO /System/Library/Fonts/Supplemental/NotoSansWancho-Regular.ttf : NotoSansWancho-Regular already registered in fonts database. Skipping.
2025-10-13 00:07:51,230 INFO /System/Library/Fonts/Supplemental/NotoSansWarangCiti-Regular.ttf : NotoSansWarangCiti-Regular already registered in fonts database. Skipping.
2025-10-13 00:07:51,240 INFO /System/Library/Fonts/Supplemental/NotoSansWarangCiti-Regular.ttf : NotoSansWarangCiti-Regular already registered in fonts database. Skipping.
2025-10-13 00:07:51,295 INFO /System/Library/Fonts/Supplemental/NotoSansYi-Regular.ttf : NotoSansYi-Regular already registered in fonts database. Skipping.
2025-10-13 00:07:51,348 INFO /System/Library/Fonts/Supplemental/NotoSansYi-Regular.ttf : NotoSansYi-Regular already registered in fonts database. Skipping.
2025-10-13 00:07:51,361 INFO /System/Library/Fonts/Supplemental/NotoSerifAhom-Regular.ttf : NotoSerifAhom-Regular already registered in fonts database. Skipping.
2025-10-13 00:07:51,373 INFO /System/Library/Fonts/Supplemental/NotoSerifAhom-Regular.ttf : NotoSerifAhom-Regular already registered in fonts database. Skipping.
2025-10-13 00:07:51,402 INFO /System/Library/Fonts/Supplemental/NotoSerifBalinese-Regular.ttf : NotoSerifBalinese-Regular already registered in fonts database. Skipping.
2025-10-13 00:07:51,431 INFO /System/Library/Fonts/Supplemental/NotoSerifBalinese-Regular.ttf : NotoSerifBalinese-Regular already registered in fonts database. Skipping.
2025-10-13 00:07:51,440 INFO /System/Library/Fonts/Supplemental/NotoSerifNyiakengPuachueHmong-Regular.ttf : NotoSerifHmongNyiakeng-Regular already registered in fonts database. Skipping.
2025-10-13 00:07:51,448 INFO /System/Library/Fonts/Supplemental/NotoSerifNyiakengPuachueHmong-Regular.ttf : NotoSerifHmongNyiakeng-Regular already registered in fonts database. Skipping.
2025-10-13 00:07:51,551 INFO /System/Library/Fonts/Supplemental/PartyLET-plain.ttf : PartyLetPlain already registered in fonts database. Skipping.
2025-10-13 00:07:51,654 INFO /System/Library/Fonts/Supplemental/PartyLET-plain.ttf : PartyLetPlain already registered in fonts database. Skipping.
2025-10-13 00:07:51,696 INFO /System/Library/Fonts/Supplemental/PlantagenetCherokee.ttf : No FontName. Skipping.
2025-10-13 00:07:51,739 INFO /System/Library/Fonts/Supplemental/PlantagenetCherokee.ttf : No FontName. Skipping.
2025-10-13 00:07:51,778 INFO /System/Library/Fonts/Supplemental/Sathu.ttf : No FontName. Skipping.
2025-10-13 00:07:51,819 INFO /System/Library/Fonts/Supplemental/Sathu.ttf : No FontName. Skipping.
2025-10-13 00:07:51,844 INFO /System/Library/Fonts/Supplemental/Silom.ttf : No FontName. Skipping.
2025-10-13 00:07:51,867 INFO /System/Library/Fonts/Supplemental/Silom.ttf : No FontName. Skipping.
2025-10-13 00:07:51,895 INFO /System/Library/Fonts/Supplemental/Skia.ttf : No FontName. Skipping.
2025-10-13 00:07:51,923 INFO /System/Library/Fonts/Supplemental/Skia.ttf : No FontName. Skipping.
2025-10-13 00:07:52,056 INFO /System/Library/Fonts/Supplemental/STIXTwoText-Italic.ttf : STIXTwoText-Italic already registered in fonts database. Skipping.
2025-10-13 00:07:52,190 INFO /System/Library/Fonts/Supplemental/STIXTwoText-Italic.ttf : STIXTwoText-Italic already registered in fonts database. Skipping.
2025-10-13 00:07:52,308 INFO /System/Library/Fonts/Supplemental/STIXTwoText.ttf : STIXTwoText already registered in fonts database. Skipping.
2025-10-13 00:07:52,426 INFO /System/Library/Fonts/Supplemental/STIXTwoText.ttf : STIXTwoText already registered in fonts database. Skipping.
2025-10-13 00:07:52,518 INFO /System/Library/Fonts/Supplemental/Tahoma Bold.ttf : Tahoma-Bold already registered in fonts database. Skipping.
2025-10-13 00:07:52,611 INFO /System/Library/Fonts/Supplemental/Tahoma Bold.ttf : Tahoma-Bold already registered in fonts database. Skipping.
2025-10-13 00:07:52,712 INFO /System/Library/Fonts/Supplemental/Tahoma.ttf : Tahoma already registered in fonts database. Skipping.
2025-10-13 00:07:52,812 INFO /System/Library/Fonts/Supplemental/Tahoma.ttf : Tahoma already registered in fonts database. Skipping.
2025-10-13 00:07:52,912 INFO /System/Library/Fonts/Supplemental/Times New Roman Bold Italic.ttf : TimesNewRomanPS-BoldItalicMT already registered in fonts database. Skipping.
2025-10-13 00:07:53,013 INFO /System/Library/Fonts/Supplemental/Times New Roman Bold Italic.ttf : TimesNewRomanPS-BoldItalicMT already registered in fonts database. Skipping.
2025-10-13 00:07:53,158 INFO /System/Library/Fonts/Supplemental/Times New Roman Bold.ttf : TimesNewRomanPS-BoldMT already registered in fonts database. Skipping.
2025-10-13 00:07:53,302 INFO /System/Library/Fonts/Supplemental/Times New Roman Bold.ttf : TimesNewRomanPS-BoldMT already registered in fonts database. Skipping.
2025-10-13 00:07:53,407 INFO /System/Library/Fonts/Supplemental/Times New Roman Italic.ttf : TimesNewRomanPS-ItalicMT already registered in fonts database. Skipping.
2025-10-13 00:07:53,512 INFO /System/Library/Fonts/Supplemental/Times New Roman Italic.ttf : TimesNewRomanPS-ItalicMT already registered in fonts database. Skipping.
2025-10-13 00:07:53,666 INFO /System/Library/Fonts/Supplemental/Times New Roman.ttf : TimesNewRomanPSMT already registered in fonts database. Skipping.
2025-10-13 00:07:53,820 INFO /System/Library/Fonts/Supplemental/Times New Roman.ttf : TimesNewRomanPSMT already registered in fonts database. Skipping.
2025-10-13 00:07:55,693 INFO /System/Library/Fonts/Supplemental/Trattatello.ttf : Trattatello already registered in fonts database. Skipping.
2025-10-13 00:07:57,662 INFO /System/Library/Fonts/Supplemental/Trattatello.ttf : Trattatello already registered in fonts database. Skipping.
2025-10-13 00:07:57,678 INFO /System/Library/Fonts/Supplemental/Trebuchet MS Bold Italic.ttf : Trebuchet-BoldItalic already registered in fonts database. Skipping.
2025-10-13 00:07:57,695 INFO /System/Library/Fonts/Supplemental/Trebuchet MS Bold Italic.ttf : Trebuchet-BoldItalic already registered in fonts database. Skipping.
2025-10-13 00:07:57,709 INFO /System/Library/Fonts/Supplemental/Trebuchet MS Bold.ttf : TrebuchetMS-Bold already registered in fonts database. Skipping.
2025-10-13 00:07:57,724 INFO /System/Library/Fonts/Supplemental/Trebuchet MS Bold.ttf : TrebuchetMS-Bold already registered in fonts database. Skipping.
2025-10-13 00:07:57,739 INFO /System/Library/Fonts/Supplemental/Trebuchet MS Italic.ttf : TrebuchetMS-Italic already registered in fonts database. Skipping.
2025-10-13 00:07:57,754 INFO /System/Library/Fonts/Supplemental/Trebuchet MS Italic.ttf : TrebuchetMS-Italic already registered in fonts database. Skipping.
2025-10-13 00:07:57,768 INFO /System/Library/Fonts/Supplemental/Trebuchet MS.ttf : TrebuchetMS already registered in fonts database. Skipping.
2025-10-13 00:07:57,782 INFO /System/Library/Fonts/Supplemental/Trebuchet MS.ttf : TrebuchetMS already registered in fonts database. Skipping.
2025-10-13 00:07:57,804 INFO /System/Library/Fonts/Supplemental/Verdana Bold Italic.ttf : Verdana-BoldItalic already registered in fonts database. Skipping.
2025-10-13 00:07:57,825 INFO /System/Library/Fonts/Supplemental/Verdana Bold Italic.ttf : Verdana-BoldItalic already registered in fonts database. Skipping.
2025-10-13 00:07:57,849 INFO /System/Library/Fonts/Supplemental/Verdana Bold.ttf : Verdana-Bold already registered in fonts database. Skipping.
2025-10-13 00:07:57,874 INFO /System/Library/Fonts/Supplemental/Verdana Bold.ttf : Verdana-Bold already registered in fonts database. Skipping.
2025-10-13 00:07:57,897 INFO /System/Library/Fonts/Supplemental/Verdana Italic.ttf : Verdana-Italic already registered in fonts database. Skipping.
2025-10-13 00:07:57,920 INFO /System/Library/Fonts/Supplemental/Verdana Italic.ttf : Verdana-Italic already registered in fonts database. Skipping.
2025-10-13 00:07:57,945 INFO /System/Library/Fonts/Supplemental/Verdana.ttf : Verdana already registered in fonts database. Skipping.
2025-10-13 00:07:57,970 INFO /System/Library/Fonts/Supplemental/Verdana.ttf : Verdana already registered in fonts database. Skipping.
2025-10-13 00:07:57,999 INFO /System/Library/Fonts/Supplemental/Webdings.ttf : Webdings already registered in fonts database. Skipping.
2025-10-13 00:07:58,028 INFO /System/Library/Fonts/Supplemental/Webdings.ttf : Webdings already registered in fonts database. Skipping.
2025-10-13 00:07:58,041 INFO /System/Library/Fonts/Supplemental/Wingdings 2.ttf : Wingdings2 already registered in fonts database. Skipping.
2025-10-13 00:07:58,054 INFO /System/Library/Fonts/Supplemental/Wingdings 2.ttf : Wingdings2 already registered in fonts database. Skipping.
2025-10-13 00:07:58,061 INFO /System/Library/Fonts/Supplemental/Wingdings 3.ttf : Wingdings3 already registered in fonts database. Skipping.
2025-10-13 00:07:58,069 INFO /System/Library/Fonts/Supplemental/Wingdings 3.ttf : Wingdings3 already registered in fonts database. Skipping.
2025-10-13 00:07:58,082 INFO /System/Library/Fonts/Supplemental/Wingdings.ttf : Wingdings-Regular already registered in fonts database. Skipping.
2025-10-13 00:07:58,097 INFO /System/Library/Fonts/Supplemental/Wingdings.ttf : Wingdings-Regular already registered in fonts database. Skipping.
2025-10-13 00:07:58,473 INFO /System/Library/Fonts/Supplemental/Zapfino.ttf : No FontName. Skipping.
2025-10-13 00:07:58,849 INFO /System/Library/Fonts/Supplemental/Zapfino.ttf : No FontName. Skipping.
2025-10-13 00:07:58,859 INFO /System/Library/Fonts/Symbol.ttf : No FontName. Skipping.
2025-10-13 00:07:58,872 INFO /System/Library/Fonts/ZapfDingbats.ttf : No FontName. Skipping.
2025-10-13 00:07:58,872 INFO Found FontName for 0 fonts.
2025-10-13 00:07:58,872 INFO Scanning afm files in /Library/Frameworks/R.framework/Versions/4.5-arm64/Resources/library/extrafontdb/metrics
2025-10-13 00:07:58,965 INFO .Keyboard already registered with pdfFont().
2025-10-13 00:07:58,965 INFO .New York already registered with pdfFont().
2025-10-13 00:07:58,965 INFO .SF Arabic already registered with pdfFont().
2025-10-13 00:07:58,965 INFO .SF Arabic Rounded already registered with pdfFont().
2025-10-13 00:07:58,965 INFO .SF Armenian already registered with pdfFont().
2025-10-13 00:07:58,965 INFO .SF Armenian Rounded already registered with pdfFont().
2025-10-13 00:07:58,965 INFO .SF Camera already registered with pdfFont().
2025-10-13 00:07:58,965 INFO .SF Compact already registered with pdfFont().
2025-10-13 00:07:58,965 INFO .SF Compact Rounded already registered with pdfFont().
2025-10-13 00:07:58,965 INFO .SF Georgian already registered with pdfFont().
2025-10-13 00:07:58,965 INFO .SF Georgian Rounded already registered with pdfFont().
2025-10-13 00:07:58,965 INFO .SF Hebrew already registered with pdfFont().
2025-10-13 00:07:58,965 INFO .SF Hebrew Rounded already registered with pdfFont().
2025-10-13 00:07:58,965 INFO .SF NS Mono already registered with pdfFont().
2025-10-13 00:07:58,965 INFO .SF NS Rounded already registered with pdfFont().
2025-10-13 00:07:58,965 INFO Academy Engraved LET already registered with pdfFont().
2025-10-13 00:07:58,965 INFO Andale Mono already registered with pdfFont().
2025-10-13 00:07:58,965 INFO More than one version of regular/bold/italic found for Apple Braille. Skipping setup for this font.
2025-10-13 00:07:58,965 INFO AppleMyungjo already registered with pdfFont().
2025-10-13 00:07:58,965 INFO Arial already registered with pdfFont().
2025-10-13 00:07:58,965 INFO Arial Black already registered with pdfFont().
2025-10-13 00:07:58,965 INFO Arial Narrow already registered with pdfFont().
2025-10-13 00:07:58,965 INFO Arial Rounded MT Bold already registered with pdfFont().
2025-10-13 00:07:58,965 INFO Arial Unicode MS already registered with pdfFont().
2025-10-13 00:07:58,965 INFO Bodoni 72 Smallcaps already registered with pdfFont().
2025-10-13 00:07:58,965 INFO Bodoni Ornaments already registered with pdfFont().
2025-10-13 00:07:58,965 INFO No regular (non-bold, non-italic) version of Brush Script MT. Skipping setup for this font.
2025-10-13 00:07:58,965 INFO Comic Sans MS already registered with pdfFont().
2025-10-13 00:07:58,965 INFO Courier New already registered with pdfFont().
2025-10-13 00:07:58,965 INFO No regular (non-bold, non-italic) version of DIN Alternate. Skipping setup for this font.
2025-10-13 00:07:58,965 INFO No regular (non-bold, non-italic) version of DIN Condensed. Skipping setup for this font.
2025-10-13 00:07:58,965 INFO Georgia already registered with pdfFont().
2025-10-13 00:07:58,965 INFO Impact already registered with pdfFont().
2025-10-13 00:07:58,965 INFO Khmer Sangam MN already registered with pdfFont().
2025-10-13 00:07:58,965 INFO Lao Sangam MN already registered with pdfFont().
2025-10-13 00:07:58,966 INFO Luminari already registered with pdfFont().
2025-10-13 00:07:58,966 INFO Microsoft Sans Serif already registered with pdfFont().
2025-10-13 00:07:58,966 INFO Noto Sans Adlam already registered with pdfFont().
2025-10-13 00:07:58,966 INFO Noto Sans Avestan already registered with pdfFont().
2025-10-13 00:07:58,966 INFO Noto Sans Bamum already registered with pdfFont().
2025-10-13 00:07:58,966 INFO Noto Sans Bassa Vah already registered with pdfFont().
2025-10-13 00:07:58,966 INFO Noto Sans Batak already registered with pdfFont().
2025-10-13 00:07:58,966 INFO Noto Sans Bhaiksuki already registered with pdfFont().
2025-10-13 00:07:58,966 INFO Noto Sans Brahmi already registered with pdfFont().
2025-10-13 00:07:58,966 INFO Noto Sans Buginese already registered with pdfFont().
2025-10-13 00:07:58,966 INFO Noto Sans Buhid already registered with pdfFont().
2025-10-13 00:07:58,966 INFO Noto Sans Carian already registered with pdfFont().
2025-10-13 00:07:58,966 INFO Noto Sans CaucAlban already registered with pdfFont().
2025-10-13 00:07:58,966 INFO Noto Sans Chakma already registered with pdfFont().
2025-10-13 00:07:58,966 INFO Noto Sans Cham already registered with pdfFont().
2025-10-13 00:07:58,966 INFO Noto Sans Coptic already registered with pdfFont().
2025-10-13 00:07:58,966 INFO Noto Sans Cuneiform already registered with pdfFont().
2025-10-13 00:07:58,966 INFO Noto Sans Cypriot already registered with pdfFont().
2025-10-13 00:07:58,966 INFO Noto Sans Duployan already registered with pdfFont().
2025-10-13 00:07:58,966 INFO Noto Sans EgyptHiero already registered with pdfFont().
2025-10-13 00:07:58,966 INFO Noto Sans Elbasan already registered with pdfFont().
2025-10-13 00:07:58,966 INFO Noto Sans Glagolitic already registered with pdfFont().
2025-10-13 00:07:58,966 INFO Noto Sans Gothic already registered with pdfFont().
2025-10-13 00:07:58,966 INFO Noto Sans HanifiRohg already registered with pdfFont().
2025-10-13 00:07:58,966 INFO Noto Sans Hanunoo already registered with pdfFont().
2025-10-13 00:07:58,966 INFO Noto Sans Hatran already registered with pdfFont().
2025-10-13 00:07:58,966 INFO Noto Sans ImpAramaic already registered with pdfFont().
2025-10-13 00:07:58,966 INFO Noto Sans InsPahlavi already registered with pdfFont().
2025-10-13 00:07:58,966 INFO Noto Sans InsParthi already registered with pdfFont().
2025-10-13 00:07:58,966 INFO Noto Sans Kaithi already registered with pdfFont().
2025-10-13 00:07:58,966 INFO Noto Sans Kayah Li already registered with pdfFont().
2025-10-13 00:07:58,966 INFO Noto Sans Kharoshthi already registered with pdfFont().
2025-10-13 00:07:58,966 INFO Noto Sans Khojki already registered with pdfFont().
2025-10-13 00:07:58,966 INFO Noto Sans Khudawadi already registered with pdfFont().
2025-10-13 00:07:58,966 INFO Noto Sans Lepcha already registered with pdfFont().
2025-10-13 00:07:58,966 INFO Noto Sans Limbu already registered with pdfFont().
2025-10-13 00:07:58,966 INFO Noto Sans Linear A already registered with pdfFont().
2025-10-13 00:07:58,966 INFO Noto Sans Linear B already registered with pdfFont().
2025-10-13 00:07:58,966 INFO Noto Sans Lisu already registered with pdfFont().
2025-10-13 00:07:58,966 INFO Noto Sans Lycian already registered with pdfFont().
2025-10-13 00:07:58,966 INFO Noto Sans Lydian already registered with pdfFont().
2025-10-13 00:07:58,966 INFO Noto Sans Mahajani already registered with pdfFont().
2025-10-13 00:07:58,967 INFO Noto Sans Mandaic already registered with pdfFont().
2025-10-13 00:07:58,967 INFO Noto Sans Manichaean already registered with pdfFont().
2025-10-13 00:07:58,967 INFO Noto Sans Marchen already registered with pdfFont().
2025-10-13 00:07:58,967 INFO Noto Sans MeeteiMayek already registered with pdfFont().
2025-10-13 00:07:58,967 INFO Noto Sans Mende Kikakui already registered with pdfFont().
2025-10-13 00:07:58,967 INFO Noto Sans Meroitic already registered with pdfFont().
2025-10-13 00:07:58,967 INFO Noto Sans Miao already registered with pdfFont().
2025-10-13 00:07:58,967 INFO Noto Sans Modi already registered with pdfFont().
2025-10-13 00:07:58,967 INFO Noto Sans Mongolian already registered with pdfFont().
2025-10-13 00:07:58,967 INFO Noto Sans Mro already registered with pdfFont().
2025-10-13 00:07:58,967 INFO Noto Sans Multani already registered with pdfFont().
2025-10-13 00:07:58,967 INFO Noto Sans Nabataean already registered with pdfFont().
2025-10-13 00:07:58,967 INFO Noto Sans Newa already registered with pdfFont().
2025-10-13 00:07:58,967 INFO Noto Sans NewTaiLue already registered with pdfFont().
2025-10-13 00:07:58,967 INFO Noto Sans NKo already registered with pdfFont().
2025-10-13 00:07:58,967 INFO Noto Sans Ol Chiki already registered with pdfFont().
2025-10-13 00:07:58,967 INFO No regular (non-bold, non-italic) version of Noto Sans Old Italic. Skipping setup for this font.
2025-10-13 00:07:58,967 INFO Noto Sans Old Permic already registered with pdfFont().
2025-10-13 00:07:58,967 INFO Noto Sans Old Turkic already registered with pdfFont().
2025-10-13 00:07:58,967 INFO Noto Sans OldHung already registered with pdfFont().
2025-10-13 00:07:58,967 INFO Noto Sans OldNorArab already registered with pdfFont().
2025-10-13 00:07:58,967 INFO Noto Sans OldPersian already registered with pdfFont().
2025-10-13 00:07:58,967 INFO Noto Sans OldSouArab already registered with pdfFont().
2025-10-13 00:07:58,967 INFO Noto Sans Osage already registered with pdfFont().
2025-10-13 00:07:58,967 INFO Noto Sans Osmanya already registered with pdfFont().
2025-10-13 00:07:58,967 INFO Noto Sans Pahawh Hmong already registered with pdfFont().
2025-10-13 00:07:58,967 INFO Noto Sans Palmyrene already registered with pdfFont().
2025-10-13 00:07:58,967 INFO Noto Sans PauCinHau already registered with pdfFont().
2025-10-13 00:07:58,967 INFO Noto Sans PhagsPa already registered with pdfFont().
2025-10-13 00:07:58,968 INFO Noto Sans Phoenician already registered with pdfFont().
2025-10-13 00:07:58,968 INFO Noto Sans PsaPahlavi already registered with pdfFont().
2025-10-13 00:07:58,968 INFO Noto Sans Rejang already registered with pdfFont().
2025-10-13 00:07:58,968 INFO Noto Sans Samaritan already registered with pdfFont().
2025-10-13 00:07:58,968 INFO Noto Sans Saurashtra already registered with pdfFont().
2025-10-13 00:07:58,968 INFO Noto Sans Sharada already registered with pdfFont().
2025-10-13 00:07:58,968 INFO Noto Sans SoraSomp already registered with pdfFont().
2025-10-13 00:07:58,968 INFO Noto Sans Sundanese already registered with pdfFont().
2025-10-13 00:07:58,968 INFO Noto Sans Syloti Nagri already registered with pdfFont().
2025-10-13 00:07:58,968 INFO Noto Sans Syriac already registered with pdfFont().
2025-10-13 00:07:58,968 INFO Noto Sans Tagalog already registered with pdfFont().
2025-10-13 00:07:58,968 INFO Noto Sans Tagbanwa already registered with pdfFont().
2025-10-13 00:07:58,968 INFO Noto Sans Tai Le already registered with pdfFont().
2025-10-13 00:07:58,968 INFO Noto Sans Tai Tham already registered with pdfFont().
2025-10-13 00:07:58,968 INFO Noto Sans Tai Viet already registered with pdfFont().
2025-10-13 00:07:58,968 INFO Noto Sans Takri already registered with pdfFont().
2025-10-13 00:07:58,968 INFO Noto Sans Thaana already registered with pdfFont().
2025-10-13 00:07:58,968 INFO Noto Sans Tirhuta already registered with pdfFont().
2025-10-13 00:07:58,968 INFO Noto Sans Ugaritic already registered with pdfFont().
2025-10-13 00:07:58,968 INFO Noto Sans Vai already registered with pdfFont().
2025-10-13 00:07:58,968 INFO Noto Sans Wancho already registered with pdfFont().
2025-10-13 00:07:58,968 INFO Noto Sans WarangCiti already registered with pdfFont().
2025-10-13 00:07:58,968 INFO Noto Sans Yi already registered with pdfFont().
2025-10-13 00:07:58,968 INFO Noto Serif Ahom already registered with pdfFont().
2025-10-13 00:07:58,968 INFO Noto Serif Balinese already registered with pdfFont().
2025-10-13 00:07:58,968 INFO Noto Serif Hmong Nyiakeng already registered with pdfFont().
2025-10-13 00:07:58,968 INFO Party LET already registered with pdfFont().
2025-10-13 00:07:58,968 INFO STIX Two Text already registered with pdfFont().
2025-10-13 00:07:58,968 INFO System Font already registered with pdfFont().
2025-10-13 00:07:58,968 INFO Tahoma already registered with pdfFont().
2025-10-13 00:07:58,968 INFO Times New Roman already registered with pdfFont().
2025-10-13 00:07:58,968 INFO Trattatello already registered with pdfFont().
2025-10-13 00:07:58,968 INFO Trebuchet MS already registered with pdfFont().
2025-10-13 00:07:58,968 INFO Verdana already registered with pdfFont().
2025-10-13 00:07:58,969 INFO Webdings already registered with pdfFont().
2025-10-13 00:07:58,969 INFO Wingdings already registered with pdfFont().
2025-10-13 00:07:58,969 INFO Wingdings 2 already registered with pdfFont().
2025-10-13 00:07:58,969 INFO Wingdings 3 already registered with pdfFont().
2025-10-13 00:07:58,973 INFO .Keyboard already registered with postscriptFont().
2025-10-13 00:07:58,973 INFO .New York already registered with postscriptFont().
2025-10-13 00:07:58,973 INFO .SF Arabic already registered with postscriptFont().
2025-10-13 00:07:58,973 INFO .SF Arabic Rounded already registered with postscriptFont().
2025-10-13 00:07:58,973 INFO .SF Armenian already registered with postscriptFont().
2025-10-13 00:07:58,973 INFO .SF Armenian Rounded already registered with postscriptFont().
2025-10-13 00:07:58,973 INFO .SF Camera already registered with postscriptFont().
2025-10-13 00:07:58,973 INFO .SF Compact already registered with postscriptFont().
2025-10-13 00:07:58,973 INFO .SF Compact Rounded already registered with postscriptFont().
2025-10-13 00:07:58,973 INFO .SF Georgian already registered with postscriptFont().
2025-10-13 00:07:58,973 INFO .SF Georgian Rounded already registered with postscriptFont().
2025-10-13 00:07:58,973 INFO .SF Hebrew already registered with postscriptFont().
2025-10-13 00:07:58,973 INFO .SF Hebrew Rounded already registered with postscriptFont().
2025-10-13 00:07:58,973 INFO .SF NS Mono already registered with postscriptFont().
2025-10-13 00:07:58,973 INFO .SF NS Rounded already registered with postscriptFont().
2025-10-13 00:07:58,973 INFO Academy Engraved LET already registered with postscriptFont().
2025-10-13 00:07:58,973 INFO Andale Mono already registered with postscriptFont().
2025-10-13 00:07:58,973 INFO More than one version of regular/bold/italic found for Apple Braille. Skipping setup for this font.
2025-10-13 00:07:58,973 INFO AppleMyungjo already registered with postscriptFont().
2025-10-13 00:07:58,973 INFO Arial already registered with postscriptFont().
2025-10-13 00:07:58,973 INFO Arial Black already registered with postscriptFont().
2025-10-13 00:07:58,973 INFO Arial Narrow already registered with postscriptFont().
2025-10-13 00:07:58,974 INFO Arial Rounded MT Bold already registered with postscriptFont().
2025-10-13 00:07:58,974 INFO Arial Unicode MS already registered with postscriptFont().
2025-10-13 00:07:58,974 INFO Bodoni 72 Smallcaps already registered with postscriptFont().
2025-10-13 00:07:58,974 INFO Bodoni Ornaments already registered with postscriptFont().
2025-10-13 00:07:58,974 INFO No regular (non-bold, non-italic) version of Brush Script MT. Skipping setup for this font.
2025-10-13 00:07:58,974 INFO Comic Sans MS already registered with postscriptFont().
2025-10-13 00:07:58,974 INFO Courier New already registered with postscriptFont().
2025-10-13 00:07:58,974 INFO No regular (non-bold, non-italic) version of DIN Alternate. Skipping setup for this font.
2025-10-13 00:07:58,974 INFO No regular (non-bold, non-italic) version of DIN Condensed. Skipping setup for this font.
2025-10-13 00:07:58,974 INFO Georgia already registered with postscriptFont().
2025-10-13 00:07:58,974 INFO Impact already registered with postscriptFont().
2025-10-13 00:07:58,974 INFO Khmer Sangam MN already registered with postscriptFont().
2025-10-13 00:07:58,974 INFO Lao Sangam MN already registered with postscriptFont().
2025-10-13 00:07:58,974 INFO Luminari already registered with postscriptFont().
2025-10-13 00:07:58,974 INFO Microsoft Sans Serif already registered with postscriptFont().
2025-10-13 00:07:58,974 INFO Noto Sans Adlam already registered with postscriptFont().
2025-10-13 00:07:58,974 INFO Noto Sans Avestan already registered with postscriptFont().
2025-10-13 00:07:58,974 INFO Noto Sans Bamum already registered with postscriptFont().
2025-10-13 00:07:58,974 INFO Noto Sans Bassa Vah already registered with postscriptFont().
2025-10-13 00:07:58,974 INFO Noto Sans Batak already registered with postscriptFont().
2025-10-13 00:07:58,974 INFO Noto Sans Bhaiksuki already registered with postscriptFont().
2025-10-13 00:07:58,974 INFO Noto Sans Brahmi already registered with postscriptFont().
2025-10-13 00:07:58,974 INFO Noto Sans Buginese already registered with postscriptFont().
2025-10-13 00:07:58,974 INFO Noto Sans Buhid already registered with postscriptFont().
2025-10-13 00:07:58,974 INFO Noto Sans Carian already registered with postscriptFont().
2025-10-13 00:07:58,974 INFO Noto Sans CaucAlban already registered with postscriptFont().
2025-10-13 00:07:58,974 INFO Noto Sans Chakma already registered with postscriptFont().
2025-10-13 00:07:58,974 INFO Noto Sans Cham already registered with postscriptFont().
2025-10-13 00:07:58,974 INFO Noto Sans Coptic already registered with postscriptFont().
2025-10-13 00:07:58,974 INFO Noto Sans Cuneiform already registered with postscriptFont().
2025-10-13 00:07:58,974 INFO Noto Sans Cypriot already registered with postscriptFont().
2025-10-13 00:07:58,974 INFO Noto Sans Duployan already registered with postscriptFont().
2025-10-13 00:07:58,974 INFO Noto Sans EgyptHiero already registered with postscriptFont().
2025-10-13 00:07:58,974 INFO Noto Sans Elbasan already registered with postscriptFont().
2025-10-13 00:07:58,974 INFO Noto Sans Glagolitic already registered with postscriptFont().
2025-10-13 00:07:58,974 INFO Noto Sans Gothic already registered with postscriptFont().
2025-10-13 00:07:58,974 INFO Noto Sans HanifiRohg already registered with postscriptFont().
2025-10-13 00:07:58,974 INFO Noto Sans Hanunoo already registered with postscriptFont().
2025-10-13 00:07:58,974 INFO Noto Sans Hatran already registered with postscriptFont().
2025-10-13 00:07:58,975 INFO Noto Sans ImpAramaic already registered with postscriptFont().
2025-10-13 00:07:58,975 INFO Noto Sans InsPahlavi already registered with postscriptFont().
2025-10-13 00:07:58,975 INFO Noto Sans InsParthi already registered with postscriptFont().
2025-10-13 00:07:58,975 INFO Noto Sans Kaithi already registered with postscriptFont().
2025-10-13 00:07:58,975 INFO Noto Sans Kayah Li already registered with postscriptFont().
2025-10-13 00:07:58,975 INFO Noto Sans Kharoshthi already registered with postscriptFont().
2025-10-13 00:07:58,975 INFO Noto Sans Khojki already registered with postscriptFont().
2025-10-13 00:07:58,975 INFO Noto Sans Khudawadi already registered with postscriptFont().
2025-10-13 00:07:58,975 INFO Noto Sans Lepcha already registered with postscriptFont().
2025-10-13 00:07:58,975 INFO Noto Sans Limbu already registered with postscriptFont().
2025-10-13 00:07:58,975 INFO Noto Sans Linear A already registered with postscriptFont().
2025-10-13 00:07:58,975 INFO Noto Sans Linear B already registered with postscriptFont().
2025-10-13 00:07:58,975 INFO Noto Sans Lisu already registered with postscriptFont().
2025-10-13 00:07:58,975 INFO Noto Sans Lycian already registered with postscriptFont().
2025-10-13 00:07:58,975 INFO Noto Sans Lydian already registered with postscriptFont().
2025-10-13 00:07:58,975 INFO Noto Sans Mahajani already registered with postscriptFont().
2025-10-13 00:07:58,975 INFO Noto Sans Mandaic already registered with postscriptFont().
2025-10-13 00:07:58,975 INFO Noto Sans Manichaean already registered with postscriptFont().
2025-10-13 00:07:58,975 INFO Noto Sans Marchen already registered with postscriptFont().
2025-10-13 00:07:58,975 INFO Noto Sans MeeteiMayek already registered with postscriptFont().
2025-10-13 00:07:58,975 INFO Noto Sans Mende Kikakui already registered with postscriptFont().
2025-10-13 00:07:58,975 INFO Noto Sans Meroitic already registered with postscriptFont().
2025-10-13 00:07:58,975 INFO Noto Sans Miao already registered with postscriptFont().
2025-10-13 00:07:58,975 INFO Noto Sans Modi already registered with postscriptFont().
2025-10-13 00:07:58,975 INFO Noto Sans Mongolian already registered with postscriptFont().
2025-10-13 00:07:58,975 INFO Noto Sans Mro already registered with postscriptFont().
2025-10-13 00:07:58,975 INFO Noto Sans Multani already registered with postscriptFont().
2025-10-13 00:07:58,975 INFO Noto Sans Nabataean already registered with postscriptFont().
2025-10-13 00:07:58,975 INFO Noto Sans Newa already registered with postscriptFont().
2025-10-13 00:07:58,975 INFO Noto Sans NewTaiLue already registered with postscriptFont().
2025-10-13 00:07:58,975 INFO Noto Sans NKo already registered with postscriptFont().
2025-10-13 00:07:58,975 INFO Noto Sans Ol Chiki already registered with postscriptFont().
2025-10-13 00:07:58,975 INFO No regular (non-bold, non-italic) version of Noto Sans Old Italic. Skipping setup for this font.
2025-10-13 00:07:58,975 INFO Noto Sans Old Permic already registered with postscriptFont().
2025-10-13 00:07:58,975 INFO Noto Sans Old Turkic already registered with postscriptFont().
2025-10-13 00:07:58,976 INFO Noto Sans OldHung already registered with postscriptFont().
2025-10-13 00:07:58,976 INFO Noto Sans OldNorArab already registered with postscriptFont().
2025-10-13 00:07:58,976 INFO Noto Sans OldPersian already registered with postscriptFont().
2025-10-13 00:07:58,976 INFO Noto Sans OldSouArab already registered with postscriptFont().
2025-10-13 00:07:58,976 INFO Noto Sans Osage already registered with postscriptFont().
2025-10-13 00:07:58,976 INFO Noto Sans Osmanya already registered with postscriptFont().
2025-10-13 00:07:58,976 INFO Noto Sans Pahawh Hmong already registered with postscriptFont().
2025-10-13 00:07:58,976 INFO Noto Sans Palmyrene already registered with postscriptFont().
2025-10-13 00:07:58,976 INFO Noto Sans PauCinHau already registered with postscriptFont().
2025-10-13 00:07:58,976 INFO Noto Sans PhagsPa already registered with postscriptFont().
2025-10-13 00:07:58,976 INFO Noto Sans Phoenician already registered with postscriptFont().
2025-10-13 00:07:58,976 INFO Noto Sans PsaPahlavi already registered with postscriptFont().
2025-10-13 00:07:58,976 INFO Noto Sans Rejang already registered with postscriptFont().
2025-10-13 00:07:58,976 INFO Noto Sans Samaritan already registered with postscriptFont().
2025-10-13 00:07:58,976 INFO Noto Sans Saurashtra already registered with postscriptFont().
2025-10-13 00:07:58,976 INFO Noto Sans Sharada already registered with postscriptFont().
2025-10-13 00:07:58,976 INFO Noto Sans SoraSomp already registered with postscriptFont().
2025-10-13 00:07:58,976 INFO Noto Sans Sundanese already registered with postscriptFont().
2025-10-13 00:07:58,976 INFO Noto Sans Syloti Nagri already registered with postscriptFont().
2025-10-13 00:07:58,976 INFO Noto Sans Syriac already registered with postscriptFont().
2025-10-13 00:07:58,976 INFO Noto Sans Tagalog already registered with postscriptFont().
2025-10-13 00:07:58,976 INFO Noto Sans Tagbanwa already registered with postscriptFont().
2025-10-13 00:07:58,976 INFO Noto Sans Tai Le already registered with postscriptFont().
2025-10-13 00:07:58,976 INFO Noto Sans Tai Tham already registered with postscriptFont().
2025-10-13 00:07:58,976 INFO Noto Sans Tai Viet already registered with postscriptFont().
2025-10-13 00:07:58,976 INFO Noto Sans Takri already registered with postscriptFont().
2025-10-13 00:07:58,976 INFO Noto Sans Thaana already registered with postscriptFont().
2025-10-13 00:07:58,976 INFO Noto Sans Tirhuta already registered with postscriptFont().
2025-10-13 00:07:58,976 INFO Noto Sans Ugaritic already registered with postscriptFont().
2025-10-13 00:07:58,976 INFO Noto Sans Vai already registered with postscriptFont().
2025-10-13 00:07:58,976 INFO Noto Sans Wancho already registered with postscriptFont().
2025-10-13 00:07:58,976 INFO Noto Sans WarangCiti already registered with postscriptFont().
2025-10-13 00:07:58,976 INFO Noto Sans Yi already registered with postscriptFont().
2025-10-13 00:07:58,977 INFO Noto Serif Ahom already registered with postscriptFont().
2025-10-13 00:07:58,977 INFO Noto Serif Balinese already registered with postscriptFont().
2025-10-13 00:07:58,977 INFO Noto Serif Hmong Nyiakeng already registered with postscriptFont().
2025-10-13 00:07:58,977 INFO Party LET already registered with postscriptFont().
2025-10-13 00:07:58,977 INFO STIX Two Text already registered with postscriptFont().
2025-10-13 00:07:58,977 INFO System Font already registered with postscriptFont().
2025-10-13 00:07:58,977 INFO Tahoma already registered with postscriptFont().
2025-10-13 00:07:58,977 INFO Times New Roman already registered with postscriptFont().
2025-10-13 00:07:58,977 INFO Trattatello already registered with postscriptFont().
2025-10-13 00:07:58,977 INFO Trebuchet MS already registered with postscriptFont().
2025-10-13 00:07:58,977 INFO Verdana already registered with postscriptFont().
2025-10-13 00:07:58,977 INFO Webdings already registered with postscriptFont().
2025-10-13 00:07:58,977 INFO Wingdings already registered with postscriptFont().
2025-10-13 00:07:58,977 INFO Wingdings 2 already registered with postscriptFont().
2025-10-13 00:07:58,977 INFO Wingdings 3 already registered with postscriptFont().
2025-10-13 00:08:01,399 INFO Error in `left_join()`:
2025-10-13 00:08:01,400 INFO ! Join columns in `y` must be present in the data.
2025-10-13 00:08:01,400 INFO ✖ Problem with `playerId`.
2025-10-13 00:08:01,400 INFO Backtrace:
2025-10-13 00:08:01,400 INFO      ▆
2025-10-13 00:08:01,400 INFO   1. ├─base::source("raw_data_cleaning.R")
2025-10-13 00:08:01,400 INFO   2. │ ├─base::withVisible(eval(ei, envir))
2025-10-13 00:08:01,400 INFO   3. │ └─base::eval(ei, envir)
2025-10-13 00:08:01,400 INFO   4. │   └─base::eval(ei, envir)
2025-10-13 00:08:01,400 INFO   5. ├─dplyr::summarize(...)
2025-10-13 00:08:01,400 INFO   6. ├─dplyr::group_by(...)
2025-10-13 00:08:01,400 INFO   7. ├─dplyr::filter(...)
2025-10-13 00:08:01,400 INFO   8. ├─dplyr::filter(...)
2025-10-13 00:08:01,400 INFO   9. ├─base::unique(...)
2025-10-13 00:08:01,400 INFO  10. ├─dplyr::select(...)
2025-10-13 00:08:01,400 INFO  11. ├─dplyr::ungroup(...)
2025-10-13 00:08:01,400 INFO  12. ├─dplyr::mutate(...)
2025-10-13 00:08:01,400 INFO  13. ├─dplyr::group_by(...)
2025-10-13 00:08:01,400 INFO  14. ├─dplyr::filter(...)
2025-10-13 00:08:01,400 INFO  15. ├─dplyr::mutate(...)
2025-10-13 00:08:01,400 INFO  16. ├─dplyr::filter(...)
2025-10-13 00:08:01,400 INFO  17. ├─dplyr::left_join(...)
2025-10-13 00:08:01,400 INFO  18. └─dplyr:::left_join.data.frame(...)
2025-10-13 00:08:01,400 INFO  19.   └─dplyr:::join_mutate(...)
2025-10-13 00:08:01,400 INFO  20.     └─dplyr:::join_cols(...)
2025-10-13 00:08:01,401 INFO  21.       └─dplyr:::check_join_vars(by$y, y_names, by$condition, "y", error_call = error_call)
2025-10-13 00:08:01,401 INFO  22.         └─rlang::abort(bullets, call = error_call)
2025-10-13 00:08:01,407 INFO There were 11 warnings (use warnings() to see them)
2025-10-13 00:08:01,407 INFO Execution halted
2025-10-13 00:08:01,449 ERROR Error during group_advantage.raw_data_cleaning after 47.602 sec
Traceback (most recent call last):
  File "/Users/xehu/Desktop/task-mapping/analysis/run_master.py", line 414, in time_callable
    res = func()
  File "/Users/xehu/Desktop/task-mapping/analysis/run_master.py", line 552, in <lambda>
    results.append(time_callable('group_advantage.raw_data_cleaning', lambda: run_r_script(r_script_clean)))
                                                                              ~~~~~~~~~~~~^^^^^^^^^^^^^^^^
  File "/Users/xehu/Desktop/task-mapping/analysis/run_master.py", line 355, in run_r_script
    raise RuntimeError(f'R script failed (exit {rc}): {r_path}')
RuntimeError: R script failed (exit 1): /Users/xehu/Desktop/task-mapping/analysis/analysis_group_advantage/raw_data_cleaning.R
