2025-10-13 00:18:37,269 INFO Starting analysis master script
2025-10-13 00:18:37,270 INFO Running group_advantage pipeline
2025-10-13 00:18:37,270 INFO Timing: group_advantage.raw_data_cleaning
2025-10-13 00:18:37,270 INFO Running R script /Users/xehu/Desktop/task-mapping/analysis/analysis_group_advantage/raw_data_cleaning.R
2025-10-13 00:18:37,271 INFO Running command: /usr/local/bin/Rscript -e set.seed(as.integer(Sys.getenv('ANALYSIS_SEED', '19104'))); source('raw_data_cleaning.R') (cwd=/Users/xehu/Desktop/task-mapping/analysis/analysis_group_advantage)
2025-10-13 00:18:37,388 INFO 
2025-10-13 00:18:37,388 INFO Attaching package: ‘pls’
2025-10-13 00:18:37,388 INFO 
2025-10-13 00:18:37,388 INFO The following object is masked from ‘package:stats’:
2025-10-13 00:18:37,388 INFO 
2025-10-13 00:18:37,388 INFO     loadings
2025-10-13 00:18:37,388 INFO 
2025-10-13 00:18:37,393 INFO randomForest 4.7-1.2
2025-10-13 00:18:37,393 INFO Type rfNews() to see new features/changes/bug fixes.
2025-10-13 00:18:37,772 INFO Loading required package: ggplot2
2025-10-13 00:18:37,989 INFO 
2025-10-13 00:18:37,989 INFO Attaching package: ‘ggplot2’
2025-10-13 00:18:37,989 INFO 
2025-10-13 00:18:37,989 INFO The following object is masked from ‘package:randomForest’:
2025-10-13 00:18:37,989 INFO 
2025-10-13 00:18:37,989 INFO     margin
2025-10-13 00:18:37,989 INFO 
2025-10-13 00:18:37,989 INFO Loading required package: lattice
2025-10-13 00:18:38,267 INFO 
2025-10-13 00:18:38,267 INFO Attaching package: ‘caret’
2025-10-13 00:18:38,267 INFO 
2025-10-13 00:18:38,267 INFO The following object is masked from ‘package:pls’:
2025-10-13 00:18:38,267 INFO 
2025-10-13 00:18:38,267 INFO     R2
2025-10-13 00:18:38,267 INFO 
2025-10-13 00:18:38,267 INFO Loading required package: foreach
2025-10-13 00:18:38,270 INFO Loading required package: iterators
2025-10-13 00:18:38,272 INFO Loading required package: parallel
2025-10-13 00:18:38,381 INFO Registering fonts with R
2025-10-13 00:18:38,430 INFO 
2025-10-13 00:18:38,430 INFO Please cite as:
2025-10-13 00:18:38,430 INFO 
2025-10-13 00:18:38,430 INFO  Hlavac, Marek (2022). stargazer: Well-Formatted Regression and Summary Statistics Tables.
2025-10-13 00:18:38,430 INFO  R package version 5.2.3. https://CRAN.R-project.org/package=stargazer
2025-10-13 00:18:38,430 INFO 
2025-10-13 00:18:38,481 INFO ── Attaching core tidyverse packages ──────────────────────── tidyverse 2.0.0 ──
2025-10-13 00:18:38,481 INFO ✔ dplyr     1.1.4     ✔ readr     2.1.5
2025-10-13 00:18:38,481 INFO ✔ forcats   1.0.1     ✔ stringr   1.5.2
2025-10-13 00:18:38,481 INFO ✔ lubridate 1.9.4     ✔ tibble    3.3.0
2025-10-13 00:18:38,481 INFO ✔ purrr     1.1.0     ✔ tidyr     1.3.1
2025-10-13 00:18:38,514 INFO ── Conflicts ────────────────────────────────────────── tidyverse_conflicts() ──
2025-10-13 00:18:38,514 INFO ✖ purrr::accumulate() masks foreach::accumulate()
2025-10-13 00:18:38,514 INFO ✖ dplyr::combine()    masks randomForest::combine()
2025-10-13 00:18:38,514 INFO ✖ dplyr::filter()     masks stats::filter()
2025-10-13 00:18:38,514 INFO ✖ purrr::flatten()    masks jsonlite::flatten()
2025-10-13 00:18:38,514 INFO ✖ dplyr::lag()        masks stats::lag()
2025-10-13 00:18:38,514 INFO ✖ purrr::lift()       masks caret::lift()
2025-10-13 00:18:38,514 INFO ✖ ggplot2::margin()   masks randomForest::margin()
2025-10-13 00:18:38,514 INFO ✖ dplyr::slice()      masks xgboost::slice()
2025-10-13 00:18:38,514 INFO ✖ purrr::when()       masks foreach::when()
2025-10-13 00:18:38,514 INFO ℹ Use the conflicted package (<http://conflicted.r-lib.org/>) to force all conflicts to become errors
2025-10-13 00:18:38,526 INFO Scanning ttf files in /Library/Fonts/, /System/Library/Fonts, /System/Library/Fonts/Supplemental, ~/Library/Fonts/ ...
2025-10-13 00:18:38,526 INFO Extracting .afm files from .ttf files...
2025-10-13 00:18:41,127 INFO /System/Library/Fonts/Supplemental/Arial Unicode.ttf : ArialUnicodeMS already registered in fonts database. Skipping.
2025-10-13 00:18:41,207 INFO /System/Library/Fonts/Apple Braille Outline 6 Dot.ttf : AppleBraille-Outline6Dot already registered in fonts database. Skipping.
2025-10-13 00:18:41,292 INFO /System/Library/Fonts/Apple Braille Outline 8 Dot.ttf : AppleBraille-Outline8Dot already registered in fonts database. Skipping.
2025-10-13 00:18:41,345 INFO /System/Library/Fonts/Apple Braille Pinpoint 6 Dot.ttf : AppleBraille-Pinpoint6Dot already registered in fonts database. Skipping.
2025-10-13 00:18:41,399 INFO /System/Library/Fonts/Apple Braille Pinpoint 8 Dot.ttf : AppleBraille-Pinpoint8Dot already registered in fonts database. Skipping.
2025-10-13 00:18:41,434 INFO /System/Library/Fonts/Apple Braille.ttf : AppleBraille already registered in fonts database. Skipping.
2025-10-13 00:18:41,458 INFO /System/Library/Fonts/Apple Symbols.ttf : No FontName. Skipping.
2025-10-13 00:18:41,479 INFO /System/Library/Fonts/Geneva.ttf : No FontName. Skipping.
2025-10-13 00:18:41,494 INFO /System/Library/Fonts/Keyboard.ttf : -Keyboard already registered in fonts database. Skipping.
2025-10-13 00:18:41,545 INFO /System/Library/Fonts/Monaco.ttf : No FontName. Skipping.
2025-10-13 00:18:41,634 INFO /System/Library/Fonts/NewYork.ttf : -NewYork-Regular already registered in fonts database. Skipping.
2025-10-13 00:18:41,712 INFO /System/Library/Fonts/NewYorkItalic.ttf : -NewYork-RegularItalic already registered in fonts database. Skipping.
2025-10-13 00:18:41,794 INFO /System/Library/Fonts/SFArabic.ttf : -SFArabic-Regular already registered in fonts database. Skipping.
2025-10-13 00:18:41,897 INFO /System/Library/Fonts/SFArabicRounded.ttf : -SFArabicRounded-Regular already registered in fonts database. Skipping.
2025-10-13 00:18:41,910 INFO /System/Library/Fonts/SFArmenian.ttf : -SFArmenian-Regular already registered in fonts database. Skipping.
2025-10-13 00:18:41,926 INFO /System/Library/Fonts/SFArmenianRounded.ttf : -SFArmenianRounded-Regular already registered in fonts database. Skipping.
2025-10-13 00:18:41,942 INFO /System/Library/Fonts/SFCamera.ttf : --SFCamera-Regular already registered in fonts database. Skipping.
2025-10-13 00:18:42,046 INFO /System/Library/Fonts/SFCompact.ttf : -SFCompact-Black already registered in fonts database. Skipping.
2025-10-13 00:18:42,131 INFO /System/Library/Fonts/SFCompactItalic.ttf : -SFCompact-BlackItalic already registered in fonts database. Skipping.
2025-10-13 00:18:42,239 INFO /System/Library/Fonts/SFCompactRounded.ttf : --SFCompactRounded-Regular already registered in fonts database. Skipping.
2025-10-13 00:18:42,253 INFO /System/Library/Fonts/SFGeorgian.ttf : -SFGeorgian-Regular already registered in fonts database. Skipping.
2025-10-13 00:18:42,270 INFO /System/Library/Fonts/SFGeorgianRounded.ttf : -SFGeorgianRounded-Regular already registered in fonts database. Skipping.
2025-10-13 00:18:42,281 INFO /System/Library/Fonts/SFHebrew.ttf : -SFHebrew-Regular already registered in fonts database. Skipping.
2025-10-13 00:18:42,293 INFO /System/Library/Fonts/SFHebrewRounded.ttf : -SFHebrewRounded-Regular already registered in fonts database. Skipping.
2025-10-13 00:18:42,415 INFO /System/Library/Fonts/SFNS.ttf : -SFNS-Regular already registered in fonts database. Skipping.
2025-10-13 00:18:42,500 INFO /System/Library/Fonts/SFNSItalic.ttf : -SFNS-RegularItalic already registered in fonts database. Skipping.
2025-10-13 00:18:42,554 INFO /System/Library/Fonts/SFNSMono.ttf : -SFNSMono-Light already registered in fonts database. Skipping.
2025-10-13 00:18:42,603 INFO /System/Library/Fonts/SFNSMonoItalic.ttf : -SFNSMono-LightItalic already registered in fonts database. Skipping.
2025-10-13 00:18:42,702 INFO /System/Library/Fonts/SFNSRounded.ttf : -SFNSRounded-Regular already registered in fonts database. Skipping.
2025-10-13 00:18:42,761 INFO /System/Library/Fonts/Supplemental/Academy Engraved LET Fonts.ttf : AcademyEngravedLetPlain already registered in fonts database. Skipping.
2025-10-13 00:18:42,819 INFO /System/Library/Fonts/Supplemental/Academy Engraved LET Fonts.ttf : AcademyEngravedLetPlain already registered in fonts database. Skipping.
2025-10-13 00:18:42,836 INFO /System/Library/Fonts/Supplemental/Andale Mono.ttf : AndaleMono already registered in fonts database. Skipping.
2025-10-13 00:18:42,852 INFO /System/Library/Fonts/Supplemental/Andale Mono.ttf : AndaleMono already registered in fonts database. Skipping.
2025-10-13 00:18:42,897 INFO /System/Library/Fonts/Supplemental/Apple Chancery.ttf : No FontName. Skipping.
2025-10-13 00:18:42,941 INFO /System/Library/Fonts/Supplemental/Apple Chancery.ttf : No FontName. Skipping.
2025-10-13 00:18:46,289 INFO /System/Library/Fonts/Supplemental/AppleGothic.ttf : No FontName. Skipping.
2025-10-13 00:18:49,655 INFO /System/Library/Fonts/Supplemental/AppleGothic.ttf : No FontName. Skipping.
2025-10-13 00:18:53,815 INFO /System/Library/Fonts/Supplemental/AppleMyungjo.ttf : AppleMyungjo already registered in fonts database. Skipping.
2025-10-13 00:18:58,068 INFO /System/Library/Fonts/Supplemental/AppleMyungjo.ttf : AppleMyungjo already registered in fonts database. Skipping.
2025-10-13 00:18:58,093 INFO /System/Library/Fonts/Supplemental/Arial Black.ttf : Arial-Black already registered in fonts database. Skipping.
2025-10-13 00:18:58,118 INFO /System/Library/Fonts/Supplemental/Arial Black.ttf : Arial-Black already registered in fonts database. Skipping.
2025-10-13 00:18:58,238 INFO /System/Library/Fonts/Supplemental/Arial Bold Italic.ttf : Arial-BoldItalicMT already registered in fonts database. Skipping.
2025-10-13 00:18:58,315 INFO /System/Library/Fonts/Supplemental/Arial Bold Italic.ttf : Arial-BoldItalicMT already registered in fonts database. Skipping.
2025-10-13 00:18:58,509 INFO /System/Library/Fonts/Supplemental/Arial Bold.ttf : Arial-BoldMT already registered in fonts database. Skipping.
2025-10-13 00:18:58,639 INFO /System/Library/Fonts/Supplemental/Arial Bold.ttf : Arial-BoldMT already registered in fonts database. Skipping.
2025-10-13 00:18:58,718 INFO /System/Library/Fonts/Supplemental/Arial Italic.ttf : Arial-ItalicMT already registered in fonts database. Skipping.
2025-10-13 00:18:58,826 INFO /System/Library/Fonts/Supplemental/Arial Italic.ttf : Arial-ItalicMT already registered in fonts database. Skipping.
2025-10-13 00:18:58,848 INFO /System/Library/Fonts/Supplemental/Arial Narrow Bold Italic.ttf : ArialNarrow-BoldItalic already registered in fonts database. Skipping.
2025-10-13 00:18:58,869 INFO /System/Library/Fonts/Supplemental/Arial Narrow Bold Italic.ttf : ArialNarrow-BoldItalic already registered in fonts database. Skipping.
2025-10-13 00:18:58,891 INFO /System/Library/Fonts/Supplemental/Arial Narrow Bold.ttf : ArialNarrow-Bold already registered in fonts database. Skipping.
2025-10-13 00:18:58,916 INFO /System/Library/Fonts/Supplemental/Arial Narrow Bold.ttf : ArialNarrow-Bold already registered in fonts database. Skipping.
2025-10-13 00:18:58,940 INFO /System/Library/Fonts/Supplemental/Arial Narrow Italic.ttf : ArialNarrow-Italic already registered in fonts database. Skipping.
2025-10-13 00:18:58,983 INFO /System/Library/Fonts/Supplemental/Arial Narrow Italic.ttf : ArialNarrow-Italic already registered in fonts database. Skipping.
2025-10-13 00:18:59,022 INFO /System/Library/Fonts/Supplemental/Arial Narrow.ttf : ArialNarrow already registered in fonts database. Skipping.
2025-10-13 00:18:59,053 INFO /System/Library/Fonts/Supplemental/Arial Narrow.ttf : ArialNarrow already registered in fonts database. Skipping.
2025-10-13 00:18:59,072 INFO /System/Library/Fonts/Supplemental/Arial Rounded Bold.ttf : ArialRoundedMTBold already registered in fonts database. Skipping.
2025-10-13 00:18:59,094 INFO /System/Library/Fonts/Supplemental/Arial Rounded Bold.ttf : ArialRoundedMTBold already registered in fonts database. Skipping.
2025-10-13 00:19:01,738 INFO /System/Library/Fonts/Supplemental/Arial Unicode.ttf : ArialUnicodeMS already registered in fonts database. Skipping.
2025-10-13 00:19:04,394 INFO /System/Library/Fonts/Supplemental/Arial Unicode.ttf : ArialUnicodeMS already registered in fonts database. Skipping.
2025-10-13 00:19:04,524 INFO /System/Library/Fonts/Supplemental/Arial.ttf : ArialMT already registered in fonts database. Skipping.
2025-10-13 00:19:04,678 INFO /System/Library/Fonts/Supplemental/Arial.ttf : ArialMT already registered in fonts database. Skipping.
2025-10-13 00:19:04,717 INFO /System/Library/Fonts/Supplemental/Ayuthaya.ttf : No FontName. Skipping.
2025-10-13 00:19:04,754 INFO /System/Library/Fonts/Supplemental/Ayuthaya.ttf : No FontName. Skipping.
2025-10-13 00:19:04,900 INFO /System/Library/Fonts/Supplemental/BigCaslon.ttf : No FontName. Skipping.
2025-10-13 00:19:05,050 INFO /System/Library/Fonts/Supplemental/BigCaslon.ttf : No FontName. Skipping.
2025-10-13 00:19:05,072 INFO /System/Library/Fonts/Supplemental/Bodoni 72 Smallcaps Book.ttf : BodoniSvtyTwoSCITCTT-Book already registered in fonts database. Skipping.
2025-10-13 00:19:05,093 INFO /System/Library/Fonts/Supplemental/Bodoni 72 Smallcaps Book.ttf : BodoniSvtyTwoSCITCTT-Book already registered in fonts database. Skipping.
2025-10-13 00:19:05,124 INFO /System/Library/Fonts/Supplemental/Bodoni Ornaments.ttf : BodoniOrnamentsITCTT already registered in fonts database. Skipping.
2025-10-13 00:19:05,154 INFO /System/Library/Fonts/Supplemental/Bodoni Ornaments.ttf : BodoniOrnamentsITCTT already registered in fonts database. Skipping.
2025-10-13 00:19:05,435 INFO /System/Library/Fonts/Supplemental/Bradley Hand Bold.ttf : Bradley-Hand-Bold already registered in fonts database. Skipping.
2025-10-13 00:19:05,718 INFO /System/Library/Fonts/Supplemental/Bradley Hand Bold.ttf : Bradley-Hand-Bold already registered in fonts database. Skipping.
2025-10-13 00:19:05,890 INFO /System/Library/Fonts/Supplemental/Brush Script.ttf : BrushScriptMT already registered in fonts database. Skipping.
2025-10-13 00:19:06,061 INFO /System/Library/Fonts/Supplemental/Brush Script.ttf : BrushScriptMT already registered in fonts database. Skipping.
2025-10-13 00:19:06,080 INFO /System/Library/Fonts/Supplemental/Chalkduster.ttfsh: line 1: 25405 Abort trap: 6           '/Library/Frameworks/R.framework/Versions/4.5-arm64/Resources/library/Rttf2pt1/exec//ttf2pt1' -a -GfAe '/System/Library/Fonts/Supplemental/Chalkduster.ttf' '/var/folders/73/jl9lgbkj511fwjxkl9cvw7q00000gq/T//Rtmpn6vxGL/fonts/Chalkduster' 2>&1
2025-10-13 00:19:06,080 INFO  : No FontName. Skipping.
2025-10-13 00:19:06,098 INFO /System/Library/Fonts/Supplemental/Chalkduster.ttfsh: line 1: 25407 Abort trap: 6           '/Library/Frameworks/R.framework/Versions/4.5-arm64/Resources/library/Rttf2pt1/exec//ttf2pt1' -a -GfAe '/System/Library/Fonts/Supplemental/Chalkduster.ttf' '/var/folders/73/jl9lgbkj511fwjxkl9cvw7q00000gq/T//Rtmpn6vxGL/fonts/Chalkduster' 2>&1
2025-10-13 00:19:06,098 INFO  : No FontName. Skipping.
2025-10-13 00:19:06,160 INFO /System/Library/Fonts/Supplemental/Comic Sans MS Bold.ttf : ComicSansMS-Bold already registered in fonts database. Skipping.
2025-10-13 00:19:06,221 INFO /System/Library/Fonts/Supplemental/Comic Sans MS Bold.ttf : ComicSansMS-Bold already registered in fonts database. Skipping.
2025-10-13 00:19:06,271 INFO /System/Library/Fonts/Supplemental/Comic Sans MS.ttf : ComicSansMS already registered in fonts database. Skipping.
2025-10-13 00:19:06,322 INFO /System/Library/Fonts/Supplemental/Comic Sans MS.ttf : ComicSansMS already registered in fonts database. Skipping.
2025-10-13 00:19:06,429 INFO /System/Library/Fonts/Supplemental/Courier New Bold Italic.ttf : CourierNewPS-BoldItalicMT already registered in fonts database. Skipping.
2025-10-13 00:19:06,536 INFO /System/Library/Fonts/Supplemental/Courier New Bold Italic.ttf : CourierNewPS-BoldItalicMT already registered in fonts database. Skipping.
2025-10-13 00:19:06,660 INFO /System/Library/Fonts/Supplemental/Courier New Bold.ttf : CourierNewPS-BoldMT already registered in fonts database. Skipping.
2025-10-13 00:19:06,789 INFO /System/Library/Fonts/Supplemental/Courier New Bold.ttf : CourierNewPS-BoldMT already registered in fonts database. Skipping.
2025-10-13 00:19:06,891 INFO /System/Library/Fonts/Supplemental/Courier New Italic.ttf : CourierNewPS-ItalicMT already registered in fonts database. Skipping.
2025-10-13 00:19:06,991 INFO /System/Library/Fonts/Supplemental/Courier New Italic.ttf : CourierNewPS-ItalicMT already registered in fonts database. Skipping.
2025-10-13 00:19:07,105 INFO /System/Library/Fonts/Supplemental/Courier New.ttf : CourierNewPSMT already registered in fonts database. Skipping.
2025-10-13 00:19:07,222 INFO /System/Library/Fonts/Supplemental/Courier New.ttf : CourierNewPSMT already registered in fonts database. Skipping.
2025-10-13 00:19:07,284 INFO /System/Library/Fonts/Supplemental/DIN Alternate Bold.ttf : DINAlternate-Bold already registered in fonts database. Skipping.
2025-10-13 00:19:07,391 INFO /System/Library/Fonts/Supplemental/DIN Alternate Bold.ttf : DINAlternate-Bold already registered in fonts database. Skipping.
2025-10-13 00:19:07,470 INFO /System/Library/Fonts/Supplemental/DIN Condensed Bold.ttf : DINCondensed-Bold already registered in fonts database. Skipping.
2025-10-13 00:19:07,541 INFO /System/Library/Fonts/Supplemental/DIN Condensed Bold.ttf : DINCondensed-Bold already registered in fonts database. Skipping.
2025-10-13 00:19:07,705 INFO /System/Library/Fonts/Supplemental/Diwan Thuluth.ttf : No FontName. Skipping.
2025-10-13 00:19:07,947 INFO /System/Library/Fonts/Supplemental/Diwan Thuluth.ttf : No FontName. Skipping.
2025-10-13 00:19:08,103 INFO /System/Library/Fonts/Supplemental/Farisi.ttf : No FontName. Skipping.
2025-10-13 00:19:08,223 INFO /System/Library/Fonts/Supplemental/Farisi.ttf : No FontName. Skipping.
2025-10-13 00:19:08,310 INFO /System/Library/Fonts/Supplemental/Georgia Bold Italic.ttf : Georgia-BoldItalic already registered in fonts database. Skipping.
2025-10-13 00:19:08,397 INFO /System/Library/Fonts/Supplemental/Georgia Bold Italic.ttf : Georgia-BoldItalic already registered in fonts database. Skipping.
2025-10-13 00:19:08,485 INFO /System/Library/Fonts/Supplemental/Georgia Bold.ttf : Georgia-Bold already registered in fonts database. Skipping.
2025-10-13 00:19:08,576 INFO /System/Library/Fonts/Supplemental/Georgia Bold.ttf : Georgia-Bold already registered in fonts database. Skipping.
2025-10-13 00:19:08,661 INFO /System/Library/Fonts/Supplemental/Georgia Italic.ttf : Georgia-Italic already registered in fonts database. Skipping.
2025-10-13 00:19:08,744 INFO /System/Library/Fonts/Supplemental/Georgia Italic.ttf : Georgia-Italic already registered in fonts database. Skipping.
2025-10-13 00:19:08,837 INFO /System/Library/Fonts/Supplemental/Georgia.ttf : Georgia already registered in fonts database. Skipping.
2025-10-13 00:19:08,928 INFO /System/Library/Fonts/Supplemental/Georgia.ttf : Georgia already registered in fonts database. Skipping.
2025-10-13 00:19:08,938 INFO /System/Library/Fonts/Supplemental/Gurmukhi.ttf : No FontName. Skipping.
2025-10-13 00:19:08,947 INFO /System/Library/Fonts/Supplemental/Gurmukhi.ttf : No FontName. Skipping.
2025-10-13 00:19:09,013 INFO /System/Library/Fonts/Supplemental/Herculanum.ttf : No FontName. Skipping.
2025-10-13 00:19:09,079 INFO /System/Library/Fonts/Supplemental/Herculanum.ttf : No FontName. Skipping.
2025-10-13 00:19:09,090 INFO /System/Library/Fonts/Supplemental/Hoefler Text Ornaments.ttf : No FontName. Skipping.
2025-10-13 00:19:09,101 INFO /System/Library/Fonts/Supplemental/Hoefler Text Ornaments.ttf : No FontName. Skipping.
2025-10-13 00:19:09,134 INFO /System/Library/Fonts/Supplemental/Impact.ttf : Impact already registered in fonts database. Skipping.
2025-10-13 00:19:09,166 INFO /System/Library/Fonts/Supplemental/Impact.ttf : Impact already registered in fonts database. Skipping.
2025-10-13 00:19:09,238 INFO /System/Library/Fonts/Supplemental/Khmer Sangam MN.ttf : KhmerSangamMN already registered in fonts database. Skipping.
2025-10-13 00:19:09,311 INFO /System/Library/Fonts/Supplemental/Khmer Sangam MN.ttf : KhmerSangamMN already registered in fonts database. Skipping.
2025-10-13 00:19:09,356 INFO /System/Library/Fonts/Supplemental/Kokonor.ttfsh: line 1: 25488 Abort trap: 6           '/Library/Frameworks/R.framework/Versions/4.5-arm64/Resources/library/Rttf2pt1/exec//ttf2pt1' -a -GfAe '/System/Library/Fonts/Supplemental/Kokonor.ttf' '/var/folders/73/jl9lgbkj511fwjxkl9cvw7q00000gq/T//Rtmpn6vxGL/fonts/Kokonor' 2>&1
2025-10-13 00:19:09,357 INFO  : No FontName. Skipping.
2025-10-13 00:19:09,398 INFO /System/Library/Fonts/Supplemental/Kokonor.ttfsh: line 1: 25490 Abort trap: 6           '/Library/Frameworks/R.framework/Versions/4.5-arm64/Resources/library/Rttf2pt1/exec//ttf2pt1' -a -GfAe '/System/Library/Fonts/Supplemental/Kokonor.ttf' '/var/folders/73/jl9lgbkj511fwjxkl9cvw7q00000gq/T//Rtmpn6vxGL/fonts/Kokonor' 2>&1
2025-10-13 00:19:09,398 INFO  : No FontName. Skipping.
2025-10-13 00:19:09,420 INFO /System/Library/Fonts/Supplemental/Krungthep.ttf : No FontName. Skipping.
2025-10-13 00:19:09,442 INFO /System/Library/Fonts/Supplemental/Krungthep.ttf : No FontName. Skipping.
2025-10-13 00:19:09,472 INFO /System/Library/Fonts/Supplemental/Lao Sangam MN.ttf : LaoSangamMN already registered in fonts database. Skipping.
2025-10-13 00:19:09,502 INFO /System/Library/Fonts/Supplemental/Lao Sangam MN.ttf : LaoSangamMN already registered in fonts database. Skipping.
2025-10-13 00:19:09,821 INFO /System/Library/Fonts/Supplemental/Luminari.ttf : Luminari-Regular already registered in fonts database. Skipping.
2025-10-13 00:19:10,131 INFO /System/Library/Fonts/Supplemental/Luminari.ttf : Luminari-Regular already registered in fonts database. Skipping.
2025-10-13 00:19:10,201 INFO /System/Library/Fonts/Supplemental/Microsoft Sans Serif.ttf : MicrosoftSansSerif already registered in fonts database. Skipping.
2025-10-13 00:19:10,269 INFO /System/Library/Fonts/Supplemental/Microsoft Sans Serif.ttf : MicrosoftSansSerif already registered in fonts database. Skipping.
2025-10-13 00:19:10,444 INFO /System/Library/Fonts/Supplemental/Mishafi Gold.ttf : No FontName. Skipping.
2025-10-13 00:19:10,618 INFO /System/Library/Fonts/Supplemental/Mishafi Gold.ttf : No FontName. Skipping.
2025-10-13 00:19:11,017 INFO /System/Library/Fonts/Supplemental/Mishafi.ttf : No FontName. Skipping.
2025-10-13 00:19:11,440 INFO /System/Library/Fonts/Supplemental/Mishafi.ttf : No FontName. Skipping.
2025-10-13 00:19:11,446 INFO /System/Library/Fonts/Supplemental/NISC18030.ttf : No FontName. Skipping.
2025-10-13 00:19:11,452 INFO /System/Library/Fonts/Supplemental/NISC18030.ttf : No FontName. Skipping.
2025-10-13 00:19:11,474 INFO /System/Library/Fonts/Supplemental/NotoSansAdlam-Regular.ttf : NotoSansAdlam-Regular already registered in fonts database. Skipping.
2025-10-13 00:19:11,501 INFO /System/Library/Fonts/Supplemental/NotoSansAdlam-Regular.ttf : NotoSansAdlam-Regular already registered in fonts database. Skipping.
2025-10-13 00:19:11,513 INFO /System/Library/Fonts/Supplemental/NotoSansAvestan-Regular.ttf : NotoSansAvestan-Regular already registered in fonts database. Skipping.
2025-10-13 00:19:11,524 INFO /System/Library/Fonts/Supplemental/NotoSansAvestan-Regular.ttf : NotoSansAvestan-Regular already registered in fonts database. Skipping.
2025-10-13 00:19:11,581 INFO /System/Library/Fonts/Supplemental/NotoSansBamum-Regular.ttf : NotoSansBamum-Regular already registered in fonts database. Skipping.
2025-10-13 00:19:11,637 INFO /System/Library/Fonts/Supplemental/NotoSansBamum-Regular.ttf : NotoSansBamum-Regular already registered in fonts database. Skipping.
2025-10-13 00:19:11,727 INFO /System/Library/Fonts/Supplemental/NotoSansBassaVah-Regular.ttf : NotoSansBassaVah-Regular already registered in fonts database. Skipping.
2025-10-13 00:19:11,736 INFO /System/Library/Fonts/Supplemental/NotoSansBassaVah-Regular.ttf : NotoSansBassaVah-Regular already registered in fonts database. Skipping.
2025-10-13 00:19:11,751 INFO /System/Library/Fonts/Supplemental/NotoSansBatak-Regular.ttf : NotoSansBatak-Regular already registered in fonts database. Skipping.
2025-10-13 00:19:11,766 INFO /System/Library/Fonts/Supplemental/NotoSansBatak-Regular.ttf : NotoSansBatak-Regular already registered in fonts database. Skipping.
2025-10-13 00:19:11,878 INFO /System/Library/Fonts/Supplemental/NotoSansBhaiksuki-Regular.ttf : NotoSansBhaiksuki-Regular already registered in fonts database. Skipping.
2025-10-13 00:19:11,988 INFO /System/Library/Fonts/Supplemental/NotoSansBhaiksuki-Regular.ttf : NotoSansBhaiksuki-Regular already registered in fonts database. Skipping.
2025-10-13 00:19:12,002 INFO /System/Library/Fonts/Supplemental/NotoSansBrahmi-Regular.ttf : NotoSansBrahmi-Regular already registered in fonts database. Skipping.
2025-10-13 00:19:12,016 INFO /System/Library/Fonts/Supplemental/NotoSansBrahmi-Regular.ttf : NotoSansBrahmi-Regular already registered in fonts database. Skipping.
2025-10-13 00:19:12,023 INFO /System/Library/Fonts/Supplemental/NotoSansBuginese-Regular.ttf : NotoSansBuginese-Regular already registered in fonts database. Skipping.
2025-10-13 00:19:12,030 INFO /System/Library/Fonts/Supplemental/NotoSansBuginese-Regular.ttf : NotoSansBuginese-Regular already registered in fonts database. Skipping.
2025-10-13 00:19:12,037 INFO /System/Library/Fonts/Supplemental/NotoSansBuhid-Regular.ttf : NotoSansBuhid-Regular already registered in fonts database. Skipping.
2025-10-13 00:19:12,045 INFO /System/Library/Fonts/Supplemental/NotoSansBuhid-Regular.ttf : NotoSansBuhid-Regular already registered in fonts database. Skipping.
2025-10-13 00:19:12,052 INFO /System/Library/Fonts/Supplemental/NotoSansCarian-Regular.ttf : NotoSansCarian-Regular already registered in fonts database. Skipping.
2025-10-13 00:19:12,060 INFO /System/Library/Fonts/Supplemental/NotoSansCarian-Regular.ttf : NotoSansCarian-Regular already registered in fonts database. Skipping.
2025-10-13 00:19:12,072 INFO /System/Library/Fonts/Supplemental/NotoSansCaucasianAlbanian-Regular.ttf : NotoSansCaucasianAlbanian-Regular already registered in fonts database. Skipping.
2025-10-13 00:19:12,082 INFO /System/Library/Fonts/Supplemental/NotoSansCaucasianAlbanian-Regular.ttf : NotoSansCaucasianAlbanian-Regular already registered in fonts database. Skipping.
2025-10-13 00:19:12,100 INFO /System/Library/Fonts/Supplemental/NotoSansChakma-Regular.ttf : NotoSansChakma-Regular already registered in fonts database. Skipping.
2025-10-13 00:19:12,118 INFO /System/Library/Fonts/Supplemental/NotoSansChakma-Regular.ttf : NotoSansChakma-Regular already registered in fonts database. Skipping.
2025-10-13 00:19:12,130 INFO /System/Library/Fonts/Supplemental/NotoSansCham-Regular.ttf : NotoSansCham-Regular already registered in fonts database. Skipping.
2025-10-13 00:19:12,142 INFO /System/Library/Fonts/Supplemental/NotoSansCham-Regular.ttf : NotoSansCham-Regular already registered in fonts database. Skipping.
2025-10-13 00:19:12,154 INFO /System/Library/Fonts/Supplemental/NotoSansCoptic-Regular.ttf : NotoSansCoptic-Regular already registered in fonts database. Skipping.
2025-10-13 00:19:12,165 INFO /System/Library/Fonts/Supplemental/NotoSansCoptic-Regular.ttf : NotoSansCoptic-Regular already registered in fonts database. Skipping.
2025-10-13 00:19:12,441 INFO /System/Library/Fonts/Supplemental/NotoSansCuneiform-Regular.ttf : NotoSansCuneiform-Regular already registered in fonts database. Skipping.
2025-10-13 00:19:12,711 INFO /System/Library/Fonts/Supplemental/NotoSansCuneiform-Regular.ttf : NotoSansCuneiform-Regular already registered in fonts database. Skipping.
2025-10-13 00:19:12,718 INFO /System/Library/Fonts/Supplemental/NotoSansCypriot-Regular.ttf : NotoSansCypriot-Regular already registered in fonts database. Skipping.
2025-10-13 00:19:12,724 INFO /System/Library/Fonts/Supplemental/NotoSansCypriot-Regular.ttf : NotoSansCypriot-Regular already registered in fonts database. Skipping.
2025-10-13 00:19:12,736 INFO /System/Library/Fonts/Supplemental/NotoSansDuployan-Regular.ttf : NotoSansDuployan-Regular already registered in fonts database. Skipping.
2025-10-13 00:19:12,747 INFO /System/Library/Fonts/Supplemental/NotoSansDuployan-Regular.ttf : NotoSansDuployan-Regular already registered in fonts database. Skipping.
2025-10-13 00:19:13,041 INFO /System/Library/Fonts/Supplemental/NotoSansEgyptianHieroglyphs-Regular.ttf : NotoSansEgyptianHieroglyphs-Regular already registered in fonts database. Skipping.
2025-10-13 00:19:13,337 INFO /System/Library/Fonts/Supplemental/NotoSansEgyptianHieroglyphs-Regular.ttf : NotoSansEgyptianHieroglyphs-Regular already registered in fonts database. Skipping.
2025-10-13 00:19:13,344 INFO /System/Library/Fonts/Supplemental/NotoSansElbasan-Regular.ttf : NotoSansElbasan-Regular already registered in fonts database. Skipping.
2025-10-13 00:19:13,351 INFO /System/Library/Fonts/Supplemental/NotoSansElbasan-Regular.ttf : NotoSansElbasan-Regular already registered in fonts database. Skipping.
2025-10-13 00:19:13,362 INFO /System/Library/Fonts/Supplemental/NotoSansGlagolitic-Regular.ttf : NotoSansGlagolitic-Regular already registered in fonts database. Skipping.
2025-10-13 00:19:13,373 INFO /System/Library/Fonts/Supplemental/NotoSansGlagolitic-Regular.ttf : NotoSansGlagolitic-Regular already registered in fonts database. Skipping.
2025-10-13 00:19:13,381 INFO /System/Library/Fonts/Supplemental/NotoSansGothic-Regular.ttf : NotoSansGothic-Regular already registered in fonts database. Skipping.
2025-10-13 00:19:13,389 INFO /System/Library/Fonts/Supplemental/NotoSansGothic-Regular.ttf : NotoSansGothic-Regular already registered in fonts database. Skipping.
2025-10-13 00:19:13,401 INFO /System/Library/Fonts/Supplemental/NotoSansHanifiRohingya-Regular.ttf : NotoSansHanifiRohingya-Regular already registered in fonts database. Skipping.
2025-10-13 00:19:13,413 INFO /System/Library/Fonts/Supplemental/NotoSansHanifiRohingya-Regular.ttf : NotoSansHanifiRohingya-Regular already registered in fonts database. Skipping.
2025-10-13 00:19:13,420 INFO /System/Library/Fonts/Supplemental/NotoSansHanunoo-Regular.ttf : NotoSansHanunoo-Regular already registered in fonts database. Skipping.
2025-10-13 00:19:13,427 INFO /System/Library/Fonts/Supplemental/NotoSansHanunoo-Regular.ttf : NotoSansHanunoo-Regular already registered in fonts database. Skipping.
2025-10-13 00:19:13,433 INFO /System/Library/Fonts/Supplemental/NotoSansHatran-Regular.ttf : NotoSansHatran-Regular already registered in fonts database. Skipping.
2025-10-13 00:19:13,440 INFO /System/Library/Fonts/Supplemental/NotoSansHatran-Regular.ttf : NotoSansHatran-Regular already registered in fonts database. Skipping.
2025-10-13 00:19:13,447 INFO /System/Library/Fonts/Supplemental/NotoSansImperialAramaic-Regular.ttf : NotoSansImperialAramaic-Regular already registered in fonts database. Skipping.
2025-10-13 00:19:13,455 INFO /System/Library/Fonts/Supplemental/NotoSansImperialAramaic-Regular.ttf : NotoSansImperialAramaic-Regular already registered in fonts database. Skipping.
2025-10-13 00:19:13,462 INFO /System/Library/Fonts/Supplemental/NotoSansInscriptionalPahlavi-Regular.ttf : NotoSansInscriptionalPahlavi-Regular already registered in fonts database. Skipping.
2025-10-13 00:19:13,469 INFO /System/Library/Fonts/Supplemental/NotoSansInscriptionalPahlavi-Regular.ttf : NotoSansInscriptionalPahlavi-Regular already registered in fonts database. Skipping.
2025-10-13 00:19:13,477 INFO /System/Library/Fonts/Supplemental/NotoSansInscriptionalParthian-Regular.ttf : NotoSansInscriptionalParthian-Regular already registered in fonts database. Skipping.
2025-10-13 00:19:13,485 INFO /System/Library/Fonts/Supplemental/NotoSansInscriptionalParthian-Regular.ttf : NotoSansInscriptionalParthian-Regular already registered in fonts database. Skipping.
2025-10-13 00:19:13,505 INFO /System/Library/Fonts/Supplemental/NotoSansKaithi-Regular.ttf : NotoSansKaithi-Regular already registered in fonts database. Skipping.
2025-10-13 00:19:13,523 INFO /System/Library/Fonts/Supplemental/NotoSansKaithi-Regular.ttf : NotoSansKaithi-Regular already registered in fonts database. Skipping.
2025-10-13 00:19:13,532 INFO /System/Library/Fonts/Supplemental/NotoSansKayahLi-Regular.ttf : NotoSansKayahLi-Regular already registered in fonts database. Skipping.
2025-10-13 00:19:13,541 INFO /System/Library/Fonts/Supplemental/NotoSansKayahLi-Regular.ttf : NotoSansKayahLi-Regular already registered in fonts database. Skipping.
2025-10-13 00:19:13,553 INFO /System/Library/Fonts/Supplemental/NotoSansKharoshthi-Regular.ttf : NotoSansKharoshthi-Regular already registered in fonts database. Skipping.
2025-10-13 00:19:13,564 INFO /System/Library/Fonts/Supplemental/NotoSansKharoshthi-Regular.ttf : NotoSansKharoshthi-Regular already registered in fonts database. Skipping.
2025-10-13 00:19:13,584 INFO /System/Library/Fonts/Supplemental/NotoSansKhojki-Regular.ttf : NotoSansKhojki-Regular already registered in fonts database. Skipping.
2025-10-13 00:19:13,603 INFO /System/Library/Fonts/Supplemental/NotoSansKhojki-Regular.ttf : NotoSansKhojki-Regular already registered in fonts database. Skipping.
2025-10-13 00:19:13,613 INFO /System/Library/Fonts/Supplemental/NotoSansKhudawadi-Regular.ttf : NotoSansKhudawadi-Regular already registered in fonts database. Skipping.
2025-10-13 00:19:13,623 INFO /System/Library/Fonts/Supplemental/NotoSansKhudawadi-Regular.ttf : NotoSansKhudawadi-Regular already registered in fonts database. Skipping.
2025-10-13 00:19:13,634 INFO /System/Library/Fonts/Supplemental/NotoSansLepcha-Regular.ttf : NotoSansLepcha-Regular already registered in fonts database. Skipping.
2025-10-13 00:19:13,644 INFO /System/Library/Fonts/Supplemental/NotoSansLepcha-Regular.ttf : NotoSansLepcha-Regular already registered in fonts database. Skipping.
2025-10-13 00:19:13,654 INFO /System/Library/Fonts/Supplemental/NotoSansLimbu-Regular.ttf : NotoSansLimbu-Regular already registered in fonts database. Skipping.
2025-10-13 00:19:13,663 INFO /System/Library/Fonts/Supplemental/NotoSansLimbu-Regular.ttf : NotoSansLimbu-Regular already registered in fonts database. Skipping.
2025-10-13 00:19:13,686 INFO /System/Library/Fonts/Supplemental/NotoSansLinearA-Regular.ttf : NotoSansLinearA-Regular already registered in fonts database. Skipping.
2025-10-13 00:19:13,708 INFO /System/Library/Fonts/Supplemental/NotoSansLinearA-Regular.ttf : NotoSansLinearA-Regular already registered in fonts database. Skipping.
2025-10-13 00:19:13,736 INFO /System/Library/Fonts/Supplemental/NotoSansLinearB-Regular.ttf : NotoSansLinearB-Regular already registered in fonts database. Skipping.
2025-10-13 00:19:13,763 INFO /System/Library/Fonts/Supplemental/NotoSansLinearB-Regular.ttf : NotoSansLinearB-Regular already registered in fonts database. Skipping.
2025-10-13 00:19:13,770 INFO /System/Library/Fonts/Supplemental/NotoSansLisu-Regular.ttf : NotoSansLisu-Regular already registered in fonts database. Skipping.
2025-10-13 00:19:13,777 INFO /System/Library/Fonts/Supplemental/NotoSansLisu-Regular.ttf : NotoSansLisu-Regular already registered in fonts database. Skipping.
2025-10-13 00:19:13,784 INFO /System/Library/Fonts/Supplemental/NotoSansLycian-Regular.ttf : NotoSansLycian-Regular already registered in fonts database. Skipping.
2025-10-13 00:19:13,791 INFO /System/Library/Fonts/Supplemental/NotoSansLycian-Regular.ttf : NotoSansLycian-Regular already registered in fonts database. Skipping.
2025-10-13 00:19:13,797 INFO /System/Library/Fonts/Supplemental/NotoSansLydian-Regular.ttf : NotoSansLydian-Regular already registered in fonts database. Skipping.
2025-10-13 00:19:13,804 INFO /System/Library/Fonts/Supplemental/NotoSansLydian-Regular.ttf : NotoSansLydian-Regular already registered in fonts database. Skipping.
2025-10-13 00:19:13,815 INFO /System/Library/Fonts/Supplemental/NotoSansMahajani-Regular.ttf : NotoSansMahajani-Regular already registered in fonts database. Skipping.
2025-10-13 00:19:13,826 INFO /System/Library/Fonts/Supplemental/NotoSansMahajani-Regular.ttf : NotoSansMahajani-Regular already registered in fonts database. Skipping.
2025-10-13 00:19:13,838 INFO /System/Library/Fonts/Supplemental/NotoSansMandaic-Regular.ttf : NotoSansMandaic-Regular already registered in fonts database. Skipping.
2025-10-13 00:19:13,849 INFO /System/Library/Fonts/Supplemental/NotoSansMandaic-Regular.ttf : NotoSansMandaic-Regular already registered in fonts database. Skipping.
2025-10-13 00:19:13,863 INFO /System/Library/Fonts/Supplemental/NotoSansManichaean-Regular.ttf : NotoSansManichaean-Regular already registered in fonts database. Skipping.
2025-10-13 00:19:13,877 INFO /System/Library/Fonts/Supplemental/NotoSansManichaean-Regular.ttf : NotoSansManichaean-Regular already registered in fonts database. Skipping.
2025-10-13 00:19:13,906 INFO /System/Library/Fonts/Supplemental/NotoSansMarchen-Regular.ttf : NotoSansMarchen-Regular already registered in fonts database. Skipping.
2025-10-13 00:19:13,935 INFO /System/Library/Fonts/Supplemental/NotoSansMarchen-Regular.ttf : NotoSansMarchen-Regular already registered in fonts database. Skipping.
2025-10-13 00:19:13,945 INFO /System/Library/Fonts/Supplemental/NotoSansMeeteiMayek-Regular.ttf : NotoSansMeeteiMayek-Regular already registered in fonts database. Skipping.
2025-10-13 00:19:13,954 INFO /System/Library/Fonts/Supplemental/NotoSansMeeteiMayek-Regular.ttf : NotoSansMeeteiMayek-Regular already registered in fonts database. Skipping.
2025-10-13 00:19:13,970 INFO /System/Library/Fonts/Supplemental/NotoSansMendeKikakui-Regular.ttf : NotoSansMendeKikakui-Regular already registered in fonts database. Skipping.
2025-10-13 00:19:13,986 INFO /System/Library/Fonts/Supplemental/NotoSansMendeKikakui-Regular.ttf : NotoSansMendeKikakui-Regular already registered in fonts database. Skipping.
2025-10-13 00:19:14,002 INFO /System/Library/Fonts/Supplemental/NotoSansMeroitic-Regular.ttf : NotoSansMeroitic-Regular already registered in fonts database. Skipping.
2025-10-13 00:19:14,019 INFO /System/Library/Fonts/Supplemental/NotoSansMeroitic-Regular.ttf : NotoSansMeroitic-Regular already registered in fonts database. Skipping.
2025-10-13 00:19:14,034 INFO /System/Library/Fonts/Supplemental/NotoSansMiao-Regular.ttf : NotoSansMiao-Regular already registered in fonts database. Skipping.
2025-10-13 00:19:14,049 INFO /System/Library/Fonts/Supplemental/NotoSansMiao-Regular.ttf : NotoSansMiao-Regular already registered in fonts database. Skipping.
2025-10-13 00:19:14,067 INFO /System/Library/Fonts/Supplemental/NotoSansModi-Regular.ttf : NotoSansModi-Regular already registered in fonts database. Skipping.
2025-10-13 00:19:14,084 INFO /System/Library/Fonts/Supplemental/NotoSansModi-Regular.ttf : NotoSansModi-Regular already registered in fonts database. Skipping.
2025-10-13 00:19:14,145 INFO /System/Library/Fonts/Supplemental/NotoSansMongolian-Regular.ttf : NotoSansMongolian-Regular already registered in fonts database. Skipping.
2025-10-13 00:19:14,207 INFO /System/Library/Fonts/Supplemental/NotoSansMongolian-Regular.ttf : NotoSansMongolian-Regular already registered in fonts database. Skipping.
2025-10-13 00:19:14,215 INFO /System/Library/Fonts/Supplemental/NotoSansMro-Regular.ttf : NotoSansMro-Regular already registered in fonts database. Skipping.
2025-10-13 00:19:14,222 INFO /System/Library/Fonts/Supplemental/NotoSansMro-Regular.ttf : NotoSansMro-Regular already registered in fonts database. Skipping.
2025-10-13 00:19:14,232 INFO /System/Library/Fonts/Supplemental/NotoSansMultani-Regular.ttf : NotoSansMultani-Regular already registered in fonts database. Skipping.
2025-10-13 00:19:14,242 INFO /System/Library/Fonts/Supplemental/NotoSansMultani-Regular.ttf : NotoSansMultani-Regular already registered in fonts database. Skipping.
2025-10-13 00:19:14,251 INFO /System/Library/Fonts/Supplemental/NotoSansNabataean-Regular.ttf : NotoSansNabataean-Regular already registered in fonts database. Skipping.
2025-10-13 00:19:14,260 INFO /System/Library/Fonts/Supplemental/NotoSansNabataean-Regular.ttf : NotoSansNabataean-Regular already registered in fonts database. Skipping.
2025-10-13 00:19:14,297 INFO /System/Library/Fonts/Supplemental/NotoSansNewa-Regular.ttf : NotoSansNewa-Regular already registered in fonts database. Skipping.
2025-10-13 00:19:14,331 INFO /System/Library/Fonts/Supplemental/NotoSansNewa-Regular.ttf : NotoSansNewa-Regular already registered in fonts database. Skipping.
2025-10-13 00:19:14,343 INFO /System/Library/Fonts/Supplemental/NotoSansNewTaiLue-Regular.ttf : NotoSansNewTaiLue-Regular already registered in fonts database. Skipping.
2025-10-13 00:19:14,355 INFO /System/Library/Fonts/Supplemental/NotoSansNewTaiLue-Regular.ttf : NotoSansNewTaiLue-Regular already registered in fonts database. Skipping.
2025-10-13 00:19:14,365 INFO /System/Library/Fonts/Supplemental/NotoSansNKo-Regular.ttf : NotoSansNKo-Regular already registered in fonts database. Skipping.
2025-10-13 00:19:14,375 INFO /System/Library/Fonts/Supplemental/NotoSansNKo-Regular.ttf : NotoSansNKo-Regular already registered in fonts database. Skipping.
2025-10-13 00:19:14,384 INFO /System/Library/Fonts/Supplemental/NotoSansOlChiki-Regular.ttf : NotoSansOlChiki-Regular already registered in fonts database. Skipping.
2025-10-13 00:19:14,394 INFO /System/Library/Fonts/Supplemental/NotoSansOlChiki-Regular.ttf : NotoSansOlChiki-Regular already registered in fonts database. Skipping.
2025-10-13 00:19:14,406 INFO /System/Library/Fonts/Supplemental/NotoSansOldHungarian-Regular.ttf : NotoSansOldHungarian-Regular already registered in fonts database. Skipping.
2025-10-13 00:19:14,417 INFO /System/Library/Fonts/Supplemental/NotoSansOldHungarian-Regular.ttf : NotoSansOldHungarian-Regular already registered in fonts database. Skipping.
2025-10-13 00:19:14,425 INFO /System/Library/Fonts/Supplemental/NotoSansOldItalic-Regular.ttf : NotoSansOldItalic-Regular already registered in fonts database. Skipping.
2025-10-13 00:19:14,433 INFO /System/Library/Fonts/Supplemental/NotoSansOldItalic-Regular.ttf : NotoSansOldItalic-Regular already registered in fonts database. Skipping.
2025-10-13 00:19:14,441 INFO /System/Library/Fonts/Supplemental/NotoSansOldNorthArabian-Regular.ttf : NotoSansOldNorthArabian-Regular already registered in fonts database. Skipping.
2025-10-13 00:19:14,448 INFO /System/Library/Fonts/Supplemental/NotoSansOldNorthArabian-Regular.ttf : NotoSansOldNorthArabian-Regular already registered in fonts database. Skipping.
2025-10-13 00:19:14,456 INFO /System/Library/Fonts/Supplemental/NotoSansOldPermic-Regular.ttf : NotoSansOldPermic-Regular already registered in fonts database. Skipping.
2025-10-13 00:19:14,463 INFO /System/Library/Fonts/Supplemental/NotoSansOldPermic-Regular.ttf : NotoSansOldPermic-Regular already registered in fonts database. Skipping.
2025-10-13 00:19:14,472 INFO /System/Library/Fonts/Supplemental/NotoSansOldPersian-Regular.ttf : NotoSansOldPersian-Regular already registered in fonts database. Skipping.
2025-10-13 00:19:14,481 INFO /System/Library/Fonts/Supplemental/NotoSansOldPersian-Regular.ttf : NotoSansOldPersian-Regular already registered in fonts database. Skipping.
2025-10-13 00:19:14,488 INFO /System/Library/Fonts/Supplemental/NotoSansOldSouthArabian-Regular.ttf : NotoSansOldSouthArabian-Regular already registered in fonts database. Skipping.
2025-10-13 00:19:14,495 INFO /System/Library/Fonts/Supplemental/NotoSansOldSouthArabian-Regular.ttf : NotoSansOldSouthArabian-Regular already registered in fonts database. Skipping.
2025-10-13 00:19:14,502 INFO /System/Library/Fonts/Supplemental/NotoSansOldTurkic-Regular.ttf : NotoSansOldTurkic-Regular already registered in fonts database. Skipping.
2025-10-13 00:19:14,510 INFO /System/Library/Fonts/Supplemental/NotoSansOldTurkic-Regular.ttf : NotoSansOldTurkic-Regular already registered in fonts database. Skipping.
2025-10-13 00:19:14,519 INFO /System/Library/Fonts/Supplemental/NotoSansOsage-Regular.ttf : NotoSansOsage-Regular already registered in fonts database. Skipping.
2025-10-13 00:19:14,529 INFO /System/Library/Fonts/Supplemental/NotoSansOsage-Regular.ttf : NotoSansOsage-Regular already registered in fonts database. Skipping.
2025-10-13 00:19:14,538 INFO /System/Library/Fonts/Supplemental/NotoSansOsmanya-Regular.ttf : NotoSansOsmanya-Regular already registered in fonts database. Skipping.
2025-10-13 00:19:14,547 INFO /System/Library/Fonts/Supplemental/NotoSansOsmanya-Regular.ttf : NotoSansOsmanya-Regular already registered in fonts database. Skipping.
2025-10-13 00:19:14,558 INFO /System/Library/Fonts/Supplemental/NotoSansPahawhHmong-Regular.ttf : NotoSansPahawhHmong-Regular already registered in fonts database. Skipping.
2025-10-13 00:19:14,568 INFO /System/Library/Fonts/Supplemental/NotoSansPahawhHmong-Regular.ttf : NotoSansPahawhHmong-Regular already registered in fonts database. Skipping.
2025-10-13 00:19:14,581 INFO /System/Library/Fonts/Supplemental/NotoSansPalmyrene-Regular.ttf : NotoSansPalmyrene-Regular already registered in fonts database. Skipping.
2025-10-13 00:19:14,593 INFO /System/Library/Fonts/Supplemental/NotoSansPalmyrene-Regular.ttf : NotoSansPalmyrene-Regular already registered in fonts database. Skipping.
2025-10-13 00:19:14,601 INFO /System/Library/Fonts/Supplemental/NotoSansPauCinHau-Regular.ttf : NotoSansPauCinHau-Regular already registered in fonts database. Skipping.
2025-10-13 00:19:14,609 INFO /System/Library/Fonts/Supplemental/NotoSansPauCinHau-Regular.ttf : NotoSansPauCinHau-Regular already registered in fonts database. Skipping.
2025-10-13 00:19:14,623 INFO /System/Library/Fonts/Supplemental/NotoSansPhagsPa-Regular.ttf : NotoSansPhagsPa-Regular already registered in fonts database. Skipping.
2025-10-13 00:19:14,637 INFO /System/Library/Fonts/Supplemental/NotoSansPhagsPa-Regular.ttf : NotoSansPhagsPa-Regular already registered in fonts database. Skipping.
2025-10-13 00:19:14,645 INFO /System/Library/Fonts/Supplemental/NotoSansPhoenician-Regular.ttf : NotoSansPhoenician-Regular already registered in fonts database. Skipping.
2025-10-13 00:19:14,652 INFO /System/Library/Fonts/Supplemental/NotoSansPhoenician-Regular.ttf : NotoSansPhoenician-Regular already registered in fonts database. Skipping.
2025-10-13 00:19:14,665 INFO /System/Library/Fonts/Supplemental/NotoSansPsalterPahlavi-Regular.ttf : NotoSansPsalterPahlavi-Regular already registered in fonts database. Skipping.
2025-10-13 00:19:14,677 INFO /System/Library/Fonts/Supplemental/NotoSansPsalterPahlavi-Regular.ttf : NotoSansPsalterPahlavi-Regular already registered in fonts database. Skipping.
2025-10-13 00:19:14,685 INFO /System/Library/Fonts/Supplemental/NotoSansRejang-Regular.ttf : NotoSansRejang-Regular already registered in fonts database. Skipping.
2025-10-13 00:19:14,692 INFO /System/Library/Fonts/Supplemental/NotoSansRejang-Regular.ttf : NotoSansRejang-Regular already registered in fonts database. Skipping.
2025-10-13 00:19:14,701 INFO /System/Library/Fonts/Supplemental/NotoSansSamaritan-Regular.ttf : NotoSansSamaritan-Regular already registered in fonts database. Skipping.
2025-10-13 00:19:14,710 INFO /System/Library/Fonts/Supplemental/NotoSansSamaritan-Regular.ttf : NotoSansSamaritan-Regular already registered in fonts database. Skipping.
2025-10-13 00:19:14,721 INFO /System/Library/Fonts/Supplemental/NotoSansSaurashtra-Regular.ttf : NotoSansSaurashtra-Regular already registered in fonts database. Skipping.
2025-10-13 00:19:14,732 INFO /System/Library/Fonts/Supplemental/NotoSansSaurashtra-Regular.ttf : NotoSansSaurashtra-Regular already registered in fonts database. Skipping.
2025-10-13 00:19:14,748 INFO /System/Library/Fonts/Supplemental/NotoSansSharada-Regular.ttf : NotoSansSharada-Regular already registered in fonts database. Skipping.
2025-10-13 00:19:14,764 INFO /System/Library/Fonts/Supplemental/NotoSansSharada-Regular.ttf : NotoSansSharada-Regular already registered in fonts database. Skipping.
2025-10-13 00:19:14,772 INFO /System/Library/Fonts/Supplemental/NotoSansSoraSompeng-Regular.ttf : NotoSansSoraSompeng-Regular already registered in fonts database. Skipping.
2025-10-13 00:19:14,780 INFO /System/Library/Fonts/Supplemental/NotoSansSoraSompeng-Regular.ttf : NotoSansSoraSompeng-Regular already registered in fonts database. Skipping.
2025-10-13 00:19:14,789 INFO /System/Library/Fonts/Supplemental/NotoSansSundanese-Regular.ttf : NotoSansSundanese-Regular already registered in fonts database. Skipping.
2025-10-13 00:19:14,797 INFO /System/Library/Fonts/Supplemental/NotoSansSundanese-Regular.ttf : NotoSansSundanese-Regular already registered in fonts database. Skipping.
2025-10-13 00:19:14,807 INFO /System/Library/Fonts/Supplemental/NotoSansSylotiNagri-Regular.ttf : NotoSansSylotiNagri-Regular already registered in fonts database. Skipping.
2025-10-13 00:19:14,817 INFO /System/Library/Fonts/Supplemental/NotoSansSylotiNagri-Regular.ttf : NotoSansSylotiNagri-Regular already registered in fonts database. Skipping.
2025-10-13 00:19:14,837 INFO /System/Library/Fonts/Supplemental/NotoSansSyriac-Regular.ttf : NotoSansSyriac-Regular already registered in fonts database. Skipping.
2025-10-13 00:19:14,855 INFO /System/Library/Fonts/Supplemental/NotoSansSyriac-Regular.ttf : NotoSansSyriac-Regular already registered in fonts database. Skipping.
2025-10-13 00:19:14,863 INFO /System/Library/Fonts/Supplemental/NotoSansTagalog-Regular.ttf : NotoSansTagalog-Regular already registered in fonts database. Skipping.
2025-10-13 00:19:14,871 INFO /System/Library/Fonts/Supplemental/NotoSansTagalog-Regular.ttf : NotoSansTagalog-Regular already registered in fonts database. Skipping.
2025-10-13 00:19:14,878 INFO /System/Library/Fonts/Supplemental/NotoSansTagbanwa-Regular.ttf : NotoSansTagbanwa-Regular already registered in fonts database. Skipping.
2025-10-13 00:19:14,885 INFO /System/Library/Fonts/Supplemental/NotoSansTagbanwa-Regular.ttf : NotoSansTagbanwa-Regular already registered in fonts database. Skipping.
2025-10-13 00:19:14,896 INFO /System/Library/Fonts/Supplemental/NotoSansTaiLe-Regular.ttf : NotoSansTaiLe-Regular already registered in fonts database. Skipping.
2025-10-13 00:19:14,906 INFO /System/Library/Fonts/Supplemental/NotoSansTaiLe-Regular.ttf : NotoSansTaiLe-Regular already registered in fonts database. Skipping.
2025-10-13 00:19:14,925 INFO /System/Library/Fonts/Supplemental/NotoSansTaiTham-Regular.ttf : NotoSansTaiTham already registered in fonts database. Skipping.
2025-10-13 00:19:14,943 INFO /System/Library/Fonts/Supplemental/NotoSansTaiTham-Regular.ttf : NotoSansTaiTham already registered in fonts database. Skipping.
2025-10-13 00:19:14,955 INFO /System/Library/Fonts/Supplemental/NotoSansTaiViet-Regular.ttf : NotoSansTaiViet-Regular already registered in fonts database. Skipping.
2025-10-13 00:19:14,967 INFO /System/Library/Fonts/Supplemental/NotoSansTaiViet-Regular.ttf : NotoSansTaiViet-Regular already registered in fonts database. Skipping.
2025-10-13 00:19:14,977 INFO /System/Library/Fonts/Supplemental/NotoSansTakri-Regular.ttf : NotoSansTakri-Regular already registered in fonts database. Skipping.
2025-10-13 00:19:14,986 INFO /System/Library/Fonts/Supplemental/NotoSansTakri-Regular.ttf : NotoSansTakri-Regular already registered in fonts database. Skipping.
2025-10-13 00:19:14,999 INFO /System/Library/Fonts/Supplemental/NotoSansThaana-Regular.ttf : NotoSansThaana-Regular already registered in fonts database. Skipping.
2025-10-13 00:19:15,012 INFO /System/Library/Fonts/Supplemental/NotoSansThaana-Regular.ttf : NotoSansThaana-Regular already registered in fonts database. Skipping.
2025-10-13 00:19:15,031 INFO /System/Library/Fonts/Supplemental/NotoSansTirhuta-Regular.ttf : NotoSansTirhuta-Regular already registered in fonts database. Skipping.
2025-10-13 00:19:15,050 INFO /System/Library/Fonts/Supplemental/NotoSansTirhuta-Regular.ttf : NotoSansTirhuta-Regular already registered in fonts database. Skipping.
2025-10-13 00:19:15,058 INFO /System/Library/Fonts/Supplemental/NotoSansUgaritic-Regular.ttf : NotoSansUgaritic-Regular already registered in fonts database. Skipping.
2025-10-13 00:19:15,066 INFO /System/Library/Fonts/Supplemental/NotoSansUgaritic-Regular.ttf : NotoSansUgaritic-Regular already registered in fonts database. Skipping.
2025-10-13 00:19:15,086 INFO /System/Library/Fonts/Supplemental/NotoSansVai-Regular.ttf : NotoSansVai-Regular already registered in fonts database. Skipping.
2025-10-13 00:19:15,107 INFO /System/Library/Fonts/Supplemental/NotoSansVai-Regular.ttf : NotoSansVai-Regular already registered in fonts database. Skipping.
2025-10-13 00:19:15,116 INFO /System/Library/Fonts/Supplemental/NotoSansWancho-Regular.ttf : NotoSansWancho-Regular already registered in fonts database. Skipping.
2025-10-13 00:19:15,126 INFO /System/Library/Fonts/Supplemental/NotoSansWancho-Regular.ttf : NotoSansWancho-Regular already registered in fonts database. Skipping.
2025-10-13 00:19:15,136 INFO /System/Library/Fonts/Supplemental/NotoSansWarangCiti-Regular.ttf : NotoSansWarangCiti-Regular already registered in fonts database. Skipping.
2025-10-13 00:19:15,146 INFO /System/Library/Fonts/Supplemental/NotoSansWarangCiti-Regular.ttf : NotoSansWarangCiti-Regular already registered in fonts database. Skipping.
2025-10-13 00:19:15,199 INFO /System/Library/Fonts/Supplemental/NotoSansYi-Regular.ttf : NotoSansYi-Regular already registered in fonts database. Skipping.
2025-10-13 00:19:15,254 INFO /System/Library/Fonts/Supplemental/NotoSansYi-Regular.ttf : NotoSansYi-Regular already registered in fonts database. Skipping.
2025-10-13 00:19:15,267 INFO /System/Library/Fonts/Supplemental/NotoSerifAhom-Regular.ttf : NotoSerifAhom-Regular already registered in fonts database. Skipping.
2025-10-13 00:19:15,279 INFO /System/Library/Fonts/Supplemental/NotoSerifAhom-Regular.ttf : NotoSerifAhom-Regular already registered in fonts database. Skipping.
2025-10-13 00:19:15,307 INFO /System/Library/Fonts/Supplemental/NotoSerifBalinese-Regular.ttf : NotoSerifBalinese-Regular already registered in fonts database. Skipping.
2025-10-13 00:19:15,336 INFO /System/Library/Fonts/Supplemental/NotoSerifBalinese-Regular.ttf : NotoSerifBalinese-Regular already registered in fonts database. Skipping.
2025-10-13 00:19:15,344 INFO /System/Library/Fonts/Supplemental/NotoSerifNyiakengPuachueHmong-Regular.ttf : NotoSerifHmongNyiakeng-Regular already registered in fonts database. Skipping.
2025-10-13 00:19:15,352 INFO /System/Library/Fonts/Supplemental/NotoSerifNyiakengPuachueHmong-Regular.ttf : NotoSerifHmongNyiakeng-Regular already registered in fonts database. Skipping.
2025-10-13 00:19:15,455 INFO /System/Library/Fonts/Supplemental/PartyLET-plain.ttf : PartyLetPlain already registered in fonts database. Skipping.
2025-10-13 00:19:15,557 INFO /System/Library/Fonts/Supplemental/PartyLET-plain.ttf : PartyLetPlain already registered in fonts database. Skipping.
2025-10-13 00:19:15,600 INFO /System/Library/Fonts/Supplemental/PlantagenetCherokee.ttf : No FontName. Skipping.
2025-10-13 00:19:15,643 INFO /System/Library/Fonts/Supplemental/PlantagenetCherokee.ttf : No FontName. Skipping.
2025-10-13 00:19:15,683 INFO /System/Library/Fonts/Supplemental/Sathu.ttf : No FontName. Skipping.
2025-10-13 00:19:15,723 INFO /System/Library/Fonts/Supplemental/Sathu.ttf : No FontName. Skipping.
2025-10-13 00:19:15,748 INFO /System/Library/Fonts/Supplemental/Silom.ttf : No FontName. Skipping.
2025-10-13 00:19:15,771 INFO /System/Library/Fonts/Supplemental/Silom.ttf : No FontName. Skipping.
2025-10-13 00:19:15,799 INFO /System/Library/Fonts/Supplemental/Skia.ttf : No FontName. Skipping.
2025-10-13 00:19:15,827 INFO /System/Library/Fonts/Supplemental/Skia.ttf : No FontName. Skipping.
2025-10-13 00:19:15,969 INFO /System/Library/Fonts/Supplemental/STIXTwoText-Italic.ttf : STIXTwoText-Italic already registered in fonts database. Skipping.
2025-10-13 00:19:16,101 INFO /System/Library/Fonts/Supplemental/STIXTwoText-Italic.ttf : STIXTwoText-Italic already registered in fonts database. Skipping.
2025-10-13 00:19:16,272 INFO /System/Library/Fonts/Supplemental/STIXTwoText.ttf : STIXTwoText already registered in fonts database. Skipping.
2025-10-13 00:19:16,391 INFO /System/Library/Fonts/Supplemental/STIXTwoText.ttf : STIXTwoText already registered in fonts database. Skipping.
2025-10-13 00:19:16,484 INFO /System/Library/Fonts/Supplemental/Tahoma Bold.ttf : Tahoma-Bold already registered in fonts database. Skipping.
2025-10-13 00:19:16,577 INFO /System/Library/Fonts/Supplemental/Tahoma Bold.ttf : Tahoma-Bold already registered in fonts database. Skipping.
2025-10-13 00:19:16,679 INFO /System/Library/Fonts/Supplemental/Tahoma.ttf : Tahoma already registered in fonts database. Skipping.
2025-10-13 00:19:16,779 INFO /System/Library/Fonts/Supplemental/Tahoma.ttf : Tahoma already registered in fonts database. Skipping.
2025-10-13 00:19:16,909 INFO /System/Library/Fonts/Supplemental/Times New Roman Bold Italic.ttf : TimesNewRomanPS-BoldItalicMT already registered in fonts database. Skipping.
2025-10-13 00:19:17,031 INFO /System/Library/Fonts/Supplemental/Times New Roman Bold Italic.ttf : TimesNewRomanPS-BoldItalicMT already registered in fonts database. Skipping.
2025-10-13 00:19:17,176 INFO /System/Library/Fonts/Supplemental/Times New Roman Bold.ttf : TimesNewRomanPS-BoldMT already registered in fonts database. Skipping.
2025-10-13 00:19:17,320 INFO /System/Library/Fonts/Supplemental/Times New Roman Bold.ttf : TimesNewRomanPS-BoldMT already registered in fonts database. Skipping.
2025-10-13 00:19:17,426 INFO /System/Library/Fonts/Supplemental/Times New Roman Italic.ttf : TimesNewRomanPS-ItalicMT already registered in fonts database. Skipping.
2025-10-13 00:19:17,531 INFO /System/Library/Fonts/Supplemental/Times New Roman Italic.ttf : TimesNewRomanPS-ItalicMT already registered in fonts database. Skipping.
2025-10-13 00:19:17,686 INFO /System/Library/Fonts/Supplemental/Times New Roman.ttf : TimesNewRomanPSMT already registered in fonts database. Skipping.
2025-10-13 00:19:17,840 INFO /System/Library/Fonts/Supplemental/Times New Roman.ttf : TimesNewRomanPSMT already registered in fonts database. Skipping.
2025-10-13 00:19:19,743 INFO /System/Library/Fonts/Supplemental/Trattatello.ttf : Trattatello already registered in fonts database. Skipping.
2025-10-13 00:19:21,632 INFO /System/Library/Fonts/Supplemental/Trattatello.ttf : Trattatello already registered in fonts database. Skipping.
2025-10-13 00:19:21,653 INFO /System/Library/Fonts/Supplemental/Trebuchet MS Bold Italic.ttf : Trebuchet-BoldItalic already registered in fonts database. Skipping.
2025-10-13 00:19:21,670 INFO /System/Library/Fonts/Supplemental/Trebuchet MS Bold Italic.ttf : Trebuchet-BoldItalic already registered in fonts database. Skipping.
2025-10-13 00:19:21,687 INFO /System/Library/Fonts/Supplemental/Trebuchet MS Bold.ttf : TrebuchetMS-Bold already registered in fonts database. Skipping.
2025-10-13 00:19:21,700 INFO /System/Library/Fonts/Supplemental/Trebuchet MS Bold.ttf : TrebuchetMS-Bold already registered in fonts database. Skipping.
2025-10-13 00:19:21,720 INFO /System/Library/Fonts/Supplemental/Trebuchet MS Italic.ttf : TrebuchetMS-Italic already registered in fonts database. Skipping.
2025-10-13 00:19:21,735 INFO /System/Library/Fonts/Supplemental/Trebuchet MS Italic.ttf : TrebuchetMS-Italic already registered in fonts database. Skipping.
2025-10-13 00:19:21,752 INFO /System/Library/Fonts/Supplemental/Trebuchet MS.ttf : TrebuchetMS already registered in fonts database. Skipping.
2025-10-13 00:19:21,769 INFO /System/Library/Fonts/Supplemental/Trebuchet MS.ttf : TrebuchetMS already registered in fonts database. Skipping.
2025-10-13 00:19:21,794 INFO /System/Library/Fonts/Supplemental/Verdana Bold Italic.ttf : Verdana-BoldItalic already registered in fonts database. Skipping.
2025-10-13 00:19:21,818 INFO /System/Library/Fonts/Supplemental/Verdana Bold Italic.ttf : Verdana-BoldItalic already registered in fonts database. Skipping.
2025-10-13 00:19:21,846 INFO /System/Library/Fonts/Supplemental/Verdana Bold.ttf : Verdana-Bold already registered in fonts database. Skipping.
2025-10-13 00:19:21,870 INFO /System/Library/Fonts/Supplemental/Verdana Bold.ttf : Verdana-Bold already registered in fonts database. Skipping.
2025-10-13 00:19:21,896 INFO /System/Library/Fonts/Supplemental/Verdana Italic.ttf : Verdana-Italic already registered in fonts database. Skipping.
2025-10-13 00:19:21,923 INFO /System/Library/Fonts/Supplemental/Verdana Italic.ttf : Verdana-Italic already registered in fonts database. Skipping.
2025-10-13 00:19:21,950 INFO /System/Library/Fonts/Supplemental/Verdana.ttf : Verdana already registered in fonts database. Skipping.
2025-10-13 00:19:21,975 INFO /System/Library/Fonts/Supplemental/Verdana.ttf : Verdana already registered in fonts database. Skipping.
2025-10-13 00:19:22,009 INFO /System/Library/Fonts/Supplemental/Webdings.ttf : Webdings already registered in fonts database. Skipping.
2025-10-13 00:19:22,038 INFO /System/Library/Fonts/Supplemental/Webdings.ttf : Webdings already registered in fonts database. Skipping.
2025-10-13 00:19:22,056 INFO /System/Library/Fonts/Supplemental/Wingdings 2.ttf : Wingdings2 already registered in fonts database. Skipping.
2025-10-13 00:19:22,069 INFO /System/Library/Fonts/Supplemental/Wingdings 2.ttf : Wingdings2 already registered in fonts database. Skipping.
2025-10-13 00:19:22,078 INFO /System/Library/Fonts/Supplemental/Wingdings 3.ttf : Wingdings3 already registered in fonts database. Skipping.
2025-10-13 00:19:22,086 INFO /System/Library/Fonts/Supplemental/Wingdings 3.ttf : Wingdings3 already registered in fonts database. Skipping.
2025-10-13 00:19:22,102 INFO /System/Library/Fonts/Supplemental/Wingdings.ttf : Wingdings-Regular already registered in fonts database. Skipping.
2025-10-13 00:19:22,116 INFO /System/Library/Fonts/Supplemental/Wingdings.ttf : Wingdings-Regular already registered in fonts database. Skipping.
2025-10-13 00:19:22,504 INFO /System/Library/Fonts/Supplemental/Zapfino.ttf : No FontName. Skipping.
2025-10-13 00:19:22,903 INFO /System/Library/Fonts/Supplemental/Zapfino.ttf : No FontName. Skipping.
2025-10-13 00:19:22,917 INFO /System/Library/Fonts/Symbol.ttf : No FontName. Skipping.
2025-10-13 00:19:22,933 INFO /System/Library/Fonts/ZapfDingbats.ttf : No FontName. Skipping.
2025-10-13 00:19:22,933 INFO Found FontName for 0 fonts.
2025-10-13 00:19:22,933 INFO Scanning afm files in /Library/Frameworks/R.framework/Versions/4.5-arm64/Resources/library/extrafontdb/metrics
2025-10-13 00:19:23,059 INFO .Keyboard already registered with pdfFont().
2025-10-13 00:19:23,060 INFO .New York already registered with pdfFont().
2025-10-13 00:19:23,060 INFO .SF Arabic already registered with pdfFont().
2025-10-13 00:19:23,060 INFO .SF Arabic Rounded already registered with pdfFont().
2025-10-13 00:19:23,060 INFO .SF Armenian already registered with pdfFont().
2025-10-13 00:19:23,060 INFO .SF Armenian Rounded already registered with pdfFont().
2025-10-13 00:19:23,060 INFO .SF Camera already registered with pdfFont().
2025-10-13 00:19:23,060 INFO .SF Compact already registered with pdfFont().
2025-10-13 00:19:23,060 INFO .SF Compact Rounded already registered with pdfFont().
2025-10-13 00:19:23,060 INFO .SF Georgian already registered with pdfFont().
2025-10-13 00:19:23,060 INFO .SF Georgian Rounded already registered with pdfFont().
2025-10-13 00:19:23,060 INFO .SF Hebrew already registered with pdfFont().
2025-10-13 00:19:23,060 INFO .SF Hebrew Rounded already registered with pdfFont().
2025-10-13 00:19:23,060 INFO .SF NS Mono already registered with pdfFont().
2025-10-13 00:19:23,060 INFO .SF NS Rounded already registered with pdfFont().
2025-10-13 00:19:23,060 INFO Academy Engraved LET already registered with pdfFont().
2025-10-13 00:19:23,060 INFO Andale Mono already registered with pdfFont().
2025-10-13 00:19:23,060 INFO More than one version of regular/bold/italic found for Apple Braille. Skipping setup for this font.
2025-10-13 00:19:23,060 INFO AppleMyungjo already registered with pdfFont().
2025-10-13 00:19:23,060 INFO Arial already registered with pdfFont().
2025-10-13 00:19:23,060 INFO Arial Black already registered with pdfFont().
2025-10-13 00:19:23,060 INFO Arial Narrow already registered with pdfFont().
2025-10-13 00:19:23,060 INFO Arial Rounded MT Bold already registered with pdfFont().
2025-10-13 00:19:23,060 INFO Arial Unicode MS already registered with pdfFont().
2025-10-13 00:19:23,060 INFO Bodoni 72 Smallcaps already registered with pdfFont().
2025-10-13 00:19:23,060 INFO Bodoni Ornaments already registered with pdfFont().
2025-10-13 00:19:23,060 INFO No regular (non-bold, non-italic) version of Brush Script MT. Skipping setup for this font.
2025-10-13 00:19:23,060 INFO Comic Sans MS already registered with pdfFont().
2025-10-13 00:19:23,060 INFO Courier New already registered with pdfFont().
2025-10-13 00:19:23,060 INFO No regular (non-bold, non-italic) version of DIN Alternate. Skipping setup for this font.
2025-10-13 00:19:23,060 INFO No regular (non-bold, non-italic) version of DIN Condensed. Skipping setup for this font.
2025-10-13 00:19:23,060 INFO Georgia already registered with pdfFont().
2025-10-13 00:19:23,060 INFO Impact already registered with pdfFont().
2025-10-13 00:19:23,060 INFO Khmer Sangam MN already registered with pdfFont().
2025-10-13 00:19:23,060 INFO Lao Sangam MN already registered with pdfFont().
2025-10-13 00:19:23,060 INFO Luminari already registered with pdfFont().
2025-10-13 00:19:23,060 INFO Microsoft Sans Serif already registered with pdfFont().
2025-10-13 00:19:23,060 INFO Noto Sans Adlam already registered with pdfFont().
2025-10-13 00:19:23,060 INFO Noto Sans Avestan already registered with pdfFont().
2025-10-13 00:19:23,060 INFO Noto Sans Bamum already registered with pdfFont().
2025-10-13 00:19:23,060 INFO Noto Sans Bassa Vah already registered with pdfFont().
2025-10-13 00:19:23,060 INFO Noto Sans Batak already registered with pdfFont().
2025-10-13 00:19:23,060 INFO Noto Sans Bhaiksuki already registered with pdfFont().
2025-10-13 00:19:23,060 INFO Noto Sans Brahmi already registered with pdfFont().
2025-10-13 00:19:23,060 INFO Noto Sans Buginese already registered with pdfFont().
2025-10-13 00:19:23,060 INFO Noto Sans Buhid already registered with pdfFont().
2025-10-13 00:19:23,060 INFO Noto Sans Carian already registered with pdfFont().
2025-10-13 00:19:23,061 INFO Noto Sans CaucAlban already registered with pdfFont().
2025-10-13 00:19:23,061 INFO Noto Sans Chakma already registered with pdfFont().
2025-10-13 00:19:23,061 INFO Noto Sans Cham already registered with pdfFont().
2025-10-13 00:19:23,061 INFO Noto Sans Coptic already registered with pdfFont().
2025-10-13 00:19:23,061 INFO Noto Sans Cuneiform already registered with pdfFont().
2025-10-13 00:19:23,061 INFO Noto Sans Cypriot already registered with pdfFont().
2025-10-13 00:19:23,061 INFO Noto Sans Duployan already registered with pdfFont().
2025-10-13 00:19:23,061 INFO Noto Sans EgyptHiero already registered with pdfFont().
2025-10-13 00:19:23,061 INFO Noto Sans Elbasan already registered with pdfFont().
2025-10-13 00:19:23,061 INFO Noto Sans Glagolitic already registered with pdfFont().
2025-10-13 00:19:23,061 INFO Noto Sans Gothic already registered with pdfFont().
2025-10-13 00:19:23,061 INFO Noto Sans HanifiRohg already registered with pdfFont().
2025-10-13 00:19:23,061 INFO Noto Sans Hanunoo already registered with pdfFont().
2025-10-13 00:19:23,061 INFO Noto Sans Hatran already registered with pdfFont().
2025-10-13 00:19:23,061 INFO Noto Sans ImpAramaic already registered with pdfFont().
2025-10-13 00:19:23,061 INFO Noto Sans InsPahlavi already registered with pdfFont().
2025-10-13 00:19:23,061 INFO Noto Sans InsParthi already registered with pdfFont().
2025-10-13 00:19:23,061 INFO Noto Sans Kaithi already registered with pdfFont().
2025-10-13 00:19:23,061 INFO Noto Sans Kayah Li already registered with pdfFont().
2025-10-13 00:19:23,061 INFO Noto Sans Kharoshthi already registered with pdfFont().
2025-10-13 00:19:23,061 INFO Noto Sans Khojki already registered with pdfFont().
2025-10-13 00:19:23,061 INFO Noto Sans Khudawadi already registered with pdfFont().
2025-10-13 00:19:23,061 INFO Noto Sans Lepcha already registered with pdfFont().
2025-10-13 00:19:23,061 INFO Noto Sans Limbu already registered with pdfFont().
2025-10-13 00:19:23,061 INFO Noto Sans Linear A already registered with pdfFont().
2025-10-13 00:19:23,061 INFO Noto Sans Linear B already registered with pdfFont().
2025-10-13 00:19:23,061 INFO Noto Sans Lisu already registered with pdfFont().
2025-10-13 00:19:23,061 INFO Noto Sans Lycian already registered with pdfFont().
2025-10-13 00:19:23,061 INFO Noto Sans Lydian already registered with pdfFont().
2025-10-13 00:19:23,061 INFO Noto Sans Mahajani already registered with pdfFont().
2025-10-13 00:19:23,061 INFO Noto Sans Mandaic already registered with pdfFont().
2025-10-13 00:19:23,061 INFO Noto Sans Manichaean already registered with pdfFont().
2025-10-13 00:19:23,061 INFO Noto Sans Marchen already registered with pdfFont().
2025-10-13 00:19:23,061 INFO Noto Sans MeeteiMayek already registered with pdfFont().
2025-10-13 00:19:23,061 INFO Noto Sans Mende Kikakui already registered with pdfFont().
2025-10-13 00:19:23,061 INFO Noto Sans Meroitic already registered with pdfFont().
2025-10-13 00:19:23,061 INFO Noto Sans Miao already registered with pdfFont().
2025-10-13 00:19:23,061 INFO Noto Sans Modi already registered with pdfFont().
2025-10-13 00:19:23,061 INFO Noto Sans Mongolian already registered with pdfFont().
2025-10-13 00:19:23,061 INFO Noto Sans Mro already registered with pdfFont().
2025-10-13 00:19:23,061 INFO Noto Sans Multani already registered with pdfFont().
2025-10-13 00:19:23,061 INFO Noto Sans Nabataean already registered with pdfFont().
2025-10-13 00:19:23,061 INFO Noto Sans Newa already registered with pdfFont().
2025-10-13 00:19:23,061 INFO Noto Sans NewTaiLue already registered with pdfFont().
2025-10-13 00:19:23,062 INFO Noto Sans NKo already registered with pdfFont().
2025-10-13 00:19:23,062 INFO Noto Sans Ol Chiki already registered with pdfFont().
2025-10-13 00:19:23,062 INFO No regular (non-bold, non-italic) version of Noto Sans Old Italic. Skipping setup for this font.
2025-10-13 00:19:23,062 INFO Noto Sans Old Permic already registered with pdfFont().
2025-10-13 00:19:23,062 INFO Noto Sans Old Turkic already registered with pdfFont().
2025-10-13 00:19:23,062 INFO Noto Sans OldHung already registered with pdfFont().
2025-10-13 00:19:23,062 INFO Noto Sans OldNorArab already registered with pdfFont().
2025-10-13 00:19:23,062 INFO Noto Sans OldPersian already registered with pdfFont().
2025-10-13 00:19:23,062 INFO Noto Sans OldSouArab already registered with pdfFont().
2025-10-13 00:19:23,062 INFO Noto Sans Osage already registered with pdfFont().
2025-10-13 00:19:23,062 INFO Noto Sans Osmanya already registered with pdfFont().
2025-10-13 00:19:23,062 INFO Noto Sans Pahawh Hmong already registered with pdfFont().
2025-10-13 00:19:23,062 INFO Noto Sans Palmyrene already registered with pdfFont().
2025-10-13 00:19:23,062 INFO Noto Sans PauCinHau already registered with pdfFont().
2025-10-13 00:19:23,062 INFO Noto Sans PhagsPa already registered with pdfFont().
2025-10-13 00:19:23,062 INFO Noto Sans Phoenician already registered with pdfFont().
2025-10-13 00:19:23,062 INFO Noto Sans PsaPahlavi already registered with pdfFont().
2025-10-13 00:19:23,062 INFO Noto Sans Rejang already registered with pdfFont().
2025-10-13 00:19:23,062 INFO Noto Sans Samaritan already registered with pdfFont().
2025-10-13 00:19:23,062 INFO Noto Sans Saurashtra already registered with pdfFont().
2025-10-13 00:19:23,062 INFO Noto Sans Sharada already registered with pdfFont().
2025-10-13 00:19:23,062 INFO Noto Sans SoraSomp already registered with pdfFont().
2025-10-13 00:19:23,062 INFO Noto Sans Sundanese already registered with pdfFont().
2025-10-13 00:19:23,062 INFO Noto Sans Syloti Nagri already registered with pdfFont().
2025-10-13 00:19:23,062 INFO Noto Sans Syriac already registered with pdfFont().
2025-10-13 00:19:23,062 INFO Noto Sans Tagalog already registered with pdfFont().
2025-10-13 00:19:23,062 INFO Noto Sans Tagbanwa already registered with pdfFont().
2025-10-13 00:19:23,062 INFO Noto Sans Tai Le already registered with pdfFont().
2025-10-13 00:19:23,062 INFO Noto Sans Tai Tham already registered with pdfFont().
2025-10-13 00:19:23,062 INFO Noto Sans Tai Viet already registered with pdfFont().
2025-10-13 00:19:23,062 INFO Noto Sans Takri already registered with pdfFont().
2025-10-13 00:19:23,062 INFO Noto Sans Thaana already registered with pdfFont().
2025-10-13 00:19:23,062 INFO Noto Sans Tirhuta already registered with pdfFont().
2025-10-13 00:19:23,062 INFO Noto Sans Ugaritic already registered with pdfFont().
2025-10-13 00:19:23,062 INFO Noto Sans Vai already registered with pdfFont().
2025-10-13 00:19:23,062 INFO Noto Sans Wancho already registered with pdfFont().
2025-10-13 00:19:23,062 INFO Noto Sans WarangCiti already registered with pdfFont().
2025-10-13 00:19:23,062 INFO Noto Sans Yi already registered with pdfFont().
2025-10-13 00:19:23,062 INFO Noto Serif Ahom already registered with pdfFont().
2025-10-13 00:19:23,062 INFO Noto Serif Balinese already registered with pdfFont().
2025-10-13 00:19:23,062 INFO Noto Serif Hmong Nyiakeng already registered with pdfFont().
2025-10-13 00:19:23,062 INFO Party LET already registered with pdfFont().
2025-10-13 00:19:23,062 INFO STIX Two Text already registered with pdfFont().
2025-10-13 00:19:23,062 INFO System Font already registered with pdfFont().
2025-10-13 00:19:23,062 INFO Tahoma already registered with pdfFont().
2025-10-13 00:19:23,062 INFO Times New Roman already registered with pdfFont().
2025-10-13 00:19:23,062 INFO Trattatello already registered with pdfFont().
2025-10-13 00:19:23,062 INFO Trebuchet MS already registered with pdfFont().
2025-10-13 00:19:23,062 INFO Verdana already registered with pdfFont().
2025-10-13 00:19:23,063 INFO Webdings already registered with pdfFont().
2025-10-13 00:19:23,063 INFO Wingdings already registered with pdfFont().
2025-10-13 00:19:23,063 INFO Wingdings 2 already registered with pdfFont().
2025-10-13 00:19:23,063 INFO Wingdings 3 already registered with pdfFont().
2025-10-13 00:19:23,068 INFO .Keyboard already registered with postscriptFont().
2025-10-13 00:19:23,068 INFO .New York already registered with postscriptFont().
2025-10-13 00:19:23,068 INFO .SF Arabic already registered with postscriptFont().
2025-10-13 00:19:23,068 INFO .SF Arabic Rounded already registered with postscriptFont().
2025-10-13 00:19:23,068 INFO .SF Armenian already registered with postscriptFont().
2025-10-13 00:19:23,068 INFO .SF Armenian Rounded already registered with postscriptFont().
2025-10-13 00:19:23,068 INFO .SF Camera already registered with postscriptFont().
2025-10-13 00:19:23,068 INFO .SF Compact already registered with postscriptFont().
2025-10-13 00:19:23,068 INFO .SF Compact Rounded already registered with postscriptFont().
2025-10-13 00:19:23,068 INFO .SF Georgian already registered with postscriptFont().
2025-10-13 00:19:23,068 INFO .SF Georgian Rounded already registered with postscriptFont().
2025-10-13 00:19:23,068 INFO .SF Hebrew already registered with postscriptFont().
2025-10-13 00:19:23,068 INFO .SF Hebrew Rounded already registered with postscriptFont().
2025-10-13 00:19:23,068 INFO .SF NS Mono already registered with postscriptFont().
2025-10-13 00:19:23,068 INFO .SF NS Rounded already registered with postscriptFont().
2025-10-13 00:19:23,068 INFO Academy Engraved LET already registered with postscriptFont().
2025-10-13 00:19:23,068 INFO Andale Mono already registered with postscriptFont().
2025-10-13 00:19:23,068 INFO More than one version of regular/bold/italic found for Apple Braille. Skipping setup for this font.
2025-10-13 00:19:23,068 INFO AppleMyungjo already registered with postscriptFont().
2025-10-13 00:19:23,068 INFO Arial already registered with postscriptFont().
2025-10-13 00:19:23,068 INFO Arial Black already registered with postscriptFont().
2025-10-13 00:19:23,068 INFO Arial Narrow already registered with postscriptFont().
2025-10-13 00:19:23,068 INFO Arial Rounded MT Bold already registered with postscriptFont().
2025-10-13 00:19:23,068 INFO Arial Unicode MS already registered with postscriptFont().
2025-10-13 00:19:23,068 INFO Bodoni 72 Smallcaps already registered with postscriptFont().
2025-10-13 00:19:23,068 INFO Bodoni Ornaments already registered with postscriptFont().
2025-10-13 00:19:23,068 INFO No regular (non-bold, non-italic) version of Brush Script MT. Skipping setup for this font.
2025-10-13 00:19:23,069 INFO Comic Sans MS already registered with postscriptFont().
2025-10-13 00:19:23,069 INFO Courier New already registered with postscriptFont().
2025-10-13 00:19:23,069 INFO No regular (non-bold, non-italic) version of DIN Alternate. Skipping setup for this font.
2025-10-13 00:19:23,069 INFO No regular (non-bold, non-italic) version of DIN Condensed. Skipping setup for this font.
2025-10-13 00:19:23,069 INFO Georgia already registered with postscriptFont().
2025-10-13 00:19:23,069 INFO Impact already registered with postscriptFont().
2025-10-13 00:19:23,069 INFO Khmer Sangam MN already registered with postscriptFont().
2025-10-13 00:19:23,069 INFO Lao Sangam MN already registered with postscriptFont().
2025-10-13 00:19:23,069 INFO Luminari already registered with postscriptFont().
2025-10-13 00:19:23,069 INFO Microsoft Sans Serif already registered with postscriptFont().
2025-10-13 00:19:23,069 INFO Noto Sans Adlam already registered with postscriptFont().
2025-10-13 00:19:23,069 INFO Noto Sans Avestan already registered with postscriptFont().
2025-10-13 00:19:23,069 INFO Noto Sans Bamum already registered with postscriptFont().
2025-10-13 00:19:23,069 INFO Noto Sans Bassa Vah already registered with postscriptFont().
2025-10-13 00:19:23,069 INFO Noto Sans Batak already registered with postscriptFont().
2025-10-13 00:19:23,069 INFO Noto Sans Bhaiksuki already registered with postscriptFont().
2025-10-13 00:19:23,069 INFO Noto Sans Brahmi already registered with postscriptFont().
2025-10-13 00:19:23,069 INFO Noto Sans Buginese already registered with postscriptFont().
2025-10-13 00:19:23,069 INFO Noto Sans Buhid already registered with postscriptFont().
2025-10-13 00:19:23,069 INFO Noto Sans Carian already registered with postscriptFont().
2025-10-13 00:19:23,069 INFO Noto Sans CaucAlban already registered with postscriptFont().
2025-10-13 00:19:23,069 INFO Noto Sans Chakma already registered with postscriptFont().
2025-10-13 00:19:23,069 INFO Noto Sans Cham already registered with postscriptFont().
2025-10-13 00:19:23,069 INFO Noto Sans Coptic already registered with postscriptFont().
2025-10-13 00:19:23,069 INFO Noto Sans Cuneiform already registered with postscriptFont().
2025-10-13 00:19:23,069 INFO Noto Sans Cypriot already registered with postscriptFont().
2025-10-13 00:19:23,069 INFO Noto Sans Duployan already registered with postscriptFont().
2025-10-13 00:19:23,069 INFO Noto Sans EgyptHiero already registered with postscriptFont().
2025-10-13 00:19:23,069 INFO Noto Sans Elbasan already registered with postscriptFont().
2025-10-13 00:19:23,070 INFO Noto Sans Glagolitic already registered with postscriptFont().
2025-10-13 00:19:23,070 INFO Noto Sans Gothic already registered with postscriptFont().
2025-10-13 00:19:23,070 INFO Noto Sans HanifiRohg already registered with postscriptFont().
2025-10-13 00:19:23,070 INFO Noto Sans Hanunoo already registered with postscriptFont().
2025-10-13 00:19:23,070 INFO Noto Sans Hatran already registered with postscriptFont().
2025-10-13 00:19:23,070 INFO Noto Sans ImpAramaic already registered with postscriptFont().
2025-10-13 00:19:23,070 INFO Noto Sans InsPahlavi already registered with postscriptFont().
2025-10-13 00:19:23,070 INFO Noto Sans InsParthi already registered with postscriptFont().
2025-10-13 00:19:23,070 INFO Noto Sans Kaithi already registered with postscriptFont().
2025-10-13 00:19:23,070 INFO Noto Sans Kayah Li already registered with postscriptFont().
2025-10-13 00:19:23,070 INFO Noto Sans Kharoshthi already registered with postscriptFont().
2025-10-13 00:19:23,070 INFO Noto Sans Khojki already registered with postscriptFont().
2025-10-13 00:19:23,070 INFO Noto Sans Khudawadi already registered with postscriptFont().
2025-10-13 00:19:23,070 INFO Noto Sans Lepcha already registered with postscriptFont().
2025-10-13 00:19:23,070 INFO Noto Sans Limbu already registered with postscriptFont().
2025-10-13 00:19:23,070 INFO Noto Sans Linear A already registered with postscriptFont().
2025-10-13 00:19:23,070 INFO Noto Sans Linear B already registered with postscriptFont().
2025-10-13 00:19:23,070 INFO Noto Sans Lisu already registered with postscriptFont().
2025-10-13 00:19:23,070 INFO Noto Sans Lycian already registered with postscriptFont().
2025-10-13 00:19:23,070 INFO Noto Sans Lydian already registered with postscriptFont().
2025-10-13 00:19:23,070 INFO Noto Sans Mahajani already registered with postscriptFont().
2025-10-13 00:19:23,070 INFO Noto Sans Mandaic already registered with postscriptFont().
2025-10-13 00:19:23,070 INFO Noto Sans Manichaean already registered with postscriptFont().
2025-10-13 00:19:23,070 INFO Noto Sans Marchen already registered with postscriptFont().
2025-10-13 00:19:23,070 INFO Noto Sans MeeteiMayek already registered with postscriptFont().
2025-10-13 00:19:23,070 INFO Noto Sans Mende Kikakui already registered with postscriptFont().
2025-10-13 00:19:23,070 INFO Noto Sans Meroitic already registered with postscriptFont().
2025-10-13 00:19:23,070 INFO Noto Sans Miao already registered with postscriptFont().
2025-10-13 00:19:23,070 INFO Noto Sans Modi already registered with postscriptFont().
2025-10-13 00:19:23,070 INFO Noto Sans Mongolian already registered with postscriptFont().
2025-10-13 00:19:23,070 INFO Noto Sans Mro already registered with postscriptFont().
2025-10-13 00:19:23,070 INFO Noto Sans Multani already registered with postscriptFont().
2025-10-13 00:19:23,070 INFO Noto Sans Nabataean already registered with postscriptFont().
2025-10-13 00:19:23,070 INFO Noto Sans Newa already registered with postscriptFont().
2025-10-13 00:19:23,070 INFO Noto Sans NewTaiLue already registered with postscriptFont().
2025-10-13 00:19:23,071 INFO Noto Sans NKo already registered with postscriptFont().
2025-10-13 00:19:23,071 INFO Noto Sans Ol Chiki already registered with postscriptFont().
2025-10-13 00:19:23,071 INFO No regular (non-bold, non-italic) version of Noto Sans Old Italic. Skipping setup for this font.
2025-10-13 00:19:23,071 INFO Noto Sans Old Permic already registered with postscriptFont().
2025-10-13 00:19:23,071 INFO Noto Sans Old Turkic already registered with postscriptFont().
2025-10-13 00:19:23,071 INFO Noto Sans OldHung already registered with postscriptFont().
2025-10-13 00:19:23,071 INFO Noto Sans OldNorArab already registered with postscriptFont().
2025-10-13 00:19:23,071 INFO Noto Sans OldPersian already registered with postscriptFont().
2025-10-13 00:19:23,071 INFO Noto Sans OldSouArab already registered with postscriptFont().
2025-10-13 00:19:23,071 INFO Noto Sans Osage already registered with postscriptFont().
2025-10-13 00:19:23,071 INFO Noto Sans Osmanya already registered with postscriptFont().
2025-10-13 00:19:23,071 INFO Noto Sans Pahawh Hmong already registered with postscriptFont().
2025-10-13 00:19:23,071 INFO Noto Sans Palmyrene already registered with postscriptFont().
2025-10-13 00:19:23,071 INFO Noto Sans PauCinHau already registered with postscriptFont().
2025-10-13 00:19:23,071 INFO Noto Sans PhagsPa already registered with postscriptFont().
2025-10-13 00:19:23,071 INFO Noto Sans Phoenician already registered with postscriptFont().
2025-10-13 00:19:23,071 INFO Noto Sans PsaPahlavi already registered with postscriptFont().
2025-10-13 00:19:23,071 INFO Noto Sans Rejang already registered with postscriptFont().
2025-10-13 00:19:23,071 INFO Noto Sans Samaritan already registered with postscriptFont().
2025-10-13 00:19:23,071 INFO Noto Sans Saurashtra already registered with postscriptFont().
2025-10-13 00:19:23,071 INFO Noto Sans Sharada already registered with postscriptFont().
2025-10-13 00:19:23,071 INFO Noto Sans SoraSomp already registered with postscriptFont().
2025-10-13 00:19:23,071 INFO Noto Sans Sundanese already registered with postscriptFont().
2025-10-13 00:19:23,071 INFO Noto Sans Syloti Nagri already registered with postscriptFont().
2025-10-13 00:19:23,071 INFO Noto Sans Syriac already registered with postscriptFont().
2025-10-13 00:19:23,072 INFO Noto Sans Tagalog already registered with postscriptFont().
2025-10-13 00:19:23,072 INFO Noto Sans Tagbanwa already registered with postscriptFont().
2025-10-13 00:19:23,072 INFO Noto Sans Tai Le already registered with postscriptFont().
2025-10-13 00:19:23,072 INFO Noto Sans Tai Tham already registered with postscriptFont().
2025-10-13 00:19:23,072 INFO Noto Sans Tai Viet already registered with postscriptFont().
2025-10-13 00:19:23,072 INFO Noto Sans Takri already registered with postscriptFont().
2025-10-13 00:19:23,072 INFO Noto Sans Thaana already registered with postscriptFont().
2025-10-13 00:19:23,072 INFO Noto Sans Tirhuta already registered with postscriptFont().
2025-10-13 00:19:23,072 INFO Noto Sans Ugaritic already registered with postscriptFont().
2025-10-13 00:19:23,072 INFO Noto Sans Vai already registered with postscriptFont().
2025-10-13 00:19:23,072 INFO Noto Sans Wancho already registered with postscriptFont().
2025-10-13 00:19:23,072 INFO Noto Sans WarangCiti already registered with postscriptFont().
2025-10-13 00:19:23,072 INFO Noto Sans Yi already registered with postscriptFont().
2025-10-13 00:19:23,072 INFO Noto Serif Ahom already registered with postscriptFont().
2025-10-13 00:19:23,072 INFO Noto Serif Balinese already registered with postscriptFont().
2025-10-13 00:19:23,072 INFO Noto Serif Hmong Nyiakeng already registered with postscriptFont().
2025-10-13 00:19:23,072 INFO Party LET already registered with postscriptFont().
2025-10-13 00:19:23,072 INFO STIX Two Text already registered with postscriptFont().
2025-10-13 00:19:23,072 INFO System Font already registered with postscriptFont().
2025-10-13 00:19:23,072 INFO Tahoma already registered with postscriptFont().
2025-10-13 00:19:23,072 INFO Times New Roman already registered with postscriptFont().
2025-10-13 00:19:23,072 INFO Trattatello already registered with postscriptFont().
2025-10-13 00:19:23,072 INFO Trebuchet MS already registered with postscriptFont().
2025-10-13 00:19:23,072 INFO Verdana already registered with postscriptFont().
2025-10-13 00:19:23,073 INFO Webdings already registered with postscriptFont().
2025-10-13 00:19:23,073 INFO Wingdings already registered with postscriptFont().
2025-10-13 00:19:23,073 INFO Wingdings 2 already registered with postscriptFont().
2025-10-13 00:19:23,073 INFO Wingdings 3 already registered with postscriptFont().
2025-10-13 00:19:26,222 INFO Error in `left_join()`:
2025-10-13 00:19:26,223 INFO ! Join columns in `y` must be present in the data.
2025-10-13 00:19:26,223 INFO ✖ Problem with `playerId`.
2025-10-13 00:19:26,223 INFO Backtrace:
2025-10-13 00:19:26,223 INFO      ▆
2025-10-13 00:19:26,223 INFO   1. ├─base::source("raw_data_cleaning.R")
2025-10-13 00:19:26,223 INFO   2. │ ├─base::withVisible(eval(ei, envir))
2025-10-13 00:19:26,223 INFO   3. │ └─base::eval(ei, envir)
2025-10-13 00:19:26,223 INFO   4. │   └─base::eval(ei, envir)
2025-10-13 00:19:26,223 INFO   5. ├─dplyr::summarize(...)
2025-10-13 00:19:26,223 INFO   6. ├─dplyr::group_by(...)
2025-10-13 00:19:26,223 INFO   7. ├─dplyr::filter(...)
2025-10-13 00:19:26,223 INFO   8. ├─dplyr::filter(...)
2025-10-13 00:19:26,223 INFO   9. ├─base::unique(...)
2025-10-13 00:19:26,223 INFO  10. ├─dplyr::select(...)
2025-10-13 00:19:26,223 INFO  11. ├─dplyr::ungroup(...)
2025-10-13 00:19:26,223 INFO  12. ├─dplyr::mutate(...)
2025-10-13 00:19:26,223 INFO  13. ├─dplyr::group_by(...)
2025-10-13 00:19:26,223 INFO  14. ├─dplyr::filter(...)
2025-10-13 00:19:26,223 INFO  15. ├─dplyr::mutate(...)
2025-10-13 00:19:26,223 INFO  16. ├─dplyr::filter(...)
2025-10-13 00:19:26,223 INFO  17. ├─dplyr::left_join(...)
2025-10-13 00:19:26,223 INFO  18. └─dplyr:::left_join.data.frame(...)
2025-10-13 00:19:26,223 INFO  19.   └─dplyr:::join_mutate(...)
2025-10-13 00:19:26,223 INFO  20.     └─dplyr:::join_cols(...)
2025-10-13 00:19:26,223 INFO  21.       └─dplyr:::check_join_vars(by$y, y_names, by$condition, "y", error_call = error_call)
2025-10-13 00:19:26,223 INFO  22.         └─rlang::abort(bullets, call = error_call)
2025-10-13 00:19:26,224 INFO There were 11 warnings (use warnings() to see them)
2025-10-13 00:19:26,224 INFO Execution halted
2025-10-13 00:19:26,264 ERROR Error during group_advantage.raw_data_cleaning after 48.993 sec
Traceback (most recent call last):
  File "/Users/xehu/Desktop/task-mapping/analysis/run_master.py", line 414, in time_callable
    res = func()
  File "/Users/xehu/Desktop/task-mapping/analysis/run_master.py", line 552, in <lambda>
    results.append(time_callable('group_advantage.raw_data_cleaning', lambda: run_r_script(r_script_clean)))
  File "/Users/xehu/Desktop/task-mapping/analysis/run_master.py", line 355, in run_r_script
    raise RuntimeError(f'R script failed (exit {rc}): {r_path}')
RuntimeError: R script failed (exit 1): /Users/xehu/Desktop/task-mapping/analysis/analysis_group_advantage/raw_data_cleaning.R
