2025-10-13 00:54:19,799 INFO Starting analysis master script
2025-10-13 00:54:19,799 INFO Running group_advantage pipeline
2025-10-13 00:54:19,799 INFO Timing: group_advantage.raw_data_cleaning
2025-10-13 00:54:19,799 INFO Running R script /Users/xehu/Desktop/task-mapping/analysis/analysis_group_advantage/raw_data_cleaning.R
2025-10-13 00:54:19,799 INFO Running command: /usr/local/bin/Rscript -e set.seed(as.integer(Sys.getenv('ANALYSIS_SEED', '19104'))); source('raw_data_cleaning.R') (cwd=/Users/xehu/Desktop/task-mapping/analysis/analysis_group_advantage)
2025-10-13 00:54:19,907 INFO 
2025-10-13 00:54:19,907 INFO Attaching package: ‘pls’
2025-10-13 00:54:19,907 INFO 
2025-10-13 00:54:19,907 INFO The following object is masked from ‘package:stats’:
2025-10-13 00:54:19,907 INFO 
2025-10-13 00:54:19,907 INFO     loadings
2025-10-13 00:54:19,907 INFO 
2025-10-13 00:54:19,911 INFO randomForest 4.7-1.2
2025-10-13 00:54:19,911 INFO Type rfNews() to see new features/changes/bug fixes.
2025-10-13 00:54:20,279 INFO Loading required package: ggplot2
2025-10-13 00:54:20,488 INFO 
2025-10-13 00:54:20,488 INFO Attaching package: ‘ggplot2’
2025-10-13 00:54:20,488 INFO 
2025-10-13 00:54:20,488 INFO The following object is masked from ‘package:randomForest’:
2025-10-13 00:54:20,488 INFO 
2025-10-13 00:54:20,488 INFO     margin
2025-10-13 00:54:20,488 INFO 
2025-10-13 00:54:20,488 INFO Loading required package: lattice
2025-10-13 00:54:20,750 INFO 
2025-10-13 00:54:20,750 INFO Attaching package: ‘caret’
2025-10-13 00:54:20,750 INFO 
2025-10-13 00:54:20,750 INFO The following object is masked from ‘package:pls’:
2025-10-13 00:54:20,750 INFO 
2025-10-13 00:54:20,750 INFO     R2
2025-10-13 00:54:20,750 INFO 
2025-10-13 00:54:20,751 INFO Loading required package: foreach
2025-10-13 00:54:20,753 INFO Loading required package: iterators
2025-10-13 00:54:20,755 INFO Loading required package: parallel
2025-10-13 00:54:20,849 INFO Registering fonts with R
2025-10-13 00:54:20,896 INFO 
2025-10-13 00:54:20,896 INFO Please cite as:
2025-10-13 00:54:20,896 INFO 
2025-10-13 00:54:20,896 INFO  Hlavac, Marek (2022). stargazer: Well-Formatted Regression and Summary Statistics Tables.
2025-10-13 00:54:20,896 INFO  R package version 5.2.3. https://CRAN.R-project.org/package=stargazer
2025-10-13 00:54:20,896 INFO 
2025-10-13 00:54:20,944 INFO ── Attaching core tidyverse packages ──────────────────────── tidyverse 2.0.0 ──
2025-10-13 00:54:20,944 INFO ✔ dplyr     1.1.4     ✔ readr     2.1.5
2025-10-13 00:54:20,944 INFO ✔ forcats   1.0.1     ✔ stringr   1.5.2
2025-10-13 00:54:20,944 INFO ✔ lubridate 1.9.4     ✔ tibble    3.3.0
2025-10-13 00:54:20,944 INFO ✔ purrr     1.1.0     ✔ tidyr     1.3.1
2025-10-13 00:54:20,979 INFO ── Conflicts ────────────────────────────────────────── tidyverse_conflicts() ──
2025-10-13 00:54:20,979 INFO ✖ purrr::accumulate() masks foreach::accumulate()
2025-10-13 00:54:20,979 INFO ✖ dplyr::combine()    masks randomForest::combine()
2025-10-13 00:54:20,979 INFO ✖ dplyr::filter()     masks stats::filter()
2025-10-13 00:54:20,979 INFO ✖ purrr::flatten()    masks jsonlite::flatten()
2025-10-13 00:54:20,979 INFO ✖ dplyr::lag()        masks stats::lag()
2025-10-13 00:54:20,979 INFO ✖ purrr::lift()       masks caret::lift()
2025-10-13 00:54:20,979 INFO ✖ ggplot2::margin()   masks randomForest::margin()
2025-10-13 00:54:20,979 INFO ✖ dplyr::slice()      masks xgboost::slice()
2025-10-13 00:54:20,979 INFO ✖ purrr::when()       masks foreach::when()
2025-10-13 00:54:20,979 INFO ℹ Use the conflicted package (<http://conflicted.r-lib.org/>) to force all conflicts to become errors
2025-10-13 00:54:20,991 INFO Scanning ttf files in /Library/Fonts/, /System/Library/Fonts, /System/Library/Fonts/Supplemental, ~/Library/Fonts/ ...
2025-10-13 00:54:20,992 INFO Extracting .afm files from .ttf files...
2025-10-13 00:54:23,569 INFO /System/Library/Fonts/Supplemental/Arial Unicode.ttf : ArialUnicodeMS already registered in fonts database. Skipping.
2025-10-13 00:54:23,649 INFO /System/Library/Fonts/Apple Braille Outline 6 Dot.ttf : AppleBraille-Outline6Dot already registered in fonts database. Skipping.
2025-10-13 00:54:23,734 INFO /System/Library/Fonts/Apple Braille Outline 8 Dot.ttf : AppleBraille-Outline8Dot already registered in fonts database. Skipping.
2025-10-13 00:54:23,786 INFO /System/Library/Fonts/Apple Braille Pinpoint 6 Dot.ttf : AppleBraille-Pinpoint6Dot already registered in fonts database. Skipping.
2025-10-13 00:54:23,839 INFO /System/Library/Fonts/Apple Braille Pinpoint 8 Dot.ttf : AppleBraille-Pinpoint8Dot already registered in fonts database. Skipping.
2025-10-13 00:54:23,873 INFO /System/Library/Fonts/Apple Braille.ttf : AppleBraille already registered in fonts database. Skipping.
2025-10-13 00:54:23,896 INFO /System/Library/Fonts/Apple Symbols.ttf : No FontName. Skipping.
2025-10-13 00:54:23,914 INFO /System/Library/Fonts/Geneva.ttf : No FontName. Skipping.
2025-10-13 00:54:23,930 INFO /System/Library/Fonts/Keyboard.ttf : -Keyboard already registered in fonts database. Skipping.
2025-10-13 00:54:23,980 INFO /System/Library/Fonts/Monaco.ttf : No FontName. Skipping.
2025-10-13 00:54:24,069 INFO /System/Library/Fonts/NewYork.ttf : -NewYork-Regular already registered in fonts database. Skipping.
2025-10-13 00:54:24,146 INFO /System/Library/Fonts/NewYorkItalic.ttf : -NewYork-RegularItalic already registered in fonts database. Skipping.
2025-10-13 00:54:24,230 INFO /System/Library/Fonts/SFArabic.ttf : -SFArabic-Regular already registered in fonts database. Skipping.
2025-10-13 00:54:24,370 INFO /System/Library/Fonts/SFArabicRounded.ttf : -SFArabicRounded-Regular already registered in fonts database. Skipping.
2025-10-13 00:54:24,394 INFO /System/Library/Fonts/SFArmenian.ttf : -SFArmenian-Regular already registered in fonts database. Skipping.
2025-10-13 00:54:24,408 INFO /System/Library/Fonts/SFArmenianRounded.ttf : -SFArmenianRounded-Regular already registered in fonts database. Skipping.
2025-10-13 00:54:24,424 INFO /System/Library/Fonts/SFCamera.ttf : --SFCamera-Regular already registered in fonts database. Skipping.
2025-10-13 00:54:24,537 INFO /System/Library/Fonts/SFCompact.ttf : -SFCompact-Black already registered in fonts database. Skipping.
2025-10-13 00:54:24,622 INFO /System/Library/Fonts/SFCompactItalic.ttf : -SFCompact-BlackItalic already registered in fonts database. Skipping.
2025-10-13 00:54:24,733 INFO /System/Library/Fonts/SFCompactRounded.ttf : --SFCompactRounded-Regular already registered in fonts database. Skipping.
2025-10-13 00:54:24,749 INFO /System/Library/Fonts/SFGeorgian.ttf : -SFGeorgian-Regular already registered in fonts database. Skipping.
2025-10-13 00:54:24,766 INFO /System/Library/Fonts/SFGeorgianRounded.ttf : -SFGeorgianRounded-Regular already registered in fonts database. Skipping.
2025-10-13 00:54:24,776 INFO /System/Library/Fonts/SFHebrew.ttf : -SFHebrew-Regular already registered in fonts database. Skipping.
2025-10-13 00:54:24,786 INFO /System/Library/Fonts/SFHebrewRounded.ttf : -SFHebrewRounded-Regular already registered in fonts database. Skipping.
2025-10-13 00:54:24,966 INFO /System/Library/Fonts/SFNS.ttf : -SFNS-Regular already registered in fonts database. Skipping.
2025-10-13 00:54:25,062 INFO /System/Library/Fonts/SFNSItalic.ttf : -SFNS-RegularItalic already registered in fonts database. Skipping.
2025-10-13 00:54:25,115 INFO /System/Library/Fonts/SFNSMono.ttf : -SFNSMono-Light already registered in fonts database. Skipping.
2025-10-13 00:54:25,162 INFO /System/Library/Fonts/SFNSMonoItalic.ttf : -SFNSMono-LightItalic already registered in fonts database. Skipping.
2025-10-13 00:54:25,257 INFO /System/Library/Fonts/SFNSRounded.ttf : -SFNSRounded-Regular already registered in fonts database. Skipping.
2025-10-13 00:54:25,314 INFO /System/Library/Fonts/Supplemental/Academy Engraved LET Fonts.ttf : AcademyEngravedLetPlain already registered in fonts database. Skipping.
2025-10-13 00:54:25,371 INFO /System/Library/Fonts/Supplemental/Academy Engraved LET Fonts.ttf : AcademyEngravedLetPlain already registered in fonts database. Skipping.
2025-10-13 00:54:25,387 INFO /System/Library/Fonts/Supplemental/Andale Mono.ttf : AndaleMono already registered in fonts database. Skipping.
2025-10-13 00:54:25,404 INFO /System/Library/Fonts/Supplemental/Andale Mono.ttf : AndaleMono already registered in fonts database. Skipping.
2025-10-13 00:54:25,447 INFO /System/Library/Fonts/Supplemental/Apple Chancery.ttf : No FontName. Skipping.
2025-10-13 00:54:25,489 INFO /System/Library/Fonts/Supplemental/Apple Chancery.ttf : No FontName. Skipping.
2025-10-13 00:54:28,839 INFO /System/Library/Fonts/Supplemental/AppleGothic.ttf : No FontName. Skipping.
2025-10-13 00:54:32,185 INFO /System/Library/Fonts/Supplemental/AppleGothic.ttf : No FontName. Skipping.
2025-10-13 00:54:36,446 INFO /System/Library/Fonts/Supplemental/AppleMyungjo.ttf : AppleMyungjo already registered in fonts database. Skipping.
2025-10-13 00:54:40,620 INFO /System/Library/Fonts/Supplemental/AppleMyungjo.ttf : AppleMyungjo already registered in fonts database. Skipping.
2025-10-13 00:54:40,642 INFO /System/Library/Fonts/Supplemental/Arial Black.ttf : Arial-Black already registered in fonts database. Skipping.
2025-10-13 00:54:40,663 INFO /System/Library/Fonts/Supplemental/Arial Black.ttf : Arial-Black already registered in fonts database. Skipping.
2025-10-13 00:54:40,730 INFO /System/Library/Fonts/Supplemental/Arial Bold Italic.ttf : Arial-BoldItalicMT already registered in fonts database. Skipping.
2025-10-13 00:54:40,797 INFO /System/Library/Fonts/Supplemental/Arial Bold Italic.ttf : Arial-BoldItalicMT already registered in fonts database. Skipping.
2025-10-13 00:54:40,942 INFO /System/Library/Fonts/Supplemental/Arial Bold.ttf : Arial-BoldMT already registered in fonts database. Skipping.
2025-10-13 00:54:41,051 INFO /System/Library/Fonts/Supplemental/Arial Bold.ttf : Arial-BoldMT already registered in fonts database. Skipping.
2025-10-13 00:54:41,129 INFO /System/Library/Fonts/Supplemental/Arial Italic.ttf : Arial-ItalicMT already registered in fonts database. Skipping.
2025-10-13 00:54:41,205 INFO /System/Library/Fonts/Supplemental/Arial Italic.ttf : Arial-ItalicMT already registered in fonts database. Skipping.
2025-10-13 00:54:41,224 INFO /System/Library/Fonts/Supplemental/Arial Narrow Bold Italic.ttf : ArialNarrow-BoldItalic already registered in fonts database. Skipping.
2025-10-13 00:54:41,244 INFO /System/Library/Fonts/Supplemental/Arial Narrow Bold Italic.ttf : ArialNarrow-BoldItalic already registered in fonts database. Skipping.
2025-10-13 00:54:41,266 INFO /System/Library/Fonts/Supplemental/Arial Narrow Bold.ttf : ArialNarrow-Bold already registered in fonts database. Skipping.
2025-10-13 00:54:41,289 INFO /System/Library/Fonts/Supplemental/Arial Narrow Bold.ttf : ArialNarrow-Bold already registered in fonts database. Skipping.
2025-10-13 00:54:41,310 INFO /System/Library/Fonts/Supplemental/Arial Narrow Italic.ttf : ArialNarrow-Italic already registered in fonts database. Skipping.
2025-10-13 00:54:41,330 INFO /System/Library/Fonts/Supplemental/Arial Narrow Italic.ttf : ArialNarrow-Italic already registered in fonts database. Skipping.
2025-10-13 00:54:41,351 INFO /System/Library/Fonts/Supplemental/Arial Narrow.ttf : ArialNarrow already registered in fonts database. Skipping.
2025-10-13 00:54:41,372 INFO /System/Library/Fonts/Supplemental/Arial Narrow.ttf : ArialNarrow already registered in fonts database. Skipping.
2025-10-13 00:54:41,391 INFO /System/Library/Fonts/Supplemental/Arial Rounded Bold.ttf : ArialRoundedMTBold already registered in fonts database. Skipping.
2025-10-13 00:54:41,410 INFO /System/Library/Fonts/Supplemental/Arial Rounded Bold.ttf : ArialRoundedMTBold already registered in fonts database. Skipping.
2025-10-13 00:54:43,976 INFO /System/Library/Fonts/Supplemental/Arial Unicode.ttf : ArialUnicodeMS already registered in fonts database. Skipping.
2025-10-13 00:54:46,536 INFO /System/Library/Fonts/Supplemental/Arial Unicode.ttf : ArialUnicodeMS already registered in fonts database. Skipping.
2025-10-13 00:54:46,652 INFO /System/Library/Fonts/Supplemental/Arial.ttf : ArialMT already registered in fonts database. Skipping.
2025-10-13 00:54:46,766 INFO /System/Library/Fonts/Supplemental/Arial.ttf : ArialMT already registered in fonts database. Skipping.
2025-10-13 00:54:46,802 INFO /System/Library/Fonts/Supplemental/Ayuthaya.ttf : No FontName. Skipping.
2025-10-13 00:54:46,839 INFO /System/Library/Fonts/Supplemental/Ayuthaya.ttf : No FontName. Skipping.
2025-10-13 00:54:46,980 INFO /System/Library/Fonts/Supplemental/BigCaslon.ttf : No FontName. Skipping.
2025-10-13 00:54:47,122 INFO /System/Library/Fonts/Supplemental/BigCaslon.ttf : No FontName. Skipping.
2025-10-13 00:54:47,144 INFO /System/Library/Fonts/Supplemental/Bodoni 72 Smallcaps Book.ttf : BodoniSvtyTwoSCITCTT-Book already registered in fonts database. Skipping.
2025-10-13 00:54:47,165 INFO /System/Library/Fonts/Supplemental/Bodoni 72 Smallcaps Book.ttf : BodoniSvtyTwoSCITCTT-Book already registered in fonts database. Skipping.
2025-10-13 00:54:47,196 INFO /System/Library/Fonts/Supplemental/Bodoni Ornaments.ttf : BodoniOrnamentsITCTT already registered in fonts database. Skipping.
2025-10-13 00:54:47,225 INFO /System/Library/Fonts/Supplemental/Bodoni Ornaments.ttf : BodoniOrnamentsITCTT already registered in fonts database. Skipping.
2025-10-13 00:54:47,504 INFO /System/Library/Fonts/Supplemental/Bradley Hand Bold.ttf : Bradley-Hand-Bold already registered in fonts database. Skipping.
2025-10-13 00:54:47,785 INFO /System/Library/Fonts/Supplemental/Bradley Hand Bold.ttf : Bradley-Hand-Bold already registered in fonts database. Skipping.
2025-10-13 00:54:47,947 INFO /System/Library/Fonts/Supplemental/Brush Script.ttf : BrushScriptMT already registered in fonts database. Skipping.
2025-10-13 00:54:48,108 INFO /System/Library/Fonts/Supplemental/Brush Script.ttf : BrushScriptMT already registered in fonts database. Skipping.
2025-10-13 00:54:48,126 INFO /System/Library/Fonts/Supplemental/Chalkduster.ttfsh: line 1: 36989 Abort trap: 6           '/Library/Frameworks/R.framework/Versions/4.5-arm64/Resources/library/Rttf2pt1/exec//ttf2pt1' -a -GfAe '/System/Library/Fonts/Supplemental/Chalkduster.ttf' '/var/folders/73/jl9lgbkj511fwjxkl9cvw7q00000gq/T//Rtmp4Gf2Rw/fonts/Chalkduster' 2>&1
2025-10-13 00:54:48,126 INFO  : No FontName. Skipping.
2025-10-13 00:54:48,144 INFO /System/Library/Fonts/Supplemental/Chalkduster.ttfsh: line 1: 36991 Abort trap: 6           '/Library/Frameworks/R.framework/Versions/4.5-arm64/Resources/library/Rttf2pt1/exec//ttf2pt1' -a -GfAe '/System/Library/Fonts/Supplemental/Chalkduster.ttf' '/var/folders/73/jl9lgbkj511fwjxkl9cvw7q00000gq/T//Rtmp4Gf2Rw/fonts/Chalkduster' 2>&1
2025-10-13 00:54:48,144 INFO  : No FontName. Skipping.
2025-10-13 00:54:48,203 INFO /System/Library/Fonts/Supplemental/Comic Sans MS Bold.ttf : ComicSansMS-Bold already registered in fonts database. Skipping.
2025-10-13 00:54:48,262 INFO /System/Library/Fonts/Supplemental/Comic Sans MS Bold.ttf : ComicSansMS-Bold already registered in fonts database. Skipping.
2025-10-13 00:54:48,312 INFO /System/Library/Fonts/Supplemental/Comic Sans MS.ttf : ComicSansMS already registered in fonts database. Skipping.
2025-10-13 00:54:48,362 INFO /System/Library/Fonts/Supplemental/Comic Sans MS.ttf : ComicSansMS already registered in fonts database. Skipping.
2025-10-13 00:54:48,466 INFO /System/Library/Fonts/Supplemental/Courier New Bold Italic.ttf : CourierNewPS-BoldItalicMT already registered in fonts database. Skipping.
2025-10-13 00:54:48,572 INFO /System/Library/Fonts/Supplemental/Courier New Bold Italic.ttf : CourierNewPS-BoldItalicMT already registered in fonts database. Skipping.
2025-10-13 00:54:48,695 INFO /System/Library/Fonts/Supplemental/Courier New Bold.ttf : CourierNewPS-BoldMT already registered in fonts database. Skipping.
2025-10-13 00:54:48,815 INFO /System/Library/Fonts/Supplemental/Courier New Bold.ttf : CourierNewPS-BoldMT already registered in fonts database. Skipping.
2025-10-13 00:54:48,909 INFO /System/Library/Fonts/Supplemental/Courier New Italic.ttf : CourierNewPS-ItalicMT already registered in fonts database. Skipping.
2025-10-13 00:54:49,005 INFO /System/Library/Fonts/Supplemental/Courier New Italic.ttf : CourierNewPS-ItalicMT already registered in fonts database. Skipping.
2025-10-13 00:54:49,118 INFO /System/Library/Fonts/Supplemental/Courier New.ttf : CourierNewPSMT already registered in fonts database. Skipping.
2025-10-13 00:54:49,227 INFO /System/Library/Fonts/Supplemental/Courier New.ttf : CourierNewPSMT already registered in fonts database. Skipping.
2025-10-13 00:54:49,284 INFO /System/Library/Fonts/Supplemental/DIN Alternate Bold.ttf : DINAlternate-Bold already registered in fonts database. Skipping.
2025-10-13 00:54:49,339 INFO /System/Library/Fonts/Supplemental/DIN Alternate Bold.ttf : DINAlternate-Bold already registered in fonts database. Skipping.
2025-10-13 00:54:49,405 INFO /System/Library/Fonts/Supplemental/DIN Condensed Bold.ttf : DINCondensed-Bold already registered in fonts database. Skipping.
2025-10-13 00:54:49,470 INFO /System/Library/Fonts/Supplemental/DIN Condensed Bold.ttf : DINCondensed-Bold already registered in fonts database. Skipping.
2025-10-13 00:54:49,627 INFO /System/Library/Fonts/Supplemental/Diwan Thuluth.ttf : No FontName. Skipping.
2025-10-13 00:54:49,783 INFO /System/Library/Fonts/Supplemental/Diwan Thuluth.ttf : No FontName. Skipping.
2025-10-13 00:54:49,896 INFO /System/Library/Fonts/Supplemental/Farisi.ttf : No FontName. Skipping.
2025-10-13 00:54:50,006 INFO /System/Library/Fonts/Supplemental/Farisi.ttf : No FontName. Skipping.
2025-10-13 00:54:50,090 INFO /System/Library/Fonts/Supplemental/Georgia Bold Italic.ttf : Georgia-BoldItalic already registered in fonts database. Skipping.
2025-10-13 00:54:50,173 INFO /System/Library/Fonts/Supplemental/Georgia Bold Italic.ttf : Georgia-BoldItalic already registered in fonts database. Skipping.
2025-10-13 00:54:50,259 INFO /System/Library/Fonts/Supplemental/Georgia Bold.ttf : Georgia-Bold already registered in fonts database. Skipping.
2025-10-13 00:54:50,344 INFO /System/Library/Fonts/Supplemental/Georgia Bold.ttf : Georgia-Bold already registered in fonts database. Skipping.
2025-10-13 00:54:50,425 INFO /System/Library/Fonts/Supplemental/Georgia Italic.ttf : Georgia-Italic already registered in fonts database. Skipping.
2025-10-13 00:54:50,506 INFO /System/Library/Fonts/Supplemental/Georgia Italic.ttf : Georgia-Italic already registered in fonts database. Skipping.
2025-10-13 00:54:50,595 INFO /System/Library/Fonts/Supplemental/Georgia.ttf : Georgia already registered in fonts database. Skipping.
2025-10-13 00:54:50,684 INFO /System/Library/Fonts/Supplemental/Georgia.ttf : Georgia already registered in fonts database. Skipping.
2025-10-13 00:54:50,694 INFO /System/Library/Fonts/Supplemental/Gurmukhi.ttf : No FontName. Skipping.
2025-10-13 00:54:50,704 INFO /System/Library/Fonts/Supplemental/Gurmukhi.ttf : No FontName. Skipping.
2025-10-13 00:54:50,767 INFO /System/Library/Fonts/Supplemental/Herculanum.ttf : No FontName. Skipping.
2025-10-13 00:54:50,830 INFO /System/Library/Fonts/Supplemental/Herculanum.ttf : No FontName. Skipping.
2025-10-13 00:54:50,841 INFO /System/Library/Fonts/Supplemental/Hoefler Text Ornaments.ttf : No FontName. Skipping.
2025-10-13 00:54:50,852 INFO /System/Library/Fonts/Supplemental/Hoefler Text Ornaments.ttf : No FontName. Skipping.
2025-10-13 00:54:50,885 INFO /System/Library/Fonts/Supplemental/Impact.ttf : Impact already registered in fonts database. Skipping.
2025-10-13 00:54:50,915 INFO /System/Library/Fonts/Supplemental/Impact.ttf : Impact already registered in fonts database. Skipping.
2025-10-13 00:54:50,985 INFO /System/Library/Fonts/Supplemental/Khmer Sangam MN.ttf : KhmerSangamMN already registered in fonts database. Skipping.
2025-10-13 00:54:51,054 INFO /System/Library/Fonts/Supplemental/Khmer Sangam MN.ttf : KhmerSangamMN already registered in fonts database. Skipping.
2025-10-13 00:54:51,093 INFO /System/Library/Fonts/Supplemental/Kokonor.ttfsh: line 1: 37072 Abort trap: 6           '/Library/Frameworks/R.framework/Versions/4.5-arm64/Resources/library/Rttf2pt1/exec//ttf2pt1' -a -GfAe '/System/Library/Fonts/Supplemental/Kokonor.ttf' '/var/folders/73/jl9lgbkj511fwjxkl9cvw7q00000gq/T//Rtmp4Gf2Rw/fonts/Kokonor' 2>&1
2025-10-13 00:54:51,094 INFO  : No FontName. Skipping.
2025-10-13 00:54:51,133 INFO /System/Library/Fonts/Supplemental/Kokonor.ttfsh: line 1: 37074 Abort trap: 6           '/Library/Frameworks/R.framework/Versions/4.5-arm64/Resources/library/Rttf2pt1/exec//ttf2pt1' -a -GfAe '/System/Library/Fonts/Supplemental/Kokonor.ttf' '/var/folders/73/jl9lgbkj511fwjxkl9cvw7q00000gq/T//Rtmp4Gf2Rw/fonts/Kokonor' 2>&1
2025-10-13 00:54:51,133 INFO  : No FontName. Skipping.
2025-10-13 00:54:51,154 INFO /System/Library/Fonts/Supplemental/Krungthep.ttf : No FontName. Skipping.
2025-10-13 00:54:51,173 INFO /System/Library/Fonts/Supplemental/Krungthep.ttf : No FontName. Skipping.
2025-10-13 00:54:51,202 INFO /System/Library/Fonts/Supplemental/Lao Sangam MN.ttf : LaoSangamMN already registered in fonts database. Skipping.
2025-10-13 00:54:51,232 INFO /System/Library/Fonts/Supplemental/Lao Sangam MN.ttf : LaoSangamMN already registered in fonts database. Skipping.
2025-10-13 00:54:51,531 INFO /System/Library/Fonts/Supplemental/Luminari.ttf : Luminari-Regular already registered in fonts database. Skipping.
2025-10-13 00:54:51,830 INFO /System/Library/Fonts/Supplemental/Luminari.ttf : Luminari-Regular already registered in fonts database. Skipping.
2025-10-13 00:54:51,896 INFO /System/Library/Fonts/Supplemental/Microsoft Sans Serif.ttf : MicrosoftSansSerif already registered in fonts database. Skipping.
2025-10-13 00:54:51,960 INFO /System/Library/Fonts/Supplemental/Microsoft Sans Serif.ttf : MicrosoftSansSerif already registered in fonts database. Skipping.
2025-10-13 00:54:52,126 INFO /System/Library/Fonts/Supplemental/Mishafi Gold.ttf : No FontName. Skipping.
2025-10-13 00:54:52,293 INFO /System/Library/Fonts/Supplemental/Mishafi Gold.ttf : No FontName. Skipping.
2025-10-13 00:54:52,686 INFO /System/Library/Fonts/Supplemental/Mishafi.ttf : No FontName. Skipping.
2025-10-13 00:54:53,078 INFO /System/Library/Fonts/Supplemental/Mishafi.ttf : No FontName. Skipping.
2025-10-13 00:54:53,083 INFO /System/Library/Fonts/Supplemental/NISC18030.ttf : No FontName. Skipping.
2025-10-13 00:54:53,088 INFO /System/Library/Fonts/Supplemental/NISC18030.ttf : No FontName. Skipping.
2025-10-13 00:54:53,108 INFO /System/Library/Fonts/Supplemental/NotoSansAdlam-Regular.ttf : NotoSansAdlam-Regular already registered in fonts database. Skipping.
2025-10-13 00:54:53,129 INFO /System/Library/Fonts/Supplemental/NotoSansAdlam-Regular.ttf : NotoSansAdlam-Regular already registered in fonts database. Skipping.
2025-10-13 00:54:53,137 INFO /System/Library/Fonts/Supplemental/NotoSansAvestan-Regular.ttf : NotoSansAvestan-Regular already registered in fonts database. Skipping.
2025-10-13 00:54:53,145 INFO /System/Library/Fonts/Supplemental/NotoSansAvestan-Regular.ttf : NotoSansAvestan-Regular already registered in fonts database. Skipping.
2025-10-13 00:54:53,194 INFO /System/Library/Fonts/Supplemental/NotoSansBamum-Regular.ttf : NotoSansBamum-Regular already registered in fonts database. Skipping.
2025-10-13 00:54:53,243 INFO /System/Library/Fonts/Supplemental/NotoSansBamum-Regular.ttf : NotoSansBamum-Regular already registered in fonts database. Skipping.
2025-10-13 00:54:53,324 INFO /System/Library/Fonts/Supplemental/NotoSansBassaVah-Regular.ttf : NotoSansBassaVah-Regular already registered in fonts database. Skipping.
2025-10-13 00:54:53,332 INFO /System/Library/Fonts/Supplemental/NotoSansBassaVah-Regular.ttf : NotoSansBassaVah-Regular already registered in fonts database. Skipping.
2025-10-13 00:54:53,347 INFO /System/Library/Fonts/Supplemental/NotoSansBatak-Regular.ttf : NotoSansBatak-Regular already registered in fonts database. Skipping.
2025-10-13 00:54:53,361 INFO /System/Library/Fonts/Supplemental/NotoSansBatak-Regular.ttf : NotoSansBatak-Regular already registered in fonts database. Skipping.
2025-10-13 00:54:53,470 INFO /System/Library/Fonts/Supplemental/NotoSansBhaiksuki-Regular.ttf : NotoSansBhaiksuki-Regular already registered in fonts database. Skipping.
2025-10-13 00:54:53,577 INFO /System/Library/Fonts/Supplemental/NotoSansBhaiksuki-Regular.ttf : NotoSansBhaiksuki-Regular already registered in fonts database. Skipping.
2025-10-13 00:54:53,591 INFO /System/Library/Fonts/Supplemental/NotoSansBrahmi-Regular.ttf : NotoSansBrahmi-Regular already registered in fonts database. Skipping.
2025-10-13 00:54:53,604 INFO /System/Library/Fonts/Supplemental/NotoSansBrahmi-Regular.ttf : NotoSansBrahmi-Regular already registered in fonts database. Skipping.
2025-10-13 00:54:53,613 INFO /System/Library/Fonts/Supplemental/NotoSansBuginese-Regular.ttf : NotoSansBuginese-Regular already registered in fonts database. Skipping.
2025-10-13 00:54:53,620 INFO /System/Library/Fonts/Supplemental/NotoSansBuginese-Regular.ttf : NotoSansBuginese-Regular already registered in fonts database. Skipping.
2025-10-13 00:54:53,627 INFO /System/Library/Fonts/Supplemental/NotoSansBuhid-Regular.ttf : NotoSansBuhid-Regular already registered in fonts database. Skipping.
2025-10-13 00:54:53,634 INFO /System/Library/Fonts/Supplemental/NotoSansBuhid-Regular.ttf : NotoSansBuhid-Regular already registered in fonts database. Skipping.
2025-10-13 00:54:53,641 INFO /System/Library/Fonts/Supplemental/NotoSansCarian-Regular.ttf : NotoSansCarian-Regular already registered in fonts database. Skipping.
2025-10-13 00:54:53,648 INFO /System/Library/Fonts/Supplemental/NotoSansCarian-Regular.ttf : NotoSansCarian-Regular already registered in fonts database. Skipping.
2025-10-13 00:54:53,659 INFO /System/Library/Fonts/Supplemental/NotoSansCaucasianAlbanian-Regular.ttf : NotoSansCaucasianAlbanian-Regular already registered in fonts database. Skipping.
2025-10-13 00:54:53,670 INFO /System/Library/Fonts/Supplemental/NotoSansCaucasianAlbanian-Regular.ttf : NotoSansCaucasianAlbanian-Regular already registered in fonts database. Skipping.
2025-10-13 00:54:53,687 INFO /System/Library/Fonts/Supplemental/NotoSansChakma-Regular.ttf : NotoSansChakma-Regular already registered in fonts database. Skipping.
2025-10-13 00:54:53,704 INFO /System/Library/Fonts/Supplemental/NotoSansChakma-Regular.ttf : NotoSansChakma-Regular already registered in fonts database. Skipping.
2025-10-13 00:54:53,716 INFO /System/Library/Fonts/Supplemental/NotoSansCham-Regular.ttf : NotoSansCham-Regular already registered in fonts database. Skipping.
2025-10-13 00:54:53,728 INFO /System/Library/Fonts/Supplemental/NotoSansCham-Regular.ttf : NotoSansCham-Regular already registered in fonts database. Skipping.
2025-10-13 00:54:53,741 INFO /System/Library/Fonts/Supplemental/NotoSansCoptic-Regular.ttf : NotoSansCoptic-Regular already registered in fonts database. Skipping.
2025-10-13 00:54:53,752 INFO /System/Library/Fonts/Supplemental/NotoSansCoptic-Regular.ttf : NotoSansCoptic-Regular already registered in fonts database. Skipping.
2025-10-13 00:54:54,020 INFO /System/Library/Fonts/Supplemental/NotoSansCuneiform-Regular.ttf : NotoSansCuneiform-Regular already registered in fonts database. Skipping.
2025-10-13 00:54:54,286 INFO /System/Library/Fonts/Supplemental/NotoSansCuneiform-Regular.ttf : NotoSansCuneiform-Regular already registered in fonts database. Skipping.
2025-10-13 00:54:54,293 INFO /System/Library/Fonts/Supplemental/NotoSansCypriot-Regular.ttf : NotoSansCypriot-Regular already registered in fonts database. Skipping.
2025-10-13 00:54:54,299 INFO /System/Library/Fonts/Supplemental/NotoSansCypriot-Regular.ttf : NotoSansCypriot-Regular already registered in fonts database. Skipping.
2025-10-13 00:54:54,309 INFO /System/Library/Fonts/Supplemental/NotoSansDuployan-Regular.ttf : NotoSansDuployan-Regular already registered in fonts database. Skipping.
2025-10-13 00:54:54,319 INFO /System/Library/Fonts/Supplemental/NotoSansDuployan-Regular.ttf : NotoSansDuployan-Regular already registered in fonts database. Skipping.
2025-10-13 00:54:54,637 INFO /System/Library/Fonts/Supplemental/NotoSansEgyptianHieroglyphs-Regular.ttf : NotoSansEgyptianHieroglyphs-Regular already registered in fonts database. Skipping.
2025-10-13 00:54:54,927 INFO /System/Library/Fonts/Supplemental/NotoSansEgyptianHieroglyphs-Regular.ttf : NotoSansEgyptianHieroglyphs-Regular already registered in fonts database. Skipping.
2025-10-13 00:54:54,934 INFO /System/Library/Fonts/Supplemental/NotoSansElbasan-Regular.ttf : NotoSansElbasan-Regular already registered in fonts database. Skipping.
2025-10-13 00:54:54,942 INFO /System/Library/Fonts/Supplemental/NotoSansElbasan-Regular.ttf : NotoSansElbasan-Regular already registered in fonts database. Skipping.
2025-10-13 00:54:54,952 INFO /System/Library/Fonts/Supplemental/NotoSansGlagolitic-Regular.ttf : NotoSansGlagolitic-Regular already registered in fonts database. Skipping.
2025-10-13 00:54:54,963 INFO /System/Library/Fonts/Supplemental/NotoSansGlagolitic-Regular.ttf : NotoSansGlagolitic-Regular already registered in fonts database. Skipping.
2025-10-13 00:54:54,971 INFO /System/Library/Fonts/Supplemental/NotoSansGothic-Regular.ttf : NotoSansGothic-Regular already registered in fonts database. Skipping.
2025-10-13 00:54:54,978 INFO /System/Library/Fonts/Supplemental/NotoSansGothic-Regular.ttf : NotoSansGothic-Regular already registered in fonts database. Skipping.
2025-10-13 00:54:54,990 INFO /System/Library/Fonts/Supplemental/NotoSansHanifiRohingya-Regular.ttf : NotoSansHanifiRohingya-Regular already registered in fonts database. Skipping.
2025-10-13 00:54:55,002 INFO /System/Library/Fonts/Supplemental/NotoSansHanifiRohingya-Regular.ttf : NotoSansHanifiRohingya-Regular already registered in fonts database. Skipping.
2025-10-13 00:54:55,009 INFO /System/Library/Fonts/Supplemental/NotoSansHanunoo-Regular.ttf : NotoSansHanunoo-Regular already registered in fonts database. Skipping.
2025-10-13 00:54:55,016 INFO /System/Library/Fonts/Supplemental/NotoSansHanunoo-Regular.ttf : NotoSansHanunoo-Regular already registered in fonts database. Skipping.
2025-10-13 00:54:55,023 INFO /System/Library/Fonts/Supplemental/NotoSansHatran-Regular.ttf : NotoSansHatran-Regular already registered in fonts database. Skipping.
2025-10-13 00:54:55,029 INFO /System/Library/Fonts/Supplemental/NotoSansHatran-Regular.ttf : NotoSansHatran-Regular already registered in fonts database. Skipping.
2025-10-13 00:54:55,037 INFO /System/Library/Fonts/Supplemental/NotoSansImperialAramaic-Regular.ttf : NotoSansImperialAramaic-Regular already registered in fonts database. Skipping.
2025-10-13 00:54:55,045 INFO /System/Library/Fonts/Supplemental/NotoSansImperialAramaic-Regular.ttf : NotoSansImperialAramaic-Regular already registered in fonts database. Skipping.
2025-10-13 00:54:55,052 INFO /System/Library/Fonts/Supplemental/NotoSansInscriptionalPahlavi-Regular.ttf : NotoSansInscriptionalPahlavi-Regular already registered in fonts database. Skipping.
2025-10-13 00:54:55,060 INFO /System/Library/Fonts/Supplemental/NotoSansInscriptionalPahlavi-Regular.ttf : NotoSansInscriptionalPahlavi-Regular already registered in fonts database. Skipping.
2025-10-13 00:54:55,067 INFO /System/Library/Fonts/Supplemental/NotoSansInscriptionalParthian-Regular.ttf : NotoSansInscriptionalParthian-Regular already registered in fonts database. Skipping.
2025-10-13 00:54:55,075 INFO /System/Library/Fonts/Supplemental/NotoSansInscriptionalParthian-Regular.ttf : NotoSansInscriptionalParthian-Regular already registered in fonts database. Skipping.
2025-10-13 00:54:55,095 INFO /System/Library/Fonts/Supplemental/NotoSansKaithi-Regular.ttf : NotoSansKaithi-Regular already registered in fonts database. Skipping.
2025-10-13 00:54:55,113 INFO /System/Library/Fonts/Supplemental/NotoSansKaithi-Regular.ttf : NotoSansKaithi-Regular already registered in fonts database. Skipping.
2025-10-13 00:54:55,122 INFO /System/Library/Fonts/Supplemental/NotoSansKayahLi-Regular.ttf : NotoSansKayahLi-Regular already registered in fonts database. Skipping.
2025-10-13 00:54:55,131 INFO /System/Library/Fonts/Supplemental/NotoSansKayahLi-Regular.ttf : NotoSansKayahLi-Regular already registered in fonts database. Skipping.
2025-10-13 00:54:55,143 INFO /System/Library/Fonts/Supplemental/NotoSansKharoshthi-Regular.ttf : NotoSansKharoshthi-Regular already registered in fonts database. Skipping.
2025-10-13 00:54:55,154 INFO /System/Library/Fonts/Supplemental/NotoSansKharoshthi-Regular.ttf : NotoSansKharoshthi-Regular already registered in fonts database. Skipping.
2025-10-13 00:54:55,174 INFO /System/Library/Fonts/Supplemental/NotoSansKhojki-Regular.ttf : NotoSansKhojki-Regular already registered in fonts database. Skipping.
2025-10-13 00:54:55,193 INFO /System/Library/Fonts/Supplemental/NotoSansKhojki-Regular.ttf : NotoSansKhojki-Regular already registered in fonts database. Skipping.
2025-10-13 00:54:55,203 INFO /System/Library/Fonts/Supplemental/NotoSansKhudawadi-Regular.ttf : NotoSansKhudawadi-Regular already registered in fonts database. Skipping.
2025-10-13 00:54:55,213 INFO /System/Library/Fonts/Supplemental/NotoSansKhudawadi-Regular.ttf : NotoSansKhudawadi-Regular already registered in fonts database. Skipping.
2025-10-13 00:54:55,223 INFO /System/Library/Fonts/Supplemental/NotoSansLepcha-Regular.ttf : NotoSansLepcha-Regular already registered in fonts database. Skipping.
2025-10-13 00:54:55,234 INFO /System/Library/Fonts/Supplemental/NotoSansLepcha-Regular.ttf : NotoSansLepcha-Regular already registered in fonts database. Skipping.
2025-10-13 00:54:55,243 INFO /System/Library/Fonts/Supplemental/NotoSansLimbu-Regular.ttf : NotoSansLimbu-Regular already registered in fonts database. Skipping.
2025-10-13 00:54:55,253 INFO /System/Library/Fonts/Supplemental/NotoSansLimbu-Regular.ttf : NotoSansLimbu-Regular already registered in fonts database. Skipping.
2025-10-13 00:54:55,275 INFO /System/Library/Fonts/Supplemental/NotoSansLinearA-Regular.ttf : NotoSansLinearA-Regular already registered in fonts database. Skipping.
2025-10-13 00:54:55,297 INFO /System/Library/Fonts/Supplemental/NotoSansLinearA-Regular.ttf : NotoSansLinearA-Regular already registered in fonts database. Skipping.
2025-10-13 00:54:55,324 INFO /System/Library/Fonts/Supplemental/NotoSansLinearB-Regular.ttf : NotoSansLinearB-Regular already registered in fonts database. Skipping.
2025-10-13 00:54:55,351 INFO /System/Library/Fonts/Supplemental/NotoSansLinearB-Regular.ttf : NotoSansLinearB-Regular already registered in fonts database. Skipping.
2025-10-13 00:54:55,358 INFO /System/Library/Fonts/Supplemental/NotoSansLisu-Regular.ttf : NotoSansLisu-Regular already registered in fonts database. Skipping.
2025-10-13 00:54:55,364 INFO /System/Library/Fonts/Supplemental/NotoSansLisu-Regular.ttf : NotoSansLisu-Regular already registered in fonts database. Skipping.
2025-10-13 00:54:55,370 INFO /System/Library/Fonts/Supplemental/NotoSansLycian-Regular.ttf : NotoSansLycian-Regular already registered in fonts database. Skipping.
2025-10-13 00:54:55,376 INFO /System/Library/Fonts/Supplemental/NotoSansLycian-Regular.ttf : NotoSansLycian-Regular already registered in fonts database. Skipping.
2025-10-13 00:54:55,382 INFO /System/Library/Fonts/Supplemental/NotoSansLydian-Regular.ttf : NotoSansLydian-Regular already registered in fonts database. Skipping.
2025-10-13 00:54:55,388 INFO /System/Library/Fonts/Supplemental/NotoSansLydian-Regular.ttf : NotoSansLydian-Regular already registered in fonts database. Skipping.
2025-10-13 00:54:55,398 INFO /System/Library/Fonts/Supplemental/NotoSansMahajani-Regular.ttf : NotoSansMahajani-Regular already registered in fonts database. Skipping.
2025-10-13 00:54:55,409 INFO /System/Library/Fonts/Supplemental/NotoSansMahajani-Regular.ttf : NotoSansMahajani-Regular already registered in fonts database. Skipping.
2025-10-13 00:54:55,420 INFO /System/Library/Fonts/Supplemental/NotoSansMandaic-Regular.ttf : NotoSansMandaic-Regular already registered in fonts database. Skipping.
2025-10-13 00:54:55,432 INFO /System/Library/Fonts/Supplemental/NotoSansMandaic-Regular.ttf : NotoSansMandaic-Regular already registered in fonts database. Skipping.
2025-10-13 00:54:55,446 INFO /System/Library/Fonts/Supplemental/NotoSansManichaean-Regular.ttf : NotoSansManichaean-Regular already registered in fonts database. Skipping.
2025-10-13 00:54:55,461 INFO /System/Library/Fonts/Supplemental/NotoSansManichaean-Regular.ttf : NotoSansManichaean-Regular already registered in fonts database. Skipping.
2025-10-13 00:54:55,490 INFO /System/Library/Fonts/Supplemental/NotoSansMarchen-Regular.ttf : NotoSansMarchen-Regular already registered in fonts database. Skipping.
2025-10-13 00:54:55,519 INFO /System/Library/Fonts/Supplemental/NotoSansMarchen-Regular.ttf : NotoSansMarchen-Regular already registered in fonts database. Skipping.
2025-10-13 00:54:55,529 INFO /System/Library/Fonts/Supplemental/NotoSansMeeteiMayek-Regular.ttf : NotoSansMeeteiMayek-Regular already registered in fonts database. Skipping.
2025-10-13 00:54:55,539 INFO /System/Library/Fonts/Supplemental/NotoSansMeeteiMayek-Regular.ttf : NotoSansMeeteiMayek-Regular already registered in fonts database. Skipping.
2025-10-13 00:54:55,555 INFO /System/Library/Fonts/Supplemental/NotoSansMendeKikakui-Regular.ttf : NotoSansMendeKikakui-Regular already registered in fonts database. Skipping.
2025-10-13 00:54:55,571 INFO /System/Library/Fonts/Supplemental/NotoSansMendeKikakui-Regular.ttf : NotoSansMendeKikakui-Regular already registered in fonts database. Skipping.
2025-10-13 00:54:55,588 INFO /System/Library/Fonts/Supplemental/NotoSansMeroitic-Regular.ttf : NotoSansMeroitic-Regular already registered in fonts database. Skipping.
2025-10-13 00:54:55,604 INFO /System/Library/Fonts/Supplemental/NotoSansMeroitic-Regular.ttf : NotoSansMeroitic-Regular already registered in fonts database. Skipping.
2025-10-13 00:54:55,619 INFO /System/Library/Fonts/Supplemental/NotoSansMiao-Regular.ttf : NotoSansMiao-Regular already registered in fonts database. Skipping.
2025-10-13 00:54:55,633 INFO /System/Library/Fonts/Supplemental/NotoSansMiao-Regular.ttf : NotoSansMiao-Regular already registered in fonts database. Skipping.
2025-10-13 00:54:55,649 INFO /System/Library/Fonts/Supplemental/NotoSansModi-Regular.ttf : NotoSansModi-Regular already registered in fonts database. Skipping.
2025-10-13 00:54:55,666 INFO /System/Library/Fonts/Supplemental/NotoSansModi-Regular.ttf : NotoSansModi-Regular already registered in fonts database. Skipping.
2025-10-13 00:54:55,726 INFO /System/Library/Fonts/Supplemental/NotoSansMongolian-Regular.ttf : NotoSansMongolian-Regular already registered in fonts database. Skipping.
2025-10-13 00:54:55,786 INFO /System/Library/Fonts/Supplemental/NotoSansMongolian-Regular.ttf : NotoSansMongolian-Regular already registered in fonts database. Skipping.
2025-10-13 00:54:55,793 INFO /System/Library/Fonts/Supplemental/NotoSansMro-Regular.ttf : NotoSansMro-Regular already registered in fonts database. Skipping.
2025-10-13 00:54:55,801 INFO /System/Library/Fonts/Supplemental/NotoSansMro-Regular.ttf : NotoSansMro-Regular already registered in fonts database. Skipping.
2025-10-13 00:54:55,810 INFO /System/Library/Fonts/Supplemental/NotoSansMultani-Regular.ttf : NotoSansMultani-Regular already registered in fonts database. Skipping.
2025-10-13 00:54:55,818 INFO /System/Library/Fonts/Supplemental/NotoSansMultani-Regular.ttf : NotoSansMultani-Regular already registered in fonts database. Skipping.
2025-10-13 00:54:55,827 INFO /System/Library/Fonts/Supplemental/NotoSansNabataean-Regular.ttf : NotoSansNabataean-Regular already registered in fonts database. Skipping.
2025-10-13 00:54:55,835 INFO /System/Library/Fonts/Supplemental/NotoSansNabataean-Regular.ttf : NotoSansNabataean-Regular already registered in fonts database. Skipping.
2025-10-13 00:54:55,870 INFO /System/Library/Fonts/Supplemental/NotoSansNewa-Regular.ttf : NotoSansNewa-Regular already registered in fonts database. Skipping.
2025-10-13 00:54:55,904 INFO /System/Library/Fonts/Supplemental/NotoSansNewa-Regular.ttf : NotoSansNewa-Regular already registered in fonts database. Skipping.
2025-10-13 00:54:55,919 INFO /System/Library/Fonts/Supplemental/NotoSansNewTaiLue-Regular.ttf : NotoSansNewTaiLue-Regular already registered in fonts database. Skipping.
2025-10-13 00:54:55,932 INFO /System/Library/Fonts/Supplemental/NotoSansNewTaiLue-Regular.ttf : NotoSansNewTaiLue-Regular already registered in fonts database. Skipping.
2025-10-13 00:54:55,942 INFO /System/Library/Fonts/Supplemental/NotoSansNKo-Regular.ttf : NotoSansNKo-Regular already registered in fonts database. Skipping.
2025-10-13 00:54:55,951 INFO /System/Library/Fonts/Supplemental/NotoSansNKo-Regular.ttf : NotoSansNKo-Regular already registered in fonts database. Skipping.
2025-10-13 00:54:55,961 INFO /System/Library/Fonts/Supplemental/NotoSansOlChiki-Regular.ttf : NotoSansOlChiki-Regular already registered in fonts database. Skipping.
2025-10-13 00:54:55,970 INFO /System/Library/Fonts/Supplemental/NotoSansOlChiki-Regular.ttf : NotoSansOlChiki-Regular already registered in fonts database. Skipping.
2025-10-13 00:54:55,981 INFO /System/Library/Fonts/Supplemental/NotoSansOldHungarian-Regular.ttf : NotoSansOldHungarian-Regular already registered in fonts database. Skipping.
2025-10-13 00:54:55,991 INFO /System/Library/Fonts/Supplemental/NotoSansOldHungarian-Regular.ttf : NotoSansOldHungarian-Regular already registered in fonts database. Skipping.
2025-10-13 00:54:55,999 INFO /System/Library/Fonts/Supplemental/NotoSansOldItalic-Regular.ttf : NotoSansOldItalic-Regular already registered in fonts database. Skipping.
2025-10-13 00:54:56,006 INFO /System/Library/Fonts/Supplemental/NotoSansOldItalic-Regular.ttf : NotoSansOldItalic-Regular already registered in fonts database. Skipping.
2025-10-13 00:54:56,014 INFO /System/Library/Fonts/Supplemental/NotoSansOldNorthArabian-Regular.ttf : NotoSansOldNorthArabian-Regular already registered in fonts database. Skipping.
2025-10-13 00:54:56,021 INFO /System/Library/Fonts/Supplemental/NotoSansOldNorthArabian-Regular.ttf : NotoSansOldNorthArabian-Regular already registered in fonts database. Skipping.
2025-10-13 00:54:56,028 INFO /System/Library/Fonts/Supplemental/NotoSansOldPermic-Regular.ttf : NotoSansOldPermic-Regular already registered in fonts database. Skipping.
2025-10-13 00:54:56,034 INFO /System/Library/Fonts/Supplemental/NotoSansOldPermic-Regular.ttf : NotoSansOldPermic-Regular already registered in fonts database. Skipping.
2025-10-13 00:54:56,043 INFO /System/Library/Fonts/Supplemental/NotoSansOldPersian-Regular.ttf : NotoSansOldPersian-Regular already registered in fonts database. Skipping.
2025-10-13 00:54:56,051 INFO /System/Library/Fonts/Supplemental/NotoSansOldPersian-Regular.ttf : NotoSansOldPersian-Regular already registered in fonts database. Skipping.
2025-10-13 00:54:56,058 INFO /System/Library/Fonts/Supplemental/NotoSansOldSouthArabian-Regular.ttf : NotoSansOldSouthArabian-Regular already registered in fonts database. Skipping.
2025-10-13 00:54:56,064 INFO /System/Library/Fonts/Supplemental/NotoSansOldSouthArabian-Regular.ttf : NotoSansOldSouthArabian-Regular already registered in fonts database. Skipping.
2025-10-13 00:54:56,071 INFO /System/Library/Fonts/Supplemental/NotoSansOldTurkic-Regular.ttf : NotoSansOldTurkic-Regular already registered in fonts database. Skipping.
2025-10-13 00:54:56,078 INFO /System/Library/Fonts/Supplemental/NotoSansOldTurkic-Regular.ttf : NotoSansOldTurkic-Regular already registered in fonts database. Skipping.
2025-10-13 00:54:56,087 INFO /System/Library/Fonts/Supplemental/NotoSansOsage-Regular.ttf : NotoSansOsage-Regular already registered in fonts database. Skipping.
2025-10-13 00:54:56,095 INFO /System/Library/Fonts/Supplemental/NotoSansOsage-Regular.ttf : NotoSansOsage-Regular already registered in fonts database. Skipping.
2025-10-13 00:54:56,104 INFO /System/Library/Fonts/Supplemental/NotoSansOsmanya-Regular.ttf : NotoSansOsmanya-Regular already registered in fonts database. Skipping.
2025-10-13 00:54:56,112 INFO /System/Library/Fonts/Supplemental/NotoSansOsmanya-Regular.ttf : NotoSansOsmanya-Regular already registered in fonts database. Skipping.
2025-10-13 00:54:56,122 INFO /System/Library/Fonts/Supplemental/NotoSansPahawhHmong-Regular.ttf : NotoSansPahawhHmong-Regular already registered in fonts database. Skipping.
2025-10-13 00:54:56,132 INFO /System/Library/Fonts/Supplemental/NotoSansPahawhHmong-Regular.ttf : NotoSansPahawhHmong-Regular already registered in fonts database. Skipping.
2025-10-13 00:54:56,143 INFO /System/Library/Fonts/Supplemental/NotoSansPalmyrene-Regular.ttf : NotoSansPalmyrene-Regular already registered in fonts database. Skipping.
2025-10-13 00:54:56,154 INFO /System/Library/Fonts/Supplemental/NotoSansPalmyrene-Regular.ttf : NotoSansPalmyrene-Regular already registered in fonts database. Skipping.
2025-10-13 00:54:56,161 INFO /System/Library/Fonts/Supplemental/NotoSansPauCinHau-Regular.ttf : NotoSansPauCinHau-Regular already registered in fonts database. Skipping.
2025-10-13 00:54:56,168 INFO /System/Library/Fonts/Supplemental/NotoSansPauCinHau-Regular.ttf : NotoSansPauCinHau-Regular already registered in fonts database. Skipping.
2025-10-13 00:54:56,180 INFO /System/Library/Fonts/Supplemental/NotoSansPhagsPa-Regular.ttf : NotoSansPhagsPa-Regular already registered in fonts database. Skipping.
2025-10-13 00:54:56,193 INFO /System/Library/Fonts/Supplemental/NotoSansPhagsPa-Regular.ttf : NotoSansPhagsPa-Regular already registered in fonts database. Skipping.
2025-10-13 00:54:56,200 INFO /System/Library/Fonts/Supplemental/NotoSansPhoenician-Regular.ttf : NotoSansPhoenician-Regular already registered in fonts database. Skipping.
2025-10-13 00:54:56,207 INFO /System/Library/Fonts/Supplemental/NotoSansPhoenician-Regular.ttf : NotoSansPhoenician-Regular already registered in fonts database. Skipping.
2025-10-13 00:54:56,218 INFO /System/Library/Fonts/Supplemental/NotoSansPsalterPahlavi-Regular.ttf : NotoSansPsalterPahlavi-Regular already registered in fonts database. Skipping.
2025-10-13 00:54:56,230 INFO /System/Library/Fonts/Supplemental/NotoSansPsalterPahlavi-Regular.ttf : NotoSansPsalterPahlavi-Regular already registered in fonts database. Skipping.
2025-10-13 00:54:56,236 INFO /System/Library/Fonts/Supplemental/NotoSansRejang-Regular.ttf : NotoSansRejang-Regular already registered in fonts database. Skipping.
2025-10-13 00:54:56,243 INFO /System/Library/Fonts/Supplemental/NotoSansRejang-Regular.ttf : NotoSansRejang-Regular already registered in fonts database. Skipping.
2025-10-13 00:54:56,251 INFO /System/Library/Fonts/Supplemental/NotoSansSamaritan-Regular.ttf : NotoSansSamaritan-Regular already registered in fonts database. Skipping.
2025-10-13 00:54:56,260 INFO /System/Library/Fonts/Supplemental/NotoSansSamaritan-Regular.ttf : NotoSansSamaritan-Regular already registered in fonts database. Skipping.
2025-10-13 00:54:56,269 INFO /System/Library/Fonts/Supplemental/NotoSansSaurashtra-Regular.ttf : NotoSansSaurashtra-Regular already registered in fonts database. Skipping.
2025-10-13 00:54:56,278 INFO /System/Library/Fonts/Supplemental/NotoSansSaurashtra-Regular.ttf : NotoSansSaurashtra-Regular already registered in fonts database. Skipping.
2025-10-13 00:54:56,293 INFO /System/Library/Fonts/Supplemental/NotoSansSharada-Regular.ttf : NotoSansSharada-Regular already registered in fonts database. Skipping.
2025-10-13 00:54:56,307 INFO /System/Library/Fonts/Supplemental/NotoSansSharada-Regular.ttf : NotoSansSharada-Regular already registered in fonts database. Skipping.
2025-10-13 00:54:56,315 INFO /System/Library/Fonts/Supplemental/NotoSansSoraSompeng-Regular.ttf : NotoSansSoraSompeng-Regular already registered in fonts database. Skipping.
2025-10-13 00:54:56,322 INFO /System/Library/Fonts/Supplemental/NotoSansSoraSompeng-Regular.ttf : NotoSansSoraSompeng-Regular already registered in fonts database. Skipping.
2025-10-13 00:54:56,329 INFO /System/Library/Fonts/Supplemental/NotoSansSundanese-Regular.ttf : NotoSansSundanese-Regular already registered in fonts database. Skipping.
2025-10-13 00:54:56,337 INFO /System/Library/Fonts/Supplemental/NotoSansSundanese-Regular.ttf : NotoSansSundanese-Regular already registered in fonts database. Skipping.
2025-10-13 00:54:56,347 INFO /System/Library/Fonts/Supplemental/NotoSansSylotiNagri-Regular.ttf : NotoSansSylotiNagri-Regular already registered in fonts database. Skipping.
2025-10-13 00:54:56,356 INFO /System/Library/Fonts/Supplemental/NotoSansSylotiNagri-Regular.ttf : NotoSansSylotiNagri-Regular already registered in fonts database. Skipping.
2025-10-13 00:54:56,374 INFO /System/Library/Fonts/Supplemental/NotoSansSyriac-Regular.ttf : NotoSansSyriac-Regular already registered in fonts database. Skipping.
2025-10-13 00:54:56,392 INFO /System/Library/Fonts/Supplemental/NotoSansSyriac-Regular.ttf : NotoSansSyriac-Regular already registered in fonts database. Skipping.
2025-10-13 00:54:56,399 INFO /System/Library/Fonts/Supplemental/NotoSansTagalog-Regular.ttf : NotoSansTagalog-Regular already registered in fonts database. Skipping.
2025-10-13 00:54:56,407 INFO /System/Library/Fonts/Supplemental/NotoSansTagalog-Regular.ttf : NotoSansTagalog-Regular already registered in fonts database. Skipping.
2025-10-13 00:54:56,415 INFO /System/Library/Fonts/Supplemental/NotoSansTagbanwa-Regular.ttf : NotoSansTagbanwa-Regular already registered in fonts database. Skipping.
2025-10-13 00:54:56,422 INFO /System/Library/Fonts/Supplemental/NotoSansTagbanwa-Regular.ttf : NotoSansTagbanwa-Regular already registered in fonts database. Skipping.
2025-10-13 00:54:56,432 INFO /System/Library/Fonts/Supplemental/NotoSansTaiLe-Regular.ttf : NotoSansTaiLe-Regular already registered in fonts database. Skipping.
2025-10-13 00:54:56,442 INFO /System/Library/Fonts/Supplemental/NotoSansTaiLe-Regular.ttf : NotoSansTaiLe-Regular already registered in fonts database. Skipping.
2025-10-13 00:54:56,460 INFO /System/Library/Fonts/Supplemental/NotoSansTaiTham-Regular.ttf : NotoSansTaiTham already registered in fonts database. Skipping.
2025-10-13 00:54:56,478 INFO /System/Library/Fonts/Supplemental/NotoSansTaiTham-Regular.ttf : NotoSansTaiTham already registered in fonts database. Skipping.
2025-10-13 00:54:56,491 INFO /System/Library/Fonts/Supplemental/NotoSansTaiViet-Regular.ttf : NotoSansTaiViet-Regular already registered in fonts database. Skipping.
2025-10-13 00:54:56,503 INFO /System/Library/Fonts/Supplemental/NotoSansTaiViet-Regular.ttf : NotoSansTaiViet-Regular already registered in fonts database. Skipping.
2025-10-13 00:54:56,512 INFO /System/Library/Fonts/Supplemental/NotoSansTakri-Regular.ttf : NotoSansTakri-Regular already registered in fonts database. Skipping.
2025-10-13 00:54:56,521 INFO /System/Library/Fonts/Supplemental/NotoSansTakri-Regular.ttf : NotoSansTakri-Regular already registered in fonts database. Skipping.
2025-10-13 00:54:56,534 INFO /System/Library/Fonts/Supplemental/NotoSansThaana-Regular.ttf : NotoSansThaana-Regular already registered in fonts database. Skipping.
2025-10-13 00:54:56,547 INFO /System/Library/Fonts/Supplemental/NotoSansThaana-Regular.ttf : NotoSansThaana-Regular already registered in fonts database. Skipping.
2025-10-13 00:54:56,565 INFO /System/Library/Fonts/Supplemental/NotoSansTirhuta-Regular.ttf : NotoSansTirhuta-Regular already registered in fonts database. Skipping.
2025-10-13 00:54:56,583 INFO /System/Library/Fonts/Supplemental/NotoSansTirhuta-Regular.ttf : NotoSansTirhuta-Regular already registered in fonts database. Skipping.
2025-10-13 00:54:56,590 INFO /System/Library/Fonts/Supplemental/NotoSansUgaritic-Regular.ttf : NotoSansUgaritic-Regular already registered in fonts database. Skipping.
2025-10-13 00:54:56,598 INFO /System/Library/Fonts/Supplemental/NotoSansUgaritic-Regular.ttf : NotoSansUgaritic-Regular already registered in fonts database. Skipping.
2025-10-13 00:54:56,618 INFO /System/Library/Fonts/Supplemental/NotoSansVai-Regular.ttf : NotoSansVai-Regular already registered in fonts database. Skipping.
2025-10-13 00:54:56,638 INFO /System/Library/Fonts/Supplemental/NotoSansVai-Regular.ttf : NotoSansVai-Regular already registered in fonts database. Skipping.
2025-10-13 00:54:56,647 INFO /System/Library/Fonts/Supplemental/NotoSansWancho-Regular.ttf : NotoSansWancho-Regular already registered in fonts database. Skipping.
2025-10-13 00:54:56,656 INFO /System/Library/Fonts/Supplemental/NotoSansWancho-Regular.ttf : NotoSansWancho-Regular already registered in fonts database. Skipping.
2025-10-13 00:54:56,666 INFO /System/Library/Fonts/Supplemental/NotoSansWarangCiti-Regular.ttf : NotoSansWarangCiti-Regular already registered in fonts database. Skipping.
2025-10-13 00:54:56,676 INFO /System/Library/Fonts/Supplemental/NotoSansWarangCiti-Regular.ttf : NotoSansWarangCiti-Regular already registered in fonts database. Skipping.
2025-10-13 00:54:56,728 INFO /System/Library/Fonts/Supplemental/NotoSansYi-Regular.ttf : NotoSansYi-Regular already registered in fonts database. Skipping.
2025-10-13 00:54:56,781 INFO /System/Library/Fonts/Supplemental/NotoSansYi-Regular.ttf : NotoSansYi-Regular already registered in fonts database. Skipping.
2025-10-13 00:54:56,793 INFO /System/Library/Fonts/Supplemental/NotoSerifAhom-Regular.ttf : NotoSerifAhom-Regular already registered in fonts database. Skipping.
2025-10-13 00:54:56,805 INFO /System/Library/Fonts/Supplemental/NotoSerifAhom-Regular.ttf : NotoSerifAhom-Regular already registered in fonts database. Skipping.
2025-10-13 00:54:56,833 INFO /System/Library/Fonts/Supplemental/NotoSerifBalinese-Regular.ttf : NotoSerifBalinese-Regular already registered in fonts database. Skipping.
2025-10-13 00:54:56,861 INFO /System/Library/Fonts/Supplemental/NotoSerifBalinese-Regular.ttf : NotoSerifBalinese-Regular already registered in fonts database. Skipping.
2025-10-13 00:54:56,869 INFO /System/Library/Fonts/Supplemental/NotoSerifNyiakengPuachueHmong-Regular.ttf : NotoSerifHmongNyiakeng-Regular already registered in fonts database. Skipping.
2025-10-13 00:54:56,878 INFO /System/Library/Fonts/Supplemental/NotoSerifNyiakengPuachueHmong-Regular.ttf : NotoSerifHmongNyiakeng-Regular already registered in fonts database. Skipping.
2025-10-13 00:54:56,978 INFO /System/Library/Fonts/Supplemental/PartyLET-plain.ttf : PartyLetPlain already registered in fonts database. Skipping.
2025-10-13 00:54:57,077 INFO /System/Library/Fonts/Supplemental/PartyLET-plain.ttf : PartyLetPlain already registered in fonts database. Skipping.
2025-10-13 00:54:57,119 INFO /System/Library/Fonts/Supplemental/PlantagenetCherokee.ttf : No FontName. Skipping.
2025-10-13 00:54:57,160 INFO /System/Library/Fonts/Supplemental/PlantagenetCherokee.ttf : No FontName. Skipping.
2025-10-13 00:54:57,199 INFO /System/Library/Fonts/Supplemental/Sathu.ttf : No FontName. Skipping.
2025-10-13 00:54:57,238 INFO /System/Library/Fonts/Supplemental/Sathu.ttf : No FontName. Skipping.
2025-10-13 00:54:57,261 INFO /System/Library/Fonts/Supplemental/Silom.ttf : No FontName. Skipping.
2025-10-13 00:54:57,283 INFO /System/Library/Fonts/Supplemental/Silom.ttf : No FontName. Skipping.
2025-10-13 00:54:57,311 INFO /System/Library/Fonts/Supplemental/Skia.ttf : No FontName. Skipping.
2025-10-13 00:54:57,338 INFO /System/Library/Fonts/Supplemental/Skia.ttf : No FontName. Skipping.
2025-10-13 00:54:57,467 INFO /System/Library/Fonts/Supplemental/STIXTwoText-Italic.ttf : STIXTwoText-Italic already registered in fonts database. Skipping.
2025-10-13 00:54:57,596 INFO /System/Library/Fonts/Supplemental/STIXTwoText-Italic.ttf : STIXTwoText-Italic already registered in fonts database. Skipping.
2025-10-13 00:54:57,712 INFO /System/Library/Fonts/Supplemental/STIXTwoText.ttf : STIXTwoText already registered in fonts database. Skipping.
2025-10-13 00:54:57,828 INFO /System/Library/Fonts/Supplemental/STIXTwoText.ttf : STIXTwoText already registered in fonts database. Skipping.
2025-10-13 00:54:57,919 INFO /System/Library/Fonts/Supplemental/Tahoma Bold.ttf : Tahoma-Bold already registered in fonts database. Skipping.
2025-10-13 00:54:58,010 INFO /System/Library/Fonts/Supplemental/Tahoma Bold.ttf : Tahoma-Bold already registered in fonts database. Skipping.
2025-10-13 00:54:58,109 INFO /System/Library/Fonts/Supplemental/Tahoma.ttf : Tahoma already registered in fonts database. Skipping.
2025-10-13 00:54:58,207 INFO /System/Library/Fonts/Supplemental/Tahoma.ttf : Tahoma already registered in fonts database. Skipping.
2025-10-13 00:54:58,305 INFO /System/Library/Fonts/Supplemental/Times New Roman Bold Italic.ttf : TimesNewRomanPS-BoldItalicMT already registered in fonts database. Skipping.
2025-10-13 00:54:58,404 INFO /System/Library/Fonts/Supplemental/Times New Roman Bold Italic.ttf : TimesNewRomanPS-BoldItalicMT already registered in fonts database. Skipping.
2025-10-13 00:54:58,546 INFO /System/Library/Fonts/Supplemental/Times New Roman Bold.ttf : TimesNewRomanPS-BoldMT already registered in fonts database. Skipping.
2025-10-13 00:54:58,687 INFO /System/Library/Fonts/Supplemental/Times New Roman Bold.ttf : TimesNewRomanPS-BoldMT already registered in fonts database. Skipping.
2025-10-13 00:54:58,789 INFO /System/Library/Fonts/Supplemental/Times New Roman Italic.ttf : TimesNewRomanPS-ItalicMT already registered in fonts database. Skipping.
2025-10-13 00:54:58,891 INFO /System/Library/Fonts/Supplemental/Times New Roman Italic.ttf : TimesNewRomanPS-ItalicMT already registered in fonts database. Skipping.
2025-10-13 00:54:59,042 INFO /System/Library/Fonts/Supplemental/Times New Roman.ttf : TimesNewRomanPSMT already registered in fonts database. Skipping.
2025-10-13 00:54:59,192 INFO /System/Library/Fonts/Supplemental/Times New Roman.ttf : TimesNewRomanPSMT already registered in fonts database. Skipping.
2025-10-13 00:55:01,050 INFO /System/Library/Fonts/Supplemental/Trattatello.ttf : Trattatello already registered in fonts database. Skipping.
2025-10-13 00:55:02,909 INFO /System/Library/Fonts/Supplemental/Trattatello.ttf : Trattatello already registered in fonts database. Skipping.
2025-10-13 00:55:02,925 INFO /System/Library/Fonts/Supplemental/Trebuchet MS Bold Italic.ttf : Trebuchet-BoldItalic already registered in fonts database. Skipping.
2025-10-13 00:55:02,941 INFO /System/Library/Fonts/Supplemental/Trebuchet MS Bold Italic.ttf : Trebuchet-BoldItalic already registered in fonts database. Skipping.
2025-10-13 00:55:02,956 INFO /System/Library/Fonts/Supplemental/Trebuchet MS Bold.ttf : TrebuchetMS-Bold already registered in fonts database. Skipping.
2025-10-13 00:55:02,970 INFO /System/Library/Fonts/Supplemental/Trebuchet MS Bold.ttf : TrebuchetMS-Bold already registered in fonts database. Skipping.
2025-10-13 00:55:02,986 INFO /System/Library/Fonts/Supplemental/Trebuchet MS Italic.ttf : TrebuchetMS-Italic already registered in fonts database. Skipping.
2025-10-13 00:55:03,001 INFO /System/Library/Fonts/Supplemental/Trebuchet MS Italic.ttf : TrebuchetMS-Italic already registered in fonts database. Skipping.
2025-10-13 00:55:03,015 INFO /System/Library/Fonts/Supplemental/Trebuchet MS.ttf : TrebuchetMS already registered in fonts database. Skipping.
2025-10-13 00:55:03,029 INFO /System/Library/Fonts/Supplemental/Trebuchet MS.ttf : TrebuchetMS already registered in fonts database. Skipping.
2025-10-13 00:55:03,050 INFO /System/Library/Fonts/Supplemental/Verdana Bold Italic.ttf : Verdana-BoldItalic already registered in fonts database. Skipping.
2025-10-13 00:55:03,071 INFO /System/Library/Fonts/Supplemental/Verdana Bold Italic.ttf : Verdana-BoldItalic already registered in fonts database. Skipping.
2025-10-13 00:55:03,094 INFO /System/Library/Fonts/Supplemental/Verdana Bold.ttf : Verdana-Bold already registered in fonts database. Skipping.
2025-10-13 00:55:03,117 INFO /System/Library/Fonts/Supplemental/Verdana Bold.ttf : Verdana-Bold already registered in fonts database. Skipping.
2025-10-13 00:55:03,140 INFO /System/Library/Fonts/Supplemental/Verdana Italic.ttf : Verdana-Italic already registered in fonts database. Skipping.
2025-10-13 00:55:03,162 INFO /System/Library/Fonts/Supplemental/Verdana Italic.ttf : Verdana-Italic already registered in fonts database. Skipping.
2025-10-13 00:55:03,186 INFO /System/Library/Fonts/Supplemental/Verdana.ttf : Verdana already registered in fonts database. Skipping.
2025-10-13 00:55:03,209 INFO /System/Library/Fonts/Supplemental/Verdana.ttf : Verdana already registered in fonts database. Skipping.
2025-10-13 00:55:03,237 INFO /System/Library/Fonts/Supplemental/Webdings.ttf : Webdings already registered in fonts database. Skipping.
2025-10-13 00:55:03,266 INFO /System/Library/Fonts/Supplemental/Webdings.ttf : Webdings already registered in fonts database. Skipping.
2025-10-13 00:55:03,278 INFO /System/Library/Fonts/Supplemental/Wingdings 2.ttf : Wingdings2 already registered in fonts database. Skipping.
2025-10-13 00:55:03,290 INFO /System/Library/Fonts/Supplemental/Wingdings 2.ttf : Wingdings2 already registered in fonts database. Skipping.
2025-10-13 00:55:03,298 INFO /System/Library/Fonts/Supplemental/Wingdings 3.ttf : Wingdings3 already registered in fonts database. Skipping.
2025-10-13 00:55:03,306 INFO /System/Library/Fonts/Supplemental/Wingdings 3.ttf : Wingdings3 already registered in fonts database. Skipping.
2025-10-13 00:55:03,319 INFO /System/Library/Fonts/Supplemental/Wingdings.ttf : Wingdings-Regular already registered in fonts database. Skipping.
2025-10-13 00:55:03,333 INFO /System/Library/Fonts/Supplemental/Wingdings.ttf : Wingdings-Regular already registered in fonts database. Skipping.
2025-10-13 00:55:03,706 INFO /System/Library/Fonts/Supplemental/Zapfino.ttf : No FontName. Skipping.
2025-10-13 00:55:04,080 INFO /System/Library/Fonts/Supplemental/Zapfino.ttf : No FontName. Skipping.
2025-10-13 00:55:04,090 INFO /System/Library/Fonts/Symbol.ttf : No FontName. Skipping.
2025-10-13 00:55:04,102 INFO /System/Library/Fonts/ZapfDingbats.ttf : No FontName. Skipping.
2025-10-13 00:55:04,102 INFO Found FontName for 0 fonts.
2025-10-13 00:55:04,102 INFO Scanning afm files in /Library/Frameworks/R.framework/Versions/4.5-arm64/Resources/library/extrafontdb/metrics
2025-10-13 00:55:04,189 INFO .Keyboard already registered with pdfFont().
2025-10-13 00:55:04,189 INFO .New York already registered with pdfFont().
2025-10-13 00:55:04,189 INFO .SF Arabic already registered with pdfFont().
2025-10-13 00:55:04,189 INFO .SF Arabic Rounded already registered with pdfFont().
2025-10-13 00:55:04,189 INFO .SF Armenian already registered with pdfFont().
2025-10-13 00:55:04,189 INFO .SF Armenian Rounded already registered with pdfFont().
2025-10-13 00:55:04,189 INFO .SF Camera already registered with pdfFont().
2025-10-13 00:55:04,189 INFO .SF Compact already registered with pdfFont().
2025-10-13 00:55:04,189 INFO .SF Compact Rounded already registered with pdfFont().
2025-10-13 00:55:04,189 INFO .SF Georgian already registered with pdfFont().
2025-10-13 00:55:04,189 INFO .SF Georgian Rounded already registered with pdfFont().
2025-10-13 00:55:04,189 INFO .SF Hebrew already registered with pdfFont().
2025-10-13 00:55:04,189 INFO .SF Hebrew Rounded already registered with pdfFont().
2025-10-13 00:55:04,189 INFO .SF NS Mono already registered with pdfFont().
2025-10-13 00:55:04,189 INFO .SF NS Rounded already registered with pdfFont().
2025-10-13 00:55:04,189 INFO Academy Engraved LET already registered with pdfFont().
2025-10-13 00:55:04,189 INFO Andale Mono already registered with pdfFont().
2025-10-13 00:55:04,190 INFO More than one version of regular/bold/italic found for Apple Braille. Skipping setup for this font.
2025-10-13 00:55:04,190 INFO AppleMyungjo already registered with pdfFont().
2025-10-13 00:55:04,190 INFO Arial already registered with pdfFont().
2025-10-13 00:55:04,190 INFO Arial Black already registered with pdfFont().
2025-10-13 00:55:04,190 INFO Arial Narrow already registered with pdfFont().
2025-10-13 00:55:04,190 INFO Arial Rounded MT Bold already registered with pdfFont().
2025-10-13 00:55:04,190 INFO Arial Unicode MS already registered with pdfFont().
2025-10-13 00:55:04,190 INFO Bodoni 72 Smallcaps already registered with pdfFont().
2025-10-13 00:55:04,190 INFO Bodoni Ornaments already registered with pdfFont().
2025-10-13 00:55:04,190 INFO No regular (non-bold, non-italic) version of Brush Script MT. Skipping setup for this font.
2025-10-13 00:55:04,190 INFO Comic Sans MS already registered with pdfFont().
2025-10-13 00:55:04,190 INFO Courier New already registered with pdfFont().
2025-10-13 00:55:04,190 INFO No regular (non-bold, non-italic) version of DIN Alternate. Skipping setup for this font.
2025-10-13 00:55:04,190 INFO No regular (non-bold, non-italic) version of DIN Condensed. Skipping setup for this font.
2025-10-13 00:55:04,190 INFO Georgia already registered with pdfFont().
2025-10-13 00:55:04,190 INFO Impact already registered with pdfFont().
2025-10-13 00:55:04,190 INFO Khmer Sangam MN already registered with pdfFont().
2025-10-13 00:55:04,190 INFO Lao Sangam MN already registered with pdfFont().
2025-10-13 00:55:04,190 INFO Luminari already registered with pdfFont().
2025-10-13 00:55:04,190 INFO Microsoft Sans Serif already registered with pdfFont().
2025-10-13 00:55:04,190 INFO Noto Sans Adlam already registered with pdfFont().
2025-10-13 00:55:04,190 INFO Noto Sans Avestan already registered with pdfFont().
2025-10-13 00:55:04,190 INFO Noto Sans Bamum already registered with pdfFont().
2025-10-13 00:55:04,190 INFO Noto Sans Bassa Vah already registered with pdfFont().
2025-10-13 00:55:04,190 INFO Noto Sans Batak already registered with pdfFont().
2025-10-13 00:55:04,190 INFO Noto Sans Bhaiksuki already registered with pdfFont().
2025-10-13 00:55:04,190 INFO Noto Sans Brahmi already registered with pdfFont().
2025-10-13 00:55:04,190 INFO Noto Sans Buginese already registered with pdfFont().
2025-10-13 00:55:04,190 INFO Noto Sans Buhid already registered with pdfFont().
2025-10-13 00:55:04,190 INFO Noto Sans Carian already registered with pdfFont().
2025-10-13 00:55:04,190 INFO Noto Sans CaucAlban already registered with pdfFont().
2025-10-13 00:55:04,190 INFO Noto Sans Chakma already registered with pdfFont().
2025-10-13 00:55:04,190 INFO Noto Sans Cham already registered with pdfFont().
2025-10-13 00:55:04,190 INFO Noto Sans Coptic already registered with pdfFont().
2025-10-13 00:55:04,190 INFO Noto Sans Cuneiform already registered with pdfFont().
2025-10-13 00:55:04,190 INFO Noto Sans Cypriot already registered with pdfFont().
2025-10-13 00:55:04,190 INFO Noto Sans Duployan already registered with pdfFont().
2025-10-13 00:55:04,190 INFO Noto Sans EgyptHiero already registered with pdfFont().
2025-10-13 00:55:04,190 INFO Noto Sans Elbasan already registered with pdfFont().
2025-10-13 00:55:04,190 INFO Noto Sans Glagolitic already registered with pdfFont().
2025-10-13 00:55:04,190 INFO Noto Sans Gothic already registered with pdfFont().
2025-10-13 00:55:04,190 INFO Noto Sans HanifiRohg already registered with pdfFont().
2025-10-13 00:55:04,190 INFO Noto Sans Hanunoo already registered with pdfFont().
2025-10-13 00:55:04,190 INFO Noto Sans Hatran already registered with pdfFont().
2025-10-13 00:55:04,191 INFO Noto Sans ImpAramaic already registered with pdfFont().
2025-10-13 00:55:04,191 INFO Noto Sans InsPahlavi already registered with pdfFont().
2025-10-13 00:55:04,191 INFO Noto Sans InsParthi already registered with pdfFont().
2025-10-13 00:55:04,191 INFO Noto Sans Kaithi already registered with pdfFont().
2025-10-13 00:55:04,191 INFO Noto Sans Kayah Li already registered with pdfFont().
2025-10-13 00:55:04,191 INFO Noto Sans Kharoshthi already registered with pdfFont().
2025-10-13 00:55:04,191 INFO Noto Sans Khojki already registered with pdfFont().
2025-10-13 00:55:04,191 INFO Noto Sans Khudawadi already registered with pdfFont().
2025-10-13 00:55:04,191 INFO Noto Sans Lepcha already registered with pdfFont().
2025-10-13 00:55:04,191 INFO Noto Sans Limbu already registered with pdfFont().
2025-10-13 00:55:04,191 INFO Noto Sans Linear A already registered with pdfFont().
2025-10-13 00:55:04,191 INFO Noto Sans Linear B already registered with pdfFont().
2025-10-13 00:55:04,191 INFO Noto Sans Lisu already registered with pdfFont().
2025-10-13 00:55:04,191 INFO Noto Sans Lycian already registered with pdfFont().
2025-10-13 00:55:04,191 INFO Noto Sans Lydian already registered with pdfFont().
2025-10-13 00:55:04,191 INFO Noto Sans Mahajani already registered with pdfFont().
2025-10-13 00:55:04,191 INFO Noto Sans Mandaic already registered with pdfFont().
2025-10-13 00:55:04,191 INFO Noto Sans Manichaean already registered with pdfFont().
2025-10-13 00:55:04,191 INFO Noto Sans Marchen already registered with pdfFont().
2025-10-13 00:55:04,191 INFO Noto Sans MeeteiMayek already registered with pdfFont().
2025-10-13 00:55:04,191 INFO Noto Sans Mende Kikakui already registered with pdfFont().
2025-10-13 00:55:04,191 INFO Noto Sans Meroitic already registered with pdfFont().
2025-10-13 00:55:04,191 INFO Noto Sans Miao already registered with pdfFont().
2025-10-13 00:55:04,191 INFO Noto Sans Modi already registered with pdfFont().
2025-10-13 00:55:04,191 INFO Noto Sans Mongolian already registered with pdfFont().
2025-10-13 00:55:04,191 INFO Noto Sans Mro already registered with pdfFont().
2025-10-13 00:55:04,191 INFO Noto Sans Multani already registered with pdfFont().
2025-10-13 00:55:04,191 INFO Noto Sans Nabataean already registered with pdfFont().
2025-10-13 00:55:04,191 INFO Noto Sans Newa already registered with pdfFont().
2025-10-13 00:55:04,191 INFO Noto Sans NewTaiLue already registered with pdfFont().
2025-10-13 00:55:04,191 INFO Noto Sans NKo already registered with pdfFont().
2025-10-13 00:55:04,191 INFO Noto Sans Ol Chiki already registered with pdfFont().
2025-10-13 00:55:04,191 INFO No regular (non-bold, non-italic) version of Noto Sans Old Italic. Skipping setup for this font.
2025-10-13 00:55:04,191 INFO Noto Sans Old Permic already registered with pdfFont().
2025-10-13 00:55:04,191 INFO Noto Sans Old Turkic already registered with pdfFont().
2025-10-13 00:55:04,191 INFO Noto Sans OldHung already registered with pdfFont().
2025-10-13 00:55:04,192 INFO Noto Sans OldNorArab already registered with pdfFont().
2025-10-13 00:55:04,192 INFO Noto Sans OldPersian already registered with pdfFont().
2025-10-13 00:55:04,192 INFO Noto Sans OldSouArab already registered with pdfFont().
2025-10-13 00:55:04,192 INFO Noto Sans Osage already registered with pdfFont().
2025-10-13 00:55:04,192 INFO Noto Sans Osmanya already registered with pdfFont().
2025-10-13 00:55:04,192 INFO Noto Sans Pahawh Hmong already registered with pdfFont().
2025-10-13 00:55:04,192 INFO Noto Sans Palmyrene already registered with pdfFont().
2025-10-13 00:55:04,192 INFO Noto Sans PauCinHau already registered with pdfFont().
2025-10-13 00:55:04,192 INFO Noto Sans PhagsPa already registered with pdfFont().
2025-10-13 00:55:04,192 INFO Noto Sans Phoenician already registered with pdfFont().
2025-10-13 00:55:04,192 INFO Noto Sans PsaPahlavi already registered with pdfFont().
2025-10-13 00:55:04,192 INFO Noto Sans Rejang already registered with pdfFont().
2025-10-13 00:55:04,192 INFO Noto Sans Samaritan already registered with pdfFont().
2025-10-13 00:55:04,192 INFO Noto Sans Saurashtra already registered with pdfFont().
2025-10-13 00:55:04,192 INFO Noto Sans Sharada already registered with pdfFont().
2025-10-13 00:55:04,192 INFO Noto Sans SoraSomp already registered with pdfFont().
2025-10-13 00:55:04,192 INFO Noto Sans Sundanese already registered with pdfFont().
2025-10-13 00:55:04,192 INFO Noto Sans Syloti Nagri already registered with pdfFont().
2025-10-13 00:55:04,192 INFO Noto Sans Syriac already registered with pdfFont().
2025-10-13 00:55:04,192 INFO Noto Sans Tagalog already registered with pdfFont().
2025-10-13 00:55:04,192 INFO Noto Sans Tagbanwa already registered with pdfFont().
2025-10-13 00:55:04,192 INFO Noto Sans Tai Le already registered with pdfFont().
2025-10-13 00:55:04,192 INFO Noto Sans Tai Tham already registered with pdfFont().
2025-10-13 00:55:04,192 INFO Noto Sans Tai Viet already registered with pdfFont().
2025-10-13 00:55:04,192 INFO Noto Sans Takri already registered with pdfFont().
2025-10-13 00:55:04,192 INFO Noto Sans Thaana already registered with pdfFont().
2025-10-13 00:55:04,192 INFO Noto Sans Tirhuta already registered with pdfFont().
2025-10-13 00:55:04,192 INFO Noto Sans Ugaritic already registered with pdfFont().
2025-10-13 00:55:04,192 INFO Noto Sans Vai already registered with pdfFont().
2025-10-13 00:55:04,192 INFO Noto Sans Wancho already registered with pdfFont().
2025-10-13 00:55:04,192 INFO Noto Sans WarangCiti already registered with pdfFont().
2025-10-13 00:55:04,192 INFO Noto Sans Yi already registered with pdfFont().
2025-10-13 00:55:04,192 INFO Noto Serif Ahom already registered with pdfFont().
2025-10-13 00:55:04,192 INFO Noto Serif Balinese already registered with pdfFont().
2025-10-13 00:55:04,192 INFO Noto Serif Hmong Nyiakeng already registered with pdfFont().
2025-10-13 00:55:04,192 INFO Party LET already registered with pdfFont().
2025-10-13 00:55:04,192 INFO STIX Two Text already registered with pdfFont().
2025-10-13 00:55:04,192 INFO System Font already registered with pdfFont().
2025-10-13 00:55:04,192 INFO Tahoma already registered with pdfFont().
2025-10-13 00:55:04,192 INFO Times New Roman already registered with pdfFont().
2025-10-13 00:55:04,192 INFO Trattatello already registered with pdfFont().
2025-10-13 00:55:04,192 INFO Trebuchet MS already registered with pdfFont().
2025-10-13 00:55:04,192 INFO Verdana already registered with pdfFont().
2025-10-13 00:55:04,192 INFO Webdings already registered with pdfFont().
2025-10-13 00:55:04,192 INFO Wingdings already registered with pdfFont().
2025-10-13 00:55:04,192 INFO Wingdings 2 already registered with pdfFont().
2025-10-13 00:55:04,192 INFO Wingdings 3 already registered with pdfFont().
2025-10-13 00:55:04,197 INFO .Keyboard already registered with postscriptFont().
2025-10-13 00:55:04,197 INFO .New York already registered with postscriptFont().
2025-10-13 00:55:04,197 INFO .SF Arabic already registered with postscriptFont().
2025-10-13 00:55:04,197 INFO .SF Arabic Rounded already registered with postscriptFont().
2025-10-13 00:55:04,197 INFO .SF Armenian already registered with postscriptFont().
2025-10-13 00:55:04,197 INFO .SF Armenian Rounded already registered with postscriptFont().
2025-10-13 00:55:04,197 INFO .SF Camera already registered with postscriptFont().
2025-10-13 00:55:04,197 INFO .SF Compact already registered with postscriptFont().
2025-10-13 00:55:04,197 INFO .SF Compact Rounded already registered with postscriptFont().
2025-10-13 00:55:04,197 INFO .SF Georgian already registered with postscriptFont().
2025-10-13 00:55:04,197 INFO .SF Georgian Rounded already registered with postscriptFont().
2025-10-13 00:55:04,197 INFO .SF Hebrew already registered with postscriptFont().
2025-10-13 00:55:04,197 INFO .SF Hebrew Rounded already registered with postscriptFont().
2025-10-13 00:55:04,197 INFO .SF NS Mono already registered with postscriptFont().
2025-10-13 00:55:04,197 INFO .SF NS Rounded already registered with postscriptFont().
2025-10-13 00:55:04,197 INFO Academy Engraved LET already registered with postscriptFont().
2025-10-13 00:55:04,197 INFO Andale Mono already registered with postscriptFont().
2025-10-13 00:55:04,197 INFO More than one version of regular/bold/italic found for Apple Braille. Skipping setup for this font.
2025-10-13 00:55:04,197 INFO AppleMyungjo already registered with postscriptFont().
2025-10-13 00:55:04,197 INFO Arial already registered with postscriptFont().
2025-10-13 00:55:04,197 INFO Arial Black already registered with postscriptFont().
2025-10-13 00:55:04,197 INFO Arial Narrow already registered with postscriptFont().
2025-10-13 00:55:04,197 INFO Arial Rounded MT Bold already registered with postscriptFont().
2025-10-13 00:55:04,197 INFO Arial Unicode MS already registered with postscriptFont().
2025-10-13 00:55:04,197 INFO Bodoni 72 Smallcaps already registered with postscriptFont().
2025-10-13 00:55:04,197 INFO Bodoni Ornaments already registered with postscriptFont().
2025-10-13 00:55:04,197 INFO No regular (non-bold, non-italic) version of Brush Script MT. Skipping setup for this font.
2025-10-13 00:55:04,197 INFO Comic Sans MS already registered with postscriptFont().
2025-10-13 00:55:04,197 INFO Courier New already registered with postscriptFont().
2025-10-13 00:55:04,197 INFO No regular (non-bold, non-italic) version of DIN Alternate. Skipping setup for this font.
2025-10-13 00:55:04,197 INFO No regular (non-bold, non-italic) version of DIN Condensed. Skipping setup for this font.
2025-10-13 00:55:04,197 INFO Georgia already registered with postscriptFont().
2025-10-13 00:55:04,197 INFO Impact already registered with postscriptFont().
2025-10-13 00:55:04,197 INFO Khmer Sangam MN already registered with postscriptFont().
2025-10-13 00:55:04,197 INFO Lao Sangam MN already registered with postscriptFont().
2025-10-13 00:55:04,197 INFO Luminari already registered with postscriptFont().
2025-10-13 00:55:04,197 INFO Microsoft Sans Serif already registered with postscriptFont().
2025-10-13 00:55:04,197 INFO Noto Sans Adlam already registered with postscriptFont().
2025-10-13 00:55:04,198 INFO Noto Sans Avestan already registered with postscriptFont().
2025-10-13 00:55:04,198 INFO Noto Sans Bamum already registered with postscriptFont().
2025-10-13 00:55:04,198 INFO Noto Sans Bassa Vah already registered with postscriptFont().
2025-10-13 00:55:04,198 INFO Noto Sans Batak already registered with postscriptFont().
2025-10-13 00:55:04,198 INFO Noto Sans Bhaiksuki already registered with postscriptFont().
2025-10-13 00:55:04,198 INFO Noto Sans Brahmi already registered with postscriptFont().
2025-10-13 00:55:04,198 INFO Noto Sans Buginese already registered with postscriptFont().
2025-10-13 00:55:04,198 INFO Noto Sans Buhid already registered with postscriptFont().
2025-10-13 00:55:04,198 INFO Noto Sans Carian already registered with postscriptFont().
2025-10-13 00:55:04,198 INFO Noto Sans CaucAlban already registered with postscriptFont().
2025-10-13 00:55:04,198 INFO Noto Sans Chakma already registered with postscriptFont().
2025-10-13 00:55:04,198 INFO Noto Sans Cham already registered with postscriptFont().
2025-10-13 00:55:04,198 INFO Noto Sans Coptic already registered with postscriptFont().
2025-10-13 00:55:04,198 INFO Noto Sans Cuneiform already registered with postscriptFont().
2025-10-13 00:55:04,198 INFO Noto Sans Cypriot already registered with postscriptFont().
2025-10-13 00:55:04,198 INFO Noto Sans Duployan already registered with postscriptFont().
2025-10-13 00:55:04,198 INFO Noto Sans EgyptHiero already registered with postscriptFont().
2025-10-13 00:55:04,198 INFO Noto Sans Elbasan already registered with postscriptFont().
2025-10-13 00:55:04,198 INFO Noto Sans Glagolitic already registered with postscriptFont().
2025-10-13 00:55:04,198 INFO Noto Sans Gothic already registered with postscriptFont().
2025-10-13 00:55:04,198 INFO Noto Sans HanifiRohg already registered with postscriptFont().
2025-10-13 00:55:04,198 INFO Noto Sans Hanunoo already registered with postscriptFont().
2025-10-13 00:55:04,198 INFO Noto Sans Hatran already registered with postscriptFont().
2025-10-13 00:55:04,198 INFO Noto Sans ImpAramaic already registered with postscriptFont().
2025-10-13 00:55:04,198 INFO Noto Sans InsPahlavi already registered with postscriptFont().
2025-10-13 00:55:04,198 INFO Noto Sans InsParthi already registered with postscriptFont().
2025-10-13 00:55:04,198 INFO Noto Sans Kaithi already registered with postscriptFont().
2025-10-13 00:55:04,198 INFO Noto Sans Kayah Li already registered with postscriptFont().
2025-10-13 00:55:04,198 INFO Noto Sans Kharoshthi already registered with postscriptFont().
2025-10-13 00:55:04,198 INFO Noto Sans Khojki already registered with postscriptFont().
2025-10-13 00:55:04,198 INFO Noto Sans Khudawadi already registered with postscriptFont().
2025-10-13 00:55:04,198 INFO Noto Sans Lepcha already registered with postscriptFont().
2025-10-13 00:55:04,198 INFO Noto Sans Limbu already registered with postscriptFont().
2025-10-13 00:55:04,198 INFO Noto Sans Linear A already registered with postscriptFont().
2025-10-13 00:55:04,198 INFO Noto Sans Linear B already registered with postscriptFont().
2025-10-13 00:55:04,198 INFO Noto Sans Lisu already registered with postscriptFont().
2025-10-13 00:55:04,198 INFO Noto Sans Lycian already registered with postscriptFont().
2025-10-13 00:55:04,198 INFO Noto Sans Lydian already registered with postscriptFont().
2025-10-13 00:55:04,198 INFO Noto Sans Mahajani already registered with postscriptFont().
2025-10-13 00:55:04,198 INFO Noto Sans Mandaic already registered with postscriptFont().
2025-10-13 00:55:04,198 INFO Noto Sans Manichaean already registered with postscriptFont().
2025-10-13 00:55:04,198 INFO Noto Sans Marchen already registered with postscriptFont().
2025-10-13 00:55:04,198 INFO Noto Sans MeeteiMayek already registered with postscriptFont().
2025-10-13 00:55:04,198 INFO Noto Sans Mende Kikakui already registered with postscriptFont().
2025-10-13 00:55:04,198 INFO Noto Sans Meroitic already registered with postscriptFont().
2025-10-13 00:55:04,198 INFO Noto Sans Miao already registered with postscriptFont().
2025-10-13 00:55:04,198 INFO Noto Sans Modi already registered with postscriptFont().
2025-10-13 00:55:04,198 INFO Noto Sans Mongolian already registered with postscriptFont().
2025-10-13 00:55:04,199 INFO Noto Sans Mro already registered with postscriptFont().
2025-10-13 00:55:04,199 INFO Noto Sans Multani already registered with postscriptFont().
2025-10-13 00:55:04,199 INFO Noto Sans Nabataean already registered with postscriptFont().
2025-10-13 00:55:04,199 INFO Noto Sans Newa already registered with postscriptFont().
2025-10-13 00:55:04,199 INFO Noto Sans NewTaiLue already registered with postscriptFont().
2025-10-13 00:55:04,199 INFO Noto Sans NKo already registered with postscriptFont().
2025-10-13 00:55:04,199 INFO Noto Sans Ol Chiki already registered with postscriptFont().
2025-10-13 00:55:04,199 INFO No regular (non-bold, non-italic) version of Noto Sans Old Italic. Skipping setup for this font.
2025-10-13 00:55:04,199 INFO Noto Sans Old Permic already registered with postscriptFont().
2025-10-13 00:55:04,199 INFO Noto Sans Old Turkic already registered with postscriptFont().
2025-10-13 00:55:04,199 INFO Noto Sans OldHung already registered with postscriptFont().
2025-10-13 00:55:04,199 INFO Noto Sans OldNorArab already registered with postscriptFont().
2025-10-13 00:55:04,199 INFO Noto Sans OldPersian already registered with postscriptFont().
2025-10-13 00:55:04,199 INFO Noto Sans OldSouArab already registered with postscriptFont().
2025-10-13 00:55:04,199 INFO Noto Sans Osage already registered with postscriptFont().
2025-10-13 00:55:04,199 INFO Noto Sans Osmanya already registered with postscriptFont().
2025-10-13 00:55:04,199 INFO Noto Sans Pahawh Hmong already registered with postscriptFont().
2025-10-13 00:55:04,199 INFO Noto Sans Palmyrene already registered with postscriptFont().
2025-10-13 00:55:04,199 INFO Noto Sans PauCinHau already registered with postscriptFont().
2025-10-13 00:55:04,199 INFO Noto Sans PhagsPa already registered with postscriptFont().
2025-10-13 00:55:04,199 INFO Noto Sans Phoenician already registered with postscriptFont().
2025-10-13 00:55:04,199 INFO Noto Sans PsaPahlavi already registered with postscriptFont().
2025-10-13 00:55:04,199 INFO Noto Sans Rejang already registered with postscriptFont().
2025-10-13 00:55:04,199 INFO Noto Sans Samaritan already registered with postscriptFont().
2025-10-13 00:55:04,199 INFO Noto Sans Saurashtra already registered with postscriptFont().
2025-10-13 00:55:04,199 INFO Noto Sans Sharada already registered with postscriptFont().
2025-10-13 00:55:04,199 INFO Noto Sans SoraSomp already registered with postscriptFont().
2025-10-13 00:55:04,199 INFO Noto Sans Sundanese already registered with postscriptFont().
2025-10-13 00:55:04,199 INFO Noto Sans Syloti Nagri already registered with postscriptFont().
2025-10-13 00:55:04,199 INFO Noto Sans Syriac already registered with postscriptFont().
2025-10-13 00:55:04,199 INFO Noto Sans Tagalog already registered with postscriptFont().
2025-10-13 00:55:04,199 INFO Noto Sans Tagbanwa already registered with postscriptFont().
2025-10-13 00:55:04,199 INFO Noto Sans Tai Le already registered with postscriptFont().
2025-10-13 00:55:04,199 INFO Noto Sans Tai Tham already registered with postscriptFont().
2025-10-13 00:55:04,199 INFO Noto Sans Tai Viet already registered with postscriptFont().
2025-10-13 00:55:04,199 INFO Noto Sans Takri already registered with postscriptFont().
2025-10-13 00:55:04,199 INFO Noto Sans Thaana already registered with postscriptFont().
2025-10-13 00:55:04,199 INFO Noto Sans Tirhuta already registered with postscriptFont().
2025-10-13 00:55:04,199 INFO Noto Sans Ugaritic already registered with postscriptFont().
2025-10-13 00:55:04,199 INFO Noto Sans Vai already registered with postscriptFont().
2025-10-13 00:55:04,199 INFO Noto Sans Wancho already registered with postscriptFont().
2025-10-13 00:55:04,199 INFO Noto Sans WarangCiti already registered with postscriptFont().
2025-10-13 00:55:04,199 INFO Noto Sans Yi already registered with postscriptFont().
2025-10-13 00:55:04,199 INFO Noto Serif Ahom already registered with postscriptFont().
2025-10-13 00:55:04,199 INFO Noto Serif Balinese already registered with postscriptFont().
2025-10-13 00:55:04,199 INFO Noto Serif Hmong Nyiakeng already registered with postscriptFont().
2025-10-13 00:55:04,199 INFO Party LET already registered with postscriptFont().
2025-10-13 00:55:04,199 INFO STIX Two Text already registered with postscriptFont().
2025-10-13 00:55:04,199 INFO System Font already registered with postscriptFont().
2025-10-13 00:55:04,199 INFO Tahoma already registered with postscriptFont().
2025-10-13 00:55:04,200 INFO Times New Roman already registered with postscriptFont().
2025-10-13 00:55:04,200 INFO Trattatello already registered with postscriptFont().
2025-10-13 00:55:04,200 INFO Trebuchet MS already registered with postscriptFont().
2025-10-13 00:55:04,200 INFO Verdana already registered with postscriptFont().
2025-10-13 00:55:04,200 INFO Webdings already registered with postscriptFont().
2025-10-13 00:55:04,200 INFO Wingdings already registered with postscriptFont().
2025-10-13 00:55:04,200 INFO Wingdings 2 already registered with postscriptFont().
2025-10-13 00:55:04,200 INFO Wingdings 3 already registered with postscriptFont().
2025-10-13 00:55:06,475 INFO [1] "DEBUG----------------------------------"
2025-10-13 00:55:06,476 INFO player_conditions: TRUE
2025-10-13 00:55:06,476 INFO player_stages: TRUE
2025-10-13 00:55:06,476 INFO stages: FALSE
2025-10-13 00:55:06,476 INFO task_instances: FALSE
2025-10-13 00:55:06,476 INFO offline_scoring: FALSE
2025-10-13 00:55:06,530 INFO Error in `left_join()`:
2025-10-13 00:55:06,530 INFO ! Join columns in `y` must be present in the data.
2025-10-13 00:55:06,530 INFO ✖ Problem with `playerId`.
2025-10-13 00:55:06,530 INFO Backtrace:
2025-10-13 00:55:06,530 INFO      ▆
2025-10-13 00:55:06,530 INFO   1. ├─base::source("raw_data_cleaning.R")
2025-10-13 00:55:06,530 INFO   2. │ ├─base::withVisible(eval(ei, envir))
2025-10-13 00:55:06,530 INFO   3. │ └─base::eval(ei, envir)
2025-10-13 00:55:06,530 INFO   4. │   └─base::eval(ei, envir)
2025-10-13 00:55:06,530 INFO   5. ├─dplyr::summarize(...)
2025-10-13 00:55:06,530 INFO   6. ├─dplyr::group_by(...)
2025-10-13 00:55:06,530 INFO   7. ├─dplyr::filter(...)
2025-10-13 00:55:06,530 INFO   8. ├─dplyr::filter(...)
2025-10-13 00:55:06,530 INFO   9. ├─base::unique(...)
2025-10-13 00:55:06,530 INFO  10. ├─dplyr::select(...)
2025-10-13 00:55:06,530 INFO  11. ├─dplyr::ungroup(...)
2025-10-13 00:55:06,530 INFO  12. ├─dplyr::mutate(...)
2025-10-13 00:55:06,530 INFO  13. ├─dplyr::group_by(...)
2025-10-13 00:55:06,530 INFO  14. ├─dplyr::filter(...)
2025-10-13 00:55:06,530 INFO  15. ├─dplyr::mutate(...)
2025-10-13 00:55:06,530 INFO  16. ├─dplyr::filter(...)
2025-10-13 00:55:06,530 INFO  17. ├─dplyr::left_join(...)
2025-10-13 00:55:06,530 INFO  18. └─dplyr:::left_join.data.frame(...)
2025-10-13 00:55:06,530 INFO  19.   └─dplyr:::join_mutate(...)
2025-10-13 00:55:06,531 INFO  20.     └─dplyr:::join_cols(...)
2025-10-13 00:55:06,531 INFO  21.       └─dplyr:::check_join_vars(by$y, y_names, by$condition, "y", error_call = error_call)
2025-10-13 00:55:06,531 INFO  22.         └─rlang::abort(bullets, call = error_call)
2025-10-13 00:55:06,532 INFO There were 11 warnings (use warnings() to see them)
2025-10-13 00:55:06,532 INFO Execution halted
2025-10-13 00:55:06,558 ERROR Error during group_advantage.raw_data_cleaning after 46.759 sec
Traceback (most recent call last):
  File "/Users/xehu/Desktop/task-mapping/analysis/run_master.py", line 414, in time_callable
    res = func()
  File "/Users/xehu/Desktop/task-mapping/analysis/run_master.py", line 552, in <lambda>
    results.append(time_callable('group_advantage.raw_data_cleaning', lambda: run_r_script(r_script_clean)))
  File "/Users/xehu/Desktop/task-mapping/analysis/run_master.py", line 355, in run_r_script
    raise RuntimeError(f'R script failed (exit {rc}): {r_path}')
RuntimeError: R script failed (exit 1): /Users/xehu/Desktop/task-mapping/analysis/analysis_group_advantage/raw_data_cleaning.R
